  3.1623001E+02  0.0000000E+00
  3.1695999E+02  0.0000000E+00
  3.1769000E+02  0.0000000E+00
  3.1842001E+02  0.0000000E+00
  3.1914999E+02  0.0000000E+00
  3.1989001E+02  0.0000000E+00
  3.2063000E+02  0.0000000E+00
  3.2137000E+02  0.0000000E+00
  3.2210999E+02  0.0000000E+00
  3.2285001E+02  0.0000000E+00
  3.2359000E+02  0.0000000E+00
  3.2434000E+02  0.0000000E+00
  3.2509000E+02  0.0000000E+00
  3.2584000E+02  0.0000000E+00
  3.2659000E+02  0.0000000E+00
  3.2734000E+02  0.0000000E+00
  3.2810001E+02  0.0000000E+00
  3.2885001E+02  0.0000000E+00
  3.2960999E+02  0.0000000E+00
  3.3037000E+02  0.0000000E+00
  3.3113000E+02  0.0000000E+00
  3.3189001E+02  0.0000000E+00
  3.3266000E+02  0.0000000E+00
  3.3342999E+02  0.0000000E+00
  3.3419000E+02  0.0000000E+00
  3.3497000E+02  0.0000000E+00
  3.3573999E+02  0.0000000E+00
  3.3651001E+02  0.0000000E+00
  3.3729001E+02  0.0000000E+00
  3.3806000E+02  0.0000000E+00
  3.3884000E+02  0.0000000E+00
  3.3963000E+02  0.0000000E+00
  3.4041000E+02  0.0000000E+00
  3.4119000E+02  0.0000000E+00
  3.4198001E+02  0.0000000E+00
  3.4276999E+02  0.0000000E+00
  3.4356000E+02  0.0000000E+00
  3.4435001E+02  0.0000000E+00
  3.4514001E+02  0.0000000E+00
  3.4594000E+02  0.0000000E+00
  3.4673999E+02  0.0000000E+00
  3.4754001E+02  0.0000000E+00
  3.4834000E+02  0.0000000E+00
  3.4914001E+02  0.0000000E+00
  3.4995001E+02  0.0000000E+00
  3.5075000E+02  0.0000000E+00
  3.5156000E+02  0.0000000E+00
  3.5237000E+02  0.0000000E+00
  3.5317999E+02  0.0000000E+00
  3.5400000E+02  0.0000000E+00
  3.5481000E+02  0.0000000E+00
  3.5563000E+02  0.0000000E+00
  3.5645001E+02  0.0000000E+00
  3.5726999E+02  0.0000000E+00
  3.5810001E+02  0.0000000E+00
  3.5892001E+02  0.0000000E+00
  3.5975000E+02  0.0000000E+00
  3.6057999E+02  0.0000000E+00
  3.6141000E+02  0.0000000E+00
  3.6223999E+02  0.0000000E+00
  3.6307999E+02  0.0000000E+00
  3.6392001E+02  0.0000000E+00
  3.6475000E+02  0.0000000E+00
  3.6559000E+02  0.0000000E+00
  3.6644000E+02  0.0000000E+00
  3.6728000E+02  0.0000000E+00
  3.6813000E+02  0.0000000E+00
  3.6898001E+02  0.0000000E+00
  3.6982999E+02  0.0000000E+00
  3.7067999E+02  0.0000000E+00
  3.7154001E+02  0.0000000E+00
  3.7239001E+02  0.0000000E+00
  3.7325000E+02  0.0000000E+00
  3.7410999E+02  0.0000000E+00
  3.7497000E+02  0.0000000E+00
  3.7584000E+02  0.0000000E+00
  3.7670001E+02  0.0000000E+00
  3.7757001E+02  0.0000000E+00
  3.7844000E+02  0.0000000E+00
  3.7931000E+02  0.0000000E+00
  3.8019000E+02  0.0000000E+00
  3.8107001E+02  0.0000000E+00
  3.8194000E+02  0.0000000E+00
  3.8282001E+02  0.0000000E+00
  3.8370999E+02  0.0000000E+00
  3.8459000E+02  0.0000000E+00
  3.8548001E+02  0.0000000E+00
  3.8637000E+02  0.0000000E+00
  3.8726001E+02  0.0000000E+00
  3.8814999E+02  0.0000000E+00
  3.8904999E+02  0.0000000E+00
  3.8994000E+02  0.0000000E+00
  3.9084000E+02  0.0000000E+00
  3.9173999E+02  0.0000000E+00
  3.9264999E+02  0.0000000E+00
  3.9354999E+02  0.0000000E+00
  3.9445999E+02  0.0000000E+00
  3.9537000E+02  0.0000000E+00
  3.9628000E+02  0.0000000E+00
  3.9719000E+02  0.0000000E+00
  3.9810999E+02  0.0000000E+00
  3.9901999E+02  0.0000000E+00
  3.9994000E+02  0.0000000E+00
  4.0087000E+02  0.0000000E+00
  4.0179001E+02  0.0000000E+00
  4.0272000E+02  0.0000000E+00
  4.0364999E+02  0.0000000E+00
  4.0457999E+02  0.0000000E+00
  4.0551001E+02  0.0000000E+00
  4.0644000E+02  0.0000000E+00
  4.0738000E+02  0.0000000E+00
  4.0832001E+02  0.0000000E+00
  4.0926001E+02  0.0000000E+00
  4.1020001E+02  0.0000000E+00
  4.1114999E+02  0.0000000E+00
  4.1210001E+02  0.0000000E+00
  4.1304999E+02  0.0000000E+00
  4.1400000E+02  0.0000000E+00
  4.1495001E+02  0.0000000E+00
  4.1591000E+02  0.0000000E+00
  4.1687000E+02  0.0000000E+00
  4.1782999E+02  0.0000000E+00
  4.1879001E+02  0.0000000E+00
  4.1976001E+02  0.0000000E+00
  4.2073001E+02  0.0000000E+00
  4.2170001E+02  0.0000000E+00
  4.2267001E+02  0.0000000E+00
  4.2364001E+02  0.0000000E+00
  4.2462000E+02  0.0000000E+00
  4.2560001E+02  0.0000000E+00
  4.2657999E+02  0.0000000E+00
  4.2756000E+02  0.0000000E+00
  4.2854999E+02  0.0000000E+00
  4.2954001E+02  0.0000000E+00
  4.3053000E+02  0.0000000E+00
  4.3151999E+02  0.0000000E+00
  4.3251001E+02  0.0000000E+00
  4.3351001E+02  0.0000000E+00
  4.3451001E+02  0.0000000E+00
  4.3551001E+02  0.0000000E+00
  4.3651999E+02  0.0000000E+00
  4.3751999E+02  0.0000000E+00
  4.3853000E+02  0.0000000E+00
  4.3954001E+02  0.0000000E+00
  4.4054999E+02  0.0000000E+00
  4.4157001E+02  0.0000000E+00
  4.4259000E+02  0.0000000E+00
  4.4360999E+02  0.0000000E+00
  4.4463000E+02  0.0000000E+00
  4.4566000E+02  0.0000000E+00
  4.4667999E+02  0.0000000E+00
  4.4770999E+02  0.0000000E+00
  4.4875000E+02  0.0000000E+00
  4.4978000E+02  0.0000000E+00
  4.5082001E+02  0.0000000E+00
  4.5185999E+02  0.0000000E+00
  4.5289999E+02  0.0000000E+00
  4.5394000E+02  0.0000000E+00
  4.5498999E+02  0.0000000E+00
  4.5604001E+02  0.0000000E+00
  4.5709000E+02  0.0000000E+00
  4.5814001E+02  0.0000000E+00
  4.5920001E+02  0.0000000E+00
  4.6026001E+02  0.0000000E+00
  4.6132001E+02  0.0000000E+00
  4.6238000E+02  0.0000000E+00
  4.6345001E+02  0.0000000E+00
  4.6451999E+02  0.0000000E+00
  4.6559000E+02  0.0000000E+00
  4.6666000E+02  0.0000000E+00
  4.6773999E+02  0.0000000E+00
  4.6881000E+02  0.0000000E+00
  4.6989001E+02  0.0000000E+00
  4.7098001E+02  0.0000000E+00
  4.7206000E+02  0.0000000E+00
  4.7314999E+02  0.0000000E+00
  4.7423999E+02  0.0000000E+00
  4.7534000E+02  0.0000000E+00
  4.7642999E+02  0.0000000E+00
  4.7753000E+02  0.0000000E+00
  4.7863000E+02  0.0000000E+00
  4.7973001E+02  0.0000000E+00
  4.8084000E+02  0.0000000E+00
  4.8195001E+02  0.0000000E+00
  4.8306000E+02  0.0000000E+00
  4.8417001E+02  0.0000000E+00
  4.8529001E+02  0.0000000E+00
  4.8641000E+02  0.0000000E+00
  4.8753000E+02  0.0000000E+00
  4.8864999E+02  0.0000000E+00
  4.8978000E+02  0.0000000E+00
  4.9091000E+02  0.0000000E+00
  4.9204001E+02  0.0000000E+00
  4.9317001E+02  0.0000000E+00
  4.9431000E+02  0.0000000E+00
  4.9545001E+02  0.0000000E+00
  4.9659000E+02  0.0000000E+00
  4.9773999E+02  0.0000000E+00
  4.9888000E+02  0.0000000E+00
  5.0003000E+02  0.0000000E+00
  5.0119000E+02  0.0000000E+00
  5.0234000E+02  0.0000000E+00
  5.0350000E+02  0.0000000E+00
  5.0466000E+02  0.0000000E+00
  5.0582001E+02  0.0000000E+00
  5.0698999E+02  0.0000000E+00
  5.0816000E+02  0.0000000E+00
  5.0932999E+02  0.0000000E+00
  5.1050000E+02  0.0000000E+00
  5.1167999E+02  0.0000000E+00
  5.1285999E+02  0.0000000E+00
  5.1403998E+02  0.0000000E+00
  5.1522998E+02  0.0000000E+00
  5.1641998E+02  0.0000000E+00
  5.1760999E+02  0.0000000E+00
  5.1879999E+02  0.0000000E+00
  5.2000000E+02  0.0000000E+00
  5.2119000E+02  0.0000000E+00
  5.2240002E+02  0.0000000E+00
  5.2359998E+02  0.0000000E+00
  5.2481000E+02  0.0000000E+00
  5.2602002E+02  0.0000000E+00
  5.2722998E+02  0.0000000E+00
  5.2845001E+02  0.0000000E+00
  5.2965997E+02  0.0000000E+00
  5.3088000E+02  0.0000000E+00
  5.3210999E+02  0.0000000E+00
  5.3333002E+02  0.0000000E+00
  5.3456000E+02  0.0000000E+00
  5.3579999E+02  0.0000000E+00
  5.3703003E+02  0.0000000E+00
  5.3827002E+02  0.0000000E+00
  5.3951001E+02  0.0000000E+00
  5.4075000E+02  0.0000000E+00
  5.4200000E+02  0.0000000E+00
  5.4325000E+02  0.0000000E+00
  5.4450000E+02  0.0000000E+00
  5.4576001E+02  0.0000000E+00
  5.4702002E+02  0.0000000E+00
  5.4828003E+02  0.0000000E+00
  5.4953998E+02  0.0000000E+00
  5.5081000E+02  0.0000000E+00
  5.5208002E+02  0.0000000E+00
  5.5334998E+02  0.0000000E+00
  5.5463000E+02  0.0000000E+00
  5.5590002E+02  0.0000000E+00
  5.5719000E+02  0.0000000E+00
  5.5846997E+02  0.0000000E+00
  5.5976001E+02  0.0000000E+00
  5.6104999E+02  0.0000000E+00
  5.6234003E+02  0.0000000E+00
  5.6364001E+02  0.0000000E+00
  5.6494000E+02  0.0000000E+00
  5.6623999E+02  0.0000000E+00
  5.6753998E+02  0.0000000E+00
  5.6884998E+02  0.0000000E+00
  5.7015997E+02  0.0000000E+00
  5.7147998E+02  0.0000000E+00
  5.7279999E+02  0.0000000E+00
  5.7412000E+02  0.0000000E+00
  5.7544000E+02  0.0000000E+00
  5.7677002E+02  0.0000000E+00
  5.7809998E+02  0.0000000E+00
  5.7942999E+02  0.0000000E+00
  5.8076001E+02  0.0000000E+00
  5.8209998E+02  0.0000000E+00
  5.8345001E+02  0.0000000E+00
  5.8478998E+02  0.0000000E+00
  5.8614001E+02  0.0000000E+00
  5.8748999E+02  0.0000000E+00
  5.8884003E+02  0.0000000E+00
  5.9020001E+02  0.0000000E+00
  5.9156000E+02  0.0000000E+00
  5.9292999E+02  0.0000000E+00
  5.9428998E+02  0.0000000E+00
  5.9565997E+02  0.0000000E+00
  5.9703998E+02  0.0000000E+00
  5.9840997E+02  0.0000000E+00
  5.9978998E+02  0.0000000E+00
  6.0116998E+02  0.0000000E+00
  6.0256000E+02  0.0000000E+00
  6.0395001E+02  0.0000000E+00
  6.0534003E+02  0.0000000E+00
  6.0673999E+02  0.0000000E+00
  6.0813000E+02  0.0000000E+00
  6.0953998E+02  0.0000000E+00
  6.1094000E+02  0.0000000E+00
  6.1234998E+02  0.0000000E+00
  6.1376001E+02  0.0000000E+00
  6.1517999E+02  0.0000000E+00
  6.1659003E+02  0.0000000E+00
  6.1802002E+02  0.0000000E+00
  6.1944000E+02  0.0000000E+00
  6.2087000E+02  0.0000000E+00
  6.2229999E+02  0.0000000E+00
  6.2372998E+02  0.0000000E+00
  6.2516998E+02  0.0000000E+00
  6.2660999E+02  0.0000000E+00
  6.2806000E+02  0.0000000E+00
  6.2951001E+02  0.0000000E+00
  6.3096002E+02  0.0000000E+00
  6.3240997E+02  0.0000000E+00
  6.3387000E+02  0.0000000E+00
  6.3533002E+02  0.0000000E+00
  6.3679999E+02  0.0000000E+00
  6.3826001E+02  0.0000000E+00
  6.3972998E+02  0.0000000E+00
  6.4121002E+02  0.0000000E+00
  6.4269000E+02  0.0000000E+00
  6.4416998E+02  0.0000000E+00
  6.4565002E+02  0.0000000E+00
  6.4714001E+02  0.0000000E+00
  6.4863000E+02  0.0000000E+00
  6.5013000E+02  0.0000000E+00
  6.5163000E+02  0.0000000E+00
  6.5313000E+02  0.0000000E+00
  6.5464001E+02  0.0000000E+00
  6.5615002E+02  0.0000000E+00
  6.5765997E+02  0.0000000E+00
  6.5916998E+02  0.0000000E+00
  6.6069000E+02  0.0000000E+00
  6.6221997E+02  0.0000000E+00
  6.6373999E+02  0.0000000E+00
  6.6527002E+02  0.0000000E+00
  6.6681000E+02  0.0000000E+00
  6.6834003E+02  0.0000000E+00
  6.6988000E+02  0.0000000E+00
  6.7142999E+02  0.0000000E+00
  6.7297998E+02  0.0000000E+00
  6.7453003E+02  0.0000000E+00
  6.7608002E+02  0.0000000E+00
  6.7764001E+02  0.0000000E+00
  6.7920001E+02  0.0000000E+00
  6.8077002E+02  0.0000000E+00
  6.8234003E+02  0.0000000E+00
  6.8390997E+02  0.0000000E+00
  6.8548999E+02  0.0000000E+00
  6.8707001E+02  0.0000000E+00
  6.8865002E+02  0.0000000E+00
  6.9023999E+02  0.0000000E+00
  6.9183002E+02  0.0000000E+00
  6.9342999E+02  0.0000000E+00
  6.9502002E+02  0.0000000E+00
  6.9663000E+02  0.0000000E+00
  6.9822998E+02  0.0000000E+00
  6.9984003E+02  0.0000000E+00
  7.0146002E+02  0.0000000E+00
  7.0307001E+02  0.0000000E+00
  7.0469000E+02  0.0000000E+00
  7.0632001E+02  0.0000000E+00
  7.0795001E+02  0.0000000E+00
  7.0958002E+02  0.0000000E+00
  7.1121002E+02  0.0000000E+00
  7.1284998E+02  0.0000000E+00
  7.1450000E+02  0.0000000E+00
  7.1614001E+02  0.0000000E+00
  7.1778998E+02  0.0000000E+00
  7.1945001E+02  0.0000000E+00
  7.2110999E+02  0.0000000E+00
  7.2277002E+02  0.0000000E+00
  7.2444000E+02  0.0000000E+00
  7.2610999E+02  0.0000000E+00
  7.2778003E+02  0.0000000E+00
  7.2946002E+02  0.0000000E+00
  7.3114001E+02  0.0000000E+00
  7.3282001E+02  0.0000000E+00
  7.3451001E+02  0.0000000E+00
  7.3621002E+02  0.0000000E+00
  7.3790002E+02  0.0000000E+00
  7.3960999E+02  0.0000000E+00
  7.4131000E+02  0.0000000E+00
  7.4302002E+02  0.0000000E+00
  7.4472998E+02  0.0000000E+00
  7.4645001E+02  0.0000000E+00
  7.4816998E+02  0.0000000E+00
  7.4989001E+02  0.0000000E+00
  7.5162000E+02  0.0000000E+00
  7.5335999E+02  0.0000000E+00
  7.5509003E+02  0.0000000E+00
  7.5683002E+02  0.0000000E+00
  7.5858002E+02  0.0000000E+00
  7.6033002E+02  0.0000000E+00
  7.6208002E+02  0.0000000E+00
  7.6384003E+02  0.0000000E+00
  7.6559998E+02  0.0000000E+00
  7.6735999E+02  0.0000000E+00
  7.6913000E+02  0.0000000E+00
  7.7090002E+02  0.0000000E+00
  7.7267999E+02  0.0000000E+00
  7.7446002E+02  0.0000000E+00
  7.7625000E+02  0.0000000E+00
  7.7803998E+02  0.0000000E+00
  7.7983002E+02  0.0000000E+00
  7.8163000E+02  0.0000000E+00
  7.8342999E+02  0.0000000E+00
  7.8523999E+02  0.0000000E+00
  7.8704999E+02  0.0000000E+00
  7.8885999E+02  0.0000000E+00
  7.9067999E+02  0.0000000E+00
  7.9250000E+02  0.0000000E+00
  7.9433002E+02  0.0000000E+00
  7.9615997E+02  0.0000000E+00
  7.9798999E+02  0.0000000E+00
  7.9983002E+02  0.0000000E+00
  8.0167999E+02  0.0000000E+00
  8.0353003E+02  0.0000000E+00
  8.0538000E+02  0.0000000E+00
  8.0723999E+02  0.0000000E+00
  8.0909998E+02  0.0000000E+00
  8.1096002E+02  0.0000000E+00
  8.1283002E+02  0.0000000E+00
  8.1470001E+02  0.0000000E+00
  8.1658002E+02  0.0000000E+00
  8.1846002E+02  0.0000000E+00
  8.2034998E+02  0.0000000E+00
  8.2223999E+02  0.0000000E+00
  8.2414001E+02  0.0000000E+00
  8.2603998E+02  0.0000000E+00
  8.2794000E+02  0.0000000E+00
  8.2984998E+02  0.0000000E+00
  8.3176001E+02  0.0000000E+00
  8.3367999E+02  0.0000000E+00
  8.3559998E+02  0.0000000E+00
  8.3753003E+02  0.0000000E+00
  8.3946002E+02  0.0000000E+00
  8.4140002E+02  0.0000000E+00
  8.4333002E+02  0.0000000E+00
  8.4528003E+02  0.0000000E+00
  8.4722998E+02  0.0000000E+00
  8.4917999E+02  0.0000000E+00
  8.5114001E+02  0.0000000E+00
  8.5309998E+02  0.0000000E+00
  8.5507001E+02  0.0000000E+00
  8.5703998E+02  0.0000000E+00
  8.5901001E+02  0.0000000E+00
  8.6098999E+02  0.0000000E+00
  8.6297998E+02  0.0000000E+00
  8.6496997E+02  0.0000000E+00
  8.6696002E+02  0.0000000E+00
  8.6896002E+02  0.0000000E+00
  8.7096002E+02  0.0000000E+00
  8.7296997E+02  0.0000000E+00
  8.7497998E+02  0.0000000E+00
  8.7700000E+02  0.0000000E+00
  8.7902002E+02  0.0000000E+00
  8.8104999E+02  0.0000000E+00
  8.8308002E+02  0.0000000E+00
  8.8512000E+02  0.0000000E+00
  8.8715997E+02  0.0000000E+00
  8.8920001E+02  0.0000000E+00
  8.9125000E+02  0.0000000E+00
  8.9331000E+02  0.0000000E+00
  8.9535999E+02  0.0000000E+00
  8.9742999E+02  0.0000000E+00
  8.9950000E+02  0.0000000E+00
  9.0157001E+02  1.6403004E-05
  9.0365002E+02  1.6302494E-05
  9.0572998E+02  1.6202404E-05
  9.0782001E+02  1.6102593E-05
  9.0990997E+02  1.6003274E-05
  9.1201001E+02  1.5904481E-05
  9.1410999E+02  1.5806296E-05
  9.1621997E+02  1.6205981E-05
  9.1833002E+02  1.6963708E-05
  9.2045001E+02  1.7715774E-05
  9.2257001E+02  1.8462506E-05
  9.2470001E+02  1.9204095E-05
  9.2683002E+02  1.9841980E-05
  9.2896997E+02  2.0471991E-05
  9.3110999E+02  2.1098596E-05
  9.3325000E+02  2.1720709E-05
  9.3540997E+02  2.2299309E-05
  9.3756000E+02  2.2706397E-05
  9.3971997E+02  2.3110590E-05
  9.4189001E+02  2.3511699E-05
  9.4406000E+02  2.3909713E-05
  9.4623999E+02  2.4180208E-05
  9.4841998E+02  2.4354302E-05
  9.5059998E+02  2.4526795E-05
  9.5279999E+02  2.4697907E-05
  9.5498999E+02  2.4867590E-05
  9.5719000E+02  2.4900184E-05
  9.5940002E+02  2.4931891E-05
  9.6160999E+02  2.4963199E-05
  9.6383002E+02  2.4993888E-05
  9.6604999E+02  2.4207888E-05
  9.6828003E+02  2.2518801E-05
  9.7051001E+02  2.0841602E-05
  9.7275000E+02  1.9175799E-05
  9.7498999E+02  1.7520691E-05
  9.7723999E+02  1.8365501E-05
  9.7948999E+02  1.9215591E-05
  9.8175000E+02  2.0059693E-05
  9.8401001E+02  2.0897902E-05
  9.8628003E+02  2.1163372E-05
  9.8854999E+02  2.0989999E-05
  9.9083002E+02  2.0817497E-05
  9.9312000E+02  2.0646004E-05
  9.9540997E+02  2.0570793E-05
  9.9770001E+02  2.0937498E-05
  1.0000000E+03  2.1301497E-05
  1.0023100E+03  2.1662692E-05
  1.0046200E+03  2.2021208E-05
  1.0069300E+03  2.2118596E-05
  1.0092500E+03  2.2163595E-05
  1.0115800E+03  2.2208098E-05
  1.0139100E+03  2.2252081E-05
  1.0162500E+03  2.1989195E-05
  1.0185900E+03  2.1408110E-05
  1.0209400E+03  2.0830599E-05
  1.0232900E+03  2.0257008E-05
  1.0256500E+03  1.9919493E-05
  1.0280200E+03  2.0191303E-05
  1.0303900E+03  2.0460800E-05
  1.0327600E+03  2.0728410E-05
  1.0351400E+03  2.1016103E-05
  1.0375300E+03  2.1653110E-05
  1.0399200E+03  2.2285309E-05
  1.0423199E+03  2.2912909E-05
  1.0447200E+03  2.3536106E-05
  1.0471300E+03  2.3506511E-05
  1.0495400E+03  2.3391864E-05
  1.0519600E+03  2.3277800E-05
  1.0543900E+03  2.3164293E-05
  1.0568199E+03  2.2854067E-05
  1.0592500E+03  2.2479375E-05
  1.0617000E+03  2.2106991E-05
  1.0641400E+03  2.1736909E-05
  1.0666000E+03  2.1802400E-05
  1.0690500E+03  2.2099297E-05
  1.0715200E+03  2.2393893E-05
  1.0739900E+03  2.2686188E-05
  1.0764700E+03  2.2631804E-05
  1.0789500E+03  2.2340308E-05
  1.0814301E+03  2.2050701E-05
  1.0839301E+03  2.1762795E-05
  1.0864301E+03  2.1879305E-05
  1.0889301E+03  2.2297203E-05
  1.0914399E+03  2.2711909E-05
  1.0939600E+03  2.3123712E-05
  1.0964800E+03  2.4251012E-05
  1.0990100E+03  2.5876594E-05
  1.1015400E+03  2.7491111E-05
  1.1040800E+03  2.9093799E-05
  1.1066200E+03  3.0127585E-05
  1.1091801E+03  3.0829906E-05
  1.1117300E+03  3.1410415E-05
  1.1142900E+03  3.1986710E-05
  1.1168600E+03  3.1811313E-05
  1.1194399E+03  3.1354386E-05
  1.1220200E+03  3.0900290E-05
  1.1246000E+03  3.0449095E-05
  1.1272000E+03  3.0594903E-05
  1.1298000E+03  3.0845989E-05
  1.1324000E+03  3.1095067E-05
  1.1350100E+03  3.1336353E-05
  1.1376300E+03  3.0205687E-05
  1.1402500E+03  2.9082461E-05
  1.1428800E+03  2.7966715E-05
  1.1455100E+03  2.6879397E-05
  1.1481500E+03  2.5887393E-05
  1.1508000E+03  2.4901989E-05
  1.1534500E+03  2.3922896E-05
  1.1561100E+03  2.3018512E-05
  1.1587800E+03  2.2214195E-05
  1.1614500E+03  2.1415068E-05
  1.1641300E+03  2.0621401E-05
  1.1668101E+03  1.9398574E-05
  1.1695000E+03  1.7974302E-05
  1.1722000E+03  1.6559894E-05
  1.1749000E+03  1.5155096E-05
  1.1776100E+03  1.5563908E-05
  1.1803199E+03  1.6040691E-05
  1.1830400E+03  1.6513903E-05
  1.1857700E+03  1.6731599E-05
  1.1885000E+03  1.6306702E-05
  1.1912400E+03  1.5884498E-05
  1.1939900E+03  1.5465193E-05
  1.1967400E+03  1.5050909E-05
  1.1995000E+03  1.4641000E-05
  1.2022600E+03  1.4233704E-05
  1.2050400E+03  1.3830098E-05
  1.2078101E+03  1.3509197E-05
  1.2106000E+03  1.3190396E-05
  1.2133900E+03  1.2879586E-05
  1.2161899E+03  1.2955094E-05
  1.2189900E+03  1.3501694E-05
  1.2218000E+03  1.4044406E-05
  1.2246200E+03  1.4583307E-05
  1.2274399E+03  1.4905008E-05
  1.2302700E+03  1.5190896E-05
  1.2331000E+03  1.5474603E-05
  1.2359500E+03  1.5684695E-05
  1.2388000E+03  1.5750496E-05
  1.2416500E+03  1.5815602E-05
  1.2445100E+03  1.5880192E-05
  1.2473800E+03  1.5993806E-05
  1.2502600E+03  1.6116603E-05
  1.2531400E+03  1.6238397E-05
  1.2560300E+03  1.6464495E-05
  1.2589301E+03  1.6878303E-05
  1.2618300E+03  1.7289180E-05
  1.2647400E+03  1.7696995E-05
  1.2676500E+03  1.9183000E-05
  1.2705699E+03  2.0765996E-05
  1.2735000E+03  2.2338099E-05
  1.2764399E+03  2.4373590E-05
  1.2793800E+03  2.6887808E-05
  1.2823300E+03  2.9384912E-05
  1.2852900E+03  3.1849686E-05
  1.2882500E+03  3.4164088E-05
  1.2912200E+03  3.6462803E-05
  1.2942000E+03  3.8744591E-05
  1.2971801E+03  4.0743809E-05
  1.3001700E+03  4.2630480E-05
  1.3031700E+03  4.4504326E-05
  1.3061700E+03  4.7521680E-05
  1.3091801E+03  5.2326293E-05
  1.3122000E+03  5.7098248E-05
  1.3152200E+03  6.1759230E-05
  1.3182600E+03  6.5434084E-05
  1.3213000E+03  6.9084068E-05
  1.3243400E+03  7.2707298E-05
  1.3273900E+03  7.5512333E-05
  1.3304500E+03  7.8022786E-05
  1.3335200E+03  8.0514619E-05
  1.3366000E+03  8.4137799E-05
  1.3396801E+03  8.8797940E-05
  1.3427700E+03  9.3426162E-05
  1.3458600E+03  9.6832155E-05
  1.3489600E+03  9.7133401E-05
  1.3520699E+03  9.7431621E-05
  1.3551899E+03  9.7836615E-05
  1.3583101E+03  9.9933706E-05
  1.3614399E+03  1.0201575E-04
  1.3645800E+03  1.0408196E-04
  1.3677300E+03  1.0700966E-04
  1.3708800E+03  1.1004980E-04
  1.3740400E+03  1.1306862E-04
  1.3772100E+03  1.1498881E-04
  1.3803800E+03  1.1642902E-04
  1.3835699E+03  1.1785867E-04
  1.3867600E+03  1.1982508E-04
  1.3899500E+03  1.2222327E-04
  1.3931600E+03  1.2460427E-04
  1.3963700E+03  1.2616449E-04
  1.3995900E+03  1.2663440E-04
  1.4028101E+03  1.2709992E-04
  1.4060500E+03  1.2819120E-04
  1.4092900E+03  1.3058653E-04
  1.4125400E+03  1.3296405E-04
  1.4157900E+03  1.3491625E-04
  1.4190601E+03  1.3559045E-04
  1.4223300E+03  1.3625844E-04
  1.4256100E+03  1.3650401E-04
  1.4288900E+03  1.3491980E-04
  1.4321899E+03  1.3334512E-04
  1.4354900E+03  1.3307585E-04
  1.4388000E+03  1.4023558E-04
  1.4421200E+03  5.9315190E-04
  1.4454399E+03  5.9315190E-04
  1.4487700E+03  5.9315190E-04
  1.4521100E+03  5.9315190E-04
  1.4554600E+03  5.9315190E-04
  1.4588101E+03  5.9315190E-04
  1.4621801E+03  5.9315190E-04
  1.4655500E+03  5.9315190E-04
  1.4689301E+03  5.9315190E-04
  1.4723101E+03  5.9315190E-04
  1.4757100E+03  5.9315190E-04
  1.4791100E+03  5.7226658E-04
  1.4825200E+03  5.7226658E-04
  1.4859399E+03  5.7226658E-04
  1.4893600E+03  5.7226658E-04
  1.4927900E+03  5.3157401E-04
  1.4962400E+03  5.3157401E-04
  1.4996801E+03  5.3157401E-04
  1.5031400E+03  5.3157401E-04
  1.5066100E+03  5.3157401E-04
  1.5100800E+03  3.7872550E-04
  1.5135601E+03  3.7872550E-04
  1.5170500E+03  3.7872550E-04
  1.5205500E+03  3.7872550E-04
  1.5240500E+03  3.7872550E-04
  1.5275699E+03  1.6480936E-04
  1.5310900E+03  1.6447630E-04
  1.5346200E+03  1.6414390E-04
  1.5381500E+03  1.6691654E-04
  1.5417000E+03  1.7004416E-04
  1.5452500E+03  1.7290347E-04
  1.5488199E+03  1.7256569E-04
  1.5523900E+03  1.7222848E-04
  1.5559700E+03  1.7082965E-04
  1.5595500E+03  1.6656988E-04
  1.5631500E+03  1.6233682E-04
  1.5667500E+03  1.6426785E-04
  1.5703600E+03  1.7266016E-04
  1.5739800E+03  1.8099470E-04
  1.5776100E+03  1.9245985E-04
  1.5812500E+03  1.9245985E-04
  1.5848900E+03  1.9245985E-04
  1.5885500E+03  1.9245985E-04
  1.5922100E+03  1.9245985E-04
  1.5958800E+03  1.9245985E-04
  1.5995601E+03  1.9245985E-04
  1.6032500E+03  1.9245985E-04
  1.6069399E+03  1.9245985E-04
  1.6106500E+03  1.9245985E-04
  1.6143600E+03  1.9245985E-04
  1.6180800E+03  1.9245985E-04
  1.6218101E+03  1.9245985E-04
  1.6255500E+03  1.9245985E-04
  1.6293000E+03  1.9245985E-04
  1.6330500E+03  1.9245985E-04
  1.6368199E+03  1.9245985E-04
  1.6405900E+03  1.9245985E-04
  1.6443700E+03  6.1192317E-04
  1.6481600E+03  6.1192317E-04
  1.6519600E+03  6.1192317E-04
  1.6557700E+03  6.1192317E-04
  1.6595900E+03  6.1192317E-04
  1.6634100E+03  6.1192317E-04
  1.6672500E+03  6.1192317E-04
  1.6710900E+03  6.1192317E-04
  1.6749399E+03  6.1192317E-04
  1.6788000E+03  2.9723826E-04
  1.6826700E+03  3.0539546E-04
  1.6865500E+03  6.6434353E-04
  1.6904399E+03  7.3576038E-04
  1.6943400E+03  6.8295986E-04
  1.6982400E+03  6.8295986E-04
  1.7021600E+03  6.8295986E-04
  1.7060800E+03  6.8295986E-04
  1.7100200E+03  7.3576038E-04
  1.7139600E+03  7.3576038E-04
  1.7179100E+03  7.3576038E-04
  1.7218700E+03  7.3576038E-04
  1.7258400E+03  7.3576038E-04
  1.7298199E+03  8.0947398E-04
  1.7338000E+03  8.0947398E-04
  1.7378000E+03  8.0947398E-04
  1.7418101E+03  8.0947398E-04
  1.7458199E+03  7.3894608E-04
  1.7498500E+03  7.3894608E-04
  1.7538800E+03  7.3894608E-04
  1.7579200E+03  7.3894608E-04
  1.7619800E+03  7.3894608E-04
  1.7660400E+03  8.0947398E-04
  1.7701100E+03  8.0947398E-04
  1.7741899E+03  7.3894608E-04
  1.7782800E+03  7.3894608E-04
  1.7823800E+03  7.3894608E-04
  1.7864900E+03  7.3894608E-04
  1.7906100E+03  8.0947398E-04
  1.7947300E+03  8.0947398E-04
  1.7988700E+03  8.0947398E-04
  1.8030200E+03  8.0947398E-04
  1.8071700E+03  8.0947398E-04
  1.8113400E+03  8.0947398E-04
  1.8155200E+03  8.0947398E-04
  1.8197000E+03  8.0947398E-04
  1.8239000E+03  7.7506946E-04
  1.8281000E+03  7.7506946E-04
  1.8323101E+03  9.2612894E-04
  1.8365400E+03  9.2612894E-04
  1.8407700E+03  9.2612894E-04
  1.8450200E+03  9.6496404E-04
  1.8492700E+03  9.8739599E-04
  1.8535300E+03  9.8739599E-04
  1.8578000E+03  9.8739599E-04
  1.8620900E+03  9.9237857E-04
  1.8663800E+03  9.8739599E-04
  1.8706801E+03  9.8739599E-04
  1.8749900E+03  1.0167414E-03
  1.8793199E+03  1.0164540E-03
  1.8836500E+03  1.0164540E-03
  1.8879900E+03  1.0126737E-03
  1.8923400E+03  1.0126737E-03
  1.8967100E+03  1.0164540E-03
  1.9010800E+03  1.0126737E-03
  1.9054600E+03  1.0164540E-03
  1.9098500E+03  1.0167414E-03
  1.9142600E+03  1.0167414E-03
  1.9186700E+03  1.0167414E-03
  1.9230900E+03  1.0167414E-03
  1.9275200E+03  1.0167414E-03
  1.9319700E+03  1.0126737E-03
  1.9364200E+03  1.0126737E-03
  1.9408900E+03  1.0082416E-03
  1.9453600E+03  1.0082416E-03
  1.9498400E+03  9.7922643E-04
  1.9543400E+03  9.7308727E-04
  1.9588400E+03  9.6825196E-04
  1.9633600E+03  9.4855751E-04
  1.9678900E+03  9.6633495E-04
  1.9724200E+03  9.6633495E-04
  1.9769700E+03  9.6633495E-04
  1.9815300E+03  9.6633495E-04
  1.9860900E+03  9.4855751E-04
  1.9906700E+03  9.4855751E-04
  1.9952600E+03  9.4855751E-04
  1.9998600E+03  9.4855751E-04
  2.0044700E+03  9.4855751E-04
  2.0090900E+03  9.4855751E-04
  2.0137200E+03  9.4855751E-04
  2.0183700E+03  9.3741505E-04
  2.0230200E+03  9.4855751E-04
  2.0276801E+03  9.4855751E-04
  2.0323600E+03  9.4855751E-04
  2.0370400E+03  9.4855751E-04
  2.0417400E+03  9.4855751E-04
  2.0464399E+03  9.0835633E-04
  2.0511599E+03  9.9296065E-04
  2.0558899E+03  1.0421695E-03
  2.0606299E+03  1.0340593E-03
  2.0653799E+03  1.0421695E-03
  2.0701399E+03  1.0340593E-03
  2.0749099E+03  1.0340593E-03
  2.0797000E+03  1.0340593E-03
  2.0844900E+03  1.0340593E-03
  2.0893000E+03  1.0456900E-03
  2.0941101E+03  1.0421695E-03
  2.0989399E+03  1.0340593E-03
  2.1037800E+03  1.0340593E-03
  2.1086299E+03  1.0196659E-03
  2.1134900E+03  1.0260538E-03
  2.1183601E+03  1.0260538E-03
  2.1232400E+03  1.0260538E-03
  2.1281399E+03  1.0260538E-03
  2.1330400E+03  1.0196659E-03
  2.1379600E+03  1.0185252E-03
  2.1428899E+03  1.0185252E-03
  2.1478301E+03  9.7547274E-04
  2.1527800E+03  9.7547274E-04
  2.1577400E+03  9.7547274E-04
  2.1627200E+03  9.7547274E-04
  2.1677000E+03  1.0185252E-03
  2.1727000E+03  1.0260538E-03
  2.1777100E+03  1.0185252E-03
  2.1827300E+03  1.0260538E-03
  2.1877600E+03  1.0185252E-03
  2.1928000E+03  1.0159245E-03
  2.1978601E+03  1.0185252E-03
  2.2029299E+03  1.0185252E-03
  2.2080000E+03  1.0159245E-03
  2.2130901E+03  1.0159245E-03
  2.2182000E+03  1.0185252E-03
  2.2233101E+03  1.0388057E-03
  2.2284399E+03  1.0354663E-03
  2.2335701E+03  1.0388057E-03
  2.2387200E+03  1.0388057E-03
  2.2438799E+03  1.0388057E-03
  2.2490500E+03  1.0388057E-03
  2.2542400E+03  1.0388057E-03
  2.2594399E+03  1.0388057E-03
  2.2646399E+03  1.0445053E-03
  2.2698601E+03  1.0445053E-03
  2.2751001E+03  1.0445053E-03
  2.2803401E+03  1.0445053E-03
  2.2856001E+03  1.0445053E-03
  2.2908701E+03  1.0717587E-03
  2.2961499E+03  1.0717587E-03
  2.3014399E+03  1.0445053E-03
  2.3067500E+03  1.0445053E-03
  2.3120601E+03  1.0770583E-03
  2.3173899E+03  1.0810550E-03
  2.3227400E+03  1.0770583E-03
  2.3280901E+03  1.0770583E-03
  2.3334600E+03  1.0770583E-03
  2.3388401E+03  1.0810550E-03
  2.3442300E+03  1.0810550E-03
  2.3496299E+03  1.0810550E-03
  2.3550500E+03  1.0810550E-03
  2.3604800E+03  1.0810550E-03
  2.3659199E+03  1.0436707E-03
  2.3713701E+03  1.0770583E-03
  2.3768401E+03  1.0436707E-03
  2.3823201E+03  1.0169467E-03
  2.3878101E+03  1.0770583E-03
  2.3933201E+03  1.0770583E-03
  2.3988301E+03  1.0810550E-03
  2.4043601E+03  1.1018957E-03
  2.4099099E+03  1.0860268E-03
  2.4154600E+03  1.1018957E-03
  2.4210300E+03  1.1236222E-03
  2.4266101E+03  1.1049166E-03
  2.4322000E+03  1.1018957E-03
  2.4378101E+03  1.1049166E-03
  2.4434299E+03  1.0977864E-03
  2.4490601E+03  1.1049166E-03
  2.4547100E+03  1.1236222E-03
  2.4603701E+03  1.1236222E-03
  2.4660400E+03  1.1236222E-03
  2.4717200E+03  1.1018957E-03
  2.4774199E+03  1.1236222E-03
  2.4831299E+03  1.1018957E-03
  2.4888601E+03  1.1236222E-03
  2.4945901E+03  1.1251388E-03
  2.5003501E+03  1.1018957E-03
  2.5061101E+03  1.0977864E-03
  2.5118899E+03  1.1437271E-03
  2.5176799E+03  1.1591048E-03
  2.5234800E+03  1.1591048E-03
  2.5293000E+03  1.1733600E-03
  2.5351299E+03  1.1898328E-03
  2.5409700E+03  1.1898328E-03
  2.5468301E+03  1.1733600E-03
  2.5527000E+03  1.1591048E-03
  2.5585901E+03  1.1591048E-03
  2.5644800E+03  1.1591048E-03
  2.5703899E+03  1.1733600E-03
  2.5763201E+03  1.1733600E-03
  2.5822600E+03  1.1898328E-03
  2.5882100E+03  1.1898328E-03
  2.5941799E+03  1.1898328E-03
  2.6001599E+03  1.1953992E-03
  2.6061499E+03  1.1953992E-03
  2.6121599E+03  1.1953992E-03
  2.6181799E+03  1.2603725E-03
  2.6242200E+03  1.2743522E-03
  2.6302700E+03  1.3205198E-03
  2.6363301E+03  1.3205198E-03
  2.6424099E+03  1.3539779E-03
  2.6485000E+03  1.3539779E-03
  2.6546101E+03  1.3770346E-03
  2.6607200E+03  1.3983489E-03
  2.6668601E+03  1.4015407E-03
  2.6730100E+03  1.4015407E-03
  2.6791699E+03  1.3983489E-03
  2.6853401E+03  1.3983489E-03
  2.6915300E+03  1.4015407E-03
  2.6977400E+03  1.4045994E-03
  2.7039600E+03  1.4063440E-03
  2.7101899E+03  1.4015407E-03
  2.7164399E+03  1.4063440E-03
  2.7227000E+03  1.4216430E-03
  2.7289800E+03  1.4277106E-03
  2.7352700E+03  1.4277106E-03
  2.7415701E+03  1.4646917E-03
  2.7478899E+03  1.4653053E-03
  2.7542300E+03  1.4646917E-03
  2.7605801E+03  1.4770412E-03
  2.7669399E+03  1.4653053E-03
  2.7733201E+03  1.4653053E-03
  2.7797100E+03  1.4776583E-03
  2.7861201E+03  1.5429602E-03
  2.7925400E+03  1.6449363E-03
  2.7989800E+03  1.6971682E-03
  2.8054299E+03  1.6971682E-03
  2.8118999E+03  1.7122268E-03
  2.8183799E+03  1.7122268E-03
  2.8248799E+03  1.7117173E-03
  2.8313899E+03  1.7117173E-03
  2.8379199E+03  1.6971682E-03
  2.8444600E+03  1.6971682E-03
  2.8510200E+03  1.7117173E-03
  2.8575901E+03  1.7122268E-03
  2.8641799E+03  1.7128792E-03
  2.8707800E+03  1.7688515E-03
  2.8773999E+03  1.7688515E-03
  2.8840300E+03  1.7128792E-03
  2.8906799E+03  1.7574677E-03
  2.8973401E+03  1.7574677E-03
  2.9040200E+03  1.7574677E-03
  2.9107200E+03  1.7688515E-03
  2.9174299E+03  1.7832387E-03
  2.9241499E+03  1.8350767E-03
  2.9308899E+03  1.8403844E-03
  2.9376499E+03  1.8589759E-03
  2.9444199E+03  1.9616515E-03
  2.9512100E+03  1.9616515E-03
  2.9580100E+03  1.9616515E-03
  2.9648301E+03  1.9616515E-03
  2.9716699E+03  1.9596235E-03
  2.9785200E+03  1.9616515E-03
  2.9853799E+03  1.9806402E-03
  2.9922600E+03  1.9806402E-03
  2.9991599E+03  1.9616515E-03
  3.0060801E+03  1.9616515E-03
  3.0130100E+03  1.9662401E-03
  3.0199500E+03  1.9616515E-03
  3.0269099E+03  1.9596235E-03
  3.0338899E+03  1.9596235E-03
  3.0408899E+03  1.9596235E-03
  3.0478899E+03  1.9662401E-03
  3.0549199E+03  1.9811525E-03
  3.0619600E+03  2.0441187E-03
  3.0690200E+03  2.0441187E-03
  3.0761001E+03  2.0486258E-03
  3.0831899E+03  2.0441187E-03
  3.0903000E+03  2.0486258E-03
  3.0974199E+03  2.0654427E-03
  3.1045601E+03  2.1388270E-03
  3.1117200E+03  2.1821223E-03
  3.1188899E+03  2.1754277E-03
  3.1260801E+03  2.1821223E-03
  3.1332800E+03  2.1754277E-03
  3.1405100E+03  2.1738855E-03
  3.1477500E+03  2.1754277E-03
  3.1550000E+03  2.1841298E-03
  3.1622800E+03  2.2089072E-03
  3.1695701E+03  2.2431889E-03
  3.1768701E+03  2.2882540E-03
  3.1842000E+03  2.2882540E-03
  3.1915400E+03  2.2907616E-03
  3.1988899E+03  2.2907616E-03
  3.2062700E+03  2.2882540E-03
  3.2136599E+03  2.2907616E-03
  3.2210701E+03  2.3731356E-03
  3.2284900E+03  2.3731356E-03
  3.2359399E+03  2.4108235E-03
  3.2433999E+03  2.4293426E-03
  3.2508701E+03  2.4108235E-03
  3.2583701E+03  2.3983226E-03
  3.2658799E+03  2.4166128E-03
  3.2734099E+03  2.4970532E-03
  3.2809500E+03  2.4970532E-03
  3.2885200E+03  2.4988744E-03
  3.2961001E+03  2.5069579E-03
  3.3036899E+03  2.5404091E-03
  3.3113101E+03  2.5404091E-03
  3.3189399E+03  2.5404091E-03
  3.3265901E+03  2.5336444E-03
  3.3342600E+03  2.5404091E-03
  3.3419500E+03  2.5585592E-03
  3.3496499E+03  2.5585592E-03
  3.3573799E+03  2.5908335E-03
  3.3651201E+03  2.6189564E-03
  3.3728701E+03  2.6615532E-03
  3.3806499E+03  2.6615532E-03
  3.3884399E+03  2.6640061E-03
  3.3962500E+03  2.6450222E-03
  3.4040801E+03  2.6219960E-03
  3.4119299E+03  2.6219960E-03
  3.4197900E+03  2.6421284E-03
  3.4276799E+03  2.6615532E-03
  3.4355801E+03  2.6911229E-03
  3.4435000E+03  2.7408802E-03
  3.4514399E+03  2.7670900E-03
  3.4593899E+03  2.7670900E-03
  3.4673701E+03  2.8342747E-03
  3.4753601E+03  2.8267771E-03
  3.4833701E+03  2.8629738E-03
  3.4913999E+03  2.8907654E-03
  3.4994500E+03  2.9542148E-03
  3.5075200E+03  2.9436271E-03
  3.5156001E+03  2.9873410E-03
  3.5237100E+03  2.9879857E-03
  3.5318301E+03  3.0013679E-03
  3.5399700E+03  3.0111826E-03
  3.5481299E+03  3.0111826E-03
  3.5563101E+03  3.0201725E-03
  3.5645100E+03  3.0201725E-03
  3.5727300E+03  3.0404998E-03
  3.5809600E+03  3.0404998E-03
  3.5892200E+03  3.0448460E-03
  3.5974900E+03  3.1089881E-03
  3.6057900E+03  3.2317131E-03
  3.6141001E+03  3.2633436E-03
  3.6224299E+03  3.3094482E-03
  3.6307800E+03  3.2866788E-03
  3.6391499E+03  3.2866788E-03
  3.6475400E+03  3.3222579E-03
  3.6559500E+03  3.3468336E-03
  3.6643701E+03  3.3891893E-03
  3.6728201E+03  3.4006867E-03
  3.6812900E+03  3.5109061E-03
  3.6897800E+03  3.5781141E-03
  3.6982800E+03  3.6010540E-03
  3.7068101E+03  3.6193014E-03
  3.7153501E+03  3.6193014E-03
  3.7239199E+03  3.6193014E-03
  3.7325000E+03  3.6380168E-03
  3.7411101E+03  3.6380168E-03
  3.7497300E+03  3.6380168E-03
  3.7583701E+03  3.6746587E-03
  3.7670400E+03  3.6915743E-03
  3.7757200E+03  3.8751545E-03
  3.7844199E+03  3.9361231E-03
  3.7931499E+03  3.9642844E-03
  3.8018899E+03  4.1228896E-03
  3.8106599E+03  4.1228896E-03
  3.8194399E+03  4.2012082E-03
  3.8282500E+03  4.2012082E-03
  3.8370701E+03  4.2175460E-03
  3.8459199E+03  4.2175460E-03
  3.8547800E+03  4.2643845E-03
  3.8636699E+03  4.3104743E-03
  3.8725701E+03  4.3104743E-03
  3.8815000E+03  4.2643845E-03
  3.8904500E+03  4.2638462E-03
  3.8994199E+03  4.2638462E-03
  3.9084099E+03  4.4146352E-03
  3.9174199E+03  4.4573718E-03
  3.9264500E+03  4.4764695E-03
  3.9355000E+03  4.4934759E-03
  3.9445701E+03  4.6918439E-03
  3.9536699E+03  4.4573718E-03
  3.9627800E+03  4.4573718E-03
  3.9719199E+03  4.8267390E-03
  3.9810701E+03  4.9683512E-03
  3.9902500E+03  4.9683512E-03
  3.9994500E+03  4.9935626E-03
  4.0086699E+03  5.0612269E-03
  4.0179099E+03  5.0694137E-03
  4.0271699E+03  5.1354100E-03
  4.0364500E+03  5.1712198E-03
  4.0457600E+03  5.2272170E-03
  4.0550901E+03  5.2399421E-03
  4.0644299E+03  5.2467673E-03
  4.0738000E+03  5.2707894E-03
  4.0831899E+03  5.2895355E-03
  4.0926101E+03  5.3223805E-03
  4.1020400E+03  5.3223805E-03
  4.1115000E+03  5.3475006E-03
  4.1209800E+03  5.3804135E-03
  4.1304702E+03  5.5774860E-03
  4.1400000E+03  5.5799671E-03
  4.1495400E+03  5.5883606E-03
  4.1591099E+03  5.5883606E-03
  4.1686899E+03  5.5860477E-03
  4.1782998E+03  5.5883606E-03
  4.1879399E+03  5.5860477E-03
  4.1975898E+03  5.5031767E-03
  4.2072598E+03  5.5395956E-03
  4.2169600E+03  5.5860477E-03
  4.2266899E+03  5.5883606E-03
  4.2364302E+03  5.8712703E-03
  4.2462002E+03  5.9136497E-03
  4.2559800E+03  5.9136497E-03
  4.2657900E+03  5.9136497E-03
  4.2756299E+03  5.8915629E-03
  4.2854800E+03  5.8915629E-03
  4.2953599E+03  6.0336026E-03
  4.3052598E+03  6.0430733E-03
  4.3151899E+03  6.0104080E-03
  4.3251401E+03  6.0336026E-03
  4.3351099E+03  6.0430733E-03
  4.3451001E+03  6.0829218E-03
  4.3551201E+03  6.1039627E-03
  4.3651602E+03  6.1039627E-03
  4.3752202E+03  6.1039627E-03
  4.3853101E+03  6.1131581E-03
  4.3954199E+03  6.1161523E-03
  4.4055498E+03  6.2796334E-03
  4.4157002E+03  6.3254535E-03
  4.4258799E+03  6.3257697E-03
  4.4360801E+03  6.2851310E-03
  4.4463101E+03  6.3375984E-03
  4.4565601E+03  6.3532707E-03
  4.4668301E+03  6.3532707E-03
  4.4771299E+03  6.3532707E-03
  4.4874502E+03  6.3444106E-03
  4.4977998E+03  6.3311094E-03
  4.5081699E+03  6.3311094E-03
  4.5185601E+03  6.3444106E-03
  4.5289702E+03  6.3308557E-03
  4.5394102E+03  6.3311094E-03
  4.5498799E+03  6.2791957E-03
  4.5603701E+03  6.3509517E-03
  4.5708799E+03  6.3512446E-03
  4.5814199E+03  6.4038173E-03
  4.5919800E+03  6.5043666E-03
  4.6025601E+03  6.5125739E-03
  4.6131802E+03  6.5125739E-03
  4.6238101E+03  6.5488238E-03
  4.6344702E+03  6.5601114E-03
  4.6451499E+03  6.5488238E-03
  4.6558599E+03  6.5488238E-03
  4.6665898E+03  6.5712999E-03
  4.6773501E+03  6.6252248E-03
  4.6881299E+03  6.6171042E-03
  4.6989399E+03  6.5956917E-03
  4.7097700E+03  6.5956917E-03
  4.7206299E+03  6.5956917E-03
  4.7315098E+03  6.6171042E-03
  4.7424199E+03  6.6177472E-03
  4.7533501E+03  6.5956917E-03
  4.7643101E+03  6.5956917E-03
  4.7752900E+03  6.5410626E-03
  4.7862998E+03  6.5410626E-03
  4.7973301E+03  6.6615203E-03
  4.8083901E+03  6.8043675E-03
  4.8194800E+03  6.8043675E-03
  4.8305898E+03  6.7695640E-03
  4.8417202E+03  6.6615203E-03
  4.8528799E+03  6.8406714E-03
  4.8640698E+03  6.7071840E-03
  4.8752798E+03  6.7071840E-03
  4.8865200E+03  6.7059030E-03
  4.8977900E+03  6.6507151E-03
  4.9090801E+03  6.6349320E-03
  4.9203901E+03  6.6507151E-03
  4.9317402E+03  6.6582956E-03
  4.9431099E+03  6.6962279E-03
  4.9545000E+03  6.6962279E-03
  4.9659199E+03  6.7234160E-03
  4.9773701E+03  6.6582956E-03
  4.9888398E+03  6.6582956E-03
  5.0003398E+03  6.6962279E-03
  5.0118701E+03  6.5849177E-03
  5.0234302E+03  6.5849177E-03
  5.0350000E+03  6.5588150E-03
  5.0466099E+03  6.5588150E-03
  5.0582500E+03  6.4818528E-03
  5.0699102E+03  6.4818528E-03
  5.0815898E+03  6.5588150E-03
  5.0933101E+03  6.5588150E-03
  5.1050498E+03  6.5179029E-03
  5.1168198E+03  6.5588150E-03
  5.1286099E+03  6.4941049E-03
  5.1404399E+03  6.4941049E-03
  5.1522900E+03  6.3546901E-03
  5.1641602E+03  6.4284415E-03
  5.1760698E+03  6.4665056E-03
  5.1880000E+03  6.4571439E-03
  5.1999600E+03  6.4309831E-03
  5.2119502E+03  6.3908296E-03
  5.2239600E+03  6.3908296E-03
  5.2360000E+03  6.3546901E-03
  5.2480698E+03  6.3141049E-03
  5.2601699E+03  6.3141049E-03
  5.2722998E+03  6.1868737E-03
  5.2844502E+03  6.2162001E-03
  5.2966299E+03  6.2162001E-03
  5.3088398E+03  6.3141049E-03
  5.3210801E+03  6.3141049E-03
  5.3333501E+03  6.3934792E-03
  5.3456401E+03  6.4353095E-03
  5.3579600E+03  6.3363770E-03
  5.3703198E+03  6.4411694E-03
  5.3827002E+03  6.6049895E-03
  5.3951001E+03  6.5285354E-03
  5.4075400E+03  6.4910254E-03
  5.4200098E+03  6.4910254E-03
  5.4325000E+03  6.4910254E-03
  5.4450200E+03  6.4468724E-03
  5.4575801E+03  6.4468724E-03
  5.4701602E+03  6.4468724E-03
  5.4827700E+03  6.4468724E-03
  5.4954102E+03  6.2893867E-03
  5.5080801E+03  6.2893867E-03
  5.5207700E+03  6.2000793E-03
  5.5335000E+03  6.1908485E-03
  5.5462598E+03  6.0010646E-03
  5.5590400E+03  6.2000793E-03
  5.5718501E+03  6.2000793E-03
  5.5847002E+03  6.2000793E-03
  5.5975698E+03  6.2000793E-03
  5.6104800E+03  6.6041704E-03
  5.6234102E+03  6.5745795E-03
  5.6363799E+03  6.6131349E-03
  5.6493701E+03  6.6131349E-03
  5.6623901E+03  6.6131349E-03
  5.6754502E+03  6.2608388E-03
  5.6885298E+03  6.2608388E-03
  5.7016401E+03  6.2608388E-03
  5.7147900E+03  6.2608388E-03
  5.7279600E+03  6.4494526E-03
  5.7411602E+03  6.6579264E-03
  5.7543999E+03  6.5765218E-03
  5.7676602E+03  6.6130478E-03
  5.7809600E+03  6.5069236E-03
  5.7942900E+03  6.4513683E-03
  5.8076401E+03  6.5648779E-03
  5.8210298E+03  5.4003703E-03
  5.8344502E+03  5.4003703E-03
  5.8478999E+03  6.0330098E-03
  5.8613799E+03  6.0330098E-03
  5.8748901E+03  6.0330098E-03
  5.8884399E+03  6.1596362E-03
  5.9020098E+03  6.1596362E-03
  5.9156099E+03  6.1596362E-03
  5.9292500E+03  6.2904228E-03
  5.9429199E+03  6.1389962E-03
  5.9566201E+03  6.2904228E-03
  5.9703501E+03  6.2904228E-03
  5.9841201E+03  6.1389962E-03
  5.9979102E+03  6.1389962E-03
  6.0117300E+03  6.3078445E-03
  6.0256001E+03  6.3723042E-03
  6.0394800E+03  6.4293910E-03
  6.0534102E+03  6.4636273E-03
  6.0673599E+03  6.4383517E-03
  6.0813501E+03  6.3260649E-03
  6.0953701E+03  6.2444722E-03
  6.1094199E+03  6.2430911E-03
  6.1235000E+03  6.0618999E-03
  6.1376201E+03  6.0162642E-03
  6.1517700E+03  6.0656113E-03
  6.1659502E+03  5.9314803E-03
  6.1801602E+03  6.0242726E-03
  6.1944102E+03  6.1410493E-03
  6.2086899E+03  6.1118291E-03
  6.2230000E+03  6.0055368E-03
  6.2373501E+03  5.8821491E-03
  6.2517300E+03  5.7852571E-03
  6.2661401E+03  5.9465105E-03
  6.2805801E+03  6.0187322E-03
  6.2950601E+03  6.0065519E-03
  6.3095698E+03  5.8981488E-03
  6.3241201E+03  5.9306207E-03
  6.3386899E+03  5.9440103E-03
  6.3533101E+03  6.0005342E-03
  6.3679502E+03  5.9141950E-03
  6.3826299E+03  5.9141950E-03
  6.3973501E+03  5.9141950E-03
  6.4120898E+03  5.9141950E-03
  6.4268799E+03  5.9141950E-03
  6.4416899E+03  5.8618048E-03
  6.4565400E+03  5.8384021E-03
  6.4714199E+03  5.8140680E-03
  6.4863398E+03  5.7259123E-03
  6.5012998E+03  5.7784487E-03
  6.5162798E+03  5.8242045E-03
  6.5312998E+03  5.7847966E-03
  6.5463599E+03  5.6044287E-03
  6.5614502E+03  5.2708848E-03
  6.5765801E+03  5.2583301E-03
  6.5917402E+03  5.6770598E-03
  6.6069302E+03  5.7404973E-03
  6.6221602E+03  5.6726732E-03
  6.6374302E+03  5.7201879E-03
  6.6527300E+03  5.6990585E-03
  6.6680698E+03  5.6253402E-03
  6.6834399E+03  5.6734672E-03
  6.6988501E+03  5.6271837E-03
  6.7142900E+03  5.5567040E-03
  6.7297598E+03  5.6370380E-03
  6.7452798E+03  5.5707875E-03
  6.7608301E+03  5.5594775E-03
  6.7764102E+03  5.5501582E-03
  6.7920400E+03  5.5131977E-03
  6.8076899E+03  5.5082636E-03
  6.8233799E+03  5.5297236E-03
  6.8391099E+03  5.4830294E-03
  6.8548799E+03  5.4277531E-03
  6.8706802E+03  5.4697320E-03
  6.8865200E+03  5.5059358E-03
  6.9023999E+03  5.7067601E-03
  6.9183101E+03  5.1394654E-03
  6.9342598E+03  5.1394654E-03
  6.9502402E+03  5.1394654E-03
  6.9662598E+03  5.1394654E-03
  6.9823198E+03  5.1394654E-03
  6.9984199E+03  4.9668024E-03
  7.0145498E+03  5.2999733E-03
  7.0307202E+03  5.3601242E-03
  7.0469302E+03  5.3741760E-03
  7.0631802E+03  5.2610761E-03
  7.0794600E+03  4.8812889E-03
  7.0957700E+03  4.8812889E-03
  7.1121401E+03  4.8812889E-03
  7.1285298E+03  4.8812889E-03
  7.1449600E+03  4.6159602E-03
  7.1614302E+03  5.0353338E-03
  7.1779399E+03  4.9984008E-03
  7.1944902E+03  4.9459138E-03
  7.2110698E+03  5.0158915E-03
  7.2277002E+03  5.0604241E-03
  7.2443599E+03  5.0688293E-03
  7.2610601E+03  5.0688405E-03
  7.2777998E+03  5.0311754E-03
  7.2945698E+03  4.9907728E-03
  7.3113901E+03  5.0508101E-03
  7.3282500E+03  5.0508128E-03
  7.3451401E+03  5.0603631E-03
  7.3620698E+03  5.1062740E-03
  7.3790400E+03  5.0878874E-03
  7.3960498E+03  5.0175632E-03
  7.4131001E+03  4.9974187E-03
  7.4301899E+03  5.0665867E-03
  7.4473198E+03  5.0692912E-03
  7.4644902E+03  5.0891330E-03
  7.4816899E+03  5.0798771E-03
  7.4989399E+03  5.0815591E-03
  7.5162300E+03  5.1103686E-03
  7.5335498E+03  5.1405262E-03
  7.5509199E+03  5.1530008E-03
  7.5683301E+03  5.1200991E-03
  7.5857700E+03  5.0647347E-03
  7.6032598E+03  5.0173430E-03
  7.6207900E+03  4.9748663E-03
  7.6383599E+03  4.9152244E-03
  7.6559600E+03  4.9152244E-03
  7.6736099E+03  4.9152244E-03
  7.6912998E+03  4.9152244E-03
  7.7090298E+03  4.9907644E-03
  7.7268101E+03  4.7534727E-03
  7.7446201E+03  4.7236043E-03
  7.7624702E+03  4.7397506E-03
  7.7803599E+03  4.7661196E-03
  7.7982998E+03  4.7686454E-03
  7.8162798E+03  4.7450694E-03
  7.8342900E+03  4.7039348E-03
  7.8523599E+03  4.6733199E-03
  7.8704600E+03  4.7105369E-03
  7.8886001E+03  4.6448042E-03
  7.9067900E+03  4.5630205E-03
  7.9250098E+03  4.5401221E-03
  7.9432798E+03  4.5111976E-03
  7.9615898E+03  4.5638597E-03
  7.9799502E+03  4.6046088E-03
  7.9983398E+03  4.6031605E-03
  8.0167798E+03  4.6119429E-03
  8.0352598E+03  4.6075750E-03
  8.0537798E+03  4.5960955E-03
  8.0723501E+03  4.6041640E-03
  8.0909600E+03  4.5510423E-03
  8.1096099E+03  4.5715980E-03
  8.1282998E+03  4.6325880E-03
  8.1470400E+03  4.6462347E-03
  8.1658198E+03  4.6588546E-03
  8.1846499E+03  4.5798123E-03
  8.2035098E+03  4.5212093E-03
  8.2224297E+03  4.5153033E-03
  8.2413799E+03  4.5209583E-03
  8.2603799E+03  4.5404709E-03
  8.2794199E+03  4.4445070E-03
  8.2985098E+03  4.2651007E-03
  8.3176299E+03  4.2651007E-03
  8.3368096E+03  4.2651007E-03
  8.3560303E+03  4.3788329E-03
  8.3752900E+03  4.3587252E-03
  8.3945996E+03  4.2936164E-03
  8.4139502E+03  4.3470492E-03
  8.4333496E+03  4.2352239E-03
  8.4527900E+03  4.2098616E-03
  8.4722695E+03  4.1930517E-03
  8.4917998E+03  4.1918317E-03
  8.5113799E+03  4.0234425E-03
  8.5310000E+03  4.1651083E-03
  8.5506699E+03  3.7841501E-03
  8.5703799E+03  4.2711580E-03
  8.5901396E+03  4.1862000E-03
  8.6099404E+03  4.1908794E-03
  8.6297803E+03  4.2828131E-03
  8.6496699E+03  4.2590266E-03
  8.6696201E+03  3.7889373E-03
  8.6895996E+03  4.1503427E-03
  8.7096299E+03  4.2706816E-03
  8.7297100E+03  4.2743641E-03
  8.7498398E+03  4.1415868E-03
  8.7700000E+03  4.2727971E-03
  8.7902305E+03  4.3002474E-03
  8.8104902E+03  4.2230091E-03
  8.8307998E+03  4.2462703E-03
  8.8511504E+03  4.2037740E-03
  8.8715596E+03  4.0401467E-03
  8.8920098E+03  4.1789580E-03
  8.9125098E+03  4.2036329E-03
  8.9330498E+03  4.1389251E-03
  8.9536504E+03  4.1397866E-03
  8.9742803E+03  4.1419575E-03
  8.9949805E+03  4.1268864E-03
  9.0157100E+03  4.1268864E-03
  9.0364902E+03  3.5294774E-03
  9.0573301E+03  3.5294774E-03
  9.0782002E+03  3.5294774E-03
  9.0991299E+03  4.1131643E-03
  9.1200996E+03  4.1700043E-03
  9.1411299E+03  4.1838428E-03
  9.1622002E+03  4.1642990E-03
  9.1833203E+03  4.1772607E-03
  9.2045000E+03  3.7480374E-03
  9.2257100E+03  3.5266944E-03
  9.2469805E+03  3.5266944E-03
  9.2682998E+03  3.5266944E-03
  9.2896602E+03  3.7480374E-03
  9.3110801E+03  4.0076897E-03
  9.3325400E+03  3.9967480E-03
  9.3540596E+03  3.9714705E-03
  9.3756201E+03  3.9378460E-03
  9.3972305E+03  3.9324365E-03
  9.4189004E+03  3.9119124E-03
  9.4406104E+03  3.9307293E-03
  9.4623701E+03  3.9417064E-03
  9.4841797E+03  3.9634444E-03
  9.5060498E+03  3.9170054E-03
  9.5279600E+03  3.8902713E-03
  9.5499199E+03  3.7316207E-03
  9.5719404E+03  3.8525767E-03
  9.5940000E+03  3.9039014E-03
  9.6161201E+03  3.8644006E-03
  9.6382900E+03  3.8430288E-03
  9.6605098E+03  3.8086867E-03
  9.6827695E+03  3.8316720E-03
  9.7050996E+03  3.8166153E-03
  9.7274697E+03  3.7804605E-03
  9.7498896E+03  3.7547532E-03
  9.7723701E+03  3.7568891E-03
  9.7949004E+03  3.7311313E-03
  9.8174805E+03  3.7680347E-03
  9.8401104E+03  3.0984904E-03
  9.8627900E+03  3.0984904E-03
  9.8855303E+03  3.6176229E-03
  9.9083203E+03  3.6176229E-03
  9.9311602E+03  3.6176229E-03
  9.9540498E+03  3.9458633E-03
  9.9770000E+03  3.6965916E-03
  1.0000000E+04  3.6738620E-03
  1.0000000E+04  3.6738620E-03
  1.0115800E+04  3.6085027E-03
  1.0232940E+04  3.5693641E-03
  1.0351420E+04  3.4916445E-03
  1.0471290E+04  3.4681924E-03
  1.0592540E+04  3.3450886E-03
  1.0715200E+04  2.5956056E-03
  1.0839270E+04  3.1348174E-03
  1.0964780E+04  3.7009716E-03
  1.1091750E+04  3.1736272E-03
  1.1220190E+04  3.2032945E-03
  1.1350100E+04  3.1532666E-03
  1.1481540E+04  2.9131230E-03
  1.1614490E+04  2.8000558E-03
  1.1748980E+04  2.9723467E-03
  1.1885020E+04  2.7897465E-03
  1.2022640E+04  2.6317923E-03
  1.2161860E+04  2.7266245E-03
  1.2302690E+04  2.6375402E-03
  1.2445140E+04  3.0872026E-03
  1.2589250E+04  2.5503275E-03
  1.2735030E+04  2.8908669E-03
  1.2882500E+04  2.5403365E-03
  1.3031660E+04  2.3104323E-03
  1.3182560E+04  2.3825346E-03
  1.3335210E+04  2.2047784E-03
  1.3489630E+04  2.1593270E-03
  1.3645840E+04  2.1041119E-03
  1.3803840E+04  2.0878040E-03
  1.3963680E+04  2.0003226E-03
  1.4125380E+04  1.9570650E-03
  1.4288950E+04  1.9146472E-03
  1.4454390E+04  1.9039904E-03
  1.4621770E+04  1.8691088E-03
  1.4791090E+04  1.8395279E-03
  1.4962360E+04  1.8354224E-03
  1.5135610E+04  1.8222010E-03
  1.5310870E+04  1.8106527E-03
  1.5488170E+04  1.7852497E-03
  1.5667520E+04  1.7272928E-03
  1.5848920E+04  1.6639385E-03
  1.6032450E+04  1.6769163E-03
  1.6218100E+04  1.6564395E-03
  1.6405900E+04  1.6243898E-03
  1.6595859E+04  1.6071683E-03
  1.6788039E+04  1.5496128E-03
  1.6982439E+04  1.5226422E-03
  1.7179090E+04  1.4655426E-03
  1.7378000E+04  1.3851153E-03
  1.7579230E+04  1.3476450E-03
  1.7782789E+04  1.2885216E-03
  1.7988711E+04  1.2320238E-03
  1.8197020E+04  1.1746510E-03
  1.8407711E+04  1.1374768E-03
  1.8620869E+04  1.0918949E-03
  1.8836490E+04  1.0525073E-03
  1.9054619E+04  1.0245139E-03
  1.9275240E+04  9.8497153E-04
  1.9498439E+04  9.3721540E-04
  1.9724230E+04  9.0583012E-04
  1.9952631E+04  8.7675115E-04
  2.0183660E+04  8.5208722E-04
  2.0417381E+04  8.2556205E-04
  2.0653801E+04  7.9864322E-04
  2.0892971E+04  7.7342882E-04
  2.1134881E+04  7.5187453E-04
  2.1379619E+04  7.3178817E-04
  2.1627189E+04  6.9849862E-04
  2.1877619E+04  6.8110647E-04
  2.2130939E+04  6.5839634E-04
  2.2387211E+04  6.3258148E-04
  2.2646439E+04  6.0803676E-04
  2.2908680E+04  5.4729369E-04
  2.3173930E+04  5.2250078E-04
  2.3442279E+04  4.8951223E-04
  2.3713740E+04  4.6002958E-04
  2.3988340E+04  4.3533326E-04
  2.4266109E+04  4.1035109E-04
  2.4547080E+04  3.7924564E-04
  2.4831330E+04  3.5023742E-04
  2.5118869E+04  3.3583035E-04
  2.5409740E+04  3.3036413E-04
  2.5703949E+04  3.2435809E-04
  2.6001590E+04  3.1507455E-04
  2.6302680E+04  3.0324783E-04
  2.6607260E+04  2.9381958E-04
  2.6915340E+04  2.8698126E-04
  2.7227010E+04  2.8069862E-04
  2.7542289E+04  2.7096015E-04
  2.7861221E+04  2.6255668E-04
  2.8183820E+04  2.5350216E-04
  2.8510180E+04  2.4596439E-04
  2.8840320E+04  2.3732113E-04
  2.9174279E+04  2.2960923E-04
  2.9512080E+04  2.2151977E-04
  2.9853820E+04  2.1410601E-04
  3.0199520E+04  2.0719126E-04
  3.0549221E+04  2.0050335E-04
  3.0902939E+04  1.9423424E-04
  3.1260789E+04  1.8850605E-04
  3.1622779E+04  1.8225952E-04
  3.1988961E+04  1.7715144E-04
  3.2359350E+04  1.7128134E-04
  3.2734061E+04  1.6535194E-04
  3.3113109E+04  1.5980571E-04
  3.3496551E+04  1.5455460E-04
  3.3884430E+04  1.4884910E-04
  3.4276770E+04  1.4370658E-04
  3.4673680E+04  1.3856895E-04
  3.5075199E+04  1.3362733E-04
  3.5481359E+04  1.2859401E-04
  3.5892180E+04  1.2364483E-04
  3.6307801E+04  1.1930070E-04
  3.6728230E+04  1.1447416E-04
  3.7153539E+04  1.0980985E-04
  3.7583719E+04  1.0542393E-04
  3.8018930E+04  1.0185587E-04
  3.8459180E+04  9.8295837E-05
  3.8904531E+04  9.4285591E-05
  3.9354988E+04  9.0695314E-05
  3.9810711E+04  8.6837892E-05
  4.0271711E+04  8.3744992E-05
  4.0738039E+04  8.0464772E-05
  4.1209730E+04  7.7541721E-05
  4.1686930E+04  7.4300660E-05
  4.2169648E+04  7.1508977E-05
  4.2657961E+04  6.8899237E-05
  4.3151879E+04  6.2325096E-05
  4.3651570E+04  5.8427820E-05
  4.4157039E+04  5.4548287E-05
  4.4668371E+04  5.1669518E-05
  4.5185621E+04  4.9669223E-05
  4.5708801E+04  4.8235339E-05
  4.6238102E+04  4.6366211E-05
  4.6773520E+04  4.5025059E-05
  4.7315148E+04  4.3795782E-05
  4.7862988E+04  4.2191881E-05
  4.8417230E+04  4.0947503E-05
  4.8977891E+04  3.9339910E-05
  4.9545039E+04  3.7940077E-05
  5.0118699E+04  3.6813381E-05
  5.0699059E+04  3.5516005E-05
  5.1286141E+04  3.4305795E-05
  5.1880020E+04  3.3265504E-05
  5.2480719E+04  3.2170319E-05
  5.3088430E+04  3.0969615E-05
  5.3703180E+04  3.0028908E-05
  5.4325051E+04  2.8899085E-05
  5.4954059E+04  2.8007891E-05
  5.5590410E+04  2.7107577E-05
  5.6234129E+04  2.6196509E-05
  5.6885309E+04  2.5258894E-05
  5.7543961E+04  2.4517560E-05
  5.8210301E+04  2.3666606E-05
  5.8884359E+04  2.2806389E-05
  5.9566230E+04  2.2043996E-05
  6.0255988E+04  2.1312306E-05
  6.0953672E+04  2.0512198E-05
  6.1659500E+04  1.9875995E-05
  6.2373500E+04  1.9144391E-05
  6.3095762E+04  1.8430688E-05
  6.3826320E+04  1.7783204E-05
  6.4565410E+04  1.7128896E-05
  6.5313059E+04  1.6510585E-05
  6.6069367E+04  1.5914997E-05
  6.6834359E+04  1.5336900E-05
  6.7608289E+04  1.4757799E-05
  6.8391172E+04  1.4211093E-05
  6.9183117E+04  1.3675191E-05
  6.9984156E+04  1.3162185E-05
  7.0794562E+04  1.2674700E-05
  7.1614344E+04  1.2198799E-05
  7.2443617E+04  1.1742197E-05
  7.3282406E+04  1.1302896E-05
  7.4131008E+04  1.0878598E-05
  7.4989422E+04  1.0473297E-05
  7.5857781E+04  1.0159006E-05
  7.6736102E+04  9.8760029E-06
  7.7624688E+04  9.6066942E-06
  7.8523562E+04  9.3504050E-06
  7.9432844E+04  9.1024922E-06
  8.0352648E+04  8.8652978E-06
  8.1283023E+04  8.6533992E-06
  8.2224258E+04  8.4596968E-06
  8.3176391E+04  8.2818897E-06
  8.4139547E+04  8.1218877E-06
  8.5113773E+04  7.9796046E-06
  8.6099367E+04  7.8495032E-06
  8.7096367E+04  7.6990973E-06
  8.8104922E+04  7.5507028E-06
  8.9125047E+04  7.4258983E-06
  9.0157102E+04  7.3231981E-06
  9.1201094E+04  7.2421985E-06
  9.2257172E+04  7.1824043E-06
  9.3325383E+04  7.1446980E-06
  9.4406070E+04  7.1312024E-06
  9.5499273E+04  7.1426980E-06
  9.6605117E+04  7.1756017E-06
  9.7723672E+04  7.0657038E-06
  9.8855281E+04  6.8553031E-06
  1.0000000E+05  6.6524972E-06
  1.0115797E+05  6.4747005E-06
  1.0232924E+05  6.2961026E-06
  1.0351419E+05  6.1147994E-06
  1.0471285E+05  5.9307995E-06
  1.0592540E+05  5.7444977E-06
  1.0715198E+05  5.5576011E-06
  1.0839266E+05  5.3699996E-06
  1.0964781E+05  5.1809948E-06
  1.1091750E+05  5.0007006E-06
  1.1220190E+05  4.8418983E-06
  1.1350104E+05  4.6418927E-06
  1.1481534E+05  4.4309977E-06
  1.1614488E+05  4.2243009E-06
  1.1748980E+05  4.0221994E-06
  1.1885017E+05  3.8253961E-06
  1.2022642E+05  3.6461004E-06
  1.2161861E+05  3.5670016E-06
  1.2302692E+05  3.4895997E-06
  1.2445140E+05  3.4134016E-06
  1.2589252E+05  3.3382000E-06
  1.2735031E+05  3.2569005E-06
  1.2882499E+05  3.1688014E-06
  1.3031661E+05  3.0875976E-06
  1.3182564E+05  3.0226986E-06
  1.3335214E+05  2.9567993E-06
  1.3489633E+05  2.8916986E-06
  1.3645823E+05  2.8230986E-06
  1.3803839E+05  2.7542956E-06
  1.3963683E+05  2.6851994E-06
  1.4125378E+05  2.6276014E-06
  1.4288947E+05  2.5706008E-06
  1.4454392E+05  2.5124000E-06
  1.4621770E+05  2.4538001E-06
  1.4791086E+05  2.3954988E-06
  1.4962362E+05  2.3365014E-06
  1.5135606E+05  2.2848999E-06
  1.5310872E+05  2.2354000E-06
  1.5488169E+05  2.1859976E-06
  1.5667517E+05  2.1347998E-06
  1.5848925E+05  2.0847003E-06
  1.6032452E+05  2.0350012E-06
  1.6218103E+05  1.9910003E-06
  1.6405903E+05  1.9492002E-06
  1.6595861E+05  1.9035002E-06
  1.6788036E+05  1.8567994E-06
  1.6982438E+05  1.8121990E-06
  1.7179089E+05  1.7651993E-06
  1.7377998E+05  1.7185994E-06
  1.7579231E+05  1.6695008E-06
  1.7782794E+05  1.6206977E-06
  1.7988714E+05  1.5723007E-06
  1.8196998E+05  1.5287993E-06
  1.8407714E+05  1.4854999E-06
  1.8620870E+05  1.4414977E-06
  1.8836495E+05  1.3971995E-06
  1.9054595E+05  1.3539994E-06
  1.9275242E+05  1.3156002E-06
  1.9498444E+05  1.2765998E-06
  1.9724231E+05  1.2372006E-06
  1.9952631E+05  1.1973005E-06
