  3.1623001E+02  0.0000000E+00
  3.1695999E+02  0.0000000E+00
  3.1769000E+02  0.0000000E+00
  3.1842001E+02  0.0000000E+00
  3.1914999E+02  0.0000000E+00
  3.1989001E+02  0.0000000E+00
  3.2063000E+02  0.0000000E+00
  3.2137000E+02  0.0000000E+00
  3.2210999E+02  0.0000000E+00
  3.2285001E+02  0.0000000E+00
  3.2359000E+02  0.0000000E+00
  3.2434000E+02  0.0000000E+00
  3.2509000E+02  0.0000000E+00
  3.2584000E+02  0.0000000E+00
  3.2659000E+02  0.0000000E+00
  3.2734000E+02  0.0000000E+00
  3.2810001E+02  0.0000000E+00
  3.2885001E+02  0.0000000E+00
  3.2960999E+02  0.0000000E+00
  3.3037000E+02  0.0000000E+00
  3.3113000E+02  0.0000000E+00
  3.3189001E+02  0.0000000E+00
  3.3266000E+02  0.0000000E+00
  3.3342999E+02  0.0000000E+00
  3.3419000E+02  0.0000000E+00
  3.3497000E+02  0.0000000E+00
  3.3573999E+02  0.0000000E+00
  3.3651001E+02  0.0000000E+00
  3.3729001E+02  0.0000000E+00
  3.3806000E+02  0.0000000E+00
  3.3884000E+02  0.0000000E+00
  3.3963000E+02  0.0000000E+00
  3.4041000E+02  0.0000000E+00
  3.4119000E+02  0.0000000E+00
  3.4198001E+02  0.0000000E+00
  3.4276999E+02  0.0000000E+00
  3.4356000E+02  0.0000000E+00
  3.4435001E+02  0.0000000E+00
  3.4514001E+02  0.0000000E+00
  3.4594000E+02  0.0000000E+00
  3.4673999E+02  0.0000000E+00
  3.4754001E+02  0.0000000E+00
  3.4834000E+02  0.0000000E+00
  3.4914001E+02  0.0000000E+00
  3.4995001E+02  0.0000000E+00
  3.5075000E+02  0.0000000E+00
  3.5156000E+02  0.0000000E+00
  3.5237000E+02  0.0000000E+00
  3.5317999E+02  0.0000000E+00
  3.5400000E+02  0.0000000E+00
  3.5481000E+02  0.0000000E+00
  3.5563000E+02  0.0000000E+00
  3.5645001E+02  0.0000000E+00
  3.5726999E+02  0.0000000E+00
  3.5810001E+02  0.0000000E+00
  3.5892001E+02  0.0000000E+00
  3.5975000E+02  0.0000000E+00
  3.6057999E+02  0.0000000E+00
  3.6141000E+02  0.0000000E+00
  3.6223999E+02  0.0000000E+00
  3.6307999E+02  0.0000000E+00
  3.6392001E+02  0.0000000E+00
  3.6475000E+02  0.0000000E+00
  3.6559000E+02  0.0000000E+00
  3.6644000E+02  0.0000000E+00
  3.6728000E+02  0.0000000E+00
  3.6813000E+02  0.0000000E+00
  3.6898001E+02  0.0000000E+00
  3.6982999E+02  0.0000000E+00
  3.7067999E+02  0.0000000E+00
  3.7154001E+02  0.0000000E+00
  3.7239001E+02  0.0000000E+00
  3.7325000E+02  0.0000000E+00
  3.7410999E+02  0.0000000E+00
  3.7497000E+02  0.0000000E+00
  3.7584000E+02  0.0000000E+00
  3.7670001E+02  0.0000000E+00
  3.7757001E+02  0.0000000E+00
  3.7844000E+02  0.0000000E+00
  3.7931000E+02  0.0000000E+00
  3.8019000E+02  0.0000000E+00
  3.8107001E+02  0.0000000E+00
  3.8194000E+02  0.0000000E+00
  3.8282001E+02  0.0000000E+00
  3.8370999E+02  0.0000000E+00
  3.8459000E+02  0.0000000E+00
  3.8548001E+02  0.0000000E+00
  3.8637000E+02  0.0000000E+00
  3.8726001E+02  0.0000000E+00
  3.8814999E+02  0.0000000E+00
  3.8904999E+02  0.0000000E+00
  3.8994000E+02  0.0000000E+00
  3.9084000E+02  0.0000000E+00
  3.9173999E+02  0.0000000E+00
  3.9264999E+02  0.0000000E+00
  3.9354999E+02  0.0000000E+00
  3.9445999E+02  0.0000000E+00
  3.9537000E+02  0.0000000E+00
  3.9628000E+02  0.0000000E+00
  3.9719000E+02  0.0000000E+00
  3.9810999E+02  0.0000000E+00
  3.9901999E+02  0.0000000E+00
  3.9994000E+02  0.0000000E+00
  4.0087000E+02  0.0000000E+00
  4.0179001E+02  0.0000000E+00
  4.0272000E+02  0.0000000E+00
  4.0364999E+02  0.0000000E+00
  4.0457999E+02  0.0000000E+00
  4.0551001E+02  0.0000000E+00
  4.0644000E+02  0.0000000E+00
  4.0738000E+02  0.0000000E+00
  4.0832001E+02  0.0000000E+00
  4.0926001E+02  0.0000000E+00
  4.1020001E+02  0.0000000E+00
  4.1114999E+02  0.0000000E+00
  4.1210001E+02  0.0000000E+00
  4.1304999E+02  0.0000000E+00
  4.1400000E+02  0.0000000E+00
  4.1495001E+02  0.0000000E+00
  4.1591000E+02  0.0000000E+00
  4.1687000E+02  0.0000000E+00
  4.1782999E+02  0.0000000E+00
  4.1879001E+02  0.0000000E+00
  4.1976001E+02  0.0000000E+00
  4.2073001E+02  0.0000000E+00
  4.2170001E+02  0.0000000E+00
  4.2267001E+02  0.0000000E+00
  4.2364001E+02  0.0000000E+00
  4.2462000E+02  0.0000000E+00
  4.2560001E+02  0.0000000E+00
  4.2657999E+02  0.0000000E+00
  4.2756000E+02  0.0000000E+00
  4.2854999E+02  0.0000000E+00
  4.2954001E+02  0.0000000E+00
  4.3053000E+02  0.0000000E+00
  4.3151999E+02  0.0000000E+00
  4.3251001E+02  0.0000000E+00
  4.3351001E+02  0.0000000E+00
  4.3451001E+02  0.0000000E+00
  4.3551001E+02  0.0000000E+00
  4.3651999E+02  0.0000000E+00
  4.3751999E+02  0.0000000E+00
  4.3853000E+02  0.0000000E+00
  4.3954001E+02  0.0000000E+00
  4.4054999E+02  0.0000000E+00
  4.4157001E+02  0.0000000E+00
  4.4259000E+02  0.0000000E+00
  4.4360999E+02  0.0000000E+00
  4.4463000E+02  0.0000000E+00
  4.4566000E+02  0.0000000E+00
  4.4667999E+02  0.0000000E+00
  4.4770999E+02  0.0000000E+00
  4.4875000E+02  0.0000000E+00
  4.4978000E+02  0.0000000E+00
  4.5082001E+02  0.0000000E+00
  4.5185999E+02  0.0000000E+00
  4.5289999E+02  0.0000000E+00
  4.5394000E+02  0.0000000E+00
  4.5498999E+02  0.0000000E+00
  4.5604001E+02  0.0000000E+00
  4.5709000E+02  0.0000000E+00
  4.5814001E+02  0.0000000E+00
  4.5920001E+02  0.0000000E+00
  4.6026001E+02  0.0000000E+00
  4.6132001E+02  0.0000000E+00
  4.6238000E+02  0.0000000E+00
  4.6345001E+02  0.0000000E+00
  4.6451999E+02  0.0000000E+00
  4.6559000E+02  0.0000000E+00
  4.6666000E+02  0.0000000E+00
  4.6773999E+02  0.0000000E+00
  4.6881000E+02  0.0000000E+00
  4.6989001E+02  0.0000000E+00
  4.7098001E+02  0.0000000E+00
  4.7206000E+02  0.0000000E+00
  4.7314999E+02  0.0000000E+00
  4.7423999E+02  0.0000000E+00
  4.7534000E+02  0.0000000E+00
  4.7642999E+02  0.0000000E+00
  4.7753000E+02  0.0000000E+00
  4.7863000E+02  0.0000000E+00
  4.7973001E+02  0.0000000E+00
  4.8084000E+02  0.0000000E+00
  4.8195001E+02  0.0000000E+00
  4.8306000E+02  0.0000000E+00
  4.8417001E+02  0.0000000E+00
  4.8529001E+02  0.0000000E+00
  4.8641000E+02  0.0000000E+00
  4.8753000E+02  0.0000000E+00
  4.8864999E+02  0.0000000E+00
  4.8978000E+02  0.0000000E+00
  4.9091000E+02  0.0000000E+00
  4.9204001E+02  0.0000000E+00
  4.9317001E+02  0.0000000E+00
  4.9431000E+02  0.0000000E+00
  4.9545001E+02  0.0000000E+00
  4.9659000E+02  0.0000000E+00
  4.9773999E+02  0.0000000E+00
  4.9888000E+02  0.0000000E+00
  5.0003000E+02  0.0000000E+00
  5.0119000E+02  0.0000000E+00
  5.0234000E+02  0.0000000E+00
  5.0350000E+02  0.0000000E+00
  5.0466000E+02  0.0000000E+00
  5.0582001E+02  0.0000000E+00
  5.0698999E+02  0.0000000E+00
  5.0816000E+02  0.0000000E+00
  5.0932999E+02  0.0000000E+00
  5.1050000E+02  0.0000000E+00
  5.1167999E+02  0.0000000E+00
  5.1285999E+02  0.0000000E+00
  5.1403998E+02  0.0000000E+00
  5.1522998E+02  0.0000000E+00
  5.1641998E+02  0.0000000E+00
  5.1760999E+02  0.0000000E+00
  5.1879999E+02  0.0000000E+00
  5.2000000E+02  0.0000000E+00
  5.2119000E+02  0.0000000E+00
  5.2240002E+02  0.0000000E+00
  5.2359998E+02  0.0000000E+00
  5.2481000E+02  0.0000000E+00
  5.2602002E+02  0.0000000E+00
  5.2722998E+02  0.0000000E+00
  5.2845001E+02  0.0000000E+00
  5.2965997E+02  0.0000000E+00
  5.3088000E+02  0.0000000E+00
  5.3210999E+02  0.0000000E+00
  5.3333002E+02  0.0000000E+00
  5.3456000E+02  0.0000000E+00
  5.3579999E+02  0.0000000E+00
  5.3703003E+02  0.0000000E+00
  5.3827002E+02  0.0000000E+00
  5.3951001E+02  0.0000000E+00
  5.4075000E+02  0.0000000E+00
  5.4200000E+02  0.0000000E+00
  5.4325000E+02  0.0000000E+00
  5.4450000E+02  0.0000000E+00
  5.4576001E+02  0.0000000E+00
  5.4702002E+02  0.0000000E+00
  5.4828003E+02  0.0000000E+00
  5.4953998E+02  0.0000000E+00
  5.5081000E+02  0.0000000E+00
  5.5208002E+02  0.0000000E+00
  5.5334998E+02  0.0000000E+00
  5.5463000E+02  0.0000000E+00
  5.5590002E+02  0.0000000E+00
  5.5719000E+02  0.0000000E+00
  5.5846997E+02  0.0000000E+00
  5.5976001E+02  0.0000000E+00
  5.6104999E+02  0.0000000E+00
  5.6234003E+02  0.0000000E+00
  5.6364001E+02  0.0000000E+00
  5.6494000E+02  0.0000000E+00
  5.6623999E+02  0.0000000E+00
  5.6753998E+02  0.0000000E+00
  5.6884998E+02  0.0000000E+00
  5.7015997E+02  0.0000000E+00
  5.7147998E+02  0.0000000E+00
  5.7279999E+02  0.0000000E+00
  5.7412000E+02  0.0000000E+00
  5.7544000E+02  0.0000000E+00
  5.7677002E+02  0.0000000E+00
  5.7809998E+02  0.0000000E+00
  5.7942999E+02  0.0000000E+00
  5.8076001E+02  0.0000000E+00
  5.8209998E+02  0.0000000E+00
  5.8345001E+02  0.0000000E+00
  5.8478998E+02  0.0000000E+00
  5.8614001E+02  0.0000000E+00
  5.8748999E+02  0.0000000E+00
  5.8884003E+02  0.0000000E+00
  5.9020001E+02  0.0000000E+00
  5.9156000E+02  0.0000000E+00
  5.9292999E+02  0.0000000E+00
  5.9428998E+02  0.0000000E+00
  5.9565997E+02  0.0000000E+00
  5.9703998E+02  0.0000000E+00
  5.9840997E+02  0.0000000E+00
  5.9978998E+02  0.0000000E+00
  6.0116998E+02  0.0000000E+00
  6.0256000E+02  0.0000000E+00
  6.0395001E+02  0.0000000E+00
  6.0534003E+02  0.0000000E+00
  6.0673999E+02  0.0000000E+00
  6.0813000E+02  0.0000000E+00
  6.0953998E+02  0.0000000E+00
  6.1094000E+02  0.0000000E+00
  6.1234998E+02  0.0000000E+00
  6.1376001E+02  0.0000000E+00
  6.1517999E+02  0.0000000E+00
  6.1659003E+02  0.0000000E+00
  6.1802002E+02  0.0000000E+00
  6.1944000E+02  0.0000000E+00
  6.2087000E+02  0.0000000E+00
  6.2229999E+02  0.0000000E+00
  6.2372998E+02  0.0000000E+00
  6.2516998E+02  0.0000000E+00
  6.2660999E+02  0.0000000E+00
  6.2806000E+02  0.0000000E+00
  6.2951001E+02  0.0000000E+00
  6.3096002E+02  0.0000000E+00
  6.3240997E+02  0.0000000E+00
  6.3387000E+02  0.0000000E+00
  6.3533002E+02  0.0000000E+00
  6.3679999E+02  0.0000000E+00
  6.3826001E+02  0.0000000E+00
  6.3972998E+02  0.0000000E+00
  6.4121002E+02  0.0000000E+00
  6.4269000E+02  0.0000000E+00
  6.4416998E+02  0.0000000E+00
  6.4565002E+02  0.0000000E+00
  6.4714001E+02  0.0000000E+00
  6.4863000E+02  0.0000000E+00
  6.5013000E+02  0.0000000E+00
  6.5163000E+02  0.0000000E+00
  6.5313000E+02  0.0000000E+00
  6.5464001E+02  0.0000000E+00
  6.5615002E+02  0.0000000E+00
  6.5765997E+02  0.0000000E+00
  6.5916998E+02  0.0000000E+00
  6.6069000E+02  0.0000000E+00
  6.6221997E+02  0.0000000E+00
  6.6373999E+02  0.0000000E+00
  6.6527002E+02  0.0000000E+00
  6.6681000E+02  0.0000000E+00
  6.6834003E+02  0.0000000E+00
  6.6988000E+02  0.0000000E+00
  6.7142999E+02  0.0000000E+00
  6.7297998E+02  0.0000000E+00
  6.7453003E+02  0.0000000E+00
  6.7608002E+02  0.0000000E+00
  6.7764001E+02  0.0000000E+00
  6.7920001E+02  0.0000000E+00
  6.8077002E+02  0.0000000E+00
  6.8234003E+02  0.0000000E+00
  6.8390997E+02  0.0000000E+00
  6.8548999E+02  0.0000000E+00
  6.8707001E+02  0.0000000E+00
  6.8865002E+02  0.0000000E+00
  6.9023999E+02  0.0000000E+00
  6.9183002E+02  0.0000000E+00
  6.9342999E+02  0.0000000E+00
  6.9502002E+02  0.0000000E+00
  6.9663000E+02  0.0000000E+00
  6.9822998E+02  0.0000000E+00
  6.9984003E+02  0.0000000E+00
  7.0146002E+02  0.0000000E+00
  7.0307001E+02  0.0000000E+00
  7.0469000E+02  0.0000000E+00
  7.0632001E+02  0.0000000E+00
  7.0795001E+02  0.0000000E+00
  7.0958002E+02  0.0000000E+00
  7.1121002E+02  0.0000000E+00
  7.1284998E+02  0.0000000E+00
  7.1450000E+02  0.0000000E+00
  7.1614001E+02  0.0000000E+00
  7.1778998E+02  0.0000000E+00
  7.1945001E+02  0.0000000E+00
  7.2110999E+02  0.0000000E+00
  7.2277002E+02  0.0000000E+00
  7.2444000E+02  0.0000000E+00
  7.2610999E+02  0.0000000E+00
  7.2778003E+02  0.0000000E+00
  7.2946002E+02  0.0000000E+00
  7.3114001E+02  0.0000000E+00
  7.3282001E+02  0.0000000E+00
  7.3451001E+02  0.0000000E+00
  7.3621002E+02  0.0000000E+00
  7.3790002E+02  0.0000000E+00
  7.3960999E+02  0.0000000E+00
  7.4131000E+02  0.0000000E+00
  7.4302002E+02  0.0000000E+00
  7.4472998E+02  0.0000000E+00
  7.4645001E+02  0.0000000E+00
  7.4816998E+02  0.0000000E+00
  7.4989001E+02  0.0000000E+00
  7.5162000E+02  0.0000000E+00
  7.5335999E+02  0.0000000E+00
  7.5509003E+02  0.0000000E+00
  7.5683002E+02  0.0000000E+00
  7.5858002E+02  0.0000000E+00
  7.6033002E+02  0.0000000E+00
  7.6208002E+02  0.0000000E+00
  7.6384003E+02  0.0000000E+00
  7.6559998E+02  0.0000000E+00
  7.6735999E+02  0.0000000E+00
  7.6913000E+02  0.0000000E+00
  7.7090002E+02  0.0000000E+00
  7.7267999E+02  0.0000000E+00
  7.7446002E+02  0.0000000E+00
  7.7625000E+02  0.0000000E+00
  7.7803998E+02  0.0000000E+00
  7.7983002E+02  0.0000000E+00
  7.8163000E+02  0.0000000E+00
  7.8342999E+02  0.0000000E+00
  7.8523999E+02  0.0000000E+00
  7.8704999E+02  0.0000000E+00
  7.8885999E+02  0.0000000E+00
  7.9067999E+02  0.0000000E+00
  7.9250000E+02  0.0000000E+00
  7.9433002E+02  0.0000000E+00
  7.9615997E+02  0.0000000E+00
  7.9798999E+02  0.0000000E+00
  7.9983002E+02  0.0000000E+00
  8.0167999E+02  0.0000000E+00
  8.0353003E+02  0.0000000E+00
  8.0538000E+02  0.0000000E+00
  8.0723999E+02  0.0000000E+00
  8.0909998E+02  0.0000000E+00
  8.1096002E+02  0.0000000E+00
  8.1283002E+02  0.0000000E+00
  8.1470001E+02  0.0000000E+00
  8.1658002E+02  0.0000000E+00
  8.1846002E+02  0.0000000E+00
  8.2034998E+02  0.0000000E+00
  8.2223999E+02  0.0000000E+00
  8.2414001E+02  0.0000000E+00
  8.2603998E+02  0.0000000E+00
  8.2794000E+02  0.0000000E+00
  8.2984998E+02  0.0000000E+00
  8.3176001E+02  0.0000000E+00
  8.3367999E+02  0.0000000E+00
  8.3559998E+02  0.0000000E+00
  8.3753003E+02  0.0000000E+00
  8.3946002E+02  0.0000000E+00
  8.4140002E+02  0.0000000E+00
  8.4333002E+02  0.0000000E+00
  8.4528003E+02  0.0000000E+00
  8.4722998E+02  0.0000000E+00
  8.4917999E+02  0.0000000E+00
  8.5114001E+02  0.0000000E+00
  8.5309998E+02  0.0000000E+00
  8.5507001E+02  0.0000000E+00
  8.5703998E+02  0.0000000E+00
  8.5901001E+02  0.0000000E+00
  8.6098999E+02  0.0000000E+00
  8.6297998E+02  0.0000000E+00
  8.6496997E+02  0.0000000E+00
  8.6696002E+02  0.0000000E+00
  8.6896002E+02  0.0000000E+00
  8.7096002E+02  0.0000000E+00
  8.7296997E+02  0.0000000E+00
  8.7497998E+02  0.0000000E+00
  8.7700000E+02  0.0000000E+00
  8.7902002E+02  0.0000000E+00
  8.8104999E+02  0.0000000E+00
  8.8308002E+02  0.0000000E+00
  8.8512000E+02  0.0000000E+00
  8.8715997E+02  0.0000000E+00
  8.8920001E+02  0.0000000E+00
  8.9125000E+02  0.0000000E+00
  8.9331000E+02  0.0000000E+00
  8.9535999E+02  0.0000000E+00
  8.9742999E+02  0.0000000E+00
  8.9950000E+02  0.0000000E+00
  9.0157001E+02  1.9711999E-05
  9.0365002E+02  1.9590589E-05
  9.0572998E+02  1.9471980E-05
  9.0782001E+02  1.9358191E-05
  9.0990997E+02  1.9245108E-05
  9.1201001E+02  1.9132498E-05
  9.1410999E+02  1.9020399E-05
  9.1621997E+02  1.9596699E-05
  9.1833002E+02  2.0667505E-05
  9.2045001E+02  2.1730610E-05
  9.2257001E+02  2.2786091E-05
  9.2470001E+02  2.3834411E-05
  9.2683002E+02  2.4759594E-05
  9.2896997E+02  2.5655481E-05
  9.3110999E+02  2.6544672E-05
  9.3325000E+02  2.7427557E-05
  9.3540997E+02  2.8250581E-05
  9.3756000E+02  2.8838102E-05
  9.3971997E+02  2.9421295E-05
  9.4189001E+02  3.0000105E-05
  9.4406000E+02  3.0574691E-05
  9.4623999E+02  3.0974003E-05
  9.4841998E+02  3.1240608E-05
  9.5059998E+02  3.1504980E-05
  9.5279999E+02  3.1767300E-05
  9.5498999E+02  3.2027583E-05
  9.5719000E+02  3.2073895E-05
  9.5940002E+02  3.2118791E-05
  9.6160999E+02  3.2163185E-05
  9.6383002E+02  3.2206790E-05
  9.6604999E+02  3.1111598E-05
  9.6828003E+02  2.8757409E-05
  9.7051001E+02  2.6419702E-05
  9.7275000E+02  2.4097888E-05
  9.7498999E+02  2.1791104E-05
  9.7723999E+02  2.2987597E-05
  9.7948999E+02  2.4191495E-05
  9.8175000E+02  2.5386789E-05
  9.8401001E+02  2.6573893E-05
  9.8628003E+02  2.6966985E-05
  9.8854999E+02  2.6751706E-05
  9.9083002E+02  2.6537504E-05
  9.9312000E+02  2.6324613E-05
  9.9540997E+02  2.6249110E-05
  9.9770001E+02  2.6806010E-05
  1.0000000E+03  2.7358592E-05
  1.0023100E+03  2.7907208E-05
  1.0046200E+03  2.8451608E-05
  1.0069300E+03  2.8610179E-05
  1.0092500E+03  2.8691589E-05
  1.0115800E+03  2.8771970E-05
  1.0139100E+03  2.8851593E-05
  1.0162500E+03  2.8436898E-05
  1.0185900E+03  2.7575212E-05
  1.0209400E+03  2.6718888E-05
  1.0232900E+03  2.5868414E-05
  1.0256500E+03  2.5342370E-05
  1.0280200E+03  2.5653088E-05
  1.0303900E+03  2.5961286E-05
  1.0327600E+03  2.6267100E-05
  1.0351400E+03  2.6604604E-05
  1.0375300E+03  2.7475993E-05
  1.0399200E+03  2.8340895E-05
  1.0423199E+03  2.9199597E-05
  1.0447200E+03  3.0052293E-05
  1.0471300E+03  2.9914783E-05
  1.0495400E+03  2.9649005E-05
  1.0519600E+03  2.9384686E-05
  1.0543900E+03  2.9121891E-05
  1.0568199E+03  2.8544662E-05
  1.0592500E+03  2.7864802E-05
  1.0617000E+03  2.7189100E-05
  1.0641400E+03  2.6517990E-05
  1.0666000E+03  2.6425911E-05
  1.0690500E+03  2.6642312E-05
  1.0715200E+03  2.6856800E-05
  1.0739900E+03  2.7069595E-05
  1.0764700E+03  2.6826887E-05
  1.0789500E+03  2.6273388E-05
  1.0814301E+03  2.5723513E-05
  1.0839301E+03  2.5177074E-05
  1.0864301E+03  2.5244588E-05
  1.0889301E+03  2.5769761E-05
  1.0914399E+03  2.6291107E-05
  1.0939600E+03  2.6808690E-05
  1.0964800E+03  2.7226801E-05
  1.0990100E+03  2.7574515E-05
  1.1015400E+03  2.7919588E-05
  1.1040800E+03  2.8261906E-05
  1.1066200E+03  2.8494687E-05
  1.1091801E+03  2.8664699E-05
  1.1117300E+03  2.8827686E-05
  1.1142900E+03  2.8989307E-05
  1.1168600E+03  2.8632490E-05
  1.1194399E+03  2.8082286E-05
  1.1220200E+03  2.7535791E-05
  1.1246000E+03  2.6992697E-05
  1.1272000E+03  2.7323798E-05
  1.1298000E+03  2.7808595E-05
  1.1324000E+03  2.8289691E-05
  1.1350100E+03  2.8762715E-05
  1.1376300E+03  2.8158887E-05
  1.1402500E+03  2.7558988E-05
  1.1428800E+03  2.6962958E-05
  1.1455100E+03  2.6401665E-05
  1.1481500E+03  2.5972404E-05
  1.1508000E+03  2.5545802E-05
  1.1534500E+03  2.5121710E-05
  1.1561100E+03  2.4714887E-05
  1.1587800E+03  2.4330597E-05
  1.1614500E+03  2.3948598E-05
  1.1641300E+03  2.3569000E-05
  1.1668101E+03  2.2482287E-05
  1.1695000E+03  2.1060592E-05
  1.1722000E+03  1.9648709E-05
  1.1749000E+03  1.8246395E-05
  1.1776100E+03  1.9066400E-05
  1.1803199E+03  1.9967687E-05
  1.1830400E+03  2.0862390E-05
  1.1857700E+03  2.1347389E-05
  1.1885000E+03  2.0802874E-05
  1.1912400E+03  2.0261990E-05
  1.1939900E+03  1.9724599E-05
  1.1967400E+03  1.9191091E-05
  1.1995000E+03  1.8661396E-05
  1.2022600E+03  1.8135108E-05
  1.2050400E+03  1.7614202E-05
  1.2078101E+03  1.7244096E-05
  1.2106000E+03  1.6876395E-05
  1.2133900E+03  1.6513486E-05
  1.2161899E+03  1.6647398E-05
  1.2189900E+03  1.7430606E-05
  1.2218000E+03  1.8208209E-05
  1.2246200E+03  1.8980574E-05
  1.2274399E+03  1.9455205E-05
  1.2302700E+03  1.9880490E-05
  1.2331000E+03  2.0302699E-05
  1.2359500E+03  2.0601894E-05
  1.2388000E+03  2.0659292E-05
  1.2416500E+03  2.0716010E-05
  1.2445100E+03  2.0772199E-05
  1.2473800E+03  2.0718193E-05
  1.2502600E+03  2.0642197E-05
  1.2531400E+03  2.0566411E-05
  1.2560300E+03  2.0523799E-05
  1.2589301E+03  2.0540301E-05
  1.2618300E+03  2.0556501E-05
  1.2647400E+03  2.0572283E-05
  1.2676500E+03  2.1326397E-05
  1.2705699E+03  2.2148390E-05
  1.2735000E+03  2.2964692E-05
  1.2764399E+03  2.3932906E-05
  1.2793800E+03  2.5058296E-05
  1.2823300E+03  2.6176009E-05
  1.2852900E+03  2.7256412E-05
  1.2882500E+03  2.8059292E-05
  1.2912200E+03  2.8856599E-05
  1.2942000E+03  2.9647899E-05
  1.2971801E+03  3.0757888E-05
  1.3001700E+03  3.1979198E-05
  1.3031700E+03  3.3192100E-05
  1.3061700E+03  3.5161604E-05
  1.3091801E+03  3.8313312E-05
  1.3122000E+03  4.1443502E-05
  1.3152200E+03  4.4493088E-05
  1.3182600E+03  4.6799669E-05
  1.3213000E+03  4.9090624E-05
  1.3243400E+03  5.1364474E-05
  1.3273900E+03  5.3113385E-05
  1.3304500E+03  5.4731325E-05
  1.3335200E+03  5.6337027E-05
  1.3366000E+03  5.8958500E-05
  1.3396801E+03  6.2511092E-05
  1.3427700E+03  6.6039203E-05
  1.3458600E+03  6.8700567E-05
  1.3489600E+03  6.9162386E-05
  1.3520699E+03  6.9620277E-05
  1.3551899E+03  7.0153728E-05
  1.3583101E+03  7.1909737E-05
  1.3614399E+03  7.3653231E-05
  1.3645800E+03  7.5383519E-05
  1.3677300E+03  7.7665267E-05
  1.3708800E+03  8.0016696E-05
  1.3740400E+03  8.2351558E-05
  1.3772100E+03  8.3874555E-05
  1.3803800E+03  8.5042593E-05
  1.3835699E+03  8.6201901E-05
  1.3867600E+03  8.7618530E-05
  1.3899500E+03  8.9241184E-05
  1.3931600E+03  9.0852191E-05
  1.3963700E+03  9.2013681E-05
  1.3995900E+03  9.2578739E-05
  1.4028101E+03  9.3138879E-05
  1.4060500E+03  9.4428251E-05
  1.4092900E+03  9.7236370E-05
  1.4125400E+03  1.0002421E-04
  1.4157900E+03  1.0226230E-04
  1.4190601E+03  1.0284359E-04
  1.4223300E+03  1.0341973E-04
  1.4256100E+03  1.0374562E-04
  1.4288900E+03  1.0299151E-04
  1.4321899E+03  1.0224159E-04
  1.4354900E+03  1.0249893E-04
  1.4388000E+03  1.0850190E-04
  1.4421200E+03  1.1423667E-04
  1.4454399E+03  1.1367114E-04
  1.4487700E+03  1.1546286E-04
  1.4521100E+03  1.1934931E-04
  1.4554600E+03  1.2232712E-04
  1.4588101E+03  1.1925179E-04
  1.4621801E+03  1.1619672E-04
  1.4655500E+03  1.1396426E-04
  1.4689301E+03  1.1587529E-04
  1.4723101E+03  1.1777123E-04
  1.4757100E+03  1.1956854E-04
  1.4791100E+03  1.2103176E-04
  1.4825200E+03  1.2248410E-04
  1.4859399E+03  1.2392807E-04
  1.4893600E+03  1.2536960E-04
  1.4927900E+03  7.8230718E-04
  1.4962400E+03  7.8230718E-04
  1.4996801E+03  7.7181874E-04
  1.5031400E+03  7.7181874E-04
  1.5066100E+03  7.7181874E-04
  1.5100800E+03  7.5228448E-04
  1.5135601E+03  7.5228448E-04
  1.5170500E+03  7.5228448E-04
  1.5205500E+03  7.5228448E-04
  1.5240500E+03  6.9376518E-04
  1.5275699E+03  6.9376518E-04
  1.5310900E+03  6.9376518E-04
  1.5346200E+03  6.9376518E-04
  1.5381500E+03  6.9376518E-04
  1.5417000E+03  6.9376518E-04
  1.5452500E+03  6.9376518E-04
  1.5488199E+03  6.9376518E-04
  1.5523900E+03  6.9376518E-04
  1.5559700E+03  6.9376518E-04
  1.5595500E+03  6.9376518E-04
  1.5631500E+03  6.9376518E-04
  1.5667500E+03  6.9376518E-04
  1.5703600E+03  6.9376518E-04
  1.5739800E+03  1.4877997E-04
  1.5776100E+03  1.5289428E-04
  1.5812500E+03  1.5584915E-04
  1.5848900E+03  1.5878274E-04
  1.5885500E+03  1.6247279E-04
  1.5922100E+03  1.6623690E-04
  1.5958800E+03  1.6792194E-04
  1.5995601E+03  1.6309404E-04
  1.6032500E+03  1.5829760E-04
  1.6069399E+03  1.5766907E-04
  1.6106500E+03  1.6077605E-04
  1.6143600E+03  1.6385895E-04
  1.6180800E+03  1.6154382E-04
  1.6218101E+03  1.5812503E-04
  1.6255500E+03  1.5582571E-04
  1.6293000E+03  1.5990593E-04
  1.6330500E+03  1.6395729E-04
  1.6368199E+03  1.6979985E-04
  1.6405900E+03  1.7754934E-04
  1.6443700E+03  1.8524325E-04
  1.6481600E+03  1.7527080E-04
  1.6519600E+03  1.6187396E-04
  1.6557700E+03  1.5471257E-04
  1.6595900E+03  1.7181429E-04
  1.6634100E+03  1.8879210E-04
  1.6672500E+03  1.8570562E-04
  1.6710900E+03  1.6857430E-04
  1.6749399E+03  2.0276089E-04
  1.6788000E+03  2.3246525E-04
  1.6826700E+03  2.3917288E-04
  1.6865500E+03  2.3969090E-04
  1.6904399E+03  2.3102407E-04
  1.6943400E+03  2.2241479E-04
  1.6982400E+03  2.2421338E-04
  1.7021600E+03  2.2809482E-04
  1.7060800E+03  2.3462110E-04
  1.7100200E+03  2.4813518E-04
  1.7139600E+03  2.6155022E-04
  1.7179100E+03  2.6691516E-04
  1.7218700E+03  5.1185669E-04
  1.7258400E+03  5.1185669E-04
  1.7298199E+03  5.1185669E-04
  1.7338000E+03  5.1185669E-04
  1.7378000E+03  5.3037686E-04
  1.7418101E+03  5.3037686E-04
  1.7458199E+03  5.3037686E-04
  1.7498500E+03  5.3037686E-04
  1.7538800E+03  5.3037686E-04
  1.7579200E+03  5.3037686E-04
  1.7619800E+03  5.3037686E-04
  1.7660400E+03  5.3037686E-04
  1.7701100E+03  5.3037686E-04
  1.7741899E+03  5.3037686E-04
  1.7782800E+03  6.3852785E-04
  1.7823800E+03  6.3852785E-04
  1.7864900E+03  6.3852785E-04
  1.7906100E+03  6.3852785E-04
  1.7947300E+03  6.3852785E-04
  1.7988700E+03  6.3852785E-04
  1.8030200E+03  5.6063518E-04
  1.8071700E+03  5.6063518E-04
  1.8113400E+03  6.3852785E-04
  1.8155200E+03  6.6329469E-04
  1.8197000E+03  6.6946470E-04
  1.8239000E+03  7.5084041E-04
  1.8281000E+03  7.5084041E-04
  1.8323101E+03  7.4733753E-04
  1.8365400E+03  7.5084041E-04
  1.8407700E+03  7.5084041E-04
  1.8450200E+03  7.5084041E-04
  1.8492700E+03  7.5084041E-04
  1.8535300E+03  7.4733753E-04
  1.8578000E+03  7.5084041E-04
  1.8620900E+03  7.5084041E-04
  1.8663800E+03  7.5084041E-04
  1.8706801E+03  7.5084041E-04
  1.8749900E+03  7.5084041E-04
  1.8793199E+03  7.5084041E-04
  1.8836500E+03  7.5084041E-04
  1.8879900E+03  7.5692753E-04
  1.8923400E+03  7.5692753E-04
  1.8967100E+03  7.5692753E-04
  1.9010800E+03  7.8202761E-04
  1.9054600E+03  7.8202761E-04
  1.9098500E+03  7.8202761E-04
  1.9142600E+03  7.8202761E-04
  1.9186700E+03  7.4733753E-04
  1.9230900E+03  7.0924609E-04
  1.9275200E+03  7.0924609E-04
  1.9319700E+03  6.7011151E-04
  1.9364200E+03  6.9487671E-04
  1.9408900E+03  7.0924609E-04
  1.9453600E+03  6.9487671E-04
  1.9498400E+03  7.0924609E-04
  1.9543400E+03  6.9487671E-04
  1.9588400E+03  6.9487671E-04
  1.9633600E+03  6.7011151E-04
  1.9678900E+03  6.7011151E-04
  1.9724200E+03  6.7011151E-04
  1.9769700E+03  6.7011151E-04
  1.9815300E+03  6.7011151E-04
  1.9860900E+03  7.0924609E-04
  1.9906700E+03  7.0924609E-04
  1.9952600E+03  6.9487671E-04
  1.9998600E+03  6.9487671E-04
  2.0044700E+03  6.9487671E-04
  2.0090900E+03  7.0924609E-04
  2.0137200E+03  7.0924609E-04
  2.0183700E+03  7.6747144E-04
  2.0230200E+03  7.6747144E-04
  2.0276801E+03  7.6747144E-04
  2.0323600E+03  6.9487671E-04
  2.0370400E+03  7.6747144E-04
  2.0417400E+03  6.5805955E-04
  2.0464399E+03  7.6747144E-04
  2.0511599E+03  7.6747144E-04
  2.0558899E+03  7.8660029E-04
  2.0606299E+03  7.9609558E-04
  2.0653799E+03  7.9609558E-04
  2.0701399E+03  7.9609558E-04
  2.0749099E+03  7.9609558E-04
  2.0797000E+03  7.9609558E-04
  2.0844900E+03  7.6747144E-04
  2.0893000E+03  7.0134510E-04
  2.0941101E+03  7.1914354E-04
  2.0989399E+03  7.9526129E-04
  2.1037800E+03  7.9526129E-04
  2.1086299E+03  7.9526129E-04
  2.1134900E+03  8.4249093E-04
  2.1183601E+03  9.0965728E-04
  2.1232400E+03  7.9526129E-04
  2.1281399E+03  7.9526129E-04
  2.1330400E+03  9.0965728E-04
  2.1379600E+03  7.8040350E-04
  2.1428899E+03  7.8040350E-04
  2.1478301E+03  7.8040350E-04
  2.1527800E+03  7.7637431E-04
  2.1577400E+03  7.9526129E-04
  2.1627200E+03  7.9526129E-04
  2.1677000E+03  7.9526129E-04
  2.1727000E+03  7.9526129E-04
  2.1777100E+03  7.9526129E-04
  2.1827300E+03  8.3406526E-04
  2.1877600E+03  8.8269234E-04
  2.1928000E+03  8.3406526E-04
  2.1978601E+03  8.3406526E-04
  2.2029299E+03  8.3218637E-04
  2.2080000E+03  8.3406526E-04
  2.2130901E+03  8.3406526E-04
  2.2182000E+03  8.3406526E-04
  2.2233101E+03  8.3218637E-04
  2.2284399E+03  8.3406526E-04
  2.2335701E+03  8.8269234E-04
  2.2387200E+03  8.8269234E-04
  2.2438799E+03  8.5220137E-04
  2.2490500E+03  8.5220137E-04
  2.2542400E+03  8.5220137E-04
  2.2594399E+03  8.3565840E-04
  2.2646399E+03  8.3406526E-04
  2.2698601E+03  8.3565840E-04
  2.2751001E+03  8.5220137E-04
  2.2803401E+03  9.0230530E-04
  2.2856001E+03  8.5220137E-04
  2.2908701E+03  9.0230530E-04
  2.2961499E+03  8.5220137E-04
  2.3014399E+03  9.0230530E-04
  2.3067500E+03  9.0430421E-04
  2.3120601E+03  8.5220137E-04
  2.3173899E+03  8.4082340E-04
  2.3227400E+03  8.4395515E-04
  2.3280901E+03  8.4082340E-04
  2.3334600E+03  8.3565840E-04
  2.3388401E+03  8.3221972E-04
  2.3442300E+03  8.4082340E-04
  2.3496299E+03  8.4082340E-04
  2.3550500E+03  8.4082340E-04
  2.3604800E+03  8.4395515E-04
  2.3659199E+03  8.3221972E-04
  2.3713701E+03  8.4082340E-04
  2.3768401E+03  8.4082340E-04
  2.3823201E+03  8.4395515E-04
  2.3878101E+03  8.4395515E-04
  2.3933201E+03  8.7050244E-04
  2.3988301E+03  8.8840601E-04
  2.4043601E+03  8.7050244E-04
  2.4099099E+03  8.8840601E-04
  2.4154600E+03  8.8840601E-04
  2.4210300E+03  8.8840601E-04
  2.4266101E+03  9.0680132E-04
  2.4322000E+03  9.0680132E-04
  2.4378101E+03  9.3334145E-04
  2.4434299E+03  9.5718395E-04
  2.4490601E+03  9.3673961E-04
  2.4547100E+03  9.5718395E-04
  2.4603701E+03  9.7577157E-04
  2.4660400E+03  9.7208505E-04
  2.4717200E+03  9.5718395E-04
  2.4774199E+03  9.7208505E-04
  2.4831299E+03  9.7208505E-04
  2.4888601E+03  9.7208505E-04
  2.4945901E+03  9.8723173E-04
  2.5003501E+03  1.0126649E-03
  2.5061101E+03  1.0210921E-03
  2.5118899E+03  1.0210921E-03
  2.5176799E+03  1.0210921E-03
  2.5234800E+03  1.0322828E-03
  2.5293000E+03  1.0210921E-03
  2.5351299E+03  1.0210921E-03
  2.5409700E+03  1.0210921E-03
  2.5468301E+03  1.0322828E-03
  2.5527000E+03  1.0322828E-03
  2.5585901E+03  1.0322828E-03
  2.5644800E+03  1.1111021E-03
  2.5703899E+03  1.1128504E-03
  2.5763201E+03  1.1258902E-03
  2.5822600E+03  1.1362965E-03
  2.5882100E+03  1.1362965E-03
  2.5941799E+03  1.1451263E-03
  2.6001599E+03  1.1455639E-03
  2.6061499E+03  1.1451263E-03
  2.6121599E+03  1.1455639E-03
  2.6181799E+03  1.1455639E-03
  2.6242200E+03  1.1820138E-03
  2.6302700E+03  1.1891120E-03
  2.6363301E+03  1.1891120E-03
  2.6424099E+03  1.1891120E-03
  2.6485000E+03  1.1891120E-03
  2.6546101E+03  1.1891120E-03
  2.6607200E+03  1.1891120E-03
  2.6668601E+03  1.3159390E-03
  2.6730100E+03  1.2940160E-03
  2.6791699E+03  1.3159390E-03
  2.6853401E+03  1.3287780E-03
  2.6915300E+03  1.3663470E-03
  2.6977400E+03  1.3447531E-03
  2.7039600E+03  1.3485819E-03
  2.7101899E+03  1.3282128E-03
  2.7164399E+03  1.3282128E-03
  2.7227000E+03  1.3241292E-03
  2.7289800E+03  1.3282128E-03
  2.7352700E+03  1.3287780E-03
  2.7415701E+03  1.3282128E-03
  2.7478899E+03  1.3485819E-03
  2.7542300E+03  1.3640461E-03
  2.7605801E+03  1.3640461E-03
  2.7669399E+03  1.3663470E-03
  2.7733201E+03  1.4073186E-03
  2.7797100E+03  1.4081030E-03
  2.7861201E+03  1.4242544E-03
  2.7925400E+03  1.4708122E-03
  2.7989800E+03  1.4905115E-03
  2.8054299E+03  1.5202843E-03
  2.8118999E+03  1.5753150E-03
  2.8183799E+03  1.5753150E-03
  2.8248799E+03  1.5753150E-03
  2.8313899E+03  1.5620531E-03
  2.8379199E+03  1.5753150E-03
  2.8444600E+03  1.5753150E-03
  2.8510200E+03  1.6167974E-03
  2.8575901E+03  1.6167974E-03
  2.8641799E+03  1.6697914E-03
  2.8707800E+03  1.6905501E-03
  2.8773999E+03  1.7117549E-03
  2.8840300E+03  1.7134652E-03
  2.8906799E+03  1.7419471E-03
  2.8973401E+03  1.7797649E-03
  2.9040200E+03  1.7797649E-03
  2.9107200E+03  1.8115942E-03
  2.9174299E+03  1.8184835E-03
  2.9241499E+03  1.8213219E-03
  2.9308899E+03  1.8515439E-03
  2.9376499E+03  1.8315120E-03
  2.9444199E+03  1.8515439E-03
  2.9512100E+03  1.8766153E-03
  2.9580100E+03  1.8807253E-03
  2.9648301E+03  1.8766153E-03
  2.9716699E+03  1.8766153E-03
  2.9785200E+03  1.8766153E-03
  2.9853799E+03  1.8807253E-03
  2.9922600E+03  1.9002135E-03
  2.9991599E+03  1.9002135E-03
  3.0060801E+03  1.9057619E-03
  3.0130100E+03  1.9002135E-03
  3.0199500E+03  1.9057619E-03
  3.0269099E+03  1.9057619E-03
  3.0338899E+03  1.9486214E-03
  3.0408899E+03  1.9486214E-03
  3.0478899E+03  1.9273645E-03
  3.0549199E+03  1.9403547E-03
  3.0619600E+03  1.9513671E-03
  3.0690200E+03  1.9797012E-03
  3.0761001E+03  2.0243078E-03
  3.0831899E+03  2.0920411E-03
  3.0903000E+03  2.1111248E-03
  3.0974199E+03  2.1111248E-03
  3.1045601E+03  2.0920411E-03
  3.1117200E+03  2.1547358E-03
  3.1188899E+03  2.1111248E-03
  3.1260801E+03  2.0927510E-03
  3.1332800E+03  2.1111248E-03
  3.1405100E+03  2.1547358E-03
  3.1477500E+03  2.1576893E-03
  3.1550000E+03  2.2451158E-03
  3.1622800E+03  2.3146826E-03
  3.1695701E+03  2.3570955E-03
  3.1768701E+03  2.3570955E-03
  3.1842000E+03  2.3570955E-03
  3.1915400E+03  2.3700735E-03
  3.1988899E+03  2.3700735E-03
  3.2062700E+03  2.3700735E-03
  3.2136599E+03  2.3917025E-03
  3.2210701E+03  2.3917025E-03
  3.2284900E+03  2.3917144E-03
  3.2359399E+03  2.3917025E-03
  3.2433999E+03  2.3917025E-03
  3.2508701E+03  2.3917025E-03
  3.2583701E+03  2.3917025E-03
  3.2658799E+03  2.3752172E-03
  3.2734099E+03  2.3917025E-03
  3.2809500E+03  2.3917025E-03
  3.2885200E+03  2.4393348E-03
  3.2961001E+03  2.4509635E-03
  3.3036899E+03  2.4509635E-03
  3.3113101E+03  2.4803346E-03
  3.3189399E+03  2.5988037E-03
  3.3265901E+03  2.4970490E-03
  3.3342600E+03  2.6002636E-03
  3.3419500E+03  2.6002636E-03
  3.3496499E+03  2.6139189E-03
  3.3573799E+03  2.6200321E-03
  3.3651201E+03  2.6200321E-03
  3.3728701E+03  2.6433673E-03
  3.3806499E+03  2.6433673E-03
  3.3884399E+03  2.7043365E-03
  3.3962500E+03  2.7043365E-03
  3.4040801E+03  2.7043365E-03
  3.4119299E+03  2.7052481E-03
  3.4197900E+03  2.7100733E-03
  3.4276799E+03  2.7100733E-03
  3.4355801E+03  2.7100733E-03
  3.4435000E+03  2.7100733E-03
  3.4514399E+03  2.8545086E-03
  3.4593899E+03  2.8545086E-03
  3.4673701E+03  2.8569403E-03
  3.4753601E+03  2.8569403E-03
  3.4833701E+03  2.9062431E-03
  3.4913999E+03  2.9062431E-03
  3.4994500E+03  2.9215263E-03
  3.5075200E+03  2.9420827E-03
  3.5156001E+03  2.9420827E-03
  3.5237100E+03  2.9460199E-03
  3.5318301E+03  2.9521151E-03
  3.5399700E+03  2.9521151E-03
  3.5481299E+03  2.9758799E-03
  3.5563101E+03  3.0500775E-03
  3.5645100E+03  3.0500775E-03
  3.5727300E+03  3.0529688E-03
  3.5809600E+03  3.0529688E-03
  3.5892200E+03  3.0617302E-03
  3.5974900E+03  3.0911150E-03
  3.6057900E+03  3.2255396E-03
  3.6141001E+03  3.2255396E-03
  3.6224299E+03  3.2402580E-03
  3.6307800E+03  3.2560837E-03
  3.6391499E+03  3.2606611E-03
  3.6475400E+03  3.2608239E-03
  3.6559500E+03  3.2606611E-03
  3.6643701E+03  3.3110548E-03
  3.6728201E+03  3.2637843E-03
  3.6812900E+03  3.2637843E-03
  3.6897800E+03  3.3765496E-03
  3.6982800E+03  3.6055620E-03
  3.7068101E+03  3.6233549E-03
  3.7153501E+03  3.6290523E-03
  3.7239199E+03  3.6798853E-03
  3.7325000E+03  3.6857221E-03
  3.7411101E+03  3.7453284E-03
  3.7497300E+03  3.7453284E-03
  3.7583701E+03  3.7690154E-03
  3.7670400E+03  3.8980658E-03
  3.7757200E+03  3.8980658E-03
  3.7844199E+03  3.9221845E-03
  3.7931499E+03  3.9046132E-03
  3.8018899E+03  3.9067077E-03
  3.8106599E+03  3.9918995E-03
  3.8194399E+03  4.0004905E-03
  3.8282500E+03  4.0004905E-03
  3.8370701E+03  4.0263990E-03
  3.8459199E+03  4.0004905E-03
  3.8547800E+03  4.0310458E-03
  3.8636699E+03  4.1622967E-03
  3.8725701E+03  4.3059685E-03
  3.8815000E+03  4.3273009E-03
  3.8904500E+03  4.3478776E-03
  3.8994199E+03  4.3493933E-03
  3.9084099E+03  4.3478776E-03
  3.9174199E+03  4.3478776E-03
  3.9264500E+03  4.3478776E-03
  3.9355000E+03  4.3478776E-03
  3.9445701E+03  4.3478776E-03
  3.9536699E+03  4.3493933E-03
  3.9627800E+03  4.7003669E-03
  3.9719199E+03  4.7023520E-03
  3.9810701E+03  4.7023520E-03
  3.9902500E+03  4.7023520E-03
  3.9994500E+03  4.7253598E-03
  4.0086699E+03  4.7253598E-03
  4.0179099E+03  4.7253598E-03
  4.0271699E+03  4.7572087E-03
  4.0364500E+03  4.9894056E-03
  4.0457600E+03  5.1112580E-03
  4.0550901E+03  5.1112580E-03
  4.0644299E+03  5.1112580E-03
  4.0738000E+03  5.1935478E-03
  4.0831899E+03  5.1432224E-03
  4.0926101E+03  5.1432224E-03
  4.1020400E+03  5.1432224E-03
  4.1115000E+03  5.1432224E-03
  4.1209800E+03  5.1935478E-03
  4.1304702E+03  5.1132869E-03
  4.1400000E+03  5.1132869E-03
  4.1495400E+03  5.1132869E-03
  4.1591099E+03  5.1432224E-03
  4.1686899E+03  5.2957125E-03
  4.1782998E+03  5.2057365E-03
  4.1879399E+03  5.3214692E-03
  4.1975898E+03  5.4901019E-03
  4.2072598E+03  5.5719623E-03
  4.2169600E+03  5.5719623E-03
  4.2266899E+03  5.5912421E-03
  4.2364302E+03  5.8476115E-03
  4.2462002E+03  5.8476115E-03
  4.2559800E+03  5.8476115E-03
  4.2657900E+03  5.8166669E-03
  4.2756299E+03  5.8626640E-03
  4.2854800E+03  5.8626640E-03
  4.2953599E+03  5.8626640E-03
  4.3052598E+03  5.8626640E-03
  4.3151899E+03  5.8166669E-03
  4.3251401E+03  5.8166669E-03
  4.3351099E+03  5.8626640E-03
  4.3451001E+03  6.0318373E-03
  4.3551201E+03  6.1259307E-03
  4.3651602E+03  6.1708628E-03
  4.3752202E+03  6.1259307E-03
  4.3853101E+03  6.1742617E-03
  4.3954199E+03  6.2999539E-03
  4.4055498E+03  6.3614515E-03
  4.4157002E+03  6.3767591E-03
  4.4258799E+03  6.3614515E-03
  4.4360801E+03  6.3570631E-03
  4.4463101E+03  6.3570631E-03
  4.4565601E+03  6.4237039E-03
  4.4668301E+03  6.4708595E-03
  4.4771299E+03  6.4403419E-03
  4.4874502E+03  6.4403419E-03
  4.4977998E+03  6.4237039E-03
  4.5081699E+03  6.3638613E-03
  4.5185601E+03  6.3638613E-03
  4.5289702E+03  6.3638613E-03
  4.5394102E+03  6.4237039E-03
  4.5498799E+03  6.4800312E-03
  4.5603701E+03  6.5319124E-03
  4.5708799E+03  6.5319124E-03
  4.5814199E+03  6.5319124E-03
  4.5919800E+03  6.5319124E-03
  4.6025601E+03  6.5376237E-03
  4.6131802E+03  6.6291429E-03
  4.6238101E+03  6.6291429E-03
  4.6344702E+03  6.5957317E-03
  4.6451499E+03  6.6291429E-03
  4.6558599E+03  6.6291429E-03
  4.6665898E+03  6.5901577E-03
  4.6773501E+03  6.6291429E-03
  4.6881299E+03  6.5901577E-03
  4.6989399E+03  6.6319420E-03
  4.7097700E+03  6.6373474E-03
  4.7206299E+03  6.5901577E-03
  4.7315098E+03  6.7845238E-03
  4.7424199E+03  6.7688166E-03
  4.7533501E+03  6.7675905E-03
  4.7643101E+03  6.7732441E-03
  4.7752900E+03  6.7845238E-03
  4.7862998E+03  6.7845238E-03
  4.7973301E+03  6.7816526E-03
  4.8083901E+03  6.7872098E-03
  4.8194800E+03  6.8013533E-03
  4.8305898E+03  6.7872098E-03
  4.8417202E+03  6.8255467E-03
  4.8528799E+03  6.8566580E-03
  4.8640698E+03  6.8566580E-03
  4.8752798E+03  6.8195350E-03
  4.8865200E+03  6.7810756E-03
  4.8977900E+03  6.8195350E-03
  4.9090801E+03  6.7810756E-03
  4.9203901E+03  6.7810756E-03
  4.9317402E+03  6.8195350E-03
  4.9431099E+03  6.8195350E-03
  4.9545000E+03  6.8148347E-03
  4.9659199E+03  6.8148347E-03
  4.9773701E+03  6.8457732E-03
  4.9888398E+03  6.9473023E-03
  5.0003398E+03  6.8457732E-03
  5.0118701E+03  6.7999572E-03
  5.0234302E+03  6.7999572E-03
  5.0350000E+03  6.7751296E-03
  5.0466099E+03  6.7751296E-03
  5.0582500E+03  6.7778826E-03
  5.0699102E+03  6.7816749E-03
  5.0815898E+03  6.7778826E-03
  5.0933101E+03  6.7903516E-03
  5.1050498E+03  6.8225497E-03
  5.1168198E+03  6.7991773E-03
  5.1286099E+03  6.7991773E-03
  5.1404399E+03  6.7991773E-03
  5.1522900E+03  6.7816749E-03
  5.1641602E+03  6.7351232E-03
  5.1760698E+03  6.7144269E-03
  5.1880000E+03  6.7144269E-03
  5.1999600E+03  6.5824380E-03
  5.2119502E+03  6.5824380E-03
  5.2239600E+03  6.6057583E-03
  5.2360000E+03  6.6890009E-03
  5.2480698E+03  6.6057583E-03
  5.2601699E+03  6.6057583E-03
  5.2722998E+03  6.6890009E-03
  5.2844502E+03  6.7547183E-03
  5.2966299E+03  6.7547183E-03
  5.3088398E+03  6.7337258E-03
  5.3210801E+03  6.7337258E-03
  5.3333501E+03  6.7547183E-03
  5.3456401E+03  6.7337258E-03
  5.3579600E+03  6.7337258E-03
  5.3703198E+03  6.7547183E-03
  5.3827002E+03  6.6875946E-03
  5.3951001E+03  6.6875946E-03
  5.4075400E+03  6.7753526E-03
  5.4200098E+03  6.7753526E-03
  5.4325000E+03  6.6875946E-03
  5.4450200E+03  6.6792327E-03
  5.4575801E+03  6.7760148E-03
  5.4701602E+03  6.6792327E-03
  5.4827700E+03  6.7760148E-03
  5.4954102E+03  6.7760148E-03
  5.5080801E+03  6.7760148E-03
  5.5207700E+03  6.7621316E-03
  5.5335000E+03  6.7760148E-03
  5.5462598E+03  6.8297861E-03
  5.5590400E+03  6.8297861E-03
  5.5718501E+03  6.7621316E-03
  5.5847002E+03  6.7621316E-03
  5.5975698E+03  6.7621316E-03
  5.6104800E+03  6.5574180E-03
  5.6234102E+03  6.4924653E-03
  5.6363799E+03  6.4941798E-03
  5.6493701E+03  6.5574180E-03
  5.6623901E+03  6.7897215E-03
  5.6754502E+03  6.4941798E-03
  5.6885298E+03  6.5513947E-03
  5.7016401E+03  6.6501931E-03
  5.7147900E+03  6.6501931E-03
  5.7279600E+03  6.6501931E-03
  5.7411602E+03  6.6501931E-03
  5.7543999E+03  6.6501931E-03
  5.7676602E+03  6.6501931E-03
  5.7809600E+03  6.7841886E-03
  5.7942900E+03  6.6688969E-03
  5.8076401E+03  7.0104524E-03
  5.8210298E+03  6.8631168E-03
  5.8344502E+03  6.8631168E-03
  5.8478999E+03  6.8631168E-03
  5.8613799E+03  6.8187788E-03
  5.8748901E+03  6.7097587E-03
  5.8884399E+03  6.7097587E-03
  5.9020098E+03  6.7097587E-03
  5.9156099E+03  6.6086967E-03
  5.9292500E+03  6.6086967E-03
  5.9429199E+03  6.6086967E-03
  5.9566201E+03  6.5677511E-03
  5.9703501E+03  6.5677511E-03
  5.9841201E+03  6.5677511E-03
  5.9979102E+03  6.5677511E-03
  6.0117300E+03  6.7754830E-03
  6.0256001E+03  6.8545579E-03
  6.0394800E+03  6.9242129E-03
  6.0534102E+03  6.9672777E-03
  6.0673599E+03  6.9423267E-03
  6.0813501E+03  6.8193595E-03
  6.0953701E+03  6.7299632E-03
  6.1094199E+03  6.7319255E-03
  6.1235000E+03  6.5070735E-03
  6.1376201E+03  6.5070735E-03
  6.1517700E+03  6.5070735E-03
  6.1659502E+03  6.3765347E-03
  6.1801602E+03  6.4801020E-03
  6.1944102E+03  6.6138394E-03
  6.2086899E+03  6.5787570E-03
  6.2230000E+03  6.4619812E-03
  6.2373501E+03  6.3286941E-03
  6.2517300E+03  6.2262788E-03
  6.2661401E+03  6.4067743E-03
  6.2805801E+03  6.4928290E-03
  6.2950601E+03  6.4854692E-03
  6.3095698E+03  6.3688732E-03
  6.3241201E+03  6.4112991E-03
  6.3386899E+03  6.4322366E-03
  6.3533101E+03  6.4284313E-03
  6.3679502E+03  6.4006187E-03
  6.3826299E+03  6.4434507E-03
  6.3973501E+03  6.4235241E-03
  6.4120898E+03  6.3473475E-03
  6.4268799E+03  6.3770879E-03
  6.4416899E+03  6.3623907E-03
  6.4565400E+03  6.3395086E-03
  6.4714199E+03  6.3137063E-03
  6.4863398E+03  6.2169577E-03
  6.5012998E+03  6.2845065E-03
  6.5162798E+03  6.3458318E-03
  6.5312998E+03  6.3122334E-03
  6.5463599E+03  6.1370991E-03
  6.5614502E+03  5.8037774E-03
  6.5765801E+03  5.7898513E-03
  6.5917402E+03  6.4653875E-03
  6.6069302E+03  6.2682568E-03
  6.6221602E+03  6.2600998E-03
  6.6374302E+03  6.2436736E-03
  6.6527300E+03  6.2223594E-03
  6.6680698E+03  6.1337142E-03
  6.6834399E+03  6.1805188E-03
  6.6988501E+03  6.1237183E-03
  6.7142900E+03  6.0427813E-03
  6.7297598E+03  6.1360616E-03
  6.7452798E+03  6.0622492E-03
  6.7608301E+03  6.0500707E-03
  6.7764102E+03  6.0405526E-03
  6.7920400E+03  6.0013742E-03
  6.8076899E+03  6.0031237E-03
  6.8233799E+03  6.0333610E-03
  6.8391099E+03  5.9847459E-03
  6.8548799E+03  5.9259501E-03
  6.8706802E+03  5.9784739E-03
  6.8865200E+03  6.0227611E-03
  6.9023999E+03  6.0116127E-03
  6.9183101E+03  5.9802858E-03
  6.9342598E+03  5.9480025E-03
  6.9502402E+03  5.9256675E-03
  6.9662598E+03  5.9597269E-03
  6.9823198E+03  5.9427838E-03
  6.9984199E+03  5.8830404E-03
  7.0145498E+03  5.8432920E-03
  7.0307202E+03  5.9147794E-03
  7.0469302E+03  6.1765569E-03
  7.0631802E+03  6.0708681E-03
  7.0794600E+03  6.0708681E-03
  7.0957700E+03  6.0708681E-03
  7.1121401E+03  6.0708681E-03
  7.1285298E+03  6.0708681E-03
  7.1449600E+03  5.4882122E-03
  7.1614302E+03  5.5066277E-03
  7.1779399E+03  5.4720868E-03
  7.1944902E+03  5.4181106E-03
  7.2110698E+03  5.5001113E-03
  7.2277002E+03  5.5633062E-03
  7.2443599E+03  5.5832639E-03
  7.2610601E+03  5.5913772E-03
  7.2777998E+03  5.5576465E-03
  7.2945698E+03  5.5226916E-03
  7.3113901E+03  5.5991421E-03
  7.3282500E+03  5.6029120E-03
  7.3451401E+03  5.6185531E-03
  7.3620698E+03  5.8370531E-03
  7.3790400E+03  5.8370531E-03
  7.3960498E+03  5.8370531E-03
  7.4131001E+03  5.5761482E-03
  7.4301899E+03  5.6592389E-03
  7.4473198E+03  5.6649861E-03
  7.4644902E+03  5.6918263E-03
  7.4816899E+03  5.6859362E-03
  7.4989399E+03  5.6918701E-03
  7.5162300E+03  5.7281917E-03
  7.5335498E+03  5.7659824E-03
  7.5509199E+03  5.7823709E-03
  7.5683301E+03  5.7454063E-03
  7.5857700E+03  5.6836423E-03
  7.6032598E+03  5.6310128E-03
  7.6207900E+03  5.5784020E-03
  7.6383599E+03  5.5225035E-03
  7.6559600E+03  5.4259924E-03
  7.6736099E+03  5.3080362E-03
  7.6912998E+03  5.3913859E-03
  7.7090298E+03  5.3061945E-03
  7.7268101E+03  5.3072087E-03
  7.7446201E+03  5.2755629E-03
  7.7624702E+03  5.2998774E-03
  7.7803599E+03  5.3332960E-03
  7.7982998E+03  5.3384574E-03
  7.8162798E+03  5.3151450E-03
  7.8342900E+03  5.2694152E-03
  7.8523599E+03  5.2329823E-03
  7.8704600E+03  5.2862610E-03
  7.8886001E+03  5.2112290E-03
  7.9067900E+03  5.1209759E-03
  7.9250098E+03  5.1015248E-03
  7.9432798E+03  5.0721723E-03
  7.9615898E+03  5.1358244E-03
  7.9799502E+03  5.1905746E-03
  7.9983398E+03  5.1978659E-03
  8.0167798E+03  5.2136900E-03
  8.0352598E+03  5.2119158E-03
  8.0537798E+03  5.2034277E-03
  8.0723501E+03  5.2154390E-03
  8.0909600E+03  5.1577953E-03
  8.1096099E+03  5.1869685E-03
  8.1282998E+03  5.2612438E-03
  8.1470400E+03  5.2813846E-03
  8.1658198E+03  5.2978499E-03
  8.1846499E+03  5.2081603E-03
  8.2035098E+03  5.1499750E-03
  8.2224297E+03  5.1537137E-03
  8.2413799E+03  5.1617241E-03
  8.2603799E+03  5.1851720E-03
  8.2794199E+03  5.1865899E-03
  8.2985098E+03  5.1029478E-03
  8.3176299E+03  5.0084954E-03
  8.3368096E+03  4.9902466E-03
  8.3560303E+03  5.0036861E-03
  8.3752900E+03  4.9785599E-03
  8.3945996E+03  4.8995824E-03
  8.4139502E+03  4.9630352E-03
  8.4333496E+03  4.8153824E-03
  8.4527900E+03  4.7744527E-03
  8.4722695E+03  4.7647017E-03
  8.4917998E+03  4.7591389E-03
  8.5113799E+03  4.5772884E-03
  8.5310000E+03  4.7331774E-03
  8.5506699E+03  4.3168636E-03
  8.5703799E+03  4.8597860E-03
  8.5901396E+03  4.7831391E-03
  8.6099404E+03  4.7986279E-03
  8.6297803E+03  4.8871152E-03
  8.6496699E+03  4.8704878E-03
  8.6696201E+03  4.3527493E-03
  8.6895996E+03  4.7458406E-03
  8.7096299E+03  4.8856209E-03
  8.7297100E+03  4.8990422E-03
  8.7498398E+03  4.7839796E-03
  8.7700000E+03  4.9059642E-03
  8.7902305E+03  4.9272468E-03
  8.8104902E+03  4.8353667E-03
  8.8307998E+03  4.8718974E-03
  8.8511504E+03  4.8485589E-03
  8.8715596E+03  4.6886615E-03
  8.8920098E+03  4.8183813E-03
  8.9125098E+03  4.8433100E-03
  8.9330498E+03  4.7651543E-03
  8.9536504E+03  4.7667897E-03
  8.9742803E+03  4.7740936E-03
  8.9949805E+03  4.7205375E-03
  9.0157100E+03  4.6081794E-03
  9.0364902E+03  4.7715940E-03
  9.0573301E+03  4.8467121E-03
  9.0782002E+03  4.7777039E-03
  9.0991299E+03  4.7348486E-03
  9.1200996E+03  4.8002377E-03
  9.1411299E+03  4.8157470E-03
  9.1622002E+03  4.7954516E-03
  9.1833203E+03  4.9932175E-03
  9.2045000E+03  4.9932175E-03
  9.2257100E+03  4.9932175E-03
  9.2469805E+03  4.9932175E-03
  9.2682998E+03  4.6082810E-03
  9.2896602E+03  4.5823646E-03
  9.3110801E+03  4.6080910E-03
  9.3325400E+03  4.5949602E-03
  9.3540596E+03  4.5637619E-03
  9.3756201E+03  4.5260964E-03
  9.3972305E+03  4.5265388E-03
  9.4189004E+03  4.5035491E-03
  9.4406104E+03  4.5237588E-03
  9.4623701E+03  4.5386967E-03
  9.4841797E+03  4.5668823E-03
  9.5060498E+03  4.5195716E-03
  9.5279600E+03  4.5000892E-03
  9.5499199E+03  4.3433425E-03
  9.5719404E+03  4.4531524E-03
  9.5940000E+03  4.5116460E-03
  9.6161201E+03  4.4641062E-03
  9.6382900E+03  4.4377972E-03
  9.6605098E+03  4.3938998E-03
  9.6827695E+03  4.4268379E-03
  9.7050996E+03  4.4106143E-03
  9.7274697E+03  4.3693022E-03
  9.7498896E+03  4.3428438E-03
  9.7723701E+03  4.3450142E-03
  9.7949004E+03  4.3161050E-03
  9.8174805E+03  4.3642488E-03
  9.8401104E+03  4.3495460E-03
  9.8627900E+03  4.3368926E-03
  9.8855303E+03  4.3178992E-03
  9.9083203E+03  4.2933808E-03
  9.9311602E+03  4.3022330E-03
  9.9540498E+03  4.2975685E-03
  9.9770000E+03  4.2887353E-03
  1.0000000E+04  4.2638788E-03
  1.0000000E+04  4.2638788E-03
  1.0115800E+04  3.7949139E-03
  1.0232940E+04  4.1401316E-03
  1.0351420E+04  4.0501910E-03
  1.0471290E+04  3.9871316E-03
  1.0592540E+04  3.9763334E-03
  1.0715200E+04  3.7183063E-03
  1.0839270E+04  3.7010568E-03
  1.0964780E+04  3.6314758E-03
  1.1091750E+04  3.5809400E-03
  1.1220190E+04  3.9122389E-03
  1.1350100E+04  3.5655294E-03
  1.1481540E+04  3.3151763E-03
  1.1614490E+04  3.6753064E-03
  1.1748980E+04  3.5170850E-03
  1.1885020E+04  3.4203175E-03
  1.2022640E+04  2.9024181E-03
  1.2161860E+04  3.2941841E-03
  1.2302690E+04  3.1731133E-03
  1.2445140E+04  2.9372671E-03
  1.2589250E+04  3.2053175E-03
  1.2735030E+04  3.1868855E-03
  1.2882500E+04  3.2503740E-03
  1.3031660E+04  2.8447765E-03
  1.3182560E+04  3.2004013E-03
  1.3335210E+04  2.8430044E-03
  1.3489630E+04  2.7797774E-03
  1.3645840E+04  2.4753981E-03
  1.3803840E+04  2.9742515E-03
  1.3963680E+04  2.3664539E-03
  1.4125380E+04  2.8208536E-03
  1.4288950E+04  2.7138041E-03
  1.4454390E+04  2.2550731E-03
  1.4621770E+04  2.2194814E-03
  1.4791090E+04  2.1859773E-03
  1.4962360E+04  2.1818529E-03
  1.5135610E+04  2.1663655E-03
  1.5310870E+04  2.1560316E-03
  1.5488170E+04  2.1305205E-03
  1.5667520E+04  2.0612597E-03
  1.5848920E+04  1.9853387E-03
  1.6032450E+04  2.0021275E-03
  1.6218100E+04  1.9802358E-03
  1.6405900E+04  1.9450035E-03
  1.6595859E+04  1.9200332E-03
  1.6788039E+04  1.8520766E-03
  1.6982439E+04  1.8186942E-03
  1.7179090E+04  1.7509548E-03
  1.7378000E+04  1.6593811E-03
  1.7579230E+04  1.6138781E-03
  1.7782789E+04  1.5462163E-03
  1.7988711E+04  1.4810782E-03
  1.8197020E+04  1.4155692E-03
  1.8407711E+04  1.3678292E-03
  1.8620869E+04  1.3140569E-03
  1.8836490E+04  1.2676989E-03
  1.9054619E+04  1.2335134E-03
  1.9275240E+04  1.1854554E-03
  1.9498439E+04  1.1289136E-03
  1.9724230E+04  1.0903656E-03
  1.9952631E+04  1.0561127E-03
  2.0183660E+04  1.0263547E-03
  2.0417381E+04  9.9420804E-04
  2.0653801E+04  9.6045906E-04
  2.0892971E+04  9.2883722E-04
  2.1134881E+04  9.0202794E-04
  2.1379619E+04  8.7792246E-04
  2.1627189E+04  8.3876442E-04
  2.1877619E+04  8.1577350E-04
  2.2130939E+04  7.8874378E-04
  2.2387211E+04  7.5705512E-04
  2.2646439E+04  7.2716235E-04
  2.2908680E+04  6.5312703E-04
  2.3173930E+04  6.2328210E-04
  2.3442279E+04  5.8321300E-04
  2.3713740E+04  5.4744247E-04
  2.3988340E+04  5.1863480E-04
  2.4266109E+04  4.8984744E-04
  2.4547080E+04  4.5365570E-04
  2.4831330E+04  4.2013469E-04
  2.5118869E+04  4.0425675E-04
  2.5409740E+04  3.9905563E-04
  2.5703949E+04  3.9234725E-04
  2.6001590E+04  3.8087976E-04
  2.6302680E+04  3.6729907E-04
  2.6607260E+04  3.5548053E-04
  2.6915340E+04  3.4750765E-04
  2.7227010E+04  3.4031126E-04
  2.7542289E+04  3.2922369E-04
  2.7861221E+04  3.1854355E-04
  2.8183820E+04  3.0738476E-04
  2.8510180E+04  2.9814642E-04
  2.8840320E+04  2.8766584E-04
  2.9174279E+04  2.7812854E-04
  2.9512080E+04  2.6824235E-04
  2.9853820E+04  2.5894045E-04
  3.0199520E+04  2.5033890E-04
  3.0549221E+04  2.4163077E-04
  3.0902939E+04  2.3374648E-04
  3.1260789E+04  2.2639296E-04
  3.1622779E+04  2.1835112E-04
  3.1988961E+04  2.1178633E-04
  3.2359350E+04  2.0436138E-04
  3.2734061E+04  1.9695731E-04
  3.3113109E+04  1.8994595E-04
  3.3496551E+04  1.8348542E-04
  3.3884430E+04  1.7646655E-04
  3.4276770E+04  1.7015912E-04
  3.4673680E+04  1.6389061E-04
  3.5075199E+04  1.5793077E-04
  3.5481359E+04  1.5178717E-04
  3.5892180E+04  1.4579234E-04
  3.6307801E+04  1.4055952E-04
  3.6728230E+04  1.3471191E-04
  3.7153539E+04  1.2906922E-04
  3.7583719E+04  1.2387249E-04
  3.8018930E+04  1.1954150E-04
  3.8459180E+04  1.1528975E-04
  3.8904531E+04  1.1052460E-04
  3.9354988E+04  1.0621882E-04
  3.9810711E+04  1.0154339E-04
  4.0271711E+04  9.7946351E-05
  4.0738039E+04  9.3979565E-05
  4.1209730E+04  9.0467467E-05
  4.1686930E+04  8.6668340E-05
  4.2169648E+04  8.3291816E-05
  4.2657961E+04  8.0203870E-05
  4.3151879E+04  7.1770119E-05
  4.3651570E+04  6.7001070E-05
  4.4157039E+04  6.2200947E-05
  4.4668371E+04  5.8761521E-05
  4.5185621E+04  5.6394707E-05
  4.5708801E+04  5.4744727E-05
  4.6238102E+04  5.2580905E-05
  4.6773520E+04  5.1100993E-05
  4.7315148E+04  4.9694696E-05
  4.7862988E+04  4.7827321E-05
  4.8417230E+04  4.6401503E-05
  4.8977891E+04  4.4500171E-05
  4.9545039E+04  4.2879605E-05
  5.0118699E+04  4.1592884E-05
  5.0699059E+04  4.0098395E-05
  5.1286141E+04  3.8731319E-05
  5.1880020E+04  3.7499594E-05
  5.2480719E+04  3.6254900E-05
  5.3088430E+04  3.4870412E-05
  5.3703180E+04  3.3833094E-05
  5.4325051E+04  3.2550095E-05
  5.4954059E+04  3.1532909E-05
  5.5590410E+04  3.0520856E-05
  5.6234129E+04  2.9487786E-05
  5.6885309E+04  2.8421789E-05
  5.7543961E+04  2.7603504E-05
  5.8210301E+04  2.6640089E-05
  5.8884359E+04  2.5675912E-05
  5.9566230E+04  2.4794497E-05
  6.0255988E+04  2.3951701E-05
  6.0953672E+04  2.3030494E-05
  6.1659500E+04  2.2306411E-05
  6.2373500E+04  2.1473083E-05
  6.3095762E+04  2.0645710E-05
  6.3826320E+04  1.9917108E-05
  6.4565410E+04  1.9168789E-05
  6.5313059E+04  1.8456893E-05
  6.6069367E+04  1.7783283E-05
  6.6834359E+04  1.7122597E-05
  6.7608289E+04  1.6461892E-05
  6.8391172E+04  1.5836697E-05
  6.9183117E+04  1.5230895E-05
  6.9984156E+04  1.4647207E-05
  7.0794562E+04  1.4090697E-05
  7.1614344E+04  1.3551105E-05
  7.2443617E+04  1.3029400E-05
  7.3282406E+04  1.2531083E-05
  7.4131008E+04  1.2051401E-05
  7.4989422E+04  1.1592002E-05
  7.5857781E+04  1.1221607E-05
  7.6736102E+04  1.0875397E-05
  7.7624688E+04  1.0542995E-05
  7.8523562E+04  1.0230385E-05
  7.9432844E+04  9.9270992E-06
  8.0352648E+04  9.6359036E-06
  8.1283023E+04  9.3700964E-06
  8.2224258E+04  9.1246966E-06
  8.3176391E+04  8.9007999E-06
  8.4139547E+04  8.6912005E-06
  8.5113773E+04  8.5035963E-06
  8.6099367E+04  8.3301875E-06
  8.7096367E+04  8.1390008E-06
  8.8104922E+04  7.9522024E-06
  8.9125047E+04  7.7890973E-06
  9.0157102E+04  7.6501983E-06
  9.1201094E+04  7.5330981E-06
  9.2257172E+04  7.4383015E-06
  9.3325383E+04  7.3649994E-06
  9.4406070E+04  7.3152023E-06
  9.5499273E+04  7.2896978E-06
  9.6605117E+04  7.2862967E-06
  9.7723672E+04  7.1516911E-06
  9.8855281E+04  6.9299972E-06
  1.0000000E+05  6.7140991E-06
  1.0115797E+05  6.5284025E-06
  1.0232924E+05  6.3407024E-06
  1.0351419E+05  6.1508981E-06
  1.0471285E+05  5.9587946E-06
  1.0592540E+05  5.7646976E-06
  1.0715198E+05  5.5683017E-06
  1.0839266E+05  5.3719991E-06
  1.0964781E+05  5.1734005E-06
  1.1091750E+05  4.9929927E-06
  1.1220190E+05  4.8363995E-06
  1.1350104E+05  4.6352925E-06
  1.1481534E+05  4.4230019E-06
  1.1614488E+05  4.2172010E-06
  1.1748980E+05  4.0157965E-06
  1.1885017E+05  3.8195999E-06
  1.2022642E+05  3.6394010E-06
  1.2161861E+05  3.5547018E-06
  1.2302692E+05  3.4716995E-06
  1.2445140E+05  3.3898943E-06
  1.2589252E+05  3.3097990E-06
  1.2735031E+05  3.2218002E-06
  1.2882499E+05  3.1288016E-06
  1.3031661E+05  3.0412009E-06
  1.3182564E+05  2.9736998E-06
  1.3335214E+05  2.9055013E-06
  1.3489633E+05  2.8364959E-06
  1.3645823E+05  2.7643994E-06
  1.3803839E+05  2.6915013E-06
  1.3963683E+05  2.6200996E-06
  1.4125378E+05  2.5601005E-06
  1.4288947E+05  2.5014999E-06
  1.4454392E+05  2.4405992E-06
  1.4621770E+05  2.3808989E-06
  1.4791086E+05  2.3204998E-06
  1.4962362E+05  2.2609997E-06
  1.5135606E+05  2.2081010E-06
  1.5310872E+05  2.1577994E-06
  1.5488169E+05  2.1071996E-06
  1.5667517E+05  2.0560992E-06
  1.5848925E+05  2.0048992E-06
  1.6032452E+05  1.9540000E-06
  1.6218103E+05  1.9103006E-06
  1.6405903E+05  1.8690000E-06
  1.6595861E+05  1.8225992E-06
  1.6788036E+05  1.7767005E-06
  1.6982438E+05  1.7311004E-06
  1.7179089E+05  1.6856005E-06
  1.7377998E+05  1.6399006E-06
  1.7579231E+05  1.5915992E-06
  1.7782794E+05  1.5442999E-06
  1.7988714E+05  1.4964976E-06
  1.8196998E+05  1.4542998E-06
  1.8407714E+05  1.4123005E-06
  1.8620870E+05  1.3698995E-06
  1.8836495E+05  1.3269999E-06
  1.9054595E+05  1.2855004E-06
  1.9275242E+05  1.2484007E-06
  1.9498444E+05  1.2109005E-06
  1.9724231E+05  1.1727998E-06
  1.9952631E+05  1.1343999E-06
