  3.1623001E+02  0.0000000E+00
  3.1695999E+02  0.0000000E+00
  3.1769000E+02  0.0000000E+00
  3.1842001E+02  0.0000000E+00
  3.1914999E+02  0.0000000E+00
  3.1989001E+02  0.0000000E+00
  3.2063000E+02  0.0000000E+00
  3.2137000E+02  0.0000000E+00
  3.2210999E+02  0.0000000E+00
  3.2285001E+02  0.0000000E+00
  3.2359000E+02  0.0000000E+00
  3.2434000E+02  0.0000000E+00
  3.2509000E+02  0.0000000E+00
  3.2584000E+02  0.0000000E+00
  3.2659000E+02  0.0000000E+00
  3.2734000E+02  0.0000000E+00
  3.2810001E+02  0.0000000E+00
  3.2885001E+02  0.0000000E+00
  3.2960999E+02  0.0000000E+00
  3.3037000E+02  0.0000000E+00
  3.3113000E+02  0.0000000E+00
  3.3189001E+02  0.0000000E+00
  3.3266000E+02  0.0000000E+00
  3.3342999E+02  0.0000000E+00
  3.3419000E+02  0.0000000E+00
  3.3497000E+02  0.0000000E+00
  3.3573999E+02  0.0000000E+00
  3.3651001E+02  0.0000000E+00
  3.3729001E+02  0.0000000E+00
  3.3806000E+02  0.0000000E+00
  3.3884000E+02  0.0000000E+00
  3.3963000E+02  0.0000000E+00
  3.4041000E+02  0.0000000E+00
  3.4119000E+02  0.0000000E+00
  3.4198001E+02  0.0000000E+00
  3.4276999E+02  0.0000000E+00
  3.4356000E+02  0.0000000E+00
  3.4435001E+02  0.0000000E+00
  3.4514001E+02  0.0000000E+00
  3.4594000E+02  0.0000000E+00
  3.4673999E+02  0.0000000E+00
  3.4754001E+02  0.0000000E+00
  3.4834000E+02  0.0000000E+00
  3.4914001E+02  0.0000000E+00
  3.4995001E+02  0.0000000E+00
  3.5075000E+02  0.0000000E+00
  3.5156000E+02  0.0000000E+00
  3.5237000E+02  0.0000000E+00
  3.5317999E+02  0.0000000E+00
  3.5400000E+02  0.0000000E+00
  3.5481000E+02  0.0000000E+00
  3.5563000E+02  0.0000000E+00
  3.5645001E+02  0.0000000E+00
  3.5726999E+02  0.0000000E+00
  3.5810001E+02  0.0000000E+00
  3.5892001E+02  0.0000000E+00
  3.5975000E+02  0.0000000E+00
  3.6057999E+02  0.0000000E+00
  3.6141000E+02  0.0000000E+00
  3.6223999E+02  0.0000000E+00
  3.6307999E+02  0.0000000E+00
  3.6392001E+02  0.0000000E+00
  3.6475000E+02  0.0000000E+00
  3.6559000E+02  0.0000000E+00
  3.6644000E+02  0.0000000E+00
  3.6728000E+02  0.0000000E+00
  3.6813000E+02  0.0000000E+00
  3.6898001E+02  0.0000000E+00
  3.6982999E+02  0.0000000E+00
  3.7067999E+02  0.0000000E+00
  3.7154001E+02  0.0000000E+00
  3.7239001E+02  0.0000000E+00
  3.7325000E+02  0.0000000E+00
  3.7410999E+02  0.0000000E+00
  3.7497000E+02  0.0000000E+00
  3.7584000E+02  0.0000000E+00
  3.7670001E+02  0.0000000E+00
  3.7757001E+02  0.0000000E+00
  3.7844000E+02  0.0000000E+00
  3.7931000E+02  0.0000000E+00
  3.8019000E+02  0.0000000E+00
  3.8107001E+02  0.0000000E+00
  3.8194000E+02  0.0000000E+00
  3.8282001E+02  0.0000000E+00
  3.8370999E+02  0.0000000E+00
  3.8459000E+02  0.0000000E+00
  3.8548001E+02  0.0000000E+00
  3.8637000E+02  0.0000000E+00
  3.8726001E+02  0.0000000E+00
  3.8814999E+02  0.0000000E+00
  3.8904999E+02  0.0000000E+00
  3.8994000E+02  0.0000000E+00
  3.9084000E+02  0.0000000E+00
  3.9173999E+02  0.0000000E+00
  3.9264999E+02  0.0000000E+00
  3.9354999E+02  0.0000000E+00
  3.9445999E+02  0.0000000E+00
  3.9537000E+02  0.0000000E+00
  3.9628000E+02  0.0000000E+00
  3.9719000E+02  0.0000000E+00
  3.9810999E+02  0.0000000E+00
  3.9901999E+02  0.0000000E+00
  3.9994000E+02  0.0000000E+00
  4.0087000E+02  0.0000000E+00
  4.0179001E+02  0.0000000E+00
  4.0272000E+02  0.0000000E+00
  4.0364999E+02  0.0000000E+00
  4.0457999E+02  0.0000000E+00
  4.0551001E+02  0.0000000E+00
  4.0644000E+02  0.0000000E+00
  4.0738000E+02  0.0000000E+00
  4.0832001E+02  0.0000000E+00
  4.0926001E+02  0.0000000E+00
  4.1020001E+02  0.0000000E+00
  4.1114999E+02  0.0000000E+00
  4.1210001E+02  0.0000000E+00
  4.1304999E+02  0.0000000E+00
  4.1400000E+02  0.0000000E+00
  4.1495001E+02  0.0000000E+00
  4.1591000E+02  0.0000000E+00
  4.1687000E+02  0.0000000E+00
  4.1782999E+02  0.0000000E+00
  4.1879001E+02  0.0000000E+00
  4.1976001E+02  0.0000000E+00
  4.2073001E+02  0.0000000E+00
  4.2170001E+02  0.0000000E+00
  4.2267001E+02  0.0000000E+00
  4.2364001E+02  0.0000000E+00
  4.2462000E+02  0.0000000E+00
  4.2560001E+02  0.0000000E+00
  4.2657999E+02  0.0000000E+00
  4.2756000E+02  0.0000000E+00
  4.2854999E+02  0.0000000E+00
  4.2954001E+02  0.0000000E+00
  4.3053000E+02  0.0000000E+00
  4.3151999E+02  0.0000000E+00
  4.3251001E+02  0.0000000E+00
  4.3351001E+02  0.0000000E+00
  4.3451001E+02  0.0000000E+00
  4.3551001E+02  0.0000000E+00
  4.3651999E+02  0.0000000E+00
  4.3751999E+02  0.0000000E+00
  4.3853000E+02  0.0000000E+00
  4.3954001E+02  0.0000000E+00
  4.4054999E+02  0.0000000E+00
  4.4157001E+02  0.0000000E+00
  4.4259000E+02  0.0000000E+00
  4.4360999E+02  0.0000000E+00
  4.4463000E+02  0.0000000E+00
  4.4566000E+02  0.0000000E+00
  4.4667999E+02  0.0000000E+00
  4.4770999E+02  0.0000000E+00
  4.4875000E+02  0.0000000E+00
  4.4978000E+02  0.0000000E+00
  4.5082001E+02  0.0000000E+00
  4.5185999E+02  0.0000000E+00
  4.5289999E+02  0.0000000E+00
  4.5394000E+02  0.0000000E+00
  4.5498999E+02  0.0000000E+00
  4.5604001E+02  0.0000000E+00
  4.5709000E+02  0.0000000E+00
  4.5814001E+02  0.0000000E+00
  4.5920001E+02  0.0000000E+00
  4.6026001E+02  0.0000000E+00
  4.6132001E+02  0.0000000E+00
  4.6238000E+02  0.0000000E+00
  4.6345001E+02  0.0000000E+00
  4.6451999E+02  0.0000000E+00
  4.6559000E+02  0.0000000E+00
  4.6666000E+02  0.0000000E+00
  4.6773999E+02  0.0000000E+00
  4.6881000E+02  0.0000000E+00
  4.6989001E+02  0.0000000E+00
  4.7098001E+02  0.0000000E+00
  4.7206000E+02  0.0000000E+00
  4.7314999E+02  0.0000000E+00
  4.7423999E+02  0.0000000E+00
  4.7534000E+02  0.0000000E+00
  4.7642999E+02  0.0000000E+00
  4.7753000E+02  0.0000000E+00
  4.7863000E+02  0.0000000E+00
  4.7973001E+02  0.0000000E+00
  4.8084000E+02  0.0000000E+00
  4.8195001E+02  0.0000000E+00
  4.8306000E+02  0.0000000E+00
  4.8417001E+02  0.0000000E+00
  4.8529001E+02  0.0000000E+00
  4.8641000E+02  0.0000000E+00
  4.8753000E+02  0.0000000E+00
  4.8864999E+02  0.0000000E+00
  4.8978000E+02  0.0000000E+00
  4.9091000E+02  0.0000000E+00
  4.9204001E+02  0.0000000E+00
  4.9317001E+02  0.0000000E+00
  4.9431000E+02  0.0000000E+00
  4.9545001E+02  0.0000000E+00
  4.9659000E+02  0.0000000E+00
  4.9773999E+02  0.0000000E+00
  4.9888000E+02  0.0000000E+00
  5.0003000E+02  0.0000000E+00
  5.0119000E+02  0.0000000E+00
  5.0234000E+02  0.0000000E+00
  5.0350000E+02  0.0000000E+00
  5.0466000E+02  0.0000000E+00
  5.0582001E+02  0.0000000E+00
  5.0698999E+02  0.0000000E+00
  5.0816000E+02  0.0000000E+00
  5.0932999E+02  0.0000000E+00
  5.1050000E+02  0.0000000E+00
  5.1167999E+02  0.0000000E+00
  5.1285999E+02  0.0000000E+00
  5.1403998E+02  0.0000000E+00
  5.1522998E+02  0.0000000E+00
  5.1641998E+02  0.0000000E+00
  5.1760999E+02  0.0000000E+00
  5.1879999E+02  0.0000000E+00
  5.2000000E+02  0.0000000E+00
  5.2119000E+02  0.0000000E+00
  5.2240002E+02  0.0000000E+00
  5.2359998E+02  0.0000000E+00
  5.2481000E+02  0.0000000E+00
  5.2602002E+02  0.0000000E+00
  5.2722998E+02  0.0000000E+00
  5.2845001E+02  0.0000000E+00
  5.2965997E+02  0.0000000E+00
  5.3088000E+02  0.0000000E+00
  5.3210999E+02  0.0000000E+00
  5.3333002E+02  0.0000000E+00
  5.3456000E+02  0.0000000E+00
  5.3579999E+02  0.0000000E+00
  5.3703003E+02  0.0000000E+00
  5.3827002E+02  0.0000000E+00
  5.3951001E+02  0.0000000E+00
  5.4075000E+02  0.0000000E+00
  5.4200000E+02  0.0000000E+00
  5.4325000E+02  0.0000000E+00
  5.4450000E+02  0.0000000E+00
  5.4576001E+02  0.0000000E+00
  5.4702002E+02  0.0000000E+00
  5.4828003E+02  0.0000000E+00
  5.4953998E+02  0.0000000E+00
  5.5081000E+02  0.0000000E+00
  5.5208002E+02  0.0000000E+00
  5.5334998E+02  0.0000000E+00
  5.5463000E+02  0.0000000E+00
  5.5590002E+02  0.0000000E+00
  5.5719000E+02  0.0000000E+00
  5.5846997E+02  0.0000000E+00
  5.5976001E+02  0.0000000E+00
  5.6104999E+02  0.0000000E+00
  5.6234003E+02  0.0000000E+00
  5.6364001E+02  0.0000000E+00
  5.6494000E+02  0.0000000E+00
  5.6623999E+02  0.0000000E+00
  5.6753998E+02  0.0000000E+00
  5.6884998E+02  0.0000000E+00
  5.7015997E+02  0.0000000E+00
  5.7147998E+02  0.0000000E+00
  5.7279999E+02  0.0000000E+00
  5.7412000E+02  0.0000000E+00
  5.7544000E+02  0.0000000E+00
  5.7677002E+02  0.0000000E+00
  5.7809998E+02  0.0000000E+00
  5.7942999E+02  0.0000000E+00
  5.8076001E+02  0.0000000E+00
  5.8209998E+02  0.0000000E+00
  5.8345001E+02  0.0000000E+00
  5.8478998E+02  0.0000000E+00
  5.8614001E+02  0.0000000E+00
  5.8748999E+02  0.0000000E+00
  5.8884003E+02  0.0000000E+00
  5.9020001E+02  0.0000000E+00
  5.9156000E+02  0.0000000E+00
  5.9292999E+02  0.0000000E+00
  5.9428998E+02  0.0000000E+00
  5.9565997E+02  0.0000000E+00
  5.9703998E+02  0.0000000E+00
  5.9840997E+02  0.0000000E+00
  5.9978998E+02  0.0000000E+00
  6.0116998E+02  0.0000000E+00
  6.0256000E+02  0.0000000E+00
  6.0395001E+02  0.0000000E+00
  6.0534003E+02  0.0000000E+00
  6.0673999E+02  0.0000000E+00
  6.0813000E+02  0.0000000E+00
  6.0953998E+02  0.0000000E+00
  6.1094000E+02  0.0000000E+00
  6.1234998E+02  0.0000000E+00
  6.1376001E+02  0.0000000E+00
  6.1517999E+02  0.0000000E+00
  6.1659003E+02  0.0000000E+00
  6.1802002E+02  0.0000000E+00
  6.1944000E+02  0.0000000E+00
  6.2087000E+02  0.0000000E+00
  6.2229999E+02  0.0000000E+00
  6.2372998E+02  0.0000000E+00
  6.2516998E+02  0.0000000E+00
  6.2660999E+02  0.0000000E+00
  6.2806000E+02  0.0000000E+00
  6.2951001E+02  0.0000000E+00
  6.3096002E+02  0.0000000E+00
  6.3240997E+02  0.0000000E+00
  6.3387000E+02  0.0000000E+00
  6.3533002E+02  0.0000000E+00
  6.3679999E+02  0.0000000E+00
  6.3826001E+02  0.0000000E+00
  6.3972998E+02  0.0000000E+00
  6.4121002E+02  0.0000000E+00
  6.4269000E+02  0.0000000E+00
  6.4416998E+02  0.0000000E+00
  6.4565002E+02  0.0000000E+00
  6.4714001E+02  0.0000000E+00
  6.4863000E+02  0.0000000E+00
  6.5013000E+02  0.0000000E+00
  6.5163000E+02  0.0000000E+00
  6.5313000E+02  0.0000000E+00
  6.5464001E+02  0.0000000E+00
  6.5615002E+02  0.0000000E+00
  6.5765997E+02  0.0000000E+00
  6.5916998E+02  0.0000000E+00
  6.6069000E+02  0.0000000E+00
  6.6221997E+02  0.0000000E+00
  6.6373999E+02  0.0000000E+00
  6.6527002E+02  0.0000000E+00
  6.6681000E+02  0.0000000E+00
  6.6834003E+02  0.0000000E+00
  6.6988000E+02  0.0000000E+00
  6.7142999E+02  0.0000000E+00
  6.7297998E+02  0.0000000E+00
  6.7453003E+02  0.0000000E+00
  6.7608002E+02  0.0000000E+00
  6.7764001E+02  0.0000000E+00
  6.7920001E+02  0.0000000E+00
  6.8077002E+02  0.0000000E+00
  6.8234003E+02  0.0000000E+00
  6.8390997E+02  0.0000000E+00
  6.8548999E+02  0.0000000E+00
  6.8707001E+02  0.0000000E+00
  6.8865002E+02  0.0000000E+00
  6.9023999E+02  0.0000000E+00
  6.9183002E+02  0.0000000E+00
  6.9342999E+02  0.0000000E+00
  6.9502002E+02  0.0000000E+00
  6.9663000E+02  0.0000000E+00
  6.9822998E+02  0.0000000E+00
  6.9984003E+02  0.0000000E+00
  7.0146002E+02  0.0000000E+00
  7.0307001E+02  0.0000000E+00
  7.0469000E+02  0.0000000E+00
  7.0632001E+02  0.0000000E+00
  7.0795001E+02  0.0000000E+00
  7.0958002E+02  0.0000000E+00
  7.1121002E+02  0.0000000E+00
  7.1284998E+02  0.0000000E+00
  7.1450000E+02  0.0000000E+00
  7.1614001E+02  0.0000000E+00
  7.1778998E+02  0.0000000E+00
  7.1945001E+02  0.0000000E+00
  7.2110999E+02  0.0000000E+00
  7.2277002E+02  0.0000000E+00
  7.2444000E+02  0.0000000E+00
  7.2610999E+02  0.0000000E+00
  7.2778003E+02  0.0000000E+00
  7.2946002E+02  0.0000000E+00
  7.3114001E+02  0.0000000E+00
  7.3282001E+02  0.0000000E+00
  7.3451001E+02  0.0000000E+00
  7.3621002E+02  0.0000000E+00
  7.3790002E+02  0.0000000E+00
  7.3960999E+02  0.0000000E+00
  7.4131000E+02  0.0000000E+00
  7.4302002E+02  0.0000000E+00
  7.4472998E+02  0.0000000E+00
  7.4645001E+02  0.0000000E+00
  7.4816998E+02  0.0000000E+00
  7.4989001E+02  0.0000000E+00
  7.5162000E+02  0.0000000E+00
  7.5335999E+02  0.0000000E+00
  7.5509003E+02  0.0000000E+00
  7.5683002E+02  0.0000000E+00
  7.5858002E+02  0.0000000E+00
  7.6033002E+02  0.0000000E+00
  7.6208002E+02  0.0000000E+00
  7.6384003E+02  0.0000000E+00
  7.6559998E+02  0.0000000E+00
  7.6735999E+02  0.0000000E+00
  7.6913000E+02  0.0000000E+00
  7.7090002E+02  0.0000000E+00
  7.7267999E+02  0.0000000E+00
  7.7446002E+02  0.0000000E+00
  7.7625000E+02  0.0000000E+00
  7.7803998E+02  0.0000000E+00
  7.7983002E+02  0.0000000E+00
  7.8163000E+02  0.0000000E+00
  7.8342999E+02  0.0000000E+00
  7.8523999E+02  0.0000000E+00
  7.8704999E+02  0.0000000E+00
  7.8885999E+02  0.0000000E+00
  7.9067999E+02  0.0000000E+00
  7.9250000E+02  0.0000000E+00
  7.9433002E+02  0.0000000E+00
  7.9615997E+02  0.0000000E+00
  7.9798999E+02  0.0000000E+00
  7.9983002E+02  0.0000000E+00
  8.0167999E+02  0.0000000E+00
  8.0353003E+02  0.0000000E+00
  8.0538000E+02  0.0000000E+00
  8.0723999E+02  0.0000000E+00
  8.0909998E+02  0.0000000E+00
  8.1096002E+02  0.0000000E+00
  8.1283002E+02  0.0000000E+00
  8.1470001E+02  0.0000000E+00
  8.1658002E+02  0.0000000E+00
  8.1846002E+02  0.0000000E+00
  8.2034998E+02  0.0000000E+00
  8.2223999E+02  0.0000000E+00
  8.2414001E+02  0.0000000E+00
  8.2603998E+02  0.0000000E+00
  8.2794000E+02  0.0000000E+00
  8.2984998E+02  0.0000000E+00
  8.3176001E+02  0.0000000E+00
  8.3367999E+02  0.0000000E+00
  8.3559998E+02  0.0000000E+00
  8.3753003E+02  0.0000000E+00
  8.3946002E+02  0.0000000E+00
  8.4140002E+02  0.0000000E+00
  8.4333002E+02  0.0000000E+00
  8.4528003E+02  0.0000000E+00
  8.4722998E+02  0.0000000E+00
  8.4917999E+02  0.0000000E+00
  8.5114001E+02  0.0000000E+00
  8.5309998E+02  0.0000000E+00
  8.5507001E+02  0.0000000E+00
  8.5703998E+02  0.0000000E+00
  8.5901001E+02  0.0000000E+00
  8.6098999E+02  0.0000000E+00
  8.6297998E+02  0.0000000E+00
  8.6496997E+02  0.0000000E+00
  8.6696002E+02  0.0000000E+00
  8.6896002E+02  0.0000000E+00
  8.7096002E+02  0.0000000E+00
  8.7296997E+02  0.0000000E+00
  8.7497998E+02  0.0000000E+00
  8.7700000E+02  0.0000000E+00
  8.7902002E+02  0.0000000E+00
  8.8104999E+02  0.0000000E+00
  8.8308002E+02  0.0000000E+00
  8.8512000E+02  0.0000000E+00
  8.8715997E+02  0.0000000E+00
  8.8920001E+02  0.0000000E+00
  8.9125000E+02  0.0000000E+00
  8.9331000E+02  0.0000000E+00
  8.9535999E+02  0.0000000E+00
  8.9742999E+02  0.0000000E+00
  8.9950000E+02  0.0000000E+00
  9.0157001E+02  6.5931032E-05
  9.0365002E+02  6.5549924E-05
  9.0572998E+02  6.5180102E-05
  9.0782001E+02  6.4829663E-05
  9.0990997E+02  6.4481108E-05
  9.1201001E+02  6.4134219E-05
  9.1410999E+02  6.3788910E-05
  9.1621997E+02  6.6650719E-05
  9.1833002E+02  7.1817180E-05
  9.2045001E+02  7.6946184E-05
  9.2257001E+02  8.2039121E-05
  9.2470001E+02  8.7097425E-05
  9.2683002E+02  9.1627058E-05
  9.2896997E+02  9.6092794E-05
  9.3110999E+02  1.0053095E-04
  9.3325000E+02  1.0493838E-04
  9.3540997E+02  1.0911722E-04
  9.3756000E+02  1.1242250E-04
  9.3971997E+02  1.1570461E-04
  9.4189001E+02  1.1896218E-04
  9.4406000E+02  1.2219610E-04
  9.4623999E+02  1.2442797E-04
  9.4841998E+02  1.2590102E-04
  9.5059998E+02  1.2736268E-04
  9.5279999E+02  1.2881290E-04
  9.5498999E+02  8.2053355E-04
  9.5719000E+02  8.2053355E-04
  9.5940002E+02  8.2053355E-04
  9.6160999E+02  8.2053355E-04
  9.6383002E+02  8.2053355E-04
  9.6604999E+02  6.8750785E-04
  9.6828003E+02  6.8244338E-04
  9.7051001E+02  1.0500650E-04
  9.7275000E+02  9.3615919E-05
  9.7498999E+02  8.2299855E-05
  9.7723999E+02  8.8764697E-05
  9.7948999E+02  9.5264681E-05
  9.8175000E+02  1.0171852E-04
  9.8401001E+02  1.0812877E-04
  9.8628003E+02  6.8750785E-04
  9.8854999E+02  6.8750785E-04
  9.9083002E+02  1.0826455E-04
  9.9312000E+02  1.0724332E-04
  9.9540997E+02  1.0688971E-04
  9.9770001E+02  1.0960796E-04
  1.0000000E+03  1.1230567E-04
  1.0023100E+03  1.1498357E-04
  1.0046200E+03  1.1764186E-04
  1.0069300E+03  1.1844646E-04
  1.0092500E+03  1.1887973E-04
  1.0115800E+03  1.1930875E-04
  1.0139100E+03  1.1973361E-04
  1.0162500E+03  1.1748148E-04
  1.0185900E+03  1.1294442E-04
  1.0209400E+03  1.0843628E-04
  1.0232900E+03  1.0395907E-04
  1.0256500E+03  1.0131275E-04
  1.0280200E+03  1.0339032E-04
  1.0303900E+03  1.0545200E-04
  1.0327600E+03  1.0749842E-04
  1.0351400E+03  1.0965654E-04
  1.0375300E+03  1.1379602E-04
  1.0399200E+03  1.1790507E-04
  1.0423199E+03  7.6620473E-04
  1.0447200E+03  7.6620473E-04
  1.0471300E+03  7.6620473E-04
  1.0495400E+03  7.6620473E-04
  1.0519600E+03  7.6620473E-04
  1.0543900E+03  7.6620473E-04
  1.0568199E+03  1.1909503E-04
  1.0592500E+03  1.1600590E-04
  1.0617000E+03  1.1293618E-04
  1.0641400E+03  1.0988698E-04
  1.0666000E+03  1.0944869E-04
  1.0690500E+03  1.1040059E-04
  1.0715200E+03  1.1134462E-04
  1.0739900E+03  1.1228101E-04
  1.0764700E+03  1.1112332E-04
  1.0789500E+03  1.0853681E-04
  1.0814301E+03  1.0596686E-04
  1.0839301E+03  1.0341353E-04
  1.0864301E+03  1.0368668E-04
  1.0889301E+03  1.0606761E-04
  1.0914399E+03  1.0843122E-04
  1.0939600E+03  1.1077766E-04
  1.0964800E+03  1.1101917E-04
  1.0990100E+03  1.0978779E-04
  1.1015400E+03  1.0856339E-04
  1.1040800E+03  6.2301150E-04
  1.1066200E+03  6.2301150E-04
  1.1091801E+03  6.2301150E-04
  1.1117300E+03  6.2301150E-04
  1.1142900E+03  6.2301150E-04
  1.1168600E+03  6.2301150E-04
  1.1194399E+03  6.2301150E-04
  1.1220200E+03  9.7439959E-05
  1.1246000E+03  9.4945048E-05
  1.1272000E+03  9.6610740E-05
  1.1298000E+03  9.9007244E-05
  1.1324000E+03  1.0138642E-04
  1.1350100E+03  1.0373394E-04
  1.1376300E+03  1.0265260E-04
  1.1402500E+03  4.3685301E-04
  1.1428800E+03  4.3685301E-04
  1.1455100E+03  4.3685301E-04
  1.1481500E+03  4.3685301E-04
  1.1508000E+03  4.3685301E-04
  1.1534500E+03  4.3685301E-04
  1.1561100E+03  4.3685301E-04
  1.1587800E+03  4.3685301E-04
  1.1614500E+03  4.3685301E-04
  1.1641300E+03  4.3685301E-04
  1.1668101E+03  4.3685301E-04
  1.1695000E+03  4.3685301E-04
  1.1722000E+03  4.3685301E-04
  1.1749000E+03  4.3685301E-04
  1.1776100E+03  4.3685301E-04
  1.1803199E+03  8.2599043E-05
  1.1830400E+03  5.3703686E-04
  1.1857700E+03  5.3703686E-04
  1.1885000E+03  5.3703686E-04
  1.1912400E+03  5.3703686E-04
  1.1939900E+03  4.3685301E-04
  1.1967400E+03  4.3685301E-04
  1.1995000E+03  4.3685301E-04
  1.2022600E+03  4.3685301E-04
  1.2050400E+03  4.3685301E-04
  1.2078101E+03  4.3685301E-04
  1.2106000E+03  4.3685301E-04
  1.2133900E+03  6.7546105E-05
  1.2161899E+03  6.7974121E-05
  1.2189900E+03  4.3685301E-04
  1.2218000E+03  4.3685301E-04
  1.2246200E+03  4.3685301E-04
  1.2274399E+03  4.3685301E-04
  1.2302700E+03  4.3685301E-04
  1.2331000E+03  4.3685301E-04
  1.2359500E+03  3.8093142E-04
  1.2388000E+03  3.8093142E-04
  1.2416500E+03  3.4273454E-04
  1.2445100E+03  3.4273454E-04
  1.2473800E+03  3.4273454E-04
  1.2502600E+03  3.4273454E-04
  1.2531400E+03  3.4273454E-04
  1.2560300E+03  3.4273454E-04
  1.2589301E+03  3.4273454E-04
  1.2618300E+03  3.4273454E-04
  1.2647400E+03  8.1712620E-05
  1.2676500E+03  8.2682069E-05
  1.2705699E+03  8.3801468E-05
  1.2735000E+03  8.4912528E-05
  1.2764399E+03  8.5427782E-05
  1.2793800E+03  8.5329826E-05
  1.2823300E+03  8.5231412E-05
  1.2852900E+03  8.4890904E-05
  1.2882500E+03  8.2304010E-05
  1.2912200E+03  7.9733596E-05
  1.2942000E+03  7.7180644E-05
  1.2971801E+03  7.6399912E-05
  1.3001700E+03  7.6270007E-05
  1.3031700E+03  7.6140233E-05
  1.3061700E+03  7.6720433E-05
  1.3091801E+03  7.8405188E-05
  1.3122000E+03  8.0077691E-05
  1.3152200E+03  8.1544487E-05
  1.3182600E+03  8.0598198E-05
  1.3213000E+03  7.9657300E-05
  1.3243400E+03  7.8722282E-05
  1.3273900E+03  7.7319404E-05
  1.3304500E+03  7.5766300E-05
  1.3335200E+03  7.4223281E-05
  1.3366000E+03  7.4170493E-05
  1.3396801E+03  7.5485972E-05
  1.3427700E+03  7.6791897E-05
  1.3458600E+03  7.7548873E-05
  1.3489600E+03  7.6903110E-05
  1.3520699E+03  7.6260709E-05
  1.3551899E+03  7.5575292E-05
  1.3583101E+03  7.4171796E-05
  1.3614399E+03  7.2776696E-05
  1.3645800E+03  7.1390910E-05
  1.3677300E+03  7.1006070E-05
  1.3708800E+03  7.0774433E-05
  1.3740400E+03  7.0543632E-05
  1.3772100E+03  7.0241593E-05
  1.3803800E+03  6.9909824E-05
  1.3835699E+03  6.9579473E-05
  1.3867600E+03  6.7150424E-05
  1.3899500E+03  6.3026317E-05
  1.3931600E+03  5.8928927E-05
  1.3963700E+03  5.6362023E-05
  1.3995900E+03  5.5830616E-05
  1.4028101E+03  5.5301974E-05
  1.4060500E+03  5.6002027E-05
  1.4092900E+03  5.9248312E-05
  1.4125400E+03  6.2471438E-05
  1.4157900E+03  6.4731510E-05
  1.4190601E+03  6.4063279E-05
  1.4223300E+03  6.3398882E-05
  1.4256100E+03  6.2928200E-05
  1.4288900E+03  6.3293301E-05
  1.4321899E+03  6.3655141E-05
  1.4354900E+03  6.3975203E-05
  1.4388000E+03  6.4070526E-05
  1.4421200E+03  6.4153799E-05
  1.4454399E+03  6.3942898E-05
  1.4487700E+03  6.3425687E-05
  1.4521100E+03  6.2634484E-05
  1.4554600E+03  6.1822597E-05
  1.4588101E+03  6.0945971E-05
  1.4621801E+03  6.0074985E-05
  1.4655500E+03  5.9333917E-05
  1.4689301E+03  5.9237907E-05
  1.4723101E+03  5.9141919E-05
  1.4757100E+03  5.9070273E-05
  1.4791100E+03  5.9090708E-05
  1.4825200E+03  5.9110433E-05
  1.4859399E+03  5.9022688E-05
  1.4893600E+03  5.8652200E-05
  1.4927900E+03  5.8283786E-05
  1.4962400E+03  5.7789308E-05
  1.4996801E+03  5.7069607E-05
  1.5031400E+03  5.6354103E-05
  1.5066100E+03  5.5203029E-05
  1.5100800E+03  5.3551623E-05
  1.5135601E+03  5.2961514E-05
  1.5170500E+03  5.3649906E-05
  1.5205500E+03  5.3375286E-05
  1.5240500E+03  5.3102016E-05
  1.5275699E+03  5.1669689E-05
  1.5310900E+03  4.9819693E-05
  1.5346200E+03  4.7981797E-05
  1.5381500E+03  4.6713834E-05
  1.5417000E+03  4.5522142E-05
  1.5452500E+03  4.4416895E-05
  1.5488199E+03  4.4339518E-05
  1.5523900E+03  4.4262084E-05
  1.5559700E+03  4.4507891E-05
  1.5595500E+03  4.5624216E-05
  1.5631500E+03  4.6732610E-05
  1.5667500E+03  4.7762984E-05
  1.5703600E+03  4.8712420E-05
  1.5739800E+03  4.9654773E-05
  1.5776100E+03  5.0454557E-05
  1.5812500E+03  5.1195620E-05
  1.5848900E+03  5.1931314E-05
  1.5885500E+03  5.2239899E-05
  1.5922100E+03  5.2541836E-05
  1.5958800E+03  5.2586911E-05
  1.5995601E+03  5.1825198E-05
  1.6032500E+03  5.1068182E-05
  1.6069399E+03  5.0857623E-05
  1.6106500E+03  5.1136689E-05
  1.6143600E+03  5.1413223E-05
  1.6180800E+03  5.1233183E-05
  1.6218101E+03  5.0959407E-05
  1.6255500E+03  5.0812578E-05
  1.6293000E+03  5.1394713E-05
  1.6330500E+03  5.1972325E-05
  1.6368199E+03  5.3011896E-05
  1.6405900E+03  5.4542896E-05
  1.6443700E+03  5.6062687E-05
  1.6481600E+03  5.4617987E-05
  1.6519600E+03  5.2597014E-05
  1.6557700E+03  5.1679617E-05
  1.6595900E+03  5.5063800E-05
  1.6634100E+03  5.8423200E-05
  1.6672500E+03  5.7353282E-05
  1.6710900E+03  3.1919160E-04
  1.6749399E+03  2.2401332E-04
  1.6788000E+03  3.1919160E-04
  1.6826700E+03  3.1919160E-04
  1.6865500E+03  3.1919160E-04
  1.6904399E+03  3.1919160E-04
  1.6943400E+03  2.2401332E-04
  1.6982400E+03  2.2401332E-04
  1.7021600E+03  1.9873180E-04
  1.7060800E+03  1.9873180E-04
  1.7100200E+03  1.9873180E-04
  1.7139600E+03  1.9873180E-04
  1.7179100E+03  1.9873180E-04
  1.7218700E+03  3.0944138E-04
  1.7258400E+03  3.0944138E-04
  1.7298199E+03  3.0944138E-04
  1.7338000E+03  3.0944138E-04
  1.7378000E+03  2.7489164E-04
  1.7418101E+03  1.9873180E-04
  1.7458199E+03  1.9873180E-04
  1.7498500E+03  1.9873180E-04
  1.7538800E+03  1.9873180E-04
  1.7579200E+03  1.9873180E-04
  1.7619800E+03  1.9873180E-04
  1.7660400E+03  1.9873180E-04
  1.7701100E+03  1.9873180E-04
  1.7741899E+03  1.9873180E-04
  1.7782800E+03  1.9672065E-04
  1.7823800E+03  1.9672065E-04
  1.7864900E+03  1.9672065E-04
  1.7906100E+03  1.9672065E-04
  1.7947300E+03  2.2355889E-04
  1.7988700E+03  2.2355889E-04
  1.8030200E+03  2.2355889E-04
  1.8071700E+03  2.2355889E-04
  1.8113400E+03  2.2355889E-04
  1.8155200E+03  2.2355889E-04
  1.8197000E+03  2.2355889E-04
  1.8239000E+03  2.2355889E-04
  1.8281000E+03  2.2355889E-04
  1.8323101E+03  2.2355889E-04
  1.8365400E+03  2.2355889E-04
  1.8407700E+03  3.7494305E-04
  1.8450200E+03  3.7494305E-04
  1.8492700E+03  3.7494305E-04
  1.8535300E+03  2.2355889E-04
  1.8578000E+03  3.7494305E-04
  1.8620900E+03  3.7494305E-04
  1.8663800E+03  2.3023870E-04
  1.8706801E+03  3.1680483E-04
  1.8749900E+03  3.1680483E-04
  1.8793199E+03  2.2355889E-04
  1.8836500E+03  2.4164484E-04
  1.8879900E+03  2.4164484E-04
  1.8923400E+03  2.4164484E-04
  1.8967100E+03  2.4164484E-04
  1.9010800E+03  2.4164484E-04
  1.9054600E+03  2.4164484E-04
  1.9098500E+03  2.4164484E-04
  1.9142600E+03  2.4164484E-04
  1.9186700E+03  2.4164484E-04
  1.9230900E+03  2.4164484E-04
  1.9275200E+03  2.5864650E-04
  1.9319700E+03  2.5864650E-04
  1.9364200E+03  2.6057981E-04
  1.9408900E+03  2.6057981E-04
  1.9453600E+03  2.7025971E-04
  1.9498400E+03  2.7025971E-04
  1.9543400E+03  2.6198695E-04
  1.9588400E+03  2.5864650E-04
  1.9633600E+03  2.6057981E-04
  1.9678900E+03  2.6198695E-04
  1.9724200E+03  2.6198695E-04
  1.9769700E+03  2.7025971E-04
  1.9815300E+03  2.7166540E-04
  1.9860900E+03  2.7166540E-04
  1.9906700E+03  2.7166540E-04
  1.9952600E+03  2.7202314E-04
  1.9998600E+03  2.7202314E-04
  2.0044700E+03  2.7166540E-04
  2.0090900E+03  2.7202314E-04
  2.0137200E+03  2.7202314E-04
  2.0183700E+03  2.9102410E-04
  2.0230200E+03  3.0047609E-04
  2.0276801E+03  3.2421137E-04
  2.0323600E+03  3.3017976E-04
  2.0370400E+03  3.3670280E-04
  2.0417400E+03  3.2421137E-04
  2.0464399E+03  3.2421137E-04
  2.0511599E+03  3.3670280E-04
  2.0558899E+03  3.5957794E-04
  2.0606299E+03  3.6864830E-04
  2.0653799E+03  3.6652500E-04
  2.0701399E+03  3.7426522E-04
  2.0749099E+03  3.8447298E-04
  2.0797000E+03  3.6788936E-04
  2.0844900E+03  3.6788936E-04
  2.0893000E+03  3.8447298E-04
  2.0941101E+03  3.8447298E-04
  2.0989399E+03  3.8589205E-04
  2.1037800E+03  3.8589205E-04
  2.1086299E+03  3.8589205E-04
  2.1134900E+03  3.8991595E-04
  2.1183601E+03  3.8589205E-04
  2.1232400E+03  3.7426522E-04
  2.1281399E+03  3.7022313E-04
  2.1330400E+03  3.8016617E-04
  2.1379600E+03  3.8542732E-04
  2.1428899E+03  3.8589205E-04
  2.1478301E+03  3.8016617E-04
  2.1527800E+03  3.8016617E-04
  2.1577400E+03  3.8016617E-04
  2.1627200E+03  3.8542732E-04
  2.1677000E+03  3.9784730E-04
  2.1727000E+03  3.8542732E-04
  2.1777100E+03  3.8542732E-04
  2.1827300E+03  3.9611582E-04
  2.1877600E+03  3.8415566E-04
  2.1928000E+03  3.6834567E-04
  2.1978601E+03  3.5075445E-04
  2.2029299E+03  3.5957381E-04
  2.2080000E+03  3.3268647E-04
  2.2130901E+03  3.2715537E-04
  2.2182000E+03  3.2957472E-04
  2.2233101E+03  3.3926702E-04
  2.2284399E+03  3.3926702E-04
  2.2335701E+03  3.6676554E-04
  2.2387200E+03  3.6517272E-04
  2.2438799E+03  3.3926702E-04
  2.2490500E+03  3.2957472E-04
  2.2542400E+03  3.1774957E-04
  2.2594399E+03  3.4657127E-04
  2.2646399E+03  3.4365547E-04
  2.2698601E+03  3.3926702E-04
  2.2751001E+03  3.5720613E-04
  2.2803401E+03  3.5720613E-04
  2.2856001E+03  3.6559999E-04
  2.2908701E+03  3.6676554E-04
  2.2961499E+03  3.7013862E-04
  2.3014399E+03  3.6883555E-04
  2.3067500E+03  3.6883555E-04
  2.3120601E+03  3.6883555E-04
  2.3173899E+03  3.6861774E-04
  2.3227400E+03  3.6883555E-04
  2.3280901E+03  3.6861774E-04
  2.3334600E+03  3.6861774E-04
  2.3388401E+03  3.6861774E-04
  2.3442300E+03  3.6861430E-04
  2.3496299E+03  3.7542565E-04
  2.3550500E+03  3.8554944E-04
  2.3604800E+03  3.8244197E-04
  2.3659199E+03  3.8413203E-04
  2.3713701E+03  3.8244197E-04
  2.3768401E+03  3.8413203E-04
  2.3823201E+03  3.8244197E-04
  2.3878101E+03  3.8244197E-04
  2.3933201E+03  3.8588018E-04
  2.3988301E+03  4.0276613E-04
  2.4043601E+03  4.0821679E-04
  2.4099099E+03  4.1023307E-04
  2.4154600E+03  4.2823169E-04
  2.4210300E+03  4.2392875E-04
  2.4266101E+03  4.3555890E-04
  2.4322000E+03  4.3785156E-04
  2.4378101E+03  4.5822517E-04
  2.4434299E+03  4.9241638E-04
  2.4490601E+03  5.0503440E-04
  2.4547100E+03  5.0205307E-04
  2.4603701E+03  5.1299628E-04
  2.4660400E+03  5.2776979E-04
  2.4717200E+03  5.2991032E-04
  2.4774199E+03  5.2776979E-04
  2.4831299E+03  5.3274317E-04
  2.4888601E+03  5.4347154E-04
  2.4945901E+03  5.4241938E-04
  2.5003501E+03  5.4998242E-04
  2.5061101E+03  5.4998242E-04
  2.5118899E+03  5.5382698E-04
  2.5176799E+03  5.5820902E-04
  2.5234800E+03  5.6547421E-04
  2.5293000E+03  5.6547421E-04
  2.5351299E+03  5.7663716E-04
  2.5409700E+03  5.9973594E-04
  2.5468301E+03  5.9897749E-04
  2.5527000E+03  6.0502236E-04
  2.5585901E+03  6.1296852E-04
  2.5644800E+03  6.1290589E-04
  2.5703899E+03  6.3693384E-04
  2.5763201E+03  6.4120593E-04
  2.5822600E+03  6.4340164E-04
  2.5882100E+03  6.5792591E-04
  2.5941799E+03  6.6663639E-04
  2.6001599E+03  6.7178009E-04
  2.6061499E+03  7.2098878E-04
  2.6121599E+03  7.3114323E-04
  2.6181799E+03  7.3146442E-04
  2.6242200E+03  7.5659144E-04
  2.6302700E+03  7.6963712E-04
  2.6363301E+03  7.7578420E-04
  2.6424099E+03  7.8953354E-04
  2.6485000E+03  7.9789822E-04
  2.6546101E+03  8.0728700E-04
  2.6607200E+03  8.0789218E-04
  2.6668601E+03  8.3595573E-04
  2.6730100E+03  8.4518193E-04
  2.6791699E+03  8.6208904E-04
  2.6853401E+03  9.2006760E-04
  2.6915300E+03  9.2530821E-04
  2.6977400E+03  9.3061139E-04
  2.7039600E+03  9.4926805E-04
  2.7101899E+03  9.5070695E-04
  2.7164399E+03  9.6368557E-04
  2.7227000E+03  1.0248841E-03
  2.7289800E+03  1.0337783E-03
  2.7352700E+03  1.0394726E-03
  2.7415701E+03  1.0476109E-03
  2.7478899E+03  1.0511273E-03
  2.7542300E+03  1.0511273E-03
  2.7605801E+03  1.0524733E-03
  2.7669399E+03  1.0615867E-03
  2.7733201E+03  1.0776905E-03
  2.7797100E+03  1.0839510E-03
  2.7861201E+03  1.1235513E-03
  2.7925400E+03  1.1318787E-03
  2.7989800E+03  1.1531019E-03
  2.8054299E+03  1.1586619E-03
  2.8118999E+03  1.1622282E-03
  2.8183799E+03  1.1658150E-03
  2.8248799E+03  1.1715302E-03
  2.8313899E+03  1.1774194E-03
  2.8379199E+03  1.1791394E-03
  2.8444600E+03  1.1928210E-03
  2.8510200E+03  1.2319129E-03
  2.8575901E+03  1.2473656E-03
  2.8641799E+03  1.2534000E-03
  2.8707800E+03  1.2642546E-03
  2.8773999E+03  1.2861392E-03
  2.8840300E+03  1.2931284E-03
  2.8906799E+03  1.3097365E-03
  2.8973401E+03  1.3320632E-03
  2.9040200E+03  1.3391946E-03
  2.9107200E+03  1.3465105E-03
  2.9174299E+03  1.3758105E-03
  2.9241499E+03  1.4145400E-03
  2.9308899E+03  1.4585837E-03
  2.9376499E+03  1.4821242E-03
  2.9444199E+03  1.4965304E-03
  2.9512100E+03  1.4986104E-03
  2.9580100E+03  1.5289395E-03
  2.9648301E+03  1.5400305E-03
  2.9716699E+03  1.5552335E-03
  2.9785200E+03  1.5753029E-03
  2.9853799E+03  1.5850744E-03
  2.9922600E+03  1.6071198E-03
  2.9991599E+03  1.6415913E-03
  3.0060801E+03  1.6625324E-03
  3.0130100E+03  1.6667105E-03
  3.0199500E+03  1.6705175E-03
  3.0269099E+03  1.6877922E-03
  3.0338899E+03  1.6882307E-03
  3.0408899E+03  1.6864410E-03
  3.0478899E+03  1.6945354E-03
  3.0549199E+03  1.6966950E-03
  3.0619600E+03  1.7046037E-03
  3.0690200E+03  1.7250914E-03
  3.0761001E+03  1.7638141E-03
  3.0831899E+03  1.8097602E-03
  3.0903000E+03  1.8344352E-03
  3.0974199E+03  1.8534742E-03
  3.1045601E+03  1.8622312E-03
  3.1117200E+03  1.8818831E-03
  3.1188899E+03  1.9016839E-03
  3.1260801E+03  1.9286664E-03
  3.1332800E+03  1.9746388E-03
  3.1405100E+03  1.9905795E-03
  3.1477500E+03  2.0416423E-03
  3.1550000E+03  2.0549425E-03
  3.1622800E+03  2.0582573E-03
  3.1695701E+03  2.0619873E-03
  3.1768701E+03  2.0644565E-03
  3.1842000E+03  2.0806461E-03
  3.1915400E+03  2.0818685E-03
  3.1988899E+03  2.0870306E-03
  3.2062700E+03  2.1115548E-03
  3.2136599E+03  2.1167011E-03
  3.2210701E+03  2.1376507E-03
  3.2284900E+03  2.1934435E-03
  3.2359399E+03  2.2399328E-03
  3.2433999E+03  2.2758439E-03
  3.2508701E+03  2.2906056E-03
  3.2583701E+03  2.2909928E-03
  3.2658799E+03  2.2981327E-03
  3.2734099E+03  2.3044937E-03
  3.2809500E+03  2.3139878E-03
  3.2885200E+03  2.3139878E-03
  3.2961001E+03  2.3267770E-03
  3.3036899E+03  2.3424863E-03
  3.3113101E+03  2.3535253E-03
  3.3189399E+03  2.3606112E-03
  3.3265901E+03  2.3782691E-03
  3.3342600E+03  2.3895397E-03
  3.3419500E+03  2.4297186E-03
  3.3496499E+03  2.4472659E-03
  3.3573799E+03  2.4765194E-03
  3.3651201E+03  2.5099861E-03
  3.3728701E+03  2.5256632E-03
  3.3806499E+03  2.5428745E-03
  3.3884399E+03  2.5731367E-03
  3.3962500E+03  2.5731367E-03
  3.4040801E+03  2.6294268E-03
  3.4119299E+03  2.6294268E-03
  3.4197900E+03  2.6545955E-03
  3.4276799E+03  2.7032767E-03
  3.4355801E+03  2.7261050E-03
  3.4435000E+03  2.7497420E-03
  3.4514399E+03  2.7609810E-03
  3.4593899E+03  2.7706439E-03
  3.4673701E+03  2.7714348E-03
  3.4753601E+03  2.7763688E-03
  3.4833701E+03  2.7731014E-03
  3.4913999E+03  2.8337769E-03
  3.4994500E+03  2.8439006E-03
  3.5075200E+03  2.8656076E-03
  3.5156001E+03  2.8876725E-03
  3.5237100E+03  2.9055763E-03
  3.5318301E+03  2.9096003E-03
  3.5399700E+03  2.9130718E-03
  3.5481299E+03  2.9149675E-03
  3.5563101E+03  2.9232732E-03
  3.5645100E+03  2.9274086E-03
  3.5727300E+03  2.9738531E-03
  3.5809600E+03  2.9909282E-03
  3.5892200E+03  3.0218740E-03
  3.5974900E+03  3.0306126E-03
  3.6057900E+03  3.0488621E-03
  3.6141001E+03  3.0559401E-03
  3.6224299E+03  3.0655749E-03
  3.6307800E+03  3.0828603E-03
  3.6391499E+03  3.0883232E-03
  3.6475400E+03  3.1045654E-03
  3.6559500E+03  3.1183397E-03
  3.6643701E+03  3.1585942E-03
  3.6728201E+03  3.1922173E-03
  3.6812900E+03  3.2247659E-03
  3.6897800E+03  3.3665029E-03
  3.6982800E+03  3.3948985E-03
  3.7068101E+03  3.4051647E-03
  3.7153501E+03  3.4180088E-03
  3.7239199E+03  3.4282357E-03
  3.7325000E+03  3.4327779E-03
  3.7411101E+03  3.5140975E-03
  3.7497300E+03  3.6497230E-03
  3.7583701E+03  3.6632526E-03
  3.7670400E+03  3.7535927E-03
  3.7757200E+03  3.7733298E-03
  3.7844199E+03  3.7877811E-03
  3.7931499E+03  3.7991540E-03
  3.8018899E+03  3.8537572E-03
  3.8106599E+03  3.8739315E-03
  3.8194399E+03  3.9028001E-03
  3.8282500E+03  3.9189756E-03
  3.8370701E+03  4.0635853E-03
  3.8459199E+03  4.1154251E-03
  3.8547800E+03  4.1739824E-03
  3.8636699E+03  4.1871103E-03
  3.8725701E+03  4.1957805E-03
  3.8815000E+03  4.2157960E-03
  3.8904500E+03  4.2054174E-03
  3.8994199E+03  4.2433459E-03
  3.9084099E+03  4.2462447E-03
  3.9174199E+03  4.2433459E-03
  3.9264500E+03  4.2668385E-03
  3.9355000E+03  4.2813108E-03
  3.9445701E+03  4.2939559E-03
  3.9536699E+03  4.3303170E-03
  3.9627800E+03  4.5386967E-03
  3.9719199E+03  4.6294127E-03
  3.9810701E+03  4.6278019E-03
  3.9902500E+03  4.6662008E-03
  3.9994500E+03  4.7686612E-03
  4.0086699E+03  4.8133051E-03
  4.0179099E+03  4.9938369E-03
  4.0271699E+03  5.0647347E-03
  4.0364500E+03  5.1112017E-03
  4.0457600E+03  5.1341723E-03
  4.0550901E+03  5.1510180E-03
  4.0644299E+03  5.1603895E-03
  4.0738000E+03  5.1621180E-03
  4.0831899E+03  5.1715239E-03
  4.0926101E+03  5.1613217E-03
  4.1020400E+03  5.1793768E-03
  4.1115000E+03  5.2037076E-03
  4.1209800E+03  5.2332585E-03
  4.1304702E+03  5.3090299E-03
  4.1400000E+03  5.4662111E-03
  4.1495400E+03  5.5515021E-03
  4.1591099E+03  5.5962135E-03
  4.1686899E+03  5.6431531E-03
  4.1782998E+03  5.6642648E-03
  4.1879399E+03  5.6949831E-03
  4.1975898E+03  5.7335715E-03
  4.2072598E+03  5.7555935E-03
  4.2169600E+03  5.7824850E-03
  4.2266899E+03  5.8273193E-03
  4.2364302E+03  5.8915243E-03
  4.2462002E+03  5.9562665E-03
  4.2559800E+03  6.0107149E-03
  4.2657900E+03  6.0396674E-03
  4.2756299E+03  6.0841171E-03
  4.2854800E+03  6.1972686E-03
  4.2953599E+03  6.2900223E-03
  4.3052598E+03  6.3960701E-03
  4.3151899E+03  6.4058951E-03
  4.3251401E+03  6.4406320E-03
  4.3351099E+03  6.4646881E-03
  4.3451001E+03  6.4836820E-03
  4.3551201E+03  6.4965477E-03
  4.3651602E+03  6.4965477E-03
  4.3752202E+03  6.4965477E-03
  4.3853101E+03  6.5887473E-03
  4.3954199E+03  6.5896767E-03
  4.4055498E+03  6.7848926E-03
  4.4157002E+03  6.8334537E-03
  4.4258799E+03  6.8334537E-03
  4.4360801E+03  6.8517588E-03
  4.4463101E+03  6.8328236E-03
  4.4565601E+03  6.7849709E-03
  4.4668301E+03  6.7821853E-03
  4.4771299E+03  6.7849709E-03
  4.4874502E+03  6.7849746E-03
  4.4977998E+03  6.7865653E-03
  4.5081699E+03  6.7911083E-03
  4.5185601E+03  6.8087019E-03
  4.5289702E+03  6.8252920E-03
  4.5394102E+03  6.8571740E-03
  4.5498799E+03  6.8890648E-03
  4.5603701E+03  6.9660386E-03
  4.5708799E+03  7.0297564E-03
  4.5814199E+03  7.0435046E-03
  4.5919800E+03  7.1351458E-03
  4.6025601E+03  7.1704551E-03
  4.6131802E+03  7.2415862E-03
  4.6238101E+03  7.1867863E-03
  4.6344702E+03  7.3184641E-03
  4.6451499E+03  7.3254015E-03
  4.6558599E+03  7.3811091E-03
  4.6665898E+03  7.4271825E-03
  4.6773501E+03  7.4893357E-03
  4.6881299E+03  7.5216638E-03
  4.6989399E+03  7.5382693E-03
  4.7097700E+03  7.5448812E-03
  4.7206299E+03  7.5965878E-03
  4.7315098E+03  7.6026209E-03
  4.7424199E+03  7.6030088E-03
  4.7533501E+03  7.5967549E-03
  4.7643101E+03  7.5886478E-03
  4.7752900E+03  7.5886478E-03
  4.7862998E+03  7.5851032E-03
  4.7973301E+03  7.5851032E-03
  4.8083901E+03  7.6111774E-03
  4.8194800E+03  7.6030088E-03
  4.8305898E+03  7.6443087E-03
  4.8417202E+03  7.6443087E-03
  4.8528799E+03  7.7059264E-03
  4.8640698E+03  7.7587026E-03
  4.8752798E+03  7.7632233E-03
  4.8865200E+03  7.8381263E-03
  4.8977900E+03  7.8475419E-03
  4.9090801E+03  7.8475419E-03
  4.9203901E+03  7.9259174E-03
  4.9317402E+03  7.9706684E-03
  4.9431099E+03  7.9750232E-03
  4.9545000E+03  7.9880413E-03
  4.9659199E+03  7.9880413E-03
  4.9773701E+03  8.0340430E-03
  4.9888398E+03  7.9880413E-03
  5.0003398E+03  7.9675531E-03
  5.0118701E+03  7.9287067E-03
  5.0234302E+03  7.8875721E-03
  5.0350000E+03  7.8948671E-03
  5.0466099E+03  7.9050679E-03
  5.0582500E+03  7.9070553E-03
  5.0699102E+03  7.9050679E-03
  5.0815898E+03  7.8955870E-03
  5.0933101E+03  7.9074726E-03
  5.1050498E+03  7.9287067E-03
  5.1168198E+03  7.9671424E-03
  5.1286099E+03  7.9816766E-03
  5.1404399E+03  7.9854457E-03
  5.1522900E+03  7.9789432E-03
  5.1641602E+03  7.9864804E-03
  5.1760698E+03  7.9816766E-03
  5.1880000E+03  7.9642739E-03
  5.1999600E+03  7.9837888E-03
  5.2119502E+03  7.9439599E-03
  5.2239600E+03  7.9087531E-03
  5.2360000E+03  7.8817504E-03
  5.2480698E+03  7.8817504E-03
  5.2601699E+03  7.8875069E-03
  5.2722998E+03  7.8875069E-03
  5.2844502E+03  7.8936405E-03
  5.2966299E+03  7.8936405E-03
  5.3088398E+03  7.7992124E-03
  5.3210801E+03  7.8936405E-03
  5.3333501E+03  7.9039568E-03
  5.3456401E+03  7.9039568E-03
  5.3579600E+03  7.8936405E-03
  5.3703198E+03  7.8716530E-03
  5.3827002E+03  7.8873383E-03
  5.3951001E+03  7.9120146E-03
  5.4075400E+03  7.9479823E-03
  5.4200098E+03  7.9479823E-03
  5.4325000E+03  8.0652777E-03
  5.4450200E+03  8.0653131E-03
  5.4575801E+03  8.1154788E-03
  5.4701602E+03  8.1913518E-03
  5.4827700E+03  8.1840437E-03
  5.4954102E+03  8.1913518E-03
  5.5080801E+03  8.1610987E-03
  5.5207700E+03  8.1840437E-03
  5.5335000E+03  8.1770020E-03
  5.5462598E+03  8.1840437E-03
  5.5590400E+03  8.1658587E-03
  5.5718501E+03  8.1610987E-03
  5.5847002E+03  8.1261471E-03
  5.5975698E+03  8.1158224E-03
  5.6104800E+03  8.1261471E-03
  5.6234102E+03  8.0741690E-03
  5.6363799E+03  8.0568558E-03
  5.6493701E+03  8.0205761E-03
  5.6623901E+03  8.1650829E-03
  5.6754502E+03  8.1640789E-03
  5.6885298E+03  8.1868386E-03
  5.7016401E+03  8.2090255E-03
  5.7147900E+03  8.2154190E-03
  5.7279600E+03  8.2838498E-03
  5.7411602E+03  8.2838498E-03
  5.7543999E+03  8.2956590E-03
  5.7676602E+03  8.2956590E-03
  5.7809600E+03  8.4169395E-03
  5.7942900E+03  8.2838498E-03
  5.8076401E+03  8.2838498E-03
  5.8210298E+03  8.3016269E-03
  5.8344502E+03  8.3126407E-03
  5.8478999E+03  8.3016269E-03
  5.8613799E+03  8.3016269E-03
  5.8748901E+03  8.2956823E-03
  5.8884399E+03  8.2989521E-03
  5.9020098E+03  8.2989521E-03
  5.9156099E+03  8.2676895E-03
  5.9292500E+03  8.2057053E-03
  5.9429199E+03  8.2057053E-03
  5.9566201E+03  8.1682298E-03
  5.9703501E+03  8.1738597E-03
  5.9841201E+03  8.1738597E-03
  5.9979102E+03  8.1682298E-03
  6.0117300E+03  8.1588328E-03
  6.0256001E+03  8.1416648E-03
  6.0394800E+03  8.1738597E-03
  6.0534102E+03  8.1588328E-03
  6.0673599E+03  8.1588328E-03
  6.0813501E+03  8.1792818E-03
  6.0953701E+03  8.2010264E-03
  6.1094199E+03  8.2230167E-03
  6.1235000E+03  8.2494589E-03
  6.1376201E+03  8.2230167E-03
  6.1517700E+03  8.2593970E-03
  6.1659502E+03  8.2948124E-03
  6.1801602E+03  8.3648777E-03
  6.1944102E+03  8.3181364E-03
  6.2086899E+03  8.3181364E-03
  6.2230000E+03  8.3181364E-03
  6.2373501E+03  8.3181364E-03
  6.2517300E+03  8.3181364E-03
  6.2661401E+03  8.2309935E-03
  6.2805801E+03  7.8424085E-03
  6.2950601E+03  8.2269767E-03
  6.3095698E+03  7.9768365E-03
  6.3241201E+03  7.9768365E-03
  6.3386899E+03  7.9768365E-03
  6.3533101E+03  7.9768365E-03
  6.3679502E+03  7.9557439E-03
  6.3826299E+03  7.9768365E-03
  6.3973501E+03  7.9557439E-03
  6.4120898E+03  7.9794861E-03
  6.4268799E+03  7.9645840E-03
  6.4416899E+03  7.9645840E-03
  6.4565400E+03  7.9215104E-03
  6.4714199E+03  7.9645840E-03
  6.4863398E+03  7.9645840E-03
  6.5012998E+03  7.9215104E-03
  6.5162798E+03  7.9106241E-03
  6.5312998E+03  7.9106241E-03
  6.5463599E+03  7.9106241E-03
  6.5614502E+03  7.9106241E-03
  6.5765801E+03  7.9106241E-03
  6.5917402E+03  7.8525627E-03
  6.6069302E+03  7.9709524E-03
  6.6221602E+03  7.9709524E-03
  6.6374302E+03  7.9709524E-03
  6.6527300E+03  7.8525627E-03
  6.6680698E+03  7.8525627E-03
  6.6834399E+03  7.8525627E-03
  6.6988501E+03  7.9038395E-03
  6.7142900E+03  7.7849422E-03
  6.7297598E+03  7.9209320E-03
  6.7452798E+03  7.9315230E-03
  6.7608301E+03  7.9315230E-03
  6.7764102E+03  7.9315230E-03
  6.7920400E+03  7.7552702E-03
  6.8076899E+03  7.7735521E-03
  6.8233799E+03  7.8299157E-03
  6.8391099E+03  8.1989011E-03
  6.8548799E+03  8.1989011E-03
  6.8706802E+03  8.1989011E-03
  6.8865200E+03  8.1989011E-03
  6.9023999E+03  8.1989011E-03
  6.9183101E+03  8.1989011E-03
  6.9342598E+03  7.7997688E-03
  6.9502402E+03  7.7922833E-03
  6.9662598E+03  7.6650931E-03
  6.9823198E+03  7.6650931E-03
  6.9984199E+03  7.6650931E-03
  7.0145498E+03  7.6650931E-03
  7.0307202E+03  7.6650931E-03
  7.0469302E+03  7.7059432E-03
  7.0631802E+03  7.7059432E-03
  7.0794600E+03  7.7059432E-03
  7.0957700E+03  7.7059432E-03
  7.1121401E+03  7.7059432E-03
  7.1285298E+03  7.7059432E-03
  7.1449600E+03  7.1647926E-03
  7.1614302E+03  7.2061010E-03
  7.1779399E+03  7.1749203E-03
  7.1944902E+03  6.9547356E-03
  7.2110698E+03  6.9547356E-03
  7.2277002E+03  6.9547356E-03
  7.2443599E+03  6.9547356E-03
  7.2610601E+03  6.9547356E-03
  7.2777998E+03  7.4108504E-03
  7.2945698E+03  7.3912055E-03
  7.3113901E+03  7.5331726E-03
  7.3282500E+03  7.9513425E-03
  7.3451401E+03  7.9513425E-03
  7.3620698E+03  7.9513425E-03
  7.3790400E+03  7.6274653E-03
  7.3960498E+03  7.6274653E-03
  7.4131001E+03  7.9513425E-03
  7.4301899E+03  7.5465632E-03
  7.4473198E+03  7.5465632E-03
  7.4644902E+03  7.6181334E-03
  7.4816899E+03  7.6248571E-03
  7.4989399E+03  7.6248571E-03
  7.5162300E+03  7.8335358E-03
  7.5335498E+03  7.6181334E-03
  7.5509199E+03  7.6181334E-03
  7.5683301E+03  7.3704720E-03
  7.5857700E+03  7.3704720E-03
  7.6032598E+03  7.3704720E-03
  7.6207900E+03  7.4320771E-03
  7.6383599E+03  7.5233448E-03
  7.6559600E+03  7.5233448E-03
  7.6736099E+03  7.5233448E-03
  7.6912998E+03  7.5233448E-03
  7.7090298E+03  7.7031176E-03
  7.7268101E+03  7.5200372E-03
  7.7446201E+03  7.4277781E-03
  7.7624702E+03  7.4277781E-03
  7.7803599E+03  7.4277781E-03
  7.7982998E+03  7.4277781E-03
  7.8162798E+03  7.4277781E-03
  7.8342900E+03  7.2155106E-03
  7.8523599E+03  7.1694553E-03
  7.8704600E+03  7.2630700E-03
  7.8886001E+03  7.7990624E-03
  7.9067900E+03  7.6028751E-03
  7.9250098E+03  7.6028751E-03
  7.9432798E+03  7.6028751E-03
  7.9615898E+03  7.7990624E-03
  7.9799502E+03  7.7990624E-03
  7.9983398E+03  7.2428705E-03
  8.0167798E+03  7.2979862E-03
  8.0352598E+03  7.3091048E-03
  8.0537798E+03  7.3167807E-03
  8.0723501E+03  7.3733856E-03
  8.0909600E+03  7.3199589E-03
  8.1096099E+03  7.3821545E-03
  8.1282998E+03  7.5285132E-03
  8.1470400E+03  7.5930981E-03
  8.1658198E+03  7.6349643E-03
  8.1846499E+03  7.4809939E-03
  8.2035098E+03  7.3315613E-03
  8.2224297E+03  7.3315613E-03
  8.2413799E+03  7.3315613E-03
  8.2603799E+03  7.2783614E-03
  8.2794199E+03  7.2783614E-03
  8.2985098E+03  7.2716917E-03
  8.3176299E+03  7.1686208E-03
  8.3368096E+03  7.1325805E-03
  8.3560303E+03  7.3101763E-03
  8.3752900E+03  6.8427976E-03
  8.3945996E+03  6.8427976E-03
  8.4139502E+03  6.8427976E-03
  8.4333496E+03  6.5018926E-03
  8.4527900E+03  6.5924120E-03
  8.4722695E+03  6.5924120E-03
  8.4917998E+03  6.5924120E-03
  8.5113799E+03  6.7694858E-03
  8.5310000E+03  6.7694858E-03
  8.5506699E+03  6.9046719E-03
  8.5703799E+03  6.9046719E-03
  8.5901396E+03  6.4644823E-03
  8.6099404E+03  6.5028560E-03
  8.6297803E+03  6.4644823E-03
  8.6496699E+03  6.8220966E-03
  8.6696201E+03  6.5028560E-03
  8.6895996E+03  6.8220966E-03
  8.7096299E+03  6.8220966E-03
  8.7297100E+03  6.7929053E-03
  8.7498398E+03  6.3716955E-03
  8.7700000E+03  6.3716955E-03
  8.7902305E+03  6.3716955E-03
  8.8104902E+03  7.0630084E-03
  8.8307998E+03  7.1208044E-03
  8.8511504E+03  7.1084425E-03
  8.8715596E+03  6.9019129E-03
  8.8920098E+03  7.0013218E-03
  8.9125098E+03  7.0370850E-03
  8.9330498E+03  6.9367341E-03
  8.9536504E+03  6.9427229E-03
  8.9742803E+03  6.9654956E-03
  8.9949805E+03  6.9194706E-03
  9.0157100E+03  6.8202466E-03
  9.0364902E+03  7.0352657E-03
  9.0573301E+03  6.6375076E-03
  9.0782002E+03  6.6375076E-03
  9.0991299E+03  6.7078951E-03
  9.1200996E+03  6.7078951E-03
  9.1411299E+03  7.1333833E-03
  9.1622002E+03  7.1093361E-03
  9.1833203E+03  7.1447059E-03
  9.2045000E+03  7.0001571E-03
  9.2257100E+03  6.8253553E-03
  9.2469805E+03  6.7833764E-03
  9.2682998E+03  6.8096104E-03
  9.2896602E+03  6.7376154E-03
  9.3110801E+03  6.7754420E-03
  9.3325400E+03  6.7698313E-03
  9.3540596E+03  5.9833238E-03
  9.3756201E+03  5.9833238E-03
  9.3972305E+03  5.9833238E-03
  9.4189004E+03  5.9833238E-03
  9.4406104E+03  6.7079500E-03
  9.4623701E+03  6.7397244E-03
  9.4841797E+03  6.7893374E-03
  9.5060498E+03  6.7188996E-03
  9.5279600E+03  6.7207888E-03
  9.5499199E+03  6.5892572E-03
  9.5719404E+03  6.6691972E-03
  9.5940000E+03  6.7400979E-03
  9.6161201E+03  6.6772345E-03
  9.6382900E+03  6.8302285E-03
  9.6605098E+03  6.6030789E-03
  9.6827695E+03  6.6030789E-03
  9.7050996E+03  6.3753622E-03
  9.7274697E+03  6.3753622E-03
  9.7498896E+03  6.4971289E-03
  9.7723701E+03  6.5095355E-03
  9.7949004E+03  6.1309603E-03
  9.8174805E+03  6.3404413E-03
  9.8401104E+03  6.3404413E-03
  9.8627900E+03  6.3404413E-03
  9.8855303E+03  6.1309603E-03
  9.9083203E+03  6.1481432E-03
  9.9311602E+03  6.1481432E-03
  9.9540498E+03  6.1481432E-03
  9.9770000E+03  6.1481432E-03
  1.0000000E+04  6.1481432E-03
  1.0000000E+04  6.1481432E-03
  1.0115800E+04  5.8862451E-03
  1.0232940E+04  6.2800404E-03
  1.0351420E+04  5.6225304E-03
  1.0471290E+04  5.2094813E-03
  1.0592540E+04  5.9091938E-03
  1.0715200E+04  5.7077785E-03
  1.0839270E+04  5.2610789E-03
  1.0964780E+04  5.0990861E-03
  1.1091750E+04  5.0570858E-03
  1.1220190E+04  4.8869997E-03
  1.1350100E+04  5.0176512E-03
  1.1481540E+04  4.9842373E-03
  1.1614490E+04  4.6466249E-03
  1.1748980E+04  4.7565764E-03
  1.1885020E+04  4.4536218E-03
  1.2022640E+04  4.4587106E-03
  1.2161860E+04  4.5075463E-03
  1.2302690E+04  4.2812382E-03
  1.2445140E+04  4.3276525E-03
  1.2589250E+04  4.3096724E-03
  1.2735030E+04  4.2850166E-03
  1.2882500E+04  4.2133690E-03
  1.3031660E+04  4.1919583E-03
  1.3182560E+04  4.1226135E-03
  1.3335210E+04  4.1089370E-03
  1.3489630E+04  4.2431015E-03
  1.3645840E+04  3.9128507E-03
  1.3803840E+04  3.7280251E-03
  1.3963680E+04  3.6406340E-03
  1.4125380E+04  3.8680257E-03
  1.4288950E+04  3.7475105E-03
  1.4454390E+04  3.5982321E-03
  1.4621770E+04  3.5936167E-03
  1.4791090E+04  3.6741060E-03
  1.4962360E+04  3.6867301E-03
  1.5135610E+04  3.4540179E-03
  1.5310870E+04  3.4519669E-03
  1.5488170E+04  3.4178682E-03
  1.5667520E+04  3.3216251E-03
  1.5848920E+04  3.2036991E-03
  1.6032450E+04  3.2280905E-03
  1.6218100E+04  3.1994246E-03
  1.6405900E+04  3.1609240E-03
  1.6595859E+04  3.1962751E-03
  1.6788039E+04  3.0240761E-03
  1.6982439E+04  2.9683760E-03
  1.7179090E+04  2.8595042E-03
  1.7378000E+04  2.7227113E-03
  1.7579230E+04  2.6371116E-03
  1.7782789E+04  2.5229915E-03
  1.7988711E+04  2.4154801E-03
  1.8197020E+04  2.3153753E-03
  1.8407711E+04  2.2346759E-03
  1.8620869E+04  2.1491798E-03
  1.8836490E+04  2.0750021E-03
  1.9054619E+04  2.0162780E-03
  1.9275240E+04  1.9388321E-03
  1.9498439E+04  1.8484524E-03
  1.9724230E+04  1.7804656E-03
  1.9952631E+04  1.7267439E-03
  2.0183660E+04  1.6790202E-03
  2.0417381E+04  1.6285668E-03
  2.0653801E+04  1.5754534E-03
  2.0892971E+04  1.5246581E-03
  2.1134881E+04  1.4808637E-03
  2.1379619E+04  1.4431590E-03
  2.1627189E+04  1.3857161E-03
  2.1877619E+04  1.3432008E-03
  2.2130939E+04  1.2985620E-03
  2.2387211E+04  1.2474464E-03
  2.2646439E+04  1.1984094E-03
  2.2908680E+04  1.0729891E-03
  2.3173930E+04  1.0229588E-03
  2.3442279E+04  9.5196191E-04
  2.3713740E+04  8.9334272E-04
  2.3988340E+04  8.4461796E-04
  2.4266109E+04  7.9684373E-04
  2.4547080E+04  7.3497760E-04
  2.4831330E+04  6.7242468E-04
  2.5118869E+04  6.4235873E-04
  2.5409740E+04  6.3370209E-04
  2.5703949E+04  6.2616431E-04
  2.6001590E+04  6.0948415E-04
  2.6302680E+04  5.9020903E-04
  2.6607260E+04  5.7041884E-04
  2.6915340E+04  5.5701274E-04
  2.7227010E+04  5.4601795E-04
  2.7542289E+04  5.2953925E-04
  2.7861221E+04  5.1189720E-04
  2.8183820E+04  4.9369072E-04
  2.8510180E+04  4.7899870E-04
  2.8840320E+04  4.6222311E-04
  2.9174279E+04  4.4707328E-04
  2.9512080E+04  4.3114185E-04
  2.9853820E+04  4.1646874E-04
  3.0199520E+04  4.0288313E-04
  3.0549221E+04  3.8898099E-04
  3.0902939E+04  3.7684318E-04
  3.1260789E+04  3.6566221E-04
  3.1622779E+04  3.5285883E-04
  3.1988961E+04  3.4232595E-04
  3.2359350E+04  3.3074504E-04
  3.2734061E+04  3.1886040E-04
  3.3113109E+04  3.0742359E-04
  3.3496551E+04  2.9709682E-04
  3.3884430E+04  2.8576711E-04
  3.4276770E+04  2.7548749E-04
  3.4673680E+04  2.6535682E-04
  3.5075199E+04  2.5545957E-04
  3.5481359E+04  2.4539200E-04
  3.5892180E+04  2.3534776E-04
  3.6307801E+04  2.2697699E-04
  3.6728230E+04  2.1757001E-04
  3.7153539E+04  2.0849647E-04
  3.7583719E+04  1.9988955E-04
  3.8018930E+04  1.9235919E-04
  3.8459180E+04  1.8538731E-04
  3.8904531E+04  1.7746730E-04
  3.9354988E+04  1.7032136E-04
  3.9810711E+04  1.6261199E-04
  4.0271711E+04  1.5679313E-04
  4.0738039E+04  1.5009330E-04
  4.1209730E+04  1.4430654E-04
  4.1686930E+04  1.3809653E-04
  4.2169648E+04  1.3259186E-04
  4.2657961E+04  1.2755470E-04
  4.3151879E+04  1.1395624E-04
  4.3651570E+04  1.0608858E-04
  4.4157039E+04  9.8304467E-05
  4.4668371E+04  9.2882037E-05
  4.5185621E+04  8.8927409E-05
  4.5708801E+04  8.6423090E-05
  4.6238102E+04  8.2826897E-05
  4.6773520E+04  8.0602709E-05
  4.7315148E+04  7.8195764E-05
  4.7862988E+04  7.5229480E-05
  4.8417230E+04  7.2859766E-05
  4.8977891E+04  6.9725691E-05
  4.9545039E+04  6.7121531E-05
  5.0118699E+04  6.5036416E-05
  5.0699059E+04  6.2662133E-05
  5.1286141E+04  6.0577313E-05
  5.1880020E+04  5.8520207E-05
  5.2480719E+04  5.6541088E-05
  5.3088430E+04  5.4343902E-05
  5.3703180E+04  5.2685791E-05
  5.4325051E+04  5.0635921E-05
  5.4954059E+04  4.9064114E-05
  5.5590410E+04  4.7456611E-05
  5.6234129E+04  4.5849087E-05
  5.6885309E+04  4.4185075E-05
  5.7543961E+04  4.2917382E-05
  5.8210301E+04  4.1423304E-05
  5.8884359E+04  3.9906812E-05
  5.9566230E+04  3.8535305E-05
  6.0255988E+04  3.7250386E-05
  6.0953672E+04  3.5823716E-05
  6.1659500E+04  3.4683086E-05
  6.2373500E+04  3.3391090E-05
  6.3095762E+04  3.2146309E-05
  6.3826320E+04  3.1035004E-05
  6.4565410E+04  2.9887797E-05
  6.5313059E+04  2.8816990E-05
  6.6069367E+04  2.7785309E-05
  6.6834359E+04  2.6775566E-05
  6.7608289E+04  2.5754289E-05
  6.8391172E+04  2.4790903E-05
  6.9183117E+04  2.3860412E-05
  6.9984156E+04  2.2958691E-05
  7.0794562E+04  2.2103495E-05
  7.1614344E+04  2.1279502E-05
  7.2443617E+04  2.0479793E-05
  7.3282406E+04  1.9712497E-05
  7.4131008E+04  1.8971907E-05
  7.4989422E+04  1.8278899E-05
  7.5857781E+04  1.7594410E-05
  7.6736102E+04  1.6901187E-05
  7.7624688E+04  1.6238397E-05
  7.8523562E+04  1.5603380E-05
  7.9432844E+04  1.4990795E-05
  8.0352648E+04  1.4404804E-05
  8.1283023E+04  1.3859300E-05
  8.2224258E+04  1.3340295E-05
  8.3176391E+04  1.2849402E-05
  8.4139547E+04  1.2386087E-05
  8.5113773E+04  1.1949694E-05
  8.6099367E+04  1.1541596E-05
  8.7096367E+04  1.1115303E-05
  8.8104922E+04  1.0697894E-05
  8.9125047E+04  1.0312486E-05
  9.0157102E+04  9.9666886E-06
  9.1201094E+04  9.6473050E-06
  9.2257172E+04  9.3671033E-06
  9.3325383E+04  9.1079010E-06
  9.4406070E+04  8.8799989E-06
  9.5499273E+04  8.6893970E-06
  9.6605117E+04  8.5218971E-06
  9.7723672E+04  8.2865008E-06
  9.8855281E+04  8.0046038E-06
  1.0000000E+05  7.7336981E-06
  1.0115797E+05  7.5123007E-06
  1.0232924E+05  7.2900020E-06
  1.0351419E+05  7.0638034E-06
  1.0471285E+05  6.8339978E-06
  1.0592540E+05  6.6028038E-06
  1.0715198E+05  6.3695970E-06
  1.0839266E+05  6.1365031E-06
  1.0964781E+05  5.9023982E-06
  1.1091750E+05  5.7209008E-06
  1.1220190E+05  5.5811006E-06
  1.1350104E+05  5.3965027E-06
  1.1481534E+05  5.1963025E-06
  1.1614488E+05  5.0012995E-06
  1.1748980E+05  4.8114002E-06
  1.1885017E+05  4.6343966E-06
  1.2022642E+05  4.4659005E-06
  1.2161861E+05  4.3522932E-06
  1.2302692E+05  4.2390989E-06
  1.2445140E+05  4.1280964E-06
  1.2589252E+05  4.0169957E-06
  1.2735031E+05  3.8984958E-06
  1.2882499E+05  3.7746952E-06
  1.3031661E+05  3.6587003E-06
  1.3182564E+05  3.5693013E-06
  1.3335214E+05  3.4810012E-06
  1.3489633E+05  3.3908996E-06
  1.3645823E+05  3.2985997E-06
  1.3803839E+05  3.2040982E-06
  1.3963683E+05  3.1109000E-06
  1.4125378E+05  3.0360964E-06
  1.4288947E+05  2.9625967E-06
  1.4454392E+05  2.8870954E-06
  1.4621770E+05  2.8124002E-06
  1.4791086E+05  2.7368988E-06
  1.4962362E+05  2.6607993E-06
  1.5135606E+05  2.5974002E-06
  1.5310872E+05  2.5367981E-06
  1.5488169E+05  2.4748995E-06
  1.5667517E+05  2.4124997E-06
  1.5848925E+05  2.3503001E-06
  1.6032452E+05  2.2895003E-06
  1.6218103E+05  2.2387010E-06
  1.6405903E+05  2.1899998E-06
  1.6595861E+05  2.1352007E-06
  1.6788036E+05  2.0814000E-06
  1.6982438E+05  2.0281977E-06
  1.7179089E+05  1.9790980E-06
  1.7377998E+05  1.9310003E-06
  1.7579231E+05  1.8798005E-06
  1.7782794E+05  1.8288996E-06
  1.7988714E+05  1.7781994E-06
  1.8196998E+05  1.7343003E-06
  1.8407714E+05  1.6912009E-06
  1.8620870E+05  1.6464008E-06
  1.8836495E+05  1.6013996E-06
  1.9054595E+05  1.5585985E-06
  1.9275242E+05  1.5210006E-06
  1.9498444E+05  1.4821991E-06
  1.9724231E+05  1.4435994E-06
  1.9952631E+05  1.4040999E-06
