  3.1623001E+02  0.0000000E+00
  3.1695999E+02  0.0000000E+00
  3.1769000E+02  0.0000000E+00
  3.1842001E+02  0.0000000E+00
  3.1914999E+02  0.0000000E+00
  3.1989001E+02  0.0000000E+00
  3.2063000E+02  0.0000000E+00
  3.2137000E+02  0.0000000E+00
  3.2210999E+02  0.0000000E+00
  3.2285001E+02  0.0000000E+00
  3.2359000E+02  0.0000000E+00
  3.2434000E+02  0.0000000E+00
  3.2509000E+02  0.0000000E+00
  3.2584000E+02  0.0000000E+00
  3.2659000E+02  0.0000000E+00
  3.2734000E+02  0.0000000E+00
  3.2810001E+02  0.0000000E+00
  3.2885001E+02  0.0000000E+00
  3.2960999E+02  0.0000000E+00
  3.3037000E+02  0.0000000E+00
  3.3113000E+02  0.0000000E+00
  3.3189001E+02  0.0000000E+00
  3.3266000E+02  0.0000000E+00
  3.3342999E+02  0.0000000E+00
  3.3419000E+02  0.0000000E+00
  3.3497000E+02  0.0000000E+00
  3.3573999E+02  0.0000000E+00
  3.3651001E+02  0.0000000E+00
  3.3729001E+02  0.0000000E+00
  3.3806000E+02  0.0000000E+00
  3.3884000E+02  0.0000000E+00
  3.3963000E+02  0.0000000E+00
  3.4041000E+02  0.0000000E+00
  3.4119000E+02  0.0000000E+00
  3.4198001E+02  0.0000000E+00
  3.4276999E+02  0.0000000E+00
  3.4356000E+02  0.0000000E+00
  3.4435001E+02  0.0000000E+00
  3.4514001E+02  0.0000000E+00
  3.4594000E+02  0.0000000E+00
  3.4673999E+02  0.0000000E+00
  3.4754001E+02  0.0000000E+00
  3.4834000E+02  0.0000000E+00
  3.4914001E+02  0.0000000E+00
  3.4995001E+02  0.0000000E+00
  3.5075000E+02  0.0000000E+00
  3.5156000E+02  0.0000000E+00
  3.5237000E+02  0.0000000E+00
  3.5317999E+02  0.0000000E+00
  3.5400000E+02  0.0000000E+00
  3.5481000E+02  0.0000000E+00
  3.5563000E+02  0.0000000E+00
  3.5645001E+02  0.0000000E+00
  3.5726999E+02  0.0000000E+00
  3.5810001E+02  0.0000000E+00
  3.5892001E+02  0.0000000E+00
  3.5975000E+02  0.0000000E+00
  3.6057999E+02  0.0000000E+00
  3.6141000E+02  0.0000000E+00
  3.6223999E+02  0.0000000E+00
  3.6307999E+02  0.0000000E+00
  3.6392001E+02  0.0000000E+00
  3.6475000E+02  0.0000000E+00
  3.6559000E+02  0.0000000E+00
  3.6644000E+02  0.0000000E+00
  3.6728000E+02  0.0000000E+00
  3.6813000E+02  0.0000000E+00
  3.6898001E+02  0.0000000E+00
  3.6982999E+02  0.0000000E+00
  3.7067999E+02  0.0000000E+00
  3.7154001E+02  0.0000000E+00
  3.7239001E+02  0.0000000E+00
  3.7325000E+02  0.0000000E+00
  3.7410999E+02  0.0000000E+00
  3.7497000E+02  0.0000000E+00
  3.7584000E+02  0.0000000E+00
  3.7670001E+02  0.0000000E+00
  3.7757001E+02  0.0000000E+00
  3.7844000E+02  0.0000000E+00
  3.7931000E+02  0.0000000E+00
  3.8019000E+02  0.0000000E+00
  3.8107001E+02  0.0000000E+00
  3.8194000E+02  0.0000000E+00
  3.8282001E+02  0.0000000E+00
  3.8370999E+02  0.0000000E+00
  3.8459000E+02  0.0000000E+00
  3.8548001E+02  0.0000000E+00
  3.8637000E+02  0.0000000E+00
  3.8726001E+02  0.0000000E+00
  3.8814999E+02  0.0000000E+00
  3.8904999E+02  0.0000000E+00
  3.8994000E+02  0.0000000E+00
  3.9084000E+02  0.0000000E+00
  3.9173999E+02  0.0000000E+00
  3.9264999E+02  0.0000000E+00
  3.9354999E+02  0.0000000E+00
  3.9445999E+02  0.0000000E+00
  3.9537000E+02  0.0000000E+00
  3.9628000E+02  0.0000000E+00
  3.9719000E+02  0.0000000E+00
  3.9810999E+02  0.0000000E+00
  3.9901999E+02  0.0000000E+00
  3.9994000E+02  0.0000000E+00
  4.0087000E+02  0.0000000E+00
  4.0179001E+02  0.0000000E+00
  4.0272000E+02  0.0000000E+00
  4.0364999E+02  0.0000000E+00
  4.0457999E+02  0.0000000E+00
  4.0551001E+02  0.0000000E+00
  4.0644000E+02  0.0000000E+00
  4.0738000E+02  0.0000000E+00
  4.0832001E+02  0.0000000E+00
  4.0926001E+02  0.0000000E+00
  4.1020001E+02  0.0000000E+00
  4.1114999E+02  0.0000000E+00
  4.1210001E+02  0.0000000E+00
  4.1304999E+02  0.0000000E+00
  4.1400000E+02  0.0000000E+00
  4.1495001E+02  0.0000000E+00
  4.1591000E+02  0.0000000E+00
  4.1687000E+02  0.0000000E+00
  4.1782999E+02  0.0000000E+00
  4.1879001E+02  0.0000000E+00
  4.1976001E+02  0.0000000E+00
  4.2073001E+02  0.0000000E+00
  4.2170001E+02  0.0000000E+00
  4.2267001E+02  0.0000000E+00
  4.2364001E+02  0.0000000E+00
  4.2462000E+02  0.0000000E+00
  4.2560001E+02  0.0000000E+00
  4.2657999E+02  0.0000000E+00
  4.2756000E+02  0.0000000E+00
  4.2854999E+02  0.0000000E+00
  4.2954001E+02  0.0000000E+00
  4.3053000E+02  0.0000000E+00
  4.3151999E+02  0.0000000E+00
  4.3251001E+02  0.0000000E+00
  4.3351001E+02  0.0000000E+00
  4.3451001E+02  0.0000000E+00
  4.3551001E+02  0.0000000E+00
  4.3651999E+02  0.0000000E+00
  4.3751999E+02  0.0000000E+00
  4.3853000E+02  0.0000000E+00
  4.3954001E+02  0.0000000E+00
  4.4054999E+02  0.0000000E+00
  4.4157001E+02  0.0000000E+00
  4.4259000E+02  0.0000000E+00
  4.4360999E+02  0.0000000E+00
  4.4463000E+02  0.0000000E+00
  4.4566000E+02  0.0000000E+00
  4.4667999E+02  0.0000000E+00
  4.4770999E+02  0.0000000E+00
  4.4875000E+02  0.0000000E+00
  4.4978000E+02  0.0000000E+00
  4.5082001E+02  0.0000000E+00
  4.5185999E+02  0.0000000E+00
  4.5289999E+02  0.0000000E+00
  4.5394000E+02  0.0000000E+00
  4.5498999E+02  0.0000000E+00
  4.5604001E+02  0.0000000E+00
  4.5709000E+02  0.0000000E+00
  4.5814001E+02  0.0000000E+00
  4.5920001E+02  0.0000000E+00
  4.6026001E+02  0.0000000E+00
  4.6132001E+02  0.0000000E+00
  4.6238000E+02  0.0000000E+00
  4.6345001E+02  0.0000000E+00
  4.6451999E+02  0.0000000E+00
  4.6559000E+02  0.0000000E+00
  4.6666000E+02  0.0000000E+00
  4.6773999E+02  0.0000000E+00
  4.6881000E+02  0.0000000E+00
  4.6989001E+02  0.0000000E+00
  4.7098001E+02  0.0000000E+00
  4.7206000E+02  0.0000000E+00
  4.7314999E+02  0.0000000E+00
  4.7423999E+02  0.0000000E+00
  4.7534000E+02  0.0000000E+00
  4.7642999E+02  0.0000000E+00
  4.7753000E+02  0.0000000E+00
  4.7863000E+02  0.0000000E+00
  4.7973001E+02  0.0000000E+00
  4.8084000E+02  0.0000000E+00
  4.8195001E+02  0.0000000E+00
  4.8306000E+02  0.0000000E+00
  4.8417001E+02  0.0000000E+00
  4.8529001E+02  0.0000000E+00
  4.8641000E+02  0.0000000E+00
  4.8753000E+02  0.0000000E+00
  4.8864999E+02  0.0000000E+00
  4.8978000E+02  0.0000000E+00
  4.9091000E+02  0.0000000E+00
  4.9204001E+02  0.0000000E+00
  4.9317001E+02  0.0000000E+00
  4.9431000E+02  0.0000000E+00
  4.9545001E+02  0.0000000E+00
  4.9659000E+02  0.0000000E+00
  4.9773999E+02  0.0000000E+00
  4.9888000E+02  0.0000000E+00
  5.0003000E+02  0.0000000E+00
  5.0119000E+02  0.0000000E+00
  5.0234000E+02  0.0000000E+00
  5.0350000E+02  0.0000000E+00
  5.0466000E+02  0.0000000E+00
  5.0582001E+02  0.0000000E+00
  5.0698999E+02  0.0000000E+00
  5.0816000E+02  0.0000000E+00
  5.0932999E+02  0.0000000E+00
  5.1050000E+02  0.0000000E+00
  5.1167999E+02  0.0000000E+00
  5.1285999E+02  0.0000000E+00
  5.1403998E+02  0.0000000E+00
  5.1522998E+02  0.0000000E+00
  5.1641998E+02  0.0000000E+00
  5.1760999E+02  0.0000000E+00
  5.1879999E+02  0.0000000E+00
  5.2000000E+02  0.0000000E+00
  5.2119000E+02  0.0000000E+00
  5.2240002E+02  0.0000000E+00
  5.2359998E+02  0.0000000E+00
  5.2481000E+02  0.0000000E+00
  5.2602002E+02  0.0000000E+00
  5.2722998E+02  0.0000000E+00
  5.2845001E+02  0.0000000E+00
  5.2965997E+02  0.0000000E+00
  5.3088000E+02  0.0000000E+00
  5.3210999E+02  0.0000000E+00
  5.3333002E+02  0.0000000E+00
  5.3456000E+02  0.0000000E+00
  5.3579999E+02  0.0000000E+00
  5.3703003E+02  0.0000000E+00
  5.3827002E+02  0.0000000E+00
  5.3951001E+02  0.0000000E+00
  5.4075000E+02  0.0000000E+00
  5.4200000E+02  0.0000000E+00
  5.4325000E+02  0.0000000E+00
  5.4450000E+02  0.0000000E+00
  5.4576001E+02  0.0000000E+00
  5.4702002E+02  0.0000000E+00
  5.4828003E+02  0.0000000E+00
  5.4953998E+02  0.0000000E+00
  5.5081000E+02  0.0000000E+00
  5.5208002E+02  0.0000000E+00
  5.5334998E+02  0.0000000E+00
  5.5463000E+02  0.0000000E+00
  5.5590002E+02  0.0000000E+00
  5.5719000E+02  0.0000000E+00
  5.5846997E+02  0.0000000E+00
  5.5976001E+02  0.0000000E+00
  5.6104999E+02  0.0000000E+00
  5.6234003E+02  0.0000000E+00
  5.6364001E+02  0.0000000E+00
  5.6494000E+02  0.0000000E+00
  5.6623999E+02  0.0000000E+00
  5.6753998E+02  0.0000000E+00
  5.6884998E+02  0.0000000E+00
  5.7015997E+02  0.0000000E+00
  5.7147998E+02  0.0000000E+00
  5.7279999E+02  0.0000000E+00
  5.7412000E+02  0.0000000E+00
  5.7544000E+02  0.0000000E+00
  5.7677002E+02  0.0000000E+00
  5.7809998E+02  0.0000000E+00
  5.7942999E+02  0.0000000E+00
  5.8076001E+02  0.0000000E+00
  5.8209998E+02  0.0000000E+00
  5.8345001E+02  0.0000000E+00
  5.8478998E+02  0.0000000E+00
  5.8614001E+02  0.0000000E+00
  5.8748999E+02  0.0000000E+00
  5.8884003E+02  0.0000000E+00
  5.9020001E+02  0.0000000E+00
  5.9156000E+02  0.0000000E+00
  5.9292999E+02  0.0000000E+00
  5.9428998E+02  0.0000000E+00
  5.9565997E+02  0.0000000E+00
  5.9703998E+02  0.0000000E+00
  5.9840997E+02  0.0000000E+00
  5.9978998E+02  0.0000000E+00
  6.0116998E+02  0.0000000E+00
  6.0256000E+02  0.0000000E+00
  6.0395001E+02  0.0000000E+00
  6.0534003E+02  0.0000000E+00
  6.0673999E+02  0.0000000E+00
  6.0813000E+02  0.0000000E+00
  6.0953998E+02  0.0000000E+00
  6.1094000E+02  0.0000000E+00
  6.1234998E+02  0.0000000E+00
  6.1376001E+02  0.0000000E+00
  6.1517999E+02  0.0000000E+00
  6.1659003E+02  0.0000000E+00
  6.1802002E+02  0.0000000E+00
  6.1944000E+02  0.0000000E+00
  6.2087000E+02  0.0000000E+00
  6.2229999E+02  0.0000000E+00
  6.2372998E+02  0.0000000E+00
  6.2516998E+02  0.0000000E+00
  6.2660999E+02  0.0000000E+00
  6.2806000E+02  0.0000000E+00
  6.2951001E+02  0.0000000E+00
  6.3096002E+02  0.0000000E+00
  6.3240997E+02  0.0000000E+00
  6.3387000E+02  0.0000000E+00
  6.3533002E+02  0.0000000E+00
  6.3679999E+02  0.0000000E+00
  6.3826001E+02  0.0000000E+00
  6.3972998E+02  0.0000000E+00
  6.4121002E+02  0.0000000E+00
  6.4269000E+02  0.0000000E+00
  6.4416998E+02  0.0000000E+00
  6.4565002E+02  0.0000000E+00
  6.4714001E+02  0.0000000E+00
  6.4863000E+02  0.0000000E+00
  6.5013000E+02  0.0000000E+00
  6.5163000E+02  0.0000000E+00
  6.5313000E+02  0.0000000E+00
  6.5464001E+02  0.0000000E+00
  6.5615002E+02  0.0000000E+00
  6.5765997E+02  0.0000000E+00
  6.5916998E+02  0.0000000E+00
  6.6069000E+02  0.0000000E+00
  6.6221997E+02  0.0000000E+00
  6.6373999E+02  0.0000000E+00
  6.6527002E+02  0.0000000E+00
  6.6681000E+02  0.0000000E+00
  6.6834003E+02  0.0000000E+00
  6.6988000E+02  0.0000000E+00
  6.7142999E+02  0.0000000E+00
  6.7297998E+02  0.0000000E+00
  6.7453003E+02  0.0000000E+00
  6.7608002E+02  0.0000000E+00
  6.7764001E+02  0.0000000E+00
  6.7920001E+02  0.0000000E+00
  6.8077002E+02  0.0000000E+00
  6.8234003E+02  0.0000000E+00
  6.8390997E+02  0.0000000E+00
  6.8548999E+02  0.0000000E+00
  6.8707001E+02  0.0000000E+00
  6.8865002E+02  0.0000000E+00
  6.9023999E+02  0.0000000E+00
  6.9183002E+02  0.0000000E+00
  6.9342999E+02  0.0000000E+00
  6.9502002E+02  0.0000000E+00
  6.9663000E+02  0.0000000E+00
  6.9822998E+02  0.0000000E+00
  6.9984003E+02  0.0000000E+00
  7.0146002E+02  0.0000000E+00
  7.0307001E+02  0.0000000E+00
  7.0469000E+02  0.0000000E+00
  7.0632001E+02  0.0000000E+00
  7.0795001E+02  0.0000000E+00
  7.0958002E+02  0.0000000E+00
  7.1121002E+02  0.0000000E+00
  7.1284998E+02  0.0000000E+00
  7.1450000E+02  0.0000000E+00
  7.1614001E+02  0.0000000E+00
  7.1778998E+02  0.0000000E+00
  7.1945001E+02  0.0000000E+00
  7.2110999E+02  0.0000000E+00
  7.2277002E+02  0.0000000E+00
  7.2444000E+02  0.0000000E+00
  7.2610999E+02  0.0000000E+00
  7.2778003E+02  0.0000000E+00
  7.2946002E+02  0.0000000E+00
  7.3114001E+02  0.0000000E+00
  7.3282001E+02  0.0000000E+00
  7.3451001E+02  0.0000000E+00
  7.3621002E+02  0.0000000E+00
  7.3790002E+02  0.0000000E+00
  7.3960999E+02  0.0000000E+00
  7.4131000E+02  0.0000000E+00
  7.4302002E+02  0.0000000E+00
  7.4472998E+02  0.0000000E+00
  7.4645001E+02  0.0000000E+00
  7.4816998E+02  0.0000000E+00
  7.4989001E+02  0.0000000E+00
  7.5162000E+02  0.0000000E+00
  7.5335999E+02  0.0000000E+00
  7.5509003E+02  0.0000000E+00
  7.5683002E+02  0.0000000E+00
  7.5858002E+02  0.0000000E+00
  7.6033002E+02  0.0000000E+00
  7.6208002E+02  0.0000000E+00
  7.6384003E+02  0.0000000E+00
  7.6559998E+02  0.0000000E+00
  7.6735999E+02  0.0000000E+00
  7.6913000E+02  0.0000000E+00
  7.7090002E+02  0.0000000E+00
  7.7267999E+02  0.0000000E+00
  7.7446002E+02  0.0000000E+00
  7.7625000E+02  0.0000000E+00
  7.7803998E+02  0.0000000E+00
  7.7983002E+02  0.0000000E+00
  7.8163000E+02  0.0000000E+00
  7.8342999E+02  0.0000000E+00
  7.8523999E+02  0.0000000E+00
  7.8704999E+02  0.0000000E+00
  7.8885999E+02  0.0000000E+00
  7.9067999E+02  0.0000000E+00
  7.9250000E+02  0.0000000E+00
  7.9433002E+02  0.0000000E+00
  7.9615997E+02  0.0000000E+00
  7.9798999E+02  0.0000000E+00
  7.9983002E+02  0.0000000E+00
  8.0167999E+02  0.0000000E+00
  8.0353003E+02  0.0000000E+00
  8.0538000E+02  0.0000000E+00
  8.0723999E+02  0.0000000E+00
  8.0909998E+02  0.0000000E+00
  8.1096002E+02  0.0000000E+00
  8.1283002E+02  0.0000000E+00
  8.1470001E+02  0.0000000E+00
  8.1658002E+02  0.0000000E+00
  8.1846002E+02  0.0000000E+00
  8.2034998E+02  0.0000000E+00
  8.2223999E+02  0.0000000E+00
  8.2414001E+02  0.0000000E+00
  8.2603998E+02  0.0000000E+00
  8.2794000E+02  0.0000000E+00
  8.2984998E+02  0.0000000E+00
  8.3176001E+02  0.0000000E+00
  8.3367999E+02  0.0000000E+00
  8.3559998E+02  0.0000000E+00
  8.3753003E+02  0.0000000E+00
  8.3946002E+02  0.0000000E+00
  8.4140002E+02  0.0000000E+00
  8.4333002E+02  0.0000000E+00
  8.4528003E+02  0.0000000E+00
  8.4722998E+02  0.0000000E+00
  8.4917999E+02  0.0000000E+00
  8.5114001E+02  0.0000000E+00
  8.5309998E+02  0.0000000E+00
  8.5507001E+02  0.0000000E+00
  8.5703998E+02  0.0000000E+00
  8.5901001E+02  0.0000000E+00
  8.6098999E+02  0.0000000E+00
  8.6297998E+02  0.0000000E+00
  8.6496997E+02  0.0000000E+00
  8.6696002E+02  0.0000000E+00
  8.6896002E+02  0.0000000E+00
  8.7096002E+02  0.0000000E+00
  8.7296997E+02  0.0000000E+00
  8.7497998E+02  0.0000000E+00
  8.7700000E+02  0.0000000E+00
  8.7902002E+02  0.0000000E+00
  8.8104999E+02  0.0000000E+00
  8.8308002E+02  0.0000000E+00
  8.8512000E+02  0.0000000E+00
  8.8715997E+02  0.0000000E+00
  8.8920001E+02  0.0000000E+00
  8.9125000E+02  0.0000000E+00
  8.9331000E+02  0.0000000E+00
  8.9535999E+02  0.0000000E+00
  8.9742999E+02  0.0000000E+00
  8.9950000E+02  0.0000000E+00
  9.0157001E+02  0.0000000E+00
  9.0365002E+02  0.0000000E+00
  9.0572998E+02  0.0000000E+00
  9.0782001E+02  0.0000000E+00
  9.0990997E+02  0.0000000E+00
  9.1201001E+02  3.1032789E-05
  9.1410999E+02  6.3182975E-05
  9.1621997E+02  9.5111878E-05
  9.1833002E+02  1.2682669E-04
  9.2045001E+02  1.5831481E-04
  9.2257001E+02  1.8958455E-04
  9.2470001E+02  2.2064494E-04
  9.2683002E+02  2.5148067E-04
  9.2896997E+02  2.8210226E-04
  9.3110999E+02  3.1251021E-04
  9.3325000E+02  3.4271160E-04
  9.3540997E+02  3.7269550E-04
  9.3756000E+02  4.0246864E-04
  9.3971997E+02  4.3203912E-04
  9.4189001E+02  4.6139536E-04
  9.4406000E+02  4.9054442E-04
  9.4623999E+02  5.1949418E-04
  9.4841998E+02  5.4823252E-04
  9.5059998E+02  5.7676696E-04
  9.5279999E+02  6.0509943E-04
  9.5498999E+02  6.3323678E-04
  9.5719000E+02  6.6116755E-04
  9.5940002E+02  6.8889814E-04
  9.6160999E+02  7.1643834E-04
  9.6383002E+02  4.6097203E-03
  9.6604999E+02  4.6097203E-03
  9.6828003E+02  4.6097203E-03
  9.7051001E+02  4.6097203E-03
  9.7275000E+02  4.6097203E-03
  9.7498999E+02  4.6097203E-03
  9.7723999E+02  4.6097203E-03
  9.7948999E+02  2.4835761E-03
  9.8175000E+02  2.4835761E-03
  9.8401001E+02  2.4835761E-03
  9.8628003E+02  2.4835761E-03
  9.8854999E+02  2.4835761E-03
  9.9083002E+02  2.4835761E-03
  9.9312000E+02  2.4835761E-03
  9.9540997E+02  2.4835761E-03
  9.9770001E+02  2.4835761E-03
  1.0000000E+03  2.4835761E-03
  1.0023100E+03  2.4835761E-03
  1.0046200E+03  2.4835761E-03
  1.0069300E+03  2.4835761E-03
  1.0092500E+03  2.4835761E-03
  1.0115800E+03  2.4835761E-03
  1.0139100E+03  2.4835761E-03
  1.0162500E+03  2.4835761E-03
  1.0185900E+03  2.4835761E-03
  1.0209400E+03  1.5528225E-03
  1.0232900E+03  1.5528225E-03
  1.0256500E+03  1.5528225E-03
  1.0280200E+03  1.5528225E-03
  1.0303900E+03  1.5528225E-03
  1.0327600E+03  1.5528225E-03
  1.0351400E+03  1.5528225E-03
  1.0375300E+03  1.5528225E-03
  1.0399200E+03  1.5528225E-03
  1.0423199E+03  1.5528225E-03
  1.0447200E+03  1.5528225E-03
  1.0471300E+03  1.5528225E-03
  1.0495400E+03  1.5528225E-03
  1.0519600E+03  1.5528225E-03
  1.0543900E+03  1.5528225E-03
  1.0568199E+03  1.5528225E-03
  1.0592500E+03  1.5528225E-03
  1.0617000E+03  1.5528225E-03
  1.0641400E+03  1.5528225E-03
  1.0666000E+03  1.5528225E-03
  1.0690500E+03  1.5528225E-03
  1.0715200E+03  1.5528225E-03
  1.0739900E+03  1.3991514E-03
  1.0764700E+03  1.3731982E-03
  1.0789500E+03  1.2959562E-03
  1.0814301E+03  1.2192318E-03
  1.0839301E+03  1.1430222E-03
  1.0864301E+03  1.1592963E-03
  1.0889301E+03  1.2445297E-03
  1.0914399E+03  1.3291676E-03
  1.0939600E+03  1.4132228E-03
  1.0964800E+03  1.4567968E-03
  1.0990100E+03  1.4719722E-03
  1.1015400E+03  1.4870297E-03
  1.1040800E+03  1.5019642E-03
  1.1066200E+03  1.4996630E-03
  1.1091801E+03  1.4876650E-03
  1.1117300E+03  1.4757370E-03
  1.1142900E+03  1.4638758E-03
  1.1168600E+03  1.4529886E-03
  1.1194399E+03  1.4425023E-03
  1.1220200E+03  1.4320752E-03
  1.1246000E+03  1.4217047E-03
  1.1272000E+03  1.4846332E-03
  1.1298000E+03  1.5602396E-03
  1.1324000E+03  2.1239060E-03
  1.1350100E+03  2.1239060E-03
  1.1376300E+03  2.1239060E-03
  1.1402500E+03  2.1239060E-03
  1.1428800E+03  2.1239060E-03
  1.1455100E+03  2.1239060E-03
  1.1481500E+03  1.4614468E-03
  1.1508000E+03  1.4614468E-03
  1.1534500E+03  1.4614468E-03
  1.1561100E+03  1.5388380E-03
  1.1587800E+03  1.5388380E-03
  1.1614500E+03  1.5388380E-03
  1.1641300E+03  1.5388380E-03
  1.1668101E+03  1.5388380E-03
  1.1695000E+03  1.5388380E-03
  1.1722000E+03  1.5388380E-03
  1.1749000E+03  1.5388380E-03
  1.1776100E+03  1.5388380E-03
  1.1803199E+03  1.5388380E-03
  1.1830400E+03  1.4614468E-03
  1.1857700E+03  1.4614468E-03
  1.1885000E+03  1.4614468E-03
  1.1912400E+03  1.4614468E-03
  1.1939900E+03  1.4614468E-03
  1.1967400E+03  1.4614468E-03
  1.1995000E+03  1.4614468E-03
  1.2022600E+03  1.4614468E-03
  1.2050400E+03  1.4614468E-03
  1.2078101E+03  1.4614468E-03
  1.2106000E+03  1.4614468E-03
  1.2133900E+03  1.4614468E-03
  1.2161899E+03  1.4603031E-03
  1.2189900E+03  1.3222210E-03
  1.2218000E+03  1.3222210E-03
  1.2246200E+03  1.3222210E-03
  1.2274399E+03  1.3222210E-03
  1.2302700E+03  1.3222210E-03
  1.2331000E+03  1.2812611E-03
  1.2359500E+03  1.2812611E-03
  1.2388000E+03  1.2840764E-03
  1.2416500E+03  1.2840764E-03
  1.2445100E+03  1.2812611E-03
  1.2473800E+03  1.2812611E-03
  1.2502600E+03  1.2840764E-03
  1.2531400E+03  1.2840764E-03
  1.2560300E+03  8.8857138E-04
  1.2589301E+03  1.2840764E-03
  1.2618300E+03  1.2840764E-03
  1.2647400E+03  1.2840764E-03
  1.2676500E+03  1.3222210E-03
  1.2705699E+03  1.2840764E-03
  1.2735000E+03  1.2840764E-03
  1.2764399E+03  1.2840764E-03
  1.2793800E+03  1.2840764E-03
  1.2823300E+03  1.2840764E-03
  1.2852900E+03  1.3222210E-03
  1.2882500E+03  1.2840764E-03
  1.2912200E+03  1.2840764E-03
  1.2942000E+03  1.2840764E-03
  1.2971801E+03  1.2840764E-03
  1.3001700E+03  1.2840764E-03
  1.3031700E+03  1.3222210E-03
  1.3061700E+03  1.3222210E-03
  1.3091801E+03  1.3222210E-03
  1.3122000E+03  1.3222210E-03
  1.3152200E+03  1.3229935E-03
  1.3182600E+03  1.3823904E-03
  1.3213000E+03  1.4929683E-03
  1.3243400E+03  1.3823904E-03
  1.3273900E+03  1.3823904E-03
  1.3304500E+03  1.3823904E-03
  1.3335200E+03  1.3823904E-03
  1.3366000E+03  1.3823904E-03
  1.3396801E+03  1.3823904E-03
  1.3427700E+03  1.3823904E-03
  1.3458600E+03  1.3850788E-03
  1.3489600E+03  1.3850788E-03
  1.3520699E+03  1.3850788E-03
  1.3551899E+03  1.3850788E-03
  1.3583101E+03  1.3823904E-03
  1.3614399E+03  1.3850788E-03
  1.3645800E+03  1.4929683E-03
  1.3677300E+03  1.4401830E-03
  1.3708800E+03  1.5241543E-03
  1.3740400E+03  1.5241543E-03
  1.3772100E+03  1.4401830E-03
  1.3803800E+03  1.4401830E-03
  1.3835699E+03  1.4401830E-03
  1.3867600E+03  1.5241543E-03
  1.3899500E+03  1.5241543E-03
  1.3931600E+03  1.4401830E-03
  1.3963700E+03  1.4401830E-03
  1.3995900E+03  1.5241543E-03
  1.4028101E+03  1.4401830E-03
  1.4060500E+03  1.4401830E-03
  1.4092900E+03  1.3850788E-03
  1.4125400E+03  1.3850788E-03
  1.4157900E+03  1.3823904E-03
  1.4190601E+03  1.3556216E-03
  1.4223300E+03  1.3556216E-03
  1.4256100E+03  1.3556216E-03
  1.4288900E+03  1.3556216E-03
  1.4321899E+03  1.2956404E-03
  1.4354900E+03  1.3556216E-03
  1.4388000E+03  1.3556216E-03
  1.4421200E+03  1.3556216E-03
  1.4454399E+03  1.3556216E-03
  1.4487700E+03  1.3556216E-03
  1.4521100E+03  1.3556216E-03
  1.4554600E+03  1.3556216E-03
  1.4588101E+03  1.3556216E-03
  1.4621801E+03  1.0287708E-03
  1.4655500E+03  1.0179941E-03
  1.4689301E+03  1.0179941E-03
  1.4723101E+03  1.0179941E-03
  1.4757100E+03  7.8596361E-04
  1.4791100E+03  1.0179941E-03
  1.4825200E+03  1.0179941E-03
  1.4859399E+03  1.0179941E-03
  1.4893600E+03  1.0179941E-03
  1.4927900E+03  1.0287708E-03
  1.4962400E+03  1.0829113E-03
  1.4996801E+03  1.0829113E-03
  1.5031400E+03  1.0829113E-03
  1.5066100E+03  1.0829113E-03
  1.5100800E+03  1.0829113E-03
  1.5135601E+03  1.0829113E-03
  1.5170500E+03  1.0829113E-03
  1.5205500E+03  1.0829113E-03
  1.5240500E+03  1.0179941E-03
  1.5275699E+03  1.0829113E-03
  1.5310900E+03  1.0829113E-03
  1.5346200E+03  1.0829113E-03
  1.5381500E+03  1.0829113E-03
  1.5417000E+03  1.0829113E-03
  1.5452500E+03  1.0829113E-03
  1.5488199E+03  1.1632999E-03
  1.5523900E+03  1.1632999E-03
  1.5559700E+03  1.1632999E-03
  1.5595500E+03  1.1632999E-03
  1.5631500E+03  1.1632999E-03
  1.5667500E+03  1.1799702E-03
  1.5703600E+03  1.1799702E-03
  1.5739800E+03  1.1799702E-03
  1.5776100E+03  1.1799702E-03
  1.5812500E+03  1.1799702E-03
  1.5848900E+03  1.1799702E-03
  1.5885500E+03  1.3635422E-03
  1.5922100E+03  1.3635422E-03
  1.5958800E+03  1.3635422E-03
  1.5995601E+03  1.3635422E-03
  1.6032500E+03  1.3635422E-03
  1.6069399E+03  1.8208720E-03
  1.6106500E+03  1.8243630E-03
  1.6143600E+03  1.8278116E-03
  1.6180800E+03  1.7823481E-03
  1.6218101E+03  1.7270084E-03
  1.6255500E+03  1.6856145E-03
  1.6293000E+03  1.7232201E-03
  1.6330500E+03  1.7605550E-03
  1.6368199E+03  1.7863654E-03
  1.6405900E+03  1.7999501E-03
  1.6443700E+03  1.8134221E-03
  1.6481600E+03  1.7474728E-03
  1.6519600E+03  1.6662439E-03
  1.6557700E+03  1.6168214E-03
  1.6595900E+03  1.6909195E-03
  1.6634100E+03  1.7644716E-03
  1.6672500E+03  1.6937439E-03
  1.6710900E+03  1.5221107E-03
  1.6749399E+03  1.6509851E-03
  1.6788000E+03  1.8015436E-03
  1.6826700E+03  1.8717642E-03
  1.6865500E+03  1.8916278E-03
  1.6904399E+03  1.8368113E-03
  1.6943400E+03  1.7823530E-03
  1.6982400E+03  1.7382225E-03
  1.7021600E+03  1.6964230E-03
  1.7060800E+03  1.6555149E-03
  1.7100200E+03  1.6164930E-03
  1.7139600E+03  1.5777324E-03
  1.7179100E+03  1.5627015E-03
  1.7218700E+03  1.5561559E-03
  1.7258400E+03  1.5603192E-03
  1.7298199E+03  1.6042461E-03
  1.7338000E+03  1.6478557E-03
  1.7378000E+03  1.6496950E-03
  1.7418101E+03  1.6338377E-03
  1.7458199E+03  1.6338970E-03
  1.7498500E+03  1.6953272E-03
  1.7538800E+03  1.7563025E-03
  1.7579200E+03  1.7043098E-03
  1.7619800E+03  1.6096301E-03
  1.7660400E+03  1.5500297E-03
  1.7701100E+03  1.5908986E-03
  1.7741899E+03  1.6314706E-03
  1.7782800E+03  1.6423169E-03
  1.7823800E+03  1.6458061E-03
  1.7864900E+03  1.6699554E-03
  1.7906100E+03  1.2773535E-03
  1.7947300E+03  1.2773535E-03
  1.7988700E+03  1.2773535E-03
  1.8030200E+03  1.2773535E-03
  1.8071700E+03  1.2773535E-03
  1.8113400E+03  1.2773535E-03
  1.8155200E+03  1.2773535E-03
  1.8197000E+03  1.2773535E-03
  1.8239000E+03  1.2773535E-03
  1.8281000E+03  1.2773535E-03
  1.8323101E+03  1.2773535E-03
  1.8365400E+03  1.1650856E-03
  1.8407700E+03  1.1650856E-03
  1.8450200E+03  1.2773535E-03
  1.8492700E+03  1.1650856E-03
  1.8535300E+03  1.1650856E-03
  1.8578000E+03  1.1650856E-03
  1.8620900E+03  1.1650856E-03
  1.8663800E+03  1.1650856E-03
  1.8706801E+03  1.1528943E-03
  1.8749900E+03  1.1528943E-03
  1.8793199E+03  1.1528943E-03
  1.8836500E+03  1.1528943E-03
  1.8879900E+03  1.1528943E-03
  1.8923400E+03  1.1445556E-03
  1.8967100E+03  1.1445556E-03
  1.9010800E+03  1.1445556E-03
  1.9054600E+03  1.1445556E-03
  1.9098500E+03  1.1445556E-03
  1.9142600E+03  1.1445556E-03
  1.9186700E+03  1.1445556E-03
  1.9230900E+03  1.1528943E-03
  1.9275200E+03  1.1528943E-03
  1.9319700E+03  1.1528943E-03
  1.9364200E+03  1.1445556E-03
  1.9408900E+03  1.1445556E-03
  1.9453600E+03  1.1445556E-03
  1.9498400E+03  1.1528943E-03
  1.9543400E+03  1.1528943E-03
  1.9588400E+03  1.1445556E-03
  1.9633600E+03  1.1528943E-03
  1.9678900E+03  1.1459287E-03
  1.9724200E+03  1.1459287E-03
  1.9769700E+03  1.1459287E-03
  1.9815300E+03  1.2395985E-03
  1.9860900E+03  1.2435135E-03
  1.9906700E+03  1.2435135E-03
  1.9952600E+03  1.2435135E-03
  1.9998600E+03  1.2435135E-03
  2.0044700E+03  1.2395985E-03
  2.0090900E+03  1.2435135E-03
  2.0137200E+03  1.2395985E-03
  2.0183700E+03  1.1746194E-03
  2.0230200E+03  1.1683323E-03
  2.0276801E+03  1.1683323E-03
  2.0323600E+03  1.1683323E-03
  2.0370400E+03  1.1683323E-03
  2.0417400E+03  1.1683323E-03
  2.0464399E+03  1.1683323E-03
  2.0511599E+03  1.1625740E-03
  2.0558899E+03  1.1683323E-03
  2.0606299E+03  1.1746194E-03
  2.0653799E+03  1.1683323E-03
  2.0701399E+03  1.1683323E-03
  2.0749099E+03  1.1683323E-03
  2.0797000E+03  1.0317112E-03
  2.0844900E+03  1.0317112E-03
  2.0893000E+03  1.0317112E-03
  2.0941101E+03  1.0317112E-03
  2.0989399E+03  1.0317112E-03
  2.1037800E+03  1.0604857E-03
  2.1086299E+03  1.0548298E-03
  2.1134900E+03  1.0357671E-03
  2.1183601E+03  1.0357671E-03
  2.1232400E+03  1.0357671E-03
  2.1281399E+03  1.0180612E-03
  2.1330400E+03  1.0180612E-03
  2.1379600E+03  1.0036436E-03
  2.1428899E+03  1.0039908E-03
  2.1478301E+03  1.0039908E-03
  2.1527800E+03  1.0180612E-03
  2.1577400E+03  1.0180612E-03
  2.1627200E+03  1.0180612E-03
  2.1677000E+03  1.0180612E-03
  2.1727000E+03  1.0401919E-03
  2.1777100E+03  1.0401919E-03
  2.1827300E+03  1.0401919E-03
  2.1877600E+03  1.0180612E-03
  2.1928000E+03  1.0180612E-03
  2.1978601E+03  1.0357671E-03
  2.2029299E+03  1.0180612E-03
  2.2080000E+03  1.0198305E-03
  2.2130901E+03  1.0198305E-03
  2.2182000E+03  1.0166961E-03
  2.2233101E+03  1.0166961E-03
  2.2284399E+03  1.0166961E-03
  2.2335701E+03  1.0166961E-03
  2.2387200E+03  1.0166961E-03
  2.2438799E+03  1.0166961E-03
  2.2490500E+03  1.0198305E-03
  2.2542400E+03  1.0166961E-03
  2.2594399E+03  1.0142894E-03
  2.2646399E+03  1.0053846E-03
  2.2698601E+03  9.9661795E-04
  2.2751001E+03  9.7919197E-04
  2.2803401E+03  9.8013214E-04
  2.2856001E+03  9.9661795E-04
  2.2908701E+03  1.0053846E-03
  2.2961499E+03  9.9661795E-04
  2.3014399E+03  9.9661795E-04
  2.3067500E+03  9.9661795E-04
  2.3120601E+03  1.0053846E-03
  2.3173899E+03  9.7919197E-04
  2.3227400E+03  9.7919197E-04
  2.3280901E+03  9.8886818E-04
  2.3334600E+03  1.0312350E-03
  2.3388401E+03  1.0312350E-03
  2.3442300E+03  1.0312350E-03
  2.3496299E+03  1.0142894E-03
  2.3550500E+03  9.7919197E-04
  2.3604800E+03  9.5335569E-04
  2.3659199E+03  9.8956388E-04
  2.3713701E+03  9.8956388E-04
  2.3768401E+03  9.8956388E-04
  2.3823201E+03  9.8956388E-04
  2.3878101E+03  9.8956388E-04
  2.3933201E+03  9.8956388E-04
  2.3988301E+03  9.8956388E-04
  2.4043601E+03  9.9859561E-04
  2.4099099E+03  9.8956388E-04
  2.4154600E+03  9.8956388E-04
  2.4210300E+03  9.9859561E-04
  2.4266101E+03  9.9859561E-04
  2.4322000E+03  9.8956388E-04
  2.4378101E+03  9.5176074E-04
  2.4434299E+03  9.8956388E-04
  2.4490601E+03  1.0031060E-03
  2.4547100E+03  1.0278884E-03
  2.4603701E+03  1.0278884E-03
  2.4660400E+03  1.0278884E-03
  2.4717200E+03  1.0278884E-03
  2.4774199E+03  1.0342972E-03
  2.4831299E+03  1.0342972E-03
  2.4888601E+03  1.0772783E-03
  2.4945901E+03  1.0342972E-03
  2.5003501E+03  1.0342972E-03
  2.5061101E+03  1.0342972E-03
  2.5118899E+03  1.0772783E-03
  2.5176799E+03  1.0772783E-03
  2.5234800E+03  1.0897618E-03
  2.5293000E+03  1.0950717E-03
  2.5351299E+03  1.0939672E-03
  2.5409700E+03  1.0939672E-03
  2.5468301E+03  1.0950717E-03
  2.5527000E+03  1.0939672E-03
  2.5585901E+03  1.0950717E-03
  2.5644800E+03  1.1644539E-03
  2.5703899E+03  1.1644539E-03
  2.5763201E+03  1.1644539E-03
  2.5822600E+03  1.1800913E-03
  2.5882100E+03  1.2007386E-03
  2.5941799E+03  1.2094700E-03
  2.6001599E+03  1.2094700E-03
  2.6061499E+03  1.2146961E-03
  2.6121599E+03  1.2368468E-03
  2.6181799E+03  1.2544277E-03
  2.6242200E+03  1.2544277E-03
  2.6302700E+03  1.2710955E-03
  2.6363301E+03  1.2710955E-03
  2.6424099E+03  1.3050862E-03
  2.6485000E+03  1.3125149E-03
  2.6546101E+03  1.3378359E-03
  2.6607200E+03  1.3136285E-03
  2.6668601E+03  1.3378359E-03
  2.6730100E+03  1.3378359E-03
  2.6791699E+03  1.3378359E-03
  2.6853401E+03  1.3378359E-03
  2.6915300E+03  1.3378359E-03
  2.6977400E+03  1.3378359E-03
  2.7039600E+03  1.3378359E-03
  2.7101899E+03  1.3378359E-03
  2.7164399E+03  1.4041476E-03
  2.7227000E+03  1.4082460E-03
  2.7289800E+03  1.4082460E-03
  2.7352700E+03  1.4082460E-03
  2.7415701E+03  1.4125519E-03
  2.7478899E+03  1.4317348E-03
  2.7542300E+03  1.4521783E-03
  2.7605801E+03  1.4827517E-03
  2.7669399E+03  1.4827517E-03
  2.7733201E+03  1.4827517E-03
  2.7797100E+03  1.4862356E-03
  2.7861201E+03  1.4862356E-03
  2.7925400E+03  1.5042888E-03
  2.7989800E+03  1.5104190E-03
  2.8054299E+03  1.5194400E-03
  2.8118999E+03  1.5451472E-03
  2.8183799E+03  1.5528882E-03
  2.8248799E+03  1.5646475E-03
  2.8313899E+03  1.5646475E-03
  2.8379199E+03  1.5682619E-03
  2.8444600E+03  1.5682619E-03
  2.8510200E+03  1.5720926E-03
  2.8575901E+03  1.6100595E-03
  2.8641799E+03  1.6401022E-03
  2.8707800E+03  1.6502140E-03
  2.8773999E+03  1.6567024E-03
  2.8840300E+03  1.6728421E-03
  2.8906799E+03  1.6728421E-03
  2.8973401E+03  1.7017098E-03
  2.9040200E+03  1.7093885E-03
  2.9107200E+03  1.7093885E-03
  2.9174299E+03  1.7990433E-03
  2.9241499E+03  1.8191914E-03
  2.9308899E+03  1.8191914E-03
  2.9376499E+03  1.8318236E-03
  2.9444199E+03  1.8318236E-03
  2.9512100E+03  1.8510998E-03
  2.9580100E+03  1.8510998E-03
  2.9648301E+03  1.8510998E-03
  2.9716699E+03  1.8510998E-03
  2.9785200E+03  1.8650754E-03
  2.9853799E+03  1.8650754E-03
  2.9922600E+03  1.8817509E-03
  2.9991599E+03  1.9188983E-03
  3.0060801E+03  1.9345506E-03
  3.0130100E+03  1.9552319E-03
  3.0199500E+03  1.9821892E-03
  3.0269099E+03  1.9734402E-03
  3.0338899E+03  1.9821892E-03
  3.0408899E+03  1.9931437E-03
  3.0478899E+03  2.0096344E-03
  3.0549199E+03  2.0101795E-03
  3.0619600E+03  2.0202580E-03
  3.0690200E+03  2.0288427E-03
  3.0761001E+03  2.0584993E-03
  3.0831899E+03  2.0584993E-03
  3.0903000E+03  2.0464496E-03
  3.0974199E+03  2.0464496E-03
  3.1045601E+03  2.0464496E-03
  3.1117200E+03  2.0464496E-03
  3.1188899E+03  2.0764845E-03
  3.1260801E+03  2.0890904E-03
  3.1332800E+03  2.1324817E-03
  3.1405100E+03  2.1324817E-03
  3.1477500E+03  2.1988871E-03
  3.1550000E+03  2.2276831E-03
  3.1622800E+03  2.2636736E-03
  3.1695701E+03  2.2697262E-03
  3.1768701E+03  2.3018967E-03
  3.1842000E+03  2.3817131E-03
  3.1915400E+03  2.3869451E-03
  3.1988899E+03  2.3869451E-03
  3.2062700E+03  2.3869451E-03
  3.2136599E+03  2.3995684E-03
  3.2210701E+03  2.3995684E-03
  3.2284900E+03  2.4324746E-03
  3.2359399E+03  2.4324746E-03
  3.2433999E+03  2.4324746E-03
  3.2508701E+03  2.4474515E-03
  3.2583701E+03  2.4474515E-03
  3.2658799E+03  2.4645666E-03
  3.2734099E+03  2.4645666E-03
  3.2809500E+03  2.4671075E-03
  3.2885200E+03  2.4762871E-03
  3.2961001E+03  2.5211915E-03
  3.3036899E+03  2.5422352E-03
  3.3113101E+03  2.5527368E-03
  3.3189399E+03  2.5527368E-03
  3.3265901E+03  2.5527368E-03
  3.3342600E+03  2.5527368E-03
  3.3419500E+03  2.5527368E-03
  3.3496499E+03  2.5902006E-03
  3.3573799E+03  2.5902006E-03
  3.3651201E+03  2.6452008E-03
  3.3728701E+03  2.7389489E-03
  3.3806499E+03  2.7389489E-03
  3.3884399E+03  2.7431804E-03
  3.3962500E+03  2.7431804E-03
  3.4040801E+03  2.7431804E-03
  3.4119299E+03  2.8092647E-03
  3.4197900E+03  2.7797911E-03
  3.4276799E+03  2.8092647E-03
  3.4355801E+03  2.8092647E-03
  3.4435000E+03  2.8092647E-03
  3.4514399E+03  2.8672302E-03
  3.4593899E+03  2.8672302E-03
  3.4673701E+03  2.9168644E-03
  3.4753601E+03  2.9496609E-03
  3.4833701E+03  3.0120159E-03
  3.4913999E+03  2.9694468E-03
  3.4994500E+03  3.0120159E-03
  3.5075200E+03  3.0200281E-03
  3.5156001E+03  3.0970685E-03
  3.5237100E+03  3.1357571E-03
  3.5318301E+03  3.0970685E-03
  3.5399700E+03  3.1357571E-03
  3.5481299E+03  3.1357571E-03
  3.5563101E+03  3.1358690E-03
  3.5645100E+03  3.1358690E-03
  3.5727300E+03  3.1357571E-03
  3.5809600E+03  3.1358690E-03
  3.5892200E+03  3.1832398E-03
  3.5974900E+03  3.1962120E-03
  3.6057900E+03  3.2499635E-03
  3.6141001E+03  3.2450841E-03
  3.6224299E+03  3.3186122E-03
  3.6307800E+03  3.3186122E-03
  3.6391499E+03  3.3274197E-03
  3.6475400E+03  3.3274197E-03
  3.6559500E+03  3.4227821E-03
  3.6643701E+03  3.4371095E-03
  3.6728201E+03  3.4553248E-03
  3.6812900E+03  3.4564345E-03
  3.6897800E+03  3.5186745E-03
  3.6982800E+03  3.5865668E-03
  3.7068101E+03  3.5865668E-03
  3.7153501E+03  3.6563971E-03
  3.7239199E+03  3.7544151E-03
  3.7325000E+03  3.7544151E-03
  3.7411101E+03  3.7985865E-03
  3.7497300E+03  3.8320213E-03
  3.7583701E+03  3.8421976E-03
  3.7670400E+03  3.9169127E-03
  3.7757200E+03  3.9194641E-03
  3.7844199E+03  3.9194641E-03
  3.7931499E+03  4.0582302E-03
  3.8018899E+03  4.0582302E-03
  3.8106599E+03  4.1277995E-03
  3.8194399E+03  4.1277995E-03
  3.8282500E+03  4.1277995E-03
  3.8370701E+03  4.1327015E-03
  3.8459199E+03  4.1335253E-03
  3.8547800E+03  4.1335253E-03
  3.8636699E+03  4.2237672E-03
  3.8725701E+03  4.2237672E-03
  3.8815000E+03  4.2598080E-03
  3.8904500E+03  4.6479693E-03
  3.8994199E+03  4.6569188E-03
  3.9084099E+03  4.6933512E-03
  3.9174199E+03  4.7277496E-03
  3.9264500E+03  4.6933512E-03
  3.9355000E+03  4.6933512E-03
  3.9445701E+03  4.7569890E-03
  3.9536699E+03  4.7277496E-03
  3.9627800E+03  4.7718771E-03
  3.9719199E+03  4.7751735E-03
  3.9810701E+03  4.7751735E-03
  3.9902500E+03  4.8276880E-03
  3.9994500E+03  4.8616859E-03
  4.0086699E+03  4.8276880E-03
  4.0179099E+03  4.8276880E-03
  4.0271699E+03  4.8754881E-03
  4.0364500E+03  5.0078686E-03
  4.0457600E+03  5.0576883E-03
  4.0550901E+03  5.2036932E-03
  4.0644299E+03  5.2036932E-03
  4.0738000E+03  5.3375405E-03
  4.0831899E+03  5.4553649E-03
  4.0926101E+03  5.5538584E-03
  4.1020400E+03  5.5538584E-03
  4.1115000E+03  5.5853641E-03
  4.1209800E+03  5.5853641E-03
  4.1304702E+03  5.5618770E-03
  4.1400000E+03  5.5853641E-03
  4.1495400E+03  5.6309355E-03
  4.1591099E+03  5.6309355E-03
  4.1686899E+03  5.6309355E-03
  4.1782998E+03  5.7230527E-03
  4.1879399E+03  5.7999422E-03
  4.1975898E+03  5.8221873E-03
  4.2072598E+03  5.8950703E-03
  4.2169600E+03  5.8960733E-03
  4.2266899E+03  5.8960733E-03
  4.2364302E+03  6.1127921E-03
  4.2462002E+03  6.1802370E-03
  4.2559800E+03  6.1802370E-03
  4.2657900E+03  6.2574199E-03
  4.2756299E+03  6.3098432E-03
  4.2854800E+03  6.3272282E-03
  4.2953599E+03  6.3272282E-03
  4.3052598E+03  6.4337975E-03
  4.3151899E+03  6.4337975E-03
  4.3251401E+03  6.4872066E-03
  4.3351099E+03  6.4872066E-03
  4.3451001E+03  6.5358328E-03
  4.3551201E+03  6.5358328E-03
  4.3651602E+03  6.5358328E-03
  4.3752202E+03  6.6393041E-03
  4.3853101E+03  6.6934568E-03
  4.3954199E+03  6.7174025E-03
  4.4055498E+03  6.7174025E-03
  4.4157002E+03  6.7217592E-03
  4.4258799E+03  6.7174025E-03
  4.4360801E+03  6.7292838E-03
  4.4463101E+03  6.7292838E-03
  4.4565601E+03  6.7292838E-03
  4.4668301E+03  6.7292838E-03
  4.4771299E+03  6.8250033E-03
  4.4874502E+03  6.8250033E-03
  4.4977998E+03  6.8813353E-03
  4.5081699E+03  7.0085204E-03
  4.5185601E+03  7.0289150E-03
  4.5289702E+03  7.0289150E-03
  4.5394102E+03  7.0085204E-03
  4.5498799E+03  7.0289150E-03
  4.5603701E+03  7.1821399E-03
  4.5708799E+03  7.2950302E-03
  4.5814199E+03  7.2950302E-03
  4.5919800E+03  7.2950302E-03
  4.6025601E+03  7.3192874E-03
  4.6131802E+03  7.3192874E-03
  4.6238101E+03  7.3193680E-03
  4.6344702E+03  7.3193680E-03
  4.6451499E+03  7.3192874E-03
  4.6558599E+03  7.3193680E-03
  4.6665898E+03  7.4148793E-03
  4.6773501E+03  7.6208776E-03
  4.6881299E+03  7.6303929E-03
  4.6989399E+03  7.6303929E-03
  4.7097700E+03  7.6257153E-03
  4.7206299E+03  7.6303929E-03
  4.7315098E+03  7.6303929E-03
  4.7424199E+03  7.6516774E-03
  4.7533501E+03  7.6303929E-03
  4.7643101E+03  7.6303929E-03
  4.7752900E+03  7.6257153E-03
  4.7862998E+03  7.6450557E-03
  4.7973301E+03  7.7860104E-03
  4.8083901E+03  7.8403596E-03
  4.8194800E+03  7.8403596E-03
  4.8305898E+03  7.8200363E-03
  4.8417202E+03  7.8200363E-03
  4.8528799E+03  7.8403596E-03
  4.8640698E+03  7.7860104E-03
  4.8752798E+03  7.7860104E-03
  4.8865200E+03  7.7549424E-03
  4.8977900E+03  7.7549424E-03
  4.9090801E+03  7.7449484E-03
  4.9203901E+03  7.7449484E-03
  4.9317402E+03  7.7549424E-03
  4.9431099E+03  7.7549424E-03
  4.9545000E+03  7.7923988E-03
  4.9659199E+03  7.8030368E-03
  4.9773701E+03  7.8401789E-03
  4.9888398E+03  7.8514079E-03
  5.0003398E+03  7.8030368E-03
  5.0118701E+03  7.8030368E-03
  5.0234302E+03  7.9213493E-03
  5.0350000E+03  7.9213493E-03
  5.0466099E+03  7.9753390E-03
  5.0582500E+03  7.9944599E-03
  5.0699102E+03  7.9944599E-03
  5.0815898E+03  7.9944599E-03
  5.0933101E+03  8.0275973E-03
  5.1050498E+03  8.0275973E-03
  5.1168198E+03  7.9944599E-03
  5.1286099E+03  7.9738460E-03
  5.1404399E+03  7.9864934E-03
  5.1522900E+03  7.9440605E-03
  5.1641602E+03  7.9440605E-03
  5.1760698E+03  7.9738460E-03
  5.1880000E+03  7.9864934E-03
  5.1999600E+03  7.9980772E-03
  5.2119502E+03  7.9864934E-03
  5.2239600E+03  7.9864934E-03
  5.2360000E+03  7.9845078E-03
  5.2480698E+03  7.9845078E-03
  5.2601699E+03  7.9980772E-03
  5.2722998E+03  8.0463672E-03
  5.2844502E+03  7.9845078E-03
  5.2966299E+03  7.8240382E-03
  5.3088398E+03  7.8550857E-03
  5.3210801E+03  8.0463672E-03
  5.3333501E+03  7.9767881E-03
  5.3456401E+03  7.9767881E-03
  5.3579600E+03  7.9037482E-03
  5.3703198E+03  7.9037482E-03
  5.3827002E+03  7.9767881E-03
  5.3951001E+03  8.0290474E-03
  5.4075400E+03  8.1194136E-03
  5.4200098E+03  8.1194136E-03
  5.4325000E+03  8.3516128E-03
  5.4450200E+03  8.3516128E-03
  5.4575801E+03  8.3627701E-03
  5.4701602E+03  8.3627701E-03
  5.4827700E+03  8.4520886E-03
  5.4954102E+03  8.4831594E-03
  5.5080801E+03  8.3627701E-03
  5.5207700E+03  8.3627701E-03
  5.5335000E+03  8.3803311E-03
  5.5462598E+03  8.5301958E-03
  5.5590400E+03  8.3803311E-03
  5.5718501E+03  8.4195696E-03
  5.5847002E+03  8.3803311E-03
  5.5975698E+03  8.4195696E-03
  5.6104800E+03  8.3803311E-03
  5.6234102E+03  8.4195696E-03
  5.6363799E+03  8.4537268E-03
  5.6493701E+03  8.4537268E-03
  5.6623901E+03  8.5369227E-03
  5.6754502E+03  8.5876416E-03
  5.6885298E+03  8.5876416E-03
  5.7016401E+03  8.5876416E-03
  5.7147900E+03  8.5876416E-03
  5.7279600E+03  8.5876416E-03
  5.7411602E+03  8.5876416E-03
  5.7543999E+03  8.5876416E-03
  5.7676602E+03  8.2596010E-03
  5.7809600E+03  8.1605166E-03
  5.7942900E+03  8.1605166E-03
  5.8076401E+03  8.1605166E-03
  5.8210298E+03  8.1605166E-03
  5.8344502E+03  8.2596010E-03
  5.8478999E+03  8.3068060E-03
  5.8613799E+03  8.2975356E-03
  5.8748901E+03  8.3068060E-03
  5.8884399E+03  8.3068060E-03
  5.9020098E+03  8.5732555E-03
  5.9156099E+03  8.5732555E-03
  5.9292500E+03  8.5732555E-03
  5.9429199E+03  8.5732555E-03
  5.9566201E+03  8.5732555E-03
  5.9703501E+03  8.5732555E-03
  5.9841201E+03  8.5732555E-03
  5.9979102E+03  8.5812416E-03
  6.0117300E+03  8.5812416E-03
  6.0256001E+03  8.8102259E-03
  6.0394800E+03  8.9471601E-03
  6.0534102E+03  9.0325186E-03
  6.0673599E+03  9.0156700E-03
  6.0813501E+03  8.8140331E-03
  6.0953701E+03  8.6747697E-03
  6.1094199E+03  8.7035047E-03
  6.1235000E+03  8.3531626E-03
  6.1376201E+03  8.2794987E-03
  6.1517700E+03  8.3868159E-03
  6.1659502E+03  8.0267293E-03
  6.1801602E+03  8.2047367E-03
  6.1944102E+03  8.4549934E-03
  6.2086899E+03  8.3930334E-03
  6.2230000E+03  8.1990091E-03
  6.2373501E+03  7.9987533E-03
  6.2517300E+03  7.8629293E-03
  6.2661401E+03  8.1492839E-03
  6.2805801E+03  8.3174706E-03
  6.2950601E+03  8.3390316E-03
  6.3095698E+03  8.1689432E-03
  6.3241201E+03  8.2540121E-03
  6.3386899E+03  8.2962783E-03
  6.3533101E+03  8.2950629E-03
  6.3679502E+03  8.2614552E-03
  6.3826299E+03  8.3714286E-03
  6.3973501E+03  8.3742002E-03
  6.4120898E+03  8.2743363E-03
  6.4268799E+03  8.3381394E-03
  6.4416899E+03  8.3119562E-03
  6.4565400E+03  8.2778400E-03
  6.4714199E+03  8.2530556E-03
  6.4863398E+03  8.1260316E-03
  6.5012998E+03  8.2731061E-03
  6.5162798E+03  8.4061939E-03
  6.5312998E+03  8.3836671E-03
  6.5463599E+03  8.2057724E-03
  6.5614502E+03  7.8933416E-03
  6.5765801E+03  7.8782421E-03
  6.5917402E+03  8.2613192E-03
  6.6069302E+03  8.3283717E-03
  6.6221602E+03  8.2840500E-03
  6.6374302E+03  8.2450313E-03
  6.6527300E+03  8.2126549E-03
  6.6680698E+03  8.0507677E-03
  6.6834399E+03  8.1068445E-03
  6.6988501E+03  7.9902252E-03
  6.7142900E+03  7.8458879E-03
  6.7297598E+03  8.0193961E-03
  6.7452798E+03  7.9061529E-03
  6.7608301E+03  7.8954780E-03
  6.7764102E+03  7.8816637E-03
  6.7920400E+03  7.8137107E-03
  6.8076899E+03  7.8543136E-03
  6.8233799E+03  7.9310751E-03
  6.8391099E+03  7.8632524E-03
  6.8548799E+03  7.7765868E-03
  6.8706802E+03  7.8892391E-03
  6.8865200E+03  7.9877656E-03
  6.9023999E+03  7.9995301E-03
  6.9183101E+03  7.9654017E-03
  6.9342598E+03  7.9277791E-03
  6.9502402E+03  7.9358136E-03
  6.9662598E+03  8.0292020E-03
  6.9823198E+03  8.0277435E-03
  6.9984199E+03  7.9657556E-03
  7.0145498E+03  7.9425955E-03
  7.0307202E+03  8.0859102E-03
  7.0469302E+03  8.1162807E-03
  7.0631802E+03  7.9324376E-03
  7.0794600E+03  7.7025932E-03
  7.0957700E+03  7.4963574E-03
  7.1121401E+03  7.3319073E-03
  7.1285298E+03  7.1919682E-03
  7.1449600E+03  7.1573234E-03
  7.1614302E+03  7.2090253E-03
  7.1779399E+03  7.1809255E-03
  7.1944902E+03  7.1128146E-03
  7.2110698E+03  7.2632851E-03
  7.2277002E+03  7.8485589E-03
  7.2443599E+03  7.8485589E-03
  7.2610601E+03  7.8485589E-03
  7.2777998E+03  7.8485589E-03
  7.2945698E+03  7.5243609E-03
  7.3113901E+03  7.7144215E-03
  7.3282500E+03  7.7418792E-03
  7.3451401E+03  7.8187911E-03
  7.3620698E+03  7.9800291E-03
  7.3790400E+03  7.9977298E-03
  7.3960498E+03  7.9131695E-03
  7.4131001E+03  7.9532368E-03
  7.4301899E+03  8.1385858E-03
  7.4473198E+03  8.1313420E-03
  7.4644902E+03  8.2444241E-03
  7.4816899E+03  8.2798759E-03
  7.4989399E+03  8.3179679E-03
  7.5162300E+03  8.4207896E-03
  7.5335498E+03  8.5410764E-03
  7.5509199E+03  8.5949805E-03
  7.5683301E+03  8.5644871E-03
  7.5857700E+03  8.3948402E-03
  7.6032598E+03  8.2313949E-03
  7.6207900E+03  8.0567142E-03
  7.6383599E+03  7.8765424E-03
  7.6559600E+03  7.6368046E-03
  7.6736099E+03  7.3799868E-03
  7.6912998E+03  7.5296047E-03
  7.7090298E+03  7.3953336E-03
  7.7268101E+03  7.4063074E-03
  7.7446201E+03  7.3722121E-03
  7.7624702E+03  7.4210363E-03
  7.7803599E+03  7.4965628E-03
  7.7982998E+03  7.5283810E-03
  7.8162798E+03  7.5042094E-03
  7.8342900E+03  7.4383384E-03
  7.8523599E+03  7.3702210E-03
  7.8704600E+03  7.4919183E-03
  7.8886001E+03  7.4015353E-03
  7.9067900E+03  7.2445488E-03
  7.9250098E+03  7.2445329E-03
  7.9432798E+03  7.2182366E-03
  7.9615898E+03  7.3509463E-03
  7.9799502E+03  7.4651660E-03
  7.9983398E+03  7.5081941E-03
  8.0167798E+03  7.5733946E-03
  8.0352598E+03  7.6013394E-03
  8.0537798E+03  7.6330490E-03
  8.0723501E+03  7.7266744E-03
  8.0909600E+03  7.6750135E-03
  8.1096099E+03  7.7683986E-03
  8.1282998E+03  8.0084326E-03
  8.1470400E+03  8.1276419E-03
  8.1658198E+03  8.2175210E-03
  8.1846499E+03  8.0301277E-03
  8.2035098E+03  7.8798337E-03
  8.2224297E+03  7.8743454E-03
  8.2413799E+03  7.8849010E-03
  8.2603799E+03  7.9210065E-03
  8.2794199E+03  7.9150898E-03
  8.2985098E+03  7.7417986E-03
  8.3176299E+03  7.5531364E-03
  8.3368096E+03  7.5144246E-03
  8.3560303E+03  7.5263646E-03
  8.3752900E+03  7.4881515E-03
  8.3945996E+03  7.3439036E-03
  8.4139502E+03  7.4664205E-03
  8.4333496E+03  7.1137752E-03
  8.4527900E+03  6.9596628E-03
  8.4722695E+03  6.9748587E-03
  8.4917998E+03  6.9927135E-03
  8.5113799E+03  6.7363949E-03
  8.5310000E+03  6.9906483E-03
  8.5506699E+03  6.5026241E-03
  8.5703799E+03  7.2594266E-03
  8.5901396E+03  7.1735340E-03
  8.6099404E+03  7.2673336E-03
  8.6297803E+03  7.4354233E-03
  8.6496699E+03  7.4508851E-03
  8.6696201E+03  6.7316596E-03
  8.6895996E+03  7.2697834E-03
  8.7096299E+03  7.5700483E-03
  8.7297100E+03  7.6426091E-03
  8.7498398E+03  7.5620487E-03
  8.7700000E+03  7.7250544E-03
  8.7902305E+03  7.8367535E-03
  8.8104902E+03  7.6867063E-03
  8.8307998E+03  7.7697420E-03
  8.8511504E+03  7.7223745E-03
  8.8715596E+03  7.4138576E-03
  8.8920098E+03  7.5344839E-03
  8.9125098E+03  7.6087546E-03
  8.9330498E+03  7.4874074E-03
  8.9536504E+03  7.5143627E-03
  8.9742803E+03  7.5457552E-03
  8.9949805E+03  7.4926419E-03
  9.0157100E+03  7.3954756E-03
  9.0364902E+03  7.7037523E-03
  9.0573301E+03  7.8915656E-03
  9.0782002E+03  7.8377221E-03
  9.0991299E+03  7.7986298E-03
  9.1200996E+03  7.9323202E-03
  9.1411299E+03  7.9738237E-03
  9.1622002E+03  7.9443399E-03
  9.1833203E+03  8.0034267E-03
  9.2045000E+03  7.7852155E-03
  9.2257100E+03  7.5026811E-03
  9.2469805E+03  7.4387551E-03
  9.2682998E+03  7.4879294E-03
  9.2896602E+03  7.3805703E-03
  9.3110801E+03  7.4310000E-03
  9.3325400E+03  7.4450956E-03
  9.3540596E+03  7.3896516E-03
  9.3756201E+03  7.3259124E-03
  9.3972305E+03  7.3802341E-03
  9.4189004E+03  7.1432507E-03
  9.4406104E+03  7.1432507E-03
  9.4623701E+03  7.4956533E-03
  9.4841797E+03  7.5802580E-03
  9.5060498E+03  7.4633593E-03
  9.5279600E+03  7.4779186E-03
  9.5499199E+03  7.3361592E-03
  9.5719404E+03  7.4468493E-03
  9.5940000E+03  7.5651919E-03
  9.6161201E+03  7.4911779E-03
  9.6382900E+03  7.4646375E-03
  9.6605098E+03  7.3787835E-03
  9.6827695E+03  7.4657728E-03
  9.7050996E+03  7.4140406E-03
  9.7274697E+03  7.3136445E-03
  9.7498896E+03  7.2797318E-03
  9.7723701E+03  7.3091849E-03
  9.7949004E+03  7.2558047E-03
  9.8174805E+03  7.3754909E-03
  9.8401104E+03  7.3545226E-03
  9.8627900E+03  7.3507768E-03
  9.8855303E+03  7.3249270E-03
  9.9083203E+03  7.2484436E-03
  9.9311602E+03  7.2971573E-03
  9.9540498E+03  7.3187249E-03
  9.9770000E+03  7.3145800E-03
  1.0000000E+04  7.2963201E-03
  1.0000000E+04  7.2963201E-03
  1.0115800E+04  7.2642541E-03
  1.0232940E+04  7.2251111E-03
  1.0351420E+04  6.2286104E-03
  1.0471290E+04  7.0370231E-03
  1.0592540E+04  6.7797354E-03
  1.0715200E+04  6.7022447E-03
  1.0839270E+04  6.5466166E-03
  1.0964780E+04  6.4510815E-03
  1.1091750E+04  6.2666126E-03
  1.1220190E+04  6.2038586E-03
  1.1350100E+04  6.0872375E-03
  1.1481540E+04  4.9611968E-03
  1.1614490E+04  5.8825784E-03
  1.1748980E+04  4.9225665E-03
  1.1885020E+04  4.9813264E-03
  1.2022640E+04  5.5613397E-03
  1.2161860E+04  5.1213806E-03
  1.2302690E+04  4.5257560E-03
  1.2445140E+04  5.2806744E-03
  1.2589250E+04  4.7048852E-03
  1.2735030E+04  5.3232103E-03
  1.2882500E+04  4.7202059E-03
  1.3031660E+04  4.9580219E-03
  1.3182560E+04  4.3957457E-03
  1.3335210E+04  4.7213538E-03
  1.3489630E+04  4.5665363E-03
  1.3645840E+04  4.5241537E-03
  1.3803840E+04  4.2114151E-03
  1.3963680E+04  4.2512692E-03
  1.4125380E+04  4.1794996E-03
  1.4288950E+04  4.2184838E-03
  1.4454390E+04  4.1431831E-03
  1.4621770E+04  4.0634288E-03
  1.4791090E+04  4.0343092E-03
  1.4962360E+04  4.0805256E-03
  1.5135610E+04  4.0980722E-03
  1.5310870E+04  4.1238358E-03
  1.5488170E+04  4.0784786E-03
  1.5667520E+04  3.9587235E-03
  1.5848920E+04  3.8086930E-03
  1.6032450E+04  3.8620040E-03
  1.6218100E+04  3.8491054E-03
  1.6405900E+04  3.8348350E-03
  1.6595859E+04  3.8072087E-03
  1.6788039E+04  3.7130762E-03
  1.6982439E+04  3.6579652E-03
  1.7179090E+04  3.5268839E-03
  1.7378000E+04  3.3594063E-03
  1.7579230E+04  3.2389739E-03
  1.7782789E+04  3.0827958E-03
  1.7988711E+04  2.9354938E-03
  1.8197020E+04  2.8131709E-03
  1.8407711E+04  2.7115240E-03
  1.8620869E+04  2.6017886E-03
  1.8836490E+04  2.5149530E-03
  1.9054619E+04  2.4506783E-03
  1.9275240E+04  2.3617947E-03
  1.9498439E+04  2.2527394E-03
  1.9724230E+04  2.1651196E-03
  1.9952631E+04  2.1031108E-03
  2.0183660E+04  2.0480624E-03
  2.0417381E+04  1.9948240E-03
  2.0653801E+04  1.9368140E-03
  2.0892971E+04  1.8812210E-03
  2.1134881E+04  1.8347654E-03
  2.1379619E+04  1.7968273E-03
  2.1627189E+04  1.7312316E-03
  2.1877619E+04  1.6802051E-03
  2.2130939E+04  1.6271370E-03
  2.2387211E+04  1.5641812E-03
  2.2646439E+04  1.5028187E-03
  2.2908680E+04  1.3358053E-03
  2.3173930E+04  1.2713984E-03
  2.3442279E+04  1.1696903E-03
  2.3713740E+04  1.0949497E-03
  2.3988340E+04  1.0308026E-03
  2.4266109E+04  9.6598698E-04
  2.4547080E+04  8.7884837E-04
  2.4831330E+04  7.8571984E-04
  2.5118869E+04  7.4149441E-04
  2.5409740E+04  7.3224987E-04
  2.5703949E+04  7.2945218E-04
  2.6001590E+04  7.1305135E-04
  2.6302680E+04  6.9263228E-04
  2.6607260E+04  6.6931773E-04
  2.6915340E+04  6.5459916E-04
  2.7227010E+04  6.4407737E-04
  2.7542289E+04  6.2623102E-04
  2.7861221E+04  6.0604990E-04
  2.8183820E+04  5.8450724E-04
  2.8510180E+04  5.6849996E-04
  2.8840320E+04  5.4898486E-04
  2.9174279E+04  5.3282129E-04
  2.9512080E+04  5.1447103E-04
  2.9853820E+04  4.9797515E-04
  3.0199520E+04  4.8327260E-04
  3.0549221E+04  4.6797717E-04
  3.0902939E+04  4.5599203E-04
  3.1260789E+04  4.4500074E-04
  3.1622779E+04  4.3110587E-04
  3.1988961E+04  4.2174419E-04
  3.2359350E+04  4.1403796E-04
  3.2734061E+04  4.0938356E-04
  3.3113109E+04  4.0322807E-04
  3.3496551E+04  3.7957390E-04
  3.3884430E+04  3.6030592E-04
  3.4276770E+04  3.4620747E-04
  3.4673680E+04  3.3433334E-04
  3.5075199E+04  3.2253060E-04
  3.5481359E+04  3.1041293E-04
  3.5892180E+04  2.9815297E-04
  3.6307801E+04  2.8821276E-04
  3.6728230E+04  2.7679242E-04
  3.7153539E+04  2.6556349E-04
  3.7583719E+04  2.5480994E-04
  3.8018930E+04  2.4543673E-04
  3.8459180E+04  2.3711797E-04
  3.8904531E+04  2.2721537E-04
  3.9354988E+04  2.1825549E-04
  3.9810711E+04  2.0841144E-04
  4.0271711E+04  2.0145686E-04
  4.0738039E+04  1.9301313E-04
  4.1209730E+04  1.8581760E-04
  4.1686930E+04  1.7799056E-04
  4.2169648E+04  1.7132601E-04
  4.2657961E+04  1.6520459E-04
  4.3151879E+04  1.4849470E-04
  4.3651570E+04  1.3894518E-04
  4.4157039E+04  1.2966963E-04
  4.4668371E+04  1.2340613E-04
  4.5185621E+04  1.1862743E-04
  4.5708801E+04  1.1598424E-04
  4.6238102E+04  1.1180057E-04
  4.6773520E+04  1.0928610E-04
  4.7315148E+04  1.0640232E-04
  4.7862988E+04  1.0309322E-04
  4.8417230E+04  1.0045460E-04
  4.8977891E+04  9.6885968E-05
  4.9545039E+04  9.3985240E-05
  5.0118699E+04  9.0912559E-05
  5.0699059E+04  8.7612178E-05
  5.1286141E+04  8.4882420E-05
  5.1880020E+04  8.2416140E-05
  5.2480719E+04  8.0033387E-05
  5.3088430E+04  7.7526820E-05
  5.3703180E+04  7.5181422E-05
  5.4325051E+04  7.2479736E-05
  5.4954059E+04  7.0682334E-05
  5.5590410E+04  6.8863388E-05
  5.6234129E+04  6.6809269E-05
  5.6885309E+04  6.4561376E-05
  5.7543961E+04  6.2961713E-05
  5.8210301E+04  6.1945982E-05
  5.8884359E+04  6.1938706E-05
  5.9566230E+04  6.3568325E-05
  6.0255988E+04  6.7455840E-05
  6.0953672E+04  7.1258488E-05
  6.1659500E+04  1.0700884E-04
  6.2373500E+04  1.5488092E-04
  6.3095762E+04  1.1417441E-04
  6.3826320E+04  8.1079801E-05
  6.4565410E+04  5.8002766E-05
  6.5313059E+04  5.3394630E-05
  6.6069367E+04  5.8016078E-05
  6.6834359E+04  5.9735201E-05
  6.7608289E+04  6.1734419E-05
  6.8391172E+04  6.0847284E-05
  6.9183117E+04  6.6155677E-05
  6.9984156E+04  8.3043989E-05
  7.0794562E+04  7.0295289E-05
  7.1614344E+04  7.2857212E-05
  7.2443617E+04  7.7995122E-05
  7.3282406E+04  8.4225234E-05
  7.4131008E+04  9.4046656E-05
  7.4989422E+04  1.2435620E-04
  7.5857781E+04  1.4262168E-04
  7.6736102E+04  1.6016501E-04
  7.7624688E+04  1.5406174E-04
  7.8523562E+04  1.5033624E-04
  7.9432844E+04  1.3526072E-04
  8.0352648E+04  1.0907272E-04
  8.1283023E+04  8.7396875E-05
  8.2224258E+04  7.7296485E-05
  8.3176391E+04  7.5863776E-05
  8.4139547E+04  7.4895368E-05
  8.5113773E+04  7.8415862E-05
  8.6099367E+04  8.4193707E-05
  8.7096367E+04  7.5180600E-05
  8.8104922E+04  5.6551704E-05
  8.9125047E+04  4.0678013E-05
  9.0157102E+04  3.3407374E-05
  9.1201094E+04  2.9156989E-05
  9.2257172E+04  2.4771993E-05
  9.3325383E+04  2.2941909E-05
  9.4406070E+04  2.2941607E-05
  9.5499273E+04  2.2975612E-05
  9.6605117E+04  2.6530803E-05
  9.7723672E+04  2.5439162E-05
  9.8855281E+04  2.2294193E-05
  1.0000000E+05  2.3092784E-05
  1.0115797E+05  2.3066201E-05
  1.0232924E+05  2.3321085E-05
  1.0351419E+05  2.3406506E-05
  1.0471285E+05  2.4901907E-05
  1.0592540E+05  2.8661583E-05
  1.0715198E+05  3.0169989E-05
  1.0839266E+05  3.1018211E-05
  1.0964781E+05  3.5249388E-05
  1.1091750E+05  4.8046906E-05
  1.1220190E+05  8.5551590E-05
  1.1350104E+05  9.6407610E-05
  1.1481534E+05  6.8130204E-05
  1.1614488E+05  4.7498521E-05
  1.1748980E+05  3.8456903E-05
  1.1885017E+05  3.7253289E-05
  1.2022642E+05  4.0305411E-05
  1.2161861E+05  3.6868718E-05
  1.2302692E+05  3.9741095E-05
  1.2445140E+05  4.1688345E-05
  1.2589252E+05  4.5934496E-05
  1.2735031E+05  5.5672688E-05
  1.2882499E+05  4.8050282E-05
  1.3031661E+05  2.8830407E-05
  1.3182564E+05  2.5534613E-05
  1.3335214E+05  2.4713883E-05
  1.3489633E+05  2.3044406E-05
  1.3645823E+05  2.2476512E-05
  1.3803839E+05  2.0316702E-05
  1.3963683E+05  2.0050600E-05
  1.4125378E+05  2.0705709E-05
  1.4288947E+05  2.1179505E-05
  1.4454392E+05  1.8907089E-05
  1.4621770E+05  1.6016194E-05
  1.4791086E+05  1.4494505E-05
  1.4962362E+05  1.3996592E-05
  1.5135606E+05  1.3796899E-05
  1.5310872E+05  1.4894293E-05
  1.5488169E+05  1.8855408E-05
  1.5667517E+05  1.4971796E-05
  1.5848925E+05  1.4967604E-05
  1.6032452E+05  1.5105408E-05
  1.6218103E+05  1.7426893E-05
  1.6405903E+05  2.0604699E-05
  1.6595861E+05  2.0856802E-05
  1.6788036E+05  2.1298574E-05
  1.6982438E+05  2.4787909E-05
  1.7179089E+05  2.2325399E-05
  1.7377998E+05  1.9703386E-05
  1.7579231E+05  1.6076501E-05
  1.7782794E+05  1.4669497E-05
  1.7988714E+05  1.3419595E-05
  1.8196998E+05  1.3109298E-05
  1.8407714E+05  1.2856980E-05
  1.8620870E+05  1.2609905E-05
  1.8836495E+05  1.2367905E-05
  1.9054595E+05  1.2103700E-05
  1.9275242E+05  1.1764496E-05
  1.9498444E+05  1.1433806E-05
  1.9724231E+05  1.1111399E-05
  1.9952631E+05  1.0796992E-05
