  3.1623001E+02  0.0000000E+00
  3.1695999E+02  0.0000000E+00
  3.1769000E+02  0.0000000E+00
  3.1842001E+02  0.0000000E+00
  3.1914999E+02  0.0000000E+00
  3.1989001E+02  0.0000000E+00
  3.2063000E+02  0.0000000E+00
  3.2137000E+02  0.0000000E+00
  3.2210999E+02  0.0000000E+00
  3.2285001E+02  0.0000000E+00
  3.2359000E+02  0.0000000E+00
  3.2434000E+02  0.0000000E+00
  3.2509000E+02  0.0000000E+00
  3.2584000E+02  0.0000000E+00
  3.2659000E+02  0.0000000E+00
  3.2734000E+02  0.0000000E+00
  3.2810001E+02  0.0000000E+00
  3.2885001E+02  0.0000000E+00
  3.2960999E+02  0.0000000E+00
  3.3037000E+02  0.0000000E+00
  3.3113000E+02  0.0000000E+00
  3.3189001E+02  0.0000000E+00
  3.3266000E+02  0.0000000E+00
  3.3342999E+02  0.0000000E+00
  3.3419000E+02  0.0000000E+00
  3.3497000E+02  0.0000000E+00
  3.3573999E+02  0.0000000E+00
  3.3651001E+02  0.0000000E+00
  3.3729001E+02  0.0000000E+00
  3.3806000E+02  0.0000000E+00
  3.3884000E+02  0.0000000E+00
  3.3963000E+02  0.0000000E+00
  3.4041000E+02  0.0000000E+00
  3.4119000E+02  0.0000000E+00
  3.4198001E+02  0.0000000E+00
  3.4276999E+02  0.0000000E+00
  3.4356000E+02  0.0000000E+00
  3.4435001E+02  0.0000000E+00
  3.4514001E+02  0.0000000E+00
  3.4594000E+02  0.0000000E+00
  3.4673999E+02  0.0000000E+00
  3.4754001E+02  0.0000000E+00
  3.4834000E+02  0.0000000E+00
  3.4914001E+02  0.0000000E+00
  3.4995001E+02  0.0000000E+00
  3.5075000E+02  0.0000000E+00
  3.5156000E+02  0.0000000E+00
  3.5237000E+02  0.0000000E+00
  3.5317999E+02  0.0000000E+00
  3.5400000E+02  0.0000000E+00
  3.5481000E+02  0.0000000E+00
  3.5563000E+02  0.0000000E+00
  3.5645001E+02  0.0000000E+00
  3.5726999E+02  0.0000000E+00
  3.5810001E+02  0.0000000E+00
  3.5892001E+02  0.0000000E+00
  3.5975000E+02  0.0000000E+00
  3.6057999E+02  0.0000000E+00
  3.6141000E+02  0.0000000E+00
  3.6223999E+02  0.0000000E+00
  3.6307999E+02  0.0000000E+00
  3.6392001E+02  0.0000000E+00
  3.6475000E+02  0.0000000E+00
  3.6559000E+02  0.0000000E+00
  3.6644000E+02  0.0000000E+00
  3.6728000E+02  0.0000000E+00
  3.6813000E+02  0.0000000E+00
  3.6898001E+02  0.0000000E+00
  3.6982999E+02  0.0000000E+00
  3.7067999E+02  0.0000000E+00
  3.7154001E+02  0.0000000E+00
  3.7239001E+02  0.0000000E+00
  3.7325000E+02  0.0000000E+00
  3.7410999E+02  0.0000000E+00
  3.7497000E+02  0.0000000E+00
  3.7584000E+02  0.0000000E+00
  3.7670001E+02  0.0000000E+00
  3.7757001E+02  0.0000000E+00
  3.7844000E+02  0.0000000E+00
  3.7931000E+02  0.0000000E+00
  3.8019000E+02  0.0000000E+00
  3.8107001E+02  0.0000000E+00
  3.8194000E+02  0.0000000E+00
  3.8282001E+02  0.0000000E+00
  3.8370999E+02  0.0000000E+00
  3.8459000E+02  0.0000000E+00
  3.8548001E+02  0.0000000E+00
  3.8637000E+02  0.0000000E+00
  3.8726001E+02  0.0000000E+00
  3.8814999E+02  0.0000000E+00
  3.8904999E+02  0.0000000E+00
  3.8994000E+02  0.0000000E+00
  3.9084000E+02  0.0000000E+00
  3.9173999E+02  0.0000000E+00
  3.9264999E+02  0.0000000E+00
  3.9354999E+02  0.0000000E+00
  3.9445999E+02  0.0000000E+00
  3.9537000E+02  0.0000000E+00
  3.9628000E+02  0.0000000E+00
  3.9719000E+02  0.0000000E+00
  3.9810999E+02  0.0000000E+00
  3.9901999E+02  0.0000000E+00
  3.9994000E+02  0.0000000E+00
  4.0087000E+02  0.0000000E+00
  4.0179001E+02  0.0000000E+00
  4.0272000E+02  0.0000000E+00
  4.0364999E+02  0.0000000E+00
  4.0457999E+02  0.0000000E+00
  4.0551001E+02  0.0000000E+00
  4.0644000E+02  0.0000000E+00
  4.0738000E+02  0.0000000E+00
  4.0832001E+02  0.0000000E+00
  4.0926001E+02  0.0000000E+00
  4.1020001E+02  0.0000000E+00
  4.1114999E+02  0.0000000E+00
  4.1210001E+02  0.0000000E+00
  4.1304999E+02  0.0000000E+00
  4.1400000E+02  0.0000000E+00
  4.1495001E+02  0.0000000E+00
  4.1591000E+02  0.0000000E+00
  4.1687000E+02  0.0000000E+00
  4.1782999E+02  0.0000000E+00
  4.1879001E+02  0.0000000E+00
  4.1976001E+02  0.0000000E+00
  4.2073001E+02  0.0000000E+00
  4.2170001E+02  0.0000000E+00
  4.2267001E+02  0.0000000E+00
  4.2364001E+02  0.0000000E+00
  4.2462000E+02  0.0000000E+00
  4.2560001E+02  0.0000000E+00
  4.2657999E+02  0.0000000E+00
  4.2756000E+02  0.0000000E+00
  4.2854999E+02  0.0000000E+00
  4.2954001E+02  0.0000000E+00
  4.3053000E+02  0.0000000E+00
  4.3151999E+02  0.0000000E+00
  4.3251001E+02  0.0000000E+00
  4.3351001E+02  0.0000000E+00
  4.3451001E+02  0.0000000E+00
  4.3551001E+02  0.0000000E+00
  4.3651999E+02  0.0000000E+00
  4.3751999E+02  0.0000000E+00
  4.3853000E+02  0.0000000E+00
  4.3954001E+02  0.0000000E+00
  4.4054999E+02  0.0000000E+00
  4.4157001E+02  0.0000000E+00
  4.4259000E+02  0.0000000E+00
  4.4360999E+02  0.0000000E+00
  4.4463000E+02  0.0000000E+00
  4.4566000E+02  0.0000000E+00
  4.4667999E+02  0.0000000E+00
  4.4770999E+02  0.0000000E+00
  4.4875000E+02  0.0000000E+00
  4.4978000E+02  0.0000000E+00
  4.5082001E+02  0.0000000E+00
  4.5185999E+02  0.0000000E+00
  4.5289999E+02  0.0000000E+00
  4.5394000E+02  0.0000000E+00
  4.5498999E+02  0.0000000E+00
  4.5604001E+02  0.0000000E+00
  4.5709000E+02  0.0000000E+00
  4.5814001E+02  0.0000000E+00
  4.5920001E+02  0.0000000E+00
  4.6026001E+02  0.0000000E+00
  4.6132001E+02  0.0000000E+00
  4.6238000E+02  0.0000000E+00
  4.6345001E+02  0.0000000E+00
  4.6451999E+02  0.0000000E+00
  4.6559000E+02  0.0000000E+00
  4.6666000E+02  0.0000000E+00
  4.6773999E+02  0.0000000E+00
  4.6881000E+02  0.0000000E+00
  4.6989001E+02  0.0000000E+00
  4.7098001E+02  0.0000000E+00
  4.7206000E+02  0.0000000E+00
  4.7314999E+02  0.0000000E+00
  4.7423999E+02  0.0000000E+00
  4.7534000E+02  0.0000000E+00
  4.7642999E+02  0.0000000E+00
  4.7753000E+02  0.0000000E+00
  4.7863000E+02  0.0000000E+00
  4.7973001E+02  0.0000000E+00
  4.8084000E+02  0.0000000E+00
  4.8195001E+02  0.0000000E+00
  4.8306000E+02  0.0000000E+00
  4.8417001E+02  0.0000000E+00
  4.8529001E+02  0.0000000E+00
  4.8641000E+02  0.0000000E+00
  4.8753000E+02  0.0000000E+00
  4.8864999E+02  0.0000000E+00
  4.8978000E+02  0.0000000E+00
  4.9091000E+02  0.0000000E+00
  4.9204001E+02  0.0000000E+00
  4.9317001E+02  0.0000000E+00
  4.9431000E+02  0.0000000E+00
  4.9545001E+02  0.0000000E+00
  4.9659000E+02  0.0000000E+00
  4.9773999E+02  0.0000000E+00
  4.9888000E+02  0.0000000E+00
  5.0003000E+02  0.0000000E+00
  5.0119000E+02  0.0000000E+00
  5.0234000E+02  0.0000000E+00
  5.0350000E+02  0.0000000E+00
  5.0466000E+02  0.0000000E+00
  5.0582001E+02  0.0000000E+00
  5.0698999E+02  0.0000000E+00
  5.0816000E+02  0.0000000E+00
  5.0932999E+02  0.0000000E+00
  5.1050000E+02  0.0000000E+00
  5.1167999E+02  0.0000000E+00
  5.1285999E+02  0.0000000E+00
  5.1403998E+02  0.0000000E+00
  5.1522998E+02  0.0000000E+00
  5.1641998E+02  0.0000000E+00
  5.1760999E+02  0.0000000E+00
  5.1879999E+02  0.0000000E+00
  5.2000000E+02  0.0000000E+00
  5.2119000E+02  0.0000000E+00
  5.2240002E+02  0.0000000E+00
  5.2359998E+02  0.0000000E+00
  5.2481000E+02  0.0000000E+00
  5.2602002E+02  0.0000000E+00
  5.2722998E+02  0.0000000E+00
  5.2845001E+02  0.0000000E+00
  5.2965997E+02  0.0000000E+00
  5.3088000E+02  0.0000000E+00
  5.3210999E+02  0.0000000E+00
  5.3333002E+02  0.0000000E+00
  5.3456000E+02  0.0000000E+00
  5.3579999E+02  0.0000000E+00
  5.3703003E+02  0.0000000E+00
  5.3827002E+02  0.0000000E+00
  5.3951001E+02  0.0000000E+00
  5.4075000E+02  0.0000000E+00
  5.4200000E+02  0.0000000E+00
  5.4325000E+02  0.0000000E+00
  5.4450000E+02  0.0000000E+00
  5.4576001E+02  0.0000000E+00
  5.4702002E+02  0.0000000E+00
  5.4828003E+02  0.0000000E+00
  5.4953998E+02  0.0000000E+00
  5.5081000E+02  0.0000000E+00
  5.5208002E+02  0.0000000E+00
  5.5334998E+02  0.0000000E+00
  5.5463000E+02  0.0000000E+00
  5.5590002E+02  0.0000000E+00
  5.5719000E+02  0.0000000E+00
  5.5846997E+02  0.0000000E+00
  5.5976001E+02  0.0000000E+00
  5.6104999E+02  0.0000000E+00
  5.6234003E+02  0.0000000E+00
  5.6364001E+02  0.0000000E+00
  5.6494000E+02  0.0000000E+00
  5.6623999E+02  0.0000000E+00
  5.6753998E+02  0.0000000E+00
  5.6884998E+02  0.0000000E+00
  5.7015997E+02  0.0000000E+00
  5.7147998E+02  0.0000000E+00
  5.7279999E+02  0.0000000E+00
  5.7412000E+02  0.0000000E+00
  5.7544000E+02  0.0000000E+00
  5.7677002E+02  0.0000000E+00
  5.7809998E+02  0.0000000E+00
  5.7942999E+02  0.0000000E+00
  5.8076001E+02  0.0000000E+00
  5.8209998E+02  0.0000000E+00
  5.8345001E+02  0.0000000E+00
  5.8478998E+02  0.0000000E+00
  5.8614001E+02  0.0000000E+00
  5.8748999E+02  0.0000000E+00
  5.8884003E+02  0.0000000E+00
  5.9020001E+02  0.0000000E+00
  5.9156000E+02  0.0000000E+00
  5.9292999E+02  0.0000000E+00
  5.9428998E+02  0.0000000E+00
  5.9565997E+02  0.0000000E+00
  5.9703998E+02  0.0000000E+00
  5.9840997E+02  0.0000000E+00
  5.9978998E+02  0.0000000E+00
  6.0116998E+02  0.0000000E+00
  6.0256000E+02  0.0000000E+00
  6.0395001E+02  0.0000000E+00
  6.0534003E+02  0.0000000E+00
  6.0673999E+02  0.0000000E+00
  6.0813000E+02  0.0000000E+00
  6.0953998E+02  0.0000000E+00
  6.1094000E+02  0.0000000E+00
  6.1234998E+02  0.0000000E+00
  6.1376001E+02  0.0000000E+00
  6.1517999E+02  0.0000000E+00
  6.1659003E+02  0.0000000E+00
  6.1802002E+02  0.0000000E+00
  6.1944000E+02  0.0000000E+00
  6.2087000E+02  0.0000000E+00
  6.2229999E+02  0.0000000E+00
  6.2372998E+02  0.0000000E+00
  6.2516998E+02  0.0000000E+00
  6.2660999E+02  0.0000000E+00
  6.2806000E+02  0.0000000E+00
  6.2951001E+02  0.0000000E+00
  6.3096002E+02  0.0000000E+00
  6.3240997E+02  0.0000000E+00
  6.3387000E+02  0.0000000E+00
  6.3533002E+02  0.0000000E+00
  6.3679999E+02  0.0000000E+00
  6.3826001E+02  0.0000000E+00
  6.3972998E+02  0.0000000E+00
  6.4121002E+02  0.0000000E+00
  6.4269000E+02  0.0000000E+00
  6.4416998E+02  0.0000000E+00
  6.4565002E+02  0.0000000E+00
  6.4714001E+02  0.0000000E+00
  6.4863000E+02  0.0000000E+00
  6.5013000E+02  0.0000000E+00
  6.5163000E+02  0.0000000E+00
  6.5313000E+02  0.0000000E+00
  6.5464001E+02  0.0000000E+00
  6.5615002E+02  0.0000000E+00
  6.5765997E+02  0.0000000E+00
  6.5916998E+02  0.0000000E+00
  6.6069000E+02  0.0000000E+00
  6.6221997E+02  0.0000000E+00
  6.6373999E+02  0.0000000E+00
  6.6527002E+02  0.0000000E+00
  6.6681000E+02  0.0000000E+00
  6.6834003E+02  0.0000000E+00
  6.6988000E+02  0.0000000E+00
  6.7142999E+02  0.0000000E+00
  6.7297998E+02  0.0000000E+00
  6.7453003E+02  0.0000000E+00
  6.7608002E+02  0.0000000E+00
  6.7764001E+02  0.0000000E+00
  6.7920001E+02  0.0000000E+00
  6.8077002E+02  0.0000000E+00
  6.8234003E+02  0.0000000E+00
  6.8390997E+02  0.0000000E+00
  6.8548999E+02  0.0000000E+00
  6.8707001E+02  0.0000000E+00
  6.8865002E+02  0.0000000E+00
  6.9023999E+02  0.0000000E+00
  6.9183002E+02  0.0000000E+00
  6.9342999E+02  0.0000000E+00
  6.9502002E+02  0.0000000E+00
  6.9663000E+02  0.0000000E+00
  6.9822998E+02  0.0000000E+00
  6.9984003E+02  0.0000000E+00
  7.0146002E+02  0.0000000E+00
  7.0307001E+02  0.0000000E+00
  7.0469000E+02  0.0000000E+00
  7.0632001E+02  0.0000000E+00
  7.0795001E+02  0.0000000E+00
  7.0958002E+02  0.0000000E+00
  7.1121002E+02  0.0000000E+00
  7.1284998E+02  0.0000000E+00
  7.1450000E+02  0.0000000E+00
  7.1614001E+02  0.0000000E+00
  7.1778998E+02  0.0000000E+00
  7.1945001E+02  0.0000000E+00
  7.2110999E+02  0.0000000E+00
  7.2277002E+02  0.0000000E+00
  7.2444000E+02  0.0000000E+00
  7.2610999E+02  0.0000000E+00
  7.2778003E+02  0.0000000E+00
  7.2946002E+02  0.0000000E+00
  7.3114001E+02  0.0000000E+00
  7.3282001E+02  0.0000000E+00
  7.3451001E+02  0.0000000E+00
  7.3621002E+02  0.0000000E+00
  7.3790002E+02  0.0000000E+00
  7.3960999E+02  0.0000000E+00
  7.4131000E+02  0.0000000E+00
  7.4302002E+02  0.0000000E+00
  7.4472998E+02  0.0000000E+00
  7.4645001E+02  0.0000000E+00
  7.4816998E+02  0.0000000E+00
  7.4989001E+02  0.0000000E+00
  7.5162000E+02  0.0000000E+00
  7.5335999E+02  0.0000000E+00
  7.5509003E+02  0.0000000E+00
  7.5683002E+02  0.0000000E+00
  7.5858002E+02  0.0000000E+00
  7.6033002E+02  0.0000000E+00
  7.6208002E+02  0.0000000E+00
  7.6384003E+02  0.0000000E+00
  7.6559998E+02  0.0000000E+00
  7.6735999E+02  0.0000000E+00
  7.6913000E+02  0.0000000E+00
  7.7090002E+02  0.0000000E+00
  7.7267999E+02  0.0000000E+00
  7.7446002E+02  0.0000000E+00
  7.7625000E+02  0.0000000E+00
  7.7803998E+02  0.0000000E+00
  7.7983002E+02  0.0000000E+00
  7.8163000E+02  0.0000000E+00
  7.8342999E+02  0.0000000E+00
  7.8523999E+02  0.0000000E+00
  7.8704999E+02  0.0000000E+00
  7.8885999E+02  0.0000000E+00
  7.9067999E+02  0.0000000E+00
  7.9250000E+02  0.0000000E+00
  7.9433002E+02  0.0000000E+00
  7.9615997E+02  0.0000000E+00
  7.9798999E+02  0.0000000E+00
  7.9983002E+02  0.0000000E+00
  8.0167999E+02  0.0000000E+00
  8.0353003E+02  0.0000000E+00
  8.0538000E+02  0.0000000E+00
  8.0723999E+02  0.0000000E+00
  8.0909998E+02  0.0000000E+00
  8.1096002E+02  0.0000000E+00
  8.1283002E+02  0.0000000E+00
  8.1470001E+02  0.0000000E+00
  8.1658002E+02  0.0000000E+00
  8.1846002E+02  0.0000000E+00
  8.2034998E+02  0.0000000E+00
  8.2223999E+02  0.0000000E+00
  8.2414001E+02  0.0000000E+00
  8.2603998E+02  0.0000000E+00
  8.2794000E+02  0.0000000E+00
  8.2984998E+02  0.0000000E+00
  8.3176001E+02  0.0000000E+00
  8.3367999E+02  0.0000000E+00
  8.3559998E+02  0.0000000E+00
  8.3753003E+02  0.0000000E+00
  8.3946002E+02  0.0000000E+00
  8.4140002E+02  0.0000000E+00
  8.4333002E+02  0.0000000E+00
  8.4528003E+02  0.0000000E+00
  8.4722998E+02  0.0000000E+00
  8.4917999E+02  0.0000000E+00
  8.5114001E+02  0.0000000E+00
  8.5309998E+02  0.0000000E+00
  8.5507001E+02  0.0000000E+00
  8.5703998E+02  0.0000000E+00
  8.5901001E+02  0.0000000E+00
  8.6098999E+02  0.0000000E+00
  8.6297998E+02  0.0000000E+00
  8.6496997E+02  0.0000000E+00
  8.6696002E+02  0.0000000E+00
  8.6896002E+02  0.0000000E+00
  8.7096002E+02  0.0000000E+00
  8.7296997E+02  0.0000000E+00
  8.7497998E+02  0.0000000E+00
  8.7700000E+02  0.0000000E+00
  8.7902002E+02  0.0000000E+00
  8.8104999E+02  0.0000000E+00
  8.8308002E+02  0.0000000E+00
  8.8512000E+02  0.0000000E+00
  8.8715997E+02  0.0000000E+00
  8.8920001E+02  0.0000000E+00
  8.9125000E+02  0.0000000E+00
  8.9331000E+02  0.0000000E+00
  8.9535999E+02  0.0000000E+00
  8.9742999E+02  0.0000000E+00
  8.9950000E+02  0.0000000E+00
  9.0157001E+02  8.4879808E-04
  9.0365002E+02  8.4879808E-04
  9.0572998E+02  8.4879808E-04
  9.0782001E+02  8.4879808E-04
  9.0990997E+02  8.4879808E-04
  9.1201001E+02  8.4879808E-04
  9.1410999E+02  8.4879808E-04
  9.1621997E+02  8.4879808E-04
  9.1833002E+02  8.4879808E-04
  9.2045001E+02  8.4879808E-04
  9.2257001E+02  8.4107084E-04
  9.2470001E+02  8.4107084E-04
  9.2683002E+02  8.4107084E-04
  9.2896997E+02  8.4107084E-04
  9.3110999E+02  8.4107084E-04
  9.3325000E+02  9.4481505E-04
  9.3540997E+02  1.0564496E-03
  9.3756000E+02  1.0564496E-03
  9.3971997E+02  1.0564496E-03
  9.4189001E+02  8.4107084E-04
  9.4406000E+02  8.4107084E-04
  9.4623999E+02  8.4107084E-04
  9.4841998E+02  8.4107084E-04
  9.5059998E+02  8.4107084E-04
  9.5279999E+02  8.4107084E-04
  9.5498999E+02  8.4107084E-04
  9.5719000E+02  8.4107084E-04
  9.5940002E+02  8.4107084E-04
  9.6160999E+02  8.4107084E-04
  9.6383002E+02  8.4107084E-04
  9.6604999E+02  8.4107084E-04
  9.6828003E+02  9.0271008E-04
  9.7051001E+02  1.0564496E-03
  9.7275000E+02  1.0564496E-03
  9.7498999E+02  1.0564496E-03
  9.7723999E+02  1.0564496E-03
  9.7948999E+02  1.0564496E-03
  9.8175000E+02  9.0271008E-04
  9.8401001E+02  6.5905595E-04
  9.8628003E+02  6.5905595E-04
  9.8854999E+02  6.2672282E-04
  9.9083002E+02  6.5905595E-04
  9.9312000E+02  6.5905595E-04
  9.9540997E+02  6.5905595E-04
  9.9770001E+02  6.5905595E-04
  1.0000000E+03  6.5905595E-04
  1.0023100E+03  9.0271008E-04
  1.0046200E+03  9.0271008E-04
  1.0069300E+03  9.0271008E-04
  1.0092500E+03  9.0271008E-04
  1.0115800E+03  9.7708381E-04
  1.0139100E+03  9.7708381E-04
  1.0162500E+03  9.7708381E-04
  1.0185900E+03  9.7708381E-04
  1.0209400E+03  9.7708381E-04
  1.0232900E+03  9.7708381E-04
  1.0256500E+03  1.0564496E-03
  1.0280200E+03  1.0564496E-03
  1.0303900E+03  9.7708381E-04
  1.0327600E+03  9.6934754E-04
  1.0351400E+03  9.0271008E-04
  1.0375300E+03  9.0271008E-04
  1.0399200E+03  9.0271008E-04
  1.0423199E+03  9.7708381E-04
  1.0447200E+03  9.7708381E-04
  1.0471300E+03  9.7708381E-04
  1.0495400E+03  9.6934754E-04
  1.0519600E+03  9.6934754E-04
  1.0543900E+03  9.6934754E-04
  1.0568199E+03  9.6934754E-04
  1.0592500E+03  9.6934754E-04
  1.0617000E+03  9.6934754E-04
  1.0641400E+03  9.6934754E-04
  1.0666000E+03  9.6934754E-04
  1.0690500E+03  9.6934754E-04
  1.0715200E+03  9.6393423E-04
  1.0739900E+03  9.6393423E-04
  1.0764700E+03  9.6393423E-04
  1.0789500E+03  9.6393423E-04
  1.0814301E+03  9.6934754E-04
  1.0839301E+03  9.6934754E-04
  1.0864301E+03  9.6934754E-04
  1.0889301E+03  9.7708381E-04
  1.0914399E+03  9.6934754E-04
  1.0939600E+03  9.6934754E-04
  1.0964800E+03  9.6393423E-04
  1.0990100E+03  9.6393423E-04
  1.1015400E+03  9.6393423E-04
  1.1040800E+03  8.0162269E-04
  1.1066200E+03  8.0162269E-04
  1.1091801E+03  8.0162269E-04
  1.1117300E+03  5.1065179E-04
  1.1142900E+03  5.1065179E-04
  1.1168600E+03  8.0162269E-04
  1.1194399E+03  8.0162269E-04
  1.1220200E+03  8.0162269E-04
  1.1246000E+03  8.0162269E-04
  1.1272000E+03  6.2217546E-04
  1.1298000E+03  5.1065179E-04
  1.1324000E+03  5.1065179E-04
  1.1350100E+03  5.1065179E-04
  1.1376300E+03  5.1065179E-04
  1.1402500E+03  5.9981365E-04
  1.1428800E+03  5.9981365E-04
  1.1455100E+03  5.9981365E-04
  1.1481500E+03  5.9981365E-04
  1.1508000E+03  5.9981365E-04
  1.1534500E+03  6.2217546E-04
  1.1561100E+03  6.2217546E-04
  1.1587800E+03  5.9981365E-04
  1.1614500E+03  6.2217546E-04
  1.1641300E+03  6.2217546E-04
  1.1668101E+03  5.6923699E-04
  1.1695000E+03  5.6923699E-04
  1.1722000E+03  5.6191423E-04
  1.1749000E+03  5.6191423E-04
  1.1776100E+03  5.6923699E-04
  1.1803199E+03  5.6923699E-04
  1.1830400E+03  5.6923699E-04
  1.1857700E+03  5.6923699E-04
  1.1885000E+03  5.6923699E-04
  1.1912400E+03  5.6923699E-04
  1.1939900E+03  5.6191423E-04
  1.1967400E+03  5.6923699E-04
  1.1995000E+03  5.6923699E-04
  1.2022600E+03  5.6923699E-04
  1.2050400E+03  5.6923699E-04
  1.2078101E+03  5.6923699E-04
  1.2106000E+03  5.6923699E-04
  1.2133900E+03  5.6923699E-04
  1.2161899E+03  5.6923699E-04
  1.2189900E+03  5.6923699E-04
  1.2218000E+03  5.6923699E-04
  1.2246200E+03  5.6923699E-04
  1.2274399E+03  5.6923699E-04
  1.2302700E+03  5.6923699E-04
  1.2331000E+03  5.6923699E-04
  1.2359500E+03  5.6923699E-04
  1.2388000E+03  5.6191423E-04
  1.2416500E+03  5.6191423E-04
  1.2445100E+03  5.6191423E-04
  1.2473800E+03  5.6191423E-04
  1.2502600E+03  5.6191423E-04
  1.2531400E+03  5.6191423E-04
  1.2560300E+03  5.0294050E-04
  1.2589301E+03  5.0294050E-04
  1.2618300E+03  4.7675773E-04
  1.2647400E+03  4.7675773E-04
  1.2676500E+03  4.7675773E-04
  1.2705699E+03  6.4114854E-04
  1.2735000E+03  6.4114854E-04
  1.2764399E+03  5.0294050E-04
  1.2793800E+03  5.0294050E-04
  1.2823300E+03  5.0294050E-04
  1.2852900E+03  5.0294050E-04
  1.2882500E+03  5.0294050E-04
  1.2912200E+03  6.0054671E-04
  1.2942000E+03  6.0054671E-04
  1.2971801E+03  6.0054671E-04
  1.3001700E+03  5.5110618E-04
  1.3031700E+03  5.5110618E-04
  1.3061700E+03  4.7675773E-04
  1.3091801E+03  4.7675773E-04
  1.3122000E+03  4.7675773E-04
  1.3152200E+03  4.7675773E-04
  1.3182600E+03  4.7675773E-04
  1.3213000E+03  4.7675773E-04
  1.3243400E+03  4.7675773E-04
  1.3273900E+03  4.7675773E-04
  1.3304500E+03  4.7675773E-04
  1.3335200E+03  4.7675773E-04
  1.3366000E+03  4.7352957E-04
  1.3396801E+03  4.7352957E-04
  1.3427700E+03  4.7352957E-04
  1.3458600E+03  4.7352957E-04
  1.3489600E+03  4.7352957E-04
  1.3520699E+03  4.7352957E-04
  1.3551899E+03  4.7352957E-04
  1.3583101E+03  4.7352957E-04
  1.3614399E+03  4.6522429E-04
  1.3645800E+03  4.6522429E-04
  1.3677300E+03  4.6522429E-04
  1.3708800E+03  4.3107441E-04
  1.3740400E+03  4.3107441E-04
  1.3772100E+03  4.3107441E-04
  1.3803800E+03  4.3107441E-04
  1.3835699E+03  4.6522429E-04
  1.3867600E+03  4.6522429E-04
  1.3899500E+03  4.6522429E-04
  1.3931600E+03  4.6522429E-04
  1.3963700E+03  4.6522429E-04
  1.3995900E+03  4.6522429E-04
  1.4028101E+03  4.6522429E-04
  1.4060500E+03  4.6522429E-04
  1.4092900E+03  4.8594151E-04
  1.4125400E+03  4.7352957E-04
  1.4157900E+03  4.7352957E-04
  1.4190601E+03  4.7352957E-04
  1.4223300E+03  4.7352957E-04
  1.4256100E+03  4.6522429E-04
  1.4288900E+03  4.6522429E-04
  1.4321899E+03  4.7352957E-04
  1.4354900E+03  4.7783388E-04
  1.4388000E+03  4.8594151E-04
  1.4421200E+03  4.8594151E-04
  1.4454399E+03  4.7783388E-04
  1.4487700E+03  4.7783388E-04
  1.4521100E+03  4.7783388E-04
  1.4554600E+03  4.7783388E-04
  1.4588101E+03  4.7573287E-04
  1.4621801E+03  4.8594151E-04
  1.4655500E+03  4.7573287E-04
  1.4689301E+03  4.7573287E-04
  1.4723101E+03  4.7783388E-04
  1.4757100E+03  4.7783388E-04
  1.4791100E+03  4.7573287E-04
  1.4825200E+03  4.0004245E-04
  1.4859399E+03  4.1637366E-04
  1.4893600E+03  4.4971454E-04
  1.4927900E+03  4.4971454E-04
  1.4962400E+03  4.4971454E-04
  1.4996801E+03  4.4971454E-04
  1.5031400E+03  4.1637366E-04
  1.5066100E+03  4.1637366E-04
  1.5100800E+03  4.1637366E-04
  1.5135601E+03  3.6826660E-04
  1.5170500E+03  3.6826660E-04
  1.5205500E+03  3.6225436E-04
  1.5240500E+03  3.6225436E-04
  1.5275699E+03  3.6826660E-04
  1.5310900E+03  3.6225436E-04
  1.5346200E+03  3.1675925E-04
  1.5381500E+03  2.8810013E-04
  1.5417000E+03  3.1675925E-04
  1.5452500E+03  3.6225436E-04
  1.5488199E+03  3.6225436E-04
  1.5523900E+03  3.6826660E-04
  1.5559700E+03  3.6225436E-04
  1.5595500E+03  3.6225436E-04
  1.5631500E+03  3.6225436E-04
  1.5667500E+03  3.2535248E-04
  1.5703600E+03  3.0086579E-04
  1.5739800E+03  3.1675925E-04
  1.5776100E+03  3.1675925E-04
  1.5812500E+03  3.6225436E-04
  1.5848900E+03  3.0086579E-04
  1.5885500E+03  3.0086579E-04
  1.5922100E+03  3.0086579E-04
  1.5958800E+03  3.0086579E-04
  1.5995601E+03  2.9680110E-04
  1.6032500E+03  3.0086579E-04
  1.6069399E+03  3.0086579E-04
  1.6106500E+03  3.4202126E-04
  1.6143600E+03  3.4202126E-04
  1.6180800E+03  3.4202126E-04
  1.6218101E+03  3.4202126E-04
  1.6255500E+03  3.4202126E-04
  1.6293000E+03  3.4202126E-04
  1.6330500E+03  3.4202126E-04
  1.6368199E+03  3.7297694E-04
  1.6405900E+03  3.6340783E-04
  1.6443700E+03  3.4202126E-04
  1.6481600E+03  3.4202126E-04
  1.6519600E+03  3.0086579E-04
  1.6557700E+03  3.0086579E-04
  1.6595900E+03  3.0086579E-04
  1.6634100E+03  3.4202126E-04
  1.6672500E+03  3.6340783E-04
  1.6710900E+03  3.4202126E-04
  1.6749399E+03  3.4202126E-04
  1.6788000E+03  3.4202126E-04
  1.6826700E+03  3.4202126E-04
  1.6865500E+03  4.2115236E-04
  1.6904399E+03  2.4555641E-04
  1.6943400E+03  2.4555641E-04
  1.6982400E+03  2.4555641E-04
  1.7021600E+03  1.9000204E-04
  1.7060800E+03  2.4555641E-04
  1.7100200E+03  2.4555641E-04
  1.7139600E+03  2.4555641E-04
  1.7179100E+03  1.9000204E-04
  1.7218700E+03  1.9000204E-04
  1.7258400E+03  1.9000204E-04
  1.7298199E+03  1.9000204E-04
  1.7338000E+03  1.9000204E-04
  1.7378000E+03  1.9000204E-04
  1.7418101E+03  1.9000204E-04
  1.7458199E+03  1.9000204E-04
  1.7498500E+03  1.9000204E-04
  1.7538800E+03  1.9000204E-04
  1.7579200E+03  2.4555641E-04
  1.7619800E+03  2.4555641E-04
  1.7660400E+03  2.4555641E-04
  1.7701100E+03  2.6395463E-04
  1.7741899E+03  2.6395463E-04
  1.7782800E+03  2.4478493E-04
  1.7823800E+03  2.4478493E-04
  1.7864900E+03  2.4478493E-04
  1.7906100E+03  2.4139133E-04
  1.7947300E+03  2.4139133E-04
  1.7988700E+03  2.4139133E-04
  1.8030200E+03  2.4139133E-04
  1.8071700E+03  2.2878005E-04
  1.8113400E+03  2.2878005E-04
  1.8155200E+03  2.2878005E-04
  1.8197000E+03  2.4139133E-04
  1.8239000E+03  2.4139133E-04
  1.8281000E+03  2.4139133E-04
  1.8323101E+03  2.4139133E-04
  1.8365400E+03  2.2878005E-04
  1.8407700E+03  2.2878005E-04
  1.8450200E+03  2.2878005E-04
  1.8492700E+03  2.2878005E-04
  1.8535300E+03  2.2878005E-04
  1.8578000E+03  2.2878005E-04
  1.8620900E+03  1.9913686E-04
  1.8663800E+03  2.2878005E-04
  1.8706801E+03  2.2878005E-04
  1.8749900E+03  2.2878005E-04
  1.8793199E+03  1.8763331E-04
  1.8836500E+03  1.9913686E-04
  1.8879900E+03  1.9913686E-04
  1.8923400E+03  1.9913686E-04
  1.8967100E+03  2.9008061E-04
  1.9010800E+03  2.9473496E-04
  1.9054600E+03  2.9008061E-04
  1.9098500E+03  2.9008061E-04
  1.9142600E+03  2.9473496E-04
  1.9186700E+03  2.9008061E-04
  1.9230900E+03  2.9008061E-04
  1.9275200E+03  3.1552580E-04
  1.9319700E+03  3.1552580E-04
  1.9364200E+03  3.1552580E-04
  1.9408900E+03  3.1822946E-04
  1.9453600E+03  3.1093857E-04
  1.9498400E+03  3.1093857E-04
  1.9543400E+03  3.0643769E-04
  1.9588400E+03  2.9064121E-04
  1.9633600E+03  2.9064121E-04
  1.9678900E+03  2.9064121E-04
  1.9724200E+03  3.1093857E-04
  1.9769700E+03  3.0643769E-04
  1.9815300E+03  3.0643769E-04
  1.9860900E+03  3.0643769E-04
  1.9906700E+03  3.0643769E-04
  1.9952600E+03  2.9448184E-04
  1.9998600E+03  2.9448184E-04
  2.0044700E+03  2.9448184E-04
  2.0090900E+03  2.9064121E-04
  2.0137200E+03  2.9448184E-04
  2.0183700E+03  2.9448184E-04
  2.0230200E+03  2.9448184E-04
  2.0276801E+03  2.9064121E-04
  2.0323600E+03  2.8567598E-04
  2.0370400E+03  2.6584676E-04
  2.0417400E+03  2.8567598E-04
  2.0464399E+03  2.8567598E-04
  2.0511599E+03  2.9823335E-04
  2.0558899E+03  2.9448184E-04
  2.0606299E+03  3.0839350E-04
  2.0653799E+03  3.0888876E-04
  2.0701399E+03  3.0978865E-04
  2.0749099E+03  3.0888876E-04
  2.0797000E+03  3.0978865E-04
  2.0844900E+03  3.1617933E-04
  2.0893000E+03  3.2329321E-04
  2.0941101E+03  3.0978865E-04
  2.0989399E+03  3.1617933E-04
  2.1037800E+03  3.0978865E-04
  2.1086299E+03  3.1617933E-04
  2.1134900E+03  3.2329321E-04
  2.1183601E+03  3.1617933E-04
  2.1232400E+03  3.2329321E-04
  2.1281399E+03  3.2329321E-04
  2.1330400E+03  3.2329321E-04
  2.1379600E+03  3.2897311E-04
  2.1428899E+03  3.1407981E-04
  2.1478301E+03  3.1407981E-04
  2.1527800E+03  3.1407981E-04
  2.1577400E+03  3.2329321E-04
  2.1627200E+03  3.2025034E-04
  2.1677000E+03  3.1407981E-04
  2.1727000E+03  3.1407981E-04
  2.1777100E+03  3.0819277E-04
  2.1827300E+03  3.1233835E-04
  2.1877600E+03  3.0231150E-04
  2.1928000E+03  3.1233835E-04
  2.1978601E+03  3.1233835E-04
  2.2029299E+03  3.1233835E-04
  2.2080000E+03  3.1859567E-04
  2.2130901E+03  3.1407981E-04
  2.2182000E+03  3.1233835E-04
  2.2233101E+03  3.1233835E-04
  2.2284399E+03  3.1407981E-04
  2.2335701E+03  3.1407981E-04
  2.2387200E+03  3.1233835E-04
  2.2438799E+03  3.1859567E-04
  2.2490500E+03  3.2025034E-04
  2.2542400E+03  3.1943279E-04
  2.2594399E+03  3.1943279E-04
  2.2646399E+03  3.1943279E-04
  2.2698601E+03  3.1345541E-04
  2.2751001E+03  3.0039708E-04
  2.2803401E+03  3.0039708E-04
  2.2856001E+03  3.0003663E-04
  2.2908701E+03  3.0039708E-04
  2.2961499E+03  3.0003663E-04
  2.3014399E+03  2.9497404E-04
  2.3067500E+03  2.9229574E-04
  2.3120601E+03  2.7146982E-04
  2.3173899E+03  2.6826284E-04
  2.3227400E+03  2.7146982E-04
  2.3280901E+03  2.6400478E-04
  2.3334600E+03  2.6747756E-04
  2.3388401E+03  2.6400478E-04
  2.3442300E+03  2.6826284E-04
  2.3496299E+03  2.6747756E-04
  2.3550500E+03  2.6826284E-04
  2.3604800E+03  2.7146982E-04
  2.3659199E+03  2.7551712E-04
  2.3713701E+03  2.7146982E-04
  2.3768401E+03  2.9877381E-04
  2.3823201E+03  3.2725633E-04
  2.3878101E+03  3.4551634E-04
  2.3933201E+03  3.4551634E-04
  2.3988301E+03  3.5891432E-04
  2.4043601E+03  3.5891432E-04
  2.4099099E+03  3.7178470E-04
  2.4154600E+03  3.7422578E-04
  2.4210300E+03  3.8419550E-04
  2.4266101E+03  3.8940212E-04
  2.4322000E+03  3.8940212E-04
  2.4378101E+03  4.0272434E-04
  2.4434299E+03  4.2466295E-04
  2.4490601E+03  4.3875628E-04
  2.4547100E+03  4.3875628E-04
  2.4603701E+03  4.4523971E-04
  2.4660400E+03  4.5401420E-04
  2.4717200E+03  4.6242541E-04
  2.4774199E+03  4.5762031E-04
  2.4831299E+03  4.6862502E-04
  2.4888601E+03  4.6862502E-04
  2.4945901E+03  4.9091812E-04
  2.5003501E+03  4.8703115E-04
  2.5061101E+03  4.8703115E-04
  2.5118899E+03  4.8703115E-04
  2.5176799E+03  4.9380976E-04
  2.5234800E+03  5.1237317E-04
  2.5293000E+03  5.2183348E-04
  2.5351299E+03  5.2918878E-04
  2.5409700E+03  5.3130329E-04
  2.5468301E+03  5.3994812E-04
  2.5527000E+03  5.4414442E-04
  2.5585901E+03  5.5618159E-04
  2.5644800E+03  5.6238426E-04
  2.5703899E+03  5.6821795E-04
  2.5763201E+03  5.6821795E-04
  2.5822600E+03  5.7536538E-04
  2.5882100E+03  5.9009471E-04
  2.5941799E+03  5.9229159E-04
  2.6001599E+03  6.0448120E-04
  2.6061499E+03  6.1378104E-04
  2.6121599E+03  6.3472532E-04
  2.6181799E+03  6.7103480E-04
  2.6242200E+03  6.8954972E-04
  2.6302700E+03  6.9354090E-04
  2.6363301E+03  6.9908099E-04
  2.6424099E+03  7.1052549E-04
  2.6485000E+03  7.2181574E-04
  2.6546101E+03  7.5905351E-04
  2.6607200E+03  7.6161890E-04
  2.6668601E+03  7.6349353E-04
  2.6730100E+03  7.8786135E-04
  2.6791699E+03  8.0706901E-04
  2.6853401E+03  8.1301364E-04
  2.6915300E+03  8.2432566E-04
  2.6977400E+03  8.3705602E-04
  2.7039600E+03  8.6688425E-04
  2.7101899E+03  8.7877404E-04
  2.7164399E+03  8.8707701E-04
  2.7227000E+03  8.9369738E-04
  2.7289800E+03  9.0552482E-04
  2.7352700E+03  9.2649460E-04
  2.7415701E+03  9.3920197E-04
  2.7478899E+03  9.4914192E-04
  2.7542300E+03  9.6134795E-04
  2.7605801E+03  9.6902408E-04
  2.7669399E+03  9.9051069E-04
  2.7733201E+03  9.9237915E-04
  2.7797100E+03  1.0032619E-03
  2.7861201E+03  1.0134457E-03
  2.7925400E+03  1.0200489E-03
  2.7989800E+03  1.0196838E-03
  2.8054299E+03  1.0337431E-03
  2.8118999E+03  1.0411242E-03
  2.8183799E+03  1.0451139E-03
  2.8248799E+03  1.0483911E-03
  2.8313899E+03  1.0503065E-03
  2.8379199E+03  1.0547875E-03
  2.8444600E+03  1.0790314E-03
  2.8510200E+03  1.0859063E-03
  2.8575901E+03  1.1182998E-03
  2.8641799E+03  1.1334369E-03
  2.8707800E+03  1.1657818E-03
  2.8773999E+03  1.1842325E-03
  2.8840300E+03  1.2030909E-03
  2.8906799E+03  1.2143181E-03
  2.8973401E+03  1.2287903E-03
  2.9040200E+03  1.2530677E-03
  2.9107200E+03  1.2833215E-03
  2.9174299E+03  1.3017425E-03
  2.9241499E+03  1.3049508E-03
  2.9308899E+03  1.3135960E-03
  2.9376499E+03  1.3333641E-03
  2.9444199E+03  1.3545452E-03
  2.9512100E+03  1.3636013E-03
  2.9580100E+03  1.3823677E-03
  2.9648301E+03  1.3972785E-03
  2.9716699E+03  1.4130614E-03
  2.9785200E+03  1.4231305E-03
  2.9853799E+03  1.4360500E-03
  2.9922600E+03  1.4630322E-03
  2.9991599E+03  1.5121679E-03
  3.0060801E+03  1.5463479E-03
  3.0130100E+03  1.5563276E-03
  3.0199500E+03  1.5643470E-03
  3.0269099E+03  1.5747703E-03
  3.0338899E+03  1.5807824E-03
  3.0408899E+03  1.5953101E-03
  3.0478899E+03  1.6242953E-03
  3.0549199E+03  1.6338431E-03
  3.0619600E+03  1.6523870E-03
  3.0690200E+03  1.6765178E-03
  3.0761001E+03  1.7109817E-03
  3.0831899E+03  1.7215408E-03
  3.0903000E+03  1.7344279E-03
  3.0974199E+03  1.7420036E-03
  3.1045601E+03  1.7420036E-03
  3.1117200E+03  1.7599674E-03
  3.1188899E+03  1.7640853E-03
  3.1260801E+03  1.7758122E-03
  3.1332800E+03  1.8096808E-03
  3.1405100E+03  1.8932838E-03
  3.1477500E+03  1.9116853E-03
  3.1550000E+03  1.9430921E-03
  3.1622800E+03  1.9581052E-03
  3.1695701E+03  1.9655807E-03
  3.1768701E+03  1.9769166E-03
  3.1842000E+03  1.9797555E-03
  3.1915400E+03  1.9814277E-03
  3.1988899E+03  1.9846272E-03
  3.2062700E+03  1.9942699E-03
  3.2136599E+03  2.0590846E-03
  3.2210701E+03  2.0815497E-03
  3.2284900E+03  2.1309839E-03
  3.2359399E+03  2.1450284E-03
  3.2433999E+03  2.1653192E-03
  3.2508701E+03  2.1705346E-03
  3.2583701E+03  2.1764457E-03
  3.2658799E+03  2.1972894E-03
  3.2734099E+03  2.2020398E-03
  3.2809500E+03  2.2084732E-03
  3.2885200E+03  2.2198663E-03
  3.2961001E+03  2.2258654E-03
  3.3036899E+03  2.2547166E-03
  3.3113101E+03  2.2691831E-03
  3.3189399E+03  2.2920067E-03
  3.3265901E+03  2.3046797E-03
  3.3342600E+03  2.3311561E-03
  3.3419500E+03  2.3372339E-03
  3.3496499E+03  2.3541728E-03
  3.3573799E+03  2.3727827E-03
  3.3651201E+03  2.3840365E-03
  3.3728701E+03  2.4052740E-03
  3.3806499E+03  2.4348139E-03
  3.3884399E+03  2.4377028E-03
  3.3962500E+03  2.4385648E-03
  3.4040801E+03  2.4578460E-03
  3.4119299E+03  2.4860725E-03
  3.4197900E+03  2.5430867E-03
  3.4276799E+03  2.5898025E-03
  3.4355801E+03  2.6225473E-03
  3.4435000E+03  2.6392015E-03
  3.4514399E+03  2.6594060E-03
  3.4593899E+03  2.6683325E-03
  3.4673701E+03  2.6683325E-03
  3.4753601E+03  2.6683325E-03
  3.4833701E+03  2.7410397E-03
  3.4913999E+03  2.7571835E-03
  3.4994500E+03  2.7785294E-03
  3.5075200E+03  2.7840964E-03
  3.5156001E+03  2.8145919E-03
  3.5237100E+03  2.8368649E-03
  3.5318301E+03  2.8456715E-03
  3.5399700E+03  2.8457653E-03
  3.5481299E+03  2.8667455E-03
  3.5563101E+03  2.8749597E-03
  3.5645100E+03  2.8886569E-03
  3.5727300E+03  2.9147817E-03
  3.5809600E+03  2.9320472E-03
  3.5892200E+03  2.9338715E-03
  3.5974900E+03  2.9717821E-03
  3.6057900E+03  2.9835012E-03
  3.6141001E+03  2.9878069E-03
  3.6224299E+03  2.9851033E-03
  3.6307800E+03  2.9953944E-03
  3.6391499E+03  3.0225841E-03
  3.6475400E+03  3.0281513E-03
  3.6559500E+03  3.0304196E-03
  3.6643701E+03  3.0322336E-03
  3.6728201E+03  3.0931723E-03
  3.6812900E+03  3.2080708E-03
  3.6897800E+03  3.2655355E-03
  3.6982800E+03  3.3265122E-03
  3.7068101E+03  3.3378757E-03
  3.7153501E+03  3.3461135E-03
  3.7239199E+03  3.4139638E-03
  3.7325000E+03  3.4690837E-03
  3.7411101E+03  3.6734587E-03
  3.7497300E+03  3.7052794E-03
  3.7583701E+03  3.7052794E-03
  3.7670400E+03  3.7070068E-03
  3.7757200E+03  3.7427263E-03
  3.7844199E+03  3.7313360E-03
  3.7931499E+03  3.7572337E-03
  3.8018899E+03  3.7852929E-03
  3.8106599E+03  3.7952557E-03
  3.8194399E+03  3.8153792E-03
  3.8282500E+03  3.8370776E-03
  3.8370701E+03  3.8556086E-03
  3.8459199E+03  3.9663916E-03
  3.8547800E+03  3.9768661E-03
  3.8636699E+03  4.0689115E-03
  3.8725701E+03  4.1082287E-03
  3.8815000E+03  4.1494975E-03
  3.8904500E+03  4.1748029E-03
  3.8994199E+03  4.1906652E-03
  3.9084099E+03  4.2042215E-03
  3.9174199E+03  4.2271195E-03
  3.9264500E+03  4.2428798E-03
  3.9355000E+03  4.4415700E-03
  3.9445701E+03  4.5395116E-03
  3.9536699E+03  4.5537911E-03
  3.9627800E+03  4.6038735E-03
  3.9719199E+03  4.6162414E-03
  3.9810701E+03  4.6283533E-03
  3.9902500E+03  4.6689864E-03
  3.9994500E+03  4.6882341E-03
  4.0086699E+03  4.7374642E-03
  4.0179099E+03  4.7913650E-03
  4.0271699E+03  4.9741231E-03
  4.0364500E+03  5.0166985E-03
  4.0457600E+03  5.0866725E-03
  4.0550901E+03  5.0934320E-03
  4.0644299E+03  5.1110140E-03
  4.0738000E+03  5.1431316E-03
  4.0831899E+03  5.1796837E-03
  4.0926101E+03  5.1931255E-03
  4.1020400E+03  5.2240961E-03
  4.1115000E+03  5.2482854E-03
  4.1209800E+03  5.3414241E-03
  4.1304702E+03  5.4063862E-03
  4.1400000E+03  5.4949080E-03
  4.1495400E+03  5.5651846E-03
  4.1591099E+03  5.6132101E-03
  4.1686899E+03  5.6476067E-03
  4.1782998E+03  5.6767045E-03
  4.1879399E+03  5.6912890E-03
  4.1975898E+03  5.7539130E-03
  4.2072598E+03  5.8386135E-03
  4.2169600E+03  5.8657224E-03
  4.2266899E+03  5.8878381E-03
  4.2364302E+03  5.9612254E-03
  4.2462002E+03  6.1005489E-03
  4.2559800E+03  6.1269263E-03
  4.2657900E+03  6.1874851E-03
  4.2756299E+03  6.2619182E-03
  4.2854800E+03  6.2753530E-03
  4.2953599E+03  6.3095624E-03
  4.3052598E+03  6.3617658E-03
  4.3151899E+03  6.4038136E-03
  4.3251401E+03  6.4871744E-03
  4.3351099E+03  6.5217400E-03
  4.3451001E+03  6.5893224E-03
  4.3551201E+03  6.5926835E-03
  4.3651602E+03  6.6423118E-03
  4.3752202E+03  6.6725737E-03
  4.3853101E+03  6.7133801E-03
  4.3954199E+03  6.8735648E-03
  4.4055498E+03  6.9461465E-03
  4.4157002E+03  6.9923564E-03
  4.4258799E+03  6.9987355E-03
  4.4360801E+03  7.0103561E-03
  4.4463101E+03  7.0020561E-03
  4.4565601E+03  6.9982512E-03
  4.4668301E+03  6.9884690E-03
  4.4771299E+03  6.9982512E-03
  4.4874502E+03  6.9987355E-03
  4.4977998E+03  7.0040510E-03
  4.5081699E+03  7.0116799E-03
  4.5185601E+03  7.0374212E-03
  4.5289702E+03  7.1342839E-03
  4.5394102E+03  7.1737072E-03
  4.5498799E+03  7.1996516E-03
  4.5603701E+03  7.2733043E-03
  4.5708799E+03  7.3193158E-03
  4.5814199E+03  7.3864921E-03
  4.5919800E+03  7.4028969E-03
  4.6025601E+03  7.4446173E-03
  4.6131802E+03  7.5484775E-03
  4.6238101E+03  7.5925770E-03
  4.6344702E+03  7.5917812E-03
  4.6451499E+03  7.5521041E-03
  4.6558599E+03  7.5925770E-03
  4.6665898E+03  7.6176524E-03
  4.6773501E+03  7.6356726E-03
  4.6881299E+03  7.6585398E-03
  4.6989399E+03  7.6565808E-03
  4.7097700E+03  7.6567489E-03
  4.7206299E+03  7.7317622E-03
  4.7315098E+03  7.8357337E-03
  4.7424199E+03  7.9085100E-03
  4.7533501E+03  7.9318844E-03
  4.7643101E+03  7.9427650E-03
  4.7752900E+03  7.9318844E-03
  4.7862998E+03  7.9411343E-03
  4.7973301E+03  7.9621663E-03
  4.8083901E+03  8.0217961E-03
  4.8194800E+03  8.0694230E-03
  4.8305898E+03  8.1047714E-03
  4.8417202E+03  8.1265979E-03
  4.8528799E+03  8.1438543E-03
  4.8640698E+03  8.1734471E-03
  4.8752798E+03  8.1734471E-03
  4.8865200E+03  8.1734471E-03
  4.8977900E+03  8.1740301E-03
  4.9090801E+03  8.1900116E-03
  4.9203901E+03  8.1925886E-03
  4.9317402E+03  8.1925886E-03
  4.9431099E+03  8.1925886E-03
  4.9545000E+03  8.1864335E-03
  4.9659199E+03  8.1864335E-03
  4.9773701E+03  8.2011698E-03
  4.9888398E+03  8.2050022E-03
  5.0003398E+03  8.1688808E-03
  5.0118701E+03  8.1346817E-03
  5.0234302E+03  8.2011567E-03
  5.0350000E+03  8.2011698E-03
  5.0466099E+03  8.2011698E-03
  5.0582500E+03  8.2304822E-03
  5.0699102E+03  8.2272300E-03
  5.0815898E+03  8.2481997E-03
  5.0933101E+03  8.3004106E-03
  5.1050498E+03  8.3185527E-03
  5.1168198E+03  8.3185527E-03
  5.1286099E+03  8.3185527E-03
  5.1404399E+03  8.3073210E-03
  5.1522900E+03  8.3015542E-03
  5.1641602E+03  8.3015542E-03
  5.1760698E+03  8.2715256E-03
  5.1880000E+03  8.2543744E-03
  5.1999600E+03  8.2347309E-03
  5.2119502E+03  8.2347309E-03
  5.2239600E+03  8.2543744E-03
  5.2360000E+03  8.2543744E-03
  5.2480698E+03  8.2176290E-03
  5.2601699E+03  8.2210135E-03
  5.2722998E+03  8.2780216E-03
  5.2844502E+03  8.2867062E-03
  5.2966299E+03  8.3646160E-03
  5.3088398E+03  8.3962595E-03
  5.3210801E+03  8.4211268E-03
  5.3333501E+03  8.4211268E-03
  5.3456401E+03  8.4211268E-03
  5.3579600E+03  8.3962595E-03
  5.3703198E+03  8.4097208E-03
  5.3827002E+03  8.2969749E-03
  5.3951001E+03  8.4211268E-03
  5.4075400E+03  8.3410461E-03
  5.4200098E+03  8.3403783E-03
  5.4325000E+03  8.4611094E-03
  5.4450200E+03  8.4611094E-03
  5.4575801E+03  8.5203014E-03
  5.4701602E+03  8.5423654E-03
  5.4827700E+03  8.5357558E-03
  5.4954102E+03  8.5357558E-03
  5.5080801E+03  8.5423654E-03
  5.5207700E+03  8.5556190E-03
  5.5335000E+03  8.5357558E-03
  5.5462598E+03  8.6044502E-03
  5.5590400E+03  8.5976655E-03
  5.5718501E+03  8.6044502E-03
  5.5847002E+03  8.6777844E-03
  5.5975698E+03  8.6777844E-03
  5.6104800E+03  8.7512145E-03
  5.6234102E+03  8.7705972E-03
  5.6363799E+03  8.7705972E-03
  5.6493701E+03  8.7705972E-03
  5.6623901E+03  8.7705972E-03
  5.6754502E+03  8.7917065E-03
  5.6885298E+03  8.8011231E-03
  5.7016401E+03  8.8011231E-03
  5.7147900E+03  8.7554576E-03
  5.7279600E+03  8.7554576E-03
  5.7411602E+03  8.8559054E-03
  5.7543999E+03  8.8027716E-03
  5.7676602E+03  8.7277154E-03
  5.7809600E+03  8.7589622E-03
  5.7942900E+03  8.7589622E-03
  5.8076401E+03  8.7641571E-03
  5.8210298E+03  8.8172955E-03
  5.8344502E+03  8.8408273E-03
  5.8478999E+03  8.8388715E-03
  5.8613799E+03  8.8388715E-03
  5.8748901E+03  8.8408273E-03
  5.8884399E+03  8.8388715E-03
  5.9020098E+03  8.8388715E-03
  5.9156099E+03  8.8331820E-03
  5.9292500E+03  8.7934397E-03
  5.9429199E+03  8.7929377E-03
  5.9566201E+03  8.7719550E-03
  5.9703501E+03  8.7251766E-03
  5.9841201E+03  8.7279743E-03
  5.9979102E+03  8.7685464E-03
  6.0117300E+03  8.7579768E-03
  6.0256001E+03  8.7579768E-03
  6.0394800E+03  8.7579386E-03
  6.0534102E+03  8.7579768E-03
  6.0673599E+03  8.8065080E-03
  6.0813501E+03  8.8101150E-03
  6.0953701E+03  8.8101150E-03
  6.1094199E+03  8.8186655E-03
  6.1235000E+03  8.8260509E-03
  6.1376201E+03  8.8450415E-03
  6.1517700E+03  8.9107445E-03
  6.1659502E+03  8.8398857E-03
  6.1801602E+03  8.8857627E-03
  6.1944102E+03  8.9107445E-03
  6.2086899E+03  8.9686997E-03
  6.2230000E+03  8.8398857E-03
  6.2373501E+03  8.9686997E-03
  6.2517300E+03  8.9891953E-03
  6.2661401E+03  9.0117464E-03
  6.2805801E+03  8.8143190E-03
  6.2950601E+03  8.8310773E-03
  6.3095698E+03  8.9535667E-03
  6.3241201E+03  8.3184019E-03
  6.3386899E+03  8.3184019E-03
  6.3533101E+03  8.3184019E-03
  6.3679502E+03  8.3184019E-03
  6.3826299E+03  8.3184019E-03
  6.3973501E+03  8.7601356E-03
  6.4120898E+03  8.7635508E-03
  6.4268799E+03  8.8228155E-03
  6.4416899E+03  8.8047432E-03
  6.4565400E+03  8.7726433E-03
  6.4714199E+03  8.7396158E-03
  6.4863398E+03  8.6199576E-03
  6.5012998E+03  8.7610306E-03
  6.5162798E+03  8.8981371E-03
  6.5312998E+03  8.4194401E-03
  6.5463599E+03  8.4194401E-03
  6.5614502E+03  8.4194401E-03
  6.5765801E+03  8.8152289E-03
  6.5917402E+03  8.8152289E-03
  6.6069302E+03  8.8152289E-03
  6.6221602E+03  8.8341124E-03
  6.6374302E+03  8.8341124E-03
  6.6527300E+03  8.8341124E-03
  6.6680698E+03  8.4586525E-03
  6.6834399E+03  8.4586525E-03
  6.6988501E+03  8.4586525E-03
  6.7142900E+03  8.4586525E-03
  6.7297598E+03  8.4307902E-03
  6.7452798E+03  8.4586525E-03
  6.7608301E+03  8.4834993E-03
  6.7764102E+03  8.5089616E-03
  6.7920400E+03  8.4834993E-03
  6.8076899E+03  8.4834993E-03
  6.8233799E+03  8.4856981E-03
  6.8391099E+03  8.5089616E-03
  6.8548799E+03  8.3133252E-03
  6.8706802E+03  8.4048100E-03
  6.8865200E+03  8.4916400E-03
  6.9023999E+03  8.4856981E-03
  6.9183101E+03  8.4856981E-03
  6.9342598E+03  8.0171600E-03
  6.9502402E+03  8.0171600E-03
  6.9662598E+03  8.0171600E-03
  6.9823198E+03  8.0171600E-03
  6.9984199E+03  8.5956454E-03
  7.0145498E+03  8.5598566E-03
  7.0307202E+03  8.5598566E-03
  7.0469302E+03  8.5956454E-03
  7.0631802E+03  8.6971000E-03
  7.0794600E+03  8.5956454E-03
  7.0957700E+03  8.5900463E-03
  7.1121401E+03  8.5900463E-03
  7.1285298E+03  8.5900463E-03
  7.1449600E+03  8.7305950E-03
  7.1614302E+03  8.5900463E-03
  7.1779399E+03  8.4333960E-03
  7.1944902E+03  8.0137933E-03
  7.2110698E+03  8.0137933E-03
  7.2277002E+03  8.1675127E-03
  7.2443599E+03  8.1675127E-03
  7.2610601E+03  8.1675127E-03
  7.2777998E+03  8.1675127E-03
  7.2945698E+03  8.1675127E-03
  7.3113901E+03  8.1675127E-03
  7.3282500E+03  7.9853628E-03
  7.3451401E+03  7.9853628E-03
  7.3620698E+03  7.9853628E-03
  7.3790400E+03  7.9853628E-03
  7.3960498E+03  8.4654437E-03
  7.4131001E+03  8.4654437E-03
  7.4301899E+03  7.7362838E-03
  7.4473198E+03  7.7362838E-03
  7.4644902E+03  7.7362838E-03
  7.4816899E+03  7.7362838E-03
  7.4989399E+03  8.7032989E-03
  7.5162300E+03  7.8794267E-03
  7.5335498E+03  8.8741994E-03
  7.5509199E+03  8.9161806E-03
  7.5683301E+03  8.8801300E-03
  7.5857700E+03  8.7332269E-03
  7.6032598E+03  8.6018248E-03
  7.6207900E+03  8.4571708E-03
  7.6383599E+03  8.3978456E-03
  7.6559600E+03  8.3978456E-03
  7.6736099E+03  8.3978456E-03
  7.6912998E+03  8.3978456E-03
  7.7090298E+03  8.5086580E-03
  7.7268101E+03  8.5086580E-03
  7.7446201E+03  8.1592984E-03
  7.7624702E+03  8.2244482E-03
  7.7803599E+03  8.5086580E-03
  7.7982998E+03  8.4824516E-03
  7.8162798E+03  8.4824516E-03
  7.8342900E+03  7.9155900E-03
  7.8523599E+03  7.8649884E-03
  7.8704600E+03  7.9703750E-03
  7.8886001E+03  7.8988560E-03
  7.9067900E+03  7.7553215E-03
  7.9250098E+03  7.7501121E-03
  7.9432798E+03  7.7250968E-03
  7.9615898E+03  7.8439843E-03
  7.9799502E+03  7.9414574E-03
  7.9983398E+03  7.9844818E-03
  8.0167798E+03  8.0575058E-03
  8.0352598E+03  8.0809621E-03
  8.0537798E+03  8.0956109E-03
  8.0723501E+03  8.1765074E-03
  8.0909600E+03  8.1298156E-03
  8.1096099E+03  8.2070427E-03
  8.1282998E+03  8.3860150E-03
  8.1470400E+03  8.4741665E-03
  8.1658198E+03  8.5320594E-03
  8.1846499E+03  8.3363317E-03
  8.2035098E+03  8.2354592E-03
  8.2224297E+03  8.2424926E-03
  8.2413799E+03  8.2525751E-03
  8.2603799E+03  8.2826857E-03
  8.2794199E+03  8.2743187E-03
  8.2985098E+03  8.1381295E-03
  8.3176299E+03  7.9781935E-03
  8.3368096E+03  7.9313582E-03
  8.3560303E+03  7.6895338E-03
  8.3752900E+03  7.6895338E-03
  8.3945996E+03  7.6895338E-03
  8.4139502E+03  7.6895338E-03
  8.4333496E+03  7.6895338E-03
  8.4527900E+03  7.4836230E-03
  8.4722695E+03  7.4737938E-03
  8.4917998E+03  7.5835166E-03
  8.5113799E+03  7.2292532E-03
  8.5310000E+03  7.4666501E-03
  8.5506699E+03  7.4347500E-03
  8.5703799E+03  7.4347500E-03
  8.5901396E+03  7.9147033E-03
  8.6099404E+03  7.4644247E-03
  8.6297803E+03  7.4644247E-03
  8.6496699E+03  7.9147033E-03
  8.6696201E+03  7.0846193E-03
  8.6895996E+03  7.6295552E-03
  8.7096299E+03  7.8887241E-03
  8.7297100E+03  7.9460926E-03
  8.7498398E+03  7.5980476E-03
  8.7700000E+03  7.4635311E-03
  8.7902305E+03  6.9923606E-03
  8.8104902E+03  6.9923606E-03
  8.8307998E+03  6.9923606E-03
  8.8511504E+03  7.9650562E-03
  8.8715596E+03  7.7258646E-03
  8.8920098E+03  7.8207273E-03
  8.9125098E+03  7.8613665E-03
  8.9330498E+03  7.7599590E-03
  8.9536504E+03  7.7664629E-03
  8.9742803E+03  7.7933529E-03
  8.9949805E+03  7.7478192E-03
  9.0157100E+03  7.6517109E-03
  9.0364902E+03  7.2204876E-03
  9.0573301E+03  7.2204876E-03
  9.0782002E+03  7.2204876E-03
  9.0991299E+03  7.9082102E-03
  9.1200996E+03  8.0082212E-03
  9.1411299E+03  8.0345990E-03
  9.1622002E+03  8.0097429E-03
  9.1833203E+03  8.0492608E-03
  9.2045000E+03  7.8887930E-03
  9.2257100E+03  7.6906485E-03
  9.2469805E+03  7.6294336E-03
  9.2682998E+03  7.6553789E-03
  9.2896602E+03  7.9001654E-03
  9.3110801E+03  7.6051294E-03
  9.3325400E+03  7.6071965E-03
  9.3540596E+03  7.5535844E-03
  9.3756201E+03  7.4928147E-03
  9.3972305E+03  7.0701735E-03
  9.4189004E+03  7.0701735E-03
  9.4406104E+03  7.0701735E-03
  9.4623701E+03  7.5997999E-03
  9.4841797E+03  7.6561016E-03
  9.5060498E+03  7.5710542E-03
  9.5279600E+03  7.3048850E-03
  9.5499199E+03  7.3048850E-03
  9.5719404E+03  7.3048850E-03
  9.5940000E+03  7.2324048E-03
  9.6161201E+03  7.3048850E-03
  9.6382900E+03  7.5036325E-03
  9.6605098E+03  7.1009579E-03
  9.6827695E+03  6.8764710E-03
  9.7050996E+03  6.8764710E-03
  9.7274697E+03  6.8764710E-03
  9.7498896E+03  7.3323222E-03
  9.7723701E+03  7.3490459E-03
  9.7949004E+03  7.5807860E-03
  9.8174805E+03  7.5807860E-03
  9.8401104E+03  7.5807860E-03
  9.8627900E+03  7.2930241E-03
  9.8855303E+03  7.2930241E-03
  9.9083203E+03  7.2930241E-03
  9.9311602E+03  7.4523906E-03
  9.9540498E+03  7.2930241E-03
  9.9770000E+03  7.2568562E-03
  1.0000000E+04  6.8919244E-03
  1.0000000E+04  6.8919244E-03
  1.0115800E+04  6.8719843E-03
  1.0232940E+04  7.1201124E-03
  1.0351420E+04  6.9968416E-03
  1.0471290E+04  6.9034211E-03
  1.0592540E+04  6.0642962E-03
  1.0715200E+04  6.5960251E-03
  1.0839270E+04  5.5861580E-03
  1.0964780E+04  5.8788205E-03
  1.1091750E+04  5.4791449E-03
  1.1220190E+04  6.0197068E-03
  1.1350100E+04  5.7537043E-03
  1.1481540E+04  5.8236737E-03
  1.1614490E+04  5.3456752E-03
  1.1748980E+04  5.3946306E-03
  1.1885020E+04  5.4998784E-03
  1.2022640E+04  5.1525822E-03
  1.2161860E+04  5.1138597E-03
  1.2302690E+04  4.8548155E-03
  1.2445140E+04  5.1432280E-03
  1.2589250E+04  4.9275928E-03
  1.2735030E+04  4.8089894E-03
  1.2882500E+04  4.7484571E-03
  1.3031660E+04  4.5794123E-03
  1.3182560E+04  4.7813039E-03
  1.3335210E+04  4.6781250E-03
  1.3489630E+04  4.6090423E-03
  1.3645840E+04  4.5125377E-03
  1.3803840E+04  4.2064912E-03
  1.3963680E+04  4.3844013E-03
  1.4125380E+04  4.1239671E-03
  1.4288950E+04  3.9852364E-03
  1.4454390E+04  4.3581151E-03
  1.4621770E+04  4.1515594E-03
  1.4791090E+04  4.1684434E-03
  1.4962360E+04  4.1625779E-03
  1.5135610E+04  3.9416808E-03
  1.5310870E+04  3.9467472E-03
  1.5488170E+04  3.9074928E-03
  1.5667520E+04  3.8059154E-03
  1.5848920E+04  3.6780515E-03
  1.6032450E+04  3.7088834E-03
  1.6218100E+04  3.6807358E-03
  1.6405900E+04  3.8922688E-03
  1.6595859E+04  3.6002533E-03
  1.6788039E+04  3.4938841E-03
  1.6982439E+04  3.6229950E-03
  1.7179090E+04  3.2993259E-03
  1.7378000E+04  3.1431061E-03
  1.7579230E+04  3.0343784E-03
  1.7782789E+04  2.8958211E-03
  1.7988711E+04  2.7647531E-03
  1.8197020E+04  2.6503378E-03
  1.8407711E+04  2.5579960E-03
  1.8620869E+04  2.4592984E-03
  1.8836490E+04  2.3756737E-03
  1.9054619E+04  2.3080299E-03
  1.9275240E+04  2.2212560E-03
  1.9498439E+04  2.1171332E-03
  1.9724230E+04  2.0391198E-03
  1.9952631E+04  1.9783636E-03
  2.0183660E+04  1.9245805E-03
  2.0417381E+04  1.8685916E-03
  2.0653801E+04  1.8096748E-03
  2.0892971E+04  1.7543214E-03
  2.1134881E+04  1.7055977E-03
  2.1379619E+04  1.6644611E-03
  2.1627189E+04  1.6019008E-03
  2.1877619E+04  1.5535984E-03
  2.2130939E+04  1.5017177E-03
  2.2387211E+04  1.4439522E-03
  2.2646439E+04  1.3878508E-03
  2.2908680E+04  1.2420821E-03
  2.3173930E+04  1.1842358E-03
  2.3442279E+04  1.0998778E-03
  2.3713740E+04  1.0318913E-03
  2.3988340E+04  9.7336294E-04
  2.4266109E+04  9.1674755E-04
  2.4547080E+04  8.4251963E-04
  2.4831330E+04  7.6791394E-04
  2.5118869E+04  7.3209754E-04
  2.5409740E+04  7.2030281E-04
  2.5703949E+04  7.1236392E-04
  2.6001590E+04  6.9375342E-04
  2.6302680E+04  6.7244901E-04
  2.6607260E+04  6.4946472E-04
  2.6915340E+04  6.3354691E-04
  2.7227010E+04  6.2097196E-04
  2.7542289E+04  6.0239120E-04
  2.7861221E+04  5.8203528E-04
  2.8183820E+04  5.6086050E-04
  2.8510180E+04  5.4409873E-04
  2.8840320E+04  5.2464759E-04
  2.9174279E+04  5.0806417E-04
  2.9512080E+04  4.8977108E-04
  2.9853820E+04  4.7332502E-04
  3.0199520E+04  4.5802118E-04
  3.0549221E+04  4.4228783E-04
  3.0902939E+04  4.2911374E-04
  3.1260789E+04  4.1699241E-04
  3.1622779E+04  4.0269914E-04
  3.1988961E+04  3.9109890E-04
  3.2359350E+04  3.7818533E-04
  3.2734061E+04  3.6475537E-04
  3.3113109E+04  3.5217762E-04
  3.3496551E+04  3.4038263E-04
  3.3884430E+04  3.2776839E-04
  3.4276770E+04  3.1605942E-04
  3.4673680E+04  3.0468608E-04
  3.5075199E+04  2.9338972E-04
  3.5481359E+04  2.8174490E-04
  3.5892180E+04  2.7023046E-04
  3.6307801E+04  2.6072963E-04
  3.6728230E+04  2.5001491E-04
  3.7153539E+04  2.3967511E-04
  3.7583719E+04  2.2952630E-04
  3.8018930E+04  2.2075132E-04
  3.8459180E+04  2.1268184E-04
  3.8904531E+04  2.0352157E-04
  3.9354988E+04  1.9516403E-04
  3.9810711E+04  1.8599130E-04
  4.0271711E+04  1.7930917E-04
  4.0738039E+04  1.7133495E-04
  4.1209730E+04  1.6451151E-04
  4.1686930E+04  1.5718440E-04
  4.2169648E+04  1.5085279E-04
  4.2657961E+04  1.4500658E-04
  4.3151879E+04  1.2949342E-04
  4.3651570E+04  1.2034430E-04
  4.4157039E+04  1.1130172E-04
  4.4668371E+04  1.0502920E-04
  4.5185621E+04  1.0031792E-04
  4.5708801E+04  9.7462755E-05
  4.6238102E+04  9.3274677E-05
  4.6773520E+04  9.0674206E-05
  4.7315148E+04  8.7764201E-05
  4.7862988E+04  8.4294064E-05
  4.8417230E+04  8.1461534E-05
  4.8977891E+04  7.7742392E-05
  4.9545039E+04  7.4688185E-05
  5.0118699E+04  7.2139781E-05
  5.0699059E+04  6.9370006E-05
  5.1286141E+04  6.6927030E-05
  5.1880020E+04  6.4469074E-05
  5.2480719E+04  6.2110732E-05
  5.3088430E+04  5.9540267E-05
  5.3703180E+04  5.7559504E-05
  5.4325051E+04  5.5173459E-05
  5.4954059E+04  5.3321692E-05
  5.5590410E+04  5.1462190E-05
  5.6234129E+04  4.9586997E-05
  5.6885309E+04  4.7651989E-05
  5.7543961E+04  4.6144021E-05
  5.8210301E+04  4.4404023E-05
  5.8884359E+04  4.2640779E-05
  5.9566230E+04  4.1034684E-05
  6.0255988E+04  3.9528295E-05
  6.0953672E+04  3.7882884E-05
  6.1659500E+04  3.6541598E-05
  6.2373500E+04  3.5047015E-05
  6.3095762E+04  3.3596589E-05
  6.3826320E+04  3.2290209E-05
  6.4565410E+04  3.0958701E-05
  6.5313059E+04  2.9698202E-05
  6.6069367E+04  2.8497785E-05
  6.6834359E+04  2.7333910E-05
  6.7608289E+04  2.6190010E-05
  6.8391172E+04  2.5124111E-05
  6.9183117E+04  2.4083500E-05
  6.9984156E+04  2.3069013E-05
  7.0794562E+04  2.2113909E-05
  7.1614344E+04  2.1191996E-05
  7.2443617E+04  2.0298598E-05
  7.3282406E+04  1.9443993E-05
  7.4131008E+04  1.8633797E-05
  7.4989422E+04  1.7858692E-05
  7.5857781E+04  1.7165306E-05
  7.6736102E+04  1.6484393E-05
  7.7624688E+04  1.5836506E-05
  7.8523562E+04  1.5201808E-05
  7.9432844E+04  1.4597501E-05
  8.0352648E+04  1.4016107E-05
  8.1283023E+04  1.3471397E-05
  8.2224258E+04  1.2956005E-05
  8.3176391E+04  1.2465393E-05
  8.4139547E+04  1.2008883E-05
  8.5113773E+04  1.1576103E-05
  8.6099367E+04  1.1166888E-05
  8.7096367E+04  1.0767396E-05
  8.8104922E+04  1.0390099E-05
  8.9125047E+04  1.0045084E-05
  9.0157102E+04  9.7250031E-06
  9.1201094E+04  9.4246989E-06
  9.2257172E+04  9.1580996E-06
  9.3325383E+04  8.9095993E-06
  9.4406070E+04  8.6845039E-06
  9.5499273E+04  8.4882977E-06
  9.6605117E+04  8.3108016E-06
  9.7723672E+04  8.0457967E-06
  9.8855281E+04  7.7253981E-06
  1.0000000E+05  7.4163977E-06
  1.0115797E+05  7.1622994E-06
  1.0232924E+05  6.9063967E-06
  1.0351419E+05  6.6478024E-06
  1.0471285E+05  6.3861021E-06
  1.0592540E+05  6.1218998E-06
  1.0715198E+05  5.8550991E-06
  1.0839266E+05  5.5862010E-06
  1.0964781E+05  5.3152007E-06
  1.1091750E+05  5.0976028E-06
  1.1220190E+05  4.9243936E-06
  1.1350104E+05  4.6993014E-06
  1.1481534E+05  4.4636013E-06
  1.1614488E+05  4.2338011E-06
  1.1748980E+05  4.0097998E-06
  1.1885017E+05  3.7883010E-06
  1.2022642E+05  3.5811011E-06
  1.2161861E+05  3.4647005E-06
  1.2302692E+05  3.3475999E-06
  1.2445140E+05  3.2345990E-06
  1.2589252E+05  3.1215991E-06
  1.2735031E+05  2.9990949E-06
  1.2882499E+05  2.8695999E-06
  1.3031661E+05  2.7507990E-06
  1.3182564E+05  2.6625000E-06
  1.3335214E+05  2.5743971E-06
  1.3489633E+05  2.4852004E-06
  1.3645823E+05  2.3920006E-06
  1.3803839E+05  2.2986007E-06
  1.3963683E+05  2.2049999E-06
  1.4125378E+05  2.1327967E-06
  1.4288947E+05  2.0632997E-06
  1.4454392E+05  1.9904996E-06
  1.4621770E+05  1.9191975E-06
  1.4791086E+05  1.8466988E-06
  1.4962362E+05  1.7744995E-06
  1.5135606E+05  1.7155000E-06
  1.5310872E+05  1.6594003E-06
  1.5488169E+05  1.6030990E-06
  1.5667517E+05  1.5467996E-06
  1.5848925E+05  1.4900002E-06
  1.6032452E+05  1.4341978E-06
  1.6218103E+05  1.3900003E-06
  1.6405903E+05  1.3477996E-06
  1.6595861E+05  1.3005003E-06
  1.6788036E+05  1.2535005E-06
  1.6982438E+05  1.2070005E-06
  1.7179089E+05  1.1657005E-06
  1.7377998E+05  1.1248004E-06
  1.7579231E+05  1.0812996E-06
  1.7782794E+05  1.0389003E-06
  1.7988714E+05  9.9580041E-07
  1.8196998E+05  9.6010001E-07
  1.8407714E+05  9.2490041E-07
  1.8620870E+05  8.8930045E-07
  1.8836495E+05  8.5340037E-07
  1.9054595E+05  8.1880023E-07
  1.9275242E+05  7.8919942E-07
  1.9498444E+05  7.5920019E-07
  1.9724231E+05  7.2889935E-07
  1.9952631E+05  6.9829963E-07
