  3.1623001E+02  0.0000000E+00
  3.1695999E+02  0.0000000E+00
  3.1769000E+02  0.0000000E+00
  3.1842001E+02  0.0000000E+00
  3.1914999E+02  0.0000000E+00
  3.1989001E+02  0.0000000E+00
  3.2063000E+02  0.0000000E+00
  3.2137000E+02  0.0000000E+00
  3.2210999E+02  0.0000000E+00
  3.2285001E+02  0.0000000E+00
  3.2359000E+02  0.0000000E+00
  3.2434000E+02  0.0000000E+00
  3.2509000E+02  0.0000000E+00
  3.2584000E+02  0.0000000E+00
  3.2659000E+02  0.0000000E+00
  3.2734000E+02  0.0000000E+00
  3.2810001E+02  0.0000000E+00
  3.2885001E+02  0.0000000E+00
  3.2960999E+02  0.0000000E+00
  3.3037000E+02  0.0000000E+00
  3.3113000E+02  0.0000000E+00
  3.3189001E+02  0.0000000E+00
  3.3266000E+02  0.0000000E+00
  3.3342999E+02  0.0000000E+00
  3.3419000E+02  0.0000000E+00
  3.3497000E+02  0.0000000E+00
  3.3573999E+02  0.0000000E+00
  3.3651001E+02  0.0000000E+00
  3.3729001E+02  0.0000000E+00
  3.3806000E+02  0.0000000E+00
  3.3884000E+02  0.0000000E+00
  3.3963000E+02  0.0000000E+00
  3.4041000E+02  0.0000000E+00
  3.4119000E+02  0.0000000E+00
  3.4198001E+02  0.0000000E+00
  3.4276999E+02  0.0000000E+00
  3.4356000E+02  0.0000000E+00
  3.4435001E+02  0.0000000E+00
  3.4514001E+02  0.0000000E+00
  3.4594000E+02  0.0000000E+00
  3.4673999E+02  0.0000000E+00
  3.4754001E+02  0.0000000E+00
  3.4834000E+02  0.0000000E+00
  3.4914001E+02  0.0000000E+00
  3.4995001E+02  0.0000000E+00
  3.5075000E+02  0.0000000E+00
  3.5156000E+02  0.0000000E+00
  3.5237000E+02  0.0000000E+00
  3.5317999E+02  0.0000000E+00
  3.5400000E+02  0.0000000E+00
  3.5481000E+02  0.0000000E+00
  3.5563000E+02  0.0000000E+00
  3.5645001E+02  0.0000000E+00
  3.5726999E+02  0.0000000E+00
  3.5810001E+02  0.0000000E+00
  3.5892001E+02  0.0000000E+00
  3.5975000E+02  0.0000000E+00
  3.6057999E+02  0.0000000E+00
  3.6141000E+02  0.0000000E+00
  3.6223999E+02  0.0000000E+00
  3.6307999E+02  0.0000000E+00
  3.6392001E+02  0.0000000E+00
  3.6475000E+02  0.0000000E+00
  3.6559000E+02  0.0000000E+00
  3.6644000E+02  0.0000000E+00
  3.6728000E+02  0.0000000E+00
  3.6813000E+02  0.0000000E+00
  3.6898001E+02  0.0000000E+00
  3.6982999E+02  0.0000000E+00
  3.7067999E+02  0.0000000E+00
  3.7154001E+02  0.0000000E+00
  3.7239001E+02  0.0000000E+00
  3.7325000E+02  0.0000000E+00
  3.7410999E+02  0.0000000E+00
  3.7497000E+02  0.0000000E+00
  3.7584000E+02  0.0000000E+00
  3.7670001E+02  0.0000000E+00
  3.7757001E+02  0.0000000E+00
  3.7844000E+02  0.0000000E+00
  3.7931000E+02  0.0000000E+00
  3.8019000E+02  0.0000000E+00
  3.8107001E+02  0.0000000E+00
  3.8194000E+02  0.0000000E+00
  3.8282001E+02  0.0000000E+00
  3.8370999E+02  0.0000000E+00
  3.8459000E+02  0.0000000E+00
  3.8548001E+02  0.0000000E+00
  3.8637000E+02  0.0000000E+00
  3.8726001E+02  0.0000000E+00
  3.8814999E+02  0.0000000E+00
  3.8904999E+02  0.0000000E+00
  3.8994000E+02  0.0000000E+00
  3.9084000E+02  0.0000000E+00
  3.9173999E+02  0.0000000E+00
  3.9264999E+02  0.0000000E+00
  3.9354999E+02  0.0000000E+00
  3.9445999E+02  0.0000000E+00
  3.9537000E+02  0.0000000E+00
  3.9628000E+02  0.0000000E+00
  3.9719000E+02  0.0000000E+00
  3.9810999E+02  0.0000000E+00
  3.9901999E+02  0.0000000E+00
  3.9994000E+02  0.0000000E+00
  4.0087000E+02  0.0000000E+00
  4.0179001E+02  0.0000000E+00
  4.0272000E+02  0.0000000E+00
  4.0364999E+02  0.0000000E+00
  4.0457999E+02  0.0000000E+00
  4.0551001E+02  0.0000000E+00
  4.0644000E+02  0.0000000E+00
  4.0738000E+02  0.0000000E+00
  4.0832001E+02  0.0000000E+00
  4.0926001E+02  0.0000000E+00
  4.1020001E+02  0.0000000E+00
  4.1114999E+02  0.0000000E+00
  4.1210001E+02  0.0000000E+00
  4.1304999E+02  0.0000000E+00
  4.1400000E+02  0.0000000E+00
  4.1495001E+02  0.0000000E+00
  4.1591000E+02  0.0000000E+00
  4.1687000E+02  0.0000000E+00
  4.1782999E+02  0.0000000E+00
  4.1879001E+02  0.0000000E+00
  4.1976001E+02  0.0000000E+00
  4.2073001E+02  0.0000000E+00
  4.2170001E+02  0.0000000E+00
  4.2267001E+02  0.0000000E+00
  4.2364001E+02  0.0000000E+00
  4.2462000E+02  0.0000000E+00
  4.2560001E+02  0.0000000E+00
  4.2657999E+02  0.0000000E+00
  4.2756000E+02  0.0000000E+00
  4.2854999E+02  0.0000000E+00
  4.2954001E+02  0.0000000E+00
  4.3053000E+02  0.0000000E+00
  4.3151999E+02  0.0000000E+00
  4.3251001E+02  0.0000000E+00
  4.3351001E+02  0.0000000E+00
  4.3451001E+02  0.0000000E+00
  4.3551001E+02  0.0000000E+00
  4.3651999E+02  0.0000000E+00
  4.3751999E+02  0.0000000E+00
  4.3853000E+02  0.0000000E+00
  4.3954001E+02  0.0000000E+00
  4.4054999E+02  0.0000000E+00
  4.4157001E+02  0.0000000E+00
  4.4259000E+02  0.0000000E+00
  4.4360999E+02  0.0000000E+00
  4.4463000E+02  0.0000000E+00
  4.4566000E+02  0.0000000E+00
  4.4667999E+02  0.0000000E+00
  4.4770999E+02  0.0000000E+00
  4.4875000E+02  0.0000000E+00
  4.4978000E+02  0.0000000E+00
  4.5082001E+02  0.0000000E+00
  4.5185999E+02  0.0000000E+00
  4.5289999E+02  0.0000000E+00
  4.5394000E+02  0.0000000E+00
  4.5498999E+02  0.0000000E+00
  4.5604001E+02  0.0000000E+00
  4.5709000E+02  0.0000000E+00
  4.5814001E+02  0.0000000E+00
  4.5920001E+02  0.0000000E+00
  4.6026001E+02  0.0000000E+00
  4.6132001E+02  0.0000000E+00
  4.6238000E+02  0.0000000E+00
  4.6345001E+02  0.0000000E+00
  4.6451999E+02  0.0000000E+00
  4.6559000E+02  0.0000000E+00
  4.6666000E+02  0.0000000E+00
  4.6773999E+02  0.0000000E+00
  4.6881000E+02  0.0000000E+00
  4.6989001E+02  0.0000000E+00
  4.7098001E+02  0.0000000E+00
  4.7206000E+02  0.0000000E+00
  4.7314999E+02  0.0000000E+00
  4.7423999E+02  0.0000000E+00
  4.7534000E+02  0.0000000E+00
  4.7642999E+02  0.0000000E+00
  4.7753000E+02  0.0000000E+00
  4.7863000E+02  0.0000000E+00
  4.7973001E+02  0.0000000E+00
  4.8084000E+02  0.0000000E+00
  4.8195001E+02  0.0000000E+00
  4.8306000E+02  0.0000000E+00
  4.8417001E+02  0.0000000E+00
  4.8529001E+02  0.0000000E+00
  4.8641000E+02  0.0000000E+00
  4.8753000E+02  0.0000000E+00
  4.8864999E+02  0.0000000E+00
  4.8978000E+02  0.0000000E+00
  4.9091000E+02  0.0000000E+00
  4.9204001E+02  0.0000000E+00
  4.9317001E+02  0.0000000E+00
  4.9431000E+02  0.0000000E+00
  4.9545001E+02  0.0000000E+00
  4.9659000E+02  0.0000000E+00
  4.9773999E+02  0.0000000E+00
  4.9888000E+02  0.0000000E+00
  5.0003000E+02  0.0000000E+00
  5.0119000E+02  0.0000000E+00
  5.0234000E+02  0.0000000E+00
  5.0350000E+02  0.0000000E+00
  5.0466000E+02  0.0000000E+00
  5.0582001E+02  0.0000000E+00
  5.0698999E+02  0.0000000E+00
  5.0816000E+02  0.0000000E+00
  5.0932999E+02  0.0000000E+00
  5.1050000E+02  0.0000000E+00
  5.1167999E+02  0.0000000E+00
  5.1285999E+02  0.0000000E+00
  5.1403998E+02  0.0000000E+00
  5.1522998E+02  0.0000000E+00
  5.1641998E+02  0.0000000E+00
  5.1760999E+02  0.0000000E+00
  5.1879999E+02  0.0000000E+00
  5.2000000E+02  0.0000000E+00
  5.2119000E+02  0.0000000E+00
  5.2240002E+02  0.0000000E+00
  5.2359998E+02  0.0000000E+00
  5.2481000E+02  0.0000000E+00
  5.2602002E+02  0.0000000E+00
  5.2722998E+02  0.0000000E+00
  5.2845001E+02  0.0000000E+00
  5.2965997E+02  0.0000000E+00
  5.3088000E+02  0.0000000E+00
  5.3210999E+02  0.0000000E+00
  5.3333002E+02  0.0000000E+00
  5.3456000E+02  0.0000000E+00
  5.3579999E+02  0.0000000E+00
  5.3703003E+02  0.0000000E+00
  5.3827002E+02  0.0000000E+00
  5.3951001E+02  0.0000000E+00
  5.4075000E+02  0.0000000E+00
  5.4200000E+02  0.0000000E+00
  5.4325000E+02  0.0000000E+00
  5.4450000E+02  0.0000000E+00
  5.4576001E+02  0.0000000E+00
  5.4702002E+02  0.0000000E+00
  5.4828003E+02  0.0000000E+00
  5.4953998E+02  0.0000000E+00
  5.5081000E+02  0.0000000E+00
  5.5208002E+02  0.0000000E+00
  5.5334998E+02  0.0000000E+00
  5.5463000E+02  0.0000000E+00
  5.5590002E+02  0.0000000E+00
  5.5719000E+02  0.0000000E+00
  5.5846997E+02  0.0000000E+00
  5.5976001E+02  0.0000000E+00
  5.6104999E+02  0.0000000E+00
  5.6234003E+02  0.0000000E+00
  5.6364001E+02  0.0000000E+00
  5.6494000E+02  0.0000000E+00
  5.6623999E+02  0.0000000E+00
  5.6753998E+02  0.0000000E+00
  5.6884998E+02  0.0000000E+00
  5.7015997E+02  0.0000000E+00
  5.7147998E+02  0.0000000E+00
  5.7279999E+02  0.0000000E+00
  5.7412000E+02  0.0000000E+00
  5.7544000E+02  0.0000000E+00
  5.7677002E+02  0.0000000E+00
  5.7809998E+02  0.0000000E+00
  5.7942999E+02  0.0000000E+00
  5.8076001E+02  0.0000000E+00
  5.8209998E+02  0.0000000E+00
  5.8345001E+02  0.0000000E+00
  5.8478998E+02  0.0000000E+00
  5.8614001E+02  0.0000000E+00
  5.8748999E+02  0.0000000E+00
  5.8884003E+02  0.0000000E+00
  5.9020001E+02  0.0000000E+00
  5.9156000E+02  0.0000000E+00
  5.9292999E+02  0.0000000E+00
  5.9428998E+02  0.0000000E+00
  5.9565997E+02  0.0000000E+00
  5.9703998E+02  0.0000000E+00
  5.9840997E+02  0.0000000E+00
  5.9978998E+02  0.0000000E+00
  6.0116998E+02  0.0000000E+00
  6.0256000E+02  0.0000000E+00
  6.0395001E+02  0.0000000E+00
  6.0534003E+02  0.0000000E+00
  6.0673999E+02  0.0000000E+00
  6.0813000E+02  0.0000000E+00
  6.0953998E+02  0.0000000E+00
  6.1094000E+02  0.0000000E+00
  6.1234998E+02  0.0000000E+00
  6.1376001E+02  0.0000000E+00
  6.1517999E+02  0.0000000E+00
  6.1659003E+02  0.0000000E+00
  6.1802002E+02  0.0000000E+00
  6.1944000E+02  0.0000000E+00
  6.2087000E+02  0.0000000E+00
  6.2229999E+02  0.0000000E+00
  6.2372998E+02  0.0000000E+00
  6.2516998E+02  0.0000000E+00
  6.2660999E+02  0.0000000E+00
  6.2806000E+02  0.0000000E+00
  6.2951001E+02  0.0000000E+00
  6.3096002E+02  0.0000000E+00
  6.3240997E+02  0.0000000E+00
  6.3387000E+02  0.0000000E+00
  6.3533002E+02  0.0000000E+00
  6.3679999E+02  0.0000000E+00
  6.3826001E+02  0.0000000E+00
  6.3972998E+02  0.0000000E+00
  6.4121002E+02  0.0000000E+00
  6.4269000E+02  0.0000000E+00
  6.4416998E+02  0.0000000E+00
  6.4565002E+02  0.0000000E+00
  6.4714001E+02  0.0000000E+00
  6.4863000E+02  0.0000000E+00
  6.5013000E+02  0.0000000E+00
  6.5163000E+02  0.0000000E+00
  6.5313000E+02  0.0000000E+00
  6.5464001E+02  0.0000000E+00
  6.5615002E+02  0.0000000E+00
  6.5765997E+02  0.0000000E+00
  6.5916998E+02  0.0000000E+00
  6.6069000E+02  0.0000000E+00
  6.6221997E+02  0.0000000E+00
  6.6373999E+02  0.0000000E+00
  6.6527002E+02  0.0000000E+00
  6.6681000E+02  0.0000000E+00
  6.6834003E+02  0.0000000E+00
  6.6988000E+02  0.0000000E+00
  6.7142999E+02  0.0000000E+00
  6.7297998E+02  0.0000000E+00
  6.7453003E+02  0.0000000E+00
  6.7608002E+02  0.0000000E+00
  6.7764001E+02  0.0000000E+00
  6.7920001E+02  0.0000000E+00
  6.8077002E+02  0.0000000E+00
  6.8234003E+02  0.0000000E+00
  6.8390997E+02  0.0000000E+00
  6.8548999E+02  0.0000000E+00
  6.8707001E+02  0.0000000E+00
  6.8865002E+02  0.0000000E+00
  6.9023999E+02  0.0000000E+00
  6.9183002E+02  0.0000000E+00
  6.9342999E+02  0.0000000E+00
  6.9502002E+02  0.0000000E+00
  6.9663000E+02  0.0000000E+00
  6.9822998E+02  0.0000000E+00
  6.9984003E+02  0.0000000E+00
  7.0146002E+02  0.0000000E+00
  7.0307001E+02  0.0000000E+00
  7.0469000E+02  0.0000000E+00
  7.0632001E+02  0.0000000E+00
  7.0795001E+02  0.0000000E+00
  7.0958002E+02  0.0000000E+00
  7.1121002E+02  0.0000000E+00
  7.1284998E+02  0.0000000E+00
  7.1450000E+02  0.0000000E+00
  7.1614001E+02  0.0000000E+00
  7.1778998E+02  0.0000000E+00
  7.1945001E+02  0.0000000E+00
  7.2110999E+02  0.0000000E+00
  7.2277002E+02  0.0000000E+00
  7.2444000E+02  0.0000000E+00
  7.2610999E+02  0.0000000E+00
  7.2778003E+02  0.0000000E+00
  7.2946002E+02  0.0000000E+00
  7.3114001E+02  0.0000000E+00
  7.3282001E+02  0.0000000E+00
  7.3451001E+02  0.0000000E+00
  7.3621002E+02  0.0000000E+00
  7.3790002E+02  0.0000000E+00
  7.3960999E+02  0.0000000E+00
  7.4131000E+02  0.0000000E+00
  7.4302002E+02  0.0000000E+00
  7.4472998E+02  0.0000000E+00
  7.4645001E+02  0.0000000E+00
  7.4816998E+02  0.0000000E+00
  7.4989001E+02  0.0000000E+00
  7.5162000E+02  0.0000000E+00
  7.5335999E+02  0.0000000E+00
  7.5509003E+02  0.0000000E+00
  7.5683002E+02  0.0000000E+00
  7.5858002E+02  0.0000000E+00
  7.6033002E+02  0.0000000E+00
  7.6208002E+02  0.0000000E+00
  7.6384003E+02  0.0000000E+00
  7.6559998E+02  0.0000000E+00
  7.6735999E+02  0.0000000E+00
  7.6913000E+02  0.0000000E+00
  7.7090002E+02  0.0000000E+00
  7.7267999E+02  0.0000000E+00
  7.7446002E+02  0.0000000E+00
  7.7625000E+02  0.0000000E+00
  7.7803998E+02  0.0000000E+00
  7.7983002E+02  0.0000000E+00
  7.8163000E+02  0.0000000E+00
  7.8342999E+02  0.0000000E+00
  7.8523999E+02  0.0000000E+00
  7.8704999E+02  0.0000000E+00
  7.8885999E+02  0.0000000E+00
  7.9067999E+02  0.0000000E+00
  7.9250000E+02  0.0000000E+00
  7.9433002E+02  0.0000000E+00
  7.9615997E+02  0.0000000E+00
  7.9798999E+02  0.0000000E+00
  7.9983002E+02  0.0000000E+00
  8.0167999E+02  0.0000000E+00
  8.0353003E+02  0.0000000E+00
  8.0538000E+02  0.0000000E+00
  8.0723999E+02  0.0000000E+00
  8.0909998E+02  0.0000000E+00
  8.1096002E+02  0.0000000E+00
  8.1283002E+02  0.0000000E+00
  8.1470001E+02  0.0000000E+00
  8.1658002E+02  0.0000000E+00
  8.1846002E+02  0.0000000E+00
  8.2034998E+02  0.0000000E+00
  8.2223999E+02  0.0000000E+00
  8.2414001E+02  0.0000000E+00
  8.2603998E+02  0.0000000E+00
  8.2794000E+02  0.0000000E+00
  8.2984998E+02  0.0000000E+00
  8.3176001E+02  0.0000000E+00
  8.3367999E+02  0.0000000E+00
  8.3559998E+02  0.0000000E+00
  8.3753003E+02  0.0000000E+00
  8.3946002E+02  0.0000000E+00
  8.4140002E+02  0.0000000E+00
  8.4333002E+02  0.0000000E+00
  8.4528003E+02  0.0000000E+00
  8.4722998E+02  0.0000000E+00
  8.4917999E+02  0.0000000E+00
  8.5114001E+02  0.0000000E+00
  8.5309998E+02  0.0000000E+00
  8.5507001E+02  0.0000000E+00
  8.5703998E+02  0.0000000E+00
  8.5901001E+02  0.0000000E+00
  8.6098999E+02  0.0000000E+00
  8.6297998E+02  0.0000000E+00
  8.6496997E+02  0.0000000E+00
  8.6696002E+02  0.0000000E+00
  8.6896002E+02  0.0000000E+00
  8.7096002E+02  0.0000000E+00
  8.7296997E+02  0.0000000E+00
  8.7497998E+02  0.0000000E+00
  8.7700000E+02  0.0000000E+00
  8.7902002E+02  0.0000000E+00
  8.8104999E+02  0.0000000E+00
  8.8308002E+02  0.0000000E+00
  8.8512000E+02  0.0000000E+00
  8.8715997E+02  0.0000000E+00
  8.8920001E+02  0.0000000E+00
  8.9125000E+02  0.0000000E+00
  8.9331000E+02  0.0000000E+00
  8.9535999E+02  0.0000000E+00
  8.9742999E+02  0.0000000E+00
  8.9950000E+02  0.0000000E+00
  9.0157001E+02  2.0090485E-05
  9.0365002E+02  1.9967294E-05
  9.0572998E+02  1.9851001E-05
  9.0782001E+02  1.9746809E-05
  9.0990997E+02  1.9643208E-05
  9.1201001E+02  1.9539999E-05
  9.1410999E+02  1.9437291E-05
  9.1621997E+02  2.0087000E-05
  9.1833002E+02  2.1277305E-05
  9.2045001E+02  2.2458898E-05
  9.2257001E+02  2.3632201E-05
  9.2470001E+02  2.4797382E-05
  9.2683002E+02  2.5795098E-05
  9.2896997E+02  2.6782094E-05
  9.3110999E+02  2.7764085E-05
  9.3325000E+02  2.8739198E-05
  9.3540997E+02  2.9648712E-05
  9.3756000E+02  3.0300986E-05
  9.3971997E+02  3.0948609E-05
  9.4189001E+02  3.1591302E-05
  9.4406000E+02  3.2229287E-05
  9.4623999E+02  3.2668209E-05
  9.4841998E+02  3.2956385E-05
  9.5059998E+02  3.3242210E-05
  9.5279999E+02  3.3525801E-05
  9.5498999E+02  3.3807064E-05
  9.5719000E+02  3.3878219E-05
  9.5940002E+02  3.3947810E-05
  9.6160999E+02  3.4016612E-05
  9.6383002E+02  3.4084507E-05
  9.6604999E+02  3.2894099E-05
  9.6828003E+02  3.0312400E-05
  9.7051001E+02  2.7748785E-05
  9.7275000E+02  2.5202602E-05
  9.7498999E+02  2.2672990E-05
  9.7723999E+02  2.4015795E-05
  9.7948999E+02  2.5366589E-05
  9.8175000E+02  2.6707683E-05
  9.8401001E+02  2.8039705E-05
  9.8628003E+02  2.8484708E-05
  9.8854999E+02  2.8249806E-05
  9.9083002E+02  2.8016195E-05
  9.9312000E+02  2.7783997E-05
  9.9540997E+02  2.7700658E-05
  9.9770001E+02  2.8302306E-05
  1.0000000E+03  2.8899371E-05
  1.0023100E+03  2.9491996E-05
  1.0046200E+03  3.0080288E-05
  1.0069300E+03  3.0258298E-05
  1.0092500E+03  3.0354096E-05
  1.0115800E+03  3.0448895E-05
  1.0139100E+03  3.0542815E-05
  1.0162500E+03  3.0066385E-05
  1.0185900E+03  2.9119110E-05
  1.0209400E+03  2.8177814E-05
  1.0232900E+03  2.7242888E-05
  1.0256500E+03  2.6668888E-05
  1.0280200E+03  2.7025702E-05
  1.0303900E+03  2.7379807E-05
  1.0327600E+03  2.7731090E-05
  1.0351400E+03  2.8113815E-05
  1.0375300E+03  2.9032086E-05
  1.0399200E+03  2.9943571E-05
  1.0423199E+03  3.0848496E-05
  1.0447200E+03  3.1747008E-05
  1.0471300E+03  3.1594111E-05
  1.0495400E+03  3.1304990E-05
  1.0519600E+03  3.1017495E-05
  1.0543900E+03  3.0731695E-05
  1.0568199E+03  3.0101695E-05
  1.0592500E+03  2.9359306E-05
  1.0617000E+03  2.8621489E-05
  1.0641400E+03  2.7888615E-05
  1.0666000E+03  2.7765791E-05
  1.0690500E+03  2.7967881E-05
  1.0715200E+03  2.8168195E-05
  1.0739900E+03  2.8366796E-05
  1.0764700E+03  2.8089809E-05
  1.0789500E+03  2.7488213E-05
  1.0814301E+03  2.6890495E-05
  1.0839301E+03  2.6296591E-05
  1.0864301E+03  2.6352780E-05
  1.0889301E+03  2.6893891E-05
  1.0914399E+03  2.7430990E-05
  1.0939600E+03  2.7964197E-05
  1.0964800E+03  2.8073315E-05
  1.0990100E+03  2.7885706E-05
  1.1015400E+03  2.7698956E-05
  1.1040800E+03  2.7513395E-05
  1.1066200E+03  2.7375900E-05
  1.1091801E+03  2.7265660E-05
  1.1117300E+03  2.7153987E-05
  1.1142900E+03  2.7042890E-05
  1.1168600E+03  2.6568787E-05
  1.1194399E+03  2.5960288E-05
  1.1220200E+03  2.5355896E-05
  1.1246000E+03  2.4755300E-05
  1.1272000E+03  2.5139509E-05
  1.1298000E+03  2.5696811E-05
  1.1324000E+03  2.6249889E-05
  1.1350100E+03  2.6795506E-05
  1.1376300E+03  2.6477899E-05
  1.1402500E+03  2.6162274E-05
  1.1428800E+03  2.5848511E-05
  1.1455100E+03  2.5564208E-05
  1.1481500E+03  2.5395710E-05
  1.1508000E+03  2.5227990E-05
  1.1534500E+03  2.5061296E-05
  1.1561100E+03  2.4877667E-05
  1.1587800E+03  2.4670506E-05
  1.1614500E+03  2.4464505E-05
  1.1641300E+03  2.4259694E-05
  1.1668101E+03  2.3236891E-05
  1.1695000E+03  2.1825801E-05
  1.1722000E+03  2.0424597E-05
  1.1749000E+03  1.9032808E-05
  1.1776100E+03  1.9955502E-05
  1.1803199E+03  2.0962409E-05
  1.1830400E+03  2.1961978E-05
  1.1857700E+03  2.2519593E-05
  1.1885000E+03  2.1967091E-05
  1.1912400E+03  2.1418407E-05
  1.1939900E+03  2.0873205E-05
  1.1967400E+03  2.0324200E-05
  1.1995000E+03  1.9774798E-05
  1.2022600E+03  1.9228992E-05
  1.2050400E+03  1.8688399E-05
  1.2078101E+03  1.8279299E-05
  1.2106000E+03  1.7872893E-05
  1.2133900E+03  1.7469903E-05
  1.2161899E+03  1.7593500E-05
  1.2189900E+03  1.8419905E-05
  1.2218000E+03  1.9240397E-05
  1.2246200E+03  2.0055311E-05
  1.2274399E+03  2.0543392E-05
  1.2302700E+03  2.0977695E-05
  1.2331000E+03  2.1408674E-05
  1.2359500E+03  2.1707407E-05
  1.2388000E+03  2.1745907E-05
  1.2416500E+03  2.1783881E-05
  1.2445100E+03  2.1821392E-05
  1.2473800E+03  2.1713007E-05
  1.2502600E+03  2.1575603E-05
  1.2531400E+03  2.1438900E-05
  1.2560300E+03  2.1305685E-05
  1.2589301E+03  2.1178506E-05
  1.2618300E+03  2.1051808E-05
  1.2647400E+03  2.0925800E-05
  1.2676500E+03  2.1282865E-05
  1.2705699E+03  2.1685300E-05
  1.2735000E+03  2.2084598E-05
  1.2764399E+03  2.2391607E-05
  1.2793800E+03  2.2603394E-05
  1.2823300E+03  2.2813603E-05
  1.2852900E+03  2.2968576E-05
  1.2882500E+03  2.2625096E-05
  1.2912200E+03  2.2283693E-05
  1.2942000E+03  2.1944406E-05
  1.2971801E+03  2.2069304E-05
  1.3001700E+03  2.2363107E-05
  1.3031700E+03  2.2654800E-05
  1.3061700E+03  2.3291605E-05
  1.3091801E+03  2.4466575E-05
  1.3122000E+03  2.5633406E-05
  1.3152200E+03  2.6746508E-05
  1.3182600E+03  2.7288601E-05
  1.3213000E+03  2.7826891E-05
  1.3243400E+03  2.8361097E-05
  1.3273900E+03  2.8745288E-05
  1.3304500E+03  2.9073011E-05
  1.3335200E+03  2.9398110E-05
  1.3366000E+03  3.0369498E-05
  1.3396801E+03  3.1933690E-05
  1.3427700E+03  3.3487209E-05
  1.3458600E+03  3.4666602E-05
  1.3489600E+03  3.4897454E-05
  1.3520699E+03  3.5126413E-05
  1.3551899E+03  3.5382658E-05
  1.3583101E+03  3.6089681E-05
  1.3614399E+03  3.6791600E-05
  1.3645800E+03  3.7488193E-05
  1.3677300E+03  3.8487866E-05
  1.3708800E+03  3.9527298E-05
  1.3740400E+03  4.0559386E-05
  1.3772100E+03  4.1263520E-05
  1.3803800E+03  4.1823914E-05
  1.3835699E+03  4.2380099E-05
  1.3867600E+03  4.2810501E-05
  1.3899500E+03  4.3138618E-05
  1.3931600E+03  4.3464097E-05
  1.3963700E+03  4.3822911E-05
  1.3995900E+03  4.4227203E-05
  1.4028101E+03  4.4628418E-05
  1.4060500E+03  4.5629127E-05
  1.4092900E+03  4.7878024E-05
  1.4125400E+03  5.0110888E-05
  1.4157900E+03  5.1860716E-05
  1.4190601E+03  5.2150212E-05
  1.4223300E+03  5.2437121E-05
  1.4256100E+03  5.2693602E-05
  1.4288900E+03  5.2825621E-05
  1.4321899E+03  5.2956049E-05
  1.4354900E+03  5.3568678E-05
  1.4388000E+03  5.6946799E-05
  1.4421200E+03  6.0154849E-05
  1.4454399E+03  5.9285925E-05
  1.4487700E+03  6.0342387E-05
  1.4521100E+03  6.3096246E-05
  1.4554600E+03  6.5237240E-05
  1.4588101E+03  6.3405700E-05
  1.4621801E+03  6.1586492E-05
  1.4655500E+03  6.0302980E-05
  1.4689301E+03  6.1723033E-05
  1.4723101E+03  6.3132073E-05
  1.4757100E+03  6.4476364E-05
  1.4791100E+03  6.5603854E-05
  1.4825200E+03  6.6723136E-05
  1.4859399E+03  6.7805209E-05
  1.4893600E+03  6.8802772E-05
  1.4927900E+03  6.9793095E-05
  1.4962400E+03  7.1080169E-05
  1.4996801E+03  7.2900097E-05
  1.5031400E+03  7.4707212E-05
  1.5066100E+03  7.5369615E-05
  1.5100800E+03  7.4722062E-05
  1.5135601E+03  7.3974974E-05
  1.5170500E+03  7.3140378E-05
  1.5205500E+03  7.4662115E-05
  1.5240500E+03  7.6172677E-05
  1.5275699E+03  7.6998076E-05
  1.5310900E+03  7.7568460E-05
  1.5346200E+03  7.8134231E-05
  1.5381500E+03  7.8954261E-05
  1.5417000E+03  7.9799109E-05
  1.5452500E+03  8.0679922E-05
  1.5488199E+03  8.2106075E-05
  1.5523900E+03  8.3521394E-05
  1.5559700E+03  8.4141582E-05
  1.5595500E+03  8.2638231E-05
  1.5631500E+03  8.1143917E-05
  1.5667500E+03  8.3179773E-05
  1.5703600E+03  8.8916575E-05
  1.5739800E+03  9.4614436E-05
  1.5776100E+03  9.8119752E-05
  1.5812500E+03  1.0076406E-04
  1.5848900E+03  1.0338964E-04
  1.5885500E+03  1.0589243E-04
  1.5922100E+03  1.0845188E-04
  1.5958800E+03  1.0954938E-04
  1.5995601E+03  1.0606651E-04
  1.6032500E+03  1.0260640E-04
  1.6069399E+03  1.0267210E-04
  1.6106500E+03  1.0589772E-04
  1.6143600E+03  1.0909901E-04
  1.6180800E+03  1.0803799E-04
  1.6218101E+03  1.0610156E-04
  1.6255500E+03  1.0494229E-04
  1.6293000E+03  1.0822635E-04
  1.6330500E+03  1.1148732E-04
  1.6368199E+03  1.1662720E-04
  1.6405900E+03  1.2376632E-04
  1.6443700E+03  1.3085463E-04
  1.6481600E+03  1.2314692E-04
  1.6519600E+03  1.1256745E-04
  1.6557700E+03  1.0719199E-04
  1.6595900E+03  1.2207702E-04
  1.6634100E+03  1.3685435E-04
  1.6672500E+03  1.3493610E-04
  1.6710900E+03  1.2132972E-04
  1.6749399E+03  1.4778189E-04
  1.6788000E+03  1.7095217E-04
  1.6826700E+03  1.7641617E-04
  1.6865500E+03  1.7726554E-04
  1.6904399E+03  1.7126884E-04
  1.6943400E+03  1.6531146E-04
  1.6982400E+03  1.6718019E-04
  1.7021600E+03  1.7065709E-04
  1.7060800E+03  1.7610856E-04
  1.7100200E+03  1.8668937E-04
  1.7139600E+03  1.9719273E-04
  1.7179100E+03  2.0166145E-04
  1.7218700E+03  2.0396484E-04
  1.7258400E+03  2.0775619E-04
  1.7298199E+03  2.1713533E-04
  1.7338000E+03  2.2644766E-04
  1.7378000E+03  2.2763885E-04
  1.7418101E+03  2.2538936E-04
  1.7458199E+03  2.2614875E-04
  1.7498500E+03  2.3851781E-04
  1.7538800E+03  2.5079641E-04
  1.7579200E+03  2.4149922E-04
  1.7619800E+03  2.2404715E-04
  1.7660400E+03  2.1467461E-04
  1.7701100E+03  2.2849801E-04
  1.7741899E+03  2.4222459E-04
  1.7782800E+03  2.3542839E-04
  1.7823800E+03  1.1374824E-04
  1.7864900E+03  1.1374824E-04
  1.7906100E+03  2.1382164E-04
  1.7947300E+03  2.1382164E-04
  1.7988700E+03  2.1382164E-04
  1.8030200E+03  2.1382164E-04
  1.8071700E+03  2.1382164E-04
  1.8113400E+03  2.3542839E-04
  1.8155200E+03  2.3542839E-04
  1.8197000E+03  2.1382164E-04
  1.8239000E+03  2.3542839E-04
  1.8281000E+03  2.3542839E-04
  1.8323101E+03  2.3542839E-04
  1.8365400E+03  2.3542839E-04
  1.8407700E+03  3.0733077E-04
  1.8450200E+03  3.0733077E-04
  1.8492700E+03  3.0733077E-04
  1.8535300E+03  3.0733077E-04
  1.8578000E+03  3.0733077E-04
  1.8620900E+03  3.0733077E-04
  1.8663800E+03  3.5840494E-04
  1.8706801E+03  3.5840494E-04
  1.8749900E+03  3.6349782E-04
  1.8793199E+03  3.9876130E-04
  1.8836500E+03  4.6311997E-04
  1.8879900E+03  5.3189864E-04
  1.8923400E+03  5.4336415E-04
  1.8967100E+03  5.4336415E-04
  1.9010800E+03  5.4514158E-04
  1.9054600E+03  5.4514158E-04
  1.9098500E+03  5.5361999E-04
  1.9142600E+03  5.4514158E-04
  1.9186700E+03  5.4514158E-04
  1.9230900E+03  6.0717482E-04
  1.9275200E+03  5.5361999E-04
  1.9319700E+03  5.5361999E-04
  1.9364200E+03  6.1340543E-04
  1.9408900E+03  6.1340543E-04
  1.9453600E+03  6.1340543E-04
  1.9498400E+03  6.1340543E-04
  1.9543400E+03  6.4039155E-04
  1.9588400E+03  6.4039155E-04
  1.9633600E+03  6.6478096E-04
  1.9678900E+03  6.8913458E-04
  1.9724200E+03  7.2597375E-04
  1.9769700E+03  7.3487719E-04
  1.9815300E+03  7.3487719E-04
  1.9860900E+03  7.3487719E-04
  1.9906700E+03  7.3487719E-04
  1.9952600E+03  7.4315630E-04
  1.9998600E+03  7.4315630E-04
  2.0044700E+03  7.4945629E-04
  2.0090900E+03  7.4945629E-04
  2.0137200E+03  7.4927410E-04
  2.0183700E+03  7.6820742E-04
  2.0230200E+03  7.6820742E-04
  2.0276801E+03  7.7285158E-04
  2.0323600E+03  7.7285158E-04
  2.0370400E+03  7.6820742E-04
  2.0417400E+03  7.6820742E-04
  2.0464399E+03  7.4945629E-04
  2.0511599E+03  7.4927410E-04
  2.0558899E+03  7.4561639E-04
  2.0606299E+03  7.4561639E-04
  2.0653799E+03  7.4561639E-04
  2.0701399E+03  7.3820452E-04
  2.0749099E+03  7.3820452E-04
  2.0797000E+03  7.3820452E-04
  2.0844900E+03  7.3820452E-04
  2.0893000E+03  7.3820452E-04
  2.0941101E+03  7.2989520E-04
  2.0989399E+03  7.3820452E-04
  2.1037800E+03  7.3528109E-04
  2.1086299E+03  7.3528109E-04
  2.1134900E+03  7.3820452E-04
  2.1183601E+03  7.3820452E-04
  2.1232400E+03  7.3820452E-04
  2.1281399E+03  7.3820452E-04
  2.1330400E+03  7.3528109E-04
  2.1379600E+03  7.2989520E-04
  2.1428899E+03  7.4411812E-04
  2.1478301E+03  7.4411812E-04
  2.1527800E+03  7.4411812E-04
  2.1577400E+03  7.4411812E-04
  2.1627200E+03  7.2989520E-04
  2.1677000E+03  7.2048983E-04
  2.1727000E+03  6.9878629E-04
  2.1777100E+03  7.2048983E-04
  2.1827300E+03  7.2048983E-04
  2.1877600E+03  7.2048983E-04
  2.1928000E+03  7.2960998E-04
  2.1978601E+03  6.9878629E-04
  2.2029299E+03  6.9878629E-04
  2.2080000E+03  6.8030116E-04
  2.2130901E+03  6.8030116E-04
  2.2182000E+03  6.8848534E-04
  2.2233101E+03  6.8030116E-04
  2.2284399E+03  6.9878629E-04
  2.2335701E+03  6.8848534E-04
  2.2387200E+03  6.8848534E-04
  2.2438799E+03  6.7882158E-04
  2.2490500E+03  6.8848534E-04
  2.2542400E+03  6.8848534E-04
  2.2594399E+03  6.7882158E-04
  2.2646399E+03  6.8848534E-04
  2.2698601E+03  7.2228978E-04
  2.2751001E+03  7.2960998E-04
  2.2803401E+03  7.2960998E-04
  2.2856001E+03  6.8614702E-04
  2.2908701E+03  6.7882158E-04
  2.2961499E+03  6.7882158E-04
  2.3014399E+03  7.2346447E-04
  2.3067500E+03  7.3154713E-04
  2.3120601E+03  7.3154713E-04
  2.3173899E+03  7.1386993E-04
  2.3227400E+03  7.2346447E-04
  2.3280901E+03  7.2152098E-04
  2.3334600E+03  7.2152098E-04
  2.3388401E+03  7.2346447E-04
  2.3442300E+03  7.4760220E-04
  2.3496299E+03  7.5088866E-04
  2.3550500E+03  7.5088866E-04
  2.3604800E+03  7.3257595E-04
  2.3659199E+03  7.2346447E-04
  2.3713701E+03  7.2152098E-04
  2.3768401E+03  7.1700220E-04
  2.3823201E+03  7.1386993E-04
  2.3878101E+03  7.1386993E-04
  2.3933201E+03  7.1386993E-04
  2.3988301E+03  7.1700220E-04
  2.4043601E+03  7.0802920E-04
  2.4099099E+03  7.0919195E-04
  2.4154600E+03  7.1210036E-04
  2.4210300E+03  7.0802920E-04
  2.4266101E+03  7.0919195E-04
  2.4322000E+03  7.1700220E-04
  2.4378101E+03  7.2113366E-04
  2.4434299E+03  7.1700220E-04
  2.4490601E+03  7.1700220E-04
  2.4547100E+03  7.2119228E-04
  2.4603701E+03  7.2577648E-04
  2.4660400E+03  7.5556745E-04
  2.4717200E+03  7.5992366E-04
  2.4774199E+03  7.8747352E-04
  2.4831299E+03  8.2807394E-04
  2.4888601E+03  8.2807394E-04
  2.4945901E+03  8.5009309E-04
  2.5003501E+03  8.6433999E-04
  2.5061101E+03  8.7617565E-04
  2.5118899E+03  8.7594817E-04
  2.5176799E+03  8.7617565E-04
  2.5234800E+03  9.0288802E-04
  2.5293000E+03  9.2296180E-04
  2.5351299E+03  9.2296180E-04
  2.5409700E+03  9.2397374E-04
  2.5468301E+03  9.2426897E-04
  2.5527000E+03  9.2426897E-04
  2.5585901E+03  9.3118940E-04
  2.5644800E+03  9.4374252E-04
  2.5703899E+03  9.4374252E-04
  2.5763201E+03  9.4374252E-04
  2.5822600E+03  9.7480946E-04
  2.5882100E+03  9.8218862E-04
  2.5941799E+03  1.0018336E-03
  2.6001599E+03  1.0018336E-03
  2.6061499E+03  1.0244070E-03
  2.6121599E+03  1.0430499E-03
  2.6181799E+03  1.0553459E-03
  2.6242200E+03  1.0898653E-03
  2.6302700E+03  1.0958673E-03
  2.6363301E+03  1.0958673E-03
  2.6424099E+03  1.0921677E-03
  2.6485000E+03  1.0958673E-03
  2.6546101E+03  1.0958673E-03
  2.6607200E+03  1.0958673E-03
  2.6668601E+03  1.0958673E-03
  2.6730100E+03  1.0965997E-03
  2.6791699E+03  1.0965997E-03
  2.6853401E+03  1.0999864E-03
  2.6915300E+03  1.0978110E-03
  2.6977400E+03  1.0999864E-03
  2.7039600E+03  1.1105837E-03
  2.7101899E+03  1.1097031E-03
  2.7164399E+03  1.2331037E-03
  2.7227000E+03  1.2414168E-03
  2.7289800E+03  1.2419117E-03
  2.7352700E+03  1.2439430E-03
  2.7415701E+03  1.2584000E-03
  2.7478899E+03  1.2584000E-03
  2.7542300E+03  1.2584000E-03
  2.7605801E+03  1.3415618E-03
  2.7669399E+03  1.3452730E-03
  2.7733201E+03  1.3452730E-03
  2.7797100E+03  1.3452730E-03
  2.7861201E+03  1.3460434E-03
  2.7925400E+03  1.3566952E-03
  2.7989800E+03  1.3799133E-03
  2.8054299E+03  1.3799133E-03
  2.8118999E+03  1.4016554E-03
  2.8183799E+03  1.4254058E-03
  2.8248799E+03  1.4254058E-03
  2.8313899E+03  1.4254058E-03
  2.8379199E+03  1.4254058E-03
  2.8444600E+03  1.4254058E-03
  2.8510200E+03  1.4282633E-03
  2.8575901E+03  1.4338098E-03
  2.8641799E+03  1.4530764E-03
  2.8707800E+03  1.4559837E-03
  2.8773999E+03  1.4581578E-03
  2.8840300E+03  1.4559837E-03
  2.8906799E+03  1.4661551E-03
  2.8973401E+03  1.5013129E-03
  2.9040200E+03  1.5613947E-03
  2.9107200E+03  1.5868688E-03
  2.9174299E+03  1.6054064E-03
  2.9241499E+03  1.6054064E-03
  2.9308899E+03  1.6078964E-03
  2.9376499E+03  1.7327367E-03
  2.9444199E+03  1.7514960E-03
  2.9512100E+03  1.7514960E-03
  2.9580100E+03  1.7514960E-03
  2.9648301E+03  1.7695470E-03
  2.9716699E+03  1.7690535E-03
  2.9785200E+03  1.7690535E-03
  2.9853799E+03  1.7695470E-03
  2.9922600E+03  1.7821935E-03
  2.9991599E+03  1.8071572E-03
  3.0060801E+03  1.8181470E-03
  3.0130100E+03  1.8470496E-03
  3.0199500E+03  1.8497080E-03
  3.0269099E+03  1.8829082E-03
  3.0338899E+03  1.9167264E-03
  3.0408899E+03  1.9301503E-03
  3.0478899E+03  1.9183737E-03
  3.0549199E+03  1.9301503E-03
  3.0619600E+03  1.9506817E-03
  3.0690200E+03  1.9810926E-03
  3.0761001E+03  2.0191735E-03
  3.0831899E+03  2.0233591E-03
  3.0903000E+03  2.0233591E-03
  3.0974199E+03  2.0564368E-03
  3.1045601E+03  2.0929878E-03
  3.1117200E+03  2.0748402E-03
  3.1188899E+03  2.0748402E-03
  3.1260801E+03  2.1021424E-03
  3.1332800E+03  2.0748402E-03
  3.1405100E+03  2.1021424E-03
  3.1477500E+03  2.1206229E-03
  3.1550000E+03  2.1260444E-03
  3.1622800E+03  2.1473742E-03
  3.1695701E+03  2.1473742E-03
  3.1768701E+03  2.1565973E-03
  3.1842000E+03  2.1597585E-03
  3.1915400E+03  2.1473742E-03
  3.1988899E+03  2.1597585E-03
  3.2062700E+03  2.2218768E-03
  3.2136599E+03  2.2233094E-03
  3.2210701E+03  2.2574079E-03
  3.2284900E+03  2.2867371E-03
  3.2359399E+03  2.3153194E-03
  3.2433999E+03  2.3403962E-03
  3.2508701E+03  2.3449478E-03
  3.2583701E+03  2.3753620E-03
  3.2658799E+03  2.3449478E-03
  3.2734099E+03  2.3449478E-03
  3.2809500E+03  2.3467480E-03
  3.2885200E+03  2.3768465E-03
  3.2961001E+03  2.3768465E-03
  3.3036899E+03  2.3863451E-03
  3.3113101E+03  2.4212487E-03
  3.3189399E+03  2.4212487E-03
  3.3265901E+03  2.3863451E-03
  3.3342600E+03  2.4335820E-03
  3.3419500E+03  2.4538229E-03
  3.3496499E+03  2.4553335E-03
  3.3573799E+03  2.4736417E-03
  3.3651201E+03  2.5900258E-03
  3.3728701E+03  2.6113028E-03
  3.3806499E+03  2.6430103E-03
  3.3884399E+03  2.6113028E-03
  3.3962500E+03  2.6674201E-03
  3.4040801E+03  2.6674201E-03
  3.4119299E+03  2.6674201E-03
  3.4197900E+03  2.6533089E-03
  3.4276799E+03  2.6674201E-03
  3.4355801E+03  2.6922533E-03
  3.4435000E+03  2.6962825E-03
  3.4514399E+03  2.7566797E-03
  3.4593899E+03  2.7566797E-03
  3.4673701E+03  2.8489791E-03
  3.4753601E+03  2.8973699E-03
  3.4833701E+03  2.9183570E-03
  3.4913999E+03  2.9183570E-03
  3.4994500E+03  2.9367816E-03
  3.5075200E+03  2.9373525E-03
  3.5156001E+03  2.9486280E-03
  3.5237100E+03  2.9659376E-03
  3.5318301E+03  2.9692187E-03
  3.5399700E+03  2.9876216E-03
  3.5481299E+03  2.9876216E-03
  3.5563101E+03  2.9909201E-03
  3.5645100E+03  3.0044045E-03
  3.5727300E+03  3.0044045E-03
  3.5809600E+03  2.9893622E-03
  3.5892200E+03  2.9893622E-03
  3.5974900E+03  3.0087901E-03
  3.6057900E+03  3.0602650E-03
  3.6141001E+03  3.1339570E-03
  3.6224299E+03  3.1522785E-03
  3.6307800E+03  3.1549272E-03
  3.6391499E+03  3.1549272E-03
  3.6475400E+03  3.1652877E-03
  3.6559500E+03  3.2112671E-03
  3.6643701E+03  3.2201204E-03
  3.6728201E+03  3.2233093E-03
  3.6812900E+03  3.2361550E-03
  3.6897800E+03  3.2441062E-03
  3.6982800E+03  3.2557459E-03
  3.7068101E+03  3.3005525E-03
  3.7153501E+03  3.4716690E-03
  3.7239199E+03  3.5427790E-03
  3.7325000E+03  3.6052554E-03
  3.7411101E+03  3.6052554E-03
  3.7497300E+03  3.6052554E-03
  3.7583701E+03  3.6071183E-03
  3.7670400E+03  3.6391173E-03
  3.7757200E+03  3.7743098E-03
  3.7844199E+03  3.7809440E-03
  3.7931499E+03  3.8808389E-03
  3.8018899E+03  3.8824454E-03
  3.8106599E+03  3.8808389E-03
  3.8194399E+03  3.8824454E-03
  3.8282500E+03  3.9401208E-03
  3.8370701E+03  3.9427583E-03
  3.8459199E+03  3.9682016E-03
  3.8547800E+03  3.9786389E-03
  3.8636699E+03  4.1135773E-03
  3.8725701E+03  4.1550412E-03
  3.8815000E+03  4.2058700E-03
  3.8904500E+03  4.2071491E-03
  3.8994199E+03  4.2102938E-03
  3.9084099E+03  4.2108623E-03
  3.9174199E+03  4.2175367E-03
  3.9264500E+03  4.2190794E-03
  3.9355000E+03  4.2194384E-03
  3.9445701E+03  4.3093432E-03
  3.9536699E+03  4.3367757E-03
  3.9627800E+03  4.4098007E-03
  3.9719199E+03  4.6453984E-03
  3.9810701E+03  4.7491561E-03
  3.9902500E+03  4.7491561E-03
  3.9994500E+03  4.7491561E-03
  4.0086699E+03  4.7693155E-03
  4.0179099E+03  4.8077642E-03
  4.0271699E+03  4.7693155E-03
  4.0364500E+03  4.8077642E-03
  4.0457600E+03  4.8340475E-03
  4.0550901E+03  5.1049455E-03
  4.0644299E+03  5.1568891E-03
  4.0738000E+03  5.1568891E-03
  4.0831899E+03  5.1568891E-03
  4.0926101E+03  5.1594009E-03
  4.1020400E+03  5.1594009E-03
  4.1115000E+03  5.2233245E-03
  4.1209800E+03  5.1594009E-03
  4.1304702E+03  5.2851639E-03
  4.1400000E+03  5.4917899E-03
  4.1495400E+03  5.4872422E-03
  4.1591099E+03  5.4658568E-03
  4.1686899E+03  5.4917899E-03
  4.1782998E+03  5.5098757E-03
  4.1879399E+03  5.5098757E-03
  4.1975898E+03  5.5339360E-03
  4.2072598E+03  5.5549410E-03
  4.2169600E+03  5.6201848E-03
  4.2266899E+03  5.6579839E-03
  4.2364302E+03  5.8121406E-03
  4.2462002E+03  5.8121406E-03
  4.2559800E+03  5.8564399E-03
  4.2657900E+03  5.8837119E-03
  4.2756299E+03  5.8564399E-03
  4.2854800E+03  5.8926339E-03
  4.2953599E+03  5.8926339E-03
  4.3052598E+03  5.8926339E-03
  4.3151899E+03  5.8993306E-03
  4.3251401E+03  6.1257826E-03
  4.3351099E+03  6.1668940E-03
  4.3451001E+03  6.2890416E-03
  4.3551201E+03  6.3827583E-03
  4.3651602E+03  6.3849138E-03
  4.3752202E+03  6.3827583E-03
  4.3853101E+03  6.3507562E-03
  4.3954199E+03  6.2954598E-03
  4.4055498E+03  6.2954598E-03
  4.4157002E+03  6.2954598E-03
  4.4258799E+03  6.2731658E-03
  4.4360801E+03  6.3507562E-03
  4.4463101E+03  6.3758488E-03
  4.4565601E+03  6.3758488E-03
  4.4668301E+03  6.3804113E-03
  4.4771299E+03  6.4040772E-03
  4.4874502E+03  6.4183883E-03
  4.4977998E+03  6.4183883E-03
  4.5081699E+03  6.4309267E-03
  4.5185601E+03  6.4428989E-03
  4.5289702E+03  6.4428989E-03
  4.5394102E+03  6.4673047E-03
  4.5498799E+03  6.4755469E-03
  4.5603701E+03  6.4673047E-03
  4.5708799E+03  6.4673047E-03
  4.5814199E+03  6.5490576E-03
  4.5919800E+03  6.6271308E-03
  4.6025601E+03  6.6378973E-03
  4.6131802E+03  6.7119431E-03
  4.6238101E+03  6.6894637E-03
  4.6344702E+03  6.7119431E-03
  4.6451499E+03  6.7119431E-03
  4.6558599E+03  6.6634077E-03
  4.6665898E+03  6.7203827E-03
  4.6773501E+03  6.7698834E-03
  4.6881299E+03  6.7340434E-03
  4.6989399E+03  6.7838384E-03
  4.7097700E+03  6.7940019E-03
  4.7206299E+03  6.7992890E-03
  4.7315098E+03  6.7992890E-03
  4.7424199E+03  6.7940019E-03
  4.7533501E+03  6.8195877E-03
  4.7643101E+03  6.8195877E-03
  4.7752900E+03  6.9312905E-03
  4.7862998E+03  6.9032959E-03
  4.7973301E+03  6.8883956E-03
  4.8083901E+03  6.8883956E-03
  4.8194800E+03  6.9312905E-03
  4.8305898E+03  6.9544148E-03
  4.8417202E+03  6.9723055E-03
  4.8528799E+03  6.9758049E-03
  4.8640698E+03  6.9758049E-03
  4.8752798E+03  6.9723055E-03
  4.8865200E+03  6.9723055E-03
  4.8977900E+03  6.9723055E-03
  4.9090801E+03  6.9723055E-03
  4.9203901E+03  7.0123347E-03
  4.9317402E+03  7.0026172E-03
  4.9431099E+03  7.0301192E-03
  4.9545000E+03  7.0123347E-03
  4.9659199E+03  7.0123347E-03
  4.9773701E+03  7.0383791E-03
  4.9888398E+03  7.0383791E-03
  5.0003398E+03  7.0301192E-03
  5.0118701E+03  6.9691674E-03
  5.0234302E+03  7.0301192E-03
  5.0350000E+03  6.9941035E-03
  5.0466099E+03  7.0257708E-03
  5.0582500E+03  7.0383791E-03
  5.0699102E+03  7.0475894E-03
  5.0815898E+03  7.0257708E-03
  5.0933101E+03  7.0528258E-03
  5.1050498E+03  7.0257708E-03
  5.1168198E+03  7.0924023E-03
  5.1286099E+03  7.0257708E-03
  5.1404399E+03  6.9888146E-03
  5.1522900E+03  6.9888146E-03
  5.1641602E+03  7.0008258E-03
  5.1760698E+03  6.9888146E-03
  5.1880000E+03  6.9532469E-03
  5.1999600E+03  6.9572367E-03
  5.2119502E+03  6.9572367E-03
  5.2239600E+03  6.9532469E-03
  5.2360000E+03  6.9532469E-03
  5.2480698E+03  6.9476226E-03
  5.2601699E+03  6.9532469E-03
  5.2722998E+03  6.8483446E-03
  5.2844502E+03  6.9634500E-03
  5.2966299E+03  6.9572367E-03
  5.3088398E+03  6.9634500E-03
  5.3210801E+03  6.9634500E-03
  5.3333501E+03  6.9634500E-03
  5.3456401E+03  6.9740508E-03
  5.3579600E+03  6.9815284E-03
  5.3703198E+03  7.0641134E-03
  5.3827002E+03  6.9908020E-03
  5.3951001E+03  7.0641134E-03
  5.4075400E+03  6.9908020E-03
  5.4200098E+03  7.0246216E-03
  5.4325000E+03  7.0432145E-03
  5.4450200E+03  7.0432145E-03
  5.4575801E+03  7.0246216E-03
  5.4701602E+03  6.9908020E-03
  5.4827700E+03  7.0035169E-03
  5.4954102E+03  6.9481335E-03
  5.5080801E+03  6.9481335E-03
  5.5207700E+03  7.0035169E-03
  5.5335000E+03  7.0035169E-03
  5.5462598E+03  6.9481335E-03
  5.5590400E+03  7.0229829E-03
  5.5718501E+03  7.0357560E-03
  5.5847002E+03  7.1571227E-03
  5.5975698E+03  7.1571227E-03
  5.6104800E+03  7.0407754E-03
  5.6234102E+03  7.1571227E-03
  5.6363799E+03  7.0411889E-03
  5.6493701E+03  7.0411889E-03
  5.6623901E+03  7.0357560E-03
  5.6754502E+03  7.0411889E-03
  5.6885298E+03  7.0411889E-03
  5.7016401E+03  7.0411889E-03
  5.7147900E+03  7.0411889E-03
  5.7279600E+03  7.0051933E-03
  5.7411602E+03  7.0051933E-03
  5.7543999E+03  7.0051933E-03
  5.7676602E+03  6.9351043E-03
  5.7809600E+03  6.9351043E-03
  5.7942900E+03  7.0026903E-03
  5.8076401E+03  6.9631557E-03
  5.8210298E+03  6.9631557E-03
  5.8344502E+03  6.9631557E-03
  5.8478999E+03  6.9719381E-03
  5.8613799E+03  6.9719381E-03
  5.8748901E+03  6.9719381E-03
  5.8884399E+03  6.9631557E-03
  5.9020098E+03  6.9465889E-03
  5.9156099E+03  6.9719381E-03
  5.9292500E+03  6.9718612E-03
  5.9429199E+03  6.9718612E-03
  5.9566201E+03  6.9465889E-03
  5.9703501E+03  6.9718612E-03
  5.9841201E+03  6.9718612E-03
  5.9979102E+03  6.9718612E-03
  6.0117300E+03  6.9385469E-03
  6.0256001E+03  6.9385469E-03
  6.0394800E+03  7.2610090E-03
  6.0534102E+03  7.2610090E-03
  6.0673599E+03  7.2854809E-03
  6.0813501E+03  7.0202230E-03
  6.0953701E+03  7.0202230E-03
  6.1094199E+03  7.0202230E-03
  6.1235000E+03  7.0202230E-03
  6.1376201E+03  6.6350340E-03
  6.1517700E+03  7.0202230E-03
  6.1659502E+03  7.0202230E-03
  6.1801602E+03  6.7888568E-03
  6.1944102E+03  7.1467734E-03
  6.2086899E+03  7.1467734E-03
  6.2230000E+03  6.7729652E-03
  6.2373501E+03  6.6324193E-03
  6.2517300E+03  6.5266686E-03
  6.2661401E+03  6.7189033E-03
  6.2805801E+03  6.8137799E-03
  6.2950601E+03  6.8098232E-03
  6.3095698E+03  6.6885785E-03
  6.3241201E+03  6.7351824E-03
  6.3386899E+03  6.7621390E-03
  6.3533101E+03  6.7635202E-03
  6.3679502E+03  6.7344541E-03
  6.3826299E+03  6.7806961E-03
  6.3973501E+03  6.7606689E-03
  6.4120898E+03  6.6813049E-03
  6.4268799E+03  6.7148549E-03
  6.4416899E+03  6.7003020E-03
  6.4565400E+03  6.6766557E-03
  6.4714199E+03  6.6499556E-03
  6.4863398E+03  6.5504704E-03
  6.5012998E+03  6.6258032E-03
  6.5162798E+03  6.6957939E-03
  6.5312998E+03  6.6671437E-03
  6.5463599E+03  6.4940481E-03
  6.5614502E+03  6.1594029E-03
  6.5765801E+03  6.1432677E-03
  6.5917402E+03  6.5586749E-03
  6.6069302E+03  6.6190334E-03
  6.6221602E+03  6.5173269E-03
  6.6374302E+03  6.5173269E-03
  6.6527300E+03  6.5204692E-03
  6.6680698E+03  6.5204692E-03
  6.6834399E+03  6.7232428E-03
  6.6988501E+03  6.7232428E-03
  6.7142900E+03  6.7232428E-03
  6.7297598E+03  6.4679435E-03
  6.7452798E+03  6.3987253E-03
  6.7608301E+03  6.3781594E-03
  6.7764102E+03  6.3680620E-03
  6.7920400E+03  6.3282428E-03
  6.8076899E+03  6.3987253E-03
  6.8233799E+03  6.3987253E-03
  6.8391099E+03  6.3169827E-03
  6.8548799E+03  6.2556854E-03
  6.8706802E+03  6.3156234E-03
  6.8865200E+03  6.3650808E-03
  6.9023999E+03  6.3565080E-03
  6.9183101E+03  6.3257767E-03
  6.9342598E+03  6.2938528E-03
  6.9502402E+03  6.2743956E-03
  6.9662598E+03  6.3153394E-03
  6.9823198E+03  6.3003171E-03
  6.9984199E+03  6.4634429E-03
  7.0145498E+03  6.4634429E-03
  7.0307202E+03  6.2802713E-03
  7.0469302E+03  6.2986710E-03
  7.0631802E+03  6.2104152E-03
  7.0794600E+03  6.0986103E-03
  7.0957700E+03  5.9941402E-03
  7.1121401E+03  5.9026186E-03
  7.1285298E+03  5.8189314E-03
  7.1449600E+03  5.8008498E-03
  7.1614302E+03  5.8232998E-03
  7.1779399E+03  5.7884306E-03
  7.1944902E+03  5.7314597E-03
  7.2110698E+03  5.8218711E-03
  7.2277002E+03  5.8949925E-03
  7.2443599E+03  5.9193466E-03
  7.2610601E+03  5.9327828E-03
  7.2777998E+03  5.9013809E-03
  7.2945698E+03  5.8692368E-03
  7.3113901E+03  5.9593474E-03
  7.3282500E+03  5.9641288E-03
  7.3451401E+03  5.9882756E-03
  7.3620698E+03  6.0592946E-03
  7.3790400E+03  6.0493466E-03
  7.3960498E+03  5.9743989E-03
  7.4131001E+03  5.9624431E-03
  7.4301899E+03  6.0582999E-03
  7.4473198E+03  6.0655950E-03
  7.4644902E+03  6.0996516E-03
  7.4816899E+03  6.0971607E-03
  7.4989399E+03  6.1056684E-03
  7.5162300E+03  6.1468608E-03
  7.5335498E+03  6.1909165E-03
  7.5509199E+03  6.2121097E-03
  7.5683301E+03  6.1726044E-03
  7.5857700E+03  6.1016576E-03
  7.6032598E+03  6.0404297E-03
  7.6207900E+03  5.9740418E-03
  7.6383599E+03  5.9041777E-03
  7.6559600E+03  5.7943380E-03
  7.6736099E+03  5.6623993E-03
  7.6912998E+03  5.7508936E-03
  7.7090298E+03  6.2517649E-03
  7.7268101E+03  5.9223045E-03
  7.7446201E+03  5.4820995E-03
  7.7624702E+03  5.4820995E-03
  7.7803599E+03  5.4820995E-03
  7.7982998E+03  5.4820995E-03
  7.8162798E+03  5.6791105E-03
  7.8342900E+03  5.6306818E-03
  7.8523599E+03  5.5907937E-03
  7.8704600E+03  5.6563565E-03
  7.8886001E+03  5.5791582E-03
  7.9067900E+03  5.4826923E-03
  7.9250098E+03  5.4633161E-03
  7.9432798E+03  5.4362044E-03
  7.9615898E+03  5.5085509E-03
  7.9799502E+03  5.5694482E-03
  7.9983398E+03  5.5829757E-03
  8.0167798E+03  5.4961662E-03
  8.0352598E+03  5.4961662E-03
  8.0537798E+03  5.4961662E-03
  8.0723501E+03  5.4961662E-03
  8.0909600E+03  5.5664894E-03
  8.1096099E+03  5.6008636E-03
  8.1282998E+03  5.6872726E-03
  8.1470400E+03  5.7145320E-03
  8.1658198E+03  5.7358416E-03
  8.1846499E+03  5.6365831E-03
  8.2035098E+03  5.5757230E-03
  8.2224297E+03  5.5806073E-03
  8.2413799E+03  5.5886274E-03
  8.2603799E+03  5.6139561E-03
  8.2794199E+03  5.6156917E-03
  8.2985098E+03  5.7922900E-03
  8.3176299E+03  5.7922900E-03
  8.3368096E+03  5.7922900E-03
  8.3560303E+03  5.4849987E-03
  8.3752900E+03  5.3856648E-03
  8.3945996E+03  5.2996152E-03
  8.4139502E+03  5.3687971E-03
  8.4333496E+03  5.1968703E-03
  8.4527900E+03  5.1437588E-03
  8.4722695E+03  5.1380605E-03
  8.4917998E+03  5.1303376E-03
  8.5113799E+03  4.9404837E-03
  8.5310000E+03  5.1039760E-03
  8.5506699E+03  4.6713655E-03
  8.5703799E+03  5.2456642E-03
  8.5901396E+03  5.0594406E-03
  8.6099404E+03  5.1959287E-03
  8.6297803E+03  5.0594406E-03
  8.6496699E+03  5.0594406E-03
  8.6696201E+03  5.0134389E-03
  8.6895996E+03  5.0134389E-03
  8.7096299E+03  5.0134389E-03
  8.7297100E+03  5.3176871E-03
  8.7498398E+03  5.2138730E-03
  8.7700000E+03  5.3321458E-03
  8.7902305E+03  5.3565088E-03
  8.8104902E+03  5.2566011E-03
  8.8307998E+03  5.2977656E-03
  8.8511504E+03  5.2789380E-03
  8.8715596E+03  5.4016542E-03
  8.8920098E+03  5.2399999E-03
  8.9125098E+03  5.2661244E-03
  8.9330498E+03  5.1818225E-03
  8.9536504E+03  5.1844148E-03
  8.9742803E+03  5.1966133E-03
  8.9949805E+03  5.1450352E-03
  9.0157100E+03  5.0344607E-03
  9.0364902E+03  5.2053649E-03
  9.0573301E+03  5.2838121E-03
  9.0782002E+03  5.2115838E-03
  9.0991299E+03  5.1636994E-03
  9.1200996E+03  5.2333386E-03
  9.1411299E+03  5.2507664E-03
  9.1622002E+03  5.2287783E-03
  9.1833203E+03  5.2508530E-03
  9.2045000E+03  5.1405914E-03
  9.2257100E+03  4.9846121E-03
  9.2469805E+03  4.9886499E-03
  9.2682998E+03  5.0205858E-03
  9.2896602E+03  4.9867360E-03
  9.3110801E+03  5.0140196E-03
  9.3325400E+03  5.0030816E-03
  9.3540596E+03  4.9682804E-03
  9.3756201E+03  4.9279174E-03
  9.3972305E+03  4.9326299E-03
  9.4189004E+03  4.9090707E-03
  9.4406104E+03  4.9312487E-03
  9.4623701E+03  4.9480647E-03
  9.4841797E+03  4.9804491E-03
  9.5060498E+03  4.9326215E-03
  9.5279600E+03  4.9157911E-03
  9.5499199E+03  4.7626700E-03
  9.5719404E+03  4.8664925E-03
  9.5940000E+03  4.9276361E-03
  9.6161201E+03  4.8772492E-03
  9.6382900E+03  4.8493654E-03
  9.6605098E+03  4.8016133E-03
  9.6827695E+03  4.8388424E-03
  9.7050996E+03  4.8206011E-03
  9.7274697E+03  4.7752103E-03
  9.7498896E+03  4.7479933E-03
  9.7723701E+03  4.7517898E-03
  9.7949004E+03  4.7198171E-03
  9.8174805E+03  4.7744764E-03
  9.8401104E+03  4.7593662E-03
  9.8627900E+03  4.7487621E-03
  9.8855303E+03  4.7277133E-03
  9.9083203E+03  4.6992009E-03
  9.9311602E+03  4.7081662E-03
  9.9540498E+03  4.7070165E-03
  9.9770000E+03  4.6955287E-03
  1.0000000E+04  4.6712374E-03
  1.0000000E+04  4.6712374E-03
  1.0115800E+04  4.1484679E-03
  1.0232940E+04  4.5333304E-03
  1.0351420E+04  4.4335262E-03
  1.0471290E+04  4.0260563E-03
  1.0592540E+04  4.2599668E-03
  1.0715200E+04  3.9087157E-03
  1.0839270E+04  4.0606013E-03
  1.0964780E+04  3.9416114E-03
  1.1091750E+04  3.8041940E-03
  1.1220190E+04  3.7644866E-03
  1.1350100E+04  4.0445854E-03
  1.1481540E+04  3.9246315E-03
  1.1614490E+04  4.0023993E-03
  1.1748980E+04  3.6630996E-03
  1.1885020E+04  3.5394626E-03
  1.2022640E+04  3.4393028E-03
  1.2161860E+04  3.8439236E-03
  1.2302690E+04  3.4355305E-03
  1.2445140E+04  3.3364871E-03
  1.2589250E+04  3.3782350E-03
  1.2735030E+04  3.1464191E-03
  1.2882500E+04  2.9749244E-03
  1.3031660E+04  3.0186442E-03
  1.3182560E+04  3.0169890E-03
  1.3335210E+04  3.1343047E-03
  1.3489630E+04  3.0644124E-03
  1.3645840E+04  3.0018375E-03
  1.3803840E+04  3.0770453E-03
  1.3963680E+04  2.8960549E-03
  1.4125380E+04  2.7361326E-03
  1.4288950E+04  2.5055283E-03
  1.4454390E+04  2.4971904E-03
  1.4621770E+04  2.4597249E-03
  1.4791090E+04  2.4238806E-03
  1.4962360E+04  2.4210825E-03
  1.5135610E+04  2.4051236E-03
  1.5310870E+04  2.3954450E-03
  1.5488170E+04  2.3690979E-03
  1.5667520E+04  2.2929192E-03
  1.5848920E+04  2.2085507E-03
  1.6032450E+04  2.2265413E-03
  1.6218100E+04  2.2035732E-03
  1.6405900E+04  2.1661159E-03
  1.6595859E+04  2.1370370E-03
  1.6788039E+04  2.0622206E-03
  1.6982439E+04  2.0240177E-03
  1.7179090E+04  1.9488513E-03
  1.7378000E+04  1.8501712E-03
  1.7579230E+04  1.7989237E-03
  1.7782789E+04  1.7256521E-03
  1.7988711E+04  1.6549851E-03
  1.8197020E+04  1.5842931E-03
  1.8407711E+04  1.5301941E-03
  1.8620869E+04  1.4717048E-03
  1.8836490E+04  1.4201687E-03
  1.9054619E+04  1.3808196E-03
  1.9275240E+04  1.3265032E-03
  1.9498439E+04  1.2632569E-03
  1.9724230E+04  1.2198323E-03
  1.9952631E+04  1.1819515E-03
  2.0183660E+04  1.1485273E-03
  2.0417381E+04  1.1121578E-03
  2.0653801E+04  1.0739125E-03
  2.0892971E+04  1.0376805E-03
  2.1134881E+04  1.0073232E-03
  2.1379619E+04  9.7976299E-04
  2.1627189E+04  9.3684916E-04
  2.1877619E+04  9.1007288E-04
  2.2130939E+04  8.7968295E-04
  2.2387211E+04  8.4436295E-04
  2.2646439E+04  8.1092527E-04
  2.2908680E+04  7.2740833E-04
  2.3173930E+04  6.9390616E-04
  2.3442279E+04  6.4861169E-04
  2.3713740E+04  6.0878659E-04
  2.3988340E+04  5.7677965E-04
  2.4266109E+04  5.4544845E-04
  2.4547080E+04  5.0586689E-04
  2.4831330E+04  4.6789675E-04
  2.5118869E+04  4.5004129E-04
  2.5409740E+04  4.4501515E-04
  2.5703949E+04  4.3829528E-04
  2.6001590E+04  4.2575214E-04
  2.6302680E+04  4.1090476E-04
  2.6607260E+04  3.9773944E-04
  2.6915340E+04  3.8896842E-04
  2.7227010E+04  3.8101361E-04
  2.7542289E+04  3.6895080E-04
  2.7861221E+04  3.5717475E-04
  2.8183820E+04  3.4468446E-04
  2.8510180E+04  3.3415426E-04
  2.8840320E+04  3.2275412E-04
  2.9174279E+04  3.1166812E-04
  2.9512080E+04  3.0057921E-04
  2.9853820E+04  2.9031144E-04
  3.0199520E+04  2.8034797E-04
  3.0549221E+04  2.7043335E-04
  3.0902939E+04  2.6129978E-04
  3.1260789E+04  2.5299680E-04
  3.1622779E+04  2.4374486E-04
  3.1988961E+04  2.3614666E-04
  3.2359350E+04  2.2766260E-04
  3.2734061E+04  2.1916392E-04
  3.3113109E+04  2.1117310E-04
  3.3496551E+04  2.0378598E-04
  3.3884430E+04  1.9586600E-04
  3.4276770E+04  1.8870599E-04
  3.4673680E+04  1.8163733E-04
  3.5075199E+04  1.7490353E-04
  3.5481359E+04  1.6802632E-04
  3.5892180E+04  1.6125248E-04
  3.6307801E+04  1.5538398E-04
  3.6728230E+04  1.4885588E-04
  3.7153539E+04  1.4252072E-04
  3.7583719E+04  1.3674493E-04
  3.8018930E+04  1.3182948E-04
  3.8459180E+04  1.2709804E-04
  3.8904531E+04  1.2176805E-04
  3.9354988E+04  1.1693789E-04
  3.9810711E+04  1.1174743E-04
  4.0271711E+04  1.0772463E-04
  4.0738039E+04  1.0332801E-04
  4.1209730E+04  9.9383644E-05
  4.1686930E+04  9.5158364E-05
  4.2169648E+04  9.1403686E-05
  4.2657961E+04  8.7963221E-05
  4.3151879E+04  7.8474259E-05
  4.3651570E+04  7.3149051E-05
  4.4157039E+04  6.7761001E-05
  4.4668371E+04  6.3934407E-05
  4.5185621E+04  6.1321181E-05
  4.5708801E+04  5.9526021E-05
  4.6238102E+04  5.7113422E-05
  4.6773520E+04  5.5528311E-05
  4.7315148E+04  5.3941687E-05
  4.7862988E+04  5.1883726E-05
  4.8417230E+04  5.0315317E-05
  4.8977891E+04  4.8192884E-05
  4.9545039E+04  4.6386678E-05
  5.0118699E+04  4.4988887E-05
  5.0699059E+04  4.3339292E-05
  5.1286141E+04  4.1856118E-05
  5.1880020E+04  4.0478593E-05
  5.2480719E+04  3.9106799E-05
  5.3088430E+04  3.7580878E-05
  5.3703180E+04  3.6467689E-05
  5.4325051E+04  3.5041012E-05
  5.4954059E+04  3.3944903E-05
  5.5590410E+04  3.2830882E-05
  5.6234129E+04  3.1725300E-05
  5.6885309E+04  3.0528699E-05
  5.7543961E+04  2.9667697E-05
  5.8210301E+04  2.8602703E-05
  5.8884359E+04  2.7534701E-05
  5.9566230E+04  2.6577685E-05
  6.0255988E+04  2.5663370E-05
  6.0953672E+04  2.4656993E-05
  6.1659500E+04  2.3861799E-05
  6.2373500E+04  2.2946897E-05
  6.3095762E+04  2.2046006E-05
  6.3826320E+04  2.1255006E-05
  6.4565410E+04  2.0437092E-05
  6.5313059E+04  1.9658009E-05
  6.6069367E+04  1.8925699E-05
  6.6834359E+04  1.8203893E-05
  6.7608289E+04  1.7489576E-05
  6.8391172E+04  1.6811702E-05
  6.9183117E+04  1.6154390E-05
  6.9984156E+04  1.5522795E-05
  7.0794562E+04  1.4918892E-05
  7.1614344E+04  1.4335901E-05
  7.2443617E+04  1.3772305E-05
  7.3282406E+04  1.3233596E-05
  7.4131008E+04  1.2710892E-05
  7.4989422E+04  1.2218705E-05
  7.5857781E+04  1.1811997E-05
  7.6736102E+04  1.1426000E-05
  7.7624688E+04  1.1057303E-05
  7.8523562E+04  1.0709506E-05
  7.9432844E+04  1.0371498E-05
  8.0352648E+04  1.0047291E-05
  8.1283023E+04  9.7473885E-06
  8.2224258E+04  9.4718998E-06
  8.3176391E+04  9.2157961E-06
  8.4139547E+04  8.9769992E-06
  8.5113773E+04  8.7591015E-06
  8.6099367E+04  8.5599040E-06
  8.7096367E+04  8.3428004E-06
  8.8104922E+04  8.1348016E-06
  8.9125047E+04  7.9523943E-06
  9.0157102E+04  7.7903032E-06
  9.1201094E+04  7.6505012E-06
  9.2257172E+04  7.5354974E-06
  9.3325383E+04  7.4371992E-06
  9.4406070E+04  7.3652986E-06
  9.5499273E+04  7.3112037E-06
  9.6605117E+04  7.2862008E-06
  9.7723672E+04  7.1329955E-06
  9.8855281E+04  6.9028033E-06
  1.0000000E+05  6.6794014E-06
  1.0115797E+05  6.4849028E-06
  1.0232924E+05  6.2932963E-06
  1.0351419E+05  6.0959023E-06
  1.0471285E+05  5.8999944E-06
  1.0592540E+05  5.6986019E-06
  1.0715198E+05  5.4962989E-06
  1.0839266E+05  5.2935993E-06
  1.0964781E+05  5.0899016E-06
  1.1091750E+05  4.9064006E-06
  1.1220190E+05  4.7489971E-06
  1.1350104E+05  4.5490965E-06
  1.1481534E+05  4.3370997E-06
  1.1614488E+05  4.1317012E-06
  1.1748980E+05  3.9296006E-06
  1.1885017E+05  3.7323953E-06
  1.2022642E+05  3.5519006E-06
  1.2161861E+05  3.4630993E-06
  1.2302692E+05  3.3772003E-06
  1.2445140E+05  3.2927992E-06
  1.2589252E+05  3.2110011E-06
  1.2735031E+05  3.1191016E-06
  1.2882499E+05  3.0220017E-06
  1.3031661E+05  2.9327957E-06
  1.3182564E+05  2.8607005E-06
  1.3335214E+05  2.7927008E-06
  1.3489633E+05  2.7227009E-06
  1.3645823E+05  2.6494008E-06
  1.3803839E+05  2.5749991E-06
  1.3963683E+05  2.5015988E-06
  1.4125378E+05  2.4413980E-06
  1.4288947E+05  2.3824991E-06
  1.4454392E+05  2.3215011E-06
  1.4621770E+05  2.2609997E-06
  1.4791086E+05  2.2003010E-06
  1.4962362E+05  2.1391006E-06
  1.5135606E+05  2.0869998E-06
  1.5310872E+05  2.0369996E-06
  1.5488169E+05  1.9863996E-06
  1.5667517E+05  1.9356000E-06
  1.5848925E+05  1.8847998E-06
  1.6032452E+05  1.8339991E-06
  1.6218103E+05  1.7911988E-06
  1.6405903E+05  1.7505001E-06
  1.6595861E+05  1.7049003E-06
  1.6788036E+05  1.6597975E-06
  1.6982438E+05  1.6148999E-06
  1.7179089E+05  1.5708995E-06
  1.7377998E+05  1.5266004E-06
  1.7579231E+05  1.4800996E-06
  1.7782794E+05  1.4345002E-06
  1.7988714E+05  1.3882006E-06
  1.8196998E+05  1.3477996E-06
  1.8407714E+05  1.3075000E-06
  1.8620870E+05  1.2669983E-06
  1.8836495E+05  1.2256999E-06
  1.9054595E+05  1.1858987E-06
  1.9275242E+05  1.1507002E-06
  1.9498444E+05  1.1150005E-06
  1.9724231E+05  1.0787003E-06
  1.9952631E+05  1.0423006E-06
