  3.1623001E+02  0.0000000E+00
  3.1695999E+02  0.0000000E+00
  3.1769000E+02  0.0000000E+00
  3.1842001E+02  0.0000000E+00
  3.1914999E+02  0.0000000E+00
  3.1989001E+02  0.0000000E+00
  3.2063000E+02  0.0000000E+00
  3.2137000E+02  0.0000000E+00
  3.2210999E+02  0.0000000E+00
  3.2285001E+02  0.0000000E+00
  3.2359000E+02  0.0000000E+00
  3.2434000E+02  0.0000000E+00
  3.2509000E+02  0.0000000E+00
  3.2584000E+02  0.0000000E+00
  3.2659000E+02  0.0000000E+00
  3.2734000E+02  0.0000000E+00
  3.2810001E+02  0.0000000E+00
  3.2885001E+02  0.0000000E+00
  3.2960999E+02  0.0000000E+00
  3.3037000E+02  0.0000000E+00
  3.3113000E+02  0.0000000E+00
  3.3189001E+02  0.0000000E+00
  3.3266000E+02  0.0000000E+00
  3.3342999E+02  0.0000000E+00
  3.3419000E+02  0.0000000E+00
  3.3497000E+02  0.0000000E+00
  3.3573999E+02  0.0000000E+00
  3.3651001E+02  0.0000000E+00
  3.3729001E+02  0.0000000E+00
  3.3806000E+02  0.0000000E+00
  3.3884000E+02  0.0000000E+00
  3.3963000E+02  0.0000000E+00
  3.4041000E+02  0.0000000E+00
  3.4119000E+02  0.0000000E+00
  3.4198001E+02  0.0000000E+00
  3.4276999E+02  0.0000000E+00
  3.4356000E+02  0.0000000E+00
  3.4435001E+02  0.0000000E+00
  3.4514001E+02  0.0000000E+00
  3.4594000E+02  0.0000000E+00
  3.4673999E+02  0.0000000E+00
  3.4754001E+02  0.0000000E+00
  3.4834000E+02  0.0000000E+00
  3.4914001E+02  0.0000000E+00
  3.4995001E+02  0.0000000E+00
  3.5075000E+02  0.0000000E+00
  3.5156000E+02  0.0000000E+00
  3.5237000E+02  0.0000000E+00
  3.5317999E+02  0.0000000E+00
  3.5400000E+02  0.0000000E+00
  3.5481000E+02  0.0000000E+00
  3.5563000E+02  0.0000000E+00
  3.5645001E+02  0.0000000E+00
  3.5726999E+02  0.0000000E+00
  3.5810001E+02  0.0000000E+00
  3.5892001E+02  0.0000000E+00
  3.5975000E+02  0.0000000E+00
  3.6057999E+02  0.0000000E+00
  3.6141000E+02  0.0000000E+00
  3.6223999E+02  0.0000000E+00
  3.6307999E+02  0.0000000E+00
  3.6392001E+02  0.0000000E+00
  3.6475000E+02  0.0000000E+00
  3.6559000E+02  0.0000000E+00
  3.6644000E+02  0.0000000E+00
  3.6728000E+02  0.0000000E+00
  3.6813000E+02  0.0000000E+00
  3.6898001E+02  0.0000000E+00
  3.6982999E+02  0.0000000E+00
  3.7067999E+02  0.0000000E+00
  3.7154001E+02  0.0000000E+00
  3.7239001E+02  0.0000000E+00
  3.7325000E+02  0.0000000E+00
  3.7410999E+02  0.0000000E+00
  3.7497000E+02  0.0000000E+00
  3.7584000E+02  0.0000000E+00
  3.7670001E+02  0.0000000E+00
  3.7757001E+02  0.0000000E+00
  3.7844000E+02  0.0000000E+00
  3.7931000E+02  0.0000000E+00
  3.8019000E+02  0.0000000E+00
  3.8107001E+02  0.0000000E+00
  3.8194000E+02  0.0000000E+00
  3.8282001E+02  0.0000000E+00
  3.8370999E+02  0.0000000E+00
  3.8459000E+02  0.0000000E+00
  3.8548001E+02  0.0000000E+00
  3.8637000E+02  0.0000000E+00
  3.8726001E+02  0.0000000E+00
  3.8814999E+02  0.0000000E+00
  3.8904999E+02  0.0000000E+00
  3.8994000E+02  0.0000000E+00
  3.9084000E+02  0.0000000E+00
  3.9173999E+02  0.0000000E+00
  3.9264999E+02  0.0000000E+00
  3.9354999E+02  0.0000000E+00
  3.9445999E+02  0.0000000E+00
  3.9537000E+02  0.0000000E+00
  3.9628000E+02  0.0000000E+00
  3.9719000E+02  0.0000000E+00
  3.9810999E+02  0.0000000E+00
  3.9901999E+02  0.0000000E+00
  3.9994000E+02  0.0000000E+00
  4.0087000E+02  0.0000000E+00
  4.0179001E+02  0.0000000E+00
  4.0272000E+02  0.0000000E+00
  4.0364999E+02  0.0000000E+00
  4.0457999E+02  0.0000000E+00
  4.0551001E+02  0.0000000E+00
  4.0644000E+02  0.0000000E+00
  4.0738000E+02  0.0000000E+00
  4.0832001E+02  0.0000000E+00
  4.0926001E+02  0.0000000E+00
  4.1020001E+02  0.0000000E+00
  4.1114999E+02  0.0000000E+00
  4.1210001E+02  0.0000000E+00
  4.1304999E+02  0.0000000E+00
  4.1400000E+02  0.0000000E+00
  4.1495001E+02  0.0000000E+00
  4.1591000E+02  0.0000000E+00
  4.1687000E+02  0.0000000E+00
  4.1782999E+02  0.0000000E+00
  4.1879001E+02  0.0000000E+00
  4.1976001E+02  0.0000000E+00
  4.2073001E+02  0.0000000E+00
  4.2170001E+02  0.0000000E+00
  4.2267001E+02  0.0000000E+00
  4.2364001E+02  0.0000000E+00
  4.2462000E+02  0.0000000E+00
  4.2560001E+02  0.0000000E+00
  4.2657999E+02  0.0000000E+00
  4.2756000E+02  0.0000000E+00
  4.2854999E+02  0.0000000E+00
  4.2954001E+02  0.0000000E+00
  4.3053000E+02  0.0000000E+00
  4.3151999E+02  0.0000000E+00
  4.3251001E+02  0.0000000E+00
  4.3351001E+02  0.0000000E+00
  4.3451001E+02  0.0000000E+00
  4.3551001E+02  0.0000000E+00
  4.3651999E+02  0.0000000E+00
  4.3751999E+02  0.0000000E+00
  4.3853000E+02  0.0000000E+00
  4.3954001E+02  0.0000000E+00
  4.4054999E+02  0.0000000E+00
  4.4157001E+02  0.0000000E+00
  4.4259000E+02  0.0000000E+00
  4.4360999E+02  0.0000000E+00
  4.4463000E+02  0.0000000E+00
  4.4566000E+02  0.0000000E+00
  4.4667999E+02  0.0000000E+00
  4.4770999E+02  0.0000000E+00
  4.4875000E+02  0.0000000E+00
  4.4978000E+02  0.0000000E+00
  4.5082001E+02  0.0000000E+00
  4.5185999E+02  0.0000000E+00
  4.5289999E+02  0.0000000E+00
  4.5394000E+02  0.0000000E+00
  4.5498999E+02  0.0000000E+00
  4.5604001E+02  0.0000000E+00
  4.5709000E+02  0.0000000E+00
  4.5814001E+02  0.0000000E+00
  4.5920001E+02  0.0000000E+00
  4.6026001E+02  0.0000000E+00
  4.6132001E+02  0.0000000E+00
  4.6238000E+02  0.0000000E+00
  4.6345001E+02  0.0000000E+00
  4.6451999E+02  0.0000000E+00
  4.6559000E+02  0.0000000E+00
  4.6666000E+02  0.0000000E+00
  4.6773999E+02  0.0000000E+00
  4.6881000E+02  0.0000000E+00
  4.6989001E+02  0.0000000E+00
  4.7098001E+02  0.0000000E+00
  4.7206000E+02  0.0000000E+00
  4.7314999E+02  0.0000000E+00
  4.7423999E+02  0.0000000E+00
  4.7534000E+02  0.0000000E+00
  4.7642999E+02  0.0000000E+00
  4.7753000E+02  0.0000000E+00
  4.7863000E+02  0.0000000E+00
  4.7973001E+02  0.0000000E+00
  4.8084000E+02  0.0000000E+00
  4.8195001E+02  0.0000000E+00
  4.8306000E+02  0.0000000E+00
  4.8417001E+02  0.0000000E+00
  4.8529001E+02  0.0000000E+00
  4.8641000E+02  0.0000000E+00
  4.8753000E+02  0.0000000E+00
  4.8864999E+02  0.0000000E+00
  4.8978000E+02  0.0000000E+00
  4.9091000E+02  0.0000000E+00
  4.9204001E+02  0.0000000E+00
  4.9317001E+02  0.0000000E+00
  4.9431000E+02  0.0000000E+00
  4.9545001E+02  0.0000000E+00
  4.9659000E+02  0.0000000E+00
  4.9773999E+02  0.0000000E+00
  4.9888000E+02  0.0000000E+00
  5.0003000E+02  0.0000000E+00
  5.0119000E+02  0.0000000E+00
  5.0234000E+02  0.0000000E+00
  5.0350000E+02  0.0000000E+00
  5.0466000E+02  0.0000000E+00
  5.0582001E+02  0.0000000E+00
  5.0698999E+02  0.0000000E+00
  5.0816000E+02  0.0000000E+00
  5.0932999E+02  0.0000000E+00
  5.1050000E+02  0.0000000E+00
  5.1167999E+02  0.0000000E+00
  5.1285999E+02  0.0000000E+00
  5.1403998E+02  0.0000000E+00
  5.1522998E+02  0.0000000E+00
  5.1641998E+02  0.0000000E+00
  5.1760999E+02  0.0000000E+00
  5.1879999E+02  0.0000000E+00
  5.2000000E+02  0.0000000E+00
  5.2119000E+02  0.0000000E+00
  5.2240002E+02  0.0000000E+00
  5.2359998E+02  0.0000000E+00
  5.2481000E+02  0.0000000E+00
  5.2602002E+02  0.0000000E+00
  5.2722998E+02  0.0000000E+00
  5.2845001E+02  0.0000000E+00
  5.2965997E+02  0.0000000E+00
  5.3088000E+02  0.0000000E+00
  5.3210999E+02  0.0000000E+00
  5.3333002E+02  0.0000000E+00
  5.3456000E+02  0.0000000E+00
  5.3579999E+02  0.0000000E+00
  5.3703003E+02  0.0000000E+00
  5.3827002E+02  0.0000000E+00
  5.3951001E+02  0.0000000E+00
  5.4075000E+02  0.0000000E+00
  5.4200000E+02  0.0000000E+00
  5.4325000E+02  0.0000000E+00
  5.4450000E+02  0.0000000E+00
  5.4576001E+02  0.0000000E+00
  5.4702002E+02  0.0000000E+00
  5.4828003E+02  0.0000000E+00
  5.4953998E+02  0.0000000E+00
  5.5081000E+02  0.0000000E+00
  5.5208002E+02  0.0000000E+00
  5.5334998E+02  0.0000000E+00
  5.5463000E+02  0.0000000E+00
  5.5590002E+02  0.0000000E+00
  5.5719000E+02  0.0000000E+00
  5.5846997E+02  0.0000000E+00
  5.5976001E+02  0.0000000E+00
  5.6104999E+02  0.0000000E+00
  5.6234003E+02  0.0000000E+00
  5.6364001E+02  0.0000000E+00
  5.6494000E+02  0.0000000E+00
  5.6623999E+02  0.0000000E+00
  5.6753998E+02  0.0000000E+00
  5.6884998E+02  0.0000000E+00
  5.7015997E+02  0.0000000E+00
  5.7147998E+02  0.0000000E+00
  5.7279999E+02  0.0000000E+00
  5.7412000E+02  0.0000000E+00
  5.7544000E+02  0.0000000E+00
  5.7677002E+02  0.0000000E+00
  5.7809998E+02  0.0000000E+00
  5.7942999E+02  0.0000000E+00
  5.8076001E+02  0.0000000E+00
  5.8209998E+02  0.0000000E+00
  5.8345001E+02  0.0000000E+00
  5.8478998E+02  0.0000000E+00
  5.8614001E+02  0.0000000E+00
  5.8748999E+02  0.0000000E+00
  5.8884003E+02  0.0000000E+00
  5.9020001E+02  0.0000000E+00
  5.9156000E+02  0.0000000E+00
  5.9292999E+02  0.0000000E+00
  5.9428998E+02  0.0000000E+00
  5.9565997E+02  0.0000000E+00
  5.9703998E+02  0.0000000E+00
  5.9840997E+02  0.0000000E+00
  5.9978998E+02  0.0000000E+00
  6.0116998E+02  0.0000000E+00
  6.0256000E+02  0.0000000E+00
  6.0395001E+02  0.0000000E+00
  6.0534003E+02  0.0000000E+00
  6.0673999E+02  0.0000000E+00
  6.0813000E+02  0.0000000E+00
  6.0953998E+02  0.0000000E+00
  6.1094000E+02  0.0000000E+00
  6.1234998E+02  0.0000000E+00
  6.1376001E+02  0.0000000E+00
  6.1517999E+02  0.0000000E+00
  6.1659003E+02  0.0000000E+00
  6.1802002E+02  0.0000000E+00
  6.1944000E+02  0.0000000E+00
  6.2087000E+02  0.0000000E+00
  6.2229999E+02  0.0000000E+00
  6.2372998E+02  0.0000000E+00
  6.2516998E+02  0.0000000E+00
  6.2660999E+02  0.0000000E+00
  6.2806000E+02  0.0000000E+00
  6.2951001E+02  0.0000000E+00
  6.3096002E+02  0.0000000E+00
  6.3240997E+02  0.0000000E+00
  6.3387000E+02  0.0000000E+00
  6.3533002E+02  0.0000000E+00
  6.3679999E+02  0.0000000E+00
  6.3826001E+02  0.0000000E+00
  6.3972998E+02  0.0000000E+00
  6.4121002E+02  0.0000000E+00
  6.4269000E+02  0.0000000E+00
  6.4416998E+02  0.0000000E+00
  6.4565002E+02  0.0000000E+00
  6.4714001E+02  0.0000000E+00
  6.4863000E+02  0.0000000E+00
  6.5013000E+02  0.0000000E+00
  6.5163000E+02  0.0000000E+00
  6.5313000E+02  0.0000000E+00
  6.5464001E+02  0.0000000E+00
  6.5615002E+02  0.0000000E+00
  6.5765997E+02  0.0000000E+00
  6.5916998E+02  0.0000000E+00
  6.6069000E+02  0.0000000E+00
  6.6221997E+02  0.0000000E+00
  6.6373999E+02  0.0000000E+00
  6.6527002E+02  0.0000000E+00
  6.6681000E+02  0.0000000E+00
  6.6834003E+02  0.0000000E+00
  6.6988000E+02  0.0000000E+00
  6.7142999E+02  0.0000000E+00
  6.7297998E+02  0.0000000E+00
  6.7453003E+02  0.0000000E+00
  6.7608002E+02  0.0000000E+00
  6.7764001E+02  0.0000000E+00
  6.7920001E+02  0.0000000E+00
  6.8077002E+02  0.0000000E+00
  6.8234003E+02  0.0000000E+00
  6.8390997E+02  0.0000000E+00
  6.8548999E+02  0.0000000E+00
  6.8707001E+02  0.0000000E+00
  6.8865002E+02  0.0000000E+00
  6.9023999E+02  0.0000000E+00
  6.9183002E+02  0.0000000E+00
  6.9342999E+02  0.0000000E+00
  6.9502002E+02  0.0000000E+00
  6.9663000E+02  0.0000000E+00
  6.9822998E+02  0.0000000E+00
  6.9984003E+02  0.0000000E+00
  7.0146002E+02  0.0000000E+00
  7.0307001E+02  0.0000000E+00
  7.0469000E+02  0.0000000E+00
  7.0632001E+02  0.0000000E+00
  7.0795001E+02  0.0000000E+00
  7.0958002E+02  0.0000000E+00
  7.1121002E+02  0.0000000E+00
  7.1284998E+02  0.0000000E+00
  7.1450000E+02  0.0000000E+00
  7.1614001E+02  0.0000000E+00
  7.1778998E+02  0.0000000E+00
  7.1945001E+02  0.0000000E+00
  7.2110999E+02  0.0000000E+00
  7.2277002E+02  0.0000000E+00
  7.2444000E+02  0.0000000E+00
  7.2610999E+02  0.0000000E+00
  7.2778003E+02  0.0000000E+00
  7.2946002E+02  0.0000000E+00
  7.3114001E+02  0.0000000E+00
  7.3282001E+02  0.0000000E+00
  7.3451001E+02  0.0000000E+00
  7.3621002E+02  0.0000000E+00
  7.3790002E+02  0.0000000E+00
  7.3960999E+02  0.0000000E+00
  7.4131000E+02  0.0000000E+00
  7.4302002E+02  0.0000000E+00
  7.4472998E+02  0.0000000E+00
  7.4645001E+02  0.0000000E+00
  7.4816998E+02  0.0000000E+00
  7.4989001E+02  0.0000000E+00
  7.5162000E+02  0.0000000E+00
  7.5335999E+02  0.0000000E+00
  7.5509003E+02  0.0000000E+00
  7.5683002E+02  0.0000000E+00
  7.5858002E+02  0.0000000E+00
  7.6033002E+02  0.0000000E+00
  7.6208002E+02  0.0000000E+00
  7.6384003E+02  0.0000000E+00
  7.6559998E+02  0.0000000E+00
  7.6735999E+02  0.0000000E+00
  7.6913000E+02  0.0000000E+00
  7.7090002E+02  0.0000000E+00
  7.7267999E+02  0.0000000E+00
  7.7446002E+02  0.0000000E+00
  7.7625000E+02  0.0000000E+00
  7.7803998E+02  0.0000000E+00
  7.7983002E+02  0.0000000E+00
  7.8163000E+02  0.0000000E+00
  7.8342999E+02  0.0000000E+00
  7.8523999E+02  0.0000000E+00
  7.8704999E+02  0.0000000E+00
  7.8885999E+02  0.0000000E+00
  7.9067999E+02  0.0000000E+00
  7.9250000E+02  0.0000000E+00
  7.9433002E+02  0.0000000E+00
  7.9615997E+02  0.0000000E+00
  7.9798999E+02  0.0000000E+00
  7.9983002E+02  0.0000000E+00
  8.0167999E+02  0.0000000E+00
  8.0353003E+02  0.0000000E+00
  8.0538000E+02  0.0000000E+00
  8.0723999E+02  0.0000000E+00
  8.0909998E+02  0.0000000E+00
  8.1096002E+02  0.0000000E+00
  8.1283002E+02  0.0000000E+00
  8.1470001E+02  0.0000000E+00
  8.1658002E+02  0.0000000E+00
  8.1846002E+02  0.0000000E+00
  8.2034998E+02  0.0000000E+00
  8.2223999E+02  0.0000000E+00
  8.2414001E+02  0.0000000E+00
  8.2603998E+02  0.0000000E+00
  8.2794000E+02  0.0000000E+00
  8.2984998E+02  0.0000000E+00
  8.3176001E+02  0.0000000E+00
  8.3367999E+02  0.0000000E+00
  8.3559998E+02  0.0000000E+00
  8.3753003E+02  0.0000000E+00
  8.3946002E+02  0.0000000E+00
  8.4140002E+02  0.0000000E+00
  8.4333002E+02  0.0000000E+00
  8.4528003E+02  0.0000000E+00
  8.4722998E+02  0.0000000E+00
  8.4917999E+02  0.0000000E+00
  8.5114001E+02  0.0000000E+00
  8.5309998E+02  0.0000000E+00
  8.5507001E+02  0.0000000E+00
  8.5703998E+02  0.0000000E+00
  8.5901001E+02  0.0000000E+00
  8.6098999E+02  0.0000000E+00
  8.6297998E+02  0.0000000E+00
  8.6496997E+02  0.0000000E+00
  8.6696002E+02  0.0000000E+00
  8.6896002E+02  0.0000000E+00
  8.7096002E+02  0.0000000E+00
  8.7296997E+02  0.0000000E+00
  8.7497998E+02  0.0000000E+00
  8.7700000E+02  0.0000000E+00
  8.7902002E+02  0.0000000E+00
  8.8104999E+02  0.0000000E+00
  8.8308002E+02  0.0000000E+00
  8.8512000E+02  0.0000000E+00
  8.8715997E+02  0.0000000E+00
  8.8920001E+02  0.0000000E+00
  8.9125000E+02  0.0000000E+00
  8.9331000E+02  0.0000000E+00
  8.9535999E+02  0.0000000E+00
  8.9742999E+02  0.0000000E+00
  8.9950000E+02  0.0000000E+00
  9.0157001E+02  2.2512373E-05
  9.0365002E+02  2.2376591E-05
  9.0572998E+02  2.2250493E-05
  9.0782001E+02  2.2141508E-05
  9.0990997E+02  2.2033084E-05
  9.1201001E+02  2.1925165E-05
  9.1410999E+02  2.1817774E-05
  9.1621997E+02  2.2633592E-05
  9.1833002E+02  2.4112789E-05
  9.2045001E+02  2.5581196E-05
  9.2257001E+02  2.7039297E-05
  9.2470001E+02  2.8487399E-05
  9.2683002E+02  2.9733994E-05
  9.2896997E+02  3.0966112E-05
  9.3110999E+02  3.2191587E-05
  9.3325000E+02  3.3408694E-05
  9.3540997E+02  3.4546192E-05
  9.3756000E+02  3.5372519E-05
  9.3971997E+02  3.6192894E-05
  9.4189001E+02  3.7007216E-05
  9.4406000E+02  3.7815396E-05
  9.4623999E+02  3.8368038E-05
  9.4841998E+02  3.8727278E-05
  9.5059998E+02  3.9083705E-05
  9.5279999E+02  3.9437087E-05
  9.5498999E+02  3.9787810E-05
  9.5719000E+02  3.9887494E-05
  9.5940002E+02  3.9985145E-05
  9.6160999E+02  4.0081803E-05
  9.6383002E+02  4.0177369E-05
  9.6604999E+02  3.8709084E-05
  9.6828003E+02  3.5511872E-05
  9.7051001E+02  3.2337113E-05
  9.7275000E+02  2.9183891E-05
  9.7498999E+02  2.6051286E-05
  9.7723999E+02  2.7728502E-05
  9.7948999E+02  2.9415611E-05
  9.8175000E+02  3.1090698E-05
  9.8401001E+02  3.2754408E-05
  9.8628003E+02  3.3326774E-05
  9.8854999E+02  3.3062795E-05
  9.9083002E+02  3.2800184E-05
  9.9312000E+02  3.2539090E-05
  9.9540997E+02  3.2460906E-05
  9.9770001E+02  3.3224915E-05
  1.0000000E+03  3.3983091E-05
  1.0023100E+03  3.4735676E-05
  1.0046200E+03  3.5482873E-05
  1.0069300E+03  3.5705085E-05
  1.0092500E+03  3.5822100E-05
  1.0115800E+03  3.5937999E-05
  1.0139100E+03  3.6052770E-05
  1.0162500E+03  3.5484900E-05
  1.0185900E+03  3.4326895E-05
  1.0209400E+03  3.3176286E-05
  1.0232900E+03  3.2033597E-05
  1.0256500E+03  3.1335698E-05
  1.0280200E+03  3.1785301E-05
  1.0303900E+03  3.2231306E-05
  1.0327600E+03  3.2673986E-05
  1.0351400E+03  3.3155204E-05
  1.0375300E+03  3.4293971E-05
  1.0399200E+03  3.5424408E-05
  1.0423199E+03  3.6546615E-05
  1.0447200E+03  3.7660844E-05
  1.0471300E+03  3.7463011E-05
  1.0495400E+03  3.7095087E-05
  1.0519600E+03  3.6729285E-05
  1.0543900E+03  3.6365691E-05
  1.0568199E+03  3.5595800E-05
  1.0592500E+03  3.4693294E-05
  1.0617000E+03  3.3796485E-05
  1.0641400E+03  3.2905693E-05
  1.0666000E+03  3.2759301E-05
  1.0690500E+03  3.3009510E-05
  1.0715200E+03  3.3257471E-05
  1.0739900E+03  3.3503391E-05
  1.0764700E+03  3.3174390E-05
  1.0789500E+03  3.2452994E-05
  1.0814301E+03  3.1736308E-05
  1.0839301E+03  3.1024203E-05
  1.0864301E+03  3.1096399E-05
  1.0889301E+03  3.1753701E-05
  1.0914399E+03  3.2406209E-05
  1.0939600E+03  3.3053901E-05
  1.0964800E+03  3.3109511E-05
  1.0990100E+03  3.2750704E-05
  1.1015400E+03  3.2393971E-05
  1.1040800E+03  3.2039399E-05
  1.1066200E+03  3.1782998E-05
  1.1091801E+03  3.1582214E-05
  1.1117300E+03  3.1380492E-05
  1.1142900E+03  3.1179854E-05
  1.1168600E+03  3.0577106E-05
  1.1194399E+03  2.9825611E-05
  1.1220200E+03  2.9079109E-05
  1.1246000E+03  2.8337503E-05
  1.1272000E+03  2.8817401E-05
  1.1298000E+03  2.9512013E-05
  1.1324000E+03  3.0201509E-05
  1.1350100E+03  3.0882009E-05
  1.1376300E+03  3.0577408E-05
  1.1402500E+03  3.0274516E-05
  1.1428800E+03  2.9973502E-05
  1.1455100E+03  2.9704659E-05
  1.1481500E+03  2.9564000E-05
  1.1508000E+03  2.9424009E-05
  1.1534500E+03  2.9284454E-05
  1.1561100E+03  2.9115592E-05
  1.1587800E+03  2.8905464E-05
  1.1614500E+03  2.8696599E-05
  1.1641300E+03  2.8488806E-05
  1.1668101E+03  2.7264103E-05
  1.1695000E+03  2.5556406E-05
  1.1722000E+03  2.3860699E-05
  1.1749000E+03  2.2176373E-05
  1.1776100E+03  2.3338707E-05
  1.1803199E+03  2.4604395E-05
  1.1830400E+03  2.5860889E-05
  1.1857700E+03  2.6586587E-05
  1.1885000E+03  2.5979705E-05
  1.1912400E+03  2.5376812E-05
  1.1939900E+03  2.4777788E-05
  1.1967400E+03  2.4127672E-05
  1.1995000E+03  2.3450211E-05
  1.2022600E+03  2.2777011E-05
  1.2050400E+03  2.2110704E-05
  1.2078101E+03  2.1630203E-05
  1.2106000E+03  2.1152897E-05
  1.2133900E+03  2.0679105E-05
  1.2161899E+03  2.0824789E-05
  1.2189900E+03  2.1801874E-05
  1.2218000E+03  2.2772010E-05
  1.2246200E+03  2.3735487E-05
  1.2274399E+03  2.4274988E-05
  1.2302700E+03  2.4745108E-05
  1.2331000E+03  2.5211597E-05
  1.2359500E+03  2.5524298E-05
  1.2388000E+03  2.5533913E-05
  1.2416500E+03  2.5543279E-05
  1.2445100E+03  2.5552310E-05
  1.2473800E+03  2.5398889E-05
  1.2502600E+03  2.5213369E-05
  1.2531400E+03  2.5028901E-05
  1.2560300E+03  2.4852086E-05
  1.2589301E+03  2.4688607E-05
  1.2618300E+03  2.4525800E-05
  1.2647400E+03  2.4364012E-05
  1.2676500E+03  2.4644190E-05
  1.2705699E+03  2.4965995E-05
  1.2735000E+03  2.5285310E-05
  1.2764399E+03  2.5437905E-05
  1.2793800E+03  2.5418696E-05
  1.2823300E+03  2.5399308E-05
  1.2852900E+03  2.5309808E-05
  1.2882500E+03  2.4569597E-05
  1.2912200E+03  2.3834202E-05
  1.2942000E+03  2.3103688E-05
  1.2971801E+03  2.2893195E-05
  1.3001700E+03  2.2873597E-05
  1.3031700E+03  2.2853992E-05
  1.3061700E+03  2.3055896E-05
  1.3091801E+03  2.3602588E-05
  1.3122000E+03  2.4145482E-05
  1.3152200E+03  2.4628611E-05
  1.3182600E+03  2.4416900E-05
  1.3213000E+03  2.4206400E-05
  1.3243400E+03  2.3997107E-05
  1.3273900E+03  2.3661798E-05
  1.3304500E+03  2.3286695E-05
  1.3335200E+03  2.2913891E-05
  1.3366000E+03  2.3012801E-05
  1.3396801E+03  2.3544713E-05
  1.3427700E+03  2.4072899E-05
  1.3458600E+03  2.4420493E-05
  1.3489600E+03  2.4308007E-05
  1.3520699E+03  2.4196010E-05
  1.3551899E+03  2.4077075E-05
  1.3583101E+03  2.3843468E-05
  1.3614399E+03  2.3611296E-05
  1.3645800E+03  2.3380411E-05
  1.3677300E+03  2.3447301E-05
  1.3708800E+03  2.3558599E-05
  1.3740400E+03  2.3668996E-05
  1.3772100E+03  2.3710587E-05
  1.3803800E+03  2.3722487E-05
  1.3835699E+03  2.3733975E-05
  1.3867600E+03  2.3212309E-05
  1.3899500E+03  2.2259901E-05
  1.3931600E+03  2.1313594E-05
  1.3963700E+03  2.0778996E-05
  1.3995900E+03  2.0792393E-05
  1.4028101E+03  2.0805501E-05
  1.4060500E+03  2.1248403E-05
  1.4092900E+03  2.2583672E-05
  1.4125400E+03  2.3909608E-05
  1.4157900E+03  2.4892805E-05
  1.4190601E+03  2.4836401E-05
  1.4223300E+03  2.4780182E-05
  1.4256100E+03  2.4784209E-05
  1.4288900E+03  2.5051693E-05
  1.4321899E+03  2.5317006E-05
  1.4354900E+03  2.5674191E-05
  1.4388000E+03  2.6566511E-05
  1.4421200E+03  2.7407086E-05
  1.4454399E+03  2.6987007E-05
  1.4487700E+03  2.7144089E-05
  1.4521100E+03  2.7810795E-05
  1.4554600E+03  2.8308210E-05
  1.4588101E+03  2.7693301E-05
  1.4621801E+03  2.7082498E-05
  1.4655500E+03  2.6651089E-05
  1.4689301E+03  2.7125499E-05
  1.4723101E+03  2.7596201E-05
  1.4757100E+03  2.8059170E-05
  1.4791100E+03  2.8502885E-05
  1.4825200E+03  2.8943286E-05
  1.4859399E+03  2.9349991E-05
  1.4893600E+03  2.9673594E-05
  1.4927900E+03  2.9994704E-05
  1.4962400E+03  3.0407668E-05
  1.4996801E+03  3.0986110E-05
  1.5031400E+03  3.1560201E-05
  1.5066100E+03  3.1709314E-05
  1.5100800E+03  3.1371812E-05
  1.5135601E+03  3.0994990E-05
  1.5170500E+03  3.0590370E-05
  1.5205500E+03  3.1582909E-05
  1.5240500E+03  3.2568398E-05
  1.5275699E+03  3.3146611E-05
  1.5310900E+03  3.3572916E-05
  1.5346200E+03  3.3995853E-05
  1.5381500E+03  3.4114983E-05
  1.5417000E+03  3.4196284E-05
  1.5452500E+03  3.4358116E-05
  1.5488199E+03  3.5573215E-05
  1.5523900E+03  3.6779282E-05
  1.5559700E+03  3.7642905E-05
  1.5595500E+03  3.7598787E-05
  1.5631500E+03  3.7554601E-05
  1.5667500E+03  3.9132396E-05
  1.5703600E+03  4.2411102E-05
  1.5739800E+03  4.5667519E-05
  1.5776100E+03  4.8142643E-05
  1.5812500E+03  5.0305869E-05
  1.5848900E+03  5.2454223E-05
  1.5885500E+03  5.3633121E-05
  1.5922100E+03  5.4793676E-05
  1.5958800E+03  5.5244927E-05
  1.5995601E+03  5.3472071E-05
  1.6032500E+03  5.1710835E-05
  1.6069399E+03  5.2171174E-05
  1.6106500E+03  5.4622305E-05
  1.6143600E+03  5.7055320E-05
  1.6180800E+03  5.6990397E-05
  1.6218101E+03  5.6409630E-05
  1.6255500E+03  5.6182849E-05
  1.6293000E+03  5.7990605E-05
  1.6330500E+03  5.9785594E-05
  1.6368199E+03  6.3242871E-05
  1.6405900E+03  6.8468034E-05
  1.6443700E+03  7.3656629E-05
  1.6481600E+03  6.9146598E-05
  1.6519600E+03  6.2751365E-05
  1.6557700E+03  5.9794522E-05
  1.6595900E+03  7.0237271E-05
  1.6634100E+03  8.0604572E-05
  1.6672500E+03  7.9774843E-05
  1.6710900E+03  7.1105387E-05
  1.6749399E+03  8.8619308E-05
  1.6788000E+03  1.0391918E-04
  1.6826700E+03  1.0756755E-04
  1.6865500E+03  1.0848540E-04
  1.6904399E+03  1.0535341E-04
  1.6943400E+03  1.0224164E-04
  1.6982400E+03  1.0408562E-04
  1.7021600E+03  1.0695821E-04
  1.7060800E+03  1.1099193E-04
  1.7100200E+03  1.1801788E-04
  1.7139600E+03  1.2499231E-04
  1.7179100E+03  3.2889799E-04
  1.7218700E+03  3.2889799E-04
  1.7258400E+03  7.1607227E-04
  1.7298199E+03  3.2889799E-04
  1.7338000E+03  3.2889799E-04
  1.7378000E+03  3.2889799E-04
  1.7418101E+03  3.2889799E-04
  1.7458199E+03  3.2889799E-04
  1.7498500E+03  3.2889799E-04
  1.7538800E+03  3.2889799E-04
  1.7579200E+03  6.4801838E-04
  1.7619800E+03  3.5910134E-04
  1.7660400E+03  3.5910134E-04
  1.7701100E+03  3.5910134E-04
  1.7741899E+03  3.5910134E-04
  1.7782800E+03  3.5910134E-04
  1.7823800E+03  3.4737337E-04
  1.7864900E+03  3.5910134E-04
  1.7906100E+03  5.4263737E-04
  1.7947300E+03  5.4263737E-04
  1.7988700E+03  5.4263737E-04
  1.8030200E+03  5.4263737E-04
  1.8071700E+03  5.4263737E-04
  1.8113400E+03  5.2146002E-04
  1.8155200E+03  4.6276138E-04
  1.8197000E+03  4.6276138E-04
  1.8239000E+03  4.0041993E-04
  1.8281000E+03  4.0041993E-04
  1.8323101E+03  3.5910134E-04
  1.8365400E+03  3.5910134E-04
  1.8407700E+03  3.5910134E-04
  1.8450200E+03  3.5910134E-04
  1.8492700E+03  3.5910134E-04
  1.8535300E+03  3.5910134E-04
  1.8578000E+03  3.9104457E-04
  1.8620900E+03  3.9104457E-04
  1.8663800E+03  3.9499119E-04
  1.8706801E+03  3.9499119E-04
  1.8749900E+03  3.9499119E-04
  1.8793199E+03  3.9499119E-04
  1.8836500E+03  3.9499119E-04
  1.8879900E+03  3.9104457E-04
  1.8923400E+03  3.5648816E-04
  1.8967100E+03  3.5648816E-04
  1.9010800E+03  3.7765710E-04
  1.9054600E+03  3.5648816E-04
  1.9098500E+03  3.5648816E-04
  1.9142600E+03  3.7765710E-04
  1.9186700E+03  3.5648816E-04
  1.9230900E+03  3.9104457E-04
  1.9275200E+03  3.9104457E-04
  1.9319700E+03  3.9499119E-04
  1.9364200E+03  4.1059605E-04
  1.9408900E+03  4.0455512E-04
  1.9453600E+03  4.1738566E-04
  1.9498400E+03  4.2240016E-04
  1.9543400E+03  4.2935857E-04
  1.9588400E+03  4.6152787E-04
  1.9633600E+03  4.6152787E-04
  1.9678900E+03  4.6152787E-04
  1.9724200E+03  4.6152787E-04
  1.9769700E+03  4.9138971E-04
  1.9815300E+03  5.0631585E-04
  1.9860900E+03  5.1098887E-04
  1.9906700E+03  5.1931711E-04
  1.9952600E+03  5.1931711E-04
  1.9998600E+03  5.3448387E-04
  2.0044700E+03  5.1931711E-04
  2.0090900E+03  5.1931711E-04
  2.0137200E+03  5.3448387E-04
  2.0183700E+03  5.5378320E-04
  2.0230200E+03  5.5378320E-04
  2.0276801E+03  5.6483882E-04
  2.0323600E+03  5.6654902E-04
  2.0370400E+03  5.6654902E-04
  2.0417400E+03  5.6654902E-04
  2.0464399E+03  5.6654902E-04
  2.0511599E+03  5.6654902E-04
  2.0558899E+03  5.6483882E-04
  2.0606299E+03  5.7126058E-04
  2.0653799E+03  5.7223142E-04
  2.0701399E+03  5.7223142E-04
  2.0749099E+03  5.8079907E-04
  2.0797000E+03  5.7223142E-04
  2.0844900E+03  5.8079907E-04
  2.0893000E+03  5.7697028E-04
  2.0941101E+03  5.7223142E-04
  2.0989399E+03  5.7697028E-04
  2.1037800E+03  5.8278057E-04
  2.1086299E+03  5.8278057E-04
  2.1134900E+03  5.8278057E-04
  2.1183601E+03  5.8278057E-04
  2.1232400E+03  5.8278057E-04
  2.1281399E+03  5.7697028E-04
  2.1330400E+03  5.7697028E-04
  2.1379600E+03  5.6078110E-04
  2.1428899E+03  5.7697028E-04
  2.1478301E+03  5.7697028E-04
  2.1527800E+03  5.7697028E-04
  2.1577400E+03  5.7697028E-04
  2.1627200E+03  5.6078110E-04
  2.1677000E+03  5.8417110E-04
  2.1727000E+03  5.8417110E-04
  2.1777100E+03  5.8131584E-04
  2.1827300E+03  5.7697028E-04
  2.1877600E+03  5.6078110E-04
  2.1928000E+03  5.4800563E-04
  2.1978601E+03  5.4800563E-04
  2.2029299E+03  5.4072705E-04
  2.2080000E+03  5.3776318E-04
  2.2130901E+03  5.3776318E-04
  2.2182000E+03  5.2011374E-04
  2.2233101E+03  5.2011374E-04
  2.2284399E+03  5.2011374E-04
  2.2335701E+03  5.1600777E-04
  2.2387200E+03  5.2011374E-04
  2.2438799E+03  5.3776318E-04
  2.2490500E+03  5.3848844E-04
  2.2542400E+03  5.3932302E-04
  2.2594399E+03  5.3776318E-04
  2.2646399E+03  5.3932302E-04
  2.2698601E+03  5.3776318E-04
  2.2751001E+03  5.3776318E-04
  2.2803401E+03  5.3776318E-04
  2.2856001E+03  5.3776318E-04
  2.2908701E+03  5.3776318E-04
  2.2961499E+03  5.3848844E-04
  2.3014399E+03  5.3932302E-04
  2.3067500E+03  5.4844294E-04
  2.3120601E+03  5.4968207E-04
  2.3173899E+03  5.6080974E-04
  2.3227400E+03  5.6287163E-04
  2.3280901E+03  5.6920579E-04
  2.3334600E+03  5.8099907E-04
  2.3388401E+03  5.8186660E-04
  2.3442300E+03  5.8186660E-04
  2.3496299E+03  5.9127860E-04
  2.3550500E+03  6.0015748E-04
  2.3604800E+03  6.0161424E-04
  2.3659199E+03  5.9085613E-04
  2.3713701E+03  5.9085613E-04
  2.3768401E+03  5.8454933E-04
  2.3823201E+03  6.0607353E-04
  2.3878101E+03  6.1745296E-04
  2.3933201E+03  6.1561406E-04
  2.3988301E+03  6.2297011E-04
  2.4043601E+03  6.2539341E-04
  2.4099099E+03  6.2579388E-04
  2.4154600E+03  6.4324378E-04
  2.4210300E+03  6.4344931E-04
  2.4266101E+03  6.6017488E-04
  2.4322000E+03  6.5766118E-04
  2.4378101E+03  6.6017488E-04
  2.4434299E+03  6.7356409E-04
  2.4490601E+03  6.5940298E-04
  2.4547100E+03  6.7836262E-04
  2.4603701E+03  6.8587589E-04
  2.4660400E+03  6.8872236E-04
  2.4717200E+03  6.9399073E-04
  2.4774199E+03  7.2286144E-04
  2.4831299E+03  7.2742987E-04
  2.4888601E+03  7.2742987E-04
  2.4945901E+03  7.3082943E-04
  2.5003501E+03  7.3082943E-04
  2.5061101E+03  7.3424040E-04
  2.5118899E+03  7.3769205E-04
  2.5176799E+03  7.4559345E-04
  2.5234800E+03  7.4131537E-04
  2.5293000E+03  7.7218743E-04
  2.5351299E+03  7.8429945E-04
  2.5409700E+03  8.3387300E-04
  2.5468301E+03  8.5264829E-04
  2.5527000E+03  8.5780007E-04
  2.5585901E+03  8.6870405E-04
  2.5644800E+03  8.8056037E-04
  2.5703899E+03  8.8988699E-04
  2.5763201E+03  9.0794399E-04
  2.5822600E+03  9.1007684E-04
  2.5882100E+03  9.0794399E-04
  2.5941799E+03  9.0195116E-04
  2.6001599E+03  9.1007684E-04
  2.6061499E+03  9.0794399E-04
  2.6121599E+03  9.2685479E-04
  2.6181799E+03  9.2685479E-04
  2.6242200E+03  9.4297086E-04
  2.6302700E+03  9.4655372E-04
  2.6363301E+03  9.4740681E-04
  2.6424099E+03  9.4849971E-04
  2.6485000E+03  9.4655372E-04
  2.6546101E+03  9.5102115E-04
  2.6607200E+03  9.7433117E-04
  2.6668601E+03  9.4849971E-04
  2.6730100E+03  1.0004464E-03
  2.6791699E+03  1.0311715E-03
  2.6853401E+03  1.0509478E-03
  2.6915300E+03  1.1037283E-03
  2.6977400E+03  1.1087483E-03
  2.7039600E+03  1.1474345E-03
  2.7101899E+03  1.1888717E-03
  2.7164399E+03  1.2120623E-03
  2.7227000E+03  1.1946855E-03
  2.7289800E+03  1.2120623E-03
  2.7352700E+03  1.2125548E-03
  2.7415701E+03  1.2298971E-03
  2.7478899E+03  1.2423181E-03
  2.7542300E+03  1.2404297E-03
  2.7605801E+03  1.2408996E-03
  2.7669399E+03  1.2424040E-03
  2.7733201E+03  1.2536498E-03
  2.7797100E+03  1.2536498E-03
  2.7861201E+03  1.2662995E-03
  2.7925400E+03  1.3024352E-03
  2.7989800E+03  1.3050067E-03
  2.8054299E+03  1.3303611E-03
  2.8118999E+03  1.3120840E-03
  2.8183799E+03  1.3322504E-03
  2.8248799E+03  1.3360238E-03
  2.8313899E+03  1.3322504E-03
  2.8379199E+03  1.3376347E-03
  2.8444600E+03  1.3450219E-03
  2.8510200E+03  1.3499915E-03
  2.8575901E+03  1.3702996E-03
  2.8641799E+03  1.3861118E-03
  2.8707800E+03  1.3929459E-03
  2.8773999E+03  1.4173858E-03
  2.8840300E+03  1.4375866E-03
  2.8906799E+03  1.4459321E-03
  2.8973401E+03  1.4687377E-03
  2.9040200E+03  1.4850857E-03
  2.9107200E+03  1.4936659E-03
  2.9174299E+03  1.5147269E-03
  2.9241499E+03  1.5507771E-03
  2.9308899E+03  1.5899364E-03
  2.9376499E+03  1.5900945E-03
  2.9444199E+03  1.5946770E-03
  2.9512100E+03  1.6050037E-03
  2.9580100E+03  1.6432088E-03
  2.9648301E+03  1.6767801E-03
  2.9716699E+03  1.6891753E-03
  2.9785200E+03  1.6964827E-03
  2.9853799E+03  1.6968785E-03
  2.9922600E+03  1.7069860E-03
  2.9991599E+03  1.7193987E-03
  3.0060801E+03  1.7503974E-03
  3.0130100E+03  1.7799994E-03
  3.0199500E+03  1.8178805E-03
  3.0269099E+03  1.8278648E-03
  3.0338899E+03  1.8178805E-03
  3.0408899E+03  1.8264885E-03
  3.0478899E+03  1.8147298E-03
  3.0549199E+03  1.8278648E-03
  3.0619600E+03  1.8420522E-03
  3.0690200E+03  1.8528057E-03
  3.0761001E+03  1.8624807E-03
  3.0831899E+03  1.8900915E-03
  3.0903000E+03  1.8994156E-03
  3.0974199E+03  1.9342914E-03
  3.1045601E+03  1.9462757E-03
  3.1117200E+03  1.9772074E-03
  3.1188899E+03  2.0048101E-03
  3.1260801E+03  2.0075513E-03
  3.1332800E+03  2.0357443E-03
  3.1405100E+03  2.0395073E-03
  3.1477500E+03  2.0445306E-03
  3.1550000E+03  2.0765995E-03
  3.1622800E+03  2.1212110E-03
  3.1695701E+03  2.1429276E-03
  3.1768701E+03  2.1521291E-03
  3.1842000E+03  2.1742817E-03
  3.1915400E+03  2.1744154E-03
  3.1988899E+03  2.1748701E-03
  3.2062700E+03  2.1799540E-03
  3.2136599E+03  2.1811833E-03
  3.2210701E+03  2.1813738E-03
  3.2284900E+03  2.1856879E-03
  3.2359399E+03  2.1975245E-03
  3.2433999E+03  2.2123782E-03
  3.2508701E+03  2.2389602E-03
  3.2583701E+03  2.2555869E-03
  3.2658799E+03  2.3380758E-03
  3.2734099E+03  2.3922671E-03
  3.2809500E+03  2.4193234E-03
  3.2885200E+03  2.4438424E-03
  3.2961001E+03  2.4738465E-03
  3.3036899E+03  2.4811041E-03
  3.3113101E+03  2.5016745E-03
  3.3189399E+03  2.5090948E-03
  3.3265901E+03  2.5186518E-03
  3.3342600E+03  2.5269503E-03
  3.3419500E+03  2.5308612E-03
  3.3496499E+03  2.5384908E-03
  3.3573799E+03  2.5435740E-03
  3.3651201E+03  2.5651946E-03
  3.3728701E+03  2.6122220E-03
  3.3806499E+03  2.6291800E-03
  3.3884399E+03  2.6373721E-03
  3.3962500E+03  2.6373721E-03
  3.4040801E+03  2.6618540E-03
  3.4119299E+03  2.6373721E-03
  3.4197900E+03  2.7144849E-03
  3.4276799E+03  2.7181027E-03
  3.4355801E+03  2.7929645E-03
  3.4435000E+03  2.7939538E-03
  3.4514399E+03  2.8073853E-03
  3.4593899E+03  2.7786072E-03
  3.4673701E+03  2.7786072E-03
  3.4753601E+03  2.7786072E-03
  3.4833701E+03  2.8111762E-03
  3.4913999E+03  2.8388372E-03
  3.4994500E+03  2.8573463E-03
  3.5075200E+03  2.8791784E-03
  3.5156001E+03  2.9053816E-03
  3.5237100E+03  2.9300470E-03
  3.5318301E+03  2.9300470E-03
  3.5399700E+03  2.9300470E-03
  3.5481299E+03  2.9659995E-03
  3.5563101E+03  2.9659995E-03
  3.5645100E+03  2.9847969E-03
  3.5727300E+03  2.9847969E-03
  3.5809600E+03  3.0146495E-03
  3.5892200E+03  3.0387826E-03
  3.5974900E+03  3.0898561E-03
  3.6057900E+03  3.0862400E-03
  3.6141001E+03  3.1382646E-03
  3.6224299E+03  3.1483318E-03
  3.6307800E+03  3.1728591E-03
  3.6391499E+03  3.1803334E-03
  3.6475400E+03  3.1803334E-03
  3.6559500E+03  3.2116850E-03
  3.6643701E+03  3.2237994E-03
  3.6728201E+03  3.2396729E-03
  3.6812900E+03  3.2558744E-03
  3.6897800E+03  3.3077337E-03
  3.6982800E+03  3.3812816E-03
  3.7068101E+03  3.4299430E-03
  3.7153501E+03  3.4662776E-03
  3.7239199E+03  3.4972883E-03
  3.7325000E+03  3.5173111E-03
  3.7411101E+03  3.5272674E-03
  3.7497300E+03  3.5305396E-03
  3.7583701E+03  3.5355068E-03
  3.7670400E+03  3.5605689E-03
  3.7757200E+03  3.5979731E-03
  3.7844199E+03  3.6956095E-03
  3.7931499E+03  3.7893888E-03
  3.8018899E+03  3.8957703E-03
  3.8106599E+03  3.9144666E-03
  3.8194399E+03  3.9282786E-03
  3.8282500E+03  3.9568441E-03
  3.8370701E+03  3.9630635E-03
  3.8459199E+03  3.9797639E-03
  3.8547800E+03  4.0079094E-03
  3.8636699E+03  4.0461952E-03
  3.8725701E+03  4.2271195E-03
  3.8815000E+03  4.2478372E-03
  3.8904500E+03  4.2819008E-03
  3.8994199E+03  4.2869765E-03
  3.9084099E+03  4.2869765E-03
  3.9174199E+03  4.2869765E-03
  3.9264500E+03  4.3127537E-03
  3.9355000E+03  4.3167900E-03
  3.9445701E+03  4.3567610E-03
  3.9536699E+03  4.3733963E-03
  3.9627800E+03  4.4371248E-03
  3.9719199E+03  4.5291861E-03
  3.9810701E+03  4.5617027E-03
  3.9902500E+03  4.5665712E-03
  3.9994500E+03  4.5672683E-03
  4.0086699E+03  4.7080941E-03
  4.0179099E+03  4.7080941E-03
  4.0271699E+03  4.8160274E-03
  4.0364500E+03  4.8772576E-03
  4.0457600E+03  4.9868920E-03
  4.0550901E+03  4.9953312E-03
  4.0644299E+03  5.0505633E-03
  4.0738000E+03  5.0742417E-03
  4.0831899E+03  5.0854161E-03
  4.0926101E+03  5.1058652E-03
  4.1020400E+03  5.1058652E-03
  4.1115000E+03  5.0889598E-03
  4.1209800E+03  5.1311743E-03
  4.1304702E+03  5.1459307E-03
  4.1400000E+03  5.1618628E-03
  4.1495400E+03  5.2336203E-03
  4.1591099E+03  5.2336203E-03
  4.1686899E+03  5.3508100E-03
  4.1782998E+03  5.3508100E-03
  4.1879399E+03  5.4136594E-03
  4.1975898E+03  5.4437420E-03
  4.2072598E+03  5.4210857E-03
  4.2169600E+03  5.4437420E-03
  4.2266899E+03  5.5043218E-03
  4.2364302E+03  5.6535127E-03
  4.2462002E+03  5.6535127E-03
  4.2559800E+03  5.7433657E-03
  4.2657900E+03  5.8297128E-03
  4.2756299E+03  5.8297128E-03
  4.2854800E+03  5.8105676E-03
  4.2953599E+03  5.8725500E-03
  4.3052598E+03  5.9715365E-03
  4.3151899E+03  6.0492107E-03
  4.3251401E+03  6.0790456E-03
  4.3351099E+03  6.1908285E-03
  4.3451001E+03  6.2749432E-03
  4.3551201E+03  6.2865252E-03
  4.3651602E+03  6.3047390E-03
  4.3752202E+03  6.3308035E-03
  4.3853101E+03  6.3308035E-03
  4.3954199E+03  6.3308035E-03
  4.4055498E+03  6.3685202E-03
  4.4157002E+03  6.3927560E-03
  4.4258799E+03  6.4137494E-03
  4.4360801E+03  6.4959093E-03
  4.4463101E+03  6.4959093E-03
  4.4565601E+03  6.4969864E-03
  4.4668301E+03  6.5526105E-03
  4.4771299E+03  6.5571661E-03
  4.4874502E+03  6.5799272E-03
  4.4977998E+03  6.5925969E-03
  4.5081699E+03  6.5799272E-03
  4.5185601E+03  6.5845707E-03
  4.5289702E+03  6.5925969E-03
  4.5394102E+03  6.6130334E-03
  4.5498799E+03  6.6334098E-03
  4.5603701E+03  6.6932617E-03
  4.5708799E+03  6.7130816E-03
  4.5814199E+03  6.7395023E-03
  4.5919800E+03  6.7407824E-03
  4.6025601E+03  6.7395023E-03
  4.6131802E+03  6.7813066E-03
  4.6238101E+03  6.7875935E-03
  4.6344702E+03  6.8048607E-03
  4.6451499E+03  6.8277055E-03
  4.6558599E+03  6.8838326E-03
  4.6665898E+03  6.9489195E-03
  4.6773501E+03  7.0219962E-03
  4.6881299E+03  7.0622060E-03
  4.6989399E+03  7.1185688E-03
  4.7097700E+03  7.1732188E-03
  4.7206299E+03  7.1732188E-03
  4.7315098E+03  7.1581602E-03
  4.7424199E+03  7.1713999E-03
  4.7533501E+03  7.2010076E-03
  4.7643101E+03  7.1878829E-03
  4.7752900E+03  7.1878829E-03
  4.7862998E+03  7.1947365E-03
  4.7973301E+03  7.1701123E-03
  4.8083901E+03  7.1437843E-03
  4.8194800E+03  7.1947365E-03
  4.8305898E+03  7.1976325E-03
  4.8417202E+03  7.1801650E-03
  4.8528799E+03  7.1947365E-03
  4.8640698E+03  7.1976325E-03
  4.8752798E+03  7.1801650E-03
  4.8865200E+03  7.1724118E-03
  4.8977900E+03  7.1883565E-03
  4.9090801E+03  7.2191479E-03
  4.9203901E+03  7.2118989E-03
  4.9317402E+03  7.2118989E-03
  4.9431099E+03  7.2284397E-03
  4.9545000E+03  7.2283484E-03
  4.9659199E+03  7.2726258E-03
  4.9773701E+03  7.2784531E-03
  4.9888398E+03  7.3142708E-03
  5.0003398E+03  7.2784531E-03
  5.0118701E+03  7.2784531E-03
  5.0234302E+03  7.3190383E-03
  5.0350000E+03  7.3215500E-03
  5.0466099E+03  7.3154876E-03
  5.0582500E+03  7.3190383E-03
  5.0699102E+03  7.3180180E-03
  5.0815898E+03  7.2714798E-03
  5.0933101E+03  7.2810226E-03
  5.1050498E+03  7.2957310E-03
  5.1168198E+03  7.2874851E-03
  5.1286099E+03  7.2768908E-03
  5.1404399E+03  7.2768908E-03
  5.1522900E+03  7.2768908E-03
  5.1641602E+03  7.2714798E-03
  5.1760698E+03  7.2065638E-03
  5.1880000E+03  7.2027114E-03
  5.1999600E+03  7.1980669E-03
  5.2119502E+03  7.2027114E-03
  5.2239600E+03  7.1980669E-03
  5.2360000E+03  7.1934531E-03
  5.2480698E+03  7.1594412E-03
  5.2601699E+03  7.1594412E-03
  5.2722998E+03  7.1903616E-03
  5.2844502E+03  7.2292490E-03
  5.2966299E+03  7.2292490E-03
  5.3088398E+03  7.2258250E-03
  5.3210801E+03  7.2258250E-03
  5.3333501E+03  7.2311782E-03
  5.3456401E+03  7.2311782E-03
  5.3579600E+03  7.2425883E-03
  5.3703198E+03  7.2624357E-03
  5.3827002E+03  7.2425883E-03
  5.3951001E+03  7.2624357E-03
  5.4075400E+03  7.3006991E-03
  5.4200098E+03  7.3006991E-03
  5.4325000E+03  7.3102443E-03
  5.4450200E+03  7.3263631E-03
  5.4575801E+03  7.3901387E-03
  5.4701602E+03  7.4018119E-03
  5.4827700E+03  7.4136415E-03
  5.4954102E+03  7.4136415E-03
  5.5080801E+03  7.4126609E-03
  5.5207700E+03  7.4300864E-03
  5.5335000E+03  7.4391961E-03
  5.5462598E+03  7.4391961E-03
  5.5590400E+03  7.4103051E-03
  5.5718501E+03  7.4361907E-03
  5.5847002E+03  7.4374648E-03
  5.5975698E+03  7.4649369E-03
  5.6104800E+03  7.4649369E-03
  5.6234102E+03  7.4557341E-03
  5.6363799E+03  7.3939492E-03
  5.6493701E+03  7.3260451E-03
  5.6623901E+03  7.3292311E-03
  5.6754502E+03  7.3292311E-03
  5.6885298E+03  7.3260451E-03
  5.7016401E+03  7.3292311E-03
  5.7147900E+03  7.3292311E-03
  5.7279600E+03  7.3292311E-03
  5.7411602E+03  7.4646501E-03
  5.7543999E+03  7.3957271E-03
  5.7676602E+03  7.3929140E-03
  5.7809600E+03  7.3366547E-03
  5.7942900E+03  7.3957271E-03
  5.8076401E+03  7.3911324E-03
  5.8210298E+03  7.3929140E-03
  5.8344502E+03  7.3957271E-03
  5.8478999E+03  7.3541552E-03
  5.8613799E+03  7.4453899E-03
  5.8748901E+03  7.4462974E-03
  5.8884399E+03  7.4447440E-03
  5.9020098E+03  7.4447440E-03
  5.9156099E+03  7.4447440E-03
  5.9292500E+03  7.4447440E-03
  5.9429199E+03  7.4990122E-03
  5.9566201E+03  7.5166402E-03
  5.9703501E+03  7.5176186E-03
  5.9841201E+03  7.5226715E-03
  5.9979102E+03  7.5218952E-03
  6.0117300E+03  7.5226715E-03
  6.0256001E+03  7.5226715E-03
  6.0394800E+03  7.6336735E-03
  6.0534102E+03  7.5899432E-03
  6.0673599E+03  7.2924718E-03
  6.0813501E+03  7.2784889E-03
  6.0953701E+03  7.2784889E-03
  6.1094199E+03  7.2924718E-03
  6.1235000E+03  7.2924718E-03
  6.1376201E+03  7.2784889E-03
  6.1517700E+03  7.2536184E-03
  6.1659502E+03  7.3085632E-03
  6.1801602E+03  7.3085632E-03
  6.1944102E+03  7.3563401E-03
  6.2086899E+03  7.3563401E-03
  6.2230000E+03  7.3563401E-03
  6.2373501E+03  7.4328482E-03
  6.2517300E+03  7.3563401E-03
  6.2661401E+03  7.3563401E-03
  6.2805801E+03  7.3610786E-03
  6.2950601E+03  7.1715415E-03
  6.3095698E+03  7.1715415E-03
  6.3241201E+03  7.1715415E-03
  6.3386899E+03  7.2310232E-03
  6.3533101E+03  7.2364318E-03
  6.3679502E+03  7.2094444E-03
  6.3826299E+03  7.2601638E-03
  6.3973501E+03  7.2388398E-03
  6.4120898E+03  7.1539488E-03
  6.4268799E+03  7.1933228E-03
  6.4416899E+03  7.1775950E-03
  6.4565400E+03  7.1525667E-03
  6.4714199E+03  7.1260720E-03
  6.4863398E+03  7.0803659E-03
  6.5012998E+03  7.1127792E-03
  6.5162798E+03  7.1977233E-03
  6.5312998E+03  6.7821108E-03
  6.5463599E+03  6.8476754E-03
  6.5614502E+03  6.8476754E-03
  6.5765801E+03  6.8476754E-03
  6.5917402E+03  6.8476754E-03
  6.6069302E+03  6.8476754E-03
  6.6221602E+03  6.8476754E-03
  6.6374302E+03  6.9484310E-03
  6.6527300E+03  6.9484310E-03
  6.6680698E+03  7.0669181E-03
  6.6834399E+03  7.0690946E-03
  6.6988501E+03  7.0895371E-03
  6.7142900E+03  7.0895371E-03
  6.7297598E+03  7.0895371E-03
  6.7452798E+03  7.0690946E-03
  6.7608301E+03  7.0690946E-03
  6.7764102E+03  7.0690946E-03
  6.7920400E+03  6.7759068E-03
  6.8076899E+03  6.7759068E-03
  6.8233799E+03  6.7759068E-03
  6.8391099E+03  7.5251209E-03
  6.8548799E+03  6.7229215E-03
  6.8706802E+03  6.7903814E-03
  6.8865200E+03  6.8488219E-03
  6.9023999E+03  6.8437816E-03
  6.9183101E+03  6.8141390E-03
  6.9342598E+03  6.7826021E-03
  6.9502402E+03  6.7640697E-03
  6.9662598E+03  6.8166344E-03
  6.9823198E+03  6.8035307E-03
  6.9984199E+03  6.7428923E-03
  7.0145498E+03  6.7075673E-03
  7.0307202E+03  6.7967847E-03
  7.0469302E+03  6.8133981E-03
  7.0631802E+03  6.7925402E-03
  7.0794600E+03  6.7925402E-03
  7.0957700E+03  6.7925402E-03
  7.1121401E+03  6.7925402E-03
  7.1285298E+03  6.1599272E-03
  7.1449600E+03  6.1599272E-03
  7.1614302E+03  6.2717991E-03
  7.1779399E+03  6.2375241E-03
  7.1944902E+03  6.1755772E-03
  7.2110698E+03  6.2733348E-03
  7.2277002E+03  6.3619055E-03
  7.2443599E+03  6.3947323E-03
  7.2610601E+03  6.4141438E-03
  7.2777998E+03  6.3848123E-03
  7.2945698E+03  6.3579078E-03
  7.3113901E+03  6.5394831E-03
  7.3282500E+03  6.4646387E-03
  7.3451401E+03  6.4646387E-03
  7.3620698E+03  6.4646387E-03
  7.3790400E+03  6.3499231E-03
  7.3960498E+03  6.3499231E-03
  7.4131001E+03  6.3499231E-03
  7.4301899E+03  6.3499231E-03
  7.4473198E+03  6.2655564E-03
  7.4644902E+03  6.3499231E-03
  7.4816899E+03  6.6768387E-03
  7.4989399E+03  6.6870074E-03
  7.5162300E+03  6.7371642E-03
  7.5335498E+03  6.7936997E-03
  7.5509199E+03  6.8185320E-03
  7.5683301E+03  6.7793075E-03
  7.5857700E+03  6.6914726E-03
  7.6032598E+03  6.6119260E-03
  7.6207900E+03  6.5276539E-03
  7.6383599E+03  6.4394227E-03
  7.6559600E+03  6.2658247E-03
  7.6736099E+03  6.0785688E-03
  7.6912998E+03  6.0785688E-03
  7.7090298E+03  6.0785688E-03
  7.7268101E+03  6.2110694E-03
  7.7446201E+03  6.4694956E-03
  7.7624702E+03  6.4107184E-03
  7.7803599E+03  6.4694956E-03
  7.7982998E+03  6.5153167E-03
  7.8162798E+03  6.5153167E-03
  7.8342900E+03  6.5153167E-03
  7.8523599E+03  6.5153167E-03
  7.8704600E+03  6.1250161E-03
  7.8886001E+03  5.8894418E-03
  7.9067900E+03  6.1250161E-03
  7.9250098E+03  6.1250161E-03
  7.9432798E+03  6.1250161E-03
  7.9615898E+03  6.1250161E-03
  7.9799502E+03  6.8468181E-03
  7.9983398E+03  6.8468181E-03
  8.0167798E+03  6.1488892E-03
  8.0352598E+03  6.5087206E-03
  8.0537798E+03  6.2587494E-03
  8.0723501E+03  6.2587494E-03
  8.0909600E+03  6.1306846E-03
  8.1096099E+03  6.1765164E-03
  8.1282998E+03  6.1965715E-03
  8.1470400E+03  6.0298643E-03
  8.1658198E+03  6.3476614E-03
  8.1846499E+03  5.9617655E-03
  8.2035098E+03  5.8457819E-03
  8.2224297E+03  5.8457819E-03
  8.2413799E+03  5.8457819E-03
  8.2603799E+03  6.2010768E-03
  8.2794199E+03  6.2014889E-03
  8.2985098E+03  6.1000097E-03
  8.3176299E+03  5.9825121E-03
  8.3368096E+03  5.9563741E-03
  8.3560303E+03  6.0538785E-03
  8.3752900E+03  6.0538785E-03
  8.3945996E+03  6.0538785E-03
  8.4139502E+03  6.0538785E-03
  8.4333496E+03  6.0538785E-03
  8.4527900E+03  5.6401300E-03
  8.4722695E+03  5.6513688E-03
  8.4917998E+03  5.6476346E-03
  8.5113799E+03  5.5255666E-03
  8.5310000E+03  5.5255666E-03
  8.5506699E+03  5.5255666E-03
  8.5703799E+03  5.5255666E-03
  8.5901396E+03  5.6077093E-03
  8.6099404E+03  5.5965576E-03
  8.6297803E+03  5.9543867E-03
  8.6496699E+03  5.9120655E-03
  8.6696201E+03  5.9120655E-03
  8.6895996E+03  5.8423327E-03
  8.7096299E+03  5.6468872E-03
  8.7297100E+03  5.6468872E-03
  8.7498398E+03  5.4622362E-03
  8.7700000E+03  5.5931145E-03
  8.7902305E+03  5.5931145E-03
  8.8104902E+03  5.5931145E-03
  8.8307998E+03  5.5931145E-03
  8.8511504E+03  5.5931145E-03
  8.8715596E+03  5.6914263E-03
  8.8920098E+03  5.8092410E-03
  8.9125098E+03  5.8368733E-03
  8.9330498E+03  5.7473495E-03
  8.9536504E+03  5.7510957E-03
  8.9742803E+03  5.7687117E-03
  8.9949805E+03  5.7187560E-03
  9.0157100E+03  5.6140549E-03
  9.0364902E+03  5.7981149E-03
  9.0573301E+03  5.8842902E-03
  9.0782002E+03  5.8122361E-03
  9.0991299E+03  5.7650520E-03
  9.1200996E+03  5.8400147E-03
  9.1411299E+03  5.8578770E-03
  9.1622002E+03  5.8365627E-03
  9.1833203E+03  5.8634365E-03
  9.2045000E+03  5.7924935E-03
  9.2257100E+03  5.7924935E-03
  9.2469805E+03  5.7924935E-03
  9.2682998E+03  5.6011928E-03
  9.2896602E+03  5.5516087E-03
  9.3110801E+03  5.5830432E-03
  9.3325400E+03  5.5721640E-03
  9.3540596E+03  5.5340454E-03
  9.3756201E+03  5.4907165E-03
  9.3972305E+03  5.5035637E-03
  9.4189004E+03  5.4807877E-03
  9.4406104E+03  5.4266122E-03
  9.4623701E+03  5.5255876E-03
  9.4841797E+03  5.5659148E-03
  9.5060498E+03  5.5111856E-03
  9.5279600E+03  5.4266122E-03
  9.5499199E+03  5.5204816E-03
  9.5719404E+03  5.3281691E-03
  9.5940000E+03  5.3281691E-03
  9.6161201E+03  5.2473806E-03
  9.6382900E+03  5.1777507E-03
  9.6605098E+03  5.2577760E-03
  9.6827695E+03  5.4191188E-03
  9.7050996E+03  5.2577760E-03
  9.7274697E+03  5.3433776E-03
  9.7498896E+03  5.3173224E-03
  9.7723701E+03  5.3212177E-03
  9.7949004E+03  5.2860375E-03
  9.8174805E+03  5.3494885E-03
  9.8401104E+03  5.3337617E-03
  9.8627900E+03  5.3222752E-03
  9.8855303E+03  5.2994760E-03
  9.9083203E+03  5.2629625E-03
  9.9311602E+03  5.2764900E-03
  9.9540498E+03  5.2795177E-03
  9.9770000E+03  5.2690711E-03
  1.0000000E+04  4.3844474E-03
  1.0000000E+04  4.3844474E-03
  1.0115800E+04  5.0026560E-03
  1.0232940E+04  5.0992402E-03
  1.0351420E+04  4.9925484E-03
  1.0471290E+04  4.6787877E-03
  1.0592540E+04  4.4970713E-03
  1.0715200E+04  4.6321154E-03
  1.0839270E+04  4.6157627E-03
  1.0964780E+04  4.4195652E-03
  1.1091750E+04  4.4412143E-03
  1.1220190E+04  4.6104416E-03
  1.1350100E+04  4.2616250E-03
  1.1481540E+04  4.1431421E-03
  1.1614490E+04  4.0586093E-03
  1.1748980E+04  3.5467118E-03
  1.1885020E+04  3.7826733E-03
  1.2022640E+04  3.9978297E-03
  1.2161860E+04  3.7982382E-03
  1.2302690E+04  3.8280073E-03
  1.2445140E+04  3.7668289E-03
  1.2589250E+04  3.6087760E-03
  1.2735030E+04  3.4475960E-03
  1.2882500E+04  3.3551818E-03
  1.3031660E+04  3.5345596E-03
  1.3182560E+04  3.5304192E-03
  1.3335210E+04  3.3033639E-03
  1.3489630E+04  3.2172436E-03
  1.3645840E+04  3.4479820E-03
  1.3803840E+04  3.0593830E-03
  1.3963680E+04  2.9313904E-03
  1.4125380E+04  3.2307426E-03
  1.4288950E+04  3.1454226E-03
  1.4454390E+04  3.0090478E-03
  1.4621770E+04  2.8006400E-03
  1.4791090E+04  2.7636818E-03
  1.4962360E+04  2.7909903E-03
  1.5135610E+04  2.7523986E-03
  1.5310870E+04  2.7442710E-03
  1.5488170E+04  2.7161427E-03
  1.5667520E+04  2.6310873E-03
  1.5848920E+04  2.5340158E-03
  1.6032450E+04  2.5539633E-03
  1.6218100E+04  2.5300209E-03
  1.6405900E+04  2.4917442E-03
  1.6595859E+04  2.4589689E-03
  1.6788039E+04  2.3768737E-03
  1.6982439E+04  2.3323786E-03
  1.7179090E+04  2.2465372E-03
  1.7378000E+04  2.1361397E-03
  1.7579230E+04  2.0749029E-03
  1.7782789E+04  1.9900212E-03
  1.7988711E+04  1.9098591E-03
  1.8197020E+04  1.8301179E-03
  1.8407711E+04  1.7672374E-03
  1.8620869E+04  1.7016547E-03
  1.8836490E+04  1.6422799E-03
  1.9054619E+04  1.5949239E-03
  1.9275240E+04  1.5325177E-03
  1.9498439E+04  1.4595914E-03
  1.9724230E+04  1.4085708E-03
  1.9952631E+04  1.3651135E-03
  2.0183660E+04  1.3265404E-03
  2.0417381E+04  1.2846136E-03
  2.0653801E+04  1.2411054E-03
  2.0892971E+04  1.1993169E-03
  2.1134881E+04  1.1644845E-03
  2.1379619E+04  1.1323231E-03
  2.1627189E+04  1.0838539E-03
  2.1877619E+04  1.0525426E-03
  2.2130939E+04  1.0173115E-03
  2.2387211E+04  9.7661349E-04
  2.2646439E+04  9.3757000E-04
  2.2908680E+04  8.4014976E-04
  2.3173930E+04  8.0117880E-04
  2.3442279E+04  7.4723660E-04
  2.3713740E+04  7.0151378E-04
  2.3988340E+04  6.6450622E-04
  2.4266109E+04  6.2796712E-04
  2.4547080E+04  5.8189983E-04
  2.4831330E+04  5.3514860E-04
  2.5118869E+04  5.1275472E-04
  2.5409740E+04  5.0747988E-04
  2.5703949E+04  5.0072611E-04
  2.6001590E+04  4.8690365E-04
  2.6302680E+04  4.7075667E-04
  2.6607260E+04  4.5561619E-04
  2.6915340E+04  4.4555686E-04
  2.7227010E+04  4.3664942E-04
  2.7542289E+04  4.2338474E-04
  2.7861221E+04  4.0982093E-04
  2.8183820E+04  3.9537888E-04
  2.8510180E+04  3.8365362E-04
  2.8840320E+04  3.7040489E-04
  2.9174279E+04  3.5806274E-04
  2.9512080E+04  3.4524861E-04
  2.9853820E+04  3.3352509E-04
  3.0199520E+04  3.2234579E-04
  3.0549221E+04  3.1111648E-04
  3.0902939E+04  3.0081376E-04
  3.1260789E+04  2.9142617E-04
  3.1622779E+04  2.8088561E-04
  3.1988961E+04  2.7215158E-04
  3.2359350E+04  2.6241230E-04
  3.2734061E+04  2.5263344E-04
  3.3113109E+04  2.4342687E-04
  3.3496551E+04  2.3488000E-04
  3.3884430E+04  2.2579693E-04
  3.4276770E+04  2.1743747E-04
  3.4673680E+04  2.0930210E-04
  3.5075199E+04  2.0139261E-04
  3.5481359E+04  1.9349510E-04
  3.5892180E+04  1.8563274E-04
  3.6307801E+04  1.7882964E-04
  3.6728230E+04  1.7130448E-04
  3.7153539E+04  1.6401248E-04
  3.7583719E+04  1.5727487E-04
  3.8018930E+04  1.5152767E-04
  3.8459180E+04  1.4603793E-04
  3.8904531E+04  1.3983813E-04
  3.9354988E+04  1.3423988E-04
  3.9810711E+04  1.2821892E-04
  4.0271711E+04  1.2357405E-04
  4.0738039E+04  1.1847943E-04
  4.1209730E+04  1.1388651E-04
  4.1686930E+04  1.0905530E-04
  4.2169648E+04  1.0468526E-04
  4.2657961E+04  1.0070390E-04
  4.3151879E+04  8.9949855E-05
  4.3651570E+04  8.3792082E-05
  4.4157039E+04  7.7650264E-05
  4.4668371E+04  7.3287883E-05
  4.5185621E+04  7.0222311E-05
  4.5708801E+04  6.8143447E-05
  4.6238102E+04  6.5376633E-05
  4.6773520E+04  6.3537278E-05
  4.7315148E+04  6.1671613E-05
  4.7862988E+04  5.9332877E-05
  4.8417230E+04  5.7454439E-05
  4.8977891E+04  5.5005006E-05
  4.9545039E+04  5.2905780E-05
  5.0118699E+04  5.1270887E-05
  5.0699059E+04  4.9364222E-05
  5.1286141E+04  4.7667323E-05
  5.1880020E+04  4.6044017E-05
  5.2480719E+04  4.4480486E-05
  5.3088430E+04  4.2716689E-05
  5.3703180E+04  4.1408068E-05
  5.4325051E+04  3.9789382E-05
  5.4954059E+04  3.8519400E-05
  5.5590410E+04  3.7243801E-05
  5.6234129E+04  3.5952802E-05
  5.6885309E+04  3.4605906E-05
  5.7543961E+04  3.3586410E-05
  5.8210301E+04  3.2387998E-05
  5.8884359E+04  3.1160209E-05
  5.9566230E+04  3.0049192E-05
  6.0255988E+04  2.9007009E-05
  6.0953672E+04  2.7851496E-05
  6.1659500E+04  2.6934908E-05
  6.2373500E+04  2.5886085E-05
  6.3095762E+04  2.4867508E-05
  6.3826320E+04  2.3956092E-05
  6.4565410E+04  2.3023113E-05
  6.5313059E+04  2.2139297E-05
  6.6069367E+04  2.1304610E-05
  6.6834359E+04  2.0477095E-05
  6.7608289E+04  1.9665003E-05
  6.8391172E+04  1.8892710E-05
  6.9183117E+04  1.8146102E-05
  6.9984156E+04  1.7429995E-05
  7.0794562E+04  1.6743894E-05
  7.1614344E+04  1.6080297E-05
  7.2443617E+04  1.5439695E-05
  7.3282406E+04  1.4829284E-05
  7.4131008E+04  1.4237596E-05
  7.4989422E+04  1.3680507E-05
  7.5857781E+04  1.3202596E-05
  7.6736102E+04  1.2750799E-05
  7.7624688E+04  1.2317803E-05
  7.8523562E+04  1.1910098E-05
  7.9432844E+04  1.1509896E-05
  8.0352648E+04  1.1127698E-05
  8.1283023E+04  1.0776195E-05
  8.2224258E+04  1.0448694E-05
  8.3176391E+04  1.0139003E-05
  8.4139547E+04  9.8562987E-06
  8.5113773E+04  9.5924024E-06
  8.6099367E+04  9.3441959E-06
  8.7096367E+04  9.0866952E-06
  8.8104922E+04  8.8402012E-06
  8.9125047E+04  8.6178998E-06
  9.0157102E+04  8.4201010E-06
  9.1201094E+04  8.2406013E-06
  9.2257172E+04  8.0911013E-06
  9.3325383E+04  7.9601950E-06
  9.4406070E+04  7.8523990E-06
  9.5499273E+04  7.7690001E-06
  9.6605117E+04  7.7133964E-06
  9.7723672E+04  7.5343969E-06
  9.8855281E+04  7.2812986E-06
  1.0000000E+05  7.0376991E-06
  1.0115797E+05  6.8279978E-06
  1.0232924E+05  6.6205889E-06
  1.0351419E+05  6.4080937E-06
  1.0471285E+05  6.1915998E-06
  1.0592540E+05  5.9776994E-06
  1.0715198E+05  5.7582010E-06
  1.0839266E+05  5.5395985E-06
  1.0964781E+05  5.3175995E-06
  1.1091750E+05  5.1241959E-06
  1.1220190E+05  4.9584983E-06
  1.1350104E+05  4.7475996E-06
  1.1481534E+05  4.5282018E-06
  1.1614488E+05  4.3144018E-06
  1.1748980E+05  4.1059020E-06
  1.1885017E+05  3.8984958E-06
  1.2022642E+05  3.7079978E-06
  1.2161861E+05  3.6121992E-06
  1.2302692E+05  3.5172993E-06
  1.2445140E+05  3.4250997E-06
  1.2589252E+05  3.3332008E-06
  1.2735031E+05  3.2332996E-06
  1.2882499E+05  3.1274999E-06
  1.3031661E+05  3.0295962E-06
  1.3182564E+05  2.9538985E-06
  1.3335214E+05  2.8789002E-06
  1.3489633E+05  2.8030011E-06
  1.3645823E+05  2.7235978E-06
  1.3803839E+05  2.6434993E-06
  1.3963683E+05  2.5637994E-06
  1.4125378E+05  2.4993010E-06
  1.4288947E+05  2.4357994E-06
  1.4454392E+05  2.3708010E-06
  1.4621770E+05  2.3061009E-06
  1.4791086E+05  2.2409979E-06
  1.4962362E+05  2.1755006E-06
  1.5135606E+05  2.1200003E-06
  1.5310872E+05  2.0669004E-06
  1.5488169E+05  2.0135999E-06
  1.5667517E+05  1.9596011E-06
  1.5848925E+05  1.9055997E-06
  1.6032452E+05  1.8521996E-06
  1.6218103E+05  1.8073010E-06
  1.6405903E+05  1.7644998E-06
  1.6595861E+05  1.7169001E-06
  1.6788036E+05  1.6697996E-06
  1.6982438E+05  1.6228006E-06
  1.7179089E+05  1.5775003E-06
  1.7377998E+05  1.5322005E-06
  1.7579231E+05  1.4842999E-06
  1.7782794E+05  1.4378005E-06
  1.7988714E+05  1.3900996E-06
  1.8196998E+05  1.3486996E-06
  1.8407714E+05  1.3078002E-06
  1.8620870E+05  1.2664003E-06
  1.8836495E+05  1.2244005E-06
  1.9054595E+05  1.1837002E-06
  1.9275242E+05  1.1481989E-06
  1.9498444E+05  1.1120003E-06
  1.9724231E+05  1.0753998E-06
  1.9952631E+05  1.0382003E-06
