  3.1623001E+02  0.0000000E+00
  3.1695999E+02  0.0000000E+00
  3.1769000E+02  0.0000000E+00
  3.1842001E+02  0.0000000E+00
  3.1914999E+02  0.0000000E+00
  3.1989001E+02  0.0000000E+00
  3.2063000E+02  0.0000000E+00
  3.2137000E+02  0.0000000E+00
  3.2210999E+02  0.0000000E+00
  3.2285001E+02  0.0000000E+00
  3.2359000E+02  0.0000000E+00
  3.2434000E+02  0.0000000E+00
  3.2509000E+02  0.0000000E+00
  3.2584000E+02  0.0000000E+00
  3.2659000E+02  0.0000000E+00
  3.2734000E+02  0.0000000E+00
  3.2810001E+02  0.0000000E+00
  3.2885001E+02  0.0000000E+00
  3.2960999E+02  0.0000000E+00
  3.3037000E+02  0.0000000E+00
  3.3113000E+02  0.0000000E+00
  3.3189001E+02  0.0000000E+00
  3.3266000E+02  0.0000000E+00
  3.3342999E+02  0.0000000E+00
  3.3419000E+02  0.0000000E+00
  3.3497000E+02  0.0000000E+00
  3.3573999E+02  0.0000000E+00
  3.3651001E+02  0.0000000E+00
  3.3729001E+02  0.0000000E+00
  3.3806000E+02  0.0000000E+00
  3.3884000E+02  0.0000000E+00
  3.3963000E+02  0.0000000E+00
  3.4041000E+02  0.0000000E+00
  3.4119000E+02  0.0000000E+00
  3.4198001E+02  0.0000000E+00
  3.4276999E+02  0.0000000E+00
  3.4356000E+02  0.0000000E+00
  3.4435001E+02  0.0000000E+00
  3.4514001E+02  0.0000000E+00
  3.4594000E+02  0.0000000E+00
  3.4673999E+02  0.0000000E+00
  3.4754001E+02  0.0000000E+00
  3.4834000E+02  0.0000000E+00
  3.4914001E+02  0.0000000E+00
  3.4995001E+02  0.0000000E+00
  3.5075000E+02  0.0000000E+00
  3.5156000E+02  0.0000000E+00
  3.5237000E+02  0.0000000E+00
  3.5317999E+02  0.0000000E+00
  3.5400000E+02  0.0000000E+00
  3.5481000E+02  0.0000000E+00
  3.5563000E+02  0.0000000E+00
  3.5645001E+02  0.0000000E+00
  3.5726999E+02  0.0000000E+00
  3.5810001E+02  0.0000000E+00
  3.5892001E+02  0.0000000E+00
  3.5975000E+02  0.0000000E+00
  3.6057999E+02  0.0000000E+00
  3.6141000E+02  0.0000000E+00
  3.6223999E+02  0.0000000E+00
  3.6307999E+02  0.0000000E+00
  3.6392001E+02  0.0000000E+00
  3.6475000E+02  0.0000000E+00
  3.6559000E+02  0.0000000E+00
  3.6644000E+02  0.0000000E+00
  3.6728000E+02  0.0000000E+00
  3.6813000E+02  0.0000000E+00
  3.6898001E+02  0.0000000E+00
  3.6982999E+02  0.0000000E+00
  3.7067999E+02  0.0000000E+00
  3.7154001E+02  0.0000000E+00
  3.7239001E+02  0.0000000E+00
  3.7325000E+02  0.0000000E+00
  3.7410999E+02  0.0000000E+00
  3.7497000E+02  0.0000000E+00
  3.7584000E+02  0.0000000E+00
  3.7670001E+02  0.0000000E+00
  3.7757001E+02  0.0000000E+00
  3.7844000E+02  0.0000000E+00
  3.7931000E+02  0.0000000E+00
  3.8019000E+02  0.0000000E+00
  3.8107001E+02  0.0000000E+00
  3.8194000E+02  0.0000000E+00
  3.8282001E+02  0.0000000E+00
  3.8370999E+02  0.0000000E+00
  3.8459000E+02  0.0000000E+00
  3.8548001E+02  0.0000000E+00
  3.8637000E+02  0.0000000E+00
  3.8726001E+02  0.0000000E+00
  3.8814999E+02  0.0000000E+00
  3.8904999E+02  0.0000000E+00
  3.8994000E+02  0.0000000E+00
  3.9084000E+02  0.0000000E+00
  3.9173999E+02  0.0000000E+00
  3.9264999E+02  0.0000000E+00
  3.9354999E+02  0.0000000E+00
  3.9445999E+02  0.0000000E+00
  3.9537000E+02  0.0000000E+00
  3.9628000E+02  0.0000000E+00
  3.9719000E+02  0.0000000E+00
  3.9810999E+02  0.0000000E+00
  3.9901999E+02  0.0000000E+00
  3.9994000E+02  0.0000000E+00
  4.0087000E+02  0.0000000E+00
  4.0179001E+02  0.0000000E+00
  4.0272000E+02  0.0000000E+00
  4.0364999E+02  0.0000000E+00
  4.0457999E+02  0.0000000E+00
  4.0551001E+02  0.0000000E+00
  4.0644000E+02  0.0000000E+00
  4.0738000E+02  0.0000000E+00
  4.0832001E+02  0.0000000E+00
  4.0926001E+02  0.0000000E+00
  4.1020001E+02  0.0000000E+00
  4.1114999E+02  0.0000000E+00
  4.1210001E+02  0.0000000E+00
  4.1304999E+02  0.0000000E+00
  4.1400000E+02  0.0000000E+00
  4.1495001E+02  0.0000000E+00
  4.1591000E+02  0.0000000E+00
  4.1687000E+02  0.0000000E+00
  4.1782999E+02  0.0000000E+00
  4.1879001E+02  0.0000000E+00
  4.1976001E+02  0.0000000E+00
  4.2073001E+02  0.0000000E+00
  4.2170001E+02  0.0000000E+00
  4.2267001E+02  0.0000000E+00
  4.2364001E+02  0.0000000E+00
  4.2462000E+02  0.0000000E+00
  4.2560001E+02  0.0000000E+00
  4.2657999E+02  0.0000000E+00
  4.2756000E+02  0.0000000E+00
  4.2854999E+02  0.0000000E+00
  4.2954001E+02  0.0000000E+00
  4.3053000E+02  0.0000000E+00
  4.3151999E+02  0.0000000E+00
  4.3251001E+02  0.0000000E+00
  4.3351001E+02  0.0000000E+00
  4.3451001E+02  0.0000000E+00
  4.3551001E+02  0.0000000E+00
  4.3651999E+02  0.0000000E+00
  4.3751999E+02  0.0000000E+00
  4.3853000E+02  0.0000000E+00
  4.3954001E+02  0.0000000E+00
  4.4054999E+02  0.0000000E+00
  4.4157001E+02  0.0000000E+00
  4.4259000E+02  0.0000000E+00
  4.4360999E+02  0.0000000E+00
  4.4463000E+02  0.0000000E+00
  4.4566000E+02  0.0000000E+00
  4.4667999E+02  0.0000000E+00
  4.4770999E+02  0.0000000E+00
  4.4875000E+02  0.0000000E+00
  4.4978000E+02  0.0000000E+00
  4.5082001E+02  0.0000000E+00
  4.5185999E+02  0.0000000E+00
  4.5289999E+02  0.0000000E+00
  4.5394000E+02  0.0000000E+00
  4.5498999E+02  0.0000000E+00
  4.5604001E+02  0.0000000E+00
  4.5709000E+02  0.0000000E+00
  4.5814001E+02  0.0000000E+00
  4.5920001E+02  0.0000000E+00
  4.6026001E+02  0.0000000E+00
  4.6132001E+02  0.0000000E+00
  4.6238000E+02  0.0000000E+00
  4.6345001E+02  0.0000000E+00
  4.6451999E+02  0.0000000E+00
  4.6559000E+02  0.0000000E+00
  4.6666000E+02  0.0000000E+00
  4.6773999E+02  0.0000000E+00
  4.6881000E+02  0.0000000E+00
  4.6989001E+02  0.0000000E+00
  4.7098001E+02  0.0000000E+00
  4.7206000E+02  0.0000000E+00
  4.7314999E+02  0.0000000E+00
  4.7423999E+02  0.0000000E+00
  4.7534000E+02  0.0000000E+00
  4.7642999E+02  0.0000000E+00
  4.7753000E+02  0.0000000E+00
  4.7863000E+02  0.0000000E+00
  4.7973001E+02  0.0000000E+00
  4.8084000E+02  0.0000000E+00
  4.8195001E+02  0.0000000E+00
  4.8306000E+02  0.0000000E+00
  4.8417001E+02  0.0000000E+00
  4.8529001E+02  0.0000000E+00
  4.8641000E+02  0.0000000E+00
  4.8753000E+02  0.0000000E+00
  4.8864999E+02  0.0000000E+00
  4.8978000E+02  0.0000000E+00
  4.9091000E+02  0.0000000E+00
  4.9204001E+02  0.0000000E+00
  4.9317001E+02  0.0000000E+00
  4.9431000E+02  0.0000000E+00
  4.9545001E+02  0.0000000E+00
  4.9659000E+02  0.0000000E+00
  4.9773999E+02  0.0000000E+00
  4.9888000E+02  0.0000000E+00
  5.0003000E+02  0.0000000E+00
  5.0119000E+02  0.0000000E+00
  5.0234000E+02  0.0000000E+00
  5.0350000E+02  0.0000000E+00
  5.0466000E+02  0.0000000E+00
  5.0582001E+02  0.0000000E+00
  5.0698999E+02  0.0000000E+00
  5.0816000E+02  0.0000000E+00
  5.0932999E+02  0.0000000E+00
  5.1050000E+02  0.0000000E+00
  5.1167999E+02  0.0000000E+00
  5.1285999E+02  0.0000000E+00
  5.1403998E+02  0.0000000E+00
  5.1522998E+02  0.0000000E+00
  5.1641998E+02  0.0000000E+00
  5.1760999E+02  0.0000000E+00
  5.1879999E+02  0.0000000E+00
  5.2000000E+02  0.0000000E+00
  5.2119000E+02  0.0000000E+00
  5.2240002E+02  0.0000000E+00
  5.2359998E+02  0.0000000E+00
  5.2481000E+02  0.0000000E+00
  5.2602002E+02  0.0000000E+00
  5.2722998E+02  0.0000000E+00
  5.2845001E+02  0.0000000E+00
  5.2965997E+02  0.0000000E+00
  5.3088000E+02  0.0000000E+00
  5.3210999E+02  0.0000000E+00
  5.3333002E+02  0.0000000E+00
  5.3456000E+02  0.0000000E+00
  5.3579999E+02  0.0000000E+00
  5.3703003E+02  0.0000000E+00
  5.3827002E+02  0.0000000E+00
  5.3951001E+02  0.0000000E+00
  5.4075000E+02  0.0000000E+00
  5.4200000E+02  0.0000000E+00
  5.4325000E+02  0.0000000E+00
  5.4450000E+02  0.0000000E+00
  5.4576001E+02  0.0000000E+00
  5.4702002E+02  0.0000000E+00
  5.4828003E+02  0.0000000E+00
  5.4953998E+02  0.0000000E+00
  5.5081000E+02  0.0000000E+00
  5.5208002E+02  0.0000000E+00
  5.5334998E+02  0.0000000E+00
  5.5463000E+02  0.0000000E+00
  5.5590002E+02  0.0000000E+00
  5.5719000E+02  0.0000000E+00
  5.5846997E+02  0.0000000E+00
  5.5976001E+02  0.0000000E+00
  5.6104999E+02  0.0000000E+00
  5.6234003E+02  0.0000000E+00
  5.6364001E+02  0.0000000E+00
  5.6494000E+02  0.0000000E+00
  5.6623999E+02  0.0000000E+00
  5.6753998E+02  0.0000000E+00
  5.6884998E+02  0.0000000E+00
  5.7015997E+02  0.0000000E+00
  5.7147998E+02  0.0000000E+00
  5.7279999E+02  0.0000000E+00
  5.7412000E+02  0.0000000E+00
  5.7544000E+02  0.0000000E+00
  5.7677002E+02  0.0000000E+00
  5.7809998E+02  0.0000000E+00
  5.7942999E+02  0.0000000E+00
  5.8076001E+02  0.0000000E+00
  5.8209998E+02  0.0000000E+00
  5.8345001E+02  0.0000000E+00
  5.8478998E+02  0.0000000E+00
  5.8614001E+02  0.0000000E+00
  5.8748999E+02  0.0000000E+00
  5.8884003E+02  0.0000000E+00
  5.9020001E+02  0.0000000E+00
  5.9156000E+02  0.0000000E+00
  5.9292999E+02  0.0000000E+00
  5.9428998E+02  0.0000000E+00
  5.9565997E+02  0.0000000E+00
  5.9703998E+02  0.0000000E+00
  5.9840997E+02  0.0000000E+00
  5.9978998E+02  0.0000000E+00
  6.0116998E+02  0.0000000E+00
  6.0256000E+02  0.0000000E+00
  6.0395001E+02  0.0000000E+00
  6.0534003E+02  0.0000000E+00
  6.0673999E+02  0.0000000E+00
  6.0813000E+02  0.0000000E+00
  6.0953998E+02  0.0000000E+00
  6.1094000E+02  0.0000000E+00
  6.1234998E+02  0.0000000E+00
  6.1376001E+02  0.0000000E+00
  6.1517999E+02  0.0000000E+00
  6.1659003E+02  0.0000000E+00
  6.1802002E+02  0.0000000E+00
  6.1944000E+02  0.0000000E+00
  6.2087000E+02  0.0000000E+00
  6.2229999E+02  0.0000000E+00
  6.2372998E+02  0.0000000E+00
  6.2516998E+02  0.0000000E+00
  6.2660999E+02  0.0000000E+00
  6.2806000E+02  0.0000000E+00
  6.2951001E+02  0.0000000E+00
  6.3096002E+02  0.0000000E+00
  6.3240997E+02  0.0000000E+00
  6.3387000E+02  0.0000000E+00
  6.3533002E+02  0.0000000E+00
  6.3679999E+02  0.0000000E+00
  6.3826001E+02  0.0000000E+00
  6.3972998E+02  0.0000000E+00
  6.4121002E+02  0.0000000E+00
  6.4269000E+02  0.0000000E+00
  6.4416998E+02  0.0000000E+00
  6.4565002E+02  0.0000000E+00
  6.4714001E+02  0.0000000E+00
  6.4863000E+02  0.0000000E+00
  6.5013000E+02  0.0000000E+00
  6.5163000E+02  0.0000000E+00
  6.5313000E+02  0.0000000E+00
  6.5464001E+02  0.0000000E+00
  6.5615002E+02  0.0000000E+00
  6.5765997E+02  0.0000000E+00
  6.5916998E+02  0.0000000E+00
  6.6069000E+02  0.0000000E+00
  6.6221997E+02  0.0000000E+00
  6.6373999E+02  0.0000000E+00
  6.6527002E+02  0.0000000E+00
  6.6681000E+02  0.0000000E+00
  6.6834003E+02  0.0000000E+00
  6.6988000E+02  0.0000000E+00
  6.7142999E+02  0.0000000E+00
  6.7297998E+02  0.0000000E+00
  6.7453003E+02  0.0000000E+00
  6.7608002E+02  0.0000000E+00
  6.7764001E+02  0.0000000E+00
  6.7920001E+02  0.0000000E+00
  6.8077002E+02  0.0000000E+00
  6.8234003E+02  0.0000000E+00
  6.8390997E+02  0.0000000E+00
  6.8548999E+02  0.0000000E+00
  6.8707001E+02  0.0000000E+00
  6.8865002E+02  0.0000000E+00
  6.9023999E+02  0.0000000E+00
  6.9183002E+02  0.0000000E+00
  6.9342999E+02  0.0000000E+00
  6.9502002E+02  0.0000000E+00
  6.9663000E+02  0.0000000E+00
  6.9822998E+02  0.0000000E+00
  6.9984003E+02  0.0000000E+00
  7.0146002E+02  0.0000000E+00
  7.0307001E+02  0.0000000E+00
  7.0469000E+02  0.0000000E+00
  7.0632001E+02  0.0000000E+00
  7.0795001E+02  0.0000000E+00
  7.0958002E+02  0.0000000E+00
  7.1121002E+02  0.0000000E+00
  7.1284998E+02  0.0000000E+00
  7.1450000E+02  0.0000000E+00
  7.1614001E+02  0.0000000E+00
  7.1778998E+02  0.0000000E+00
  7.1945001E+02  0.0000000E+00
  7.2110999E+02  0.0000000E+00
  7.2277002E+02  0.0000000E+00
  7.2444000E+02  0.0000000E+00
  7.2610999E+02  0.0000000E+00
  7.2778003E+02  0.0000000E+00
  7.2946002E+02  0.0000000E+00
  7.3114001E+02  0.0000000E+00
  7.3282001E+02  0.0000000E+00
  7.3451001E+02  0.0000000E+00
  7.3621002E+02  0.0000000E+00
  7.3790002E+02  0.0000000E+00
  7.3960999E+02  0.0000000E+00
  7.4131000E+02  0.0000000E+00
  7.4302002E+02  0.0000000E+00
  7.4472998E+02  0.0000000E+00
  7.4645001E+02  0.0000000E+00
  7.4816998E+02  0.0000000E+00
  7.4989001E+02  0.0000000E+00
  7.5162000E+02  0.0000000E+00
  7.5335999E+02  0.0000000E+00
  7.5509003E+02  0.0000000E+00
  7.5683002E+02  0.0000000E+00
  7.5858002E+02  0.0000000E+00
  7.6033002E+02  0.0000000E+00
  7.6208002E+02  0.0000000E+00
  7.6384003E+02  0.0000000E+00
  7.6559998E+02  0.0000000E+00
  7.6735999E+02  0.0000000E+00
  7.6913000E+02  0.0000000E+00
  7.7090002E+02  0.0000000E+00
  7.7267999E+02  0.0000000E+00
  7.7446002E+02  0.0000000E+00
  7.7625000E+02  0.0000000E+00
  7.7803998E+02  0.0000000E+00
  7.7983002E+02  0.0000000E+00
  7.8163000E+02  0.0000000E+00
  7.8342999E+02  0.0000000E+00
  7.8523999E+02  0.0000000E+00
  7.8704999E+02  0.0000000E+00
  7.8885999E+02  0.0000000E+00
  7.9067999E+02  0.0000000E+00
  7.9250000E+02  0.0000000E+00
  7.9433002E+02  0.0000000E+00
  7.9615997E+02  0.0000000E+00
  7.9798999E+02  0.0000000E+00
  7.9983002E+02  0.0000000E+00
  8.0167999E+02  0.0000000E+00
  8.0353003E+02  0.0000000E+00
  8.0538000E+02  0.0000000E+00
  8.0723999E+02  0.0000000E+00
  8.0909998E+02  0.0000000E+00
  8.1096002E+02  0.0000000E+00
  8.1283002E+02  0.0000000E+00
  8.1470001E+02  0.0000000E+00
  8.1658002E+02  0.0000000E+00
  8.1846002E+02  0.0000000E+00
  8.2034998E+02  0.0000000E+00
  8.2223999E+02  0.0000000E+00
  8.2414001E+02  0.0000000E+00
  8.2603998E+02  0.0000000E+00
  8.2794000E+02  0.0000000E+00
  8.2984998E+02  0.0000000E+00
  8.3176001E+02  0.0000000E+00
  8.3367999E+02  0.0000000E+00
  8.3559998E+02  0.0000000E+00
  8.3753003E+02  0.0000000E+00
  8.3946002E+02  0.0000000E+00
  8.4140002E+02  0.0000000E+00
  8.4333002E+02  0.0000000E+00
  8.4528003E+02  0.0000000E+00
  8.4722998E+02  0.0000000E+00
  8.4917999E+02  0.0000000E+00
  8.5114001E+02  0.0000000E+00
  8.5309998E+02  0.0000000E+00
  8.5507001E+02  0.0000000E+00
  8.5703998E+02  0.0000000E+00
  8.5901001E+02  0.0000000E+00
  8.6098999E+02  0.0000000E+00
  8.6297998E+02  0.0000000E+00
  8.6496997E+02  0.0000000E+00
  8.6696002E+02  0.0000000E+00
  8.6896002E+02  0.0000000E+00
  8.7096002E+02  0.0000000E+00
  8.7296997E+02  0.0000000E+00
  8.7497998E+02  0.0000000E+00
  8.7700000E+02  0.0000000E+00
  8.7902002E+02  0.0000000E+00
  8.8104999E+02  0.0000000E+00
  8.8308002E+02  0.0000000E+00
  8.8512000E+02  0.0000000E+00
  8.8715997E+02  0.0000000E+00
  8.8920001E+02  0.0000000E+00
  8.9125000E+02  0.0000000E+00
  8.9331000E+02  0.0000000E+00
  8.9535999E+02  0.0000000E+00
  8.9742999E+02  0.0000000E+00
  8.9950000E+02  0.0000000E+00
  9.0157001E+02  2.8718096E-05
  9.0365002E+02  2.8546794E-05
  9.0572998E+02  2.8381159E-05
  9.0782001E+02  2.8225499E-05
  9.0990997E+02  2.8070386E-05
  9.1201001E+02  2.7916187E-05
  9.1410999E+02  2.7762713E-05
  9.1621997E+02  2.8877992E-05
  9.1833002E+02  3.0905212E-05
  9.2045001E+02  3.2917691E-05
  9.2257001E+02  3.4916004E-05
  9.2470001E+02  3.6900587E-05
  9.2683002E+02  3.8627019E-05
  9.2896997E+02  4.0337996E-05
  9.3110999E+02  4.2039977E-05
  9.3325000E+02  4.3730193E-05
  9.3540997E+02  4.5315686E-05
  9.3756000E+02  4.6493911E-05
  9.3971997E+02  4.7663711E-05
  9.4189001E+02  4.8824706E-05
  9.4406000E+02  4.9977203E-05
  9.4623999E+02  5.0773095E-05
  9.4841998E+02  5.1298928E-05
  9.5059998E+02  5.1820589E-05
  9.5279999E+02  5.2338070E-05
  9.5498999E+02  5.2851727E-05
  9.5719000E+02  5.3006075E-05
  9.5940002E+02  5.3157724E-05
  9.6160999E+02  5.3307700E-05
  9.6383002E+02  5.3456104E-05
  9.6604999E+02  5.1453600E-05
  9.6828003E+02  4.7073521E-05
  9.7051001E+02  4.2724099E-05
  9.7275000E+02  3.8404116E-05
  9.7498999E+02  3.4112512E-05
  9.7723999E+02  3.6432109E-05
  9.7948999E+02  3.8765313E-05
  9.8175000E+02  4.1081883E-05
  9.8401001E+02  4.3382806E-05
  9.8628003E+02  4.4178621E-05
  9.8854999E+02  4.3820892E-05
  9.9083002E+02  4.3465101E-05
  9.9312000E+02  4.3111391E-05
  9.9540997E+02  4.3008375E-05
  9.9770001E+02  4.4059892E-05
  1.0000000E+03  4.5103436E-05
  1.0023100E+03  4.6139259E-05
  1.0046200E+03  4.7167578E-05
  1.0069300E+03  4.7483089E-05
  1.0092500E+03  4.7655703E-05
  1.0115800E+03  4.7826692E-05
  1.0139100E+03  4.7996025E-05
  1.0162500E+03  4.7214628E-05
  1.0185900E+03  4.5610494E-05
  1.0209400E+03  4.4016379E-05
  1.0232900E+03  4.2433134E-05
  1.0256500E+03  4.1474817E-05
  1.0280200E+03  4.2128093E-05
  1.0303900E+03  4.2776297E-05
  1.0327600E+03  4.3419452E-05
  1.0351400E+03  4.4113913E-05
  1.0375300E+03  4.5683919E-05
  1.0399200E+03  4.7242316E-05
  1.0423199E+03  4.8789498E-05
  1.0447200E+03  5.0325925E-05
  1.0471300E+03  5.0054525E-05
  1.0495400E+03  4.9548955E-05
  1.0519600E+03  4.9046230E-05
  1.0543900E+03  4.8546688E-05
  1.0568199E+03  4.7499303E-05
  1.0592500E+03  4.6273293E-05
  1.0617000E+03  4.5054978E-05
  1.0641400E+03  4.3844808E-05
  1.0666000E+03  4.3653105E-05
  1.0690500E+03  4.4003718E-05
  1.0715200E+03  4.4351498E-05
  1.0739900E+03  4.4696284E-05
  1.0764700E+03  4.4249500E-05
  1.0789500E+03  4.3262608E-05
  1.0814301E+03  4.2281987E-05
  1.0839301E+03  4.1307714E-05
  1.0864301E+03  4.1414118E-05
  1.0889301E+03  4.2326392E-05
  1.0914399E+03  4.3232121E-05
  1.0939600E+03  4.4131160E-05
  1.0964800E+03  4.4206619E-05
  1.0990100E+03  4.3705619E-05
  1.1015400E+03  4.3207496E-05
  1.1040800E+03  4.2712469E-05
  1.1066200E+03  4.2356980E-05
  1.1091801E+03  4.2080523E-05
  1.1117300E+03  4.1802705E-05
  1.1142900E+03  4.1526400E-05
  1.1168600E+03  4.0710318E-05
  1.1194399E+03  3.9694696E-05
  1.1220200E+03  3.8685885E-05
  1.1246000E+03  3.7683596E-05
  1.1272000E+03  3.8338520E-05
  1.1298000E+03  3.9284620E-05
  1.1324000E+03  4.0223804E-05
  1.1350100E+03  4.1150637E-05
  1.1376300E+03  4.0744886E-05
  1.1402500E+03  4.0341452E-05
  1.1428800E+03  3.9940522E-05
  1.1455100E+03  3.9581540E-05
  1.1481500E+03  3.9389313E-05
  1.1508000E+03  3.9197846E-05
  1.1534500E+03  3.9007395E-05
  1.1561100E+03  3.8775484E-05
  1.1587800E+03  3.8486090E-05
  1.1614500E+03  3.8198181E-05
  1.1641300E+03  3.7911886E-05
  1.1668101E+03  3.6243717E-05
  1.1695000E+03  3.3919197E-05
  1.1722000E+03  3.1610871E-05
  1.1749000E+03  2.9318298E-05
  1.1776100E+03  3.0926087E-05
  1.1803199E+03  3.2675602E-05
  1.1830400E+03  3.4412253E-05
  1.1857700E+03  3.5429697E-05
  1.1885000E+03  3.4641413E-05
  1.1912400E+03  3.3858287E-05
  1.1939900E+03  3.3080298E-05
  1.1967400E+03  3.2197102E-05
  1.1995000E+03  3.1256084E-05
  1.2022600E+03  3.0321187E-05
  1.2050400E+03  2.9395915E-05
  1.2078101E+03  2.8743678E-05
  1.2106000E+03  2.8095794E-05
  1.2133900E+03  2.7451599E-05
  1.2161899E+03  2.7654711E-05
  1.2189900E+03  2.9002009E-05
  1.2218000E+03  3.0339603E-05
  1.2246200E+03  3.1668085E-05
  1.2274399E+03  3.2370506E-05
  1.2302700E+03  3.2970969E-05
  1.2331000E+03  3.3567092E-05
  1.2359500E+03  3.3957356E-05
  1.2388000E+03  3.3942706E-05
  1.2416500E+03  3.3927688E-05
  1.2445100E+03  3.3912496E-05
  1.2473800E+03  3.3701996E-05
  1.2502600E+03  3.3452889E-05
  1.2531400E+03  3.3205186E-05
  1.2560300E+03  3.2977197E-05
  1.2589301E+03  3.2783551E-05
  1.2618300E+03  3.2590789E-05
  1.2647400E+03  3.2399199E-05
  1.2676500E+03  3.2731758E-05
  1.2705699E+03  3.3113691E-05
  1.2735000E+03  3.3492688E-05
  1.2764399E+03  3.3659984E-05
  1.2793800E+03  3.3609096E-05
  1.2823300E+03  3.3558212E-05
  1.2852900E+03  3.3414784E-05
  1.2882500E+03  3.2413005E-05
  1.2912200E+03  3.1417519E-05
  1.2942000E+03  3.0428708E-05
  1.2971801E+03  3.0139099E-05
  1.3001700E+03  3.0106290E-05
  1.3031700E+03  3.0073254E-05
  1.3061700E+03  3.0307308E-05
  1.3091801E+03  3.0956493E-05
  1.3122000E+03  3.1601085E-05
  1.3152200E+03  3.2165692E-05
  1.3182600E+03  3.1792806E-05
  1.3213000E+03  3.1421900E-05
  1.3243400E+03  3.1053409E-05
  1.3273900E+03  3.0522297E-05
  1.3304500E+03  2.9942386E-05
  1.3335200E+03  2.9366302E-05
  1.3366000E+03  2.9346704E-05
  1.3396801E+03  2.9838091E-05
  1.3427700E+03  3.0325915E-05
  1.3458600E+03  3.0608884E-05
  1.3489600E+03  3.0368697E-05
  1.3520699E+03  3.0129802E-05
  1.3551899E+03  2.9875100E-05
  1.3583101E+03  2.9357210E-05
  1.3614399E+03  2.8842502E-05
  1.3645800E+03  2.8331095E-05
  1.3677300E+03  2.8180104E-05
  1.3708800E+03  2.8084289E-05
  1.3740400E+03  2.7988770E-05
  1.3772100E+03  2.7858499E-05
  1.3803800E+03  2.7713557E-05
  1.3835699E+03  2.7569309E-05
  1.3867600E+03  2.6606765E-05
  1.3899500E+03  2.4983408E-05
  1.3931600E+03  2.3370607E-05
  1.3963700E+03  2.2372906E-05
  1.3995900E+03  2.2193497E-05
  1.4028101E+03  2.2014996E-05
  1.4060500E+03  2.2342490E-05
  1.4092900E+03  2.3718711E-05
  1.4125400E+03  2.5085190E-05
  1.4157900E+03  2.6055606E-05
  1.4190601E+03  2.5821790E-05
  1.4223300E+03  2.5589397E-05
  1.4256100E+03  2.5438212E-05
  1.4288900E+03  2.5637684E-05
  1.4321899E+03  2.5835488E-05
  1.4354900E+03  2.6026899E-05
  1.4388000E+03  2.6188398E-05
  1.4421200E+03  2.6337593E-05
  1.4454399E+03  2.6184287E-05
  1.4487700E+03  2.6028985E-05
  1.4521100E+03  2.5871794E-05
  1.4554600E+03  2.5684003E-05
  1.4588101E+03  2.5305389E-05
  1.4621801E+03  2.4929290E-05
  1.4655500E+03  2.4630883E-05
  1.4689301E+03  2.4721998E-05
  1.4723101E+03  2.4812198E-05
  1.4757100E+03  2.4907404E-05
  1.4791100E+03  2.5024065E-05
  1.4825200E+03  2.5139701E-05
  1.4859399E+03  2.5214809E-05
  1.4893600E+03  2.5184290E-05
  1.4927900E+03  2.5153699E-05
  1.4962400E+03  2.5106105E-05
  1.4996801E+03  2.5028297E-05
  1.5031400E+03  2.4950594E-05
  1.5066100E+03  2.4655099E-05
  1.5100800E+03  2.4109666E-05
  1.5135601E+03  2.3847997E-05
  1.5170500E+03  2.3935087E-05
  1.5205500E+03  2.4252795E-05
  1.5240500E+03  2.4568006E-05
  1.5275699E+03  2.4453602E-05
  1.5310900E+03  2.4182305E-05
  1.5346200E+03  2.3912602E-05
  1.5381500E+03  2.3630488E-05
  1.5417000E+03  2.3348395E-05
  1.5452500E+03  2.3136410E-05
  1.5488199E+03  2.3811001E-05
  1.5523900E+03  2.4480601E-05
  1.5559700E+03  2.5087889E-05
  1.5595500E+03  2.5535399E-05
  1.5631500E+03  2.5979705E-05
  1.5667500E+03  2.7111713E-05
  1.5703600E+03  2.8964905E-05
  1.5739800E+03  3.0805611E-05
  1.5776100E+03  3.2463187E-05
  1.5812500E+03  3.4042991E-05
  1.5848900E+03  3.5611985E-05
  1.5885500E+03  3.6278710E-05
  1.5922100E+03  3.6929367E-05
  1.5958800E+03  3.7179288E-05
  1.5995601E+03  3.6172791E-05
  1.6032500E+03  3.5172878E-05
  1.6069399E+03  3.5511715E-05
  1.6106500E+03  3.7049987E-05
  1.6143600E+03  3.8577004E-05
  1.6180800E+03  3.8704791E-05
  1.6218101E+03  3.8542796E-05
  1.6255500E+03  3.8549781E-05
  1.6293000E+03  3.9532679E-05
  1.6330500E+03  4.0508694E-05
  1.6368199E+03  4.2739492E-05
  1.6405900E+03  4.6304805E-05
  1.6443700E+03  4.9845024E-05
  1.6481600E+03  4.7076726E-05
  1.6519600E+03  4.3081487E-05
  1.6557700E+03  4.1362902E-05
  1.6595900E+03  4.8521004E-05
  1.6634100E+03  5.5627472E-05
  1.6672500E+03  5.5043914E-05
  1.6710900E+03  4.9076181E-05
  1.6749399E+03  6.2307372E-05
  1.6788000E+03  7.3642230E-05
  1.6826700E+03  7.6124517E-05
  1.6865500E+03  7.6834323E-05
  1.6904399E+03  7.4915435E-05
  1.6943400E+03  7.3009040E-05
  1.6982400E+03  7.4659816E-05
  1.7021600E+03  7.7058969E-05
  1.7060800E+03  8.0228172E-05
  1.7100200E+03  8.5356813E-05
  1.7139600E+03  5.5068848E-04
  1.7179100E+03  5.5068848E-04
  1.7218700E+03  3.2014013E-04
  1.7258400E+03  3.2014013E-04
  1.7298199E+03  3.2014013E-04
  1.7338000E+03  3.2014013E-04
  1.7378000E+03  3.2014013E-04
  1.7418101E+03  3.2014013E-04
  1.7458199E+03  3.2014013E-04
  1.7498500E+03  3.2014013E-04
  1.7538800E+03  3.2014013E-04
  1.7579200E+03  3.2014013E-04
  1.7619800E+03  2.8856489E-04
  1.7660400E+03  2.8856489E-04
  1.7701100E+03  2.5733330E-04
  1.7741899E+03  2.5733330E-04
  1.7782800E+03  2.5733330E-04
  1.7823800E+03  2.5733330E-04
  1.7864900E+03  2.5733330E-04
  1.7906100E+03  2.1130843E-04
  1.7947300E+03  2.1130843E-04
  1.7988700E+03  2.1130843E-04
  1.8030200E+03  2.1130843E-04
  1.8071700E+03  2.1130843E-04
  1.8113400E+03  2.1130843E-04
  1.8155200E+03  2.1130843E-04
  1.8197000E+03  2.1130843E-04
  1.8239000E+03  2.1291830E-04
  1.8281000E+03  2.1291830E-04
  1.8323101E+03  2.1291830E-04
  1.8365400E+03  2.1291830E-04
  1.8407700E+03  2.1291830E-04
  1.8450200E+03  2.1291830E-04
  1.8492700E+03  2.1291830E-04
  1.8535300E+03  2.5456527E-04
  1.8578000E+03  2.5456527E-04
  1.8620900E+03  3.8705577E-04
  1.8663800E+03  3.5234238E-04
  1.8706801E+03  3.8705577E-04
  1.8749900E+03  3.5234238E-04
  1.8793199E+03  2.9697109E-04
  1.8836500E+03  2.9697109E-04
  1.8879900E+03  2.9697109E-04
  1.8923400E+03  3.1494210E-04
  1.8967100E+03  3.0690726E-04
  1.9010800E+03  3.1494210E-04
  1.9054600E+03  3.3455165E-04
  1.9098500E+03  3.5234238E-04
  1.9142600E+03  3.6515007E-04
  1.9186700E+03  3.5234238E-04
  1.9230900E+03  3.3455165E-04
  1.9275200E+03  3.3455165E-04
  1.9319700E+03  3.1494210E-04
  1.9364200E+03  3.2956133E-04
  1.9408900E+03  3.3455165E-04
  1.9453600E+03  3.5234238E-04
  1.9498400E+03  3.5234238E-04
  1.9543400E+03  3.5234238E-04
  1.9588400E+03  3.3455165E-04
  1.9633600E+03  3.5234238E-04
  1.9678900E+03  3.8051067E-04
  1.9724200E+03  3.9921186E-04
  1.9769700E+03  3.9921186E-04
  1.9815300E+03  4.0062377E-04
  1.9860900E+03  3.9921186E-04
  1.9906700E+03  3.9358705E-04
  1.9952600E+03  3.9921186E-04
  1.9998600E+03  3.9358705E-04
  2.0044700E+03  3.9921186E-04
  2.0090900E+03  4.0062377E-04
  2.0137200E+03  3.9358705E-04
  2.0183700E+03  4.0062377E-04
  2.0230200E+03  4.0921348E-04
  2.0276801E+03  4.0921348E-04
  2.0323600E+03  4.0921348E-04
  2.0370400E+03  4.1699837E-04
  2.0417400E+03  4.1462138E-04
  2.0464399E+03  4.1462138E-04
  2.0511599E+03  4.1217628E-04
  2.0558899E+03  4.1699837E-04
  2.0606299E+03  4.3229962E-04
  2.0653799E+03  4.1699837E-04
  2.0701399E+03  4.1699837E-04
  2.0749099E+03  4.3370997E-04
  2.0797000E+03  4.3370997E-04
  2.0844900E+03  4.5996191E-04
  2.0893000E+03  4.6987520E-04
  2.0941101E+03  4.6987520E-04
  2.0989399E+03  4.8155832E-04
  2.1037800E+03  4.8155832E-04
  2.1086299E+03  4.6987520E-04
  2.1134900E+03  4.8155832E-04
  2.1183601E+03  4.6987520E-04
  2.1232400E+03  4.8155832E-04
  2.1281399E+03  4.6758939E-04
  2.1330400E+03  4.8155832E-04
  2.1379600E+03  4.7760495E-04
  2.1428899E+03  4.7760495E-04
  2.1478301E+03  4.6758939E-04
  2.1527800E+03  4.7760495E-04
  2.1577400E+03  4.6758939E-04
  2.1627200E+03  4.7760495E-04
  2.1677000E+03  4.7219783E-04
  2.1727000E+03  4.6758939E-04
  2.1777100E+03  4.6758939E-04
  2.1827300E+03  4.6040959E-04
  2.1877600E+03  4.6375272E-04
  2.1928000E+03  4.6375272E-04
  2.1978601E+03  4.6040959E-04
  2.2029299E+03  4.6040959E-04
  2.2080000E+03  4.6040959E-04
  2.2130901E+03  4.4119800E-04
  2.2182000E+03  4.6375272E-04
  2.2233101E+03  4.6375272E-04
  2.2284399E+03  4.7438350E-04
  2.2335701E+03  4.7438350E-04
  2.2387200E+03  4.7438350E-04
  2.2438799E+03  4.6375272E-04
  2.2490500E+03  4.7219783E-04
  2.2542400E+03  4.7219783E-04
  2.2594399E+03  4.7707194E-04
  2.2646399E+03  4.7707194E-04
  2.2698601E+03  4.7823670E-04
  2.2751001E+03  4.8142829E-04
  2.2803401E+03  4.7893112E-04
  2.2856001E+03  4.7823670E-04
  2.2908701E+03  4.7893112E-04
  2.2961499E+03  4.8684137E-04
  2.3014399E+03  4.8699987E-04
  2.3067500E+03  4.8352446E-04
  2.3120601E+03  4.8684137E-04
  2.3173899E+03  4.8352446E-04
  2.3227400E+03  4.8684137E-04
  2.3280901E+03  4.8684137E-04
  2.3334600E+03  4.8684137E-04
  2.3388401E+03  4.9124676E-04
  2.3442300E+03  5.0097849E-04
  2.3496299E+03  5.1480922E-04
  2.3550500E+03  5.2085664E-04
  2.3604800E+03  5.1756931E-04
  2.3659199E+03  5.1756931E-04
  2.3713701E+03  5.0097849E-04
  2.3768401E+03  5.1023654E-04
  2.3823201E+03  5.1023654E-04
  2.3878101E+03  5.1023654E-04
  2.3933201E+03  5.1756931E-04
  2.3988301E+03  5.1756931E-04
  2.4043601E+03  5.3265778E-04
  2.4099099E+03  5.3498318E-04
  2.4154600E+03  5.3265778E-04
  2.4210300E+03  5.3865340E-04
  2.4266101E+03  5.4371415E-04
  2.4322000E+03  5.4371415E-04
  2.4378101E+03  5.4919976E-04
  2.4434299E+03  5.4953125E-04
  2.4490601E+03  5.6094769E-04
  2.4547100E+03  5.9379573E-04
  2.4603701E+03  6.1475660E-04
  2.4660400E+03  6.1475660E-04
  2.4717200E+03  6.1764824E-04
  2.4774199E+03  6.2160019E-04
  2.4831299E+03  6.2976405E-04
  2.4888601E+03  6.3735811E-04
  2.4945901E+03  6.3931459E-04
  2.5003501E+03  6.4420182E-04
  2.5061101E+03  6.5726129E-04
  2.5118899E+03  6.7364099E-04
  2.5176799E+03  6.9265399E-04
  2.5234800E+03  7.0268550E-04
  2.5293000E+03  7.0646062E-04
  2.5351299E+03  7.0995971E-04
  2.5409700E+03  7.2021858E-04
  2.5468301E+03  7.2494301E-04
  2.5527000E+03  7.3388498E-04
  2.5585901E+03  7.3388498E-04
  2.5644800E+03  7.4106141E-04
  2.5703899E+03  7.4743520E-04
  2.5763201E+03  7.4743520E-04
  2.5822600E+03  7.7848777E-04
  2.5882100E+03  8.0681912E-04
  2.5941799E+03  8.4147864E-04
  2.6001599E+03  8.3174428E-04
  2.6061499E+03  8.5838611E-04
  2.6121599E+03  8.7037677E-04
  2.6181799E+03  8.7857578E-04
  2.6242200E+03  9.0525142E-04
  2.6302700E+03  9.0957590E-04
  2.6363301E+03  9.1969949E-04
  2.6424099E+03  9.4786985E-04
  2.6485000E+03  9.7390922E-04
  2.6546101E+03  9.7720616E-04
  2.6607200E+03  1.0054414E-03
  2.6668601E+03  1.0134596E-03
  2.6730100E+03  1.0199273E-03
  2.6791699E+03  1.0276390E-03
  2.6853401E+03  1.0441109E-03
  2.6915300E+03  1.0532859E-03
  2.6977400E+03  1.0651920E-03
  2.7039600E+03  1.0819046E-03
  2.7101899E+03  1.0941721E-03
  2.7164399E+03  1.1054839E-03
  2.7227000E+03  1.1054839E-03
  2.7289800E+03  1.1278952E-03
  2.7352700E+03  1.1370834E-03
  2.7415701E+03  1.1433322E-03
  2.7478899E+03  1.1612575E-03
  2.7542300E+03  1.1577483E-03
  2.7605801E+03  1.1567444E-03
  2.7669399E+03  1.1567444E-03
  2.7733201E+03  1.1577483E-03
  2.7797100E+03  1.1949780E-03
  2.7861201E+03  1.1885702E-03
  2.7925400E+03  1.1949780E-03
  2.7989800E+03  1.2000789E-03
  2.8054299E+03  1.2100452E-03
  2.8118999E+03  1.2100452E-03
  2.8183799E+03  1.2100452E-03
  2.8248799E+03  1.2186108E-03
  2.8313899E+03  1.2519105E-03
  2.8379199E+03  1.2519105E-03
  2.8444600E+03  1.2561243E-03
  2.8510200E+03  1.2695320E-03
  2.8575901E+03  1.2798312E-03
  2.8641799E+03  1.2922108E-03
  2.8707800E+03  1.3369322E-03
  2.8773999E+03  1.3642355E-03
  2.8840300E+03  1.3932098E-03
  2.8906799E+03  1.4090720E-03
  2.8973401E+03  1.4295153E-03
  2.9040200E+03  1.4397507E-03
  2.9107200E+03  1.4559606E-03
  2.9174299E+03  1.4727094E-03
  2.9241499E+03  1.4928076E-03
  2.9308899E+03  1.5279519E-03
  2.9376499E+03  1.5359111E-03
  2.9444199E+03  1.5717379E-03
  2.9512100E+03  1.5729818E-03
  2.9580100E+03  1.5900596E-03
  2.9648301E+03  1.5927382E-03
  2.9716699E+03  1.6034432E-03
  2.9785200E+03  1.6166917E-03
  2.9853799E+03  1.6166917E-03
  2.9922600E+03  1.6179979E-03
  2.9991599E+03  1.6179979E-03
  3.0060801E+03  1.6393452E-03
  3.0130100E+03  1.6621491E-03
  3.0199500E+03  1.6797024E-03
  3.0269099E+03  1.6833293E-03
  3.0338899E+03  1.6833293E-03
  3.0408899E+03  1.7152195E-03
  3.0478899E+03  1.7298758E-03
  3.0549199E+03  1.7539409E-03
  3.0619600E+03  1.7756426E-03
  3.0690200E+03  1.7885811E-03
  3.0761001E+03  1.8474674E-03
  3.0831899E+03  1.8708961E-03
  3.0903000E+03  1.8728661E-03
  3.0974199E+03  1.8957508E-03
  3.1045601E+03  1.9198498E-03
  3.1117200E+03  1.9277962E-03
  3.1188899E+03  1.9335483E-03
  3.1260801E+03  1.9475690E-03
  3.1332800E+03  1.9589879E-03
  3.1405100E+03  1.9895602E-03
  3.1477500E+03  2.0553758E-03
  3.1550000E+03  2.1013336E-03
  3.1622800E+03  2.1057506E-03
  3.1695701E+03  2.1169230E-03
  3.1768701E+03  2.1385241E-03
  3.1842000E+03  2.1442138E-03
  3.1915400E+03  2.1442138E-03
  3.1988899E+03  2.1510981E-03
  3.2062700E+03  2.1584842E-03
  3.2136599E+03  2.1591326E-03
  3.2210701E+03  2.1616919E-03
  3.2284900E+03  2.2165396E-03
  3.2359399E+03  2.2193668E-03
  3.2433999E+03  2.2364690E-03
  3.2508701E+03  2.2903101E-03
  3.2583701E+03  2.3019004E-03
  3.2658799E+03  2.3091466E-03
  3.2734099E+03  2.3359011E-03
  3.2809500E+03  2.3555923E-03
  3.2885200E+03  2.3677885E-03
  3.2961001E+03  2.3870459E-03
  3.3036899E+03  2.3870459E-03
  3.3113101E+03  2.3903807E-03
  3.3189399E+03  2.4023247E-03
  3.3265901E+03  2.4196755E-03
  3.3342600E+03  2.4321475E-03
  3.3419500E+03  2.4530257E-03
  3.3496499E+03  2.4704970E-03
  3.3573799E+03  2.5051266E-03
  3.3651201E+03  2.5419882E-03
  3.3728701E+03  2.5808299E-03
  3.3806499E+03  2.6141873E-03
  3.3884399E+03  2.6185249E-03
  3.3962500E+03  2.6303176E-03
  3.4040801E+03  2.6487072E-03
  3.4119299E+03  2.6655919E-03
  3.4197900E+03  2.6829301E-03
  3.4276799E+03  2.7084714E-03
  3.4355801E+03  2.7121524E-03
  3.4435000E+03  2.7351354E-03
  3.4514399E+03  2.7742083E-03
  3.4593899E+03  2.7836685E-03
  3.4673701E+03  2.7860489E-03
  3.4753601E+03  2.7978953E-03
  3.4833701E+03  2.8476343E-03
  3.4913999E+03  2.8559130E-03
  3.4994500E+03  2.8911748E-03
  3.5075200E+03  2.8928767E-03
  3.5156001E+03  2.9008617E-03
  3.5237100E+03  2.9119428E-03
  3.5318301E+03  2.9186071E-03
  3.5399700E+03  2.9247999E-03
  3.5481299E+03  2.9250616E-03
  3.5563101E+03  2.9250616E-03
  3.5645100E+03  2.9397383E-03
  3.5727300E+03  2.9421279E-03
  3.5809600E+03  2.9629823E-03
  3.5892200E+03  3.0016794E-03
  3.5974900E+03  3.1017035E-03
  3.6057900E+03  3.1201171E-03
  3.6141001E+03  3.1201171E-03
  3.6224299E+03  3.1222797E-03
  3.6307800E+03  3.1206550E-03
  3.6391499E+03  3.1206550E-03
  3.6475400E+03  3.1242135E-03
  3.6559500E+03  3.1456263E-03
  3.6643701E+03  3.1543453E-03
  3.6728201E+03  3.1543453E-03
  3.6812900E+03  3.1920613E-03
  3.6897800E+03  3.2045222E-03
  3.6982800E+03  3.3626647E-03
  3.7068101E+03  3.4336224E-03
  3.7153501E+03  3.4437939E-03
  3.7239199E+03  3.4437939E-03
  3.7325000E+03  3.4456507E-03
  3.7411101E+03  3.4644513E-03
  3.7497300E+03  3.4644513E-03
  3.7583701E+03  3.5008441E-03
  3.7670400E+03  3.5008441E-03
  3.7757200E+03  3.7304021E-03
  3.7844199E+03  3.7883322E-03
  3.7931499E+03  3.8155301E-03
  3.8018899E+03  3.8754225E-03
  3.8106599E+03  3.8814268E-03
  3.8194399E+03  3.8933030E-03
  3.8282500E+03  3.8974581E-03
  3.8370701E+03  3.9112424E-03
  3.8459199E+03  3.9392491E-03
  3.8547800E+03  3.9215861E-03
  3.8636699E+03  3.9907908E-03
  3.8725701E+03  4.0488215E-03
  3.8815000E+03  4.0997979E-03
  3.8904500E+03  4.1215634E-03
  3.8994199E+03  4.1499734E-03
  3.9084099E+03  4.1756122E-03
  3.9174199E+03  4.1503678E-03
  3.9264500E+03  4.2095706E-03
  3.9355000E+03  4.2379261E-03
  3.9445701E+03  4.3125148E-03
  3.9536699E+03  4.3223081E-03
  3.9627800E+03  4.6400125E-03
  3.9719199E+03  4.6547339E-03
  3.9810701E+03  4.6730866E-03
  3.9902500E+03  4.7000162E-03
  3.9994500E+03  4.7000162E-03
  4.0086699E+03  4.7750189E-03
  4.0179099E+03  4.8550661E-03
  4.0271699E+03  4.8699053E-03
  4.0364500E+03  4.9896827E-03
  4.0457600E+03  5.0727711E-03
  4.0550901E+03  5.1143426E-03
  4.0644299E+03  5.1502972E-03
  4.0738000E+03  5.1502972E-03
  4.0831899E+03  5.1549221E-03
  4.0926101E+03  5.1588374E-03
  4.1020400E+03  5.1588374E-03
  4.1115000E+03  5.1673688E-03
  4.1209800E+03  5.1894435E-03
  4.1304702E+03  5.2442933E-03
  4.1400000E+03  5.4375865E-03
  4.1495400E+03  5.4302239E-03
  4.1591099E+03  5.3836931E-03
  4.1686899E+03  5.4556821E-03
  4.1782998E+03  5.4556821E-03
  4.1879399E+03  5.4887277E-03
  4.1975898E+03  5.5901706E-03
  4.2072598E+03  5.5929152E-03
  4.2169600E+03  5.6076199E-03
  4.2266899E+03  5.6718946E-03
  4.2364302E+03  5.7095336E-03
  4.2462002E+03  5.8862641E-03
  4.2559800E+03  5.9556779E-03
  4.2657900E+03  5.9619979E-03
  4.2756299E+03  5.9889988E-03
  4.2854800E+03  6.0256287E-03
  4.2953599E+03  6.1029741E-03
  4.3052598E+03  6.3421368E-03
  4.3151899E+03  6.3771722E-03
  4.3251401E+03  6.4472156E-03
  4.3351099E+03  6.3822572E-03
  4.3451001E+03  6.4153904E-03
  4.3551201E+03  6.4472156E-03
  4.3651602E+03  6.4569847E-03
  4.3752202E+03  6.4677624E-03
  4.3853101E+03  6.4677624E-03
  4.3954199E+03  6.4677624E-03
  4.4055498E+03  6.4677624E-03
  4.4157002E+03  6.4677624E-03
  4.4258799E+03  6.4137033E-03
  4.4360801E+03  6.6230753E-03
  4.4463101E+03  6.6450695E-03
  4.4565601E+03  6.6408683E-03
  4.4668301E+03  6.6408683E-03
  4.4771299E+03  6.6460287E-03
  4.4874502E+03  6.6601452E-03
  4.4977998E+03  6.6601452E-03
  4.5081699E+03  6.6698892E-03
  4.5185601E+03  6.6698892E-03
  4.5289702E+03  6.6823978E-03
  4.5394102E+03  6.6823978E-03
  4.5498799E+03  6.7459135E-03
  4.5603701E+03  6.8090083E-03
  4.5708799E+03  6.8273866E-03
  4.5814199E+03  6.8610148E-03
  4.5919800E+03  6.9206180E-03
  4.6025601E+03  6.9353366E-03
  4.6131802E+03  6.9791027E-03
  4.6238101E+03  7.0457980E-03
  4.6344702E+03  7.0457980E-03
  4.6451499E+03  7.0457980E-03
  4.6558599E+03  7.1295272E-03
  4.6665898E+03  7.1428823E-03
  4.6773501E+03  7.1607898E-03
  4.6881299E+03  7.1531008E-03
  4.6989399E+03  7.1683531E-03
  4.7097700E+03  7.2368728E-03
  4.7206299E+03  7.2368728E-03
  4.7315098E+03  7.2368728E-03
  4.7424199E+03  7.2592748E-03
  4.7533501E+03  7.2446838E-03
  4.7643101E+03  7.2239926E-03
  4.7752900E+03  7.2446838E-03
  4.7862998E+03  7.3052496E-03
  4.7973301E+03  7.3094419E-03
  4.8083901E+03  7.2738435E-03
  4.8194800E+03  7.3094419E-03
  4.8305898E+03  7.3347334E-03
  4.8417202E+03  7.3610581E-03
  4.8528799E+03  7.3852758E-03
  4.8640698E+03  7.3978268E-03
  4.8752798E+03  7.3986268E-03
  4.8865200E+03  7.4215252E-03
  4.8977900E+03  7.4215252E-03
  4.9090801E+03  7.5277365E-03
  4.9203901E+03  7.5696078E-03
  4.9317402E+03  7.5661638E-03
  4.9431099E+03  7.5661638E-03
  4.9545000E+03  7.5661638E-03
  4.9659199E+03  7.5747087E-03
  4.9773701E+03  7.5661638E-03
  4.9888398E+03  7.5696078E-03
  5.0003398E+03  7.5567700E-03
  5.0118701E+03  7.5207925E-03
  5.0234302E+03  7.5150849E-03
  5.0350000E+03  7.5316220E-03
  5.0466099E+03  7.5316220E-03
  5.0582500E+03  7.5462773E-03
  5.0699102E+03  7.5401235E-03
  5.0815898E+03  7.5462773E-03
  5.0933101E+03  7.5412705E-03
  5.1050498E+03  7.5564464E-03
  5.1168198E+03  7.5472468E-03
  5.1286099E+03  7.5412705E-03
  5.1404399E+03  7.5412705E-03
  5.1522900E+03  7.4980734E-03
  5.1641602E+03  7.4980734E-03
  5.1760698E+03  7.4962378E-03
  5.1880000E+03  7.4980734E-03
  5.1999600E+03  7.4962378E-03
  5.2119502E+03  7.4962378E-03
  5.2239600E+03  7.4962378E-03
  5.2360000E+03  7.4903388E-03
  5.2480698E+03  7.4903388E-03
  5.2601699E+03  7.4903388E-03
  5.2722998E+03  7.5205117E-03
  5.2844502E+03  7.5052064E-03
  5.2966299E+03  7.5454568E-03
  5.3088398E+03  7.4903388E-03
  5.3210801E+03  7.5854156E-03
  5.3333501E+03  7.4800616E-03
  5.3456401E+03  7.5821932E-03
  5.3579600E+03  7.5158440E-03
  5.3703198E+03  7.5158440E-03
  5.3827002E+03  7.4800616E-03
  5.3951001E+03  7.4635437E-03
  5.4075400E+03  7.5158440E-03
  5.4200098E+03  7.5158440E-03
  5.4325000E+03  7.5345044E-03
  5.4450200E+03  7.5452994E-03
  5.4575801E+03  7.6791141E-03
  5.4701602E+03  7.6262513E-03
  5.4827700E+03  7.6671764E-03
  5.4954102E+03  7.6334681E-03
  5.5080801E+03  7.6334681E-03
  5.5207700E+03  7.6475367E-03
  5.5335000E+03  7.6334681E-03
  5.5462598E+03  7.5328625E-03
  5.5590400E+03  7.5068092E-03
  5.5718501E+03  7.6334681E-03
  5.5847002E+03  7.6334681E-03
  5.5975698E+03  7.7039511E-03
  5.6104800E+03  7.6795821E-03
  5.6234102E+03  7.7117919E-03
  5.6363799E+03  7.7136760E-03
  5.6493701E+03  7.7136760E-03
  5.6623901E+03  7.7136760E-03
  5.6754502E+03  7.7136760E-03
  5.6885298E+03  7.7117919E-03
  5.7016401E+03  7.6899859E-03
  5.7147900E+03  7.8428565E-03
  5.7279600E+03  7.7497163E-03
  5.7411602E+03  7.8428565E-03
  5.7543999E+03  7.8428565E-03
  5.7676602E+03  7.7497163E-03
  5.7809600E+03  7.7497163E-03
  5.7942900E+03  7.7545890E-03
  5.8076401E+03  7.7545890E-03
  5.8210298E+03  7.7534015E-03
  5.8344502E+03  7.7656186E-03
  5.8478999E+03  7.7545890E-03
  5.8613799E+03  7.7790977E-03
  5.8748901E+03  7.7885925E-03
  5.8884399E+03  7.7766594E-03
  5.9020098E+03  7.7766594E-03
  5.9156099E+03  7.7885925E-03
  5.9292500E+03  7.8165075E-03
  5.9429199E+03  7.7766594E-03
  5.9566201E+03  7.7766594E-03
  5.9703501E+03  7.7695330E-03
  5.9841201E+03  7.7171959E-03
  5.9979102E+03  7.7171959E-03
  6.0117300E+03  7.6612481E-03
  6.0256001E+03  7.6414724E-03
  6.0394800E+03  7.6250914E-03
  6.0534102E+03  7.6019322E-03
  6.0673599E+03  7.6019322E-03
  6.0813501E+03  7.5763762E-03
  6.0953701E+03  7.5763762E-03
  6.1094199E+03  7.6181041E-03
  6.1235000E+03  7.6181041E-03
  6.1376201E+03  7.6027461E-03
  6.1517700E+03  7.6027461E-03
  6.1659502E+03  7.6027461E-03
  6.1801602E+03  7.6027461E-03
  6.1944102E+03  7.7260002E-03
  6.2086899E+03  7.7260002E-03
  6.2230000E+03  7.7260002E-03
  6.2373501E+03  7.7260002E-03
  6.2517300E+03  7.7260002E-03
  6.2661401E+03  7.7260002E-03
  6.2805801E+03  7.7260002E-03
  6.2950601E+03  7.6511940E-03
  6.3095698E+03  7.5184894E-03
  6.3241201E+03  7.5812275E-03
  6.3386899E+03  7.6179453E-03
  6.3533101E+03  7.6236390E-03
  6.3679502E+03  7.5968299E-03
  6.3826299E+03  7.6560513E-03
  6.3973501E+03  7.6365615E-03
  6.4120898E+03  7.5468365E-03
  6.4268799E+03  7.4073076E-03
  6.4416899E+03  7.4073076E-03
  6.4565400E+03  7.5477813E-03
  6.4714199E+03  7.4033481E-03
  6.4863398E+03  7.4033481E-03
  6.5012998E+03  7.5477813E-03
  6.5162798E+03  7.4033481E-03
  6.5312998E+03  7.5477813E-03
  6.5463599E+03  7.6526855E-03
  6.5614502E+03  7.6526855E-03
  6.5765801E+03  7.6526855E-03
  6.5917402E+03  7.4480800E-03
  6.6069302E+03  7.4480800E-03
  6.6221602E+03  7.4480800E-03
  6.6374302E+03  7.3434198E-03
  6.6527300E+03  7.3434198E-03
  6.6680698E+03  7.4480800E-03
  6.6834399E+03  7.3858718E-03
  6.6988501E+03  7.3858718E-03
  6.7142900E+03  7.3858718E-03
  6.7297598E+03  7.3858718E-03
  6.7452798E+03  7.3858718E-03
  6.7608301E+03  7.3858718E-03
  6.7764102E+03  7.2715119E-03
  6.7920400E+03  7.2715119E-03
  6.8076899E+03  7.1877567E-03
  6.8233799E+03  7.2477986E-03
  6.8391099E+03  7.1792542E-03
  6.8548799E+03  7.1085985E-03
  6.8706802E+03  7.1827434E-03
  6.8865200E+03  7.2532520E-03
  6.9023999E+03  7.2524077E-03
  6.9183101E+03  7.2206859E-03
  6.9342598E+03  7.1868096E-03
  6.9502402E+03  7.1753459E-03
  6.9662598E+03  7.2341044E-03
  6.9823198E+03  7.5387908E-03
  6.9984199E+03  7.5387908E-03
  7.0145498E+03  7.5387908E-03
  7.0307202E+03  7.5387908E-03
  7.0469302E+03  7.2445250E-03
  7.0631802E+03  7.1268389E-03
  7.0794600E+03  6.9802026E-03
  7.0957700E+03  6.8456871E-03
  7.1121401E+03  6.7318776E-03
  7.1285298E+03  6.6289464E-03
  7.1449600E+03  6.6040866E-03
  7.1614302E+03  6.6378210E-03
  7.1779399E+03  6.6043152E-03
  7.1944902E+03  6.5393536E-03
  7.2110698E+03  6.6474481E-03
  7.2277002E+03  6.7518973E-03
  7.2443599E+03  6.7888680E-03
  7.2610601E+03  6.8150889E-03
  7.2777998E+03  6.7901909E-03
  7.2945698E+03  6.7635532E-03
  7.3113901E+03  6.8873707E-03
  7.3282500E+03  6.8961936E-03
  7.3451401E+03  6.9407416E-03
  7.3620698E+03  7.0432881E-03
  7.3790400E+03  7.0419041E-03
  7.3960498E+03  6.8683862E-03
  7.4131001E+03  6.8683862E-03
  7.4301899E+03  7.0907748E-03
  7.4473198E+03  7.0952685E-03
  7.4644902E+03  7.1204407E-03
  7.4816899E+03  6.3766995E-03
  7.4989399E+03  6.3766995E-03
  7.5162300E+03  6.3766995E-03
  7.5335498E+03  6.3766995E-03
  7.5509199E+03  7.3347376E-03
  7.5683301E+03  7.2982991E-03
  7.5857700E+03  7.1956608E-03
  7.6032598E+03  7.0997220E-03
  7.6207900E+03  6.9994847E-03
  7.6383599E+03  7.5092083E-03
  7.6559600E+03  7.5092083E-03
  7.6736099E+03  7.5092083E-03
  7.6912998E+03  7.5092083E-03
  7.7090298E+03  7.0516723E-03
  7.7268101E+03  6.5806354E-03
  7.7446201E+03  6.6079055E-03
  7.7624702E+03  6.6079055E-03
  7.7803599E+03  6.6079055E-03
  7.7982998E+03  6.6079055E-03
  7.8162798E+03  6.6079055E-03
  7.8342900E+03  6.5632346E-03
  7.8523599E+03  6.5216292E-03
  7.8704600E+03  6.7615970E-03
  7.8886001E+03  6.7615970E-03
  7.9067900E+03  6.7615970E-03
  7.9250098E+03  6.7615970E-03
  7.9432798E+03  6.7615970E-03
  7.9615898E+03  6.7615970E-03
  7.9799502E+03  6.5360302E-03
  7.9983398E+03  6.5623014E-03
  8.0167798E+03  6.6041704E-03
  8.0352598E+03  6.6117663E-03
  8.0537798E+03  6.6169808E-03
  8.0723501E+03  6.6640698E-03
  8.0909600E+03  6.6068317E-03
  8.1096099E+03  6.6605001E-03
  8.1282998E+03  6.7861849E-03
  8.1470400E+03  6.8378444E-03
  8.1658198E+03  6.8737916E-03
  8.1846499E+03  6.7509520E-03
  8.2035098E+03  6.4057685E-03
  8.2224297E+03  6.3540763E-03
  8.2413799E+03  6.2272018E-03
  8.2603799E+03  6.4057685E-03
  8.2794199E+03  6.2272018E-03
  8.2985098E+03  5.9661395E-03
  8.3176299E+03  6.2272018E-03
  8.3368096E+03  6.4003766E-03
  8.3560303E+03  6.2922188E-03
  8.3752900E+03  6.4003766E-03
  8.3945996E+03  6.4003766E-03
  8.4139502E+03  6.4003766E-03
  8.4333496E+03  6.4003766E-03
  8.4527900E+03  6.4357263E-03
  8.4722695E+03  6.1790734E-03
  8.4917998E+03  6.2355725E-03
  8.5113799E+03  6.1790734E-03
  8.5310000E+03  6.2192208E-03
  8.5506699E+03  6.2355725E-03
  8.5703799E+03  6.2192208E-03
  8.5901396E+03  5.9694126E-03
  8.6099404E+03  6.1099972E-03
  8.6297803E+03  6.2192208E-03
  8.6496699E+03  6.2756427E-03
  8.6696201E+03  6.2756427E-03
  8.6895996E+03  6.2756427E-03
  8.7096299E+03  6.5042879E-03
  8.7297100E+03  6.3942373E-03
  8.7498398E+03  6.6245301E-03
  8.7700000E+03  6.5511107E-03
  8.7902305E+03  6.5511107E-03
  8.8104902E+03  6.5511107E-03
  8.8307998E+03  6.5511107E-03
  8.8511504E+03  6.3823345E-03
  8.8715596E+03  6.1887894E-03
  8.8920098E+03  6.2953560E-03
  8.9125098E+03  6.3285865E-03
  8.9330498E+03  6.2333206E-03
  8.9536504E+03  6.2415795E-03
  8.9742803E+03  6.2609282E-03
  8.9949805E+03  6.2155928E-03
  9.0157100E+03  6.1145476E-03
  9.0364902E+03  6.3133184E-03
  9.0573301E+03  6.4079878E-03
  9.0782002E+03  6.3387849E-03
  9.0991299E+03  6.1190808E-03
  9.1200996E+03  6.1190808E-03
  9.1411299E+03  6.3975626E-03
  9.1622002E+03  6.3758455E-03
  9.1833203E+03  6.4052269E-03
  9.2045000E+03  6.2690177E-03
  9.2257100E+03  6.1004753E-03
  9.2469805E+03  6.0747387E-03
  9.2682998E+03  6.1042607E-03
  9.2896602E+03  6.0451804E-03
  9.3110801E+03  6.0804742E-03
  9.3325400E+03  6.0721915E-03
  9.3540596E+03  5.8927080E-03
  9.3756201E+03  5.8927080E-03
  9.3972305E+03  6.0005044E-03
  9.4189004E+03  5.9820954E-03
  9.4406104E+03  6.0073240E-03
  9.4623701E+03  6.0369456E-03
  9.4841797E+03  6.0807616E-03
  9.5060498E+03  6.0177278E-03
  9.5279600E+03  6.0116653E-03
  9.5499199E+03  5.8720019E-03
  9.5719404E+03  5.9643351E-03
  9.5940000E+03  5.8737653E-03
  9.6161201E+03  5.8737653E-03
  9.6382900E+03  5.8737653E-03
  9.6605098E+03  5.8737653E-03
  9.6827695E+03  5.9354673E-03
  9.7050996E+03  5.7270126E-03
  9.7274697E+03  5.8459742E-03
  9.7498896E+03  5.8140107E-03
  9.7723701E+03  5.8254646E-03
  9.7949004E+03  5.7858797E-03
  9.8174805E+03  5.8570569E-03
  9.8401104E+03  5.8402424E-03
  9.8627900E+03  5.8289226E-03
  9.8855303E+03  5.8057434E-03
  9.9083203E+03  5.7650553E-03
  9.9311602E+03  5.5466066E-03
  9.9540498E+03  5.5466066E-03
  9.9770000E+03  5.5466066E-03
  1.0000000E+04  5.5466066E-03
  1.0000000E+04  5.5466066E-03
  1.0115800E+04  5.5122841E-03
  1.0232940E+04  5.6098187E-03
  1.0351420E+04  4.9265758E-03
  1.0471290E+04  5.4275058E-03
  1.0592540E+04  5.2786977E-03
  1.0715200E+04  5.0234837E-03
  1.0839270E+04  4.5998362E-03
  1.0964780E+04  4.7992733E-03
  1.1091750E+04  4.6024076E-03
  1.1220190E+04  4.6934569E-03
  1.1350100E+04  4.5504128E-03
  1.1481540E+04  4.5134248E-03
  1.1614490E+04  4.5267823E-03
  1.1748980E+04  4.3162969E-03
  1.1885020E+04  4.3194639E-03
  1.2022640E+04  4.2095147E-03
  1.2161860E+04  4.1253641E-03
  1.2302690E+04  3.9771060E-03
  1.2445140E+04  4.0243594E-03
  1.2589250E+04  3.8110816E-03
  1.2735030E+04  3.8795436E-03
  1.2882500E+04  3.7710292E-03
  1.3031660E+04  3.6642824E-03
  1.3182560E+04  3.7470663E-03
  1.3335210E+04  3.7311988E-03
  1.3489630E+04  3.4614932E-03
  1.3645840E+04  3.5998244E-03
  1.3803840E+04  3.4031556E-03
  1.3963680E+04  3.4104534E-03
  1.4125380E+04  3.3239417E-03
  1.4288950E+04  3.3174884E-03
  1.4454390E+04  3.4169245E-03
  1.4621770E+04  3.0056071E-03
  1.4791090E+04  3.0668341E-03
  1.4962360E+04  3.0743473E-03
  1.5135610E+04  3.0645889E-03
  1.5310870E+04  3.0610193E-03
  1.5488170E+04  3.0298640E-03
  1.5667520E+04  2.9368284E-03
  1.5848920E+04  2.8291168E-03
  1.6032450E+04  2.8517488E-03
  1.6218100E+04  2.8265924E-03
  1.6405900E+04  2.7905123E-03
  1.6595859E+04  2.7556401E-03
  1.6788039E+04  2.6685421E-03
  1.6982439E+04  2.6191992E-03
  1.7179090E+04  2.5233268E-03
  1.7378000E+04  2.4012104E-03
  1.7579230E+04  2.3301274E-03
  1.7782789E+04  2.2328587E-03
  1.7988711E+04  2.1404431E-03
  1.8197020E+04  2.0520634E-03
  1.8407711E+04  1.9815224E-03
  1.8620869E+04  1.9072304E-03
  1.8836490E+04  1.8411889E-03
  1.9054619E+04  1.7885792E-03
  1.9275240E+04  1.7187174E-03
  1.9498439E+04  1.6377144E-03
  1.9724230E+04  1.5787678E-03
  1.9952631E+04  1.5304057E-03
  2.0183660E+04  1.4877336E-03
  2.0417381E+04  1.4419971E-03
  2.0653801E+04  1.3940154E-03
  2.0892971E+04  1.3481674E-03
  2.1134881E+04  1.3096947E-03
  2.1379619E+04  1.2745656E-03
  2.1627189E+04  1.2222006E-03
  2.1877619E+04  1.1860627E-03
  2.2130939E+04  1.1461313E-03
  2.2387211E+04  1.1004533E-03
  2.2646439E+04  1.0568335E-03
  2.2908680E+04  9.4590854E-04
  2.3173930E+04  9.0127205E-04
  2.3442279E+04  8.3876948E-04
  2.3713740E+04  7.8706548E-04
  2.3988340E+04  7.4493355E-04
  2.4266109E+04  7.0337363E-04
  2.4547080E+04  6.4967439E-04
  2.4831330E+04  5.9483387E-04
  2.5118869E+04  5.6845881E-04
  2.5409740E+04  5.6235027E-04
  2.5703949E+04  5.5563776E-04
  2.6001590E+04  5.4088025E-04
  2.6302680E+04  5.2321493E-04
  2.6607260E+04  5.0636783E-04
  2.6915340E+04  4.9511000E-04
  2.7227010E+04  4.8553618E-04
  2.7542289E+04  4.7104672E-04
  2.7861221E+04  4.5566371E-04
  2.8183820E+04  4.3984008E-04
  2.8510180E+04  4.2697747E-04
  2.8840320E+04  4.1233332E-04
  2.9174279E+04  3.9881581E-04
  2.9512080E+04  3.8459626E-04
  2.9853820E+04  3.7166246E-04
  3.0199520E+04  3.5947177E-04
  3.0549221E+04  3.4724525E-04
  3.0902939E+04  3.3611752E-04
  3.1260789E+04  3.2597876E-04
  3.1622779E+04  3.1436444E-04
  3.1988961E+04  3.0487549E-04
  3.2359350E+04  2.9431877E-04
  3.2734061E+04  2.8349936E-04
  3.3113109E+04  2.7339387E-04
  3.3496551E+04  2.6399086E-04
  3.3884430E+04  2.5388476E-04
  3.4276770E+04  2.4459820E-04
  3.4673680E+04  2.3553232E-04
  3.5075199E+04  2.2669182E-04
  3.5481359E+04  2.1782529E-04
  3.5892180E+04  2.0900897E-04
  3.6307801E+04  2.0141063E-04
  3.6728230E+04  1.9301058E-04
  3.7153539E+04  1.8478700E-04
  3.7583719E+04  1.7718771E-04
  3.8018930E+04  1.7070927E-04
  3.8459180E+04  1.6449174E-04
  3.8904531E+04  1.5755382E-04
  3.9354988E+04  1.5122890E-04
  3.9810711E+04  1.4440125E-04
  4.0271711E+04  1.3918536E-04
  4.0738039E+04  1.3336715E-04
  4.1209730E+04  1.2823060E-04
  4.1686930E+04  1.2275868E-04
  4.2169648E+04  1.1787614E-04
  4.2657961E+04  1.1338264E-04
  4.3151879E+04  1.0133878E-04
  4.3651570E+04  9.4392490E-05
  4.4157039E+04  8.7554385E-05
  4.4668371E+04  8.2662642E-05
  4.5185621E+04  7.9217105E-05
  4.5708801E+04  7.6861405E-05
  4.6238102E+04  7.3733332E-05
  4.6773520E+04  7.1679795E-05
  4.7315148E+04  6.9583904E-05
  4.7862988E+04  6.6941073E-05
  4.8417230E+04  6.4831234E-05
  4.8977891E+04  6.2038620E-05
  4.9545039E+04  5.9721693E-05
  5.0118699E+04  5.7860481E-05
  5.0699059E+04  5.5733479E-05
  5.1286141E+04  5.3820590E-05
  5.1880020E+04  5.1990588E-05
  5.2480719E+04  5.0195798E-05
  5.3088430E+04  4.8232905E-05
  5.3703180E+04  4.6754012E-05
  5.4325051E+04  4.4928664E-05
  5.4954059E+04  4.3503391E-05
  5.5590410E+04  4.2058353E-05
  5.6234129E+04  4.0611878E-05
  5.6885309E+04  3.9103405E-05
  5.7543961E+04  3.7958704E-05
  5.8210301E+04  3.6612200E-05
  5.8884359E+04  3.5234101E-05
  5.9566230E+04  3.3988686E-05
  6.0255988E+04  3.2821008E-05
  6.0953672E+04  3.1528303E-05
  6.1659500E+04  3.0498615E-05
  6.2373500E+04  2.9317302E-05
  6.3095762E+04  2.8191585E-05
  6.3826320E+04  2.7169614E-05
  6.4565410E+04  2.6125073E-05
  6.5313059E+04  2.5145802E-05
  6.6069367E+04  2.4205709E-05
  6.6834359E+04  2.3282095E-05
  6.7608289E+04  2.2368607E-05
  6.8391172E+04  2.1504202E-05
  6.9183117E+04  2.0660904E-05
  6.9984156E+04  1.9855295E-05
  7.0794562E+04  1.9088580E-05
  7.1614344E+04  1.8337494E-05
  7.2443617E+04  1.7617896E-05
  7.3282406E+04  1.6927706E-05
  7.4131008E+04  1.6268110E-05
  7.4989422E+04  1.5638403E-05
  7.5857781E+04  1.5079292E-05
  7.6736102E+04  1.4544195E-05
  7.7624688E+04  1.4028594E-05
  7.8523562E+04  1.3541080E-05
  7.9432844E+04  1.3066505E-05
  8.0352648E+04  1.2612398E-05
  8.1283023E+04  1.2190604E-05
  8.2224258E+04  1.1793504E-05
  8.3176391E+04  1.1423705E-05
  8.4139547E+04  1.1077790E-05
  8.5113773E+04  1.0755403E-05
  8.6099367E+04  1.0450496E-05
  8.7096367E+04  1.0137301E-05
  8.8104922E+04  9.8276842E-06
  8.9125047E+04  9.5541000E-06
  9.0157102E+04  9.3065992E-06
  9.1201094E+04  9.0785979E-06
  9.2257172E+04  8.8862989E-06
  9.3325383E+04  8.7139033E-06
  9.4406070E+04  8.5656957E-06
  9.5499273E+04  8.4473986E-06
  9.6605117E+04  8.3566983E-06
  9.7723672E+04  8.1498029E-06
  9.8855281E+04  7.8784014E-06
  1.0000000E+05  7.6139982E-06
  1.0115797E+05  7.3865003E-06
  1.0232924E+05  7.1631016E-06
  1.0351419E+05  6.9360030E-06
  1.0471285E+05  6.7062010E-06
  1.0592540E+05  6.4718010E-06
  1.0715198E+05  6.2386989E-06
  1.0839266E+05  6.0036018E-06
  1.0964781E+05  5.7671982E-06
  1.1091750E+05  5.5639994E-06
  1.1220190E+05  5.3922977E-06
  1.1350104E+05  5.1770999E-06
  1.1481534E+05  4.9515020E-06
  1.1614488E+05  4.7306989E-06
  1.1748980E+05  4.5151000E-06
  1.1885017E+05  4.3032937E-06
  1.2022642E+05  4.1068984E-06
  1.2161861E+05  4.0012987E-06
  1.2302692E+05  3.8961980E-06
  1.2445140E+05  3.7938996E-06
  1.2589252E+05  3.6912015E-06
  1.2735031E+05  3.5811956E-06
  1.2882499E+05  3.4651989E-06
  1.3031661E+05  3.3572990E-06
  1.3182564E+05  3.2733988E-06
  1.3335214E+05  3.1906002E-06
  1.3489633E+05  3.1065006E-06
  1.3645823E+05  3.0186986E-06
  1.3803839E+05  2.9299988E-06
  1.3963683E+05  2.8421009E-06
  1.4125378E+05  2.7709998E-06
  1.4288947E+05  2.7011997E-06
  1.4454392E+05  2.6298987E-06
  1.4621770E+05  2.5587010E-06
  1.4791086E+05  2.4872998E-06
  1.4962362E+05  2.4150995E-06
  1.5135606E+05  2.3542000E-06
  1.5310872E+05  2.2964011E-06
  1.5488169E+05  2.2377990E-06
  1.5667517E+05  2.1787994E-06
  1.5848925E+05  2.1193998E-06
  1.6032452E+05  2.0607006E-06
  1.6218103E+05  2.0115008E-06
  1.6405903E+05  1.9649981E-06
  1.6595861E+05  1.9129998E-06
  1.6788036E+05  1.8614003E-06
  1.6982438E+05  1.8099997E-06
  1.7179089E+05  1.7613003E-06
  1.7377998E+05  1.7127993E-06
  1.7579231E+05  1.6611976E-06
  1.7782794E+05  1.6108005E-06
  1.7988714E+05  1.5595982E-06
  1.8196998E+05  1.5155994E-06
  1.8407714E+05  1.4715004E-06
  1.8620870E+05  1.4269004E-06
  1.8836495E+05  1.3817000E-06
  1.9054595E+05  1.3382987E-06
  1.9275242E+05  1.2998993E-06
  1.9498444E+05  1.2610002E-06
  1.9724231E+05  1.2217994E-06
  1.9952631E+05  1.1821000E-06
