  3.1623001E+02  0.0000000E+00
  3.1695999E+02  0.0000000E+00
  3.1769000E+02  0.0000000E+00
  3.1842001E+02  0.0000000E+00
  3.1914999E+02  0.0000000E+00
  3.1989001E+02  0.0000000E+00
  3.2063000E+02  0.0000000E+00
  3.2137000E+02  0.0000000E+00
  3.2210999E+02  0.0000000E+00
  3.2285001E+02  0.0000000E+00
  3.2359000E+02  0.0000000E+00
  3.2434000E+02  0.0000000E+00
  3.2509000E+02  0.0000000E+00
  3.2584000E+02  0.0000000E+00
  3.2659000E+02  0.0000000E+00
  3.2734000E+02  0.0000000E+00
  3.2810001E+02  0.0000000E+00
  3.2885001E+02  0.0000000E+00
  3.2960999E+02  0.0000000E+00
  3.3037000E+02  0.0000000E+00
  3.3113000E+02  0.0000000E+00
  3.3189001E+02  0.0000000E+00
  3.3266000E+02  0.0000000E+00
  3.3342999E+02  0.0000000E+00
  3.3419000E+02  0.0000000E+00
  3.3497000E+02  0.0000000E+00
  3.3573999E+02  0.0000000E+00
  3.3651001E+02  0.0000000E+00
  3.3729001E+02  0.0000000E+00
  3.3806000E+02  0.0000000E+00
  3.3884000E+02  0.0000000E+00
  3.3963000E+02  0.0000000E+00
  3.4041000E+02  0.0000000E+00
  3.4119000E+02  0.0000000E+00
  3.4198001E+02  0.0000000E+00
  3.4276999E+02  0.0000000E+00
  3.4356000E+02  0.0000000E+00
  3.4435001E+02  0.0000000E+00
  3.4514001E+02  0.0000000E+00
  3.4594000E+02  0.0000000E+00
  3.4673999E+02  0.0000000E+00
  3.4754001E+02  0.0000000E+00
  3.4834000E+02  0.0000000E+00
  3.4914001E+02  0.0000000E+00
  3.4995001E+02  0.0000000E+00
  3.5075000E+02  0.0000000E+00
  3.5156000E+02  0.0000000E+00
  3.5237000E+02  0.0000000E+00
  3.5317999E+02  0.0000000E+00
  3.5400000E+02  0.0000000E+00
  3.5481000E+02  0.0000000E+00
  3.5563000E+02  0.0000000E+00
  3.5645001E+02  0.0000000E+00
  3.5726999E+02  0.0000000E+00
  3.5810001E+02  0.0000000E+00
  3.5892001E+02  0.0000000E+00
  3.5975000E+02  0.0000000E+00
  3.6057999E+02  0.0000000E+00
  3.6141000E+02  0.0000000E+00
  3.6223999E+02  0.0000000E+00
  3.6307999E+02  0.0000000E+00
  3.6392001E+02  0.0000000E+00
  3.6475000E+02  0.0000000E+00
  3.6559000E+02  0.0000000E+00
  3.6644000E+02  0.0000000E+00
  3.6728000E+02  0.0000000E+00
  3.6813000E+02  0.0000000E+00
  3.6898001E+02  0.0000000E+00
  3.6982999E+02  0.0000000E+00
  3.7067999E+02  0.0000000E+00
  3.7154001E+02  0.0000000E+00
  3.7239001E+02  0.0000000E+00
  3.7325000E+02  0.0000000E+00
  3.7410999E+02  0.0000000E+00
  3.7497000E+02  0.0000000E+00
  3.7584000E+02  0.0000000E+00
  3.7670001E+02  0.0000000E+00
  3.7757001E+02  0.0000000E+00
  3.7844000E+02  0.0000000E+00
  3.7931000E+02  0.0000000E+00
  3.8019000E+02  0.0000000E+00
  3.8107001E+02  0.0000000E+00
  3.8194000E+02  0.0000000E+00
  3.8282001E+02  0.0000000E+00
  3.8370999E+02  0.0000000E+00
  3.8459000E+02  0.0000000E+00
  3.8548001E+02  0.0000000E+00
  3.8637000E+02  0.0000000E+00
  3.8726001E+02  0.0000000E+00
  3.8814999E+02  0.0000000E+00
  3.8904999E+02  0.0000000E+00
  3.8994000E+02  0.0000000E+00
  3.9084000E+02  0.0000000E+00
  3.9173999E+02  0.0000000E+00
  3.9264999E+02  0.0000000E+00
  3.9354999E+02  0.0000000E+00
  3.9445999E+02  0.0000000E+00
  3.9537000E+02  0.0000000E+00
  3.9628000E+02  0.0000000E+00
  3.9719000E+02  0.0000000E+00
  3.9810999E+02  0.0000000E+00
  3.9901999E+02  0.0000000E+00
  3.9994000E+02  0.0000000E+00
  4.0087000E+02  0.0000000E+00
  4.0179001E+02  0.0000000E+00
  4.0272000E+02  0.0000000E+00
  4.0364999E+02  0.0000000E+00
  4.0457999E+02  0.0000000E+00
  4.0551001E+02  0.0000000E+00
  4.0644000E+02  0.0000000E+00
  4.0738000E+02  0.0000000E+00
  4.0832001E+02  0.0000000E+00
  4.0926001E+02  0.0000000E+00
  4.1020001E+02  0.0000000E+00
  4.1114999E+02  0.0000000E+00
  4.1210001E+02  0.0000000E+00
  4.1304999E+02  0.0000000E+00
  4.1400000E+02  0.0000000E+00
  4.1495001E+02  0.0000000E+00
  4.1591000E+02  0.0000000E+00
  4.1687000E+02  0.0000000E+00
  4.1782999E+02  0.0000000E+00
  4.1879001E+02  0.0000000E+00
  4.1976001E+02  0.0000000E+00
  4.2073001E+02  0.0000000E+00
  4.2170001E+02  0.0000000E+00
  4.2267001E+02  0.0000000E+00
  4.2364001E+02  0.0000000E+00
  4.2462000E+02  0.0000000E+00
  4.2560001E+02  0.0000000E+00
  4.2657999E+02  0.0000000E+00
  4.2756000E+02  0.0000000E+00
  4.2854999E+02  0.0000000E+00
  4.2954001E+02  0.0000000E+00
  4.3053000E+02  0.0000000E+00
  4.3151999E+02  0.0000000E+00
  4.3251001E+02  0.0000000E+00
  4.3351001E+02  0.0000000E+00
  4.3451001E+02  0.0000000E+00
  4.3551001E+02  0.0000000E+00
  4.3651999E+02  0.0000000E+00
  4.3751999E+02  0.0000000E+00
  4.3853000E+02  0.0000000E+00
  4.3954001E+02  0.0000000E+00
  4.4054999E+02  0.0000000E+00
  4.4157001E+02  0.0000000E+00
  4.4259000E+02  0.0000000E+00
  4.4360999E+02  0.0000000E+00
  4.4463000E+02  0.0000000E+00
  4.4566000E+02  0.0000000E+00
  4.4667999E+02  0.0000000E+00
  4.4770999E+02  0.0000000E+00
  4.4875000E+02  0.0000000E+00
  4.4978000E+02  0.0000000E+00
  4.5082001E+02  0.0000000E+00
  4.5185999E+02  0.0000000E+00
  4.5289999E+02  0.0000000E+00
  4.5394000E+02  0.0000000E+00
  4.5498999E+02  0.0000000E+00
  4.5604001E+02  0.0000000E+00
  4.5709000E+02  0.0000000E+00
  4.5814001E+02  0.0000000E+00
  4.5920001E+02  0.0000000E+00
  4.6026001E+02  0.0000000E+00
  4.6132001E+02  0.0000000E+00
  4.6238000E+02  0.0000000E+00
  4.6345001E+02  0.0000000E+00
  4.6451999E+02  0.0000000E+00
  4.6559000E+02  0.0000000E+00
  4.6666000E+02  0.0000000E+00
  4.6773999E+02  0.0000000E+00
  4.6881000E+02  0.0000000E+00
  4.6989001E+02  0.0000000E+00
  4.7098001E+02  0.0000000E+00
  4.7206000E+02  0.0000000E+00
  4.7314999E+02  0.0000000E+00
  4.7423999E+02  0.0000000E+00
  4.7534000E+02  0.0000000E+00
  4.7642999E+02  0.0000000E+00
  4.7753000E+02  0.0000000E+00
  4.7863000E+02  0.0000000E+00
  4.7973001E+02  0.0000000E+00
  4.8084000E+02  0.0000000E+00
  4.8195001E+02  0.0000000E+00
  4.8306000E+02  0.0000000E+00
  4.8417001E+02  0.0000000E+00
  4.8529001E+02  0.0000000E+00
  4.8641000E+02  0.0000000E+00
  4.8753000E+02  0.0000000E+00
  4.8864999E+02  0.0000000E+00
  4.8978000E+02  0.0000000E+00
  4.9091000E+02  0.0000000E+00
  4.9204001E+02  0.0000000E+00
  4.9317001E+02  0.0000000E+00
  4.9431000E+02  0.0000000E+00
  4.9545001E+02  0.0000000E+00
  4.9659000E+02  0.0000000E+00
  4.9773999E+02  0.0000000E+00
  4.9888000E+02  0.0000000E+00
  5.0003000E+02  0.0000000E+00
  5.0119000E+02  0.0000000E+00
  5.0234000E+02  0.0000000E+00
  5.0350000E+02  0.0000000E+00
  5.0466000E+02  0.0000000E+00
  5.0582001E+02  0.0000000E+00
  5.0698999E+02  0.0000000E+00
  5.0816000E+02  0.0000000E+00
  5.0932999E+02  0.0000000E+00
  5.1050000E+02  0.0000000E+00
  5.1167999E+02  0.0000000E+00
  5.1285999E+02  0.0000000E+00
  5.1403998E+02  0.0000000E+00
  5.1522998E+02  0.0000000E+00
  5.1641998E+02  0.0000000E+00
  5.1760999E+02  0.0000000E+00
  5.1879999E+02  0.0000000E+00
  5.2000000E+02  0.0000000E+00
  5.2119000E+02  0.0000000E+00
  5.2240002E+02  0.0000000E+00
  5.2359998E+02  0.0000000E+00
  5.2481000E+02  0.0000000E+00
  5.2602002E+02  0.0000000E+00
  5.2722998E+02  0.0000000E+00
  5.2845001E+02  0.0000000E+00
  5.2965997E+02  0.0000000E+00
  5.3088000E+02  0.0000000E+00
  5.3210999E+02  0.0000000E+00
  5.3333002E+02  0.0000000E+00
  5.3456000E+02  0.0000000E+00
  5.3579999E+02  0.0000000E+00
  5.3703003E+02  0.0000000E+00
  5.3827002E+02  0.0000000E+00
  5.3951001E+02  0.0000000E+00
  5.4075000E+02  0.0000000E+00
  5.4200000E+02  0.0000000E+00
  5.4325000E+02  0.0000000E+00
  5.4450000E+02  0.0000000E+00
  5.4576001E+02  0.0000000E+00
  5.4702002E+02  0.0000000E+00
  5.4828003E+02  0.0000000E+00
  5.4953998E+02  0.0000000E+00
  5.5081000E+02  0.0000000E+00
  5.5208002E+02  0.0000000E+00
  5.5334998E+02  0.0000000E+00
  5.5463000E+02  0.0000000E+00
  5.5590002E+02  0.0000000E+00
  5.5719000E+02  0.0000000E+00
  5.5846997E+02  0.0000000E+00
  5.5976001E+02  0.0000000E+00
  5.6104999E+02  0.0000000E+00
  5.6234003E+02  0.0000000E+00
  5.6364001E+02  0.0000000E+00
  5.6494000E+02  0.0000000E+00
  5.6623999E+02  0.0000000E+00
  5.6753998E+02  0.0000000E+00
  5.6884998E+02  0.0000000E+00
  5.7015997E+02  0.0000000E+00
  5.7147998E+02  0.0000000E+00
  5.7279999E+02  0.0000000E+00
  5.7412000E+02  0.0000000E+00
  5.7544000E+02  0.0000000E+00
  5.7677002E+02  0.0000000E+00
  5.7809998E+02  0.0000000E+00
  5.7942999E+02  0.0000000E+00
  5.8076001E+02  0.0000000E+00
  5.8209998E+02  0.0000000E+00
  5.8345001E+02  0.0000000E+00
  5.8478998E+02  0.0000000E+00
  5.8614001E+02  0.0000000E+00
  5.8748999E+02  0.0000000E+00
  5.8884003E+02  0.0000000E+00
  5.9020001E+02  0.0000000E+00
  5.9156000E+02  0.0000000E+00
  5.9292999E+02  0.0000000E+00
  5.9428998E+02  0.0000000E+00
  5.9565997E+02  0.0000000E+00
  5.9703998E+02  0.0000000E+00
  5.9840997E+02  0.0000000E+00
  5.9978998E+02  0.0000000E+00
  6.0116998E+02  0.0000000E+00
  6.0256000E+02  0.0000000E+00
  6.0395001E+02  0.0000000E+00
  6.0534003E+02  0.0000000E+00
  6.0673999E+02  0.0000000E+00
  6.0813000E+02  0.0000000E+00
  6.0953998E+02  0.0000000E+00
  6.1094000E+02  0.0000000E+00
  6.1234998E+02  0.0000000E+00
  6.1376001E+02  0.0000000E+00
  6.1517999E+02  0.0000000E+00
  6.1659003E+02  0.0000000E+00
  6.1802002E+02  0.0000000E+00
  6.1944000E+02  0.0000000E+00
  6.2087000E+02  0.0000000E+00
  6.2229999E+02  0.0000000E+00
  6.2372998E+02  0.0000000E+00
  6.2516998E+02  0.0000000E+00
  6.2660999E+02  0.0000000E+00
  6.2806000E+02  0.0000000E+00
  6.2951001E+02  0.0000000E+00
  6.3096002E+02  0.0000000E+00
  6.3240997E+02  0.0000000E+00
  6.3387000E+02  0.0000000E+00
  6.3533002E+02  0.0000000E+00
  6.3679999E+02  0.0000000E+00
  6.3826001E+02  0.0000000E+00
  6.3972998E+02  0.0000000E+00
  6.4121002E+02  0.0000000E+00
  6.4269000E+02  0.0000000E+00
  6.4416998E+02  0.0000000E+00
  6.4565002E+02  0.0000000E+00
  6.4714001E+02  0.0000000E+00
  6.4863000E+02  0.0000000E+00
  6.5013000E+02  0.0000000E+00
  6.5163000E+02  0.0000000E+00
  6.5313000E+02  0.0000000E+00
  6.5464001E+02  0.0000000E+00
  6.5615002E+02  0.0000000E+00
  6.5765997E+02  0.0000000E+00
  6.5916998E+02  0.0000000E+00
  6.6069000E+02  0.0000000E+00
  6.6221997E+02  0.0000000E+00
  6.6373999E+02  0.0000000E+00
  6.6527002E+02  0.0000000E+00
  6.6681000E+02  0.0000000E+00
  6.6834003E+02  0.0000000E+00
  6.6988000E+02  0.0000000E+00
  6.7142999E+02  0.0000000E+00
  6.7297998E+02  0.0000000E+00
  6.7453003E+02  0.0000000E+00
  6.7608002E+02  0.0000000E+00
  6.7764001E+02  0.0000000E+00
  6.7920001E+02  0.0000000E+00
  6.8077002E+02  0.0000000E+00
  6.8234003E+02  0.0000000E+00
  6.8390997E+02  0.0000000E+00
  6.8548999E+02  0.0000000E+00
  6.8707001E+02  0.0000000E+00
  6.8865002E+02  0.0000000E+00
  6.9023999E+02  0.0000000E+00
  6.9183002E+02  0.0000000E+00
  6.9342999E+02  0.0000000E+00
  6.9502002E+02  0.0000000E+00
  6.9663000E+02  0.0000000E+00
  6.9822998E+02  0.0000000E+00
  6.9984003E+02  0.0000000E+00
  7.0146002E+02  0.0000000E+00
  7.0307001E+02  0.0000000E+00
  7.0469000E+02  0.0000000E+00
  7.0632001E+02  0.0000000E+00
  7.0795001E+02  0.0000000E+00
  7.0958002E+02  0.0000000E+00
  7.1121002E+02  0.0000000E+00
  7.1284998E+02  0.0000000E+00
  7.1450000E+02  0.0000000E+00
  7.1614001E+02  0.0000000E+00
  7.1778998E+02  0.0000000E+00
  7.1945001E+02  0.0000000E+00
  7.2110999E+02  0.0000000E+00
  7.2277002E+02  0.0000000E+00
  7.2444000E+02  0.0000000E+00
  7.2610999E+02  0.0000000E+00
  7.2778003E+02  0.0000000E+00
  7.2946002E+02  0.0000000E+00
  7.3114001E+02  0.0000000E+00
  7.3282001E+02  0.0000000E+00
  7.3451001E+02  0.0000000E+00
  7.3621002E+02  0.0000000E+00
  7.3790002E+02  0.0000000E+00
  7.3960999E+02  0.0000000E+00
  7.4131000E+02  0.0000000E+00
  7.4302002E+02  0.0000000E+00
  7.4472998E+02  0.0000000E+00
  7.4645001E+02  0.0000000E+00
  7.4816998E+02  0.0000000E+00
  7.4989001E+02  0.0000000E+00
  7.5162000E+02  0.0000000E+00
  7.5335999E+02  0.0000000E+00
  7.5509003E+02  0.0000000E+00
  7.5683002E+02  0.0000000E+00
  7.5858002E+02  0.0000000E+00
  7.6033002E+02  0.0000000E+00
  7.6208002E+02  0.0000000E+00
  7.6384003E+02  0.0000000E+00
  7.6559998E+02  0.0000000E+00
  7.6735999E+02  0.0000000E+00
  7.6913000E+02  0.0000000E+00
  7.7090002E+02  0.0000000E+00
  7.7267999E+02  0.0000000E+00
  7.7446002E+02  0.0000000E+00
  7.7625000E+02  0.0000000E+00
  7.7803998E+02  0.0000000E+00
  7.7983002E+02  0.0000000E+00
  7.8163000E+02  0.0000000E+00
  7.8342999E+02  0.0000000E+00
  7.8523999E+02  0.0000000E+00
  7.8704999E+02  0.0000000E+00
  7.8885999E+02  0.0000000E+00
  7.9067999E+02  0.0000000E+00
  7.9250000E+02  0.0000000E+00
  7.9433002E+02  0.0000000E+00
  7.9615997E+02  0.0000000E+00
  7.9798999E+02  0.0000000E+00
  7.9983002E+02  0.0000000E+00
  8.0167999E+02  0.0000000E+00
  8.0353003E+02  0.0000000E+00
  8.0538000E+02  0.0000000E+00
  8.0723999E+02  0.0000000E+00
  8.0909998E+02  0.0000000E+00
  8.1096002E+02  0.0000000E+00
  8.1283002E+02  0.0000000E+00
  8.1470001E+02  0.0000000E+00
  8.1658002E+02  0.0000000E+00
  8.1846002E+02  0.0000000E+00
  8.2034998E+02  0.0000000E+00
  8.2223999E+02  0.0000000E+00
  8.2414001E+02  0.0000000E+00
  8.2603998E+02  0.0000000E+00
  8.2794000E+02  0.0000000E+00
  8.2984998E+02  0.0000000E+00
  8.3176001E+02  0.0000000E+00
  8.3367999E+02  0.0000000E+00
  8.3559998E+02  0.0000000E+00
  8.3753003E+02  0.0000000E+00
  8.3946002E+02  0.0000000E+00
  8.4140002E+02  0.0000000E+00
  8.4333002E+02  0.0000000E+00
  8.4528003E+02  0.0000000E+00
  8.4722998E+02  0.0000000E+00
  8.4917999E+02  0.0000000E+00
  8.5114001E+02  0.0000000E+00
  8.5309998E+02  0.0000000E+00
  8.5507001E+02  0.0000000E+00
  8.5703998E+02  0.0000000E+00
  8.5901001E+02  0.0000000E+00
  8.6098999E+02  0.0000000E+00
  8.6297998E+02  0.0000000E+00
  8.6496997E+02  0.0000000E+00
  8.6696002E+02  0.0000000E+00
  8.6896002E+02  0.0000000E+00
  8.7096002E+02  0.0000000E+00
  8.7296997E+02  0.0000000E+00
  8.7497998E+02  0.0000000E+00
  8.7700000E+02  0.0000000E+00
  8.7902002E+02  0.0000000E+00
  8.8104999E+02  0.0000000E+00
  8.8308002E+02  0.0000000E+00
  8.8512000E+02  0.0000000E+00
  8.8715997E+02  0.0000000E+00
  8.8920001E+02  0.0000000E+00
  8.9125000E+02  0.0000000E+00
  8.9331000E+02  0.0000000E+00
  8.9535999E+02  0.0000000E+00
  8.9742999E+02  0.0000000E+00
  8.9950000E+02  0.0000000E+00
  9.0157001E+02  0.0000000E+00
  9.0365002E+02  0.0000000E+00
  9.0572998E+02  0.0000000E+00
  9.0782001E+02  0.0000000E+00
  9.0990997E+02  0.0000000E+00
  9.1201001E+02  3.4321411E-04
  9.1410999E+02  6.9878704E-04
  9.1621997E+02  1.0519113E-03
  9.1833002E+02  1.4026684E-03
  9.2045001E+02  1.7509182E-03
  9.2257001E+02  1.2252509E-02
  9.2470001E+02  1.2252509E-02
  9.2683002E+02  1.2830388E-02
  9.2896997E+02  1.2252509E-02
  9.3110999E+02  1.2830388E-02
  9.3325000E+02  1.2830388E-02
  9.3540997E+02  1.2830388E-02
  9.3756000E+02  1.3518875E-02
  9.3971997E+02  1.2830388E-02
  9.4189001E+02  1.2830388E-02
  9.4406000E+02  1.2252509E-02
  9.4623999E+02  1.2252509E-02
  9.4841998E+02  1.1485131E-02
  9.5059998E+02  1.1485131E-02
  9.5279999E+02  1.1485131E-02
  9.5498999E+02  1.1485131E-02
  9.5719000E+02  1.1062211E-02
  9.5940002E+02  1.0607929E-02
  9.6160999E+02  1.0607929E-02
  9.6383002E+02  1.0607929E-02
  9.6604999E+02  1.0262243E-02
  9.6828003E+02  1.0262243E-02
  9.7051001E+02  1.0607929E-02
  9.7275000E+02  1.0740001E-02
  9.7498999E+02  1.0607929E-02
  9.7723999E+02  1.0607929E-02
  9.7948999E+02  1.0607929E-02
  9.8175000E+02  1.0558098E-02
  9.8401001E+02  1.0607929E-02
  9.8628003E+02  1.0607929E-02
  9.8854999E+02  1.0740001E-02
  9.9083002E+02  1.0740001E-02
  9.9312000E+02  1.1062211E-02
  9.9540997E+02  1.0607929E-02
  9.9770001E+02  1.0607929E-02
  1.0000000E+03  1.0607929E-02
  1.0023100E+03  1.0674748E-02
  1.0046200E+03  1.0607929E-02
  1.0069300E+03  1.0607929E-02
  1.0092500E+03  1.0674748E-02
  1.0115800E+03  1.0607929E-02
  1.0139100E+03  1.0674748E-02
  1.0162500E+03  1.0674748E-02
  1.0185900E+03  1.0674748E-02
  1.0209400E+03  1.0607929E-02
  1.0232900E+03  1.0607929E-02
  1.0256500E+03  1.0674748E-02
  1.0280200E+03  1.0674748E-02
  1.0303900E+03  1.0674748E-02
  1.0327600E+03  1.0674748E-02
  1.0351400E+03  1.0674748E-02
  1.0375300E+03  1.0607929E-02
  1.0399200E+03  1.0740001E-02
  1.0423199E+03  1.0740001E-02
  1.0447200E+03  1.1062211E-02
  1.0471300E+03  1.0740001E-02
  1.0495400E+03  1.1062211E-02
  1.0519600E+03  1.0740001E-02
  1.0543900E+03  1.0740001E-02
  1.0568199E+03  1.1068864E-02
  1.0592500E+03  1.1098222E-02
  1.0617000E+03  1.1068864E-02
  1.0641400E+03  1.1098222E-02
  1.0666000E+03  1.2075129E-02
  1.0690500E+03  1.2216897E-02
  1.0715200E+03  1.2216897E-02
  1.0739900E+03  1.2216897E-02
  1.0764700E+03  1.3214021E-02
  1.0789500E+03  1.4043446E-02
  1.0814301E+03  1.4350141E-02
  1.0839301E+03  1.4350141E-02
  1.0864301E+03  1.5626015E-02
  1.0889301E+03  1.5781850E-02
  1.0914399E+03  1.5781850E-02
  1.0939600E+03  1.5781850E-02
  1.0964800E+03  1.6501036E-02
  1.0990100E+03  1.7083561E-02
  1.1015400E+03  1.7155033E-02
  1.1040800E+03  1.7155033E-02
  1.1066200E+03  1.7155033E-02
  1.1091801E+03  1.7083561E-02
  1.1117300E+03  1.7083561E-02
  1.1142900E+03  1.7155033E-02
  1.1168600E+03  1.9799609E-02
  1.1194399E+03  1.9799609E-02
  1.1220200E+03  1.9799609E-02
  1.1246000E+03  1.9799609E-02
  1.1272000E+03  1.8466901E-02
  1.1298000E+03  1.8466901E-02
  1.1324000E+03  1.9799609E-02
  1.1350100E+03  2.0423369E-02
  1.1376300E+03  1.9799609E-02
  1.1402500E+03  1.8466901E-02
  1.1428800E+03  1.8466901E-02
  1.1455100E+03  1.8466901E-02
  1.1481500E+03  1.8466901E-02
  1.1508000E+03  2.0423369E-02
  1.1534500E+03  2.0423369E-02
  1.1561100E+03  2.0423369E-02
  1.1587800E+03  1.9945683E-02
  1.1614500E+03  2.0423369E-02
  1.1641300E+03  2.0423369E-02
  1.1668101E+03  2.0423369E-02
  1.1695000E+03  1.9945683E-02
  1.1722000E+03  1.8466901E-02
  1.1749000E+03  1.8466901E-02
  1.1776100E+03  1.8466901E-02
  1.1803199E+03  1.8466901E-02
  1.1830400E+03  1.8466901E-02
  1.1857700E+03  1.8466901E-02
  1.1885000E+03  1.8466901E-02
  1.1912400E+03  1.8466901E-02
  1.1939900E+03  1.8430168E-02
  1.1967400E+03  1.8430168E-02
  1.1995000E+03  1.8106123E-02
  1.2022600E+03  1.8106123E-02
  1.2050400E+03  1.7838433E-02
  1.2078101E+03  1.8106123E-02
  1.2106000E+03  1.8466901E-02
  1.2133900E+03  1.8430168E-02
  1.2161899E+03  1.8106123E-02
  1.2189900E+03  1.8430168E-02
  1.2218000E+03  1.8466901E-02
  1.2246200E+03  1.8106123E-02
  1.2274399E+03  1.8430168E-02
  1.2302700E+03  1.8106123E-02
  1.2331000E+03  1.8106123E-02
  1.2359500E+03  1.7838433E-02
  1.2388000E+03  1.7838433E-02
  1.2416500E+03  1.7833112E-02
  1.2445100E+03  1.7833112E-02
  1.2473800E+03  1.7838433E-02
  1.2502600E+03  1.8106123E-02
  1.2531400E+03  1.8106123E-02
  1.2560300E+03  1.8106123E-02
  1.2589301E+03  1.7833112E-02
  1.2618300E+03  1.7734166E-02
  1.2647400E+03  1.7593583E-02
  1.2676500E+03  1.7179489E-02
  1.2705699E+03  1.6967904E-02
  1.2735000E+03  1.7082341E-02
  1.2764399E+03  1.7082341E-02
  1.2793800E+03  1.6921496E-02
  1.2823300E+03  1.6921496E-02
  1.2852900E+03  1.6460434E-02
  1.2882500E+03  1.6214427E-02
  1.2912200E+03  1.6214427E-02
  1.2942000E+03  1.6214427E-02
  1.2971801E+03  1.6434114E-02
  1.3001700E+03  1.6460434E-02
  1.3031700E+03  1.6864493E-02
  1.3061700E+03  1.6460434E-02
  1.3091801E+03  1.6434114E-02
  1.3122000E+03  1.6112890E-02
  1.3152200E+03  1.6112890E-02
  1.3182600E+03  1.6063744E-02
  1.3213000E+03  1.6002651E-02
  1.3243400E+03  1.6002651E-02
  1.3273900E+03  1.6002651E-02
  1.3304500E+03  1.6002651E-02
  1.3335200E+03  1.6002651E-02
  1.3366000E+03  1.6002651E-02
  1.3396801E+03  1.5834155E-02
  1.3427700E+03  1.5535195E-02
  1.3458600E+03  1.4862768E-02
  1.3489600E+03  1.4628707E-02
  1.3520699E+03  1.4628707E-02
  1.3551899E+03  1.4628707E-02
  1.3583101E+03  1.4628707E-02
  1.3614399E+03  1.4429137E-02
  1.3645800E+03  1.4012377E-02
  1.3677300E+03  1.4018162E-02
  1.3708800E+03  1.4018162E-02
  1.3740400E+03  1.4006950E-02
  1.3772100E+03  1.3853586E-02
  1.3803800E+03  1.3470292E-02
  1.3835699E+03  1.3470292E-02
  1.3867600E+03  1.3486141E-02
  1.3899500E+03  1.3306278E-02
  1.3931600E+03  1.3306278E-02
  1.3963700E+03  1.3220511E-02
  1.3995900E+03  1.2939262E-02
  1.4028101E+03  1.2445219E-02
  1.4060500E+03  1.2175319E-02
  1.4092900E+03  1.1990678E-02
  1.4125400E+03  1.1986152E-02
  1.4157900E+03  1.1975787E-02
  1.4190601E+03  1.1967778E-02
  1.4223300E+03  1.1967778E-02
  1.4256100E+03  1.1954452E-02
  1.4288900E+03  1.1755939E-02
  1.4321899E+03  1.1679508E-02
  1.4354900E+03  1.1546530E-02
  1.4388000E+03  1.1132503E-02
  1.4421200E+03  1.1132503E-02
  1.4454399E+03  1.1112500E-02
  1.4487700E+03  1.1077432E-02
  1.4521100E+03  1.1077432E-02
  1.4554600E+03  1.1055363E-02
  1.4588101E+03  1.1077432E-02
  1.4621801E+03  1.1024795E-02
  1.4655500E+03  1.0803876E-02
  1.4689301E+03  1.0692067E-02
  1.4723101E+03  1.0390258E-02
  1.4757100E+03  1.0515671E-02
  1.4791100E+03  1.0371993E-02
  1.4825200E+03  1.0367217E-02
  1.4859399E+03  1.0203519E-02
  1.4893600E+03  1.0367217E-02
  1.4927900E+03  1.0367217E-02
  1.4962400E+03  1.0367217E-02
  1.4996801E+03  1.0100897E-02
  1.5031400E+03  1.0093367E-02
  1.5066100E+03  1.0048242E-02
  1.5100800E+03  1.0048242E-02
  1.5135601E+03  9.9911382E-03
  1.5170500E+03  9.9710012E-03
  1.5205500E+03  9.7639803E-03
  1.5240500E+03  9.6214674E-03
  1.5275699E+03  9.6214674E-03
  1.5310900E+03  9.4843097E-03
  1.5346200E+03  9.4670188E-03
  1.5381500E+03  9.2655765E-03
  1.5417000E+03  9.2006354E-03
  1.5452500E+03  9.2006354E-03
  1.5488199E+03  9.1372337E-03
  1.5523900E+03  9.0599675E-03
  1.5559700E+03  8.9961309E-03
  1.5595500E+03  8.9933760E-03
  1.5631500E+03  8.9961309E-03
  1.5667500E+03  8.9565413E-03
  1.5703600E+03  8.8717733E-03
  1.5739800E+03  8.7996600E-03
  1.5776100E+03  8.6972574E-03
  1.5812500E+03  8.6592343E-03
  1.5848900E+03  8.6237118E-03
  1.5885500E+03  8.5231364E-03
  1.5922100E+03  8.5131852E-03
  1.5958800E+03  8.5535105E-03
  1.5995601E+03  8.4913084E-03
  1.6032500E+03  8.5131852E-03
  1.6069399E+03  8.3880955E-03
  1.6106500E+03  8.3447332E-03
  1.6143600E+03  8.3880955E-03
  1.6180800E+03  8.3880955E-03
  1.6218101E+03  8.3880955E-03
  1.6255500E+03  8.3880955E-03
  1.6293000E+03  8.3447332E-03
  1.6330500E+03  8.3880955E-03
  1.6368199E+03  8.5131852E-03
  1.6405900E+03  8.4102880E-03
  1.6443700E+03  8.3880955E-03
  1.6481600E+03  8.3880955E-03
  1.6519600E+03  8.4102880E-03
  1.6557700E+03  8.5231364E-03
  1.6595900E+03  8.5231364E-03
  1.6634100E+03  8.5535105E-03
  1.6672500E+03  8.3233444E-03
  1.6710900E+03  8.3233444E-03
  1.6749399E+03  8.2701631E-03
  1.6788000E+03  8.6005116E-03
  1.6826700E+03  8.2701631E-03
  1.6865500E+03  8.2701631E-03
  1.6904399E+03  8.5678678E-03
  1.6943400E+03  8.2701631E-03
  1.6982400E+03  8.2701631E-03
  1.7021600E+03  8.2701631E-03
  1.7060800E+03  8.2701631E-03
  1.7100200E+03  8.2701631E-03
  1.7139600E+03  8.5678678E-03
  1.7179100E+03  8.5678678E-03
  1.7218700E+03  8.2701631E-03
  1.7258400E+03  8.2701631E-03
  1.7298199E+03  8.5678678E-03
  1.7338000E+03  8.2701631E-03
  1.7378000E+03  8.2701631E-03
  1.7418101E+03  8.2701631E-03
  1.7458199E+03  8.2701631E-03
  1.7498500E+03  8.2701631E-03
  1.7538800E+03  8.2701631E-03
  1.7579200E+03  8.2701631E-03
  1.7619800E+03  8.2701631E-03
  1.7660400E+03  8.5678678E-03
  1.7701100E+03  8.5678678E-03
  1.7741899E+03  8.5678678E-03
  1.7782800E+03  7.8711435E-03
  1.7823800E+03  8.5678678E-03
  1.7864900E+03  8.5678678E-03
  1.7906100E+03  7.8711435E-03
  1.7947300E+03  7.8711435E-03
  1.7988700E+03  7.8711435E-03
  1.8030200E+03  7.8711435E-03
  1.8071700E+03  7.6513663E-03
  1.8113400E+03  7.6513663E-03
  1.8155200E+03  7.6513663E-03
  1.8197000E+03  7.6513663E-03
  1.8239000E+03  7.8051444E-03
  1.8281000E+03  7.6513663E-03
  1.8323101E+03  7.5846035E-03
  1.8365400E+03  7.5846035E-03
  1.8407700E+03  7.5846035E-03
  1.8450200E+03  7.5846035E-03
  1.8492700E+03  7.5846035E-03
  1.8535300E+03  7.5846035E-03
  1.8578000E+03  7.5846035E-03
  1.8620900E+03  7.5846035E-03
  1.8663800E+03  7.5846035E-03
  1.8706801E+03  7.6513663E-03
  1.8749900E+03  7.5846035E-03
  1.8793199E+03  7.3279920E-03
  1.8836500E+03  7.0743435E-03
  1.8879900E+03  7.0743435E-03
  1.8923400E+03  7.0743435E-03
  1.8967100E+03  7.0743435E-03
  1.9010800E+03  7.0743435E-03
  1.9054600E+03  7.0743435E-03
  1.9098500E+03  7.0038857E-03
  1.9142600E+03  6.8220664E-03
  1.9186700E+03  7.0038857E-03
  1.9230900E+03  6.8220664E-03
  1.9275200E+03  6.7092171E-03
  1.9319700E+03  6.7092171E-03
  1.9364200E+03  6.5231007E-03
  1.9408900E+03  6.3841427E-03
  1.9453600E+03  6.3841427E-03
  1.9498400E+03  6.3128849E-03
  1.9543400E+03  6.1106482E-03
  1.9588400E+03  6.0265018E-03
  1.9633600E+03  6.0265018E-03
  1.9678900E+03  5.9935017E-03
  1.9724200E+03  5.9935017E-03
  1.9769700E+03  5.8913915E-03
  1.9815300E+03  5.8422145E-03
  1.9860900E+03  5.7700197E-03
  1.9906700E+03  5.7700197E-03
  1.9952600E+03  5.7646311E-03
  1.9998600E+03  5.7561370E-03
  2.0044700E+03  5.7561370E-03
  2.0090900E+03  5.7231528E-03
  2.0137200E+03  5.7276790E-03
  2.0183700E+03  5.7231528E-03
  2.0230200E+03  5.7084113E-03
  2.0276801E+03  5.6980355E-03
  2.0323600E+03  5.6433729E-03
  2.0370400E+03  5.6402353E-03
  2.0417400E+03  5.5992128E-03
  2.0464399E+03  5.5969879E-03
  2.0511599E+03  5.5494211E-03
  2.0558899E+03  5.5494211E-03
  2.0606299E+03  5.5229403E-03
  2.0653799E+03  5.5235010E-03
  2.0701399E+03  5.5235010E-03
  2.0749099E+03  5.5102143E-03
  2.0797000E+03  5.4782727E-03
  2.0844900E+03  5.4774699E-03
  2.0893000E+03  5.4346137E-03
  2.0941101E+03  5.3423070E-03
  2.0989399E+03  5.3529786E-03
  2.1037800E+03  5.3423070E-03
  2.1086299E+03  5.3296085E-03
  2.1134900E+03  5.3028748E-03
  2.1183601E+03  5.3028748E-03
  2.1232400E+03  5.2428050E-03
  2.1281399E+03  5.2513923E-03
  2.1330400E+03  5.2368105E-03
  2.1379600E+03  5.2368105E-03
  2.1428899E+03  5.2389270E-03
  2.1478301E+03  5.2368105E-03
  2.1527800E+03  5.2368105E-03
  2.1577400E+03  5.2360832E-03
  2.1627200E+03  5.2107228E-03
  2.1677000E+03  5.0949869E-03
  2.1727000E+03  5.0390339E-03
  2.1777100E+03  5.0214375E-03
  2.1827300E+03  4.9858573E-03
  2.1877600E+03  4.9858573E-03
  2.1928000E+03  4.9673910E-03
  2.1978601E+03  4.9833753E-03
  2.2029299E+03  4.9673910E-03
  2.2080000E+03  4.8837708E-03
  2.2130901E+03  4.8268903E-03
  2.2182000E+03  4.8104809E-03
  2.2233101E+03  4.8051099E-03
  2.2284399E+03  4.7723958E-03
  2.2335701E+03  4.7652619E-03
  2.2387200E+03  4.7262786E-03
  2.2438799E+03  4.7005014E-03
  2.2490500E+03  4.6919803E-03
  2.2542400E+03  4.6625240E-03
  2.2594399E+03  4.6919137E-03
  2.2646399E+03  4.6733972E-03
  2.2698601E+03  4.6426090E-03
  2.2751001E+03  4.6349335E-03
  2.2803401E+03  4.6118847E-03
  2.2856001E+03  4.5841085E-03
  2.2908701E+03  4.5695528E-03
  2.2961499E+03  4.5170984E-03
  2.3014399E+03  4.5170984E-03
  2.3067500E+03  4.4934535E-03
  2.3120601E+03  4.4934535E-03
  2.3173899E+03  4.4641476E-03
  2.3227400E+03  4.4641476E-03
  2.3280901E+03  4.4453559E-03
  2.3334600E+03  4.4358317E-03
  2.3388401E+03  4.3483549E-03
  2.3442300E+03  4.3403511E-03
  2.3496299E+03  4.3483549E-03
  2.3550500E+03  4.3392479E-03
  2.3604800E+03  4.3272963E-03
  2.3659199E+03  4.2868331E-03
  2.3713701E+03  4.2738761E-03
  2.3768401E+03  4.2526228E-03
  2.3823201E+03  4.2320187E-03
  2.3878101E+03  4.2128395E-03
  2.3933201E+03  4.2322092E-03
  2.3988301E+03  4.2128395E-03
  2.4043601E+03  4.2128395E-03
  2.4099099E+03  4.2128395E-03
  2.4154600E+03  4.2005489E-03
  2.4210300E+03  4.1820882E-03
  2.4266101E+03  4.1559627E-03
  2.4322000E+03  4.1254479E-03
  2.4378101E+03  4.1254479E-03
  2.4434299E+03  4.1254479E-03
  2.4490601E+03  4.1046152E-03
  2.4547100E+03  4.1254479E-03
  2.4603701E+03  4.1509466E-03
  2.4660400E+03  4.1031055E-03
  2.4717200E+03  4.1023577E-03
  2.4774199E+03  4.1025020E-03
  2.4831299E+03  4.1025020E-03
  2.4888601E+03  4.1025020E-03
  2.4945901E+03  4.1023577E-03
  2.5003501E+03  4.0943660E-03
  2.5061101E+03  4.0682256E-03
  2.5118899E+03  4.0682256E-03
  2.5176799E+03  4.0636254E-03
  2.5234800E+03  4.0943660E-03
  2.5293000E+03  4.0545091E-03
  2.5351299E+03  4.0579094E-03
  2.5409700E+03  4.0370142E-03
  2.5468301E+03  4.0370142E-03
  2.5527000E+03  4.0370142E-03
  2.5585901E+03  4.0094280E-03
  2.5644800E+03  4.0031420E-03
  2.5703899E+03  4.0039024E-03
  2.5763201E+03  4.0057823E-03
  2.5822600E+03  4.0094280E-03
  2.5882100E+03  4.0057823E-03
  2.5941799E+03  4.0151044E-03
  2.6001599E+03  4.0269848E-03
  2.6061499E+03  4.0331376E-03
  2.6121599E+03  4.0465663E-03
  2.6181799E+03  4.0331376E-03
  2.6242200E+03  4.0133591E-03
  2.6302700E+03  4.0133591E-03
  2.6363301E+03  4.0039024E-03
  2.6424099E+03  4.0030852E-03
  2.6485000E+03  4.0028915E-03
  2.6546101E+03  4.0030852E-03
  2.6607200E+03  4.0133591E-03
  2.6668601E+03  4.0237233E-03
  2.6730100E+03  4.0189526E-03
  2.6791699E+03  4.0189526E-03
  2.6853401E+03  4.0060882E-03
  2.6915300E+03  4.0056594E-03
  2.6977400E+03  3.9941552E-03
  2.7039600E+03  3.9730491E-03
  2.7101899E+03  3.9723665E-03
  2.7164399E+03  3.9730491E-03
  2.7227000E+03  3.9950698E-03
  2.7289800E+03  4.0060882E-03
  2.7352700E+03  3.9957650E-03
  2.7415701E+03  4.0060882E-03
  2.7478899E+03  3.9957650E-03
  2.7542300E+03  4.0060882E-03
  2.7605801E+03  3.9940979E-03
  2.7669399E+03  3.9705220E-03
  2.7733201E+03  3.9651506E-03
  2.7797100E+03  3.9957650E-03
  2.7861201E+03  4.0085148E-03
  2.7925400E+03  3.9957650E-03
  2.7989800E+03  3.9940979E-03
  2.8054299E+03  3.9864751E-03
  2.8118999E+03  3.9932122E-03
  2.8183799E+03  3.9864751E-03
  2.8248799E+03  3.9932122E-03
  2.8313899E+03  3.9932122E-03
  2.8379199E+03  3.9864751E-03
  2.8444600E+03  3.9932122E-03
  2.8510200E+03  3.9932122E-03
  2.8575901E+03  3.9730296E-03
  2.8641799E+03  3.9730296E-03
  2.8707800E+03  3.9730296E-03
  2.8773999E+03  3.9682821E-03
  2.8840300E+03  3.9338898E-03
  2.8906799E+03  3.9453027E-03
  2.8973401E+03  3.8902799E-03
  2.9040200E+03  3.9138328E-03
  2.9107200E+03  3.8902799E-03
  2.9174299E+03  3.8822559E-03
  2.9241499E+03  3.8831895E-03
  2.9308899E+03  3.8801443E-03
  2.9376499E+03  3.8809325E-03
  2.9444199E+03  3.8809325E-03
  2.9512100E+03  3.8801443E-03
  2.9580100E+03  3.8563136E-03
  2.9648301E+03  3.8563136E-03
  2.9716699E+03  3.8579504E-03
  2.9785200E+03  3.8579504E-03
  2.9853799E+03  3.8440607E-03
  2.9922600E+03  3.8563136E-03
  2.9991599E+03  3.8563136E-03
  3.0060801E+03  3.8440607E-03
  3.0130100E+03  3.8440607E-03
  3.0199500E+03  3.8382194E-03
  3.0269099E+03  3.8178202E-03
  3.0338899E+03  3.8097261E-03
  3.0408899E+03  3.8033274E-03
  3.0478899E+03  3.8000715E-03
  3.0549199E+03  3.7794705E-03
  3.0619600E+03  3.7724392E-03
  3.0690200E+03  3.7668103E-03
  3.0761001E+03  3.7459945E-03
  3.0831899E+03  3.7459945E-03
  3.0903000E+03  3.7410830E-03
  3.0974199E+03  3.7264128E-03
  3.1045601E+03  3.7248442E-03
  3.1117200E+03  3.7204155E-03
  3.1188899E+03  3.7091442E-03
  3.1260801E+03  3.7091442E-03
  3.1332800E+03  3.6914670E-03
  3.1405100E+03  3.7007034E-03
  3.1477500E+03  3.6914670E-03
  3.1550000E+03  3.7005977E-03
  3.1622800E+03  3.7091442E-03
  3.1695701E+03  3.6885377E-03
  3.1768701E+03  3.6747011E-03
  3.1842000E+03  3.6747011E-03
  3.1915400E+03  3.6701388E-03
  3.1988899E+03  3.6697115E-03
  3.2062700E+03  3.6611536E-03
  3.2136599E+03  3.6697015E-03
  3.2210701E+03  3.6697115E-03
  3.2284900E+03  3.6701388E-03
  3.2359399E+03  3.6871489E-03
  3.2433999E+03  3.6871489E-03
  3.2508701E+03  3.6803177E-03
  3.2583701E+03  3.6877703E-03
  3.2658799E+03  3.7286556E-03
  3.2734099E+03  3.7526945E-03
  3.2809500E+03  3.7763554E-03
  3.2885200E+03  3.7772220E-03
  3.2961001E+03  3.7763554E-03
  3.3036899E+03  3.7928270E-03
  3.3113101E+03  3.7803671E-03
  3.3189399E+03  3.8009875E-03
  3.3265901E+03  3.7998506E-03
  3.3342600E+03  3.8045428E-03
  3.3419500E+03  3.8067908E-03
  3.3496499E+03  3.8082560E-03
  3.3573799E+03  3.8221572E-03
  3.3651201E+03  3.8253604E-03
  3.3728701E+03  3.8411052E-03
  3.3806499E+03  3.8467501E-03
  3.3884399E+03  3.8553907E-03
  3.3962500E+03  3.8603549E-03
  3.4040801E+03  3.8799825E-03
  3.4119299E+03  3.9015275E-03
  3.4197900E+03  3.9015275E-03
  3.4276799E+03  3.9015275E-03
  3.4355801E+03  3.9132782E-03
  3.4435000E+03  3.9170636E-03
  3.4514399E+03  3.9176224E-03
  3.4593899E+03  3.9132782E-03
  3.4673701E+03  3.9191712E-03
  3.4753601E+03  3.9191712E-03
  3.4833701E+03  3.9170636E-03
  3.4913999E+03  3.9518140E-03
  3.4994500E+03  3.9521158E-03
  3.5075200E+03  3.9828853E-03
  3.5156001E+03  3.9959317E-03
  3.5237100E+03  4.0363846E-03
  3.5318301E+03  4.0437193E-03
  3.5399700E+03  4.0482506E-03
  3.5481299E+03  4.0733726E-03
  3.5563101E+03  4.0821051E-03
  3.5645100E+03  4.1039637E-03
  3.5727300E+03  4.1353456E-03
  3.5809600E+03  4.1353456E-03
  3.5892200E+03  4.1533853E-03
  3.5974900E+03  4.1835373E-03
  3.6057900E+03  4.2066528E-03
  3.6141001E+03  4.2290040E-03
  3.6224299E+03  4.2467322E-03
  3.6307800E+03  4.2467322E-03
  3.6391499E+03  4.3425104E-03
  3.6475400E+03  4.3625170E-03
  3.6559500E+03  4.3929690E-03
  3.6643701E+03  4.3873219E-03
  3.6728201E+03  4.3977899E-03
  3.6812900E+03  4.4434555E-03
  3.6897800E+03  4.4893879E-03
  3.6982800E+03  4.5318198E-03
  3.7068101E+03  4.5318198E-03
  3.7153501E+03  4.5494484E-03
  3.7239199E+03  4.5492011E-03
  3.7325000E+03  4.5655086E-03
  3.7411101E+03  4.5767385E-03
  3.7497300E+03  4.5797341E-03
  3.7583701E+03  4.5968699E-03
  3.7670400E+03  4.6007200E-03
  3.7757200E+03  4.6423515E-03
  3.7844199E+03  4.6452400E-03
  3.7931499E+03  4.6791243E-03
  3.8018899E+03  4.7073392E-03
  3.8106599E+03  4.7144643E-03
  3.8194399E+03  4.7403155E-03
  3.8282500E+03  4.7487025E-03
  3.8370701E+03  4.7521135E-03
  3.8459199E+03  4.7727781E-03
  3.8547800E+03  4.7833570E-03
  3.8636699E+03  4.7933171E-03
  3.8725701E+03  4.8248819E-03
  3.8815000E+03  4.7933171E-03
  3.8904500E+03  4.8252847E-03
  3.8994199E+03  4.8252847E-03
  3.9084099E+03  4.8368243E-03
  3.9174199E+03  4.8367553E-03
  3.9264500E+03  4.8368243E-03
  3.9355000E+03  4.8858412E-03
  3.9445701E+03  4.8896675E-03
  3.9536699E+03  4.9014469E-03
  3.9627800E+03  4.9010892E-03
  3.9719199E+03  4.9041035E-03
  3.9810701E+03  4.9321502E-03
  3.9902500E+03  4.9466412E-03
  3.9994500E+03  4.9466412E-03
  4.0086699E+03  4.9729003E-03
  4.0179099E+03  5.0285771E-03
  4.0271699E+03  5.0285771E-03
  4.0364500E+03  5.0488249E-03
  4.0457600E+03  5.0743977E-03
  4.0550901E+03  5.0914944E-03
  4.0644299E+03  5.1325657E-03
  4.0738000E+03  5.1325657E-03
  4.0831899E+03  5.1127844E-03
  4.0926101E+03  5.1127844E-03
  4.1020400E+03  5.0964360E-03
  4.1115000E+03  5.0964360E-03
  4.1209800E+03  5.1127844E-03
  4.1304702E+03  5.1550381E-03
  4.1400000E+03  5.1763752E-03
  4.1495400E+03  5.1740566E-03
  4.1591099E+03  5.1831454E-03
  4.1686899E+03  5.1740566E-03
  4.1782998E+03  5.1491777E-03
  4.1879399E+03  5.1740566E-03
  4.1975898E+03  5.1748040E-03
  4.2072598E+03  5.1831454E-03
  4.2169600E+03  5.1954067E-03
  4.2266899E+03  5.2050818E-03
  4.2364302E+03  5.2266633E-03
  4.2462002E+03  5.2590808E-03
  4.2559800E+03  5.2590808E-03
  4.2657900E+03  5.2699419E-03
  4.2756299E+03  5.2852510E-03
  4.2854800E+03  5.2699419E-03
  4.2953599E+03  5.2615497E-03
  4.3052598E+03  5.2291173E-03
  4.3151899E+03  5.2291173E-03
  4.3251401E+03  5.2797846E-03
  4.3351099E+03  5.2615497E-03
  4.3451001E+03  5.2615497E-03
  4.3551201E+03  5.2912026E-03
  4.3651602E+03  5.2797846E-03
  4.3752202E+03  5.2992371E-03
  4.3853101E+03  5.2992371E-03
  4.3954199E+03  5.2992371E-03
  4.4055498E+03  5.3411368E-03
  4.4157002E+03  5.3483872E-03
  4.4258799E+03  5.3471602E-03
  4.4360801E+03  5.3483872E-03
  4.4463101E+03  5.3447271E-03
  4.4565601E+03  5.3489041E-03
  4.4668301E+03  5.3447271E-03
  4.4771299E+03  5.3319088E-03
  4.4874502E+03  5.3050760E-03
  4.4977998E+03  5.3295442E-03
  4.5081699E+03  5.3042229E-03
  4.5185601E+03  5.3042229E-03
  4.5289702E+03  5.3004040E-03
  4.5394102E+03  5.2542184E-03
  4.5498799E+03  5.2564973E-03
  4.5603701E+03  5.2699824E-03
  4.5708799E+03  5.3188782E-03
  4.5814199E+03  5.3079110E-03
  4.5919800E+03  5.3188782E-03
  4.6025601E+03  5.3366614E-03
  4.6131802E+03  5.3366614E-03
  4.6238101E+03  5.3383256E-03
  4.6344702E+03  5.3334250E-03
  4.6451499E+03  5.3214426E-03
  4.6558599E+03  5.3166333E-03
  4.6665898E+03  5.3079110E-03
  4.6773501E+03  5.2880370E-03
  4.6881299E+03  5.2927365E-03
  4.6989399E+03  5.2897329E-03
  4.7097700E+03  5.2860053E-03
  4.7206299E+03  5.2403305E-03
  4.7315098E+03  5.2403305E-03
  4.7424199E+03  5.2403305E-03
  4.7533501E+03  5.2375151E-03
  4.7643101E+03  5.2279029E-03
  4.7752900E+03  5.2375151E-03
  4.7862998E+03  5.2341232E-03
  4.7973301E+03  5.2405233E-03
  4.8083901E+03  5.2437782E-03
  4.8194800E+03  5.2734492E-03
  4.8305898E+03  5.2859504E-03
  4.8417202E+03  5.2859504E-03
  4.8528799E+03  5.2915914E-03
  4.8640698E+03  5.2859504E-03
  4.8752798E+03  5.2748099E-03
  4.8865200E+03  5.2322471E-03
  4.8977900E+03  5.2023735E-03
  4.9090801E+03  5.1634782E-03
  4.9203901E+03  5.1544439E-03
  4.9317402E+03  5.1548313E-03
  4.9431099E+03  5.1544439E-03
  4.9545000E+03  5.1634782E-03
  4.9659199E+03  5.1611713E-03
  4.9773701E+03  5.1611713E-03
  4.9888398E+03  5.1548313E-03
  5.0003398E+03  5.1182639E-03
  5.0118701E+03  5.0994894E-03
  5.0234302E+03  5.0994894E-03
  5.0350000E+03  5.0923275E-03
  5.0466099E+03  5.0762841E-03
  5.0582500E+03  5.0259829E-03
  5.0699102E+03  5.0214790E-03
  5.0815898E+03  5.0204066E-03
  5.0933101E+03  5.0259829E-03
  5.1050498E+03  5.0214790E-03
  5.1168198E+03  5.0115427E-03
  5.1286099E+03  5.0111879E-03
  5.1404399E+03  5.0050183E-03
  5.1522900E+03  4.9923211E-03
  5.1641602E+03  4.9831099E-03
  5.1760698E+03  4.9874038E-03
  5.1880000E+03  4.9874038E-03
  5.1999600E+03  5.0058262E-03
  5.2119502E+03  5.0111879E-03
  5.2239600E+03  5.0068651E-03
  5.2360000E+03  5.0068651E-03
  5.2480698E+03  4.9874038E-03
  5.2601699E+03  4.9590808E-03
  5.2722998E+03  4.9420702E-03
  5.2844502E+03  4.9292189E-03
  5.2966299E+03  4.8948857E-03
  5.3088398E+03  4.8766094E-03
  5.3210801E+03  4.8948857E-03
  5.3333501E+03  4.8766094E-03
  5.3456401E+03  4.8819371E-03
  5.3579600E+03  4.8766094E-03
  5.3703198E+03  4.8612161E-03
  5.3827002E+03  4.8761223E-03
  5.3951001E+03  4.9606250E-03
  5.4075400E+03  4.9733724E-03
  5.4200098E+03  4.9467827E-03
  5.4325000E+03  4.9306508E-03
  5.4450200E+03  4.9035246E-03
  5.4575801E+03  4.9278201E-03
  5.4701602E+03  4.9456935E-03
  5.4827700E+03  4.9733724E-03
  5.4954102E+03  4.9278201E-03
  5.5080801E+03  4.8982054E-03
  5.5207700E+03  4.8879310E-03
  5.5335000E+03  4.8662918E-03
  5.5462598E+03  4.9352678E-03
  5.5590400E+03  4.8455386E-03
  5.5718501E+03  4.8824088E-03
  5.5847002E+03  4.8662918E-03
  5.5975698E+03  4.8662918E-03
  5.6104800E+03  4.8662918E-03
  5.6234102E+03  4.8455386E-03
  5.6363799E+03  4.8824088E-03
  5.6493701E+03  4.7999793E-03
  5.6623901E+03  4.7920989E-03
  5.6754502E+03  4.7683469E-03
  5.6885298E+03  4.7562607E-03
  5.7016401E+03  4.7400733E-03
  5.7147900E+03  4.7400733E-03
  5.7279600E+03  4.7400733E-03
  5.7411602E+03  4.7400733E-03
  5.7543999E+03  4.7832862E-03
  5.7676602E+03  4.7833491E-03
  5.7809600E+03  4.8281304E-03
  5.7942900E+03  4.7993260E-03
  5.8076401E+03  4.9110437E-03
  5.8210298E+03  4.9110437E-03
  5.8344502E+03  4.9342979E-03
  5.8478999E+03  4.8446557E-03
  5.8613799E+03  4.8392862E-03
  5.8748901E+03  4.8299413E-03
  5.8884399E+03  4.8299413E-03
  5.9020098E+03  4.8242677E-03
  5.9156099E+03  4.8230574E-03
  5.9292500E+03  4.8230574E-03
  5.9429199E+03  4.8066983E-03
  5.9566201E+03  4.7966628E-03
  5.9703501E+03  4.7901603E-03
  5.9841201E+03  4.7250590E-03
  5.9979102E+03  4.6945107E-03
  6.0117300E+03  4.6945107E-03
  6.0256001E+03  4.6719168E-03
  6.0394800E+03  4.6945107E-03
  6.0534102E+03  4.6945107E-03
  6.0673599E+03  4.6934155E-03
  6.0813501E+03  4.6934155E-03
  6.0953701E+03  4.6591312E-03
  6.1094199E+03  4.7433507E-03
  6.1235000E+03  4.7238036E-03
  6.1376201E+03  4.7238036E-03
  6.1517700E+03  4.7238036E-03
  6.1659502E+03  4.6821130E-03
  6.1801602E+03  4.7238036E-03
  6.1944102E+03  4.7567491E-03
  6.2086899E+03  4.6043359E-03
  6.2230000E+03  4.6043359E-03
  6.2373501E+03  4.5632632E-03
  6.2517300E+03  4.5581558E-03
  6.2661401E+03  4.5819823E-03
  6.2805801E+03  4.5932299E-03
  6.2950601E+03  4.6395999E-03
  6.3095698E+03  4.6456303E-03
  6.3241201E+03  4.6395999E-03
  6.3386899E+03  4.6412125E-03
  6.3533101E+03  4.6456303E-03
  6.3679502E+03  4.6456303E-03
  6.3826299E+03  4.7225696E-03
  6.3973501E+03  4.7225696E-03
  6.4120898E+03  4.0866029E-03
  6.4268799E+03  4.8548714E-03
  6.4416899E+03  4.5337114E-03
  6.4565400E+03  4.5337114E-03
  6.4714199E+03  4.5337114E-03
  6.4863398E+03  4.5337114E-03
  6.5012998E+03  4.5337114E-03
  6.5162798E+03  4.5337114E-03
  6.5312998E+03  4.8529608E-03
  6.5463599E+03  4.8529608E-03
  6.5614502E+03  4.8529608E-03
  6.5765801E+03  4.7244835E-03
  6.5917402E+03  4.8978613E-03
  6.6069302E+03  5.0554899E-03
  6.6221602E+03  4.9098735E-03
  6.6374302E+03  4.9098735E-03
  6.6527300E+03  4.9759997E-03
  6.6680698E+03  4.9305153E-03
  6.6834399E+03  4.9545639E-03
  6.6988501E+03  4.9307263E-03
  6.7142900E+03  4.9305153E-03
  6.7297598E+03  4.9305153E-03
  6.7452798E+03  4.6699294E-03
  6.7608301E+03  4.8401817E-03
  6.7764102E+03  4.8401817E-03
  6.7920400E+03  4.8401817E-03
  6.8076899E+03  4.8401817E-03
  6.8233799E+03  4.8205876E-03
  6.8391099E+03  4.7575063E-03
  6.8548799E+03  4.6987236E-03
  6.8706802E+03  4.6987236E-03
  6.8865200E+03  4.5908703E-03
  6.9023999E+03  4.6987236E-03
  6.9183101E+03  4.5908703E-03
  6.9342598E+03  4.7566025E-03
  6.9502402E+03  4.6341475E-03
  6.9662598E+03  4.6341475E-03
  6.9823198E+03  4.4463030E-03
  6.9984199E+03  4.4383965E-03
  7.0145498E+03  4.4104108E-03
  7.0307202E+03  4.4104108E-03
  7.0469302E+03  4.2225341E-03
  7.0631802E+03  4.1879630E-03
  7.0794600E+03  4.2225341E-03
  7.0957700E+03  4.1552782E-03
  7.1121401E+03  4.2225341E-03
  7.1285298E+03  4.1552782E-03
  7.1449600E+03  4.1552782E-03
  7.1614302E+03  3.9310358E-03
  7.1779399E+03  3.9310358E-03
  7.1944902E+03  4.0794685E-03
  7.2110698E+03  4.0794685E-03
  7.2277002E+03  4.0794685E-03
  7.2443599E+03  4.0794685E-03
  7.2610601E+03  4.0375306E-03
  7.2777998E+03  3.9688745E-03
  7.2945698E+03  3.9688745E-03
  7.3113901E+03  3.9688745E-03
  7.3282500E+03  3.8134591E-03
  7.3451401E+03  3.8134591E-03
  7.3620698E+03  3.8134591E-03
  7.3790400E+03  3.9537326E-03
  7.3960498E+03  3.9537326E-03
  7.4131001E+03  4.0781628E-03
  7.4301899E+03  4.0781628E-03
  7.4473198E+03  4.0781628E-03
  7.4644902E+03  3.8984937E-03
  7.4816899E+03  3.9023929E-03
  7.4989399E+03  3.9127544E-03
  7.5162300E+03  3.9459630E-03
  7.5335498E+03  3.9814794E-03
  7.5509199E+03  3.9998912E-03
  7.5683301E+03  3.9792177E-03
  7.5857700E+03  3.9228867E-03
  7.6032598E+03  3.8684462E-03
  7.6207900E+03  3.7402492E-03
  7.6383599E+03  3.8725622E-03
  7.6559600E+03  3.8774996E-03
  7.6736099E+03  3.8829700E-03
  7.6912998E+03  3.8829700E-03
  7.7090298E+03  3.9156787E-03
  7.7268101E+03  3.9497777E-03
  7.7446201E+03  3.9497777E-03
  7.7624702E+03  3.8967992E-03
  7.7803599E+03  3.8967992E-03
  7.7982998E+03  3.8244219E-03
  7.8162798E+03  3.8244219E-03
  7.8342900E+03  3.7284365E-03
  7.8523599E+03  3.6313741E-03
  7.8704600E+03  3.6313741E-03
  7.8886001E+03  3.7569285E-03
  7.9067900E+03  3.7569285E-03
  7.9250098E+03  3.7569285E-03
  7.9432798E+03  3.7569285E-03
  7.9615898E+03  3.7569285E-03
  7.9799502E+03  3.7569285E-03
  7.9983398E+03  3.8780274E-03
  8.0167798E+03  3.9932826E-03
  8.0352598E+03  3.9932826E-03
  8.0537798E+03  3.9932826E-03
  8.0723501E+03  3.9932826E-03
  8.0909600E+03  3.9932826E-03
  8.1096099E+03  3.8908971E-03
  8.1282998E+03  3.6399404E-03
  8.1470400E+03  3.6718356E-03
  8.1658198E+03  3.6967723E-03
  8.1846499E+03  3.7579392E-03
  8.2035098E+03  3.7579392E-03
  8.2224297E+03  3.7579392E-03
  8.2413799E+03  3.7579392E-03
  8.2603799E+03  3.6872947E-03
  8.2794199E+03  3.6545489E-03
  8.2985098E+03  3.4915449E-03
  8.3176299E+03  3.4915449E-03
  8.3368096E+03  3.6545489E-03
  8.3560303E+03  3.6517933E-03
  8.3752900E+03  3.6517933E-03
  8.3945996E+03  3.6517933E-03
  8.4139502E+03  3.6631641E-03
  8.4333496E+03  3.6517933E-03
  8.4527900E+03  3.6631641E-03
  8.4722695E+03  3.4681486E-03
  8.4917998E+03  3.4681486E-03
  8.5113799E+03  3.3644706E-03
  8.5310000E+03  3.4547765E-03
  8.5506699E+03  3.4959237E-03
  8.5703799E+03  3.4959237E-03
  8.5901396E+03  3.3863734E-03
  8.6099404E+03  3.4473801E-03
  8.6297803E+03  3.4473801E-03
  8.6496699E+03  3.4473801E-03
  8.6696201E+03  3.4197825E-03
  8.6895996E+03  3.4506824E-03
  8.7096299E+03  3.5440803E-03
  8.7297100E+03  3.5300744E-03
  8.7498398E+03  3.5300744E-03
  8.7700000E+03  3.5340823E-03
  8.7902305E+03  3.5340823E-03
  8.8104902E+03  3.3656566E-03
  8.8307998E+03  3.1897177E-03
  8.8511504E+03  3.3656566E-03
  8.8715596E+03  3.3656566E-03
  8.8920098E+03  3.5709967E-03
  8.9125098E+03  3.5709967E-03
  8.9330498E+03  3.3919124E-03
  8.9536504E+03  3.3919124E-03
  8.9742803E+03  3.3919124E-03
  8.9949805E+03  3.3374873E-03
  9.0157100E+03  3.3374873E-03
  9.0364902E+03  3.3374873E-03
  9.0573301E+03  3.3324617E-03
  9.0782002E+03  3.2371429E-03
  9.0991299E+03  3.2371429E-03
  9.1200996E+03  3.2371429E-03
  9.1411299E+03  3.1911959E-03
  9.1622002E+03  3.0976194E-03
  9.1833203E+03  3.2487130E-03
  9.2045000E+03  3.3408473E-03
  9.2257100E+03  3.3408473E-03
  9.2469805E+03  3.3408473E-03
  9.2682998E+03  3.3698219E-03
  9.2896602E+03  3.3013099E-03
  9.3110801E+03  3.3246188E-03
  9.3325400E+03  3.3223110E-03
  9.3540596E+03  3.3007355E-03
  9.3756201E+03  3.2723388E-03
  9.3972305E+03  3.3084673E-03
  9.4189004E+03  3.2700831E-03
  9.4406104E+03  3.1096041E-03
  9.4623701E+03  3.3102806E-03
  9.4841797E+03  3.3386233E-03
  9.5060498E+03  3.0780963E-03
  9.5279600E+03  3.3232868E-03
  9.5499199E+03  3.5585426E-03
  9.5719404E+03  3.5585426E-03
  9.5940000E+03  3.5585426E-03
  9.6161201E+03  3.6192259E-03
  9.6382900E+03  3.4239867E-03
  9.6605098E+03  3.4239867E-03
  9.6827695E+03  3.4239867E-03
  9.7050996E+03  3.2504168E-03
  9.7274697E+03  3.2147209E-03
  9.7498896E+03  3.1949419E-03
  9.7723701E+03  3.2022924E-03
  9.7949004E+03  3.1812920E-03
  9.8174805E+03  3.2231605E-03
  9.8401104E+03  3.2123991E-03
  9.8627900E+03  3.2061904E-03
  9.8855303E+03  3.1929254E-03
  9.9083203E+03  2.9295485E-03
  9.9311602E+03  3.0210065E-03
  9.9540498E+03  3.0210065E-03
  9.9770000E+03  3.0394651E-03
  1.0000000E+04  3.0394651E-03
  1.0000000E+04  3.0394651E-03
  1.0115800E+04  3.1254420E-03
  1.0232940E+04  2.9456350E-03
  1.0351420E+04  3.0149128E-03
  1.0471290E+04  3.1855265E-03
  1.0592540E+04  2.8225640E-03
  1.0715200E+04  2.8371827E-03
  1.0839270E+04  2.7953375E-03
  1.0964780E+04  2.6823189E-03
  1.1091750E+04  2.6997854E-03
  1.1220190E+04  2.5664370E-03
  1.1350100E+04  2.7032439E-03
  1.1481540E+04  2.4987138E-03
  1.1614490E+04  2.5407996E-03
  1.1748980E+04  2.4432293E-03
  1.1885020E+04  2.4993944E-03
  1.2022640E+04  2.3689184E-03
  1.2161860E+04  2.3164637E-03
  1.2302690E+04  2.3102420E-03
  1.2445140E+04  2.3811355E-03
  1.2589250E+04  2.3342462E-03
  1.2735030E+04  2.4017759E-03
  1.2882500E+04  2.1421090E-03
  1.3031660E+04  2.0853574E-03
  1.3182560E+04  2.0755795E-03
  1.3335210E+04  2.0798524E-03
  1.3489630E+04  1.9728183E-03
  1.3645840E+04  1.9826649E-03
  1.3803840E+04  2.1743020E-03
  1.3963680E+04  1.9050422E-03
  1.4125380E+04  1.8542171E-03
  1.4288950E+04  1.7739979E-03
  1.4454390E+04  1.8006706E-03
  1.4621770E+04  1.8161868E-03
  1.4791090E+04  1.6687769E-03
  1.4962360E+04  1.6853600E-03
  1.5135610E+04  1.7816848E-03
  1.5310870E+04  1.6135680E-03
  1.5488170E+04  1.7090619E-03
  1.5667520E+04  1.7732014E-03
  1.5848920E+04  1.5887438E-03
  1.6032450E+04  1.6170441E-03
  1.6218100E+04  1.6110932E-03
  1.6405900E+04  1.5951962E-03
  1.6595859E+04  1.5816565E-03
  1.6788039E+04  1.5336631E-03
  1.6982439E+04  1.5110567E-03
  1.7179090E+04  1.4581778E-03
  1.7378000E+04  1.3859520E-03
  1.7579230E+04  1.3459977E-03
  1.7782789E+04  1.2882153E-03
  1.7988711E+04  1.2326868E-03
  1.8197020E+04  1.1803006E-03
  1.8407711E+04  1.1415029E-03
  1.8620869E+04  1.0967749E-03
  1.8836490E+04  1.0603332E-03
  1.9054619E+04  1.0336012E-03
  1.9275240E+04  9.9558337E-04
  1.9498439E+04  9.4899395E-04
  1.9724230E+04  9.1668160E-04
  1.9952631E+04  8.9028961E-04
  2.0183660E+04  8.6644175E-04
  2.0417381E+04  8.4200408E-04
  2.0653801E+04  8.1574620E-04
  2.0892971E+04  7.9065951E-04
  2.1134881E+04  7.6982606E-04
  2.1379619E+04  7.5189967E-04
  2.1627189E+04  7.2107743E-04
  2.1877619E+04  7.0143712E-04
  2.2130939E+04  6.7909627E-04
  2.2387211E+04  6.5279513E-04
  2.2646439E+04  6.2773516E-04
  2.2908680E+04  5.6015252E-04
  2.3173930E+04  5.3422805E-04
  2.3442279E+04  4.9409986E-04
  2.3713740E+04  4.6337073E-04
  2.3988340E+04  4.3845410E-04
  2.4266109E+04  4.1326814E-04
  2.4547080E+04  3.7963767E-04
  2.4831330E+04  3.4453804E-04
  2.5118869E+04  3.2829784E-04
  2.5409740E+04  3.2502116E-04
  2.5703949E+04  3.2225944E-04
  2.6001590E+04  3.1451136E-04
  2.6302680E+04  3.0457438E-04
  2.6607260E+04  2.9504660E-04
  2.6915340E+04  2.8883145E-04
  2.7227010E+04  2.8450091E-04
  2.7542289E+04  2.7596005E-04
  2.7861221E+04  2.6765207E-04
  2.8183820E+04  2.5842991E-04
  2.8510180E+04  2.5160107E-04
  2.8840320E+04  2.4316696E-04
  2.9174279E+04  2.3599555E-04
  2.9512080E+04  2.2797401E-04
  2.9853820E+04  2.2076101E-04
  3.0199520E+04  2.1409684E-04
  3.0549221E+04  2.0715703E-04
  3.0902939E+04  2.0135868E-04
  3.1260789E+04  1.9609193E-04
  3.1622779E+04  1.9302213E-04
  3.1988961E+04  2.1767801E-04
  3.2359350E+04  3.3134042E-04
  3.2734061E+04  5.2233931E-04
  3.3113109E+04  5.7422783E-04
  3.3496551E+04  3.8789154E-04
  3.3884430E+04  2.1512716E-04
  3.4276770E+04  1.5770388E-04
  3.4673680E+04  1.4612671E-04
  3.5075199E+04  1.4104821E-04
  3.5481359E+04  1.3592411E-04
  3.5892180E+04  1.3079229E-04
  3.6307801E+04  1.2660402E-04
  3.6728230E+04  1.2174273E-04
  3.7153539E+04  1.1702279E-04
  3.7583719E+04  1.1257017E-04
  3.8018930E+04  1.0894340E-04
  3.8459180E+04  1.0563011E-04
  3.8904531E+04  1.0176717E-04
  3.9354988E+04  9.8336423E-05
  3.9810711E+04  9.4520256E-05
  4.0271711E+04  9.1827576E-05
  4.0738039E+04  8.8710622E-05
  4.1209730E+04  8.6017819E-05
  4.1686930E+04  8.2970982E-05
  4.2169648E+04  8.0460530E-05
  4.2657961E+04  7.8169323E-05
  4.3151879E+04  7.1240574E-05
  4.3651570E+04  6.7568581E-05
  4.4157039E+04  6.4074746E-05
  4.4668371E+04  6.1847917E-05
  4.5185621E+04  6.0421480E-05
  4.5708801E+04  5.9806276E-05
  4.6238102E+04  5.8567515E-05
  4.6773520E+04  5.8019199E-05
  4.7315148E+04  5.7465480E-05
  4.7862988E+04  5.6596116E-05
  4.8417230E+04  5.6103698E-05
  4.8977891E+04  5.5219214E-05
  4.9545039E+04  5.4500215E-05
  5.0118699E+04  5.3872085E-05
  5.0699059E+04  5.3081498E-05
  5.1286141E+04  5.2394993E-05
  5.1880020E+04  5.1860374E-05
  5.2480719E+04  5.1253493E-05
  5.3088430E+04  5.0503775E-05
  5.3703180E+04  5.0063318E-05
  5.4325051E+04  4.9603987E-05
  5.4954059E+04  4.9234422E-05
  5.5590410E+04  4.8950093E-05
  5.6234129E+04  4.8750411E-05
  5.6885309E+04  4.8635411E-05
  5.7543961E+04  4.8605089E-05
  5.8210301E+04  4.8657683E-05
  5.8884359E+04  4.8791695E-05
  5.9566230E+04  4.9012800E-05
  6.0255988E+04  5.3264583E-05
  6.0953672E+04  6.3831932E-05
  6.1659500E+04  1.0587633E-04
  6.2373500E+04  1.6555558E-04
  6.3095762E+04  1.2024603E-04
  6.3826320E+04  7.6814671E-05
  6.4565410E+04  5.8107369E-05
  6.5313059E+04  4.9595219E-05
  6.6069367E+04  5.2278687E-05
  6.6834359E+04  5.3043801E-05
  6.7608289E+04  5.2804513E-05
  6.8391172E+04  5.0522522E-05
  6.9183117E+04  5.7417106E-05
  6.9984156E+04  6.8083020E-05
  7.0794562E+04  6.1472994E-05
  7.1614344E+04  6.5962027E-05
  7.2443617E+04  6.8812820E-05
  7.3282406E+04  7.8676312E-05
  7.4131008E+04  9.5236654E-05
  7.4989422E+04  1.2351017E-04
  7.5857781E+04  1.4852259E-04
  7.6736102E+04  1.6087688E-04
  7.7624688E+04  1.5037470E-04
  7.8523562E+04  1.4291771E-04
  7.9432844E+04  1.2179941E-04
  8.0352648E+04  9.4591793E-05
  8.1283023E+04  7.9010024E-05
  8.2224258E+04  6.8262438E-05
  8.3176391E+04  6.6153210E-05
  8.4139547E+04  6.5689623E-05
  8.5113773E+04  6.9034933E-05
  8.6099367E+04  7.6146003E-05
  8.7096367E+04  6.8983180E-05
  8.8104922E+04  4.8572492E-05
  8.9125047E+04  3.5329205E-05
  9.0157102E+04  2.7814489E-05
  9.1201094E+04  2.2716697E-05
  9.2257172E+04  2.0557110E-05
  9.3325383E+04  2.0338106E-05
  9.4406070E+04  1.9955196E-05
  9.5499273E+04  1.8210389E-05
  9.6605117E+04  1.9523186E-05
  9.7723672E+04  1.8792598E-05
  9.8855281E+04  1.6218493E-05
  1.0000000E+05  1.4654300E-05
  1.0115797E+05  1.5436610E-05
  1.0232924E+05  1.5627093E-05
  1.0351419E+05  1.5736598E-05
  1.0471285E+05  1.7821398E-05
  1.0592540E+05  2.2307071E-05
  1.0715198E+05  2.2169168E-05
  1.0839266E+05  2.3049897E-05
  1.0964781E+05  2.8608512E-05
  1.1091750E+05  3.9385897E-05
  1.1220190E+05  7.0631599E-05
  1.1350104E+05  7.8330762E-05
  1.1481534E+05  5.3835127E-05
  1.1614488E+05  3.9098468E-05
  1.1748980E+05  3.3748503E-05
  1.1885017E+05  3.3997349E-05
  1.2022642E+05  3.6633188E-05
  1.2161861E+05  3.4848101E-05
  1.2302692E+05  3.7705984E-05
  1.2445140E+05  4.0303687E-05
  1.2589252E+05  4.5152487E-05
  1.2735031E+05  5.7398702E-05
  1.2882499E+05  5.0414412E-05
  1.3031661E+05  3.0595475E-05
  1.3182564E+05  2.7274284E-05
  1.3335214E+05  2.6849812E-05
  1.3489633E+05  2.6297805E-05
  1.3645823E+05  2.6903490E-05
  1.3803839E+05  2.4203397E-05
  1.3963683E+05  2.4238687E-05
  1.4125378E+05  2.4564984E-05
  1.4288947E+05  2.4556004E-05
  1.4454392E+05  2.4494690E-05
  1.4621770E+05  2.4434306E-05
  1.4791086E+05  2.4375089E-05
  1.4962362E+05  2.4316309E-05
  1.5135606E+05  2.4251598E-05
  1.5310872E+05  2.4185174E-05
  1.5488169E+05  2.4119699E-05
  1.5667517E+05  2.4055091E-05
  1.5848925E+05  2.3991997E-05
  1.6032452E+05  2.3922896E-05
  1.6218103E+05  2.3824809E-05
  1.6405903E+05  2.3727305E-05
  1.6595861E+05  2.3630902E-05
  1.6788036E+05  2.3535305E-05
  1.6982438E+05  2.3440300E-05
  1.7179089E+05  2.3339297E-05
  1.7377998E+05  2.3238066E-05
  1.7579231E+05  2.3138009E-05
  1.7782794E+05  2.3038790E-05
  1.7988714E+05  2.2940802E-05
  1.8196998E+05  2.2819690E-05
  1.8407714E+05  2.2695505E-05
  1.8620870E+05  2.2569593E-05
  1.8836495E+05  2.2442087E-05
  1.9054595E+05  2.2315302E-05
  1.9275242E+05  2.2193595E-05
  1.9498444E+05  2.2070200E-05
  1.9724231E+05  2.1945203E-05
  1.9952631E+05  2.1818805E-05
