  3.1623001E+02  0.0000000E+00
  3.1695999E+02  0.0000000E+00
  3.1769000E+02  0.0000000E+00
  3.1842001E+02  0.0000000E+00
  3.1914999E+02  0.0000000E+00
  3.1989001E+02  0.0000000E+00
  3.2063000E+02  0.0000000E+00
  3.2137000E+02  0.0000000E+00
  3.2210999E+02  0.0000000E+00
  3.2285001E+02  0.0000000E+00
  3.2359000E+02  0.0000000E+00
  3.2434000E+02  0.0000000E+00
  3.2509000E+02  0.0000000E+00
  3.2584000E+02  0.0000000E+00
  3.2659000E+02  0.0000000E+00
  3.2734000E+02  0.0000000E+00
  3.2810001E+02  0.0000000E+00
  3.2885001E+02  0.0000000E+00
  3.2960999E+02  0.0000000E+00
  3.3037000E+02  0.0000000E+00
  3.3113000E+02  0.0000000E+00
  3.3189001E+02  0.0000000E+00
  3.3266000E+02  0.0000000E+00
  3.3342999E+02  0.0000000E+00
  3.3419000E+02  0.0000000E+00
  3.3497000E+02  0.0000000E+00
  3.3573999E+02  0.0000000E+00
  3.3651001E+02  0.0000000E+00
  3.3729001E+02  0.0000000E+00
  3.3806000E+02  0.0000000E+00
  3.3884000E+02  0.0000000E+00
  3.3963000E+02  0.0000000E+00
  3.4041000E+02  0.0000000E+00
  3.4119000E+02  0.0000000E+00
  3.4198001E+02  0.0000000E+00
  3.4276999E+02  0.0000000E+00
  3.4356000E+02  0.0000000E+00
  3.4435001E+02  0.0000000E+00
  3.4514001E+02  0.0000000E+00
  3.4594000E+02  0.0000000E+00
  3.4673999E+02  0.0000000E+00
  3.4754001E+02  0.0000000E+00
  3.4834000E+02  0.0000000E+00
  3.4914001E+02  0.0000000E+00
  3.4995001E+02  0.0000000E+00
  3.5075000E+02  0.0000000E+00
  3.5156000E+02  0.0000000E+00
  3.5237000E+02  0.0000000E+00
  3.5317999E+02  0.0000000E+00
  3.5400000E+02  0.0000000E+00
  3.5481000E+02  0.0000000E+00
  3.5563000E+02  0.0000000E+00
  3.5645001E+02  0.0000000E+00
  3.5726999E+02  0.0000000E+00
  3.5810001E+02  0.0000000E+00
  3.5892001E+02  0.0000000E+00
  3.5975000E+02  0.0000000E+00
  3.6057999E+02  0.0000000E+00
  3.6141000E+02  0.0000000E+00
  3.6223999E+02  0.0000000E+00
  3.6307999E+02  0.0000000E+00
  3.6392001E+02  0.0000000E+00
  3.6475000E+02  0.0000000E+00
  3.6559000E+02  0.0000000E+00
  3.6644000E+02  0.0000000E+00
  3.6728000E+02  0.0000000E+00
  3.6813000E+02  0.0000000E+00
  3.6898001E+02  0.0000000E+00
  3.6982999E+02  0.0000000E+00
  3.7067999E+02  0.0000000E+00
  3.7154001E+02  0.0000000E+00
  3.7239001E+02  0.0000000E+00
  3.7325000E+02  0.0000000E+00
  3.7410999E+02  0.0000000E+00
  3.7497000E+02  0.0000000E+00
  3.7584000E+02  0.0000000E+00
  3.7670001E+02  0.0000000E+00
  3.7757001E+02  0.0000000E+00
  3.7844000E+02  0.0000000E+00
  3.7931000E+02  0.0000000E+00
  3.8019000E+02  0.0000000E+00
  3.8107001E+02  0.0000000E+00
  3.8194000E+02  0.0000000E+00
  3.8282001E+02  0.0000000E+00
  3.8370999E+02  0.0000000E+00
  3.8459000E+02  0.0000000E+00
  3.8548001E+02  0.0000000E+00
  3.8637000E+02  0.0000000E+00
  3.8726001E+02  0.0000000E+00
  3.8814999E+02  0.0000000E+00
  3.8904999E+02  0.0000000E+00
  3.8994000E+02  0.0000000E+00
  3.9084000E+02  0.0000000E+00
  3.9173999E+02  0.0000000E+00
  3.9264999E+02  0.0000000E+00
  3.9354999E+02  0.0000000E+00
  3.9445999E+02  0.0000000E+00
  3.9537000E+02  0.0000000E+00
  3.9628000E+02  0.0000000E+00
  3.9719000E+02  0.0000000E+00
  3.9810999E+02  0.0000000E+00
  3.9901999E+02  0.0000000E+00
  3.9994000E+02  0.0000000E+00
  4.0087000E+02  0.0000000E+00
  4.0179001E+02  0.0000000E+00
  4.0272000E+02  0.0000000E+00
  4.0364999E+02  0.0000000E+00
  4.0457999E+02  0.0000000E+00
  4.0551001E+02  0.0000000E+00
  4.0644000E+02  0.0000000E+00
  4.0738000E+02  0.0000000E+00
  4.0832001E+02  0.0000000E+00
  4.0926001E+02  0.0000000E+00
  4.1020001E+02  0.0000000E+00
  4.1114999E+02  0.0000000E+00
  4.1210001E+02  0.0000000E+00
  4.1304999E+02  0.0000000E+00
  4.1400000E+02  0.0000000E+00
  4.1495001E+02  0.0000000E+00
  4.1591000E+02  0.0000000E+00
  4.1687000E+02  0.0000000E+00
  4.1782999E+02  0.0000000E+00
  4.1879001E+02  0.0000000E+00
  4.1976001E+02  0.0000000E+00
  4.2073001E+02  0.0000000E+00
  4.2170001E+02  0.0000000E+00
  4.2267001E+02  0.0000000E+00
  4.2364001E+02  0.0000000E+00
  4.2462000E+02  0.0000000E+00
  4.2560001E+02  0.0000000E+00
  4.2657999E+02  0.0000000E+00
  4.2756000E+02  0.0000000E+00
  4.2854999E+02  0.0000000E+00
  4.2954001E+02  0.0000000E+00
  4.3053000E+02  0.0000000E+00
  4.3151999E+02  0.0000000E+00
  4.3251001E+02  0.0000000E+00
  4.3351001E+02  0.0000000E+00
  4.3451001E+02  0.0000000E+00
  4.3551001E+02  0.0000000E+00
  4.3651999E+02  0.0000000E+00
  4.3751999E+02  0.0000000E+00
  4.3853000E+02  0.0000000E+00
  4.3954001E+02  0.0000000E+00
  4.4054999E+02  0.0000000E+00
  4.4157001E+02  0.0000000E+00
  4.4259000E+02  0.0000000E+00
  4.4360999E+02  0.0000000E+00
  4.4463000E+02  0.0000000E+00
  4.4566000E+02  0.0000000E+00
  4.4667999E+02  0.0000000E+00
  4.4770999E+02  0.0000000E+00
  4.4875000E+02  0.0000000E+00
  4.4978000E+02  0.0000000E+00
  4.5082001E+02  0.0000000E+00
  4.5185999E+02  0.0000000E+00
  4.5289999E+02  0.0000000E+00
  4.5394000E+02  0.0000000E+00
  4.5498999E+02  0.0000000E+00
  4.5604001E+02  0.0000000E+00
  4.5709000E+02  0.0000000E+00
  4.5814001E+02  0.0000000E+00
  4.5920001E+02  0.0000000E+00
  4.6026001E+02  0.0000000E+00
  4.6132001E+02  0.0000000E+00
  4.6238000E+02  0.0000000E+00
  4.6345001E+02  0.0000000E+00
  4.6451999E+02  0.0000000E+00
  4.6559000E+02  0.0000000E+00
  4.6666000E+02  0.0000000E+00
  4.6773999E+02  0.0000000E+00
  4.6881000E+02  0.0000000E+00
  4.6989001E+02  0.0000000E+00
  4.7098001E+02  0.0000000E+00
  4.7206000E+02  0.0000000E+00
  4.7314999E+02  0.0000000E+00
  4.7423999E+02  0.0000000E+00
  4.7534000E+02  0.0000000E+00
  4.7642999E+02  0.0000000E+00
  4.7753000E+02  0.0000000E+00
  4.7863000E+02  0.0000000E+00
  4.7973001E+02  0.0000000E+00
  4.8084000E+02  0.0000000E+00
  4.8195001E+02  0.0000000E+00
  4.8306000E+02  0.0000000E+00
  4.8417001E+02  0.0000000E+00
  4.8529001E+02  0.0000000E+00
  4.8641000E+02  0.0000000E+00
  4.8753000E+02  0.0000000E+00
  4.8864999E+02  0.0000000E+00
  4.8978000E+02  0.0000000E+00
  4.9091000E+02  0.0000000E+00
  4.9204001E+02  0.0000000E+00
  4.9317001E+02  0.0000000E+00
  4.9431000E+02  0.0000000E+00
  4.9545001E+02  0.0000000E+00
  4.9659000E+02  0.0000000E+00
  4.9773999E+02  0.0000000E+00
  4.9888000E+02  0.0000000E+00
  5.0003000E+02  0.0000000E+00
  5.0119000E+02  0.0000000E+00
  5.0234000E+02  0.0000000E+00
  5.0350000E+02  0.0000000E+00
  5.0466000E+02  0.0000000E+00
  5.0582001E+02  0.0000000E+00
  5.0698999E+02  0.0000000E+00
  5.0816000E+02  0.0000000E+00
  5.0932999E+02  0.0000000E+00
  5.1050000E+02  0.0000000E+00
  5.1167999E+02  0.0000000E+00
  5.1285999E+02  0.0000000E+00
  5.1403998E+02  0.0000000E+00
  5.1522998E+02  0.0000000E+00
  5.1641998E+02  0.0000000E+00
  5.1760999E+02  0.0000000E+00
  5.1879999E+02  0.0000000E+00
  5.2000000E+02  0.0000000E+00
  5.2119000E+02  0.0000000E+00
  5.2240002E+02  0.0000000E+00
  5.2359998E+02  0.0000000E+00
  5.2481000E+02  0.0000000E+00
  5.2602002E+02  0.0000000E+00
  5.2722998E+02  0.0000000E+00
  5.2845001E+02  0.0000000E+00
  5.2965997E+02  0.0000000E+00
  5.3088000E+02  0.0000000E+00
  5.3210999E+02  0.0000000E+00
  5.3333002E+02  0.0000000E+00
  5.3456000E+02  0.0000000E+00
  5.3579999E+02  0.0000000E+00
  5.3703003E+02  0.0000000E+00
  5.3827002E+02  0.0000000E+00
  5.3951001E+02  0.0000000E+00
  5.4075000E+02  0.0000000E+00
  5.4200000E+02  0.0000000E+00
  5.4325000E+02  0.0000000E+00
  5.4450000E+02  0.0000000E+00
  5.4576001E+02  0.0000000E+00
  5.4702002E+02  0.0000000E+00
  5.4828003E+02  0.0000000E+00
  5.4953998E+02  0.0000000E+00
  5.5081000E+02  0.0000000E+00
  5.5208002E+02  0.0000000E+00
  5.5334998E+02  0.0000000E+00
  5.5463000E+02  0.0000000E+00
  5.5590002E+02  0.0000000E+00
  5.5719000E+02  0.0000000E+00
  5.5846997E+02  0.0000000E+00
  5.5976001E+02  0.0000000E+00
  5.6104999E+02  0.0000000E+00
  5.6234003E+02  0.0000000E+00
  5.6364001E+02  0.0000000E+00
  5.6494000E+02  0.0000000E+00
  5.6623999E+02  0.0000000E+00
  5.6753998E+02  0.0000000E+00
  5.6884998E+02  0.0000000E+00
  5.7015997E+02  0.0000000E+00
  5.7147998E+02  0.0000000E+00
  5.7279999E+02  0.0000000E+00
  5.7412000E+02  0.0000000E+00
  5.7544000E+02  0.0000000E+00
  5.7677002E+02  0.0000000E+00
  5.7809998E+02  0.0000000E+00
  5.7942999E+02  0.0000000E+00
  5.8076001E+02  0.0000000E+00
  5.8209998E+02  0.0000000E+00
  5.8345001E+02  0.0000000E+00
  5.8478998E+02  0.0000000E+00
  5.8614001E+02  0.0000000E+00
  5.8748999E+02  0.0000000E+00
  5.8884003E+02  0.0000000E+00
  5.9020001E+02  0.0000000E+00
  5.9156000E+02  0.0000000E+00
  5.9292999E+02  0.0000000E+00
  5.9428998E+02  0.0000000E+00
  5.9565997E+02  0.0000000E+00
  5.9703998E+02  0.0000000E+00
  5.9840997E+02  0.0000000E+00
  5.9978998E+02  0.0000000E+00
  6.0116998E+02  0.0000000E+00
  6.0256000E+02  0.0000000E+00
  6.0395001E+02  0.0000000E+00
  6.0534003E+02  0.0000000E+00
  6.0673999E+02  0.0000000E+00
  6.0813000E+02  0.0000000E+00
  6.0953998E+02  0.0000000E+00
  6.1094000E+02  0.0000000E+00
  6.1234998E+02  0.0000000E+00
  6.1376001E+02  0.0000000E+00
  6.1517999E+02  0.0000000E+00
  6.1659003E+02  0.0000000E+00
  6.1802002E+02  0.0000000E+00
  6.1944000E+02  0.0000000E+00
  6.2087000E+02  0.0000000E+00
  6.2229999E+02  0.0000000E+00
  6.2372998E+02  0.0000000E+00
  6.2516998E+02  0.0000000E+00
  6.2660999E+02  0.0000000E+00
  6.2806000E+02  0.0000000E+00
  6.2951001E+02  0.0000000E+00
  6.3096002E+02  0.0000000E+00
  6.3240997E+02  0.0000000E+00
  6.3387000E+02  0.0000000E+00
  6.3533002E+02  0.0000000E+00
  6.3679999E+02  0.0000000E+00
  6.3826001E+02  0.0000000E+00
  6.3972998E+02  0.0000000E+00
  6.4121002E+02  0.0000000E+00
  6.4269000E+02  0.0000000E+00
  6.4416998E+02  0.0000000E+00
  6.4565002E+02  0.0000000E+00
  6.4714001E+02  0.0000000E+00
  6.4863000E+02  0.0000000E+00
  6.5013000E+02  0.0000000E+00
  6.5163000E+02  0.0000000E+00
  6.5313000E+02  0.0000000E+00
  6.5464001E+02  0.0000000E+00
  6.5615002E+02  0.0000000E+00
  6.5765997E+02  0.0000000E+00
  6.5916998E+02  0.0000000E+00
  6.6069000E+02  0.0000000E+00
  6.6221997E+02  0.0000000E+00
  6.6373999E+02  0.0000000E+00
  6.6527002E+02  0.0000000E+00
  6.6681000E+02  0.0000000E+00
  6.6834003E+02  0.0000000E+00
  6.6988000E+02  0.0000000E+00
  6.7142999E+02  0.0000000E+00
  6.7297998E+02  0.0000000E+00
  6.7453003E+02  0.0000000E+00
  6.7608002E+02  0.0000000E+00
  6.7764001E+02  0.0000000E+00
  6.7920001E+02  0.0000000E+00
  6.8077002E+02  0.0000000E+00
  6.8234003E+02  0.0000000E+00
  6.8390997E+02  0.0000000E+00
  6.8548999E+02  0.0000000E+00
  6.8707001E+02  0.0000000E+00
  6.8865002E+02  0.0000000E+00
  6.9023999E+02  0.0000000E+00
  6.9183002E+02  0.0000000E+00
  6.9342999E+02  0.0000000E+00
  6.9502002E+02  0.0000000E+00
  6.9663000E+02  0.0000000E+00
  6.9822998E+02  0.0000000E+00
  6.9984003E+02  0.0000000E+00
  7.0146002E+02  0.0000000E+00
  7.0307001E+02  0.0000000E+00
  7.0469000E+02  0.0000000E+00
  7.0632001E+02  0.0000000E+00
  7.0795001E+02  0.0000000E+00
  7.0958002E+02  0.0000000E+00
  7.1121002E+02  0.0000000E+00
  7.1284998E+02  0.0000000E+00
  7.1450000E+02  0.0000000E+00
  7.1614001E+02  0.0000000E+00
  7.1778998E+02  0.0000000E+00
  7.1945001E+02  0.0000000E+00
  7.2110999E+02  0.0000000E+00
  7.2277002E+02  0.0000000E+00
  7.2444000E+02  0.0000000E+00
  7.2610999E+02  0.0000000E+00
  7.2778003E+02  0.0000000E+00
  7.2946002E+02  0.0000000E+00
  7.3114001E+02  0.0000000E+00
  7.3282001E+02  0.0000000E+00
  7.3451001E+02  0.0000000E+00
  7.3621002E+02  0.0000000E+00
  7.3790002E+02  0.0000000E+00
  7.3960999E+02  0.0000000E+00
  7.4131000E+02  0.0000000E+00
  7.4302002E+02  0.0000000E+00
  7.4472998E+02  0.0000000E+00
  7.4645001E+02  0.0000000E+00
  7.4816998E+02  0.0000000E+00
  7.4989001E+02  0.0000000E+00
  7.5162000E+02  0.0000000E+00
  7.5335999E+02  0.0000000E+00
  7.5509003E+02  0.0000000E+00
  7.5683002E+02  0.0000000E+00
  7.5858002E+02  0.0000000E+00
  7.6033002E+02  0.0000000E+00
  7.6208002E+02  0.0000000E+00
  7.6384003E+02  0.0000000E+00
  7.6559998E+02  0.0000000E+00
  7.6735999E+02  0.0000000E+00
  7.6913000E+02  0.0000000E+00
  7.7090002E+02  0.0000000E+00
  7.7267999E+02  0.0000000E+00
  7.7446002E+02  0.0000000E+00
  7.7625000E+02  0.0000000E+00
  7.7803998E+02  0.0000000E+00
  7.7983002E+02  0.0000000E+00
  7.8163000E+02  0.0000000E+00
  7.8342999E+02  0.0000000E+00
  7.8523999E+02  0.0000000E+00
  7.8704999E+02  0.0000000E+00
  7.8885999E+02  0.0000000E+00
  7.9067999E+02  0.0000000E+00
  7.9250000E+02  0.0000000E+00
  7.9433002E+02  0.0000000E+00
  7.9615997E+02  0.0000000E+00
  7.9798999E+02  0.0000000E+00
  7.9983002E+02  0.0000000E+00
  8.0167999E+02  0.0000000E+00
  8.0353003E+02  0.0000000E+00
  8.0538000E+02  0.0000000E+00
  8.0723999E+02  0.0000000E+00
  8.0909998E+02  0.0000000E+00
  8.1096002E+02  0.0000000E+00
  8.1283002E+02  0.0000000E+00
  8.1470001E+02  0.0000000E+00
  8.1658002E+02  0.0000000E+00
  8.1846002E+02  0.0000000E+00
  8.2034998E+02  0.0000000E+00
  8.2223999E+02  0.0000000E+00
  8.2414001E+02  0.0000000E+00
  8.2603998E+02  0.0000000E+00
  8.2794000E+02  0.0000000E+00
  8.2984998E+02  0.0000000E+00
  8.3176001E+02  0.0000000E+00
  8.3367999E+02  0.0000000E+00
  8.3559998E+02  0.0000000E+00
  8.3753003E+02  0.0000000E+00
  8.3946002E+02  0.0000000E+00
  8.4140002E+02  0.0000000E+00
  8.4333002E+02  0.0000000E+00
  8.4528003E+02  0.0000000E+00
  8.4722998E+02  0.0000000E+00
  8.4917999E+02  0.0000000E+00
  8.5114001E+02  0.0000000E+00
  8.5309998E+02  0.0000000E+00
  8.5507001E+02  0.0000000E+00
  8.5703998E+02  0.0000000E+00
  8.5901001E+02  0.0000000E+00
  8.6098999E+02  0.0000000E+00
  8.6297998E+02  0.0000000E+00
  8.6496997E+02  0.0000000E+00
  8.6696002E+02  0.0000000E+00
  8.6896002E+02  0.0000000E+00
  8.7096002E+02  0.0000000E+00
  8.7296997E+02  0.0000000E+00
  8.7497998E+02  0.0000000E+00
  8.7700000E+02  0.0000000E+00
  8.7902002E+02  0.0000000E+00
  8.8104999E+02  0.0000000E+00
  8.8308002E+02  0.0000000E+00
  8.8512000E+02  0.0000000E+00
  8.8715997E+02  0.0000000E+00
  8.8920001E+02  0.0000000E+00
  8.9125000E+02  0.0000000E+00
  8.9331000E+02  0.0000000E+00
  8.9535999E+02  0.0000000E+00
  8.9742999E+02  0.0000000E+00
  8.9950000E+02  0.0000000E+00
  9.0157001E+02  4.3658591E-03
  9.0365002E+02  4.3362067E-03
  9.0572998E+02  4.3006935E-03
  9.0782001E+02  4.2543323E-03
  9.0990997E+02  4.2082462E-03
  9.1201001E+02  4.1624224E-03
  9.1410999E+02  4.1168802E-03
  9.1621997E+02  4.7054840E-03
  9.1833002E+02  5.7498268E-03
  9.2045001E+02  3.9201312E-02
  9.2257001E+02  3.9201312E-02
  9.2470001E+02  3.9201312E-02
  9.2683002E+02  1.3991579E-02
  9.2896997E+02  1.3991579E-02
  9.3110999E+02  1.3991579E-02
  9.3325000E+02  1.3991579E-02
  9.3540997E+02  1.3991579E-02
  9.3756000E+02  1.9846829E-02
  9.3971997E+02  1.9201091E-02
  9.4189001E+02  1.9201091E-02
  9.4406000E+02  1.9201091E-02
  9.4623999E+02  1.9201091E-02
  9.4841998E+02  1.9846829E-02
  9.5059998E+02  1.9846829E-02
  9.5279999E+02  1.9846829E-02
  9.5498999E+02  1.9846829E-02
  9.5719000E+02  1.9846829E-02
  9.5940002E+02  1.9846829E-02
  9.6160999E+02  1.9846829E-02
  9.6383002E+02  1.9846829E-02
  9.6604999E+02  1.9846829E-02
  9.6828003E+02  1.9846829E-02
  9.7051001E+02  1.9846829E-02
  9.7275000E+02  1.9846829E-02
  9.7498999E+02  2.4837799E-02
  9.7723999E+02  2.4837799E-02
  9.7948999E+02  2.4837799E-02
  9.8175000E+02  2.4837799E-02
  9.8401001E+02  2.4837799E-02
  9.8628003E+02  2.4837799E-02
  9.8854999E+02  2.4837799E-02
  9.9083002E+02  2.4837799E-02
  9.9312000E+02  2.4837799E-02
  9.9540997E+02  2.4837799E-02
  9.9770001E+02  2.4837799E-02
  1.0000000E+03  2.6227323E-02
  1.0023100E+03  2.6227323E-02
  1.0046200E+03  2.6227323E-02
  1.0069300E+03  2.6227323E-02
  1.0092500E+03  2.5618544E-02
  1.0115800E+03  2.4837799E-02
  1.0139100E+03  2.4837799E-02
  1.0162500E+03  2.4837799E-02
  1.0185900E+03  2.4837799E-02
  1.0209400E+03  2.4837799E-02
  1.0232900E+03  2.4837799E-02
  1.0256500E+03  2.4837799E-02
  1.0280200E+03  2.4837799E-02
  1.0303900E+03  2.4837799E-02
  1.0327600E+03  2.4837799E-02
  1.0351400E+03  2.4837799E-02
  1.0375300E+03  2.5618544E-02
  1.0399200E+03  2.6227323E-02
  1.0423199E+03  2.5618544E-02
  1.0447200E+03  2.6227323E-02
  1.0471300E+03  2.6227323E-02
  1.0495400E+03  2.5618544E-02
  1.0519600E+03  2.5618544E-02
  1.0543900E+03  2.5618544E-02
  1.0568199E+03  2.5618544E-02
  1.0592500E+03  2.5618544E-02
  1.0617000E+03  2.5618544E-02
  1.0641400E+03  2.5618544E-02
  1.0666000E+03  2.5618544E-02
  1.0690500E+03  2.5618544E-02
  1.0715200E+03  2.5618544E-02
  1.0739900E+03  2.5618544E-02
  1.0764700E+03  2.5618544E-02
  1.0789500E+03  2.5618544E-02
  1.0814301E+03  2.5618544E-02
  1.0839301E+03  2.5618544E-02
  1.0864301E+03  2.5618544E-02
  1.0889301E+03  2.5618544E-02
  1.0914399E+03  2.5618544E-02
  1.0939600E+03  2.5618544E-02
  1.0964800E+03  2.5618544E-02
  1.0990100E+03  3.0674992E-02
  1.1015400E+03  2.5618544E-02
  1.1040800E+03  2.5618544E-02
  1.1066200E+03  2.5618544E-02
  1.1091801E+03  3.9842740E-02
  1.1117300E+03  4.6536017E-02
  1.1142900E+03  4.6536017E-02
  1.1168600E+03  4.6536017E-02
  1.1194399E+03  4.6536017E-02
  1.1220200E+03  4.6536017E-02
  1.1246000E+03  4.6536017E-02
  1.1272000E+03  4.6536017E-02
  1.1298000E+03  4.6536017E-02
  1.1324000E+03  3.9842740E-02
  1.1350100E+03  4.0163662E-02
  1.1376300E+03  3.9842740E-02
  1.1402500E+03  3.9842740E-02
  1.1428800E+03  3.9842740E-02
  1.1455100E+03  3.9842740E-02
  1.1481500E+03  3.9842740E-02
  1.1508000E+03  3.9185967E-02
  1.1534500E+03  3.9185967E-02
  1.1561100E+03  3.9185967E-02
  1.1587800E+03  3.9185967E-02
  1.1614500E+03  3.9185967E-02
  1.1641300E+03  3.9185967E-02
  1.1668101E+03  3.9185967E-02
  1.1695000E+03  3.9185967E-02
  1.1722000E+03  3.9185967E-02
  1.1749000E+03  3.9185967E-02
  1.1776100E+03  3.9185967E-02
  1.1803199E+03  3.9842740E-02
  1.1830400E+03  3.9185967E-02
  1.1857700E+03  3.0826030E-02
  1.1885000E+03  2.8365122E-02
  1.1912400E+03  2.8365122E-02
  1.1939900E+03  3.0826030E-02
  1.1967400E+03  3.0826030E-02
  1.1995000E+03  2.8365122E-02
  1.2022600E+03  3.0826030E-02
  1.2050400E+03  2.8365122E-02
  1.2078101E+03  2.8365122E-02
  1.2106000E+03  2.8365122E-02
  1.2133900E+03  3.0826030E-02
  1.2161899E+03  3.0826030E-02
  1.2189900E+03  3.0826030E-02
  1.2218000E+03  3.2159377E-02
  1.2246200E+03  3.2159377E-02
  1.2274399E+03  3.2159377E-02
  1.2302700E+03  3.2159377E-02
  1.2331000E+03  3.2484669E-02
  1.2359500E+03  3.2159377E-02
  1.2388000E+03  3.2159377E-02
  1.2416500E+03  3.2159377E-02
  1.2445100E+03  3.2159377E-02
  1.2473800E+03  3.0826030E-02
  1.2502600E+03  3.0826030E-02
  1.2531400E+03  3.0826030E-02
  1.2560300E+03  3.0826030E-02
  1.2589301E+03  3.0826030E-02
  1.2618300E+03  3.0826030E-02
  1.2647400E+03  3.2159377E-02
  1.2676500E+03  3.0826030E-02
  1.2705699E+03  3.0826030E-02
  1.2735000E+03  3.0826030E-02
  1.2764399E+03  3.0826030E-02
  1.2793800E+03  2.8058177E-02
  1.2823300E+03  2.8058177E-02
  1.2852900E+03  3.2159377E-02
  1.2882500E+03  3.2159377E-02
  1.2912200E+03  3.2159377E-02
  1.2942000E+03  2.8058177E-02
  1.2971801E+03  2.8058177E-02
  1.3001700E+03  2.0877158E-02
  1.3031700E+03  1.7851366E-02
  1.3061700E+03  1.7851366E-02
  1.3091801E+03  1.7055659E-02
  1.3122000E+03  1.7055659E-02
  1.3152200E+03  1.7055659E-02
  1.3182600E+03  1.7055659E-02
  1.3213000E+03  1.6275791E-02
  1.3243400E+03  1.6275791E-02
  1.3273900E+03  1.6275791E-02
  1.3304500E+03  1.6275791E-02
  1.3335200E+03  1.6275791E-02
  1.3366000E+03  1.6275791E-02
  1.3396801E+03  1.3570893E-02
  1.3427700E+03  1.3148886E-02
  1.3458600E+03  1.3148886E-02
  1.3489600E+03  1.3148886E-02
  1.3520699E+03  1.3148886E-02
  1.3551899E+03  1.3570893E-02
  1.3583101E+03  1.3570893E-02
  1.3614399E+03  1.3148886E-02
  1.3645800E+03  1.3148886E-02
  1.3677300E+03  1.3148886E-02
  1.3708800E+03  1.1762536E-02
  1.3740400E+03  1.1762536E-02
  1.3772100E+03  1.1762536E-02
  1.3803800E+03  1.1762536E-02
  1.3835699E+03  1.1762536E-02
  1.3867600E+03  1.1762536E-02
  1.3899500E+03  1.3148886E-02
  1.3931600E+03  1.3148886E-02
  1.3963700E+03  1.3148886E-02
  1.3995900E+03  1.3570893E-02
  1.4028101E+03  1.3665664E-02
  1.4060500E+03  1.3665664E-02
  1.4092900E+03  1.3665664E-02
  1.4125400E+03  1.3665664E-02
  1.4157900E+03  1.3665664E-02
  1.4190601E+03  1.3665664E-02
  1.4223300E+03  1.3665664E-02
  1.4256100E+03  1.3665664E-02
  1.4288900E+03  1.3665664E-02
  1.4321899E+03  1.3665664E-02
  1.4354900E+03  1.3665664E-02
  1.4388000E+03  1.3665664E-02
  1.4421200E+03  1.5137185E-02
  1.4454399E+03  1.3665664E-02
  1.4487700E+03  1.3665664E-02
  1.4521100E+03  1.2961653E-02
  1.4554600E+03  1.2448891E-02
  1.4588101E+03  1.2448891E-02
  1.4621801E+03  1.2448891E-02
  1.4655500E+03  1.2448891E-02
  1.4689301E+03  1.2448891E-02
  1.4723101E+03  1.2961653E-02
  1.4757100E+03  1.2603344E-02
  1.4791100E+03  1.2603344E-02
  1.4825200E+03  1.2153042E-02
  1.4859399E+03  1.2153042E-02
  1.4893600E+03  1.0839488E-02
  1.4927900E+03  1.0839488E-02
  1.4962400E+03  1.0839488E-02
  1.4996801E+03  1.0839488E-02
  1.5031400E+03  1.0493172E-02
  1.5066100E+03  1.0493172E-02
  1.5100800E+03  1.0492029E-02
  1.5135601E+03  1.0492029E-02
  1.5170500E+03  1.0492029E-02
  1.5205500E+03  1.0492029E-02
  1.5240500E+03  1.0493172E-02
  1.5275699E+03  1.0492029E-02
  1.5310900E+03  1.0453514E-02
  1.5346200E+03  9.9077877E-03
  1.5381500E+03  9.9077877E-03
  1.5417000E+03  9.9077877E-03
  1.5452500E+03  9.4493851E-03
  1.5488199E+03  9.4177015E-03
  1.5523900E+03  9.4177015E-03
  1.5559700E+03  9.3453508E-03
  1.5595500E+03  9.3453508E-03
  1.5631500E+03  9.3453508E-03
  1.5667500E+03  9.3453508E-03
  1.5703600E+03  9.3453508E-03
  1.5739800E+03  9.2590684E-03
  1.5776100E+03  9.1713872E-03
  1.5812500E+03  9.2590684E-03
  1.5848900E+03  9.1713872E-03
  1.5885500E+03  9.1713872E-03
  1.5922100E+03  9.2590684E-03
  1.5958800E+03  9.1713872E-03
  1.5995601E+03  9.1713872E-03
  1.6032500E+03  9.2590684E-03
  1.6069399E+03  9.1713872E-03
  1.6106500E+03  9.2590684E-03
  1.6143600E+03  9.1713872E-03
  1.6180800E+03  9.1713872E-03
  1.6218101E+03  8.9673409E-03
  1.6255500E+03  8.9673409E-03
  1.6293000E+03  8.4188571E-03
  1.6330500E+03  8.9673409E-03
  1.6368199E+03  8.9673409E-03
  1.6405900E+03  8.9673409E-03
  1.6443700E+03  8.9673409E-03
  1.6481600E+03  8.4188571E-03
  1.6519600E+03  8.4188571E-03
  1.6557700E+03  8.5780621E-03
  1.6595900E+03  8.5780621E-03
  1.6634100E+03  8.5780621E-03
  1.6672500E+03  8.3963284E-03
  1.6710900E+03  8.3963284E-03
  1.6749399E+03  8.3963284E-03
  1.6788000E+03  8.3739106E-03
  1.6826700E+03  8.3739106E-03
  1.6865500E+03  8.3739106E-03
  1.6904399E+03  8.3739106E-03
  1.6943400E+03  8.3963284E-03
  1.6982400E+03  8.3963284E-03
  1.7021600E+03  8.3963284E-03
  1.7060800E+03  8.3963284E-03
  1.7100200E+03  8.3963284E-03
  1.7139600E+03  8.3963284E-03
  1.7179100E+03  8.3739106E-03
  1.7218700E+03  8.3963284E-03
  1.7258400E+03  8.3963284E-03
  1.7298199E+03  8.3762007E-03
  1.7338000E+03  8.3963284E-03
  1.7378000E+03  8.3963284E-03
  1.7418101E+03  8.3963284E-03
  1.7458199E+03  8.3963284E-03
  1.7498500E+03  8.3963284E-03
  1.7538800E+03  8.3762007E-03
  1.7579200E+03  8.3762007E-03
  1.7619800E+03  8.3762007E-03
  1.7660400E+03  8.3762007E-03
  1.7701100E+03  8.3762007E-03
  1.7741899E+03  8.3762007E-03
  1.7782800E+03  8.3762007E-03
  1.7823800E+03  8.3762007E-03
  1.7864900E+03  8.3762007E-03
  1.7906100E+03  8.3762007E-03
  1.7947300E+03  8.3762007E-03
  1.7988700E+03  8.3762007E-03
  1.8030200E+03  8.3762007E-03
  1.8071700E+03  7.9103466E-03
  1.8113400E+03  7.9103466E-03
  1.8155200E+03  7.9103466E-03
  1.8197000E+03  8.3762007E-03
  1.8239000E+03  7.9103466E-03
  1.8281000E+03  7.9103466E-03
  1.8323101E+03  6.8626534E-03
  1.8365400E+03  6.7445505E-03
  1.8407700E+03  6.7445505E-03
  1.8450200E+03  6.7445505E-03
  1.8492700E+03  6.7445505E-03
  1.8535300E+03  6.7445505E-03
  1.8578000E+03  6.7445505E-03
  1.8620900E+03  6.7445505E-03
  1.8663800E+03  6.7445505E-03
  1.8706801E+03  6.7445505E-03
  1.8749900E+03  6.7445505E-03
  1.8793199E+03  6.7445505E-03
  1.8836500E+03  6.7445505E-03
  1.8879900E+03  6.8626534E-03
  1.8923400E+03  6.8626534E-03
  1.8967100E+03  7.1395305E-03
  1.9010800E+03  7.1395305E-03
  1.9054600E+03  7.1395305E-03
  1.9098500E+03  6.8626534E-03
  1.9142600E+03  6.7445505E-03
  1.9186700E+03  6.7445505E-03
  1.9230900E+03  6.7445505E-03
  1.9275200E+03  6.7445505E-03
  1.9319700E+03  6.4828312E-03
  1.9364200E+03  6.4828312E-03
  1.9408900E+03  6.4828312E-03
  1.9453600E+03  6.4828312E-03
  1.9498400E+03  6.4828312E-03
  1.9543400E+03  6.4828312E-03
  1.9588400E+03  6.4106411E-03
  1.9633600E+03  6.4106411E-03
  1.9678900E+03  6.2002428E-03
  1.9724200E+03  6.2002428E-03
  1.9769700E+03  6.2002428E-03
  1.9815300E+03  6.2002428E-03
  1.9860900E+03  6.2002428E-03
  1.9906700E+03  6.2002428E-03
  1.9952600E+03  6.1478158E-03
  1.9998600E+03  6.1478158E-03
  2.0044700E+03  6.1478158E-03
  2.0090900E+03  6.1478158E-03
  2.0137200E+03  6.0660411E-03
  2.0183700E+03  6.0660411E-03
  2.0230200E+03  6.0660411E-03
  2.0276801E+03  6.1333878E-03
  2.0323600E+03  6.1333878E-03
  2.0370400E+03  6.1333878E-03
  2.0417400E+03  6.1333878E-03
  2.0464399E+03  6.0660411E-03
  2.0511599E+03  6.1333878E-03
  2.0558899E+03  6.1333878E-03
  2.0606299E+03  6.0660411E-03
  2.0653799E+03  6.0660411E-03
  2.0701399E+03  6.1295000E-03
  2.0749099E+03  6.1295000E-03
  2.0797000E+03  6.1295000E-03
  2.0844900E+03  6.1295000E-03
  2.0893000E+03  6.0660411E-03
  2.0941101E+03  6.1295000E-03
  2.0989399E+03  6.0660411E-03
  2.1037800E+03  6.0660411E-03
  2.1086299E+03  6.0343184E-03
  2.1134900E+03  6.0343184E-03
  2.1183601E+03  6.0305195E-03
  2.1232400E+03  6.0305195E-03
  2.1281399E+03  6.0305195E-03
  2.1330400E+03  6.0305195E-03
  2.1379600E+03  6.0305195E-03
  2.1428899E+03  6.0305195E-03
  2.1478301E+03  6.0343184E-03
  2.1527800E+03  5.5506825E-03
  2.1577400E+03  5.2127768E-03
  2.1627200E+03  5.2127768E-03
  2.1677000E+03  5.2793785E-03
  2.1727000E+03  5.2127768E-03
  2.1777100E+03  5.2127768E-03
  2.1827300E+03  5.2127768E-03
  2.1877600E+03  5.2127768E-03
  2.1928000E+03  5.2793785E-03
  2.1978601E+03  5.2793785E-03
  2.2029299E+03  5.2793785E-03
  2.2080000E+03  5.2793785E-03
  2.2130901E+03  5.2793785E-03
  2.2182000E+03  5.2793785E-03
  2.2233101E+03  5.2793785E-03
  2.2284399E+03  5.2793785E-03
  2.2335701E+03  5.2793785E-03
  2.2387200E+03  5.1347050E-03
  2.2438799E+03  4.9308673E-03
  2.2490500E+03  4.8324610E-03
  2.2542400E+03  4.8324610E-03
  2.2594399E+03  4.6413857E-03
  2.2646399E+03  4.6413857E-03
  2.2698601E+03  4.6237260E-03
  2.2751001E+03  4.6237260E-03
  2.2803401E+03  4.6237260E-03
  2.2856001E+03  4.6237260E-03
  2.2908701E+03  4.6237260E-03
  2.2961499E+03  4.5568724E-03
  2.3014399E+03  4.5568724E-03
  2.3067500E+03  4.5568724E-03
  2.3120601E+03  4.5552840E-03
  2.3173899E+03  4.5552840E-03
  2.3227400E+03  4.5552840E-03
  2.3280901E+03  4.5552840E-03
  2.3334600E+03  4.5254109E-03
  2.3388401E+03  4.4037043E-03
  2.3442300E+03  4.4037043E-03
  2.3496299E+03  4.3847216E-03
  2.3550500E+03  4.4037043E-03
  2.3604800E+03  4.3847216E-03
  2.3659199E+03  4.3307734E-03
  2.3713701E+03  4.3307734E-03
  2.3768401E+03  4.3307734E-03
  2.3823201E+03  4.3307734E-03
  2.3878101E+03  4.3307734E-03
  2.3933201E+03  4.2804391E-03
  2.3988301E+03  4.2154212E-03
  2.4043601E+03  4.2804391E-03
  2.4099099E+03  4.2804391E-03
  2.4154600E+03  4.2804391E-03
  2.4210300E+03  4.2154212E-03
  2.4266101E+03  4.2154212E-03
  2.4322000E+03  4.2154212E-03
  2.4378101E+03  4.1934843E-03
  2.4434299E+03  4.1934843E-03
  2.4490601E+03  4.1903616E-03
  2.4547100E+03  4.1317083E-03
  2.4603701E+03  4.0556514E-03
  2.4660400E+03  4.0400382E-03
  2.4717200E+03  4.0372401E-03
  2.4774199E+03  4.0293355E-03
  2.4831299E+03  4.0372401E-03
  2.4888601E+03  4.0293355E-03
  2.4945901E+03  4.0280903E-03
  2.5003501E+03  3.9769574E-03
  2.5061101E+03  3.8970986E-03
  2.5118899E+03  3.8970986E-03
  2.5176799E+03  3.8931982E-03
  2.5234800E+03  3.8931982E-03
  2.5293000E+03  3.8908180E-03
  2.5351299E+03  3.8761375E-03
  2.5409700E+03  3.8113641E-03
  2.5468301E+03  3.7808546E-03
  2.5527000E+03  3.7549550E-03
  2.5585901E+03  3.7549550E-03
  2.5644800E+03  3.7549550E-03
  2.5703899E+03  3.7549550E-03
  2.5763201E+03  3.7549550E-03
  2.5822600E+03  3.7177654E-03
  2.5882100E+03  3.7177654E-03
  2.5941799E+03  3.7094536E-03
  2.6001599E+03  3.7094536E-03
  2.6061499E+03  3.6844902E-03
  2.6121599E+03  3.6781281E-03
  2.6181799E+03  3.6844902E-03
  2.6242200E+03  3.6781281E-03
  2.6302700E+03  3.6781281E-03
  2.6363301E+03  3.7094536E-03
  2.6424099E+03  3.6781281E-03
  2.6485000E+03  3.6781281E-03
  2.6546101E+03  3.6445253E-03
  2.6607200E+03  3.6445253E-03
  2.6668601E+03  3.6384701E-03
  2.6730100E+03  3.6384701E-03
  2.6791699E+03  3.6298872E-03
  2.6853401E+03  3.6445253E-03
  2.6915300E+03  3.6445253E-03
  2.6977400E+03  3.6445253E-03
  2.7039600E+03  3.6298872E-03
  2.7101899E+03  3.6445253E-03
  2.7164399E+03  3.5922104E-03
  2.7227000E+03  3.5227025E-03
  2.7289800E+03  3.5243407E-03
  2.7352700E+03  3.5243407E-03
  2.7415701E+03  3.5227025E-03
  2.7478899E+03  3.5227025E-03
  2.7542300E+03  3.5227025E-03
  2.7605801E+03  3.3325823E-03
  2.7669399E+03  3.5227025E-03
  2.7733201E+03  3.5227025E-03
  2.7797100E+03  3.5227025E-03
  2.7861201E+03  3.5997652E-03
  2.7925400E+03  3.5227025E-03
  2.7989800E+03  3.5997652E-03
  2.8054299E+03  3.5997652E-03
  2.8118999E+03  3.6004235E-03
  2.8183799E+03  3.6004235E-03
  2.8248799E+03  3.6004235E-03
  2.8313899E+03  3.6004235E-03
  2.8379199E+03  3.5997652E-03
  2.8444600E+03  3.5997652E-03
  2.8510200E+03  3.5997652E-03
  2.8575901E+03  3.5997652E-03
  2.8641799E+03  3.6004235E-03
  2.8707800E+03  3.5524857E-03
  2.8773999E+03  3.6004235E-03
  2.8840300E+03  3.5524857E-03
  2.8906799E+03  3.5524857E-03
  2.8973401E+03  3.5524857E-03
  2.9040200E+03  3.5524857E-03
  2.9107200E+03  3.5524857E-03
  2.9174299E+03  3.5524857E-03
  2.9241499E+03  3.5524857E-03
  2.9308899E+03  3.5524857E-03
  2.9376499E+03  3.5524857E-03
  2.9444199E+03  3.6028256E-03
  2.9512100E+03  3.6028256E-03
  2.9580100E+03  3.6028256E-03
  2.9648301E+03  3.6028256E-03
  2.9716699E+03  3.6336356E-03
  2.9785200E+03  3.6028256E-03
  2.9853799E+03  3.6028256E-03
  2.9922600E+03  3.6028256E-03
  2.9991599E+03  3.6028256E-03
  3.0060801E+03  3.6026596E-03
  3.0130100E+03  3.6026596E-03
  3.0199500E+03  3.6028256E-03
  3.0269099E+03  3.6028256E-03
  3.0338899E+03  3.6028256E-03
  3.0408899E+03  3.6028256E-03
  3.0478899E+03  3.4475259E-03
  3.0549199E+03  3.4265516E-03
  3.0619600E+03  3.4265516E-03
  3.0690200E+03  3.4475259E-03
  3.0761001E+03  3.4265516E-03
  3.0831899E+03  3.4265516E-03
  3.0903000E+03  3.4265516E-03
  3.0974199E+03  3.3964850E-03
  3.1045601E+03  3.3913853E-03
  3.1117200E+03  3.3913853E-03
  3.1188899E+03  3.3913853E-03
  3.1260801E+03  3.3913853E-03
  3.1332800E+03  3.3913853E-03
  3.1405100E+03  3.3913853E-03
  3.1477500E+03  3.3023376E-03
  3.1550000E+03  3.3913853E-03
  3.1622800E+03  3.3913853E-03
  3.1695701E+03  3.4412669E-03
  3.1768701E+03  3.4412669E-03
  3.1842000E+03  3.4610487E-03
  3.1915400E+03  3.4610487E-03
  3.1988899E+03  3.5007845E-03
  3.2062700E+03  3.5046111E-03
  3.2136599E+03  3.5169113E-03
  3.2210701E+03  3.5169113E-03
  3.2284900E+03  3.5169113E-03
  3.2359399E+03  3.5169113E-03
  3.2433999E+03  3.5169113E-03
  3.2508701E+03  3.5146454E-03
  3.2583701E+03  3.5169113E-03
  3.2658799E+03  3.5169113E-03
  3.2734099E+03  3.5483537E-03
  3.2809500E+03  3.5589761E-03
  3.2885200E+03  3.5536189E-03
  3.2961001E+03  3.5605396E-03
  3.3036899E+03  3.5536189E-03
  3.3113101E+03  3.5607193E-03
  3.3189399E+03  3.5605396E-03
  3.3265901E+03  3.5607193E-03
  3.3342600E+03  3.5668176E-03
  3.3419500E+03  3.5735285E-03
  3.3496499E+03  3.5735285E-03
  3.3573799E+03  3.5832585E-03
  3.3651201E+03  3.5832585E-03
  3.3728701E+03  3.5832585E-03
  3.3806499E+03  3.5762112E-03
  3.3884399E+03  3.5870178E-03
  3.3962500E+03  3.6042302E-03
  3.4040801E+03  3.6042302E-03
  3.4119299E+03  3.6257189E-03
  3.4197900E+03  3.6257189E-03
  3.4276799E+03  3.6460382E-03
  3.4355801E+03  3.6458101E-03
  3.4435000E+03  3.6750885E-03
  3.4514399E+03  3.6750885E-03
  3.4593899E+03  3.6352635E-03
  3.4673701E+03  3.5951142E-03
  3.4753601E+03  3.5951142E-03
  3.4833701E+03  3.5951142E-03
  3.4913999E+03  3.5728007E-03
  3.4994500E+03  3.5951142E-03
  3.5075200E+03  3.5951142E-03
  3.5156001E+03  3.6458101E-03
  3.5237100E+03  3.6458101E-03
  3.5318301E+03  3.6853519E-03
  3.5399700E+03  3.5951142E-03
  3.5481299E+03  3.5951142E-03
  3.5563101E+03  3.6853519E-03
  3.5645100E+03  3.6853519E-03
  3.5727300E+03  3.6853519E-03
  3.5809600E+03  3.6853519E-03
  3.5892200E+03  3.6853519E-03
  3.5974900E+03  4.1632452E-03
  3.6057900E+03  4.1810670E-03
  3.6141001E+03  4.1810670E-03
  3.6224299E+03  4.2755613E-03
  3.6307800E+03  4.1632452E-03
  3.6391499E+03  4.1632452E-03
  3.6475400E+03  4.1632452E-03
  3.6559500E+03  4.1632452E-03
  3.6643701E+03  4.1632452E-03
  3.6728201E+03  4.2252727E-03
  3.6812900E+03  4.2755613E-03
  3.6897800E+03  4.2755613E-03
  3.6982800E+03  4.2755613E-03
  3.7068101E+03  4.2755613E-03
  3.7153501E+03  4.3549892E-03
  3.7239199E+03  4.3549892E-03
  3.7325000E+03  4.3549892E-03
  3.7411101E+03  4.3549892E-03
  3.7497300E+03  4.3549892E-03
  3.7583701E+03  4.4044103E-03
  3.7670400E+03  4.4735414E-03
  3.7757200E+03  4.4735414E-03
  3.7844199E+03  4.4735414E-03
  3.7931499E+03  4.4413386E-03
  3.8018899E+03  4.4413386E-03
  3.8106599E+03  4.4735414E-03
  3.8194399E+03  4.4921832E-03
  3.8282500E+03  4.4916016E-03
  3.8370701E+03  4.4953167E-03
  3.8459199E+03  4.4953167E-03
  3.8547800E+03  4.5542140E-03
  3.8636699E+03  4.5542140E-03
  3.8725701E+03  4.4953167E-03
  3.8815000E+03  4.5916163E-03
  3.8904500E+03  4.5916163E-03
  3.8994199E+03  4.5916163E-03
  3.9084099E+03  4.5916163E-03
  3.9174199E+03  4.4953167E-03
  3.9264500E+03  4.4869557E-03
  3.9355000E+03  4.4869557E-03
  3.9445701E+03  4.7305408E-03
  3.9536699E+03  4.7305408E-03
  3.9627800E+03  4.8140688E-03
  3.9719199E+03  4.8655625E-03
  3.9810701E+03  4.8140688E-03
  3.9902500E+03  4.8140688E-03
  3.9994500E+03  4.8788185E-03
  4.0086699E+03  4.8788185E-03
  4.0179099E+03  4.8788185E-03
  4.0271699E+03  4.8788185E-03
  4.0364500E+03  4.9104723E-03
  4.0457600E+03  4.9128341E-03
  4.0550901E+03  5.1323012E-03
  4.0644299E+03  4.9128341E-03
  4.0738000E+03  5.1323012E-03
  4.0831899E+03  5.1393835E-03
  4.0926101E+03  5.1896460E-03
  4.1020400E+03  5.1896460E-03
  4.1115000E+03  5.2207331E-03
  4.1209800E+03  5.2207331E-03
  4.1304702E+03  5.2207331E-03
  4.1400000E+03  5.2207331E-03
  4.1495400E+03  5.1896628E-03
  4.1591099E+03  5.2232873E-03
  4.1686899E+03  5.2325055E-03
  4.1782998E+03  5.2325260E-03
  4.1879399E+03  5.2325055E-03
  4.1975898E+03  5.2325055E-03
  4.2072598E+03  5.2236887E-03
  4.2169600E+03  5.2236887E-03
  4.2266899E+03  5.2232873E-03
  4.2364302E+03  5.2464646E-03
  4.2462002E+03  5.3724120E-03
  4.2559800E+03  5.3104144E-03
  4.2657900E+03  5.3104144E-03
  4.2756299E+03  5.3106216E-03
  4.2854800E+03  5.3752027E-03
  4.2953599E+03  5.3106216E-03
  4.3052598E+03  5.3104144E-03
  4.3151899E+03  5.3106216E-03
  4.3251401E+03  5.3106216E-03
  4.3351099E+03  5.3106216E-03
  4.3451001E+03  5.2718832E-03
  4.3551201E+03  5.2534770E-03
  4.3651602E+03  5.2534770E-03
  4.3752202E+03  5.2534770E-03
  4.3853101E+03  5.2534770E-03
  4.3954199E+03  5.2915337E-03
  4.4055498E+03  5.3823455E-03
  4.4157002E+03  5.4402137E-03
  4.4258799E+03  5.4402137E-03
  4.4360801E+03  5.4402137E-03
  4.4463101E+03  5.6198859E-03
  4.4565601E+03  5.6198859E-03
  4.4668301E+03  5.4516103E-03
  4.4771299E+03  5.4402137E-03
  4.4874502E+03  5.4402137E-03
  4.4977998E+03  5.5180336E-03
  4.5081699E+03  5.6198859E-03
  4.5185601E+03  5.6198859E-03
  4.5289702E+03  5.6198859E-03
  4.5394102E+03  5.6198859E-03
  4.5498799E+03  5.7629794E-03
  4.5603701E+03  5.7629794E-03
  4.5708799E+03  5.7629794E-03
  4.5814199E+03  5.7629794E-03
  4.5919800E+03  5.7629794E-03
  4.6025601E+03  5.8123735E-03
  4.6131802E+03  5.8123735E-03
  4.6238101E+03  5.7629794E-03
  4.6344702E+03  5.7592345E-03
  4.6451499E+03  5.7629794E-03
  4.6558599E+03  5.8123735E-03
  4.6665898E+03  5.8801891E-03
  4.6773501E+03  5.8103702E-03
  4.6881299E+03  5.8801891E-03
  4.6989399E+03  5.8985599E-03
  4.7097700E+03  6.0716649E-03
  4.7206299E+03  5.8985599E-03
  4.7315098E+03  5.8985599E-03
  4.7424199E+03  5.8985599E-03
  4.7533501E+03  5.8985599E-03
  4.7643101E+03  5.8985599E-03
  4.7752900E+03  5.8985599E-03
  4.7862998E+03  5.9927814E-03
  4.7973301E+03  5.8574043E-03
  4.8083901E+03  5.8574043E-03
  4.8194800E+03  5.7795113E-03
  4.8305898E+03  5.8574043E-03
  4.8417202E+03  5.8574043E-03
  4.8528799E+03  5.8081313E-03
  4.8640698E+03  5.7795113E-03
  4.8752798E+03  5.7795113E-03
  4.8865200E+03  5.7162731E-03
  4.8977900E+03  5.6895022E-03
  4.9090801E+03  5.6895022E-03
  4.9203901E+03  5.6676990E-03
  4.9317402E+03  5.6676990E-03
  4.9431099E+03  5.6016725E-03
  4.9545000E+03  5.6189047E-03
  4.9659199E+03  5.6016725E-03
  4.9773701E+03  5.6016725E-03
  4.9888398E+03  5.6016725E-03
  5.0003398E+03  5.6189047E-03
  5.0118701E+03  5.5830707E-03
  5.0234302E+03  5.4078642E-03
  5.0350000E+03  5.4078642E-03
  5.0466099E+03  5.4357657E-03
  5.0582500E+03  5.4790247E-03
  5.0699102E+03  5.4790247E-03
  5.0815898E+03  5.4357657E-03
  5.0933101E+03  5.4095630E-03
  5.1050498E+03  5.3669494E-03
  5.1168198E+03  5.3669494E-03
  5.1286099E+03  5.3669494E-03
  5.1404399E+03  5.3539691E-03
  5.1522900E+03  5.3539691E-03
  5.1641602E+03  5.3257183E-03
  5.1760698E+03  5.3310483E-03
  5.1880000E+03  5.3301645E-03
  5.1999600E+03  5.3310483E-03
  5.2119502E+03  5.3310483E-03
  5.2239600E+03  5.3301645E-03
  5.2360000E+03  5.3087207E-03
  5.2480698E+03  5.3081410E-03
  5.2601699E+03  5.2844039E-03
  5.2722998E+03  5.2462863E-03
  5.2844502E+03  5.2462863E-03
  5.2966299E+03  5.2344911E-03
  5.3088398E+03  5.2385931E-03
  5.3210801E+03  5.2462863E-03
  5.3333501E+03  5.2462863E-03
  5.3456401E+03  5.2284454E-03
  5.3579600E+03  5.2237459E-03
  5.3703198E+03  5.2237459E-03
  5.3827002E+03  5.1998724E-03
  5.3951001E+03  5.2237459E-03
  5.4075400E+03  5.1998724E-03
  5.4200098E+03  5.1901559E-03
  5.4325000E+03  5.0630332E-03
  5.4450200E+03  5.0630332E-03
  5.4575801E+03  5.0275279E-03
  5.4701602E+03  5.0725341E-03
  5.4827700E+03  5.0725341E-03
  5.4954102E+03  5.0725341E-03
  5.5080801E+03  5.1494632E-03
  5.5207700E+03  5.1494632E-03
  5.5335000E+03  5.2140937E-03
  5.5462598E+03  5.3041209E-03
  5.5590400E+03  5.1494632E-03
  5.5718501E+03  5.1494632E-03
  5.5847002E+03  5.1494632E-03
  5.5975698E+03  5.1494632E-03
  5.6104800E+03  5.1723216E-03
  5.6234102E+03  5.0401599E-03
  5.6363799E+03  5.0080996E-03
  5.6493701E+03  5.0080996E-03
  5.6623901E+03  5.0595519E-03
  5.6754502E+03  5.1539796E-03
  5.6885298E+03  5.1539796E-03
  5.7016401E+03  5.1539796E-03
  5.7147900E+03  5.0595519E-03
  5.7279600E+03  5.0595519E-03
  5.7411602E+03  5.0595519E-03
  5.7543999E+03  5.0595519E-03
  5.7676602E+03  5.1317913E-03
  5.7809600E+03  5.0187451E-03
  5.7942900E+03  5.0187451E-03
  5.8076401E+03  5.0820448E-03
  5.8210298E+03  5.0187451E-03
  5.8344502E+03  5.1317913E-03
  5.8478999E+03  5.1551256E-03
  5.8613799E+03  5.0820448E-03
  5.8748901E+03  5.0820448E-03
  5.8884399E+03  5.0820448E-03
  5.9020098E+03  5.1551256E-03
  5.9156099E+03  5.0804210E-03
  5.9292500E+03  5.0804210E-03
  5.9429199E+03  5.0279228E-03
  5.9566201E+03  5.0279228E-03
  5.9703501E+03  5.0279228E-03
  5.9841201E+03  5.0254748E-03
  5.9979102E+03  5.0067385E-03
  6.0117300E+03  5.0067385E-03
  6.0256001E+03  4.9700756E-03
  6.0394800E+03  4.9405620E-03
  6.0534102E+03  5.0067385E-03
  6.0673599E+03  5.0067385E-03
  6.0813501E+03  4.9138321E-03
  6.0953701E+03  4.9405620E-03
  6.1094199E+03  4.9405620E-03
  6.1235000E+03  4.9138321E-03
  6.1376201E+03  4.9138321E-03
  6.1517700E+03  4.9800142E-03
  6.1659502E+03  4.9138321E-03
  6.1801602E+03  4.9800142E-03
  6.1944102E+03  4.9386285E-03
  6.2086899E+03  4.9198540E-03
  6.2230000E+03  4.9198540E-03
  6.2373501E+03  4.9198540E-03
  6.2517300E+03  4.8603197E-03
  6.2661401E+03  4.8603197E-03
  6.2805801E+03  4.7014896E-03
  6.2950601E+03  4.6551195E-03
  6.3095698E+03  4.5763212E-03
  6.3241201E+03  4.6118544E-03
  6.3386899E+03  4.6250615E-03
  6.3533101E+03  4.6188398E-03
  6.3679502E+03  4.6054935E-03
  6.3826299E+03  4.6478421E-03
  6.3973501E+03  4.6396842E-03
  6.4120898E+03  4.5852964E-03
  6.4268799E+03  4.6091992E-03
  6.4416899E+03  4.6024960E-03
  6.4565400E+03  4.5876279E-03
  6.4714199E+03  4.5677796E-03
  6.4863398E+03  4.5012776E-03
  6.5012998E+03  4.5450199E-03
  6.5162798E+03  4.5817886E-03
  6.5312998E+03  4.5500202E-03
  6.5463599E+03  4.4128615E-03
  6.5614502E+03  4.1619241E-03
  6.5765801E+03  4.1501080E-03
  6.5917402E+03  4.7283210E-03
  6.6069302E+03  4.6686144E-03
  6.6221602E+03  4.5653759E-03
  6.6374302E+03  4.5653759E-03
  6.6527300E+03  4.5653759E-03
  6.6680698E+03  4.5653759E-03
  6.6834399E+03  4.6686144E-03
  6.6988501E+03  4.3671103E-03
  6.7142900E+03  4.3051345E-03
  6.7297598E+03  4.4546393E-03
  6.7452798E+03  4.4546393E-03
  6.7608301E+03  4.4041853E-03
  6.7764102E+03  4.4041853E-03
  6.7920400E+03  4.4041853E-03
  6.8076899E+03  4.4041853E-03
  6.8233799E+03  4.4041853E-03
  6.8391099E+03  4.2683287E-03
  6.8548799E+03  4.2291596E-03
  6.8706802E+03  4.2759180E-03
  6.8865200E+03  4.3047564E-03
  6.9023999E+03  4.3001692E-03
  6.9183101E+03  4.2794733E-03
  6.9342598E+03  4.2539281E-03
  6.9502402E+03  4.2326832E-03
  6.9662598E+03  4.8600766E-03
  6.9823198E+03  4.8600766E-03
  6.9984199E+03  4.8600766E-03
  7.0145498E+03  4.8600766E-03
  7.0307202E+03  4.2150971E-03
  7.0469302E+03  4.1867332E-03
  7.0631802E+03  4.1154521E-03
  7.0794600E+03  4.0378473E-03
  7.0957700E+03  3.9710975E-03
  7.1121401E+03  3.9180098E-03
  7.1285298E+03  3.8559877E-03
  7.1449600E+03  3.8368690E-03
  7.1614302E+03  3.8458400E-03
  7.1779399E+03  3.8312704E-03
  7.1944902E+03  3.8120777E-03
  7.2110698E+03  3.8773762E-03
  7.2277002E+03  3.9295186E-03
  7.2443599E+03  3.9398763E-03
  7.2610601E+03  3.9399844E-03
  7.2777998E+03  3.9157090E-03
  7.2945698E+03  3.9014334E-03
  7.3113901E+03  3.9750850E-03
  7.3282500E+03  3.9701127E-03
  7.3451401E+03  3.9828611E-03
  7.3620698E+03  4.0484127E-03
  7.3790400E+03  4.0343842E-03
  7.3960498E+03  3.9734747E-03
  7.4131001E+03  3.9950521E-03
  7.4301899E+03  4.0578558E-03
  7.4473198E+03  4.0436415E-03
  7.4644902E+03  4.0771174E-03
  7.4816899E+03  4.0733879E-03
  7.4989399E+03  4.0793386E-03
  7.5162300E+03  4.1131820E-03
  7.5335498E+03  4.1416707E-03
  7.5509199E+03  4.1540628E-03
  7.5683301E+03  4.1179582E-03
  7.5857700E+03  4.0420792E-03
  7.6032598E+03  3.9910558E-03
  7.6207900E+03  3.9493223E-03
  7.6383599E+03  3.8913200E-03
  7.6559600E+03  3.8016366E-03
  7.6736099E+03  3.7251120E-03
  7.6912998E+03  3.7921378E-03
  7.7090298E+03  3.7206381E-03
  7.7268101E+03  3.7282300E-03
  7.7446201E+03  3.7072327E-03
  7.7624702E+03  3.7184146E-03
  7.7803599E+03  3.7414238E-03
  7.7982998E+03  3.7470437E-03
  7.8162798E+03  3.7355747E-03
  7.8342900E+03  3.7163554E-03
  7.8523599E+03  3.6850970E-03
  7.8704600E+03  3.6871166E-03
  7.8886001E+03  3.6339785E-03
  7.9067900E+03  3.5639638E-03
  7.9250098E+03  3.5720987E-03
  7.9432798E+03  3.5535819E-03
  7.9615898E+03  3.5859938E-03
  7.9799502E+03  3.6248709E-03
  7.9983398E+03  3.6479202E-03
  8.0167798E+03  3.6682251E-03
  8.0352598E+03  3.6558171E-03
  8.0537798E+03  3.6410538E-03
  8.0723501E+03  3.5162047E-03
  8.0909600E+03  3.5162047E-03
  8.1096099E+03  3.5162047E-03
  8.1282998E+03  3.6777526E-03
  8.1470400E+03  3.7125768E-03
  8.1658198E+03  3.7230942E-03
  8.1846499E+03  3.6441453E-03
  8.2035098E+03  3.6034626E-03
  8.2224297E+03  3.5985836E-03
  8.2413799E+03  3.6007871E-03
  8.2603799E+03  3.6107062E-03
  8.2794199E+03  3.6091863E-03
  8.2985098E+03  3.5491211E-03
  8.3176299E+03  3.4783173E-03
  8.3368096E+03  3.4711182E-03
  8.3560303E+03  3.4732302E-03
  8.3752900E+03  3.4606839E-03
  8.3945996E+03  3.4237893E-03
  8.4139502E+03  3.4644380E-03
  8.4333496E+03  3.3793387E-03
  8.4527900E+03  3.3407998E-03
  8.4722695E+03  3.3314903E-03
  8.4917998E+03  3.3489326E-03
  8.5113799E+03  3.2341871E-03
  8.5310000E+03  3.3488958E-03
  8.5506699E+03  3.1238706E-03
  8.5703799E+03  3.4177611E-03
  8.5901396E+03  3.3424306E-03
  8.6099404E+03  3.3843608E-03
  8.6297803E+03  3.4551255E-03
  8.6496699E+03  3.1976125E-03
  8.6696201E+03  3.1321871E-03
  8.6895996E+03  3.3560807E-03
  8.7096299E+03  3.4689046E-03
  8.7297100E+03  3.4372020E-03
  8.7498398E+03  3.3161191E-03
  8.7700000E+03  3.4458949E-03
  8.7902305E+03  3.5101257E-03
  8.8104902E+03  3.3942277E-03
  8.8307998E+03  3.4449170E-03
  8.8511504E+03  3.3905441E-03
  8.8715596E+03  3.2691516E-03
  8.8920098E+03  3.3377290E-03
  8.9125098E+03  3.3744408E-03
  8.9330498E+03  3.3355951E-03
  8.9536504E+03  3.3535743E-03
  8.9742803E+03  3.3451088E-03
  8.9949805E+03  3.2930325E-03
  9.0157100E+03  3.2202210E-03
  9.0364902E+03  3.3391165E-03
  9.0573301E+03  3.4034769E-03
  9.0782002E+03  3.3668356E-03
  9.0991299E+03  3.3315325E-03
  9.1200996E+03  3.3744685E-03
  9.1411299E+03  3.3883371E-03
  9.1622002E+03  3.3684627E-03
  9.1833203E+03  2.9283795E-03
  9.2045000E+03  2.9283795E-03
  9.2257100E+03  2.9283795E-03
  9.2469805E+03  3.1583619E-03
  9.2682998E+03  3.2194576E-03
  9.2896602E+03  3.2229873E-03
  9.3110801E+03  3.2102377E-03
  9.3325400E+03  3.2167439E-03
  9.3540596E+03  3.1917039E-03
  9.3756201E+03  3.1794342E-03
  9.3972305E+03  3.1780505E-03
  9.4189004E+03  3.1620224E-03
  9.4406104E+03  3.1552166E-03
  9.4623701E+03  3.1641740E-03
  9.4841797E+03  3.1910189E-03
  9.5060498E+03  3.1503530E-03
  9.5279600E+03  3.1457592E-03
  9.5499199E+03  3.0327046E-03
  9.5719404E+03  3.1248638E-03
  9.5940000E+03  3.1586394E-03
  9.6161201E+03  3.1383026E-03
  9.6382900E+03  3.1213388E-03
  9.6605098E+03  3.0927700E-03
  9.6827695E+03  3.1127674E-03
  9.7050996E+03  3.0865739E-03
  9.7274697E+03  3.0687270E-03
  9.7498896E+03  3.0279933E-03
  9.7723701E+03  3.0537634E-03
  9.7949004E+03  3.0285968E-03
  9.8174805E+03  3.0807622E-03
  9.8401104E+03  3.0667533E-03
  9.8627900E+03  3.0354580E-03
  9.8855303E+03  3.0146479E-03
  9.9083203E+03  3.0027705E-03
  9.9311602E+03  3.0295514E-03
  9.9540498E+03  3.0274366E-03
  9.9770000E+03  3.0232479E-03
  1.0000000E+04  3.0064916E-03
  1.0000000E+04  3.0064916E-03
  1.0115800E+04  2.9399805E-03
  1.0232940E+04  2.8958386E-03
  1.0351420E+04  2.8608309E-03
  1.0471290E+04  2.7938157E-03
  1.0592540E+04  2.7374697E-03
  1.0715200E+04  2.6820835E-03
  1.0839270E+04  2.5994971E-03
  1.0964780E+04  2.4944609E-03
  1.1091750E+04  2.4376775E-03
  1.1220190E+04  2.4451227E-03
  1.1350100E+04  2.3679030E-03
  1.1481540E+04  2.2097756E-03
  1.1614490E+04  2.1679157E-03
  1.1748980E+04  2.0237744E-03
  1.1885020E+04  2.1982871E-03
  1.2022640E+04  2.0542974E-03
  1.2161860E+04  2.1427216E-03
  1.2302690E+04  2.0976118E-03
  1.2445140E+04  2.0440961E-03
  1.2589250E+04  2.0133967E-03
  1.2735030E+04  1.9927379E-03
  1.2882500E+04  1.9302870E-03
  1.3031660E+04  1.9338583E-03
  1.3182560E+04  1.8792525E-03
  1.3335210E+04  1.7226980E-03
  1.3489630E+04  1.8347796E-03
  1.3645840E+04  1.7741255E-03
  1.3803840E+04  1.6154771E-03
  1.3963680E+04  1.6149514E-03
  1.4125380E+04  1.6118451E-03
  1.4288950E+04  1.6286714E-03
  1.4454390E+04  1.3197437E-03
  1.4621770E+04  1.5053544E-03
  1.4791090E+04  1.4476763E-03
  1.4962360E+04  1.4204721E-03
  1.5135610E+04  1.5241643E-03
  1.5310870E+04  1.5392563E-03
  1.5488170E+04  1.5129941E-03
  1.5667520E+04  1.4830553E-03
  1.5848920E+04  1.4160636E-03
  1.6032450E+04  1.4338569E-03
  1.6218100E+04  1.4050298E-03
  1.6405900E+04  1.4185597E-03
  1.6595859E+04  1.3752155E-03
  1.6788039E+04  1.3753884E-03
  1.6982439E+04  1.3388778E-03
  1.7179090E+04  1.3054560E-03
  1.7378000E+04  1.2519874E-03
  1.7579230E+04  1.2310137E-03
  1.7782789E+04  1.1736699E-03
  1.7988711E+04  1.1002860E-03
  1.8197020E+04  1.0690145E-03
  1.8407711E+04  1.0314665E-03
  1.8620869E+04  1.0013657E-03
  1.8836490E+04  9.5906755E-04
  1.9054619E+04  9.6641615E-04
  1.9275240E+04  9.2302973E-04
  1.9498439E+04  8.6335029E-04
  1.9724230E+04  8.4238691E-04
  1.9952631E+04  8.2143722E-04
  2.0183660E+04  8.0842059E-04
  2.0417381E+04  7.5454486E-04
  2.0653801E+04  7.1926630E-04
  2.0892971E+04  7.1698212E-04
  2.1134881E+04  6.8216730E-04
  2.1379619E+04  6.6337484E-04
  2.1627189E+04  6.3429063E-04
  2.1877619E+04  6.0301356E-04
  2.2130939E+04  5.7076156E-04
  2.2387211E+04  5.6544779E-04
  2.2646439E+04  5.3595536E-04
  2.2908680E+04  4.8471591E-04
  2.3173930E+04  4.8761812E-04
  2.3442279E+04  4.5072444E-04
  2.3713740E+04  4.3123774E-04
  2.3988340E+04  4.1270722E-04
  2.4266109E+04  3.6331787E-04
  2.4547080E+04  3.3567645E-04
  2.4831330E+04  2.9402986E-04
  2.5118869E+04  2.7736739E-04
  2.5409740E+04  2.8012734E-04
  2.5703949E+04  2.8533430E-04
  2.6001590E+04  2.8565404E-04
  2.6302680E+04  2.8617732E-04
  2.6607260E+04  2.8550869E-04
  2.6915340E+04  2.7218266E-04
  2.7227010E+04  2.7677859E-04
  2.7542289E+04  2.7103693E-04
  2.7861221E+04  2.6815123E-04
  2.8183820E+04  2.5605515E-04
  2.8510180E+04  2.3530396E-04
  2.8840320E+04  2.2965865E-04
  2.9174279E+04  2.1515256E-04
  2.9512080E+04  1.9750388E-04
  2.9853820E+04  1.8590718E-04
  3.0199520E+04  1.8234708E-04
  3.0549221E+04  1.7652583E-04
  3.0902939E+04  1.7181900E-04
  3.1260789E+04  1.6752095E-04
  3.1622779E+04  1.6235821E-04
  3.1988961E+04  1.6057123E-04
  3.2359350E+04  1.6507405E-04
  3.2734061E+04  1.7530938E-04
  3.3113109E+04  1.7493886E-04
  3.3496551E+04  1.5651519E-04
  3.3884430E+04  1.3862488E-04
  3.4276770E+04  1.2997774E-04
  3.4673680E+04  1.2521297E-04
  3.5075199E+04  1.2082762E-04
  3.5481359E+04  1.1631039E-04
  3.5892180E+04  1.1177873E-04
  3.6307801E+04  1.0802583E-04
  3.6728230E+04  1.0375877E-04
  3.7153539E+04  9.9561017E-05
  3.7583719E+04  9.5587064E-05
  3.8018930E+04  9.2191054E-05
  3.8459180E+04  8.9163717E-05
  3.8904531E+04  8.5548585E-05
  3.9354988E+04  8.2352286E-05
  3.9810711E+04  7.8766374E-05
  4.0271711E+04  7.6268501E-05
  4.0738039E+04  7.3245734E-05
  4.1209730E+04  7.0678223E-05
  4.1686930E+04  6.7863002E-05
  4.2169648E+04  6.5455781E-05
  4.2657961E+04  6.3264328E-05
  4.3151879E+04  5.7081827E-05
  4.3651570E+04  5.3648786E-05
  4.4157039E+04  5.0349525E-05
  4.4668371E+04  4.8152106E-05
  4.5185621E+04  4.6582820E-05
  4.5708801E+04  4.5759018E-05
  4.6238102E+04  4.4363089E-05
  4.6773520E+04  4.3598593E-05
  4.7315148E+04  4.2739397E-05
  4.7862988E+04  4.1679101E-05
  4.8417230E+04  4.0889503E-05
  4.8977891E+04  3.9759252E-05
  4.9545039E+04  3.8842980E-05
  5.0118699E+04  3.8052553E-05
  5.0699059E+04  3.7175287E-05
  5.1286141E+04  3.6398207E-05
  5.1880020E+04  3.5676949E-05
  5.2480719E+04  3.4936100E-05
  5.3088430E+04  3.4104683E-05
  5.3703180E+04  3.3519584E-05
  5.4325051E+04  3.2905406E-05
  5.4954059E+04  3.2417491E-05
  5.5590410E+04  3.2149310E-05
  5.6234129E+04  3.2193286E-05
  5.6885309E+04  3.2648990E-05
  5.7543961E+04  3.3648197E-05
  5.8210301E+04  3.5342084E-05
  5.8884359E+04  3.7936912E-05
  5.9566230E+04  4.1780680E-05
  6.0255988E+04  4.7298421E-05
  6.0953672E+04  5.1929888E-05
  6.1659500E+04  7.8278230E-05
  6.2373500E+04  1.1259971E-04
  6.3095762E+04  8.3064959E-05
  6.3826320E+04  5.9005324E-05
  6.4565410E+04  4.1545783E-05
  6.5313059E+04  3.7272803E-05
  6.6069367E+04  4.2121803E-05
  6.6834359E+04  4.3425316E-05
  6.7608289E+04  4.4886408E-05
  6.8391172E+04  4.4244396E-05
  6.9183117E+04  4.8104390E-05
  6.9984156E+04  6.0420018E-05
  7.0794562E+04  5.1123610E-05
  7.1614344E+04  5.2982687E-05
  7.2443617E+04  5.6703910E-05
  7.3282406E+04  6.1232378E-05
  7.4131008E+04  6.8391921E-05
  7.4989422E+04  9.0419104E-05
  7.5857781E+04  1.0370553E-04
  7.6736102E+04  1.1643203E-04
  7.7624688E+04  1.1198897E-04
  7.8523562E+04  1.0928028E-04
  7.9432844E+04  9.8325952E-05
  8.0352648E+04  7.9295598E-05
  8.1283023E+04  6.3537133E-05
  8.2224258E+04  5.6190249E-05
  8.3176391E+04  5.5148023E-05
  8.4139547E+04  5.4442382E-05
  8.5113773E+04  5.7002973E-05
  8.6099367E+04  6.1203005E-05
  8.7096367E+04  5.4659740E-05
  8.8104922E+04  4.1129675E-05
  8.9125047E+04  2.9601613E-05
  9.0157102E+04  2.4287090E-05
  9.1201094E+04  2.1215790E-05
  9.2257172E+04  1.8008101E-05
  9.3325383E+04  1.6678903E-05
  9.4406070E+04  1.6678208E-05
  9.5499273E+04  1.6701902E-05
  9.6605117E+04  1.9325402E-05
  9.7723672E+04  1.8502809E-05
  9.8855281E+04  1.6208793E-05
  1.0000000E+05  1.6787208E-05
  1.0115797E+05  1.6767073E-05
  1.0232924E+05  1.6952592E-05
  1.0351419E+05  1.7014689E-05
  1.0471285E+05  1.8102104E-05
  1.0592540E+05  2.0834990E-05
  1.0715198E+05  2.1931208E-05
  1.0839266E+05  2.2547796E-05
  1.0964781E+05  2.5633293E-05
  1.1091750E+05  3.4944882E-05
  1.1220190E+05  6.2198218E-05
  1.1350104E+05  7.0084512E-05
  1.1481534E+05  4.9533726E-05
  1.1614488E+05  3.4530720E-05
  1.1748980E+05  2.7954864E-05
  1.1885017E+05  2.7080594E-05
  1.2022642E+05  2.9298508E-05
  1.2161861E+05  2.6800213E-05
  1.2302692E+05  2.8889313E-05
  1.2445140E+05  3.0304613E-05
  1.2589252E+05  3.3390614E-05
  1.2735031E+05  4.0477884E-05
  1.2882499E+05  3.4939705E-05
  1.3031661E+05  2.0967494E-05
  1.3182564E+05  1.8561308E-05
  1.3335214E+05  1.7964694E-05
  1.3489633E+05  1.6751101E-05
  1.3645823E+05  1.6338296E-05
  1.3803839E+05  1.4768579E-05
  1.3963683E+05  1.4575096E-05
  1.4125378E+05  1.5051801E-05
  1.4288947E+05  1.5396578E-05
  1.4454392E+05  1.3744298E-05
  1.4621770E+05  1.1642500E-05
  1.4791086E+05  1.0536202E-05
  1.4962362E+05  1.0174198E-05
  1.5135606E+05  1.0028995E-05
  1.5310872E+05  1.0826800E-05
  1.5488169E+05  1.3706096E-05
  1.5667517E+05  1.0883197E-05
  1.5848925E+05  1.0880294E-05
  1.6032452E+05  1.0980298E-05
  1.6218103E+05  1.2672599E-05
  1.6405903E+05  1.4980100E-05
  1.6595861E+05  1.5161004E-05
  1.6788036E+05  1.5483782E-05
  1.6982438E+05  1.8019393E-05
  1.7179089E+05  1.6230482E-05
  1.7377998E+05  1.4322702E-05
  1.7579231E+05  1.1686800E-05
  1.7782794E+05  1.0663405E-05
  1.7988714E+05  9.7550001E-06
  1.8196998E+05  9.5293972E-06
  1.8407714E+05  9.3460021E-06
  1.8620870E+05  9.1663987E-06
  1.8836495E+05  8.9905034E-06
  1.9054595E+05  8.7983990E-06
  1.9275242E+05  8.5519005E-06
  1.9498444E+05  8.3115046E-06
  1.9724231E+05  8.0771033E-06
  1.9952631E+05  7.8485982E-06
