  3.1623001E+02  0.0000000E+00
  3.1695999E+02  0.0000000E+00
  3.1769000E+02  0.0000000E+00
  3.1842001E+02  0.0000000E+00
  3.1914999E+02  0.0000000E+00
  3.1989001E+02  0.0000000E+00
  3.2063000E+02  0.0000000E+00
  3.2137000E+02  0.0000000E+00
  3.2210999E+02  0.0000000E+00
  3.2285001E+02  0.0000000E+00
  3.2359000E+02  0.0000000E+00
  3.2434000E+02  0.0000000E+00
  3.2509000E+02  0.0000000E+00
  3.2584000E+02  0.0000000E+00
  3.2659000E+02  0.0000000E+00
  3.2734000E+02  0.0000000E+00
  3.2810001E+02  0.0000000E+00
  3.2885001E+02  0.0000000E+00
  3.2960999E+02  0.0000000E+00
  3.3037000E+02  0.0000000E+00
  3.3113000E+02  0.0000000E+00
  3.3189001E+02  0.0000000E+00
  3.3266000E+02  0.0000000E+00
  3.3342999E+02  0.0000000E+00
  3.3419000E+02  0.0000000E+00
  3.3497000E+02  0.0000000E+00
  3.3573999E+02  0.0000000E+00
  3.3651001E+02  0.0000000E+00
  3.3729001E+02  0.0000000E+00
  3.3806000E+02  0.0000000E+00
  3.3884000E+02  0.0000000E+00
  3.3963000E+02  0.0000000E+00
  3.4041000E+02  0.0000000E+00
  3.4119000E+02  0.0000000E+00
  3.4198001E+02  0.0000000E+00
  3.4276999E+02  0.0000000E+00
  3.4356000E+02  0.0000000E+00
  3.4435001E+02  0.0000000E+00
  3.4514001E+02  0.0000000E+00
  3.4594000E+02  0.0000000E+00
  3.4673999E+02  0.0000000E+00
  3.4754001E+02  0.0000000E+00
  3.4834000E+02  0.0000000E+00
  3.4914001E+02  0.0000000E+00
  3.4995001E+02  0.0000000E+00
  3.5075000E+02  0.0000000E+00
  3.5156000E+02  0.0000000E+00
  3.5237000E+02  0.0000000E+00
  3.5317999E+02  0.0000000E+00
  3.5400000E+02  0.0000000E+00
  3.5481000E+02  0.0000000E+00
  3.5563000E+02  0.0000000E+00
  3.5645001E+02  0.0000000E+00
  3.5726999E+02  0.0000000E+00
  3.5810001E+02  0.0000000E+00
  3.5892001E+02  0.0000000E+00
  3.5975000E+02  0.0000000E+00
  3.6057999E+02  0.0000000E+00
  3.6141000E+02  0.0000000E+00
  3.6223999E+02  0.0000000E+00
  3.6307999E+02  0.0000000E+00
  3.6392001E+02  0.0000000E+00
  3.6475000E+02  0.0000000E+00
  3.6559000E+02  0.0000000E+00
  3.6644000E+02  0.0000000E+00
  3.6728000E+02  0.0000000E+00
  3.6813000E+02  0.0000000E+00
  3.6898001E+02  0.0000000E+00
  3.6982999E+02  0.0000000E+00
  3.7067999E+02  0.0000000E+00
  3.7154001E+02  0.0000000E+00
  3.7239001E+02  0.0000000E+00
  3.7325000E+02  0.0000000E+00
  3.7410999E+02  0.0000000E+00
  3.7497000E+02  0.0000000E+00
  3.7584000E+02  0.0000000E+00
  3.7670001E+02  0.0000000E+00
  3.7757001E+02  0.0000000E+00
  3.7844000E+02  0.0000000E+00
  3.7931000E+02  0.0000000E+00
  3.8019000E+02  0.0000000E+00
  3.8107001E+02  0.0000000E+00
  3.8194000E+02  0.0000000E+00
  3.8282001E+02  0.0000000E+00
  3.8370999E+02  0.0000000E+00
  3.8459000E+02  0.0000000E+00
  3.8548001E+02  0.0000000E+00
  3.8637000E+02  0.0000000E+00
  3.8726001E+02  0.0000000E+00
  3.8814999E+02  0.0000000E+00
  3.8904999E+02  0.0000000E+00
  3.8994000E+02  0.0000000E+00
  3.9084000E+02  0.0000000E+00
  3.9173999E+02  0.0000000E+00
  3.9264999E+02  0.0000000E+00
  3.9354999E+02  0.0000000E+00
  3.9445999E+02  0.0000000E+00
  3.9537000E+02  0.0000000E+00
  3.9628000E+02  0.0000000E+00
  3.9719000E+02  0.0000000E+00
  3.9810999E+02  0.0000000E+00
  3.9901999E+02  0.0000000E+00
  3.9994000E+02  0.0000000E+00
  4.0087000E+02  0.0000000E+00
  4.0179001E+02  0.0000000E+00
  4.0272000E+02  0.0000000E+00
  4.0364999E+02  0.0000000E+00
  4.0457999E+02  0.0000000E+00
  4.0551001E+02  0.0000000E+00
  4.0644000E+02  0.0000000E+00
  4.0738000E+02  0.0000000E+00
  4.0832001E+02  0.0000000E+00
  4.0926001E+02  0.0000000E+00
  4.1020001E+02  0.0000000E+00
  4.1114999E+02  0.0000000E+00
  4.1210001E+02  0.0000000E+00
  4.1304999E+02  0.0000000E+00
  4.1400000E+02  0.0000000E+00
  4.1495001E+02  0.0000000E+00
  4.1591000E+02  0.0000000E+00
  4.1687000E+02  0.0000000E+00
  4.1782999E+02  0.0000000E+00
  4.1879001E+02  0.0000000E+00
  4.1976001E+02  0.0000000E+00
  4.2073001E+02  0.0000000E+00
  4.2170001E+02  0.0000000E+00
  4.2267001E+02  0.0000000E+00
  4.2364001E+02  0.0000000E+00
  4.2462000E+02  0.0000000E+00
  4.2560001E+02  0.0000000E+00
  4.2657999E+02  0.0000000E+00
  4.2756000E+02  0.0000000E+00
  4.2854999E+02  0.0000000E+00
  4.2954001E+02  0.0000000E+00
  4.3053000E+02  0.0000000E+00
  4.3151999E+02  0.0000000E+00
  4.3251001E+02  0.0000000E+00
  4.3351001E+02  0.0000000E+00
  4.3451001E+02  0.0000000E+00
  4.3551001E+02  0.0000000E+00
  4.3651999E+02  0.0000000E+00
  4.3751999E+02  0.0000000E+00
  4.3853000E+02  0.0000000E+00
  4.3954001E+02  0.0000000E+00
  4.4054999E+02  0.0000000E+00
  4.4157001E+02  0.0000000E+00
  4.4259000E+02  0.0000000E+00
  4.4360999E+02  0.0000000E+00
  4.4463000E+02  0.0000000E+00
  4.4566000E+02  0.0000000E+00
  4.4667999E+02  0.0000000E+00
  4.4770999E+02  0.0000000E+00
  4.4875000E+02  0.0000000E+00
  4.4978000E+02  0.0000000E+00
  4.5082001E+02  0.0000000E+00
  4.5185999E+02  0.0000000E+00
  4.5289999E+02  0.0000000E+00
  4.5394000E+02  0.0000000E+00
  4.5498999E+02  0.0000000E+00
  4.5604001E+02  0.0000000E+00
  4.5709000E+02  0.0000000E+00
  4.5814001E+02  0.0000000E+00
  4.5920001E+02  0.0000000E+00
  4.6026001E+02  0.0000000E+00
  4.6132001E+02  0.0000000E+00
  4.6238000E+02  0.0000000E+00
  4.6345001E+02  0.0000000E+00
  4.6451999E+02  0.0000000E+00
  4.6559000E+02  0.0000000E+00
  4.6666000E+02  0.0000000E+00
  4.6773999E+02  0.0000000E+00
  4.6881000E+02  0.0000000E+00
  4.6989001E+02  0.0000000E+00
  4.7098001E+02  0.0000000E+00
  4.7206000E+02  0.0000000E+00
  4.7314999E+02  0.0000000E+00
  4.7423999E+02  0.0000000E+00
  4.7534000E+02  0.0000000E+00
  4.7642999E+02  0.0000000E+00
  4.7753000E+02  0.0000000E+00
  4.7863000E+02  0.0000000E+00
  4.7973001E+02  0.0000000E+00
  4.8084000E+02  0.0000000E+00
  4.8195001E+02  0.0000000E+00
  4.8306000E+02  0.0000000E+00
  4.8417001E+02  0.0000000E+00
  4.8529001E+02  0.0000000E+00
  4.8641000E+02  0.0000000E+00
  4.8753000E+02  0.0000000E+00
  4.8864999E+02  0.0000000E+00
  4.8978000E+02  0.0000000E+00
  4.9091000E+02  0.0000000E+00
  4.9204001E+02  0.0000000E+00
  4.9317001E+02  0.0000000E+00
  4.9431000E+02  0.0000000E+00
  4.9545001E+02  0.0000000E+00
  4.9659000E+02  0.0000000E+00
  4.9773999E+02  0.0000000E+00
  4.9888000E+02  0.0000000E+00
  5.0003000E+02  0.0000000E+00
  5.0119000E+02  0.0000000E+00
  5.0234000E+02  0.0000000E+00
  5.0350000E+02  0.0000000E+00
  5.0466000E+02  0.0000000E+00
  5.0582001E+02  0.0000000E+00
  5.0698999E+02  0.0000000E+00
  5.0816000E+02  0.0000000E+00
  5.0932999E+02  0.0000000E+00
  5.1050000E+02  0.0000000E+00
  5.1167999E+02  0.0000000E+00
  5.1285999E+02  0.0000000E+00
  5.1403998E+02  0.0000000E+00
  5.1522998E+02  0.0000000E+00
  5.1641998E+02  0.0000000E+00
  5.1760999E+02  0.0000000E+00
  5.1879999E+02  0.0000000E+00
  5.2000000E+02  0.0000000E+00
  5.2119000E+02  0.0000000E+00
  5.2240002E+02  0.0000000E+00
  5.2359998E+02  0.0000000E+00
  5.2481000E+02  0.0000000E+00
  5.2602002E+02  0.0000000E+00
  5.2722998E+02  0.0000000E+00
  5.2845001E+02  0.0000000E+00
  5.2965997E+02  0.0000000E+00
  5.3088000E+02  0.0000000E+00
  5.3210999E+02  0.0000000E+00
  5.3333002E+02  0.0000000E+00
  5.3456000E+02  0.0000000E+00
  5.3579999E+02  0.0000000E+00
  5.3703003E+02  0.0000000E+00
  5.3827002E+02  0.0000000E+00
  5.3951001E+02  0.0000000E+00
  5.4075000E+02  0.0000000E+00
  5.4200000E+02  0.0000000E+00
  5.4325000E+02  0.0000000E+00
  5.4450000E+02  0.0000000E+00
  5.4576001E+02  0.0000000E+00
  5.4702002E+02  0.0000000E+00
  5.4828003E+02  0.0000000E+00
  5.4953998E+02  0.0000000E+00
  5.5081000E+02  0.0000000E+00
  5.5208002E+02  0.0000000E+00
  5.5334998E+02  0.0000000E+00
  5.5463000E+02  0.0000000E+00
  5.5590002E+02  0.0000000E+00
  5.5719000E+02  0.0000000E+00
  5.5846997E+02  0.0000000E+00
  5.5976001E+02  0.0000000E+00
  5.6104999E+02  0.0000000E+00
  5.6234003E+02  0.0000000E+00
  5.6364001E+02  0.0000000E+00
  5.6494000E+02  0.0000000E+00
  5.6623999E+02  0.0000000E+00
  5.6753998E+02  0.0000000E+00
  5.6884998E+02  0.0000000E+00
  5.7015997E+02  0.0000000E+00
  5.7147998E+02  0.0000000E+00
  5.7279999E+02  0.0000000E+00
  5.7412000E+02  0.0000000E+00
  5.7544000E+02  0.0000000E+00
  5.7677002E+02  0.0000000E+00
  5.7809998E+02  0.0000000E+00
  5.7942999E+02  0.0000000E+00
  5.8076001E+02  0.0000000E+00
  5.8209998E+02  0.0000000E+00
  5.8345001E+02  0.0000000E+00
  5.8478998E+02  0.0000000E+00
  5.8614001E+02  0.0000000E+00
  5.8748999E+02  0.0000000E+00
  5.8884003E+02  0.0000000E+00
  5.9020001E+02  0.0000000E+00
  5.9156000E+02  0.0000000E+00
  5.9292999E+02  0.0000000E+00
  5.9428998E+02  0.0000000E+00
  5.9565997E+02  0.0000000E+00
  5.9703998E+02  0.0000000E+00
  5.9840997E+02  0.0000000E+00
  5.9978998E+02  0.0000000E+00
  6.0116998E+02  0.0000000E+00
  6.0256000E+02  0.0000000E+00
  6.0395001E+02  0.0000000E+00
  6.0534003E+02  0.0000000E+00
  6.0673999E+02  0.0000000E+00
  6.0813000E+02  0.0000000E+00
  6.0953998E+02  0.0000000E+00
  6.1094000E+02  0.0000000E+00
  6.1234998E+02  0.0000000E+00
  6.1376001E+02  0.0000000E+00
  6.1517999E+02  0.0000000E+00
  6.1659003E+02  0.0000000E+00
  6.1802002E+02  0.0000000E+00
  6.1944000E+02  0.0000000E+00
  6.2087000E+02  0.0000000E+00
  6.2229999E+02  0.0000000E+00
  6.2372998E+02  0.0000000E+00
  6.2516998E+02  0.0000000E+00
  6.2660999E+02  0.0000000E+00
  6.2806000E+02  0.0000000E+00
  6.2951001E+02  0.0000000E+00
  6.3096002E+02  0.0000000E+00
  6.3240997E+02  0.0000000E+00
  6.3387000E+02  0.0000000E+00
  6.3533002E+02  0.0000000E+00
  6.3679999E+02  0.0000000E+00
  6.3826001E+02  0.0000000E+00
  6.3972998E+02  0.0000000E+00
  6.4121002E+02  0.0000000E+00
  6.4269000E+02  0.0000000E+00
  6.4416998E+02  0.0000000E+00
  6.4565002E+02  0.0000000E+00
  6.4714001E+02  0.0000000E+00
  6.4863000E+02  0.0000000E+00
  6.5013000E+02  0.0000000E+00
  6.5163000E+02  0.0000000E+00
  6.5313000E+02  0.0000000E+00
  6.5464001E+02  0.0000000E+00
  6.5615002E+02  0.0000000E+00
  6.5765997E+02  0.0000000E+00
  6.5916998E+02  0.0000000E+00
  6.6069000E+02  0.0000000E+00
  6.6221997E+02  0.0000000E+00
  6.6373999E+02  0.0000000E+00
  6.6527002E+02  0.0000000E+00
  6.6681000E+02  0.0000000E+00
  6.6834003E+02  0.0000000E+00
  6.6988000E+02  0.0000000E+00
  6.7142999E+02  0.0000000E+00
  6.7297998E+02  0.0000000E+00
  6.7453003E+02  0.0000000E+00
  6.7608002E+02  0.0000000E+00
  6.7764001E+02  0.0000000E+00
  6.7920001E+02  0.0000000E+00
  6.8077002E+02  0.0000000E+00
  6.8234003E+02  0.0000000E+00
  6.8390997E+02  0.0000000E+00
  6.8548999E+02  0.0000000E+00
  6.8707001E+02  0.0000000E+00
  6.8865002E+02  0.0000000E+00
  6.9023999E+02  0.0000000E+00
  6.9183002E+02  0.0000000E+00
  6.9342999E+02  0.0000000E+00
  6.9502002E+02  0.0000000E+00
  6.9663000E+02  0.0000000E+00
  6.9822998E+02  0.0000000E+00
  6.9984003E+02  0.0000000E+00
  7.0146002E+02  0.0000000E+00
  7.0307001E+02  0.0000000E+00
  7.0469000E+02  0.0000000E+00
  7.0632001E+02  0.0000000E+00
  7.0795001E+02  0.0000000E+00
  7.0958002E+02  0.0000000E+00
  7.1121002E+02  0.0000000E+00
  7.1284998E+02  0.0000000E+00
  7.1450000E+02  0.0000000E+00
  7.1614001E+02  0.0000000E+00
  7.1778998E+02  0.0000000E+00
  7.1945001E+02  0.0000000E+00
  7.2110999E+02  0.0000000E+00
  7.2277002E+02  0.0000000E+00
  7.2444000E+02  0.0000000E+00
  7.2610999E+02  0.0000000E+00
  7.2778003E+02  0.0000000E+00
  7.2946002E+02  0.0000000E+00
  7.3114001E+02  0.0000000E+00
  7.3282001E+02  0.0000000E+00
  7.3451001E+02  0.0000000E+00
  7.3621002E+02  0.0000000E+00
  7.3790002E+02  0.0000000E+00
  7.3960999E+02  0.0000000E+00
  7.4131000E+02  0.0000000E+00
  7.4302002E+02  0.0000000E+00
  7.4472998E+02  0.0000000E+00
  7.4645001E+02  0.0000000E+00
  7.4816998E+02  0.0000000E+00
  7.4989001E+02  0.0000000E+00
  7.5162000E+02  0.0000000E+00
  7.5335999E+02  0.0000000E+00
  7.5509003E+02  0.0000000E+00
  7.5683002E+02  0.0000000E+00
  7.5858002E+02  0.0000000E+00
  7.6033002E+02  0.0000000E+00
  7.6208002E+02  0.0000000E+00
  7.6384003E+02  0.0000000E+00
  7.6559998E+02  0.0000000E+00
  7.6735999E+02  0.0000000E+00
  7.6913000E+02  0.0000000E+00
  7.7090002E+02  0.0000000E+00
  7.7267999E+02  0.0000000E+00
  7.7446002E+02  0.0000000E+00
  7.7625000E+02  0.0000000E+00
  7.7803998E+02  0.0000000E+00
  7.7983002E+02  0.0000000E+00
  7.8163000E+02  0.0000000E+00
  7.8342999E+02  0.0000000E+00
  7.8523999E+02  0.0000000E+00
  7.8704999E+02  0.0000000E+00
  7.8885999E+02  0.0000000E+00
  7.9067999E+02  0.0000000E+00
  7.9250000E+02  0.0000000E+00
  7.9433002E+02  0.0000000E+00
  7.9615997E+02  0.0000000E+00
  7.9798999E+02  0.0000000E+00
  7.9983002E+02  0.0000000E+00
  8.0167999E+02  0.0000000E+00
  8.0353003E+02  0.0000000E+00
  8.0538000E+02  0.0000000E+00
  8.0723999E+02  0.0000000E+00
  8.0909998E+02  0.0000000E+00
  8.1096002E+02  0.0000000E+00
  8.1283002E+02  0.0000000E+00
  8.1470001E+02  0.0000000E+00
  8.1658002E+02  0.0000000E+00
  8.1846002E+02  0.0000000E+00
  8.2034998E+02  0.0000000E+00
  8.2223999E+02  0.0000000E+00
  8.2414001E+02  0.0000000E+00
  8.2603998E+02  0.0000000E+00
  8.2794000E+02  0.0000000E+00
  8.2984998E+02  0.0000000E+00
  8.3176001E+02  0.0000000E+00
  8.3367999E+02  0.0000000E+00
  8.3559998E+02  0.0000000E+00
  8.3753003E+02  0.0000000E+00
  8.3946002E+02  0.0000000E+00
  8.4140002E+02  0.0000000E+00
  8.4333002E+02  0.0000000E+00
  8.4528003E+02  0.0000000E+00
  8.4722998E+02  0.0000000E+00
  8.4917999E+02  0.0000000E+00
  8.5114001E+02  0.0000000E+00
  8.5309998E+02  0.0000000E+00
  8.5507001E+02  0.0000000E+00
  8.5703998E+02  0.0000000E+00
  8.5901001E+02  0.0000000E+00
  8.6098999E+02  0.0000000E+00
  8.6297998E+02  0.0000000E+00
  8.6496997E+02  0.0000000E+00
  8.6696002E+02  0.0000000E+00
  8.6896002E+02  0.0000000E+00
  8.7096002E+02  0.0000000E+00
  8.7296997E+02  0.0000000E+00
  8.7497998E+02  0.0000000E+00
  8.7700000E+02  0.0000000E+00
  8.7902002E+02  0.0000000E+00
  8.8104999E+02  0.0000000E+00
  8.8308002E+02  0.0000000E+00
  8.8512000E+02  0.0000000E+00
  8.8715997E+02  0.0000000E+00
  8.8920001E+02  0.0000000E+00
  8.9125000E+02  0.0000000E+00
  8.9331000E+02  0.0000000E+00
  8.9535999E+02  0.0000000E+00
  8.9742999E+02  0.0000000E+00
  8.9950000E+02  0.0000000E+00
  9.0157001E+02  0.0000000E+00
  9.0365002E+02  0.0000000E+00
  9.0572998E+02  0.0000000E+00
  9.0782001E+02  0.0000000E+00
  9.0990997E+02  0.0000000E+00
  9.1201001E+02  8.0978469E-05
  9.1410999E+02  1.6487289E-04
  9.1621997E+02  2.4818940E-04
  9.1833002E+02  3.3094792E-04
  9.2045001E+02  4.1311412E-04
  9.2257001E+02  4.9471087E-04
  9.2470001E+02  5.7576160E-04
  9.2683002E+02  3.8539686E-03
  9.2896997E+02  3.8539686E-03
  9.3110999E+02  3.8539686E-03
  9.3325000E+02  3.8539686E-03
  9.3540997E+02  3.8539686E-03
  9.3756000E+02  3.8539686E-03
  9.3971997E+02  3.8539686E-03
  9.4189001E+02  4.0636053E-03
  9.4406000E+02  3.8539686E-03
  9.4623999E+02  3.8539686E-03
  9.4841998E+02  3.8539686E-03
  9.5059998E+02  3.8539686E-03
  9.5279999E+02  3.8539686E-03
  9.5498999E+02  3.8539686E-03
  9.5719000E+02  3.8539686E-03
  9.5940002E+02  3.8539686E-03
  9.6160999E+02  3.8539686E-03
  9.6383002E+02  4.0772585E-03
  9.6604999E+02  4.0772585E-03
  9.6828003E+02  4.0772585E-03
  9.7051001E+02  4.0772585E-03
  9.7275000E+02  4.0772585E-03
  9.7498999E+02  4.0772585E-03
  9.7723999E+02  4.0772585E-03
  9.7948999E+02  4.0772585E-03
  9.8175000E+02  3.8539686E-03
  9.8401001E+02  3.2502543E-03
  9.8628003E+02  3.2502543E-03
  9.8854999E+02  3.2502543E-03
  9.9083002E+02  3.2502543E-03
  9.9312000E+02  3.2502543E-03
  9.9540997E+02  3.2502543E-03
  9.9770001E+02  3.2502543E-03
  1.0000000E+03  3.2502543E-03
  1.0023100E+03  3.2502543E-03
  1.0046200E+03  3.2502543E-03
  1.0069300E+03  3.2502543E-03
  1.0092500E+03  3.2502543E-03
  1.0115800E+03  3.2502543E-03
  1.0139100E+03  3.2502543E-03
  1.0162500E+03  3.2502543E-03
  1.0185900E+03  3.2502543E-03
  1.0209400E+03  3.0622815E-03
  1.0232900E+03  3.0622815E-03
  1.0256500E+03  3.2502543E-03
  1.0280200E+03  3.2502543E-03
  1.0303900E+03  3.2502543E-03
  1.0327600E+03  3.3320172E-03
  1.0351400E+03  3.3320172E-03
  1.0375300E+03  3.3320172E-03
  1.0399200E+03  3.3320172E-03
  1.0423199E+03  3.3320172E-03
  1.0447200E+03  3.3320172E-03
  1.0471300E+03  3.3320172E-03
  1.0495400E+03  3.3320172E-03
  1.0519600E+03  3.3320172E-03
  1.0543900E+03  3.3320172E-03
  1.0568199E+03  3.2502543E-03
  1.0592500E+03  3.2502543E-03
  1.0617000E+03  3.3320172E-03
  1.0641400E+03  3.2502543E-03
  1.0666000E+03  3.0245029E-03
  1.0690500E+03  3.0245029E-03
  1.0715200E+03  3.0245029E-03
  1.0739900E+03  3.0245029E-03
  1.0764700E+03  3.0245029E-03
  1.0789500E+03  3.0245029E-03
  1.0814301E+03  2.3423461E-03
  1.0839301E+03  3.3320172E-03
  1.0864301E+03  3.3320172E-03
  1.0889301E+03  3.3320172E-03
  1.0914399E+03  3.3320172E-03
  1.0939600E+03  3.3320172E-03
  1.0964800E+03  3.3320172E-03
  1.0990100E+03  3.3320172E-03
  1.1015400E+03  3.3320172E-03
  1.1040800E+03  3.3320172E-03
  1.1066200E+03  3.3320172E-03
  1.1091801E+03  3.3320172E-03
  1.1117300E+03  3.3320172E-03
  1.1142900E+03  3.3320172E-03
  1.1168600E+03  3.3320172E-03
  1.1194399E+03  4.6420791E-03
  1.1220200E+03  4.6420791E-03
  1.1246000E+03  4.6420791E-03
  1.1272000E+03  3.5377510E-03
  1.1298000E+03  3.7762185E-03
  1.1324000E+03  4.0130084E-03
  1.1350100E+03  4.2467089E-03
  1.1376300E+03  4.1321665E-03
  1.1402500E+03  4.0183743E-03
  1.1428800E+03  3.9053226E-03
  1.1455100E+03  3.8313754E-03
  1.1481500E+03  3.9163451E-03
  1.1508000E+03  4.0006880E-03
  1.1534500E+03  4.0844297E-03
  1.1561100E+03  4.1519837E-03
  1.1587800E+03  4.1974597E-03
  1.1614500E+03  8.8170487E-03
  1.1641300E+03  8.8170487E-03
  1.1668101E+03  8.8170487E-03
  1.1695000E+03  8.8170487E-03
  1.1722000E+03  7.4547352E-03
  1.1749000E+03  7.4547352E-03
  1.1776100E+03  5.4485528E-03
  1.1803199E+03  5.4485528E-03
  1.1830400E+03  7.4547352E-03
  1.1857700E+03  7.4547352E-03
  1.1885000E+03  7.4547352E-03
  1.1912400E+03  7.4547352E-03
  1.1939900E+03  7.4547352E-03
  1.1967400E+03  5.9094047E-03
  1.1995000E+03  5.9094047E-03
  1.2022600E+03  5.9094047E-03
  1.2050400E+03  5.9094047E-03
  1.2078101E+03  7.4547352E-03
  1.2106000E+03  7.4547352E-03
  1.2133900E+03  5.9094047E-03
  1.2161899E+03  7.4547352E-03
  1.2189900E+03  5.9585623E-03
  1.2218000E+03  5.9585623E-03
  1.2246200E+03  5.9585623E-03
  1.2274399E+03  5.9585623E-03
  1.2302700E+03  5.9585623E-03
  1.2331000E+03  5.9585623E-03
  1.2359500E+03  5.9585623E-03
  1.2388000E+03  5.9585623E-03
  1.2416500E+03  5.9585623E-03
  1.2445100E+03  5.9585623E-03
  1.2473800E+03  6.4861774E-03
  1.2502600E+03  6.4861774E-03
  1.2531400E+03  6.4861774E-03
  1.2560300E+03  7.4547352E-03
  1.2589301E+03  7.4547352E-03
  1.2618300E+03  6.4861774E-03
  1.2647400E+03  6.4861774E-03
  1.2676500E+03  6.4861774E-03
  1.2705699E+03  6.4861774E-03
  1.2735000E+03  6.4861774E-03
  1.2764399E+03  6.4861774E-03
  1.2793800E+03  6.4861774E-03
  1.2823300E+03  6.4861774E-03
  1.2852900E+03  5.9585623E-03
  1.2882500E+03  5.9585623E-03
  1.2912200E+03  5.9585623E-03
  1.2942000E+03  5.9585623E-03
  1.2971801E+03  5.9585623E-03
  1.3001700E+03  5.9585623E-03
  1.3031700E+03  5.6082727E-03
  1.3061700E+03  5.6082727E-03
  1.3091801E+03  5.5111735E-03
  1.3122000E+03  5.5111735E-03
  1.3152200E+03  5.5036056E-03
  1.3182600E+03  5.5111735E-03
  1.3213000E+03  5.5036056E-03
  1.3243400E+03  5.5036056E-03
  1.3273900E+03  5.5036056E-03
  1.3304500E+03  5.5036056E-03
  1.3335200E+03  5.5036056E-03
  1.3366000E+03  5.3103617E-03
  1.3396801E+03  5.3103617E-03
  1.3427700E+03  5.3103617E-03
  1.3458600E+03  5.3103617E-03
  1.3489600E+03  5.2586417E-03
  1.3520699E+03  5.2586417E-03
  1.3551899E+03  5.2442332E-03
  1.3583101E+03  5.2309115E-03
  1.3614399E+03  4.8568333E-03
  1.3645800E+03  5.2309115E-03
  1.3677300E+03  5.2309115E-03
  1.3708800E+03  4.8568333E-03
  1.3740400E+03  4.7848145E-03
  1.3772100E+03  5.2309115E-03
  1.3803800E+03  4.4886041E-03
  1.3835699E+03  4.3258546E-03
  1.3867600E+03  4.3258546E-03
  1.3899500E+03  4.0996382E-03
  1.3931600E+03  4.0740524E-03
  1.3963700E+03  4.0740524E-03
  1.3995900E+03  4.0740524E-03
  1.4028101E+03  4.0051886E-03
  1.4060500E+03  4.0541599E-03
  1.4092900E+03  4.0051886E-03
  1.4125400E+03  3.8995661E-03
  1.4157900E+03  4.0051886E-03
  1.4190601E+03  4.0051886E-03
  1.4223300E+03  4.0051886E-03
  1.4256100E+03  4.0051886E-03
  1.4288900E+03  4.0051886E-03
  1.4321899E+03  4.0051886E-03
  1.4354900E+03  4.0051886E-03
  1.4388000E+03  4.0051886E-03
  1.4421200E+03  4.0794280E-03
  1.4454399E+03  4.0051886E-03
  1.4487700E+03  4.0541599E-03
  1.4521100E+03  4.0794280E-03
  1.4554600E+03  4.0541599E-03
  1.4588101E+03  3.8564026E-03
  1.4621801E+03  3.8564026E-03
  1.4655500E+03  3.7594785E-03
  1.4689301E+03  3.8564026E-03
  1.4723101E+03  3.8564026E-03
  1.4757100E+03  3.8564026E-03
  1.4791100E+03  3.8564026E-03
  1.4825200E+03  3.8564026E-03
  1.4859399E+03  3.8564026E-03
  1.4893600E+03  3.8564026E-03
  1.4927900E+03  3.6473174E-03
  1.4962400E+03  3.6473174E-03
  1.4996801E+03  3.6473174E-03
  1.5031400E+03  3.5695031E-03
  1.5066100E+03  3.5695031E-03
  1.5100800E+03  3.5695031E-03
  1.5135601E+03  3.5390428E-03
  1.5170500E+03  3.4618315E-03
  1.5205500E+03  3.3820707E-03
  1.5240500E+03  3.3746816E-03
  1.5275699E+03  3.3746816E-03
  1.5310900E+03  3.3746816E-03
  1.5346200E+03  3.3820707E-03
  1.5381500E+03  3.3632168E-03
  1.5417000E+03  3.3449600E-03
  1.5452500E+03  3.2918521E-03
  1.5488199E+03  3.1897000E-03
  1.5523900E+03  3.1897000E-03
  1.5559700E+03  3.2918521E-03
  1.5595500E+03  3.1897000E-03
  1.5631500E+03  3.1897000E-03
  1.5667500E+03  3.2104175E-03
  1.5703600E+03  3.2104175E-03
  1.5739800E+03  3.1884098E-03
  1.5776100E+03  3.1656353E-03
  1.5812500E+03  3.1656353E-03
  1.5848900E+03  3.1884098E-03
  1.5885500E+03  3.1884098E-03
  1.5922100E+03  3.2104175E-03
  1.5958800E+03  3.2104175E-03
  1.5995601E+03  3.1656353E-03
  1.6032500E+03  3.1884098E-03
  1.6069399E+03  3.2104175E-03
  1.6106500E+03  3.2104175E-03
  1.6143600E+03  3.3004873E-03
  1.6180800E+03  3.3004873E-03
  1.6218101E+03  3.3004873E-03
  1.6255500E+03  3.3857154E-03
  1.6293000E+03  3.5085380E-03
  1.6330500E+03  3.3857154E-03
  1.6368199E+03  3.3857154E-03
  1.6405900E+03  3.7325900E-03
  1.6443700E+03  3.7325900E-03
  1.6481600E+03  3.7325900E-03
  1.6519600E+03  3.7325900E-03
  1.6557700E+03  3.3004873E-03
  1.6595900E+03  3.3004873E-03
  1.6634100E+03  3.7760651E-03
  1.6672500E+03  3.6327341E-03
  1.6710900E+03  3.3347895E-03
  1.6749399E+03  3.5613899E-03
  1.6788000E+03  3.8228747E-03
  1.6826700E+03  3.9407695E-03
  1.6865500E+03  3.9659040E-03
  1.6904399E+03  3.8534440E-03
  1.6943400E+03  3.7417195E-03
  1.6982400E+03  3.6570237E-03
  1.7021600E+03  3.5782596E-03
  1.7060800E+03  3.4970716E-03
  1.7100200E+03  3.4087033E-03
  1.7139600E+03  3.3209359E-03
  1.7179100E+03  3.2879077E-03
  1.7218700E+03  3.2744519E-03
  1.7258400E+03  3.2826846E-03
  1.7298199E+03  3.3714708E-03
  1.7338000E+03  3.4596049E-03
  1.7378000E+03  3.4576093E-03
  1.7418101E+03  3.4174423E-03
  1.7458199E+03  3.4079549E-03
  1.7498500E+03  3.5165425E-03
  1.7538800E+03  3.6243238E-03
  1.7579200E+03  3.5315417E-03
  1.7619800E+03  3.3629767E-03
  1.7660400E+03  3.2514965E-03
  1.7701100E+03  3.3033332E-03
  1.7741899E+03  3.3547804E-03
  1.7782800E+03  3.3764699E-03
  1.7823800E+03  3.3907227E-03
  1.7864900E+03  3.4393047E-03
  1.7906100E+03  3.5481744E-03
  1.7947300E+03  3.6562285E-03
  1.7988700E+03  3.6357567E-03
  1.8030200E+03  3.6066053E-03
  1.8071700E+03  3.5273796E-03
  1.8113400E+03  3.4029500E-03
  1.8155200E+03  3.2963497E-03
  1.8197000E+03  3.3110094E-03
  1.8239000E+03  3.3255315E-03
  1.8281000E+03  3.2760506E-03
  1.8323101E+03  3.2041564E-03
  1.8365400E+03  3.1136801E-03
  1.8407700E+03  2.9905934E-03
  1.8450200E+03  2.8687196E-03
  1.8492700E+03  2.8620027E-03
  1.8535300E+03  2.8553032E-03
  1.8578000E+03  2.8773677E-03
  1.8620900E+03  2.9142650E-03
  1.8663800E+03  2.9419276E-03
  1.8706801E+03  2.9419276E-03
  1.8749900E+03  2.9419276E-03
  1.8793199E+03  2.9419276E-03
  1.8836500E+03  2.9419276E-03
  1.8879900E+03  2.9419276E-03
  1.8923400E+03  2.9419276E-03
  1.8967100E+03  2.9419276E-03
  1.9010800E+03  2.9419276E-03
  1.9054600E+03  2.9419276E-03
  1.9098500E+03  2.9419276E-03
  1.9142600E+03  2.9419276E-03
  1.9186700E+03  2.9419276E-03
  1.9230900E+03  2.9419276E-03
  1.9275200E+03  2.9419276E-03
  1.9319700E+03  2.9796578E-03
  1.9364200E+03  2.9796578E-03
  1.9408900E+03  2.9796578E-03
  1.9453600E+03  2.9796578E-03
  1.9498400E+03  2.9419276E-03
  1.9543400E+03  2.9419276E-03
  1.9588400E+03  2.5973760E-03
  1.9633600E+03  2.5973760E-03
  1.9678900E+03  2.4879333E-03
  1.9724200E+03  2.4879333E-03
  1.9769700E+03  2.4879333E-03
  1.9815300E+03  2.4084346E-03
  1.9860900E+03  2.4822538E-03
  1.9906700E+03  2.4822538E-03
  1.9952600E+03  2.4822538E-03
  1.9998600E+03  2.4822538E-03
  2.0044700E+03  2.4822538E-03
  2.0090900E+03  2.4822538E-03
  2.0137200E+03  2.4822538E-03
  2.0183700E+03  2.4822538E-03
  2.0230200E+03  2.4822538E-03
  2.0276801E+03  2.4084346E-03
  2.0323600E+03  2.3866883E-03
  2.0370400E+03  2.3757832E-03
  2.0417400E+03  2.3757832E-03
  2.0464399E+03  2.3757832E-03
  2.0511599E+03  2.3757832E-03
  2.0558899E+03  2.3218135E-03
  2.0606299E+03  2.3218135E-03
  2.0653799E+03  2.3218135E-03
  2.0701399E+03  2.3218135E-03
  2.0749099E+03  2.3218135E-03
  2.0797000E+03  2.3218135E-03
  2.0844900E+03  2.2164141E-03
  2.0893000E+03  2.2005052E-03
  2.0941101E+03  2.2005052E-03
  2.0989399E+03  2.2164141E-03
  2.1037800E+03  2.2164141E-03
  2.1086299E+03  2.2164141E-03
  2.1134900E+03  2.2164141E-03
  2.1183601E+03  2.2600554E-03
  2.1232400E+03  2.2164141E-03
  2.1281399E+03  2.1607652E-03
  2.1330400E+03  2.1607652E-03
  2.1379600E+03  2.1607652E-03
  2.1428899E+03  2.1607652E-03
  2.1478301E+03  2.1607652E-03
  2.1527800E+03  2.1534399E-03
  2.1577400E+03  2.1534399E-03
  2.1627200E+03  2.1090987E-03
  2.1677000E+03  2.0458824E-03
  2.1727000E+03  2.0458824E-03
  2.1777100E+03  2.0458824E-03
  2.1827300E+03  2.0368756E-03
  2.1877600E+03  2.0458824E-03
  2.1928000E+03  2.0458824E-03
  2.1978601E+03  2.0458824E-03
  2.2029299E+03  2.0458824E-03
  2.2080000E+03  2.1090987E-03
  2.2130901E+03  2.0458824E-03
  2.2182000E+03  2.0458824E-03
  2.2233101E+03  2.0458824E-03
  2.2284399E+03  2.0458824E-03
  2.2335701E+03  2.0458824E-03
  2.2387200E+03  2.0458824E-03
  2.2438799E+03  2.0016637E-03
  2.2490500E+03  2.0016637E-03
  2.2542400E+03  2.0016637E-03
  2.2594399E+03  2.0368756E-03
  2.2646399E+03  2.0374022E-03
  2.2698601E+03  2.0374022E-03
  2.2751001E+03  2.0016637E-03
  2.2803401E+03  1.9395581E-03
  2.2856001E+03  1.9395581E-03
  2.2908701E+03  1.9381755E-03
  2.2961499E+03  1.9280968E-03
  2.3014399E+03  1.9189204E-03
  2.3067500E+03  1.9075528E-03
  2.3120601E+03  1.9075528E-03
  2.3173899E+03  1.9056270E-03
  2.3227400E+03  1.8906695E-03
  2.3280901E+03  1.8934875E-03
  2.3334600E+03  1.9052137E-03
  2.3388401E+03  1.8906695E-03
  2.3442300E+03  1.8756842E-03
  2.3496299E+03  1.8384396E-03
  2.3550500E+03  1.8384396E-03
  2.3604800E+03  1.8378947E-03
  2.3659199E+03  1.8152897E-03
  2.3713701E+03  1.8152897E-03
  2.3768401E+03  1.8384396E-03
  2.3823201E+03  1.8384396E-03
  2.3878101E+03  1.8748628E-03
  2.3933201E+03  1.8748628E-03
  2.3988301E+03  1.8748628E-03
  2.4043601E+03  1.8760684E-03
  2.4099099E+03  1.8760684E-03
  2.4154600E+03  1.8748628E-03
  2.4210300E+03  1.8791741E-03
  2.4266101E+03  1.8748628E-03
  2.4322000E+03  1.8487832E-03
  2.4378101E+03  1.8748628E-03
  2.4434299E+03  1.8748628E-03
  2.4490601E+03  1.8791741E-03
  2.4547100E+03  1.8487832E-03
  2.4603701E+03  1.8733976E-03
  2.4660400E+03  1.8760684E-03
  2.4717200E+03  1.8760684E-03
  2.4774199E+03  1.8760684E-03
  2.4831299E+03  1.8487832E-03
  2.4888601E+03  1.8476265E-03
  2.4945901E+03  1.8476265E-03
  2.5003501E+03  1.8476265E-03
  2.5061101E+03  1.8354375E-03
  2.5118899E+03  1.8189447E-03
  2.5176799E+03  1.8189447E-03
  2.5234800E+03  1.8189447E-03
  2.5293000E+03  1.8311359E-03
  2.5351299E+03  1.8189447E-03
  2.5409700E+03  1.8100613E-03
  2.5468301E+03  1.8189447E-03
  2.5527000E+03  1.8202044E-03
  2.5585901E+03  1.8733976E-03
  2.5644800E+03  1.8202044E-03
  2.5703899E+03  1.8311359E-03
  2.5763201E+03  1.9026478E-03
  2.5822600E+03  1.9026478E-03
  2.5882100E+03  1.9156092E-03
  2.5941799E+03  1.9730404E-03
  2.6001599E+03  1.9848789E-03
  2.6061499E+03  2.0041356E-03
  2.6121599E+03  2.0041356E-03
  2.6181799E+03  2.0130959E-03
  2.6242200E+03  2.0041356E-03
  2.6302700E+03  2.0130959E-03
  2.6363301E+03  2.0127103E-03
  2.6424099E+03  2.0127103E-03
  2.6485000E+03  2.0130959E-03
  2.6546101E+03  2.0130959E-03
  2.6607200E+03  2.0271214E-03
  2.6668601E+03  2.0271214E-03
  2.6730100E+03  2.0279952E-03
  2.6791699E+03  2.0279952E-03
  2.6853401E+03  2.0345889E-03
  2.6915300E+03  2.0345889E-03
  2.6977400E+03  2.0271214E-03
  2.7039600E+03  1.9993552E-03
  2.7101899E+03  1.9993552E-03
  2.7164399E+03  1.9993552E-03
  2.7227000E+03  2.0430405E-03
  2.7289800E+03  2.0430405E-03
  2.7352700E+03  2.0844885E-03
  2.7415701E+03  2.1018239E-03
  2.7478899E+03  2.1018239E-03
  2.7542300E+03  2.1151351E-03
  2.7605801E+03  2.1151351E-03
  2.7669399E+03  2.1151351E-03
  2.7733201E+03  2.1151351E-03
  2.7797100E+03  2.1198012E-03
  2.7861201E+03  2.1334887E-03
  2.7925400E+03  2.2061914E-03
  2.7989800E+03  2.2422557E-03
  2.8054299E+03  2.2422557E-03
  2.8118999E+03  2.2422557E-03
  2.8183799E+03  2.2543515E-03
  2.8248799E+03  2.2543515E-03
  2.8313899E+03  2.2543515E-03
  2.8379199E+03  2.2621145E-03
  2.8444600E+03  2.2543515E-03
  2.8510200E+03  2.2543515E-03
  2.8575901E+03  2.2543515E-03
  2.8641799E+03  2.2917073E-03
  2.8707800E+03  2.3215024E-03
  2.8773999E+03  2.3321558E-03
  2.8840300E+03  2.3321558E-03
  2.8906799E+03  2.3223897E-03
  2.8973401E+03  2.3215024E-03
  2.9040200E+03  2.3321558E-03
  2.9107200E+03  2.3223897E-03
  2.9174299E+03  2.3681850E-03
  2.9241499E+03  2.4104649E-03
  2.9308899E+03  2.4185958E-03
  2.9376499E+03  2.4185958E-03
  2.9444199E+03  2.4104649E-03
  2.9512100E+03  2.4104649E-03
  2.9580100E+03  2.4104649E-03
  2.9648301E+03  2.4185958E-03
  2.9716699E+03  2.4212620E-03
  2.9785200E+03  2.4212620E-03
  2.9853799E+03  2.3988269E-03
  2.9922600E+03  2.3988269E-03
  2.9991599E+03  2.4066279E-03
  3.0060801E+03  2.4214387E-03
  3.0130100E+03  2.4212620E-03
  3.0199500E+03  2.4212620E-03
  3.0269099E+03  2.4066279E-03
  3.0338899E+03  2.4212620E-03
  3.0408899E+03  2.4214387E-03
  3.0478899E+03  2.4667406E-03
  3.0549199E+03  2.4499733E-03
  3.0619600E+03  2.4667406E-03
  3.0690200E+03  2.4667406E-03
  3.0761001E+03  2.5317103E-03
  3.0831899E+03  2.5603126E-03
  3.0903000E+03  2.5973874E-03
  3.0974199E+03  2.5973874E-03
  3.1045601E+03  2.5973874E-03
  3.1117200E+03  2.6206591E-03
  3.1188899E+03  2.6209499E-03
  3.1260801E+03  2.6206591E-03
  3.1332800E+03  2.6245003E-03
  3.1405100E+03  2.6294556E-03
  3.1477500E+03  2.6546377E-03
  3.1550000E+03  2.6665535E-03
  3.1622800E+03  2.6666720E-03
  3.1695701E+03  2.6710250E-03
  3.1768701E+03  2.7068392E-03
  3.1842000E+03  2.7225439E-03
  3.1915400E+03  2.7339915E-03
  3.1988899E+03  2.7339915E-03
  3.2062700E+03  2.7353230E-03
  3.2136599E+03  2.7375494E-03
  3.2210701E+03  2.7545588E-03
  3.2284900E+03  2.7679650E-03
  3.2359399E+03  2.7697724E-03
  3.2433999E+03  2.7697724E-03
  3.2508701E+03  2.7920171E-03
  3.2583701E+03  2.7949892E-03
  3.2658799E+03  2.8247635E-03
  3.2734099E+03  2.8606409E-03
  3.2809500E+03  2.8691038E-03
  3.2885200E+03  2.8874250E-03
  3.2961001E+03  2.8783455E-03
  3.3036899E+03  2.8874250E-03
  3.3113101E+03  2.9100301E-03
  3.3189399E+03  2.9100301E-03
  3.3265901E+03  2.9296514E-03
  3.3342600E+03  2.9384347E-03
  3.3419500E+03  2.9366801E-03
  3.3496499E+03  2.9474110E-03
  3.3573799E+03  2.9771365E-03
  3.3651201E+03  2.9833226E-03
  3.3728701E+03  2.9904670E-03
  3.3806499E+03  3.0137808E-03
  3.3884399E+03  3.0137808E-03
  3.3962500E+03  3.0593846E-03
  3.4040801E+03  3.0593846E-03
  3.4119299E+03  3.0137808E-03
  3.4197900E+03  3.0593846E-03
  3.4276799E+03  3.1227167E-03
  3.4355801E+03  3.1281763E-03
  3.4435000E+03  3.1281763E-03
  3.4514399E+03  3.1281763E-03
  3.4593899E+03  3.1227167E-03
  3.4673701E+03  3.1227167E-03
  3.4753601E+03  3.1227167E-03
  3.4833701E+03  3.0593846E-03
  3.4913999E+03  3.3028636E-03
  3.4994500E+03  3.3328184E-03
  3.5075200E+03  3.3700089E-03
  3.5156001E+03  3.3700089E-03
  3.5237100E+03  3.3700089E-03
  3.5318301E+03  3.3328184E-03
  3.5399700E+03  3.3700089E-03
  3.5481299E+03  3.3700089E-03
  3.5563101E+03  3.4171797E-03
  3.5645100E+03  3.4171797E-03
  3.5727300E+03  3.4171797E-03
  3.5809600E+03  3.4213185E-03
  3.5892200E+03  3.5626963E-03
  3.5974900E+03  3.5630581E-03
  3.6057900E+03  3.6261030E-03
  3.6141001E+03  3.6383362E-03
  3.6224299E+03  3.6504865E-03
  3.6307800E+03  3.6637271E-03
  3.6391499E+03  3.8321328E-03
  3.6475400E+03  3.8447741E-03
  3.6559500E+03  3.8447741E-03
  3.6643701E+03  3.8468409E-03
  3.6728201E+03  3.8468409E-03
  3.6812900E+03  3.8468409E-03
  3.6897800E+03  3.8447741E-03
  3.6982800E+03  3.8447741E-03
  3.7068101E+03  3.8920871E-03
  3.7153501E+03  3.8920871E-03
  3.7239199E+03  3.9727660E-03
  3.7325000E+03  4.0429779E-03
  3.7411101E+03  4.0429779E-03
  3.7497300E+03  4.0429779E-03
  3.7583701E+03  4.1763918E-03
  3.7670400E+03  4.1763918E-03
  3.7757200E+03  4.2494978E-03
  3.7844199E+03  4.3119206E-03
  3.7931499E+03  4.3713609E-03
  3.8018899E+03  4.3869633E-03
  3.8106599E+03  4.4502588E-03
  3.8194399E+03  4.5467895E-03
  3.8282500E+03  4.5467895E-03
  3.8370701E+03  4.5467895E-03
  3.8459199E+03  4.5467895E-03
  3.8547800E+03  4.5467895E-03
  3.8636699E+03  4.5467895E-03
  3.8725701E+03  4.5905681E-03
  3.8815000E+03  4.6710833E-03
  3.8904500E+03  4.7155619E-03
  3.8994199E+03  4.6734405E-03
  3.9084099E+03  4.7758711E-03
  3.9174199E+03  4.7758711E-03
  3.9264500E+03  4.8199343E-03
  3.9355000E+03  4.8595406E-03
  3.9445701E+03  4.9503874E-03
  3.9536699E+03  4.9503874E-03
  3.9627800E+03  4.9663088E-03
  3.9719199E+03  4.9663088E-03
  3.9810701E+03  5.1331013E-03
  3.9902500E+03  5.1422962E-03
  3.9994500E+03  5.1603811E-03
  4.0086699E+03  5.1911590E-03
  4.0179099E+03  5.2654622E-03
  4.0271699E+03  5.2376385E-03
  4.0364500E+03  5.2646473E-03
  4.0457600E+03  5.2646473E-03
  4.0550901E+03  5.2376385E-03
  4.0644299E+03  5.2646473E-03
  4.0738000E+03  5.2433982E-03
  4.0831899E+03  5.2646473E-03
  4.0926101E+03  5.3139958E-03
  4.1020400E+03  5.3888825E-03
  4.1115000E+03  5.3476798E-03
  4.1209800E+03  5.3139958E-03
  4.1304702E+03  5.4397956E-03
  4.1400000E+03  5.5350177E-03
  4.1495400E+03  5.5614738E-03
  4.1591099E+03  5.5784723E-03
  4.1686899E+03  5.5969264E-03
  4.1782998E+03  5.5784723E-03
  4.1879399E+03  5.5969264E-03
  4.1975898E+03  5.7239481E-03
  4.2072598E+03  5.7239481E-03
  4.2169600E+03  5.7593198E-03
  4.2266899E+03  5.7687908E-03
  4.2364302E+03  5.8648661E-03
  4.2462002E+03  5.8960542E-03
  4.2559800E+03  5.8960542E-03
  4.2657900E+03  5.9009762E-03
  4.2756299E+03  5.9126238E-03
  4.2854800E+03  5.9126238E-03
  4.2953599E+03  5.9009762E-03
  4.3052598E+03  5.9290449E-03
  4.3151899E+03  5.9342128E-03
  4.3251401E+03  6.0987743E-03
  4.3351099E+03  6.0987743E-03
  4.3451001E+03  6.1413255E-03
  4.3551201E+03  6.1413255E-03
  4.3651602E+03  6.1750552E-03
  4.3752202E+03  6.1750552E-03
  4.3853101E+03  6.2384349E-03
  4.3954199E+03  6.2384349E-03
  4.4055498E+03  6.2871119E-03
  4.4157002E+03  6.3221138E-03
  4.4258799E+03  6.3648885E-03
  4.4360801E+03  6.3648885E-03
  4.4463101E+03  6.3648885E-03
  4.4565601E+03  6.4427149E-03
  4.4668301E+03  6.6370885E-03
  4.4771299E+03  6.6370885E-03
  4.4874502E+03  6.6370885E-03
  4.4977998E+03  6.6467184E-03
  4.5081699E+03  6.6467184E-03
  4.5185601E+03  6.6467184E-03
  4.5289702E+03  6.6467184E-03
  4.5394102E+03  6.6467184E-03
  4.5498799E+03  6.6370885E-03
  4.5603701E+03  6.6345679E-03
  4.5708799E+03  6.6345679E-03
  4.5814199E+03  6.6183251E-03
  4.5919800E+03  6.6183251E-03
  4.6025601E+03  6.6380580E-03
  4.6131802E+03  6.6717057E-03
  4.6238101E+03  6.7331525E-03
  4.6344702E+03  6.6906498E-03
  4.6451499E+03  6.7133876E-03
  4.6558599E+03  6.7747314E-03
  4.6665898E+03  6.7986022E-03
  4.6773501E+03  6.8103918E-03
  4.6881299E+03  6.9563393E-03
  4.6989399E+03  6.9563393E-03
  4.7097700E+03  6.9563393E-03
  4.7206299E+03  6.8815658E-03
  4.7315098E+03  6.8815658E-03
  4.7424199E+03  6.8949028E-03
  4.7533501E+03  6.8949028E-03
  4.7643101E+03  6.8214261E-03
  4.7752900E+03  6.8469872E-03
  4.7862998E+03  6.8469872E-03
  4.7973301E+03  6.8214261E-03
  4.8083901E+03  6.8949028E-03
  4.8194800E+03  6.8949028E-03
  4.8305898E+03  6.8949028E-03
  4.8417202E+03  6.8975948E-03
  4.8528799E+03  6.8975948E-03
  4.8640698E+03  6.9357059E-03
  4.8752798E+03  6.9357059E-03
  4.8865200E+03  6.9104508E-03
  4.8977900E+03  6.9015720E-03
  4.9090801E+03  6.8975948E-03
  4.9203901E+03  6.8951109E-03
  4.9317402E+03  6.9102803E-03
  4.9431099E+03  6.9100829E-03
  4.9545000E+03  6.9090775E-03
  4.9659199E+03  6.9015720E-03
  4.9773701E+03  6.8747951E-03
  4.9888398E+03  6.8866145E-03
  5.0003398E+03  6.8866145E-03
  5.0118701E+03  6.8447362E-03
  5.0234302E+03  6.8530268E-03
  5.0350000E+03  6.8530268E-03
  5.0466099E+03  6.8676621E-03
  5.0582500E+03  6.8778642E-03
  5.0699102E+03  6.8778642E-03
  5.0815898E+03  6.8778642E-03
  5.0933101E+03  6.8778642E-03
  5.1050498E+03  6.8850345E-03
  5.1168198E+03  6.8999506E-03
  5.1286099E+03  6.8850345E-03
  5.1404399E+03  6.8850345E-03
  5.1522900E+03  6.8785250E-03
  5.1641602E+03  6.8785250E-03
  5.1760698E+03  6.9208993E-03
  5.1880000E+03  6.9208993E-03
  5.1999600E+03  6.9208993E-03
  5.2119502E+03  6.9731474E-03
  5.2239600E+03  6.9731474E-03
  5.2360000E+03  6.9924025E-03
  5.2480698E+03  6.9924025E-03
  5.2601699E+03  6.9924025E-03
  5.2722998E+03  6.9924025E-03
  5.2844502E+03  6.9047171E-03
  5.2966299E+03  6.9261901E-03
  5.3088398E+03  6.9856457E-03
  5.3210801E+03  6.9856457E-03
  5.3333501E+03  6.9261901E-03
  5.3456401E+03  6.9600102E-03
  5.3579600E+03  6.9600102E-03
  5.3703198E+03  6.9600102E-03
  5.3827002E+03  6.9191819E-03
  5.3951001E+03  6.9563850E-03
  5.4075400E+03  6.9563850E-03
  5.4200098E+03  6.9563850E-03
  5.4325000E+03  6.9526741E-03
  5.4450200E+03  6.9563850E-03
  5.4575801E+03  6.9526741E-03
  5.4701602E+03  6.9563850E-03
  5.4827700E+03  6.9781528E-03
  5.4954102E+03  6.9781528E-03
  5.5080801E+03  6.9526741E-03
  5.5207700E+03  6.9781528E-03
  5.5335000E+03  7.1141892E-03
  5.5462598E+03  7.1220282E-03
  5.5590400E+03  7.1141892E-03
  5.5718501E+03  7.1141892E-03
  5.5847002E+03  7.2375406E-03
  5.5975698E+03  7.2375406E-03
  5.6104800E+03  7.2375406E-03
  5.6234102E+03  7.1910960E-03
  5.6363799E+03  7.1645486E-03
  5.6493701E+03  7.0689549E-03
  5.6623901E+03  7.1645486E-03
  5.6754502E+03  7.1645486E-03
  5.6885298E+03  7.1727699E-03
  5.7016401E+03  7.1727699E-03
  5.7147900E+03  7.1727699E-03
  5.7279600E+03  7.2412365E-03
  5.7411602E+03  7.2901859E-03
  5.7543999E+03  7.2593107E-03
  5.7676602E+03  7.2593107E-03
  5.7809600E+03  7.1670036E-03
  5.7942900E+03  7.1298322E-03
  5.8076401E+03  7.0992233E-03
  5.8210298E+03  7.1288459E-03
  5.8344502E+03  7.0992233E-03
  5.8478999E+03  7.1288459E-03
  5.8613799E+03  7.1298322E-03
  5.8748901E+03  7.1298322E-03
  5.8884399E+03  7.1103899E-03
  5.9020098E+03  7.1347933E-03
  5.9156099E+03  7.1387584E-03
  5.9292500E+03  7.1347933E-03
  5.9429199E+03  7.1103899E-03
  5.9566201E+03  7.1037300E-03
  5.9703501E+03  7.0421514E-03
  5.9841201E+03  7.1037300E-03
  5.9979102E+03  7.1323337E-03
  6.0117300E+03  7.1323337E-03
  6.0256001E+03  7.0421514E-03
  6.0394800E+03  7.0177685E-03
  6.0534102E+03  7.0421514E-03
  6.0673599E+03  7.0177685E-03
  6.0813501E+03  7.0423489E-03
  6.0953701E+03  7.0177685E-03
  6.1094199E+03  7.0177685E-03
  6.1235000E+03  7.0177685E-03
  6.1376201E+03  6.9948868E-03
  6.1517700E+03  7.0399442E-03
  6.1659502E+03  7.1140761E-03
  6.1801602E+03  7.1140761E-03
  6.1944102E+03  7.1140761E-03
  6.2086899E+03  7.1140761E-03
  6.2230000E+03  7.1284315E-03
  6.2373501E+03  7.1140761E-03
  6.2517300E+03  7.0653665E-03
  6.2661401E+03  7.0653665E-03
  6.2805801E+03  6.7892182E-03
  6.2950601E+03  6.7992928E-03
  6.3095698E+03  6.6618565E-03
  6.3241201E+03  6.7234491E-03
  6.3386899E+03  6.7473729E-03
  6.3533101E+03  6.7368243E-03
  6.3679502E+03  6.7089223E-03
  6.3826299E+03  6.7936848E-03
  6.3973501E+03  6.7934128E-03
  6.4120898E+03  6.7117624E-03
  6.4268799E+03  6.7589250E-03
  6.4416899E+03  6.7358292E-03
  6.4565400E+03  6.7076115E-03
  6.4714199E+03  6.6875578E-03
  6.4863398E+03  6.5830816E-03
  6.5012998E+03  6.6875578E-03
  6.5162798E+03  6.7794938E-03
  6.5312998E+03  6.7482246E-03
  6.5463599E+03  6.5778214E-03
  6.5614502E+03  6.2853275E-03
  6.5765801E+03  6.2767141E-03
  6.5917402E+03  6.6452590E-03
  6.6069302E+03  6.7088562E-03
  6.6221602E+03  6.6802120E-03
  6.6374302E+03  6.6521466E-03
  6.6527300E+03  6.6276072E-03
  6.6680698E+03  6.5050484E-03
  6.6834399E+03  6.5504489E-03
  6.6988501E+03  6.4641703E-03
  6.7142900E+03  7.1797273E-03
  6.7297598E+03  7.1797273E-03
  6.7452798E+03  6.3948939E-03
  6.7608301E+03  6.3850610E-03
  6.7764102E+03  6.3727414E-03
  6.7920400E+03  6.3183527E-03
  6.8076899E+03  6.3449400E-03
  6.8233799E+03  6.3977274E-03
  6.8391099E+03  6.3433591E-03
  6.8548799E+03  6.2762559E-03
  6.8706802E+03  6.3593839E-03
  6.8865200E+03  6.4309547E-03
  6.9023999E+03  6.4332145E-03
  6.9183101E+03  6.4026113E-03
  6.9342598E+03  6.3706744E-03
  6.9502402E+03  6.3697123E-03
  6.9662598E+03  6.4348150E-03
  6.9823198E+03  6.4299596E-03
  6.9984199E+03  6.3742320E-03
  7.0145498E+03  6.3468842E-03
  7.0307202E+03  6.4559532E-03
  7.0469302E+03  6.4801411E-03
  7.0631802E+03  6.3469154E-03
  7.0794600E+03  6.1800876E-03
  7.0957700E+03  6.0281763E-03
  7.1121401E+03  5.9028165E-03
  7.1285298E+03  5.7989298E-03
  7.1449600E+03  5.7747765E-03
  7.1614302E+03  5.8096712E-03
  7.1779399E+03  5.7822787E-03
  7.1944902E+03  5.7274243E-03
  7.2110698E+03  5.8421823E-03
  7.2277002E+03  5.9496518E-03
  7.2443599E+03  5.9960294E-03
  7.2610601E+03  6.0313242E-03
  7.2777998E+03  6.0144747E-03
  7.2945698E+03  6.0002175E-03
  7.3113901E+03  6.2790508E-03
  7.3282500E+03  6.4514959E-03
  7.3451401E+03  6.4514959E-03
  7.3620698E+03  6.4514959E-03
  7.3790400E+03  6.4514959E-03
  7.3960498E+03  7.3005469E-03
  7.4131001E+03  6.2844548E-03
  7.4301899E+03  6.4159255E-03
  7.4473198E+03  6.4144991E-03
  7.4644902E+03  6.4911968E-03
  7.4816899E+03  6.5120696E-03
  7.4989399E+03  6.5392964E-03
  7.5162300E+03  6.6141337E-03
  7.5335498E+03  6.6977353E-03
  7.5509199E+03  6.7350972E-03
  7.5683301E+03  6.7084143E-03
  7.5857700E+03  6.5881428E-03
  7.6032598E+03  6.4714951E-03
  7.6207900E+03  6.3481736E-03
  7.6383599E+03  6.2207133E-03
  7.6559600E+03  6.0469494E-03
  7.6736099E+03  5.8589093E-03
  7.6912998E+03  5.9694061E-03
  7.7090298E+03  5.8680703E-03
  7.7268101E+03  5.8723181E-03
  7.7446201E+03  5.8078058E-03
  7.7624702E+03  5.9814025E-03
  7.7803599E+03  5.9814025E-03
  7.7982998E+03  5.9814025E-03
  7.8162798E+03  5.9814025E-03
  7.8342900E+03  5.8811675E-03
  7.8523599E+03  5.8286251E-03
  7.8704600E+03  5.9193890E-03
  7.8886001E+03  6.3261655E-03
  7.9067900E+03  6.3261655E-03
  7.9250098E+03  6.3261655E-03
  7.9432798E+03  6.3261655E-03
  7.9615898E+03  6.3261655E-03
  7.9799502E+03  5.8770590E-03
  7.9983398E+03  5.9052603E-03
  8.0167798E+03  5.9480448E-03
  8.0352598E+03  5.9641255E-03
  8.0537798E+03  5.9836651E-03
  8.0723501E+03  6.0444004E-03
  8.0909600E+03  5.9951046E-03
  8.1096099E+03  6.0592149E-03
  8.1282998E+03  6.2311925E-03
  8.1470400E+03  6.3119354E-03
  8.1658198E+03  6.3736723E-03
  8.1846499E+03  6.2393425E-03
  8.2035098E+03  6.1267852E-03
  8.2224297E+03  5.9668473E-03
  8.2413799E+03  5.9668473E-03
  8.2603799E+03  5.9668473E-03
  8.2794199E+03  6.0429140E-03
  8.2985098E+03  6.0429140E-03
  8.3176299E+03  5.8853305E-03
  8.3368096E+03  5.8581247E-03
  8.3560303E+03  5.8677159E-03
  8.3752900E+03  5.9722872E-03
  8.3945996E+03  5.9722872E-03
  8.4139502E+03  5.7037566E-03
  8.4333496E+03  5.9722872E-03
  8.4527900E+03  5.7037566E-03
  8.4722695E+03  5.4573207E-03
  8.4917998E+03  5.4723304E-03
  8.5113799E+03  5.2638985E-03
  8.5310000E+03  5.4682042E-03
  8.5506699E+03  5.0660805E-03
  8.5703799E+03  5.6753303E-03
  8.5901396E+03  5.5888239E-03
  8.6099404E+03  5.6552417E-03
  8.6297803E+03  5.7988693E-03
  8.6496699E+03  5.8004330E-03
  8.6696201E+03  5.8808350E-03
  8.6895996E+03  5.6644203E-03
  8.7096299E+03  5.8924430E-03
  8.7297100E+03  5.7741138E-03
  8.7498398E+03  5.7741138E-03
  8.7700000E+03  5.9909821E-03
  8.7902305E+03  6.0774172E-03
  8.8104902E+03  5.9602307E-03
  8.8307998E+03  6.0219183E-03
  8.8511504E+03  5.9734578E-03
  8.8715596E+03  5.7256827E-03
  8.8920098E+03  5.8586523E-03
  8.9125098E+03  5.9200553E-03
  8.9330498E+03  5.8217049E-03
  8.9536504E+03  5.8424869E-03
  8.9742803E+03  5.8607883E-03
  8.9949805E+03  5.8069485E-03
  9.0157100E+03  5.7065282E-03
  9.0364902E+03  5.9516770E-03
  9.0573301E+03  6.1025824E-03
  9.0782002E+03  6.0525290E-03
  9.0991299E+03  6.0168984E-03
  9.1200996E+03  6.1205253E-03
  9.1411299E+03  6.1523230E-03
  9.1622002E+03  6.1272490E-03
  9.1833203E+03  6.1696637E-03
  9.2045000E+03  5.9981132E-03
  9.2257100E+03  5.7624923E-03
  9.2469805E+03  5.7353219E-03
  9.2682998E+03  5.7868324E-03
  9.2896602E+03  5.7163895E-03
  9.3110801E+03  5.7578944E-03
  9.3325400E+03  5.7642418E-03
  9.3540596E+03  5.7230527E-03
  9.3756201E+03  5.6739813E-03
  9.3972305E+03  5.7060020E-03
  9.4189004E+03  5.6978446E-03
  9.4406104E+03  5.7375450E-03
  9.4623701E+03  5.7834913E-03
  9.4841797E+03  5.8465363E-03
  9.5060498E+03  5.7570157E-03
  9.5279600E+03  5.4884381E-03
  9.5499199E+03  5.4069650E-03
  9.5719404E+03  5.4069650E-03
  9.5940000E+03  5.4884381E-03
  9.6161201E+03  5.7677808E-03
  9.6382900E+03  5.7465890E-03
  9.6605098E+03  5.6836423E-03
  9.6827695E+03  5.7472293E-03
  9.7050996E+03  5.7116714E-03
  9.7274697E+03  5.6393687E-03
  9.7498896E+03  5.6092059E-03
  9.7723701E+03  5.6289360E-03
  9.7949004E+03  5.5912603E-03
  9.8174805E+03  5.6779603E-03
  9.8401104E+03  5.6615663E-03
  9.8627900E+03  5.6563346E-03
  9.8855303E+03  5.6354073E-03
  9.9083203E+03  5.5838404E-03
  9.9311602E+03  5.6180842E-03
  9.9540498E+03  5.6302957E-03
  9.9770000E+03  5.6247194E-03
  1.0000000E+04  5.6051211E-03
  1.0000000E+04  5.6051211E-03
  1.0115800E+04  5.5674585E-03
  1.0232940E+04  5.5362484E-03
  1.0351420E+04  4.9586482E-03
  1.0471290E+04  4.9044429E-03
  1.0592540E+04  5.2016028E-03
  1.0715200E+04  4.6890373E-03
  1.0839270E+04  5.0069285E-03
  1.0964780E+04  4.4519794E-03
  1.1091750E+04  4.8049805E-03
  1.1220190E+04  4.7498234E-03
  1.1350100E+04  4.1303295E-03
  1.1481540E+04  4.6376674E-03
  1.1614490E+04  4.4995509E-03
  1.1748980E+04  4.4513782E-03
  1.1885020E+04  3.8466488E-03
  1.2022640E+04  4.2574792E-03
  1.2161860E+04  3.8469255E-03
  1.2302690E+04  3.8217921E-03
  1.2445140E+04  4.0590055E-03
  1.2589250E+04  3.5408132E-03
  1.2735030E+04  3.5582338E-03
  1.2882500E+04  3.5045168E-03
  1.3031660E+04  3.3064012E-03
  1.3182560E+04  3.3182316E-03
  1.3335210E+04  3.3786448E-03
  1.3489630E+04  3.2074035E-03
  1.3645840E+04  3.3445084E-03
  1.3803840E+04  3.2545985E-03
  1.3963680E+04  3.2162548E-03
  1.4125380E+04  3.1286830E-03
  1.4288950E+04  3.0217944E-03
  1.4454390E+04  2.9137419E-03
  1.4621770E+04  2.8888665E-03
  1.4791090E+04  3.0871569E-03
  1.4962360E+04  3.1201548E-03
  1.5135610E+04  3.1250902E-03
  1.5310870E+04  3.1395932E-03
  1.5488170E+04  3.1051773E-03
  1.5667520E+04  3.0079444E-03
  1.5848920E+04  2.8910146E-03
  1.6032450E+04  2.9315162E-03
  1.6218100E+04  2.9196390E-03
  1.6405900E+04  2.9037106E-03
  1.6595859E+04  2.8821405E-03
  1.6788039E+04  2.8063192E-03
  1.6982439E+04  2.7655864E-03
  1.7179090E+04  2.6684264E-03
  1.7378000E+04  2.5408065E-03
  1.7579230E+04  2.4567156E-03
  1.7782789E+04  2.3436672E-03
  1.7988711E+04  2.2363144E-03
  1.8197020E+04  2.1434510E-03
  1.8407711E+04  2.0676039E-03
  1.8620869E+04  1.9852659E-03
  1.8836490E+04  1.9187919E-03
  1.9054619E+04  1.8705551E-03
  1.9275240E+04  1.8017682E-03
  1.9498439E+04  1.7181721E-03
  1.9724230E+04  1.6531219E-03
  1.9952631E+04  1.6060385E-03
  2.0183660E+04  1.5635467E-03
  2.0417381E+04  1.5214575E-03
  2.0653801E+04  1.4757289E-03
  2.0892971E+04  1.4323393E-03
  2.1134881E+04  1.3955629E-03
  2.1379619E+04  1.3653204E-03
  2.1627189E+04  1.3128391E-03
  2.1877619E+04  1.2749028E-03
  2.2130939E+04  1.2348332E-03
  2.2387211E+04  1.1864970E-03
  2.2646439E+04  1.1399203E-03
  2.2908680E+04  1.0139443E-03
  2.3173930E+04  9.6569379E-04
  2.3442279E+04  8.8981760E-04
  2.3713740E+04  8.3332061E-04
  2.3988340E+04  7.8605465E-04
  2.4266109E+04  7.3797803E-04
  2.4547080E+04  6.7382999E-04
  2.4831330E+04  6.0479454E-04
  2.5118869E+04  5.7223992E-04
  2.5409740E+04  5.6592637E-04
  2.5703949E+04  5.6305242E-04
  2.6001590E+04  5.5031438E-04
  2.6302680E+04  5.3396448E-04
  2.6607260E+04  5.1654060E-04
  2.6915340E+04  5.0535391E-04
  2.7227010E+04  4.9746450E-04
  2.7542289E+04  4.8339705E-04
  2.7861221E+04  4.6812158E-04
  2.8183820E+04  4.5172125E-04
  2.8510180E+04  4.3944787E-04
  2.8840320E+04  4.2459116E-04
  2.9174279E+04  4.1186888E-04
  2.9512080E+04  3.9773420E-04
  2.9853820E+04  3.8496908E-04
  3.0199520E+04  3.7350599E-04
  3.0549221E+04  3.6158200E-04
  3.0902939E+04  3.5194124E-04
  3.1260789E+04  3.4313762E-04
  3.1622779E+04  3.3256228E-04
  3.1988961E+04  3.2890198E-04
  3.2359350E+04  3.3812539E-04
  3.2734061E+04  3.5909089E-04
  3.3113109E+04  3.5833174E-04
  3.3496551E+04  3.2059406E-04
  3.3884430E+04  2.8394887E-04
  3.4276770E+04  2.6623686E-04
  3.4673680E+04  2.5647692E-04
  3.5075199E+04  2.4749414E-04
  3.5481359E+04  2.3824154E-04
  3.5892180E+04  2.2895947E-04
  3.6307801E+04  2.2127219E-04
  3.6728230E+04  2.1253174E-04
  3.7153539E+04  2.0393348E-04
  3.7583719E+04  1.9579353E-04
  3.8018930E+04  1.8883719E-04
  3.8459180E+04  1.8263642E-04
  3.8904531E+04  1.7523154E-04
  3.9354988E+04  1.6868438E-04
  3.9810711E+04  1.6133927E-04
  4.0271711E+04  1.5622262E-04
  4.0738039E+04  1.5003110E-04
  4.1209730E+04  1.4477209E-04
  4.1686930E+04  1.3900560E-04
  4.2169648E+04  1.3407468E-04
  4.2657961E+04  1.2958587E-04
  4.3151879E+04  1.1692210E-04
  4.3651570E+04  1.0989012E-04
  4.4157039E+04  1.0313205E-04
  4.4668371E+04  9.8631186E-05
  4.5185621E+04  9.5416777E-05
  4.5708801E+04  9.3729366E-05
  4.6238102E+04  9.0870250E-05
  4.6773520E+04  8.9304020E-05
  4.7315148E+04  8.7544104E-05
  4.7862988E+04  8.5372274E-05
  4.8417230E+04  8.3755105E-05
  4.8977891E+04  8.1439975E-05
  4.9545039E+04  7.9563069E-05
  5.0118699E+04  7.7944096E-05
  5.0699059E+04  7.6147087E-05
  5.1286141E+04  7.4555537E-05
  5.1880020E+04  7.3078088E-05
  5.2480719E+04  7.1560578E-05
  5.3088430E+04  6.9857575E-05
  5.3703180E+04  6.8658941E-05
  5.4325051E+04  6.7400979E-05
  5.4954059E+04  6.6401575E-05
  5.5590410E+04  6.5852102E-05
  5.6234129E+04  6.5942331E-05
  5.6885309E+04  6.6875909E-05
  5.7543961E+04  6.8922389E-05
  5.8210301E+04  7.2392097E-05
  5.8884359E+04  7.7707235E-05
  5.9566230E+04  8.5580432E-05
  6.0255988E+04  9.6882351E-05
  6.0953672E+04  1.0636938E-04
  6.1659500E+04  1.6033913E-04
  6.2373500E+04  2.3064087E-04
  6.3095762E+04  1.7014418E-04
  6.3826320E+04  1.2086211E-04
  6.4565410E+04  8.5099382E-05
  6.5313059E+04  7.6346834E-05
  6.6069367E+04  8.6279164E-05
  6.6834359E+04  8.8949186E-05
  6.7608289E+04  9.1941976E-05
  6.8391172E+04  9.0627029E-05
  6.9183117E+04  9.8533557E-05
  6.9984156E+04  1.2375994E-04
  7.0794562E+04  1.0471774E-04
  7.1614344E+04  1.0852585E-04
  7.2443617E+04  1.1614838E-04
  7.3282406E+04  1.2542390E-04
  7.4131008E+04  1.4008892E-04
  7.4989422E+04  1.8520767E-04
  7.5857781E+04  2.1242280E-04
  7.6736102E+04  2.3849070E-04
  7.7624688E+04  2.2938987E-04
  7.8523562E+04  2.2384159E-04
  7.9432844E+04  2.0140344E-04
  8.0352648E+04  1.6242311E-04
  8.1283023E+04  1.3014453E-04
  8.2224258E+04  1.1509612E-04
  8.3176391E+04  1.1296098E-04
  8.4139547E+04  1.1151590E-04
  8.5113773E+04  1.1676065E-04
  8.6099367E+04  1.2536360E-04
  8.7096367E+04  1.1196113E-04
  8.8104922E+04  8.4246967E-05
  8.9125047E+04  6.0633676E-05
  9.0157102E+04  4.9747923E-05
  9.1201094E+04  4.3456796E-05
  9.2257172E+04  3.6886493E-05
  9.3325383E+04  3.4163786E-05
  9.4406070E+04  3.4162287E-05
  9.5499273E+04  3.4211007E-05
  9.6605117E+04  3.9584669E-05
  9.7723672E+04  3.7899692E-05
  9.8855281E+04  3.3200991E-05
  1.0000000E+05  3.4385666E-05
  1.0115797E+05  3.4344499E-05
  1.0232924E+05  3.4724504E-05
  1.0351419E+05  3.4851582E-05
  1.0471285E+05  3.7079000E-05
  1.0592540E+05  4.2676842E-05
  1.0715198E+05  4.4922104E-05
  1.0839266E+05  4.6185178E-05
  1.0964781E+05  5.2505387E-05
  1.1091750E+05  7.1578499E-05
  1.1220190E+05  1.2740206E-04
  1.1350104E+05  1.4355598E-04
  1.1481534E+05  1.0146108E-04
  1.1614488E+05  7.0730079E-05
  1.1748980E+05  5.7260724E-05
  1.1885017E+05  5.5469874E-05
  1.2022642E+05  6.0012819E-05
  1.2161861E+05  5.4895503E-05
  1.2302692E+05  5.9174785E-05
  1.2445140E+05  6.2073574E-05
  1.2589252E+05  6.8394926E-05
  1.2735031E+05  8.2911880E-05
  1.2882499E+05  7.1567811E-05
  1.3031661E+05  4.2948210E-05
  1.3182564E+05  3.8019600E-05
  1.3335214E+05  3.6797501E-05
  1.3489633E+05  3.4311710E-05
  1.3645823E+05  3.3466185E-05
  1.3803839E+05  3.0250891E-05
  1.3963683E+05  2.9854507E-05
  1.4125378E+05  3.0831088E-05
  1.4288947E+05  3.1537202E-05
  1.4454392E+05  2.8152797E-05
  1.4621770E+05  2.3847604E-05
  1.4791086E+05  2.1581596E-05
  1.4962362E+05  2.0840092E-05
  1.5135606E+05  2.0542804E-05
  1.5310872E+05  2.2176690E-05
  1.5488169E+05  2.8074608E-05
  1.5667517E+05  2.2292381E-05
  1.5848925E+05  2.2286311E-05
  1.6032452E+05  2.2491298E-05
  1.6218103E+05  2.5957694E-05
  1.6405903E+05  3.0683987E-05
  1.6595861E+05  3.1054671E-05
  1.6788036E+05  3.1715790E-05
  1.6982438E+05  3.6909503E-05
  1.7179089E+05  3.3245313E-05
  1.7377998E+05  2.9337491E-05
  1.7579231E+05  2.3938397E-05
  1.7782794E+05  2.1842103E-05
  1.7988714E+05  1.9981308E-05
  1.8196998E+05  1.9519201E-05
  1.8407714E+05  1.9143592E-05
  1.8620870E+05  1.8775707E-05
  1.8836495E+05  1.8415396E-05
  1.9054595E+05  1.8021985E-05
  1.9275242E+05  1.7517095E-05
  1.9498444E+05  1.7024704E-05
  1.9724231E+05  1.6544593E-05
  1.9952631E+05  1.6076396E-05
