  3.1623001E+02  0.0000000E+00
  3.1695999E+02  0.0000000E+00
  3.1769000E+02  0.0000000E+00
  3.1842001E+02  0.0000000E+00
  3.1914999E+02  0.0000000E+00
  3.1989001E+02  0.0000000E+00
  3.2063000E+02  0.0000000E+00
  3.2137000E+02  0.0000000E+00
  3.2210999E+02  0.0000000E+00
  3.2285001E+02  0.0000000E+00
  3.2359000E+02  0.0000000E+00
  3.2434000E+02  0.0000000E+00
  3.2509000E+02  0.0000000E+00
  3.2584000E+02  0.0000000E+00
  3.2659000E+02  0.0000000E+00
  3.2734000E+02  0.0000000E+00
  3.2810001E+02  0.0000000E+00
  3.2885001E+02  0.0000000E+00
  3.2960999E+02  0.0000000E+00
  3.3037000E+02  0.0000000E+00
  3.3113000E+02  0.0000000E+00
  3.3189001E+02  0.0000000E+00
  3.3266000E+02  0.0000000E+00
  3.3342999E+02  0.0000000E+00
  3.3419000E+02  0.0000000E+00
  3.3497000E+02  0.0000000E+00
  3.3573999E+02  0.0000000E+00
  3.3651001E+02  0.0000000E+00
  3.3729001E+02  0.0000000E+00
  3.3806000E+02  0.0000000E+00
  3.3884000E+02  0.0000000E+00
  3.3963000E+02  0.0000000E+00
  3.4041000E+02  0.0000000E+00
  3.4119000E+02  0.0000000E+00
  3.4198001E+02  0.0000000E+00
  3.4276999E+02  0.0000000E+00
  3.4356000E+02  0.0000000E+00
  3.4435001E+02  0.0000000E+00
  3.4514001E+02  0.0000000E+00
  3.4594000E+02  0.0000000E+00
  3.4673999E+02  0.0000000E+00
  3.4754001E+02  0.0000000E+00
  3.4834000E+02  0.0000000E+00
  3.4914001E+02  0.0000000E+00
  3.4995001E+02  0.0000000E+00
  3.5075000E+02  0.0000000E+00
  3.5156000E+02  0.0000000E+00
  3.5237000E+02  0.0000000E+00
  3.5317999E+02  0.0000000E+00
  3.5400000E+02  0.0000000E+00
  3.5481000E+02  0.0000000E+00
  3.5563000E+02  0.0000000E+00
  3.5645001E+02  0.0000000E+00
  3.5726999E+02  0.0000000E+00
  3.5810001E+02  0.0000000E+00
  3.5892001E+02  0.0000000E+00
  3.5975000E+02  0.0000000E+00
  3.6057999E+02  0.0000000E+00
  3.6141000E+02  0.0000000E+00
  3.6223999E+02  0.0000000E+00
  3.6307999E+02  0.0000000E+00
  3.6392001E+02  0.0000000E+00
  3.6475000E+02  0.0000000E+00
  3.6559000E+02  0.0000000E+00
  3.6644000E+02  0.0000000E+00
  3.6728000E+02  0.0000000E+00
  3.6813000E+02  0.0000000E+00
  3.6898001E+02  0.0000000E+00
  3.6982999E+02  0.0000000E+00
  3.7067999E+02  0.0000000E+00
  3.7154001E+02  0.0000000E+00
  3.7239001E+02  0.0000000E+00
  3.7325000E+02  0.0000000E+00
  3.7410999E+02  0.0000000E+00
  3.7497000E+02  0.0000000E+00
  3.7584000E+02  0.0000000E+00
  3.7670001E+02  0.0000000E+00
  3.7757001E+02  0.0000000E+00
  3.7844000E+02  0.0000000E+00
  3.7931000E+02  0.0000000E+00
  3.8019000E+02  0.0000000E+00
  3.8107001E+02  0.0000000E+00
  3.8194000E+02  0.0000000E+00
  3.8282001E+02  0.0000000E+00
  3.8370999E+02  0.0000000E+00
  3.8459000E+02  0.0000000E+00
  3.8548001E+02  0.0000000E+00
  3.8637000E+02  0.0000000E+00
  3.8726001E+02  0.0000000E+00
  3.8814999E+02  0.0000000E+00
  3.8904999E+02  0.0000000E+00
  3.8994000E+02  0.0000000E+00
  3.9084000E+02  0.0000000E+00
  3.9173999E+02  0.0000000E+00
  3.9264999E+02  0.0000000E+00
  3.9354999E+02  0.0000000E+00
  3.9445999E+02  0.0000000E+00
  3.9537000E+02  0.0000000E+00
  3.9628000E+02  0.0000000E+00
  3.9719000E+02  0.0000000E+00
  3.9810999E+02  0.0000000E+00
  3.9901999E+02  0.0000000E+00
  3.9994000E+02  0.0000000E+00
  4.0087000E+02  0.0000000E+00
  4.0179001E+02  0.0000000E+00
  4.0272000E+02  0.0000000E+00
  4.0364999E+02  0.0000000E+00
  4.0457999E+02  0.0000000E+00
  4.0551001E+02  0.0000000E+00
  4.0644000E+02  0.0000000E+00
  4.0738000E+02  0.0000000E+00
  4.0832001E+02  0.0000000E+00
  4.0926001E+02  0.0000000E+00
  4.1020001E+02  0.0000000E+00
  4.1114999E+02  0.0000000E+00
  4.1210001E+02  0.0000000E+00
  4.1304999E+02  0.0000000E+00
  4.1400000E+02  0.0000000E+00
  4.1495001E+02  0.0000000E+00
  4.1591000E+02  0.0000000E+00
  4.1687000E+02  0.0000000E+00
  4.1782999E+02  0.0000000E+00
  4.1879001E+02  0.0000000E+00
  4.1976001E+02  0.0000000E+00
  4.2073001E+02  0.0000000E+00
  4.2170001E+02  0.0000000E+00
  4.2267001E+02  0.0000000E+00
  4.2364001E+02  0.0000000E+00
  4.2462000E+02  0.0000000E+00
  4.2560001E+02  0.0000000E+00
  4.2657999E+02  0.0000000E+00
  4.2756000E+02  0.0000000E+00
  4.2854999E+02  0.0000000E+00
  4.2954001E+02  0.0000000E+00
  4.3053000E+02  0.0000000E+00
  4.3151999E+02  0.0000000E+00
  4.3251001E+02  0.0000000E+00
  4.3351001E+02  0.0000000E+00
  4.3451001E+02  0.0000000E+00
  4.3551001E+02  0.0000000E+00
  4.3651999E+02  0.0000000E+00
  4.3751999E+02  0.0000000E+00
  4.3853000E+02  0.0000000E+00
  4.3954001E+02  0.0000000E+00
  4.4054999E+02  0.0000000E+00
  4.4157001E+02  0.0000000E+00
  4.4259000E+02  0.0000000E+00
  4.4360999E+02  0.0000000E+00
  4.4463000E+02  0.0000000E+00
  4.4566000E+02  0.0000000E+00
  4.4667999E+02  0.0000000E+00
  4.4770999E+02  0.0000000E+00
  4.4875000E+02  0.0000000E+00
  4.4978000E+02  0.0000000E+00
  4.5082001E+02  0.0000000E+00
  4.5185999E+02  0.0000000E+00
  4.5289999E+02  0.0000000E+00
  4.5394000E+02  0.0000000E+00
  4.5498999E+02  0.0000000E+00
  4.5604001E+02  0.0000000E+00
  4.5709000E+02  0.0000000E+00
  4.5814001E+02  0.0000000E+00
  4.5920001E+02  0.0000000E+00
  4.6026001E+02  0.0000000E+00
  4.6132001E+02  0.0000000E+00
  4.6238000E+02  0.0000000E+00
  4.6345001E+02  0.0000000E+00
  4.6451999E+02  0.0000000E+00
  4.6559000E+02  0.0000000E+00
  4.6666000E+02  0.0000000E+00
  4.6773999E+02  0.0000000E+00
  4.6881000E+02  0.0000000E+00
  4.6989001E+02  0.0000000E+00
  4.7098001E+02  0.0000000E+00
  4.7206000E+02  0.0000000E+00
  4.7314999E+02  0.0000000E+00
  4.7423999E+02  0.0000000E+00
  4.7534000E+02  0.0000000E+00
  4.7642999E+02  0.0000000E+00
  4.7753000E+02  0.0000000E+00
  4.7863000E+02  0.0000000E+00
  4.7973001E+02  0.0000000E+00
  4.8084000E+02  0.0000000E+00
  4.8195001E+02  0.0000000E+00
  4.8306000E+02  0.0000000E+00
  4.8417001E+02  0.0000000E+00
  4.8529001E+02  0.0000000E+00
  4.8641000E+02  0.0000000E+00
  4.8753000E+02  0.0000000E+00
  4.8864999E+02  0.0000000E+00
  4.8978000E+02  0.0000000E+00
  4.9091000E+02  0.0000000E+00
  4.9204001E+02  0.0000000E+00
  4.9317001E+02  0.0000000E+00
  4.9431000E+02  0.0000000E+00
  4.9545001E+02  0.0000000E+00
  4.9659000E+02  0.0000000E+00
  4.9773999E+02  0.0000000E+00
  4.9888000E+02  0.0000000E+00
  5.0003000E+02  0.0000000E+00
  5.0119000E+02  0.0000000E+00
  5.0234000E+02  0.0000000E+00
  5.0350000E+02  0.0000000E+00
  5.0466000E+02  0.0000000E+00
  5.0582001E+02  0.0000000E+00
  5.0698999E+02  0.0000000E+00
  5.0816000E+02  0.0000000E+00
  5.0932999E+02  0.0000000E+00
  5.1050000E+02  0.0000000E+00
  5.1167999E+02  0.0000000E+00
  5.1285999E+02  0.0000000E+00
  5.1403998E+02  0.0000000E+00
  5.1522998E+02  0.0000000E+00
  5.1641998E+02  0.0000000E+00
  5.1760999E+02  0.0000000E+00
  5.1879999E+02  0.0000000E+00
  5.2000000E+02  0.0000000E+00
  5.2119000E+02  0.0000000E+00
  5.2240002E+02  0.0000000E+00
  5.2359998E+02  0.0000000E+00
  5.2481000E+02  0.0000000E+00
  5.2602002E+02  0.0000000E+00
  5.2722998E+02  0.0000000E+00
  5.2845001E+02  0.0000000E+00
  5.2965997E+02  0.0000000E+00
  5.3088000E+02  0.0000000E+00
  5.3210999E+02  0.0000000E+00
  5.3333002E+02  0.0000000E+00
  5.3456000E+02  0.0000000E+00
  5.3579999E+02  0.0000000E+00
  5.3703003E+02  0.0000000E+00
  5.3827002E+02  0.0000000E+00
  5.3951001E+02  0.0000000E+00
  5.4075000E+02  0.0000000E+00
  5.4200000E+02  0.0000000E+00
  5.4325000E+02  0.0000000E+00
  5.4450000E+02  0.0000000E+00
  5.4576001E+02  0.0000000E+00
  5.4702002E+02  0.0000000E+00
  5.4828003E+02  0.0000000E+00
  5.4953998E+02  0.0000000E+00
  5.5081000E+02  0.0000000E+00
  5.5208002E+02  0.0000000E+00
  5.5334998E+02  0.0000000E+00
  5.5463000E+02  0.0000000E+00
  5.5590002E+02  0.0000000E+00
  5.5719000E+02  0.0000000E+00
  5.5846997E+02  0.0000000E+00
  5.5976001E+02  0.0000000E+00
  5.6104999E+02  0.0000000E+00
  5.6234003E+02  0.0000000E+00
  5.6364001E+02  0.0000000E+00
  5.6494000E+02  0.0000000E+00
  5.6623999E+02  0.0000000E+00
  5.6753998E+02  0.0000000E+00
  5.6884998E+02  0.0000000E+00
  5.7015997E+02  0.0000000E+00
  5.7147998E+02  0.0000000E+00
  5.7279999E+02  0.0000000E+00
  5.7412000E+02  0.0000000E+00
  5.7544000E+02  0.0000000E+00
  5.7677002E+02  0.0000000E+00
  5.7809998E+02  0.0000000E+00
  5.7942999E+02  0.0000000E+00
  5.8076001E+02  0.0000000E+00
  5.8209998E+02  0.0000000E+00
  5.8345001E+02  0.0000000E+00
  5.8478998E+02  0.0000000E+00
  5.8614001E+02  0.0000000E+00
  5.8748999E+02  0.0000000E+00
  5.8884003E+02  0.0000000E+00
  5.9020001E+02  0.0000000E+00
  5.9156000E+02  0.0000000E+00
  5.9292999E+02  0.0000000E+00
  5.9428998E+02  0.0000000E+00
  5.9565997E+02  0.0000000E+00
  5.9703998E+02  0.0000000E+00
  5.9840997E+02  0.0000000E+00
  5.9978998E+02  0.0000000E+00
  6.0116998E+02  0.0000000E+00
  6.0256000E+02  0.0000000E+00
  6.0395001E+02  0.0000000E+00
  6.0534003E+02  0.0000000E+00
  6.0673999E+02  0.0000000E+00
  6.0813000E+02  0.0000000E+00
  6.0953998E+02  0.0000000E+00
  6.1094000E+02  0.0000000E+00
  6.1234998E+02  0.0000000E+00
  6.1376001E+02  0.0000000E+00
  6.1517999E+02  0.0000000E+00
  6.1659003E+02  0.0000000E+00
  6.1802002E+02  0.0000000E+00
  6.1944000E+02  0.0000000E+00
  6.2087000E+02  0.0000000E+00
  6.2229999E+02  0.0000000E+00
  6.2372998E+02  0.0000000E+00
  6.2516998E+02  0.0000000E+00
  6.2660999E+02  0.0000000E+00
  6.2806000E+02  0.0000000E+00
  6.2951001E+02  0.0000000E+00
  6.3096002E+02  0.0000000E+00
  6.3240997E+02  0.0000000E+00
  6.3387000E+02  0.0000000E+00
  6.3533002E+02  0.0000000E+00
  6.3679999E+02  0.0000000E+00
  6.3826001E+02  0.0000000E+00
  6.3972998E+02  0.0000000E+00
  6.4121002E+02  0.0000000E+00
  6.4269000E+02  0.0000000E+00
  6.4416998E+02  0.0000000E+00
  6.4565002E+02  0.0000000E+00
  6.4714001E+02  0.0000000E+00
  6.4863000E+02  0.0000000E+00
  6.5013000E+02  0.0000000E+00
  6.5163000E+02  0.0000000E+00
  6.5313000E+02  0.0000000E+00
  6.5464001E+02  0.0000000E+00
  6.5615002E+02  0.0000000E+00
  6.5765997E+02  0.0000000E+00
  6.5916998E+02  0.0000000E+00
  6.6069000E+02  0.0000000E+00
  6.6221997E+02  0.0000000E+00
  6.6373999E+02  0.0000000E+00
  6.6527002E+02  0.0000000E+00
  6.6681000E+02  0.0000000E+00
  6.6834003E+02  0.0000000E+00
  6.6988000E+02  0.0000000E+00
  6.7142999E+02  0.0000000E+00
  6.7297998E+02  0.0000000E+00
  6.7453003E+02  0.0000000E+00
  6.7608002E+02  0.0000000E+00
  6.7764001E+02  0.0000000E+00
  6.7920001E+02  0.0000000E+00
  6.8077002E+02  0.0000000E+00
  6.8234003E+02  0.0000000E+00
  6.8390997E+02  0.0000000E+00
  6.8548999E+02  0.0000000E+00
  6.8707001E+02  0.0000000E+00
  6.8865002E+02  0.0000000E+00
  6.9023999E+02  0.0000000E+00
  6.9183002E+02  0.0000000E+00
  6.9342999E+02  0.0000000E+00
  6.9502002E+02  0.0000000E+00
  6.9663000E+02  0.0000000E+00
  6.9822998E+02  0.0000000E+00
  6.9984003E+02  0.0000000E+00
  7.0146002E+02  0.0000000E+00
  7.0307001E+02  0.0000000E+00
  7.0469000E+02  0.0000000E+00
  7.0632001E+02  0.0000000E+00
  7.0795001E+02  0.0000000E+00
  7.0958002E+02  0.0000000E+00
  7.1121002E+02  0.0000000E+00
  7.1284998E+02  0.0000000E+00
  7.1450000E+02  0.0000000E+00
  7.1614001E+02  0.0000000E+00
  7.1778998E+02  0.0000000E+00
  7.1945001E+02  0.0000000E+00
  7.2110999E+02  0.0000000E+00
  7.2277002E+02  0.0000000E+00
  7.2444000E+02  0.0000000E+00
  7.2610999E+02  0.0000000E+00
  7.2778003E+02  0.0000000E+00
  7.2946002E+02  0.0000000E+00
  7.3114001E+02  0.0000000E+00
  7.3282001E+02  0.0000000E+00
  7.3451001E+02  0.0000000E+00
  7.3621002E+02  0.0000000E+00
  7.3790002E+02  0.0000000E+00
  7.3960999E+02  0.0000000E+00
  7.4131000E+02  0.0000000E+00
  7.4302002E+02  0.0000000E+00
  7.4472998E+02  0.0000000E+00
  7.4645001E+02  0.0000000E+00
  7.4816998E+02  0.0000000E+00
  7.4989001E+02  0.0000000E+00
  7.5162000E+02  0.0000000E+00
  7.5335999E+02  0.0000000E+00
  7.5509003E+02  0.0000000E+00
  7.5683002E+02  0.0000000E+00
  7.5858002E+02  0.0000000E+00
  7.6033002E+02  0.0000000E+00
  7.6208002E+02  0.0000000E+00
  7.6384003E+02  0.0000000E+00
  7.6559998E+02  0.0000000E+00
  7.6735999E+02  0.0000000E+00
  7.6913000E+02  0.0000000E+00
  7.7090002E+02  0.0000000E+00
  7.7267999E+02  0.0000000E+00
  7.7446002E+02  0.0000000E+00
  7.7625000E+02  0.0000000E+00
  7.7803998E+02  0.0000000E+00
  7.7983002E+02  0.0000000E+00
  7.8163000E+02  0.0000000E+00
  7.8342999E+02  0.0000000E+00
  7.8523999E+02  0.0000000E+00
  7.8704999E+02  0.0000000E+00
  7.8885999E+02  0.0000000E+00
  7.9067999E+02  0.0000000E+00
  7.9250000E+02  0.0000000E+00
  7.9433002E+02  0.0000000E+00
  7.9615997E+02  0.0000000E+00
  7.9798999E+02  0.0000000E+00
  7.9983002E+02  0.0000000E+00
  8.0167999E+02  0.0000000E+00
  8.0353003E+02  0.0000000E+00
  8.0538000E+02  0.0000000E+00
  8.0723999E+02  0.0000000E+00
  8.0909998E+02  0.0000000E+00
  8.1096002E+02  0.0000000E+00
  8.1283002E+02  0.0000000E+00
  8.1470001E+02  0.0000000E+00
  8.1658002E+02  0.0000000E+00
  8.1846002E+02  0.0000000E+00
  8.2034998E+02  0.0000000E+00
  8.2223999E+02  0.0000000E+00
  8.2414001E+02  0.0000000E+00
  8.2603998E+02  0.0000000E+00
  8.2794000E+02  0.0000000E+00
  8.2984998E+02  0.0000000E+00
  8.3176001E+02  0.0000000E+00
  8.3367999E+02  0.0000000E+00
  8.3559998E+02  0.0000000E+00
  8.3753003E+02  0.0000000E+00
  8.3946002E+02  0.0000000E+00
  8.4140002E+02  0.0000000E+00
  8.4333002E+02  0.0000000E+00
  8.4528003E+02  0.0000000E+00
  8.4722998E+02  0.0000000E+00
  8.4917999E+02  0.0000000E+00
  8.5114001E+02  0.0000000E+00
  8.5309998E+02  0.0000000E+00
  8.5507001E+02  0.0000000E+00
  8.5703998E+02  0.0000000E+00
  8.5901001E+02  0.0000000E+00
  8.6098999E+02  0.0000000E+00
  8.6297998E+02  0.0000000E+00
  8.6496997E+02  0.0000000E+00
  8.6696002E+02  0.0000000E+00
  8.6896002E+02  0.0000000E+00
  8.7096002E+02  0.0000000E+00
  8.7296997E+02  0.0000000E+00
  8.7497998E+02  0.0000000E+00
  8.7700000E+02  0.0000000E+00
  8.7902002E+02  0.0000000E+00
  8.8104999E+02  0.0000000E+00
  8.8308002E+02  0.0000000E+00
  8.8512000E+02  0.0000000E+00
  8.8715997E+02  0.0000000E+00
  8.8920001E+02  0.0000000E+00
  8.9125000E+02  0.0000000E+00
  8.9331000E+02  0.0000000E+00
  8.9535999E+02  0.0000000E+00
  8.9742999E+02  0.0000000E+00
  8.9950000E+02  0.0000000E+00
  9.0157001E+02  0.0000000E+00
  9.0365002E+02  0.0000000E+00
  9.0572998E+02  0.0000000E+00
  9.0782001E+02  0.0000000E+00
  9.0990997E+02  0.0000000E+00
  9.1201001E+02  2.7381882E-04
  9.1410999E+02  5.5749790E-04
  9.1621997E+02  8.3922321E-04
  9.1833002E+02  1.1190594E-03
  9.2045001E+02  1.3968966E-03
  9.2257001E+02  1.6728063E-03
  9.2470001E+02  1.9468688E-03
  9.2683002E+02  2.2189501E-03
  9.2896997E+02  2.4891396E-03
  9.3110999E+02  1.5967650E-02
  9.3325000E+02  1.5967650E-02
  9.3540997E+02  1.5967650E-02
  9.3756000E+02  1.5967650E-02
  9.3971997E+02  1.5190855E-02
  9.4189001E+02  1.5190855E-02
  9.4406000E+02  1.5190855E-02
  9.4623999E+02  1.5190855E-02
  9.4841998E+02  1.5190855E-02
  9.5059998E+02  1.5190855E-02
  9.5279999E+02  1.4624135E-02
  9.5498999E+02  1.1924589E-02
  9.5719000E+02  1.1924589E-02
  9.5940002E+02  1.1924589E-02
  9.6160999E+02  1.1924589E-02
  9.6383002E+02  1.0256618E-02
  9.6604999E+02  1.0256618E-02
  9.6828003E+02  1.1628367E-02
  9.7051001E+02  1.0256618E-02
  9.7275000E+02  1.0256618E-02
  9.7498999E+02  1.0256618E-02
  9.7723999E+02  1.0256618E-02
  9.7948999E+02  1.0256618E-02
  9.8175000E+02  1.0243977E-02
  9.8401001E+02  1.0243977E-02
  9.8628003E+02  1.0243977E-02
  9.8854999E+02  1.0256618E-02
  9.9083002E+02  1.0243977E-02
  9.9312000E+02  1.0256618E-02
  9.9540997E+02  1.0256618E-02
  9.9770001E+02  1.0523910E-02
  1.0000000E+03  1.0523910E-02
  1.0023100E+03  1.0256618E-02
  1.0046200E+03  1.0256618E-02
  1.0069300E+03  1.0243977E-02
  1.0092500E+03  1.0243977E-02
  1.0115800E+03  1.0243977E-02
  1.0139100E+03  1.0243977E-02
  1.0162500E+03  1.0243977E-02
  1.0185900E+03  1.0243977E-02
  1.0209400E+03  1.0243977E-02
  1.0232900E+03  1.0243977E-02
  1.0256500E+03  1.0243977E-02
  1.0280200E+03  1.0243977E-02
  1.0303900E+03  1.0243977E-02
  1.0327600E+03  1.0243977E-02
  1.0351400E+03  1.0243977E-02
  1.0375300E+03  1.0243977E-02
  1.0399200E+03  1.0256618E-02
  1.0423199E+03  1.0243977E-02
  1.0447200E+03  1.0243977E-02
  1.0471300E+03  1.0243977E-02
  1.0495400E+03  1.0256618E-02
  1.0519600E+03  1.0256618E-02
  1.0543900E+03  1.1268149E-02
  1.0568199E+03  1.1268149E-02
  1.0592500E+03  1.1268149E-02
  1.0617000E+03  1.1268149E-02
  1.0641400E+03  1.1628367E-02
  1.0666000E+03  1.1268149E-02
  1.0690500E+03  1.1268149E-02
  1.0715200E+03  1.2004723E-02
  1.0739900E+03  1.2004723E-02
  1.0764700E+03  1.2004723E-02
  1.0789500E+03  1.2099970E-02
  1.0814301E+03  1.2099970E-02
  1.0839301E+03  1.2197496E-02
  1.0864301E+03  1.2197496E-02
  1.0889301E+03  1.2099970E-02
  1.0914399E+03  1.2099970E-02
  1.0939600E+03  1.2197496E-02
  1.0964800E+03  1.2197496E-02
  1.0990100E+03  1.2099970E-02
  1.1015400E+03  1.2004723E-02
  1.1040800E+03  1.2099970E-02
  1.1066200E+03  1.2099970E-02
  1.1091801E+03  1.2099970E-02
  1.1117300E+03  1.2099970E-02
  1.1142900E+03  1.2004723E-02
  1.1168600E+03  1.2099970E-02
  1.1194399E+03  1.2099970E-02
  1.1220200E+03  1.2099970E-02
  1.1246000E+03  1.2099970E-02
  1.1272000E+03  1.3115886E-02
  1.1298000E+03  1.3115886E-02
  1.1324000E+03  1.5637927E-02
  1.1350100E+03  1.5637927E-02
  1.1376300E+03  1.5637927E-02
  1.1402500E+03  1.7638732E-02
  1.1428800E+03  2.0632720E-02
  1.1455100E+03  2.0632720E-02
  1.1481500E+03  2.0632720E-02
  1.1508000E+03  2.0511635E-02
  1.1534500E+03  2.0511635E-02
  1.1561100E+03  2.0632720E-02
  1.1587800E+03  2.1665392E-02
  1.1614500E+03  2.0632720E-02
  1.1641300E+03  2.0632720E-02
  1.1668101E+03  2.0632720E-02
  1.1695000E+03  2.1665392E-02
  1.1722000E+03  2.1665392E-02
  1.1749000E+03  2.7406493E-02
  1.1776100E+03  2.7406493E-02
  1.1803199E+03  2.3294585E-02
  1.1830400E+03  2.3294585E-02
  1.1857700E+03  2.3294585E-02
  1.1885000E+03  2.3294585E-02
  1.1912400E+03  2.1665392E-02
  1.1939900E+03  2.3294585E-02
  1.1967400E+03  2.1665392E-02
  1.1995000E+03  2.1665392E-02
  1.2022600E+03  2.3294585E-02
  1.2050400E+03  2.3294585E-02
  1.2078101E+03  2.3294585E-02
  1.2106000E+03  2.3294585E-02
  1.2133900E+03  2.5555143E-02
  1.2161899E+03  2.5555143E-02
  1.2189900E+03  2.3294585E-02
  1.2218000E+03  2.3294585E-02
  1.2246200E+03  2.3294585E-02
  1.2274399E+03  2.5555143E-02
  1.2302700E+03  2.5555143E-02
  1.2331000E+03  2.3294585E-02
  1.2359500E+03  2.3294585E-02
  1.2388000E+03  2.3294585E-02
  1.2416500E+03  2.3294585E-02
  1.2445100E+03  2.3294585E-02
  1.2473800E+03  2.3294585E-02
  1.2502600E+03  2.5555143E-02
  1.2531400E+03  2.5555143E-02
  1.2560300E+03  2.5555143E-02
  1.2589301E+03  2.5555143E-02
  1.2618300E+03  2.5555143E-02
  1.2647400E+03  2.5555143E-02
  1.2676500E+03  2.5555143E-02
  1.2705699E+03  2.6833463E-02
  1.2735000E+03  2.6833463E-02
  1.2764399E+03  2.6833463E-02
  1.2793800E+03  2.8236596E-02
  1.2823300E+03  2.8236596E-02
  1.2852900E+03  2.8236596E-02
  1.2882500E+03  2.8236883E-02
  1.2912200E+03  2.8236883E-02
  1.2942000E+03  2.8236596E-02
  1.2971801E+03  2.8236883E-02
  1.3001700E+03  2.8236883E-02
  1.3031700E+03  2.8236596E-02
  1.3061700E+03  2.6833463E-02
  1.3091801E+03  2.6833463E-02
  1.3122000E+03  2.6833463E-02
  1.3152200E+03  1.9554991E-02
  1.3182600E+03  1.9554991E-02
  1.3213000E+03  1.8334182E-02
  1.3243400E+03  1.8080035E-02
  1.3273900E+03  1.8080035E-02
  1.3304500E+03  1.7118203E-02
  1.3335200E+03  1.5980488E-02
  1.3366000E+03  1.5912253E-02
  1.3396801E+03  1.5912253E-02
  1.3427700E+03  1.5980488E-02
  1.3458600E+03  1.5980488E-02
  1.3489600E+03  1.5912253E-02
  1.3520699E+03  1.5912253E-02
  1.3551899E+03  1.5912253E-02
  1.3583101E+03  1.5488989E-02
  1.3614399E+03  1.4483031E-02
  1.3645800E+03  1.5488989E-02
  1.3677300E+03  1.3243204E-02
  1.3708800E+03  1.2482753E-02
  1.3740400E+03  1.1873272E-02
  1.3772100E+03  1.1808291E-02
  1.3803800E+03  1.1808291E-02
  1.3835699E+03  1.1642529E-02
  1.3867600E+03  1.1642529E-02
  1.3899500E+03  1.1642529E-02
  1.3931600E+03  1.1642529E-02
  1.3963700E+03  1.1642529E-02
  1.3995900E+03  1.1642529E-02
  1.4028101E+03  1.0789168E-02
  1.4060500E+03  1.1808291E-02
  1.4092900E+03  1.1642529E-02
  1.4125400E+03  1.1642529E-02
  1.4157900E+03  1.0789168E-02
  1.4190601E+03  1.1642529E-02
  1.4223300E+03  1.1808291E-02
  1.4256100E+03  1.1808291E-02
  1.4288900E+03  1.0778876E-02
  1.4321899E+03  1.0789168E-02
  1.4354900E+03  1.0778876E-02
  1.4388000E+03  1.0789168E-02
  1.4421200E+03  1.0456554E-02
  1.4454399E+03  1.0456554E-02
  1.4487700E+03  1.0268162E-02
  1.4521100E+03  1.0268162E-02
  1.4554600E+03  1.0001650E-02
  1.4588101E+03  1.0001650E-02
  1.4621801E+03  1.0001650E-02
  1.4655500E+03  9.8915538E-03
  1.4689301E+03  9.6703973E-03
  1.4723101E+03  9.6375272E-03
  1.4757100E+03  9.4496859E-03
  1.4791100E+03  9.3868757E-03
  1.4825200E+03  9.1465684E-03
  1.4859399E+03  8.5990103E-03
  1.4893600E+03  8.5990103E-03
  1.4927900E+03  8.5990103E-03
  1.4962400E+03  8.5770823E-03
  1.4996801E+03  8.5770823E-03
  1.5031400E+03  8.5770823E-03
  1.5066100E+03  8.4991204E-03
  1.5100800E+03  8.4991204E-03
  1.5135601E+03  8.4991204E-03
  1.5170500E+03  8.4560430E-03
  1.5205500E+03  8.4560430E-03
  1.5240500E+03  8.3654430E-03
  1.5275699E+03  8.3654430E-03
  1.5310900E+03  8.3654430E-03
  1.5346200E+03  8.2807392E-03
  1.5381500E+03  8.2807392E-03
  1.5417000E+03  8.1288777E-03
  1.5452500E+03  8.1288777E-03
  1.5488199E+03  8.0920029E-03
  1.5523900E+03  8.0261789E-03
  1.5559700E+03  7.9466077E-03
  1.5595500E+03  7.9466077E-03
  1.5631500E+03  7.8796297E-03
  1.5667500E+03  7.8796297E-03
  1.5703600E+03  7.9466077E-03
  1.5739800E+03  7.9466077E-03
  1.5776100E+03  7.9466077E-03
  1.5812500E+03  7.8705642E-03
  1.5848900E+03  8.0986870E-03
  1.5885500E+03  7.8992415E-03
  1.5922100E+03  7.8796297E-03
  1.5958800E+03  7.8796297E-03
  1.5995601E+03  7.8438902E-03
  1.6032500E+03  7.8438902E-03
  1.6069399E+03  7.8438902E-03
  1.6106500E+03  7.4711768E-03
  1.6143600E+03  7.6040151E-03
  1.6180800E+03  7.8438902E-03
  1.6218101E+03  7.6040151E-03
  1.6255500E+03  7.4711768E-03
  1.6293000E+03  7.4587511E-03
  1.6330500E+03  7.4711768E-03
  1.6368199E+03  7.4711768E-03
  1.6405900E+03  7.4587511E-03
  1.6443700E+03  7.4587511E-03
  1.6481600E+03  7.4587511E-03
  1.6519600E+03  7.4587511E-03
  1.6557700E+03  7.6339459E-03
  1.6595900E+03  7.6339459E-03
  1.6634100E+03  7.6339459E-03
  1.6672500E+03  7.3250118E-03
  1.6710900E+03  7.3250118E-03
  1.6749399E+03  7.3250118E-03
  1.6788000E+03  7.3163030E-03
  1.6826700E+03  7.3163030E-03
  1.6865500E+03  7.3163030E-03
  1.6904399E+03  7.3163030E-03
  1.6943400E+03  7.6339459E-03
  1.6982400E+03  7.6339459E-03
  1.7021600E+03  7.3163030E-03
  1.7060800E+03  7.3163030E-03
  1.7100200E+03  7.6339459E-03
  1.7139600E+03  7.6339459E-03
  1.7179100E+03  7.6339459E-03
  1.7218700E+03  7.6339459E-03
  1.7258400E+03  7.6339459E-03
  1.7298199E+03  7.6339459E-03
  1.7338000E+03  7.6115537E-03
  1.7378000E+03  7.5901141E-03
  1.7418101E+03  7.5032287E-03
  1.7458199E+03  7.4617574E-03
  1.7498500E+03  7.5945989E-03
  1.7538800E+03  7.7264286E-03
  1.7579200E+03  7.5880769E-03
  1.7619800E+03  7.3476662E-03
  1.7660400E+03  7.1727540E-03
  1.7701100E+03  7.1846400E-03
  1.7741899E+03  7.1963719E-03
  1.7782800E+03  7.2175590E-03
  1.7823800E+03  7.2408905E-03
  1.7864900E+03  7.3043355E-03
  1.7906100E+03  7.4382774E-03
  1.7947300E+03  6.2792026E-03
  1.7988700E+03  6.2792026E-03
  1.8030200E+03  6.2792026E-03
  1.8071700E+03  6.2792026E-03
  1.8113400E+03  6.2792026E-03
  1.8155200E+03  6.2792026E-03
  1.8197000E+03  6.2792026E-03
  1.8239000E+03  6.2792026E-03
  1.8281000E+03  6.2792026E-03
  1.8323101E+03  6.2792026E-03
  1.8365400E+03  6.2792026E-03
  1.8407700E+03  6.2792026E-03
  1.8450200E+03  6.2112161E-03
  1.8492700E+03  6.2112161E-03
  1.8535300E+03  6.2209759E-03
  1.8578000E+03  6.2209759E-03
  1.8620900E+03  6.2209759E-03
  1.8663800E+03  6.2209759E-03
  1.8706801E+03  6.2112161E-03
  1.8749900E+03  6.0595507E-03
  1.8793199E+03  6.0595507E-03
  1.8836500E+03  5.9188721E-03
  1.8879900E+03  5.9188721E-03
  1.8923400E+03  5.8998554E-03
  1.8967100E+03  5.8998554E-03
  1.9010800E+03  5.8998554E-03
  1.9054600E+03  5.8998554E-03
  1.9098500E+03  5.8260723E-03
  1.9142600E+03  5.8998554E-03
  1.9186700E+03  5.8998554E-03
  1.9230900E+03  5.8269515E-03
  1.9275200E+03  5.8269515E-03
  1.9319700E+03  5.8269515E-03
  1.9364200E+03  5.8269515E-03
  1.9408900E+03  5.8998554E-03
  1.9453600E+03  5.8998554E-03
  1.9498400E+03  5.8998554E-03
  1.9543400E+03  5.8998554E-03
  1.9588400E+03  5.8269515E-03
  1.9633600E+03  5.8269515E-03
  1.9678900E+03  5.8260723E-03
  1.9724200E+03  5.7584727E-03
  1.9769700E+03  5.7584727E-03
  1.9815300E+03  5.5680787E-03
  1.9860900E+03  5.4658148E-03
  1.9906700E+03  5.3853514E-03
  1.9952600E+03  5.3853514E-03
  1.9998600E+03  5.3853514E-03
  2.0044700E+03  5.3818342E-03
  2.0090900E+03  5.3853514E-03
  2.0137200E+03  5.3853514E-03
  2.0183700E+03  5.3853514E-03
  2.0230200E+03  5.3028576E-03
  2.0276801E+03  5.3028576E-03
  2.0323600E+03  5.3028576E-03
  2.0370400E+03  5.2290112E-03
  2.0417400E+03  5.2020452E-03
  2.0464399E+03  5.1744431E-03
  2.0511599E+03  5.1532951E-03
  2.0558899E+03  5.1052566E-03
  2.0606299E+03  5.1052566E-03
  2.0653799E+03  5.1052566E-03
  2.0701399E+03  5.0977734E-03
  2.0749099E+03  5.0977734E-03
  2.0797000E+03  4.9825846E-03
  2.0844900E+03  4.8810183E-03
  2.0893000E+03  4.8431507E-03
  2.0941101E+03  4.8431507E-03
  2.0989399E+03  4.8431507E-03
  2.1037800E+03  4.8431507E-03
  2.1086299E+03  4.8431507E-03
  2.1134900E+03  4.6858052E-03
  2.1183601E+03  4.7353217E-03
  2.1232400E+03  4.6858052E-03
  2.1281399E+03  4.6858052E-03
  2.1330400E+03  4.6858052E-03
  2.1379600E+03  4.6426803E-03
  2.1428899E+03  4.4587497E-03
  2.1478301E+03  4.4587497E-03
  2.1527800E+03  4.6426803E-03
  2.1577400E+03  4.6426803E-03
  2.1627200E+03  4.6426803E-03
  2.1677000E+03  4.5717987E-03
  2.1727000E+03  4.5717987E-03
  2.1777100E+03  4.4259243E-03
  2.1827300E+03  4.4973851E-03
  2.1877600E+03  4.4973851E-03
  2.1928000E+03  4.4221887E-03
  2.1978601E+03  4.3323045E-03
  2.2029299E+03  4.2715236E-03
  2.2080000E+03  4.1130874E-03
  2.2130901E+03  3.9797183E-03
  2.2182000E+03  4.1130874E-03
  2.2233101E+03  4.0300856E-03
  2.2284399E+03  4.0300856E-03
  2.2335701E+03  4.1130874E-03
  2.2387200E+03  4.0300856E-03
  2.2438799E+03  4.0300856E-03
  2.2490500E+03  4.0785437E-03
  2.2542400E+03  4.0300856E-03
  2.2594399E+03  4.0010903E-03
  2.2646399E+03  3.9797183E-03
  2.2698601E+03  4.0300856E-03
  2.2751001E+03  4.0580742E-03
  2.2803401E+03  4.0737684E-03
  2.2856001E+03  4.0688175E-03
  2.2908701E+03  4.0688175E-03
  2.2961499E+03  4.0737684E-03
  2.3014399E+03  4.0688175E-03
  2.3067500E+03  4.0688175E-03
  2.3120601E+03  4.0688175E-03
  2.3173899E+03  4.0339478E-03
  2.3227400E+03  4.0307646E-03
  2.3280901E+03  4.0339478E-03
  2.3334600E+03  3.9642798E-03
  2.3388401E+03  3.9962013E-03
  2.3442300E+03  4.0010903E-03
  2.3496299E+03  4.0010903E-03
  2.3550500E+03  3.9642798E-03
  2.3604800E+03  3.9642798E-03
  2.3659199E+03  3.9512133E-03
  2.3713701E+03  3.9413865E-03
  2.3768401E+03  3.9366335E-03
  2.3823201E+03  3.9216075E-03
  2.3878101E+03  3.8722539E-03
  2.3933201E+03  3.8722539E-03
  2.3988301E+03  3.7821438E-03
  2.4043601E+03  3.7821438E-03
  2.4099099E+03  3.7739554E-03
  2.4154600E+03  3.7821438E-03
  2.4210300E+03  3.7618505E-03
  2.4266101E+03  3.7739554E-03
  2.4322000E+03  3.7618505E-03
  2.4378101E+03  3.7508265E-03
  2.4434299E+03  3.7306806E-03
  2.4490601E+03  3.7307462E-03
  2.4547100E+03  3.7096206E-03
  2.4603701E+03  3.7092073E-03
  2.4660400E+03  3.7096206E-03
  2.4717200E+03  3.7096206E-03
  2.4774199E+03  3.7096206E-03
  2.4831299E+03  3.7096206E-03
  2.4888601E+03  3.6760066E-03
  2.4945901E+03  3.6570937E-03
  2.5003501E+03  3.6570937E-03
  2.5061101E+03  3.6286460E-03
  2.5118899E+03  3.6349662E-03
  2.5176799E+03  3.6349662E-03
  2.5234800E+03  3.6263918E-03
  2.5293000E+03  3.6286460E-03
  2.5351299E+03  3.6215652E-03
  2.5409700E+03  3.6215652E-03
  2.5468301E+03  3.6215652E-03
  2.5527000E+03  3.6128596E-03
  2.5585901E+03  3.6128596E-03
  2.5644800E+03  3.6128596E-03
  2.5703899E+03  3.6043015E-03
  2.5763201E+03  3.6009077E-03
  2.5822600E+03  3.5848601E-03
  2.5882100E+03  3.5715026E-03
  2.5941799E+03  3.5715026E-03
  2.6001599E+03  3.5870965E-03
  2.6061499E+03  3.6064431E-03
  2.6121599E+03  3.5715026E-03
  2.6181799E+03  3.5732205E-03
  2.6242200E+03  3.5634728E-03
  2.6302700E+03  3.5408677E-03
  2.6363301E+03  3.5446973E-03
  2.6424099E+03  3.5522771E-03
  2.6485000E+03  3.5446973E-03
  2.6546101E+03  3.5408677E-03
  2.6607200E+03  3.5446973E-03
  2.6668601E+03  3.5446973E-03
  2.6730100E+03  3.5446973E-03
  2.6791699E+03  3.5634728E-03
  2.6853401E+03  3.5634728E-03
  2.6915300E+03  3.5522771E-03
  2.6977400E+03  3.5408677E-03
  2.7039600E+03  3.5273719E-03
  2.7101899E+03  3.5273719E-03
  2.7164399E+03  3.5420731E-03
  2.7227000E+03  3.5408677E-03
  2.7289800E+03  3.5952150E-03
  2.7352700E+03  3.5993166E-03
  2.7415701E+03  3.5993166E-03
  2.7478899E+03  3.6583568E-03
  2.7542300E+03  3.6411895E-03
  2.7605801E+03  3.6411895E-03
  2.7669399E+03  3.5993166E-03
  2.7733201E+03  3.5993166E-03
  2.7797100E+03  3.6411895E-03
  2.7861201E+03  3.6411895E-03
  2.7925400E+03  3.6583568E-03
  2.7989800E+03  3.6866369E-03
  2.8054299E+03  3.7048643E-03
  2.8118999E+03  3.6673995E-03
  2.8183799E+03  3.6673995E-03
  2.8248799E+03  3.6734527E-03
  2.8313899E+03  3.6734527E-03
  2.8379199E+03  3.6734527E-03
  2.8444600E+03  3.6734527E-03
  2.8510200E+03  3.6734527E-03
  2.8575901E+03  3.6734527E-03
  2.8641799E+03  3.6455279E-03
  2.8707800E+03  3.6455279E-03
  2.8773999E+03  3.6455279E-03
  2.8840300E+03  3.6455279E-03
  2.8906799E+03  3.6372619E-03
  2.8973401E+03  3.6372619E-03
  2.9040200E+03  3.6360980E-03
  2.9107200E+03  3.6360980E-03
  2.9174299E+03  3.6297357E-03
  2.9241499E+03  3.6297357E-03
  2.9308899E+03  3.6265869E-03
  2.9376499E+03  3.6297357E-03
  2.9444199E+03  3.6360980E-03
  2.9512100E+03  3.6283610E-03
  2.9580100E+03  3.6265869E-03
  2.9648301E+03  3.6265869E-03
  2.9716699E+03  3.6250879E-03
  2.9785200E+03  3.6250879E-03
  2.9853799E+03  3.6234346E-03
  2.9922600E+03  3.6234346E-03
  2.9991599E+03  3.6234346E-03
  3.0060801E+03  3.6151491E-03
  3.0130100E+03  3.6100105E-03
  3.0199500E+03  3.6100105E-03
  3.0269099E+03  3.6006626E-03
  3.0338899E+03  3.5624790E-03
  3.0408899E+03  3.5624790E-03
  3.0478899E+03  3.5429599E-03
  3.0549199E+03  3.5291405E-03
  3.0619600E+03  3.4996143E-03
  3.0690200E+03  3.5291405E-03
  3.0761001E+03  3.5291405E-03
  3.0831899E+03  3.5455087E-03
  3.0903000E+03  3.5432770E-03
  3.0974199E+03  3.5432770E-03
  3.1045601E+03  3.5432770E-03
  3.1117200E+03  3.5361822E-03
  3.1188899E+03  3.5260709E-03
  3.1260801E+03  3.5260709E-03
  3.1332800E+03  3.5361822E-03
  3.1405100E+03  3.5232478E-03
  3.1477500E+03  3.5361822E-03
  3.1550000E+03  3.5432770E-03
  3.1622800E+03  3.5651869E-03
  3.1695701E+03  3.5432770E-03
  3.1768701E+03  3.5569370E-03
  3.1842000E+03  3.5432770E-03
  3.1915400E+03  3.5569370E-03
  3.1988899E+03  3.5569370E-03
  3.2062700E+03  3.5368849E-03
  3.2136599E+03  3.5368849E-03
  3.2210701E+03  3.5505439E-03
  3.2284900E+03  3.5368849E-03
  3.2359399E+03  3.5495907E-03
  3.2433999E+03  3.5569370E-03
  3.2508701E+03  3.5351224E-03
  3.2583701E+03  3.5188464E-03
  3.2658799E+03  3.5078679E-03
  3.2734099E+03  3.5098635E-03
  3.2809500E+03  3.5098635E-03
  3.2885200E+03  3.5188464E-03
  3.2961001E+03  3.5169306E-03
  3.3036899E+03  3.5495907E-03
  3.3113101E+03  3.5588413E-03
  3.3189399E+03  3.5588413E-03
  3.3265901E+03  3.5597323E-03
  3.3342600E+03  3.6229035E-03
  3.3419500E+03  3.6229035E-03
  3.3496499E+03  3.6247238E-03
  3.3573799E+03  3.6596626E-03
  3.3651201E+03  3.6745963E-03
  3.3728701E+03  3.6926710E-03
  3.3806499E+03  3.6926710E-03
  3.3884399E+03  3.7388839E-03
  3.3962500E+03  3.7570891E-03
  3.4040801E+03  3.8020122E-03
  3.4119299E+03  3.8285034E-03
  3.4197900E+03  3.8285034E-03
  3.4276799E+03  3.8050336E-03
  3.4355801E+03  3.8328627E-03
  3.4435000E+03  3.8328627E-03
  3.4514399E+03  3.8328627E-03
  3.4593899E+03  3.8328627E-03
  3.4673701E+03  3.8328627E-03
  3.4753601E+03  3.8285034E-03
  3.4833701E+03  3.8466465E-03
  3.4913999E+03  3.8522044E-03
  3.4994500E+03  3.8466465E-03
  3.5075200E+03  3.9878539E-03
  3.5156001E+03  4.0077423E-03
  3.5237100E+03  4.0577692E-03
  3.5318301E+03  4.0577692E-03
  3.5399700E+03  4.1377028E-03
  3.5481299E+03  4.1377028E-03
  3.5563101E+03  4.1377028E-03
  3.5645100E+03  4.1377028E-03
  3.5727300E+03  4.0941346E-03
  3.5809600E+03  4.1377028E-03
  3.5892200E+03  4.1388408E-03
  3.5974900E+03  4.1388408E-03
  3.6057900E+03  4.1389344E-03
  3.6141001E+03  4.1388408E-03
  3.6224299E+03  4.1388408E-03
  3.6307800E+03  4.1801031E-03
  3.6391499E+03  4.2182268E-03
  3.6475400E+03  4.2566005E-03
  3.6559500E+03  4.3647690E-03
  3.6643701E+03  4.3666717E-03
  3.6728201E+03  4.3690386E-03
  3.6812900E+03  4.4105002E-03
  3.6897800E+03  4.4361507E-03
  3.6982800E+03  4.4450755E-03
  3.7068101E+03  4.4450755E-03
  3.7153501E+03  4.5191543E-03
  3.7239199E+03  4.5290021E-03
  3.7325000E+03  4.5191543E-03
  3.7411101E+03  4.5378697E-03
  3.7497300E+03  4.5378697E-03
  3.7583701E+03  4.5387889E-03
  3.7670400E+03  4.5387889E-03
  3.7757200E+03  4.5981449E-03
  3.7844199E+03  4.6272352E-03
  3.7931499E+03  4.6529733E-03
  3.8018899E+03  4.6751290E-03
  3.8106599E+03  4.6968437E-03
  3.8194399E+03  4.7130515E-03
  3.8282500E+03  4.7671432E-03
  3.8370701E+03  4.7671432E-03
  3.8459199E+03  4.7292737E-03
  3.8547800E+03  4.7325096E-03
  3.8636699E+03  4.7863857E-03
  3.8725701E+03  4.7807605E-03
  3.8815000E+03  4.7863857E-03
  3.8904500E+03  4.7945934E-03
  3.8994199E+03  4.8310896E-03
  3.9084099E+03  4.8359190E-03
  3.9174199E+03  4.8421668E-03
  3.9264500E+03  4.9578887E-03
  3.9355000E+03  4.9578887E-03
  3.9445701E+03  4.9701873E-03
  3.9536699E+03  4.9701873E-03
  3.9627800E+03  4.9890825E-03
  3.9719199E+03  4.9851784E-03
  3.9810701E+03  4.9851784E-03
  3.9902500E+03  4.9578887E-03
  3.9994500E+03  4.8589404E-03
  4.0086699E+03  4.9578887E-03
  4.0179099E+03  4.9595167E-03
  4.0271699E+03  4.9917810E-03
  4.0364500E+03  5.0493991E-03
  4.0457600E+03  5.1060049E-03
  4.0550901E+03  5.1141097E-03
  4.0644299E+03  5.1433803E-03
  4.0738000E+03  5.1509533E-03
  4.0831899E+03  5.1981201E-03
  4.0926101E+03  5.2148178E-03
  4.1020400E+03  5.2309865E-03
  4.1115000E+03  5.2559348E-03
  4.1209800E+03  5.2610300E-03
  4.1304702E+03  5.3145732E-03
  4.1400000E+03  5.3145732E-03
  4.1495400E+03  5.3141182E-03
  4.1591099E+03  5.3305184E-03
  4.1686899E+03  5.3145732E-03
  4.1782998E+03  5.3145732E-03
  4.1879399E+03  5.3321370E-03
  4.1975898E+03  5.3321370E-03
  4.2072598E+03  5.3305184E-03
  4.2169600E+03  5.3138789E-03
  4.2266899E+03  5.3138789E-03
  4.2364302E+03  5.3371242E-03
  4.2462002E+03  5.3600301E-03
  4.2559800E+03  5.3492067E-03
  4.2657900E+03  5.3600301E-03
  4.2756299E+03  5.3600301E-03
  4.2854800E+03  5.3600301E-03
  4.2953599E+03  5.3078174E-03
  4.3052598E+03  5.4110060E-03
  4.3151899E+03  5.4134098E-03
  4.3251401E+03  5.4134098E-03
  4.3351099E+03  5.4212166E-03
  4.3451001E+03  5.4594455E-03
  4.3551201E+03  5.4594455E-03
  4.3651602E+03  5.4760505E-03
  4.3752202E+03  5.5087265E-03
  4.3853101E+03  5.5087265E-03
  4.3954199E+03  5.5087265E-03
  4.4055498E+03  5.5087265E-03
  4.4157002E+03  5.5174609E-03
  4.4258799E+03  5.5174609E-03
  4.4360801E+03  5.4353657E-03
  4.4463101E+03  5.4055136E-03
  4.4565601E+03  5.4353657E-03
  4.4668301E+03  5.4353657E-03
  4.4771299E+03  5.4353657E-03
  4.4874502E+03  5.4418449E-03
  4.4977998E+03  5.4891221E-03
  4.5081699E+03  5.5150352E-03
  4.5185601E+03  5.4978230E-03
  4.5289702E+03  5.4978230E-03
  4.5394102E+03  5.5360324E-03
  4.5498799E+03  5.5360324E-03
  4.5603701E+03  5.5616694E-03
  4.5708799E+03  5.5401796E-03
  4.5814199E+03  5.5401796E-03
  4.5919800E+03  5.5362573E-03
  4.6025601E+03  5.5221277E-03
  4.6131802E+03  5.5221277E-03
  4.6238101E+03  5.5362573E-03
  4.6344702E+03  5.5221277E-03
  4.6451499E+03  5.4873475E-03
  4.6558599E+03  5.4873475E-03
  4.6665898E+03  5.4796953E-03
  4.6773501E+03  5.4795872E-03
  4.6881299E+03  5.4637748E-03
  4.6989399E+03  5.4617538E-03
  4.7097700E+03  5.4795872E-03
  4.7206299E+03  5.4795872E-03
  4.7315098E+03  5.4573957E-03
  4.7424199E+03  5.4468960E-03
  4.7533501E+03  5.4468960E-03
  4.7643101E+03  5.4225144E-03
  4.7752900E+03  5.4225144E-03
  4.7862998E+03  5.4225144E-03
  4.7973301E+03  5.4225144E-03
  4.8083901E+03  5.4225144E-03
  4.8194800E+03  5.4225144E-03
  4.8305898E+03  5.4427320E-03
  4.8417202E+03  5.4540294E-03
  4.8528799E+03  5.4540294E-03
  4.8640698E+03  5.4408382E-03
  4.8752798E+03  5.4301582E-03
  4.8865200E+03  5.4301582E-03
  4.8977900E+03  5.3764423E-03
  4.9090801E+03  5.3607835E-03
  4.9203901E+03  5.3341393E-03
  4.9317402E+03  5.3376253E-03
  4.9431099E+03  5.3376253E-03
  4.9545000E+03  5.3341393E-03
  4.9659199E+03  5.3195297E-03
  4.9773701E+03  5.3145005E-03
  4.9888398E+03  5.3102393E-03
  5.0003398E+03  5.2593923E-03
  5.0118701E+03  5.2430010E-03
  5.0234302E+03  5.2593923E-03
  5.0350000E+03  5.2672112E-03
  5.0466099E+03  5.2593923E-03
  5.0582500E+03  5.2491841E-03
  5.0699102E+03  5.2337754E-03
  5.0815898E+03  5.2296193E-03
  5.0933101E+03  5.2296193E-03
  5.1050498E+03  5.2302568E-03
  5.1168198E+03  5.2302568E-03
  5.1286099E+03  5.2145114E-03
  5.1404399E+03  5.2106571E-03
  5.1522900E+03  5.2106571E-03
  5.1641602E+03  5.2106571E-03
  5.1760698E+03  5.2145114E-03
  5.1880000E+03  5.2040732E-03
  5.1999600E+03  5.1923473E-03
  5.2119502E+03  5.2106571E-03
  5.2239600E+03  5.1989593E-03
  5.2360000E+03  5.1960228E-03
  5.2480698E+03  5.1989593E-03
  5.2601699E+03  5.1725460E-03
  5.2722998E+03  5.1487847E-03
  5.2844502E+03  5.1298928E-03
  5.2966299E+03  5.1298928E-03
  5.3088398E+03  5.1487847E-03
  5.3210801E+03  5.1330705E-03
  5.3333501E+03  5.1330705E-03
  5.3456401E+03  5.1330705E-03
  5.3579600E+03  5.1539969E-03
  5.3703198E+03  5.1656361E-03
  5.3827002E+03  5.1656361E-03
  5.3951001E+03  5.2899737E-03
  5.4075400E+03  5.1826849E-03
  5.4200098E+03  5.1568467E-03
  5.4325000E+03  5.1826849E-03
  5.4450200E+03  5.1568467E-03
  5.4575801E+03  5.1315743E-03
  5.4701602E+03  5.1568467E-03
  5.4827700E+03  5.1568467E-03
  5.4954102E+03  5.1236642E-03
  5.5080801E+03  5.1230793E-03
  5.5207700E+03  5.1230793E-03
  5.5335000E+03  5.1301941E-03
  5.5462598E+03  5.1488355E-03
  5.5590400E+03  5.1600668E-03
  5.5718501E+03  5.1488355E-03
  5.5847002E+03  5.0448105E-03
  5.5975698E+03  5.1488355E-03
  5.6104800E+03  5.1488355E-03
  5.6234102E+03  5.0794841E-03
  5.6363799E+03  5.0794841E-03
  5.6493701E+03  5.0794841E-03
  5.6623901E+03  5.0969338E-03
  5.6754502E+03  5.0969338E-03
  5.6885298E+03  5.0827479E-03
  5.7016401E+03  5.0969338E-03
  5.7147900E+03  5.0969338E-03
  5.7279600E+03  5.1089856E-03
  5.7411602E+03  5.1089856E-03
  5.7543999E+03  5.0847544E-03
  5.7676602E+03  5.0827479E-03
  5.7809600E+03  5.0827479E-03
  5.7942900E+03  5.0847544E-03
  5.8076401E+03  5.0773849E-03
  5.8210298E+03  5.0694942E-03
  5.8344502E+03  5.0258143E-03
  5.8478999E+03  5.0257649E-03
  5.8613799E+03  5.0773849E-03
  5.8748901E+03  5.0694942E-03
  5.8884399E+03  5.0367690E-03
  5.9020098E+03  5.0257649E-03
  5.9156099E+03  5.0243521E-03
  5.9292500E+03  5.0255521E-03
  5.9429199E+03  5.0243521E-03
  5.9566201E+03  5.0243521E-03
  5.9703501E+03  5.0157704E-03
  5.9841201E+03  5.0204676E-03
  5.9979102E+03  5.0204676E-03
  6.0117300E+03  5.0157704E-03
  6.0256001E+03  5.0149690E-03
  6.0394800E+03  5.0149690E-03
  6.0534102E+03  4.9293218E-03
  6.0673599E+03  4.9293218E-03
  6.0813501E+03  4.8050256E-03
  6.0953701E+03  4.9293218E-03
  6.1094199E+03  4.8708222E-03
  6.1235000E+03  4.8779268E-03
  6.1376201E+03  4.8779268E-03
  6.1517700E+03  4.9033281E-03
  6.1659502E+03  5.0175549E-03
  6.1801602E+03  4.9033281E-03
  6.1944102E+03  5.0294688E-03
  6.2086899E+03  5.0294688E-03
  6.2230000E+03  5.0451430E-03
  6.2373501E+03  5.0451430E-03
  6.2517300E+03  4.8248554E-03
  6.2661401E+03  4.8248554E-03
  6.2805801E+03  4.8706457E-03
  6.2950601E+03  4.7975215E-03
  6.3095698E+03  4.8706457E-03
  6.3241201E+03  4.7975215E-03
  6.3386899E+03  4.8706457E-03
  6.3533101E+03  4.9915290E-03
  6.3679502E+03  5.0280085E-03
  6.3826299E+03  5.1194918E-03
  6.3973501E+03  4.6258587E-03
  6.4120898E+03  4.5746583E-03
  6.4268799E+03  5.0095208E-03
  6.4416899E+03  4.5806295E-03
  6.4565400E+03  4.5612920E-03
  6.4714199E+03  4.5471261E-03
  6.4863398E+03  4.4779051E-03
  6.5012998E+03  4.5244247E-03
  6.5162798E+03  4.5628850E-03
  6.5312998E+03  4.5279255E-03
  6.5463599E+03  4.3777274E-03
  6.5614502E+03  4.1289828E-03
  6.5765801E+03  4.1262228E-03
  6.5917402E+03  4.4467421E-03
  6.6069302E+03  4.4986047E-03
  6.6221602E+03  5.1003629E-03
  6.6374302E+03  4.4762488E-03
  6.6527300E+03  4.4598733E-03
  6.6680698E+03  4.3908036E-03
  6.6834399E+03  5.0042076E-03
  6.6988501E+03  5.0042076E-03
  6.7142900E+03  5.0042076E-03
  6.7297598E+03  4.8262649E-03
  6.7452798E+03  4.8262649E-03
  6.7608301E+03  4.8262649E-03
  6.7764102E+03  4.3083262E-03
  6.7920400E+03  4.2727971E-03
  6.8076899E+03  4.2803120E-03
  6.8233799E+03  4.3042977E-03
  6.8391099E+03  4.2692376E-03
  6.8548799E+03  4.2270613E-03
  6.8706802E+03  4.2680851E-03
  6.8865200E+03  4.3048365E-03
  6.9023999E+03  4.2983047E-03
  6.9183101E+03  4.2752046E-03
  6.9342598E+03  4.2518899E-03
  6.9502402E+03  4.2397412E-03
  6.9662598E+03  4.2679678E-03
  6.9823198E+03  4.2610145E-03
  6.9984199E+03  4.2212568E-03
  7.0145498E+03  4.1949260E-03
  7.0307202E+03  4.2516682E-03
  7.0469302E+03  4.2655035E-03
  7.0631802E+03  4.1956375E-03
  7.0794600E+03  4.1102748E-03
  7.0957700E+03  4.0305941E-03
  7.1121401E+03  3.9586038E-03
  7.1285298E+03  3.9031173E-03
  7.1449600E+03  3.8909805E-03
  7.1614302E+03  3.9061417E-03
  7.1779399E+03  3.8838652E-03
  7.1944902E+03  3.8475315E-03
  7.2110698E+03  3.9092996E-03
  7.2277002E+03  3.9576194E-03
  7.2443599E+03  3.9773113E-03
  7.2610601E+03  3.8922664E-03
  7.2777998E+03  3.8922664E-03
  7.2945698E+03  3.8922664E-03
  7.3113901E+03  3.8922664E-03
  7.3282500E+03  3.8922664E-03
  7.3451401E+03  4.5043528E-03
  7.3620698E+03  4.4234609E-03
  7.3790400E+03  4.4234609E-03
  7.3960498E+03  4.3284725E-03
  7.4131001E+03  4.3284725E-03
  7.4301899E+03  4.3284725E-03
  7.4473198E+03  4.2835022E-03
  7.4644902E+03  4.1536270E-03
  7.4816899E+03  4.1581104E-03
  7.4989399E+03  4.1695740E-03
  7.5162300E+03  4.2061722E-03
  7.5335498E+03  4.2448090E-03
  7.5509199E+03  4.2638155E-03
  7.5683301E+03  4.2424700E-03
  7.5857700E+03  4.1819415E-03
  7.6032598E+03  4.1231569E-03
  7.6207900E+03  4.0623941E-03
  7.6383599E+03  3.9997459E-03
  7.6559600E+03  3.9101369E-03
  7.6736099E+03  3.8106150E-03
  7.6912998E+03  3.8702900E-03
  7.7090298E+03  4.5034308E-03
  7.7268101E+03  4.5034308E-03
  7.7446201E+03  3.7899923E-03
  7.7624702E+03  3.8020874E-03
  7.7803599E+03  3.8321286E-03
  7.7982998E+03  3.8446938E-03
  7.8162798E+03  3.8280389E-03
  7.8342900E+03  3.7941537E-03
  7.8523599E+03  3.7620426E-03
  7.8704600E+03  3.8065005E-03
  7.8886001E+03  3.7523359E-03
  7.9067900E+03  3.6819000E-03
  7.9250098E+03  3.6768885E-03
  7.9432798E+03  3.6579552E-03
  7.9615898E+03  3.7117025E-03
  7.9799502E+03  3.7567138E-03
  7.9983398E+03  3.7660329E-03
  8.0167798E+03  3.7834065E-03
  8.0352598E+03  3.7866419E-03
  8.0537798E+03  3.7905248E-03
  8.0723501E+03  3.8134423E-03
  8.0909600E+03  3.7747512E-03
  8.1096099E+03  3.8040751E-03
  8.1282998E+03  3.8888748E-03
  8.1470400E+03  3.9232397E-03
  8.1658198E+03  3.9502070E-03
  8.1846499E+03  3.8432102E-03
  8.2035098E+03  3.8432102E-03
  8.2224297E+03  3.8432102E-03
  8.2413799E+03  3.8432102E-03
  8.2603799E+03  3.9350190E-03
  8.2794199E+03  3.9427755E-03
  8.2985098E+03  3.9427755E-03
  8.3176299E+03  3.9427755E-03
  8.3368096E+03  3.7844658E-03
  8.3560303E+03  3.6592768E-03
  8.3752900E+03  3.6592768E-03
  8.3945996E+03  3.6592768E-03
  8.4139502E+03  3.6592768E-03
  8.4333496E+03  3.4157766E-03
  8.4527900E+03  3.4483189E-03
  8.4722695E+03  3.4496596E-03
  8.4917998E+03  3.4716651E-03
  8.5113799E+03  3.3322806E-03
  8.5310000E+03  3.4786705E-03
  8.5506699E+03  3.2380582E-03
  8.5703799E+03  3.5837581E-03
  8.5901396E+03  3.5015724E-03
  8.6099404E+03  3.5279607E-03
  8.6297803E+03  3.6432531E-03
  8.6496699E+03  3.4785199E-03
  8.6696201E+03  3.4246766E-03
  8.6895996E+03  3.4246766E-03
  8.7096299E+03  3.4785199E-03
  8.7297100E+03  3.4246766E-03
  8.7498398E+03  3.4968930E-03
  8.7700000E+03  3.4968930E-03
  8.7902305E+03  3.4968930E-03
  8.8104902E+03  3.6982866E-03
  8.8307998E+03  3.7258544E-03
  8.8511504E+03  3.6711625E-03
  8.8715596E+03  3.5038108E-03
  8.8920098E+03  3.6383003E-03
  8.9125098E+03  3.6811784E-03
  8.9330498E+03  3.6224937E-03
  8.9536504E+03  3.6317031E-03
  8.9742803E+03  3.6352996E-03
  8.9949805E+03  3.5799001E-03
  9.0157100E+03  3.4833124E-03
  9.0364902E+03  3.6448436E-03
  9.0573301E+03  3.7458548E-03
  9.0782002E+03  3.7091400E-03
  9.0991299E+03  3.6845752E-03
  9.1200996E+03  3.7444937E-03
  9.1411299E+03  3.7622470E-03
  9.1622002E+03  3.7448041E-03
  9.1833203E+03  3.7615490E-03
  9.2045000E+03  3.6554318E-03
  9.2257100E+03  3.4869935E-03
  9.2469805E+03  3.5045610E-03
  9.2682998E+03  3.5539155E-03
  9.2896602E+03  3.5316909E-03
  9.3110801E+03  3.5568043E-03
  9.3325400E+03  3.5547097E-03
  9.3540596E+03  3.5321214E-03
  9.3756201E+03  3.5017186E-03
  9.3972305E+03  3.5105380E-03
  9.4189004E+03  3.4995200E-03
  9.4406104E+03  3.5223407E-03
  9.4623701E+03  3.5430028E-03
  9.4841797E+03  3.5733969E-03
  9.5060498E+03  3.5221686E-03
  9.5279600E+03  3.7981675E-03
  9.5499199E+03  3.3646869E-03
  9.5719404E+03  3.5491211E-03
  9.5940000E+03  3.4099685E-03
  9.6161201E+03  3.5491211E-03
  9.6382900E+03  3.4979663E-03
  9.6605098E+03  3.4636869E-03
  9.6827695E+03  3.4954324E-03
  9.7050996E+03  3.4800898E-03
  9.7274697E+03  3.4416316E-03
  9.7498896E+03  3.4204717E-03
  9.7723701E+03  3.4286873E-03
  9.7949004E+03  3.4065912E-03
  9.8174805E+03  3.4517092E-03
  9.8401104E+03  3.4402413E-03
  9.8627900E+03  3.4335961E-03
  9.8855303E+03  3.4195592E-03
  9.9083203E+03  3.3953050E-03
  9.9311602E+03  3.4098767E-03
  9.9540498E+03  3.4123880E-03
  9.9770000E+03  3.4069670E-03
  1.0000000E+04  3.3872251E-03
  1.0000000E+04  3.3872251E-03
  1.0115800E+04  3.3459335E-03
  1.0232940E+04  3.3243634E-03
  1.0351420E+04  3.2617927E-03
  1.0471290E+04  2.8311675E-03
  1.0592540E+04  3.1326206E-03
  1.0715200E+04  2.9234739E-03
  1.0839270E+04  2.9277222E-03
  1.0964780E+04  2.7667815E-03
  1.1091750E+04  2.8919480E-03
  1.1220190E+04  2.8507798E-03
  1.1350100E+04  2.8081469E-03
  1.1481540E+04  2.5618803E-03
  1.1614490E+04  2.5122911E-03
  1.1748980E+04  2.5473959E-03
  1.1885020E+04  2.6290847E-03
  1.2022640E+04  2.5503892E-03
  1.2161860E+04  2.3602159E-03
  1.2302690E+04  2.4591687E-03
  1.2445140E+04  2.4484526E-03
  1.2589250E+04  2.2133440E-03
  1.2735030E+04  2.2215329E-03
  1.2882500E+04  2.2133428E-03
  1.3031660E+04  2.1564590E-03
  1.3182560E+04  2.1861189E-03
  1.3335210E+04  2.1495256E-03
  1.3489630E+04  2.1925201E-03
  1.3645840E+04  2.0988064E-03
  1.3803840E+04  1.9673016E-03
  1.3963680E+04  1.9074177E-03
  1.4125380E+04  2.0228724E-03
  1.4288950E+04  1.8873739E-03
  1.4454390E+04  1.9177905E-03
  1.4621770E+04  1.8951743E-03
  1.4791090E+04  1.8455565E-03
  1.4962360E+04  1.6658580E-03
  1.5135610E+04  1.8540563E-03
  1.5310870E+04  1.8566352E-03
  1.5488170E+04  1.8369182E-03
  1.5667520E+04  1.7774557E-03
  1.5848920E+04  1.7084166E-03
  1.6032450E+04  1.7380099E-03
  1.6218100E+04  1.7312820E-03
  1.6405900E+04  1.7142687E-03
  1.6595859E+04  1.6996829E-03
  1.6788039E+04  1.6481217E-03
  1.6982439E+04  1.6237746E-03
  1.7179090E+04  1.5668850E-03
  1.7378000E+04  1.4895168E-03
  1.7579230E+04  1.4465244E-03
  1.7782789E+04  1.3845315E-03
  1.7988711E+04  1.3250047E-03
  1.8197020E+04  1.2687657E-03
  1.8407711E+04  1.2270390E-03
  1.8620869E+04  1.1791828E-03
  1.8836490E+04  1.1399542E-03
  1.9054619E+04  1.1111307E-03
  1.9275240E+04  1.0701437E-03
  1.9498439E+04  1.0200203E-03
  1.9724230E+04  9.8525069E-04
  1.9952631E+04  9.5692178E-04
  2.0183660E+04  9.3127473E-04
  2.0417381E+04  9.0497616E-04
  2.0653801E+04  8.7669241E-04
  2.0892971E+04  8.4969326E-04
  2.1134881E+04  8.2720566E-04
  2.1379619E+04  8.0780435E-04
  2.1627189E+04  7.7471003E-04
  2.1877619E+04  7.5362460E-04
  2.2130939E+04  7.2963879E-04
  2.2387211E+04  7.0132740E-04
  2.2646439E+04  6.7435880E-04
  2.2908680E+04  6.0178863E-04
  2.3173930E+04  5.7392998E-04
  2.3442279E+04  5.3097500E-04
  2.3713740E+04  4.9795333E-04
  2.3988340E+04  4.7115018E-04
  2.4266109E+04  4.4406363E-04
  2.4547080E+04  4.0809737E-04
  2.4831330E+04  3.7029915E-04
  2.5118869E+04  3.5288325E-04
  2.5409740E+04  3.4933412E-04
  2.5703949E+04  3.4635881E-04
  2.6001590E+04  3.3801774E-04
  2.6302680E+04  3.2738535E-04
  2.6607260E+04  3.1712395E-04
  2.6915340E+04  3.1042245E-04
  2.7227010E+04  3.0571417E-04
  2.7542289E+04  2.9657537E-04
  2.7861221E+04  2.8759066E-04
  2.8183820E+04  2.7769420E-04
  2.8510180E+04  2.7031059E-04
  2.8840320E+04  2.6124099E-04
  2.9174279E+04  2.5350551E-04
  2.9512080E+04  2.4488007E-04
  2.9853820E+04  2.3710990E-04
  3.0199520E+04  2.2992230E-04
  3.0549221E+04  2.2246498E-04
  3.0902939E+04  2.1619412E-04
  3.1260789E+04  2.1049855E-04
  3.1622779E+04  2.0640872E-04
  3.1988961E+04  2.2592973E-04
  3.2359350E+04  3.2003695E-04
  3.2734061E+04  4.7906392E-04
  3.3113109E+04  5.2128197E-04
  3.3496551E+04  3.6350320E-04
  3.3884430E+04  2.1699363E-04
  3.4276770E+04  1.6749217E-04
  3.4673680E+04  1.5653452E-04
  3.5075199E+04  1.5105898E-04
  3.5481359E+04  1.4551279E-04
  3.5892180E+04  1.3997569E-04
  3.6307801E+04  1.3542471E-04
  3.6728230E+04  1.3018583E-04
  3.7153539E+04  1.2506933E-04
  3.7583719E+04  1.2025711E-04
  3.8018930E+04  1.1632119E-04
  3.8459180E+04  1.1272551E-04
  3.8904531E+04  1.0852299E-04
  3.9354988E+04  1.0479992E-04
  3.9810711E+04  1.0066040E-04
  4.0271711E+04  9.7726246E-05
  4.0738039E+04  9.4326184E-05
  4.1209730E+04  9.1399073E-05
  4.1686930E+04  8.8080356E-05
  4.2169648E+04  8.5346408E-05
  4.2657961E+04  8.2835992E-05
  4.3151879E+04  7.5351330E-05
  4.3651570E+04  7.1358001E-05
  4.4157039E+04  6.7578825E-05
  4.4668371E+04  6.5148408E-05
  4.5185621E+04  6.3580192E-05
  4.5708801E+04  6.2888896E-05
  4.6238102E+04  6.1527287E-05
  4.6773520E+04  6.0893999E-05
  4.7315148E+04  6.0262406E-05
  4.7862988E+04  5.9293670E-05
  4.8417230E+04  5.8724112E-05
  4.8977891E+04  5.7738191E-05
  4.9545039E+04  5.6934296E-05
  5.0118699E+04  5.6260502E-05
  5.0699059E+04  5.5406814E-05
  5.1286141E+04  5.4668202E-05
  5.1880020E+04  5.4093580E-05
  5.2480719E+04  5.3437678E-05
  5.3088430E+04  5.2644275E-05
  5.3703180E+04  5.2170199E-05
  5.4325051E+04  5.1606417E-05
  5.4954059E+04  5.1214793E-05
  5.5590410E+04  5.0880913E-05
  5.6234129E+04  5.0597573E-05
  5.6885309E+04  5.0408322E-05
  5.7543961E+04  4.9997951E-05
  5.8210301E+04  4.9500180E-05
  5.8884359E+04  4.8929407E-05
  5.9566230E+04  4.8302329E-05
  6.0255988E+04  5.1729803E-05
  6.0953672E+04  6.2011110E-05
  6.1659500E+04  1.0279741E-04
  6.2373500E+04  1.6083820E-04
  6.3095762E+04  1.1681739E-04
  6.3826320E+04  7.4620890E-05
  6.4565410E+04  5.6446494E-05
  6.5313059E+04  4.8180875E-05
  6.6069367E+04  5.0786977E-05
  6.6834359E+04  5.1533090E-05
  6.7608289E+04  5.1297913E-05
  6.8391172E+04  4.9082431E-05
  6.9183117E+04  5.5779885E-05
  6.9984156E+04  6.6128807E-05
  7.0794562E+04  5.9716578E-05
  7.1614344E+04  6.4082902E-05
  7.2443617E+04  6.6851906E-05
  7.3282406E+04  7.6433811E-05
  7.4131008E+04  9.2521834E-05
  7.4989422E+04  1.1999070E-04
  7.5857781E+04  1.4428729E-04
  7.6736102E+04  1.5629400E-04
  7.7624688E+04  1.4609101E-04
  7.8523562E+04  1.3884652E-04
  7.9432844E+04  1.1832752E-04
  8.0352648E+04  9.1895352E-05
  8.1283023E+04  7.6758770E-05
  8.2224258E+04  6.6317640E-05
  8.3176391E+04  6.4268570E-05
  8.4139547E+04  6.3818195E-05
  8.5113773E+04  6.7067464E-05
  8.6099367E+04  7.3976116E-05
  8.7096367E+04  6.7017332E-05
  8.8104922E+04  4.7184778E-05
  8.9125047E+04  3.4321882E-05
  9.0157102E+04  2.7021282E-05
  9.1201094E+04  2.2068698E-05
  9.2257172E+04  1.9971503E-05
  9.3325383E+04  1.9758500E-05
  9.4406070E+04  1.9384606E-05
  9.5499273E+04  1.7690798E-05
  9.6605117E+04  1.8966908E-05
  9.7723672E+04  1.8255872E-05
  9.8855281E+04  1.5755979E-05
  1.0000000E+05  1.4236799E-05
  1.0115797E+05  1.4996193E-05
  1.0232924E+05  1.5181892E-05
  1.0351419E+05  1.5287993E-05
  1.0471285E+05  1.7312392E-05
  1.0592540E+05  2.1671280E-05
  1.0715198E+05  2.1537591E-05
  1.0839266E+05  2.2393304E-05
  1.0964781E+05  2.7792692E-05
  1.1091750E+05  3.8258666E-05
  1.1220190E+05  6.8615685E-05
  1.1350104E+05  7.6098615E-05
  1.1481534E+05  5.2300791E-05
  1.1614488E+05  3.7984300E-05
  1.1748980E+05  3.2787008E-05
  1.1885017E+05  3.3028617E-05
  1.2022642E+05  3.5589586E-05
  1.2161861E+05  3.3855387E-05
  1.2302692E+05  3.6631620E-05
  1.2445140E+05  3.9155391E-05
  1.2589252E+05  4.3866043E-05
  1.2735031E+05  5.5760902E-05
  1.2882499E+05  4.8975900E-05
  1.3031661E+05  2.9722505E-05
  1.3182564E+05  2.6497297E-05
  1.3335214E+05  2.6084888E-05
  1.3489633E+05  2.5548607E-05
  1.3645823E+05  2.6137095E-05
  1.3803839E+05  2.3513892E-05
  1.3963683E+05  2.3548100E-05
  1.4125378E+05  2.3580493E-05
  1.4288947E+05  2.3509401E-05
  1.4454392E+05  2.3477493E-05
  1.4621770E+05  2.3446786E-05
  1.4791086E+05  2.3417510E-05
  1.4962362E+05  2.3388704E-05
  1.5135606E+05  2.3355908E-05
  1.5310872E+05  2.3322005E-05
  1.5488169E+05  2.3289100E-05
  1.5667517E+05  2.3257388E-05
  1.5848925E+05  2.3227403E-05
  1.6032452E+05  2.3192108E-05
  1.6218103E+05  2.3130897E-05
  1.6405903E+05  2.3070406E-05
  1.6595861E+05  2.3010905E-05
  1.6788036E+05  2.2952390E-05
  1.6982438E+05  2.2894301E-05
  1.7179089E+05  2.2832999E-05
  1.7377998E+05  2.2771610E-05
  1.7579231E+05  2.2711311E-05
  1.7782794E+05  2.2651990E-05
  1.7988714E+05  2.2594189E-05
  1.8196998E+05  2.2516699E-05
  1.8407714E+05  2.2435190E-05
  1.8620870E+05  2.2350489E-05
  1.8836495E+05  2.2263004E-05
  1.9054595E+05  2.2176811E-05
  1.9275242E+05  2.2100292E-05
  1.9498444E+05  2.2020700E-05
  1.9724231E+05  2.1938071E-05
  1.9952631E+05  2.1852489E-05
