  3.1623001E+02  0.0000000E+00
  3.1695999E+02  0.0000000E+00
  3.1769000E+02  0.0000000E+00
  3.1842001E+02  0.0000000E+00
  3.1914999E+02  0.0000000E+00
  3.1989001E+02  0.0000000E+00
  3.2063000E+02  0.0000000E+00
  3.2137000E+02  0.0000000E+00
  3.2210999E+02  0.0000000E+00
  3.2285001E+02  0.0000000E+00
  3.2359000E+02  0.0000000E+00
  3.2434000E+02  0.0000000E+00
  3.2509000E+02  0.0000000E+00
  3.2584000E+02  0.0000000E+00
  3.2659000E+02  0.0000000E+00
  3.2734000E+02  0.0000000E+00
  3.2810001E+02  0.0000000E+00
  3.2885001E+02  0.0000000E+00
  3.2960999E+02  0.0000000E+00
  3.3037000E+02  0.0000000E+00
  3.3113000E+02  0.0000000E+00
  3.3189001E+02  0.0000000E+00
  3.3266000E+02  0.0000000E+00
  3.3342999E+02  0.0000000E+00
  3.3419000E+02  0.0000000E+00
  3.3497000E+02  0.0000000E+00
  3.3573999E+02  0.0000000E+00
  3.3651001E+02  0.0000000E+00
  3.3729001E+02  0.0000000E+00
  3.3806000E+02  0.0000000E+00
  3.3884000E+02  0.0000000E+00
  3.3963000E+02  0.0000000E+00
  3.4041000E+02  0.0000000E+00
  3.4119000E+02  0.0000000E+00
  3.4198001E+02  0.0000000E+00
  3.4276999E+02  0.0000000E+00
  3.4356000E+02  0.0000000E+00
  3.4435001E+02  0.0000000E+00
  3.4514001E+02  0.0000000E+00
  3.4594000E+02  0.0000000E+00
  3.4673999E+02  0.0000000E+00
  3.4754001E+02  0.0000000E+00
  3.4834000E+02  0.0000000E+00
  3.4914001E+02  0.0000000E+00
  3.4995001E+02  0.0000000E+00
  3.5075000E+02  0.0000000E+00
  3.5156000E+02  0.0000000E+00
  3.5237000E+02  0.0000000E+00
  3.5317999E+02  0.0000000E+00
  3.5400000E+02  0.0000000E+00
  3.5481000E+02  0.0000000E+00
  3.5563000E+02  0.0000000E+00
  3.5645001E+02  0.0000000E+00
  3.5726999E+02  0.0000000E+00
  3.5810001E+02  0.0000000E+00
  3.5892001E+02  0.0000000E+00
  3.5975000E+02  0.0000000E+00
  3.6057999E+02  0.0000000E+00
  3.6141000E+02  0.0000000E+00
  3.6223999E+02  0.0000000E+00
  3.6307999E+02  0.0000000E+00
  3.6392001E+02  0.0000000E+00
  3.6475000E+02  0.0000000E+00
  3.6559000E+02  0.0000000E+00
  3.6644000E+02  0.0000000E+00
  3.6728000E+02  0.0000000E+00
  3.6813000E+02  0.0000000E+00
  3.6898001E+02  0.0000000E+00
  3.6982999E+02  0.0000000E+00
  3.7067999E+02  0.0000000E+00
  3.7154001E+02  0.0000000E+00
  3.7239001E+02  0.0000000E+00
  3.7325000E+02  0.0000000E+00
  3.7410999E+02  0.0000000E+00
  3.7497000E+02  0.0000000E+00
  3.7584000E+02  0.0000000E+00
  3.7670001E+02  0.0000000E+00
  3.7757001E+02  0.0000000E+00
  3.7844000E+02  0.0000000E+00
  3.7931000E+02  0.0000000E+00
  3.8019000E+02  0.0000000E+00
  3.8107001E+02  0.0000000E+00
  3.8194000E+02  0.0000000E+00
  3.8282001E+02  0.0000000E+00
  3.8370999E+02  0.0000000E+00
  3.8459000E+02  0.0000000E+00
  3.8548001E+02  0.0000000E+00
  3.8637000E+02  0.0000000E+00
  3.8726001E+02  0.0000000E+00
  3.8814999E+02  0.0000000E+00
  3.8904999E+02  0.0000000E+00
  3.8994000E+02  0.0000000E+00
  3.9084000E+02  0.0000000E+00
  3.9173999E+02  0.0000000E+00
  3.9264999E+02  0.0000000E+00
  3.9354999E+02  0.0000000E+00
  3.9445999E+02  0.0000000E+00
  3.9537000E+02  0.0000000E+00
  3.9628000E+02  0.0000000E+00
  3.9719000E+02  0.0000000E+00
  3.9810999E+02  0.0000000E+00
  3.9901999E+02  0.0000000E+00
  3.9994000E+02  0.0000000E+00
  4.0087000E+02  0.0000000E+00
  4.0179001E+02  0.0000000E+00
  4.0272000E+02  0.0000000E+00
  4.0364999E+02  0.0000000E+00
  4.0457999E+02  0.0000000E+00
  4.0551001E+02  0.0000000E+00
  4.0644000E+02  0.0000000E+00
  4.0738000E+02  0.0000000E+00
  4.0832001E+02  0.0000000E+00
  4.0926001E+02  0.0000000E+00
  4.1020001E+02  0.0000000E+00
  4.1114999E+02  0.0000000E+00
  4.1210001E+02  0.0000000E+00
  4.1304999E+02  0.0000000E+00
  4.1400000E+02  0.0000000E+00
  4.1495001E+02  0.0000000E+00
  4.1591000E+02  0.0000000E+00
  4.1687000E+02  0.0000000E+00
  4.1782999E+02  0.0000000E+00
  4.1879001E+02  0.0000000E+00
  4.1976001E+02  0.0000000E+00
  4.2073001E+02  0.0000000E+00
  4.2170001E+02  0.0000000E+00
  4.2267001E+02  0.0000000E+00
  4.2364001E+02  0.0000000E+00
  4.2462000E+02  0.0000000E+00
  4.2560001E+02  0.0000000E+00
  4.2657999E+02  0.0000000E+00
  4.2756000E+02  0.0000000E+00
  4.2854999E+02  0.0000000E+00
  4.2954001E+02  0.0000000E+00
  4.3053000E+02  0.0000000E+00
  4.3151999E+02  0.0000000E+00
  4.3251001E+02  0.0000000E+00
  4.3351001E+02  0.0000000E+00
  4.3451001E+02  0.0000000E+00
  4.3551001E+02  0.0000000E+00
  4.3651999E+02  0.0000000E+00
  4.3751999E+02  0.0000000E+00
  4.3853000E+02  0.0000000E+00
  4.3954001E+02  0.0000000E+00
  4.4054999E+02  0.0000000E+00
  4.4157001E+02  0.0000000E+00
  4.4259000E+02  0.0000000E+00
  4.4360999E+02  0.0000000E+00
  4.4463000E+02  0.0000000E+00
  4.4566000E+02  0.0000000E+00
  4.4667999E+02  0.0000000E+00
  4.4770999E+02  0.0000000E+00
  4.4875000E+02  0.0000000E+00
  4.4978000E+02  0.0000000E+00
  4.5082001E+02  0.0000000E+00
  4.5185999E+02  0.0000000E+00
  4.5289999E+02  0.0000000E+00
  4.5394000E+02  0.0000000E+00
  4.5498999E+02  0.0000000E+00
  4.5604001E+02  0.0000000E+00
  4.5709000E+02  0.0000000E+00
  4.5814001E+02  0.0000000E+00
  4.5920001E+02  0.0000000E+00
  4.6026001E+02  0.0000000E+00
  4.6132001E+02  0.0000000E+00
  4.6238000E+02  0.0000000E+00
  4.6345001E+02  0.0000000E+00
  4.6451999E+02  0.0000000E+00
  4.6559000E+02  0.0000000E+00
  4.6666000E+02  0.0000000E+00
  4.6773999E+02  0.0000000E+00
  4.6881000E+02  0.0000000E+00
  4.6989001E+02  0.0000000E+00
  4.7098001E+02  0.0000000E+00
  4.7206000E+02  0.0000000E+00
  4.7314999E+02  0.0000000E+00
  4.7423999E+02  0.0000000E+00
  4.7534000E+02  0.0000000E+00
  4.7642999E+02  0.0000000E+00
  4.7753000E+02  0.0000000E+00
  4.7863000E+02  0.0000000E+00
  4.7973001E+02  0.0000000E+00
  4.8084000E+02  0.0000000E+00
  4.8195001E+02  0.0000000E+00
  4.8306000E+02  0.0000000E+00
  4.8417001E+02  0.0000000E+00
  4.8529001E+02  0.0000000E+00
  4.8641000E+02  0.0000000E+00
  4.8753000E+02  0.0000000E+00
  4.8864999E+02  0.0000000E+00
  4.8978000E+02  0.0000000E+00
  4.9091000E+02  0.0000000E+00
  4.9204001E+02  0.0000000E+00
  4.9317001E+02  0.0000000E+00
  4.9431000E+02  0.0000000E+00
  4.9545001E+02  0.0000000E+00
  4.9659000E+02  0.0000000E+00
  4.9773999E+02  0.0000000E+00
  4.9888000E+02  0.0000000E+00
  5.0003000E+02  0.0000000E+00
  5.0119000E+02  0.0000000E+00
  5.0234000E+02  0.0000000E+00
  5.0350000E+02  0.0000000E+00
  5.0466000E+02  0.0000000E+00
  5.0582001E+02  0.0000000E+00
  5.0698999E+02  0.0000000E+00
  5.0816000E+02  0.0000000E+00
  5.0932999E+02  0.0000000E+00
  5.1050000E+02  0.0000000E+00
  5.1167999E+02  0.0000000E+00
  5.1285999E+02  0.0000000E+00
  5.1403998E+02  0.0000000E+00
  5.1522998E+02  0.0000000E+00
  5.1641998E+02  0.0000000E+00
  5.1760999E+02  0.0000000E+00
  5.1879999E+02  0.0000000E+00
  5.2000000E+02  0.0000000E+00
  5.2119000E+02  0.0000000E+00
  5.2240002E+02  0.0000000E+00
  5.2359998E+02  0.0000000E+00
  5.2481000E+02  0.0000000E+00
  5.2602002E+02  0.0000000E+00
  5.2722998E+02  0.0000000E+00
  5.2845001E+02  0.0000000E+00
  5.2965997E+02  0.0000000E+00
  5.3088000E+02  0.0000000E+00
  5.3210999E+02  0.0000000E+00
  5.3333002E+02  0.0000000E+00
  5.3456000E+02  0.0000000E+00
  5.3579999E+02  0.0000000E+00
  5.3703003E+02  0.0000000E+00
  5.3827002E+02  0.0000000E+00
  5.3951001E+02  0.0000000E+00
  5.4075000E+02  0.0000000E+00
  5.4200000E+02  0.0000000E+00
  5.4325000E+02  0.0000000E+00
  5.4450000E+02  0.0000000E+00
  5.4576001E+02  0.0000000E+00
  5.4702002E+02  0.0000000E+00
  5.4828003E+02  0.0000000E+00
  5.4953998E+02  0.0000000E+00
  5.5081000E+02  0.0000000E+00
  5.5208002E+02  0.0000000E+00
  5.5334998E+02  0.0000000E+00
  5.5463000E+02  0.0000000E+00
  5.5590002E+02  0.0000000E+00
  5.5719000E+02  0.0000000E+00
  5.5846997E+02  0.0000000E+00
  5.5976001E+02  0.0000000E+00
  5.6104999E+02  0.0000000E+00
  5.6234003E+02  0.0000000E+00
  5.6364001E+02  0.0000000E+00
  5.6494000E+02  0.0000000E+00
  5.6623999E+02  0.0000000E+00
  5.6753998E+02  0.0000000E+00
  5.6884998E+02  0.0000000E+00
  5.7015997E+02  0.0000000E+00
  5.7147998E+02  0.0000000E+00
  5.7279999E+02  0.0000000E+00
  5.7412000E+02  0.0000000E+00
  5.7544000E+02  0.0000000E+00
  5.7677002E+02  0.0000000E+00
  5.7809998E+02  0.0000000E+00
  5.7942999E+02  0.0000000E+00
  5.8076001E+02  0.0000000E+00
  5.8209998E+02  0.0000000E+00
  5.8345001E+02  0.0000000E+00
  5.8478998E+02  0.0000000E+00
  5.8614001E+02  0.0000000E+00
  5.8748999E+02  0.0000000E+00
  5.8884003E+02  0.0000000E+00
  5.9020001E+02  0.0000000E+00
  5.9156000E+02  0.0000000E+00
  5.9292999E+02  0.0000000E+00
  5.9428998E+02  0.0000000E+00
  5.9565997E+02  0.0000000E+00
  5.9703998E+02  0.0000000E+00
  5.9840997E+02  0.0000000E+00
  5.9978998E+02  0.0000000E+00
  6.0116998E+02  0.0000000E+00
  6.0256000E+02  0.0000000E+00
  6.0395001E+02  0.0000000E+00
  6.0534003E+02  0.0000000E+00
  6.0673999E+02  0.0000000E+00
  6.0813000E+02  0.0000000E+00
  6.0953998E+02  0.0000000E+00
  6.1094000E+02  0.0000000E+00
  6.1234998E+02  0.0000000E+00
  6.1376001E+02  0.0000000E+00
  6.1517999E+02  0.0000000E+00
  6.1659003E+02  0.0000000E+00
  6.1802002E+02  0.0000000E+00
  6.1944000E+02  0.0000000E+00
  6.2087000E+02  0.0000000E+00
  6.2229999E+02  0.0000000E+00
  6.2372998E+02  0.0000000E+00
  6.2516998E+02  0.0000000E+00
  6.2660999E+02  0.0000000E+00
  6.2806000E+02  0.0000000E+00
  6.2951001E+02  0.0000000E+00
  6.3096002E+02  0.0000000E+00
  6.3240997E+02  0.0000000E+00
  6.3387000E+02  0.0000000E+00
  6.3533002E+02  0.0000000E+00
  6.3679999E+02  0.0000000E+00
  6.3826001E+02  0.0000000E+00
  6.3972998E+02  0.0000000E+00
  6.4121002E+02  0.0000000E+00
  6.4269000E+02  0.0000000E+00
  6.4416998E+02  0.0000000E+00
  6.4565002E+02  0.0000000E+00
  6.4714001E+02  0.0000000E+00
  6.4863000E+02  0.0000000E+00
  6.5013000E+02  0.0000000E+00
  6.5163000E+02  0.0000000E+00
  6.5313000E+02  0.0000000E+00
  6.5464001E+02  0.0000000E+00
  6.5615002E+02  0.0000000E+00
  6.5765997E+02  0.0000000E+00
  6.5916998E+02  0.0000000E+00
  6.6069000E+02  0.0000000E+00
  6.6221997E+02  0.0000000E+00
  6.6373999E+02  0.0000000E+00
  6.6527002E+02  0.0000000E+00
  6.6681000E+02  0.0000000E+00
  6.6834003E+02  0.0000000E+00
  6.6988000E+02  0.0000000E+00
  6.7142999E+02  0.0000000E+00
  6.7297998E+02  0.0000000E+00
  6.7453003E+02  0.0000000E+00
  6.7608002E+02  0.0000000E+00
  6.7764001E+02  0.0000000E+00
  6.7920001E+02  0.0000000E+00
  6.8077002E+02  0.0000000E+00
  6.8234003E+02  0.0000000E+00
  6.8390997E+02  0.0000000E+00
  6.8548999E+02  0.0000000E+00
  6.8707001E+02  0.0000000E+00
  6.8865002E+02  0.0000000E+00
  6.9023999E+02  0.0000000E+00
  6.9183002E+02  0.0000000E+00
  6.9342999E+02  0.0000000E+00
  6.9502002E+02  0.0000000E+00
  6.9663000E+02  0.0000000E+00
  6.9822998E+02  0.0000000E+00
  6.9984003E+02  0.0000000E+00
  7.0146002E+02  0.0000000E+00
  7.0307001E+02  0.0000000E+00
  7.0469000E+02  0.0000000E+00
  7.0632001E+02  0.0000000E+00
  7.0795001E+02  0.0000000E+00
  7.0958002E+02  0.0000000E+00
  7.1121002E+02  0.0000000E+00
  7.1284998E+02  0.0000000E+00
  7.1450000E+02  0.0000000E+00
  7.1614001E+02  0.0000000E+00
  7.1778998E+02  0.0000000E+00
  7.1945001E+02  0.0000000E+00
  7.2110999E+02  0.0000000E+00
  7.2277002E+02  0.0000000E+00
  7.2444000E+02  0.0000000E+00
  7.2610999E+02  0.0000000E+00
  7.2778003E+02  0.0000000E+00
  7.2946002E+02  0.0000000E+00
  7.3114001E+02  0.0000000E+00
  7.3282001E+02  0.0000000E+00
  7.3451001E+02  0.0000000E+00
  7.3621002E+02  0.0000000E+00
  7.3790002E+02  0.0000000E+00
  7.3960999E+02  0.0000000E+00
  7.4131000E+02  0.0000000E+00
  7.4302002E+02  0.0000000E+00
  7.4472998E+02  0.0000000E+00
  7.4645001E+02  0.0000000E+00
  7.4816998E+02  0.0000000E+00
  7.4989001E+02  0.0000000E+00
  7.5162000E+02  0.0000000E+00
  7.5335999E+02  0.0000000E+00
  7.5509003E+02  0.0000000E+00
  7.5683002E+02  0.0000000E+00
  7.5858002E+02  0.0000000E+00
  7.6033002E+02  0.0000000E+00
  7.6208002E+02  0.0000000E+00
  7.6384003E+02  0.0000000E+00
  7.6559998E+02  0.0000000E+00
  7.6735999E+02  0.0000000E+00
  7.6913000E+02  0.0000000E+00
  7.7090002E+02  0.0000000E+00
  7.7267999E+02  0.0000000E+00
  7.7446002E+02  0.0000000E+00
  7.7625000E+02  0.0000000E+00
  7.7803998E+02  0.0000000E+00
  7.7983002E+02  0.0000000E+00
  7.8163000E+02  0.0000000E+00
  7.8342999E+02  0.0000000E+00
  7.8523999E+02  0.0000000E+00
  7.8704999E+02  0.0000000E+00
  7.8885999E+02  0.0000000E+00
  7.9067999E+02  0.0000000E+00
  7.9250000E+02  0.0000000E+00
  7.9433002E+02  0.0000000E+00
  7.9615997E+02  0.0000000E+00
  7.9798999E+02  0.0000000E+00
  7.9983002E+02  0.0000000E+00
  8.0167999E+02  0.0000000E+00
  8.0353003E+02  0.0000000E+00
  8.0538000E+02  0.0000000E+00
  8.0723999E+02  0.0000000E+00
  8.0909998E+02  0.0000000E+00
  8.1096002E+02  0.0000000E+00
  8.1283002E+02  0.0000000E+00
  8.1470001E+02  0.0000000E+00
  8.1658002E+02  0.0000000E+00
  8.1846002E+02  0.0000000E+00
  8.2034998E+02  0.0000000E+00
  8.2223999E+02  0.0000000E+00
  8.2414001E+02  0.0000000E+00
  8.2603998E+02  0.0000000E+00
  8.2794000E+02  0.0000000E+00
  8.2984998E+02  0.0000000E+00
  8.3176001E+02  0.0000000E+00
  8.3367999E+02  0.0000000E+00
  8.3559998E+02  0.0000000E+00
  8.3753003E+02  0.0000000E+00
  8.3946002E+02  0.0000000E+00
  8.4140002E+02  0.0000000E+00
  8.4333002E+02  0.0000000E+00
  8.4528003E+02  0.0000000E+00
  8.4722998E+02  0.0000000E+00
  8.4917999E+02  0.0000000E+00
  8.5114001E+02  0.0000000E+00
  8.5309998E+02  0.0000000E+00
  8.5507001E+02  0.0000000E+00
  8.5703998E+02  0.0000000E+00
  8.5901001E+02  0.0000000E+00
  8.6098999E+02  0.0000000E+00
  8.6297998E+02  0.0000000E+00
  8.6496997E+02  0.0000000E+00
  8.6696002E+02  0.0000000E+00
  8.6896002E+02  0.0000000E+00
  8.7096002E+02  0.0000000E+00
  8.7296997E+02  0.0000000E+00
  8.7497998E+02  0.0000000E+00
  8.7700000E+02  0.0000000E+00
  8.7902002E+02  0.0000000E+00
  8.8104999E+02  0.0000000E+00
  8.8308002E+02  0.0000000E+00
  8.8512000E+02  0.0000000E+00
  8.8715997E+02  0.0000000E+00
  8.8920001E+02  0.0000000E+00
  8.9125000E+02  0.0000000E+00
  8.9331000E+02  0.0000000E+00
  8.9535999E+02  0.0000000E+00
  8.9742999E+02  0.0000000E+00
  8.9950000E+02  0.0000000E+00
  9.0157001E+02  0.0000000E+00
  9.0365002E+02  0.0000000E+00
  9.0572998E+02  0.0000000E+00
  9.0782001E+02  0.0000000E+00
  9.0990997E+02  0.0000000E+00
  9.1201001E+02  3.4153396E-05
  9.1410999E+02  6.9536705E-05
  9.1621997E+02  1.0467618E-04
  9.1833002E+02  1.3958020E-04
  9.2045001E+02  1.7423469E-04
  9.2257001E+02  2.0864887E-04
  9.2470001E+02  2.4283251E-04
  9.2683002E+02  2.7676931E-04
  9.2896997E+02  3.1047000E-04
  9.3110999E+02  3.4393577E-04
  9.3325000E+02  2.2670475E-03
  9.3540997E+02  2.2670475E-03
  9.3756000E+02  2.2670475E-03
  9.3971997E+02  2.1641594E-03
  9.4189001E+02  1.6350023E-03
  9.4406000E+02  1.6350023E-03
  9.4623999E+02  1.6350023E-03
  9.4841998E+02  1.6350023E-03
  9.5059998E+02  1.6350023E-03
  9.5279999E+02  1.6350023E-03
  9.5498999E+02  1.6350023E-03
  9.5719000E+02  1.6350023E-03
  9.5940002E+02  1.6350023E-03
  9.6160999E+02  1.6350023E-03
  9.6383002E+02  1.6350023E-03
  9.6604999E+02  1.6350023E-03
  9.6828003E+02  2.1641594E-03
  9.7051001E+02  2.1641594E-03
  9.7275000E+02  2.1641594E-03
  9.7498999E+02  1.6624028E-03
  9.7723999E+02  2.1641594E-03
  9.7948999E+02  2.1641594E-03
  9.8175000E+02  2.1641594E-03
  9.8401001E+02  2.1641594E-03
  9.8628003E+02  2.1641594E-03
  9.8854999E+02  2.1641594E-03
  9.9083002E+02  2.1641594E-03
  9.9312000E+02  2.1641594E-03
  9.9540997E+02  2.1641594E-03
  9.9770001E+02  1.6624028E-03
  1.0000000E+03  1.6624028E-03
  1.0023100E+03  1.6624028E-03
  1.0046200E+03  1.6624028E-03
  1.0069300E+03  1.6624028E-03
  1.0092500E+03  1.6624028E-03
  1.0115800E+03  1.6624028E-03
  1.0139100E+03  1.6624028E-03
  1.0162500E+03  1.4563730E-03
  1.0185900E+03  1.4563730E-03
  1.0209400E+03  1.4563730E-03
  1.0232900E+03  1.4563730E-03
  1.0256500E+03  1.4563730E-03
  1.0280200E+03  1.6624028E-03
  1.0303900E+03  1.6624028E-03
  1.0327600E+03  1.6624028E-03
  1.0351400E+03  1.6624028E-03
  1.0375300E+03  1.6624028E-03
  1.0399200E+03  1.6624028E-03
  1.0423199E+03  1.6624028E-03
  1.0447200E+03  1.6624028E-03
  1.0471300E+03  1.6624028E-03
  1.0495400E+03  1.6624028E-03
  1.0519600E+03  1.6624028E-03
  1.0543900E+03  1.6624028E-03
  1.0568199E+03  1.6624028E-03
  1.0592500E+03  1.6624028E-03
  1.0617000E+03  1.6624028E-03
  1.0641400E+03  1.6624028E-03
  1.0666000E+03  1.6624028E-03
  1.0690500E+03  1.6624028E-03
  1.0715200E+03  1.4563730E-03
  1.0739900E+03  1.4563730E-03
  1.0764700E+03  1.4563730E-03
  1.0789500E+03  1.4563730E-03
  1.0814301E+03  1.4563730E-03
  1.0839301E+03  1.4563730E-03
  1.0864301E+03  1.4563730E-03
  1.0889301E+03  1.4563730E-03
  1.0914399E+03  2.0735546E-03
  1.0939600E+03  2.0735546E-03
  1.0964800E+03  2.0735546E-03
  1.0990100E+03  2.0735546E-03
  1.1015400E+03  2.0735546E-03
  1.1040800E+03  2.0735546E-03
  1.1066200E+03  2.0735546E-03
  1.1091801E+03  2.0735546E-03
  1.1117300E+03  2.0735546E-03
  1.1142900E+03  2.0735546E-03
  1.1168600E+03  2.0883544E-03
  1.1194399E+03  2.0883544E-03
  1.1220200E+03  2.0883544E-03
  1.1246000E+03  2.0883544E-03
  1.1272000E+03  2.0883544E-03
  1.1298000E+03  2.0883544E-03
  1.1324000E+03  2.0883544E-03
  1.1350100E+03  2.0883544E-03
  1.1376300E+03  2.0883544E-03
  1.1402500E+03  2.0883544E-03
  1.1428800E+03  2.4375289E-03
  1.1455100E+03  2.4375289E-03
  1.1481500E+03  2.4375289E-03
  1.1508000E+03  2.4375289E-03
  1.1534500E+03  2.4375289E-03
  1.1561100E+03  2.4375289E-03
  1.1587800E+03  2.4375289E-03
  1.1614500E+03  2.4375289E-03
  1.1641300E+03  2.7828326E-03
  1.1668101E+03  2.4375289E-03
  1.1695000E+03  2.7828326E-03
  1.1722000E+03  2.7828326E-03
  1.1749000E+03  2.6213210E-03
  1.1776100E+03  2.6213210E-03
  1.1803199E+03  2.6213210E-03
  1.1830400E+03  2.6213210E-03
  1.1857700E+03  2.6213210E-03
  1.1885000E+03  2.6213210E-03
  1.1912400E+03  2.4375289E-03
  1.1939900E+03  2.4375289E-03
  1.1967400E+03  2.4375289E-03
  1.1995000E+03  2.4375289E-03
  1.2022600E+03  2.4375289E-03
  1.2050400E+03  2.4375289E-03
  1.2078101E+03  2.4342714E-03
  1.2106000E+03  2.4342714E-03
  1.2133900E+03  2.2135128E-03
  1.2161899E+03  1.9445904E-03
  1.2189900E+03  1.9445904E-03
  1.2218000E+03  1.9445904E-03
  1.2246200E+03  1.9445904E-03
  1.2274399E+03  1.8913952E-03
  1.2302700E+03  1.8913952E-03
  1.2331000E+03  1.8913952E-03
  1.2359500E+03  1.8913952E-03
  1.2388000E+03  1.8913952E-03
  1.2416500E+03  1.8913952E-03
  1.2445100E+03  1.8913952E-03
  1.2473800E+03  1.8913952E-03
  1.2502600E+03  1.7785147E-03
  1.2531400E+03  1.7785147E-03
  1.2560300E+03  1.7785147E-03
  1.2589301E+03  1.8913952E-03
  1.2618300E+03  1.7785147E-03
  1.2647400E+03  1.7531217E-03
  1.2676500E+03  1.8913952E-03
  1.2705699E+03  1.8219569E-03
  1.2735000E+03  1.7531217E-03
  1.2764399E+03  1.7531217E-03
  1.2793800E+03  1.7785147E-03
  1.2823300E+03  1.8219569E-03
  1.2852900E+03  1.8219569E-03
  1.2882500E+03  1.9183781E-03
  1.2912200E+03  1.7457334E-03
  1.2942000E+03  1.7457334E-03
  1.2971801E+03  1.8219569E-03
  1.3001700E+03  1.7457334E-03
  1.3031700E+03  1.7457334E-03
  1.3061700E+03  1.7457334E-03
  1.3091801E+03  1.7365497E-03
  1.3122000E+03  1.7457334E-03
  1.3152200E+03  1.7457334E-03
  1.3182600E+03  1.7457334E-03
  1.3213000E+03  1.7365497E-03
  1.3243400E+03  1.7457334E-03
  1.3273900E+03  1.7457334E-03
  1.3304500E+03  1.8074448E-03
  1.3335200E+03  1.8219569E-03
  1.3366000E+03  1.8219569E-03
  1.3396801E+03  1.8219569E-03
  1.3427700E+03  1.8597281E-03
  1.3458600E+03  1.8597281E-03
  1.3489600E+03  1.8597281E-03
  1.3520699E+03  1.8677918E-03
  1.3551899E+03  1.8677918E-03
  1.3583101E+03  1.8597281E-03
  1.3614399E+03  1.8677918E-03
  1.3645800E+03  1.8597281E-03
  1.3677300E+03  1.8219569E-03
  1.3708800E+03  1.8677918E-03
  1.3740400E+03  1.9654448E-03
  1.3772100E+03  1.9137635E-03
  1.3803800E+03  1.8597281E-03
  1.3835699E+03  1.9137635E-03
  1.3867600E+03  1.8677918E-03
  1.3899500E+03  1.8677918E-03
  1.3931600E+03  1.8597281E-03
  1.3963700E+03  1.8597281E-03
  1.3995900E+03  1.8143601E-03
  1.4028101E+03  1.8106835E-03
  1.4060500E+03  1.8106835E-03
  1.4092900E+03  1.8143601E-03
  1.4125400E+03  1.8143601E-03
  1.4157900E+03  1.8106835E-03
  1.4190601E+03  1.8143601E-03
  1.4223300E+03  1.8597281E-03
  1.4256100E+03  1.8143601E-03
  1.4288900E+03  1.8143601E-03
  1.4321899E+03  1.8106835E-03
  1.4354900E+03  1.6543566E-03
  1.4388000E+03  1.6543566E-03
  1.4421200E+03  1.6297107E-03
  1.4454399E+03  1.6297107E-03
  1.4487700E+03  1.5978861E-03
  1.4521100E+03  1.6297107E-03
  1.4554600E+03  1.6297107E-03
  1.4588101E+03  1.5978861E-03
  1.4621801E+03  1.5978861E-03
  1.4655500E+03  1.6044434E-03
  1.4689301E+03  1.6044434E-03
  1.4723101E+03  1.5978861E-03
  1.4757100E+03  1.5978861E-03
  1.4791100E+03  1.5978861E-03
  1.4825200E+03  1.5978861E-03
  1.4859399E+03  1.5443653E-03
  1.4893600E+03  1.5443653E-03
  1.4927900E+03  1.4582499E-03
  1.4962400E+03  1.4582499E-03
  1.4996801E+03  1.4582499E-03
  1.5031400E+03  1.5443653E-03
  1.5066100E+03  1.6044434E-03
  1.5100800E+03  1.6044434E-03
  1.5135601E+03  1.5443653E-03
  1.5170500E+03  1.5443653E-03
  1.5205500E+03  1.5443653E-03
  1.5240500E+03  1.5443653E-03
  1.5275699E+03  1.4582499E-03
  1.5310900E+03  1.4582499E-03
  1.5346200E+03  1.5443653E-03
  1.5381500E+03  1.4582499E-03
  1.5417000E+03  1.2275672E-03
  1.5452500E+03  1.2275672E-03
  1.5488199E+03  1.2275672E-03
  1.5523900E+03  1.2117423E-03
  1.5559700E+03  1.2117423E-03
  1.5595500E+03  1.2275672E-03
  1.5631500E+03  1.2275672E-03
  1.5667500E+03  1.2117423E-03
  1.5703600E+03  1.2117423E-03
  1.5739800E+03  1.1280611E-03
  1.5776100E+03  1.0406150E-03
  1.5812500E+03  1.0361368E-03
  1.5848900E+03  1.0361368E-03
  1.5885500E+03  1.0361368E-03
  1.5922100E+03  1.0361368E-03
  1.5958800E+03  1.0361368E-03
  1.5995601E+03  1.1280611E-03
  1.6032500E+03  1.1280611E-03
  1.6069399E+03  9.6114160E-04
  1.6106500E+03  9.6114160E-04
  1.6143600E+03  9.6114160E-04
  1.6180800E+03  9.6114160E-04
  1.6218101E+03  9.6114160E-04
  1.6255500E+03  9.6114160E-04
  1.6293000E+03  9.6114160E-04
  1.6330500E+03  9.6114160E-04
  1.6368199E+03  2.1583883E-03
  1.6405900E+03  2.1752319E-03
  1.6443700E+03  2.1919352E-03
  1.6481600E+03  2.1114552E-03
  1.6519600E+03  2.0122794E-03
  1.6557700E+03  1.9520369E-03
  1.6595900E+03  2.0430034E-03
  1.6634100E+03  2.1332977E-03
  1.6672500E+03  2.0480016E-03
  1.6710900E+03  1.8398975E-03
  1.6749399E+03  1.9957880E-03
  1.6788000E+03  2.1784347E-03
  1.6826700E+03  2.2643274E-03
  1.6865500E+03  2.2888873E-03
  1.6904399E+03  2.2224917E-03
  1.6943400E+03  2.1565312E-03
  1.6982400E+03  2.1028626E-03
  1.7021600E+03  2.0519732E-03
  1.7060800E+03  2.0022604E-03
  1.7100200E+03  1.9550805E-03
  1.7139600E+03  1.9082158E-03
  1.7179100E+03  1.8899441E-03
  1.7218700E+03  1.8818976E-03
  1.7258400E+03  1.8867989E-03
  1.7298199E+03  1.9397796E-03
  1.7338000E+03  1.9923758E-03
  1.7378000E+03  1.9942820E-03
  1.7418101E+03  1.9747103E-03
  1.7458199E+03  1.9744826E-03
  1.7498500E+03  2.0488182E-03
  1.7538800E+03  2.1226041E-03
  1.7579200E+03  2.0590553E-03
  1.7619800E+03  1.9436128E-03
  1.7660400E+03  1.8709926E-03
  1.7701100E+03  1.9210180E-03
  1.7741899E+03  1.9706804E-03
  1.7782800E+03  1.9835478E-03
  1.7823800E+03  1.7871835E-03
  1.7864900E+03  1.7871835E-03
  1.7906100E+03  1.7871835E-03
  1.7947300E+03  1.7871835E-03
  1.7988700E+03  1.7871835E-03
  1.8030200E+03  1.7871835E-03
  1.8071700E+03  1.7871835E-03
  1.8113400E+03  1.7871835E-03
  1.8155200E+03  1.7871835E-03
  1.8197000E+03  1.7871835E-03
  1.8239000E+03  1.7871835E-03
  1.8281000E+03  1.7871835E-03
  1.8323101E+03  1.7871835E-03
  1.8365400E+03  1.7134980E-03
  1.8407700E+03  1.7134980E-03
  1.8450200E+03  1.7134980E-03
  1.8492700E+03  1.7134980E-03
  1.8535300E+03  1.7871835E-03
  1.8578000E+03  1.7871835E-03
  1.8620900E+03  1.7871835E-03
  1.8663800E+03  1.7871835E-03
  1.8706801E+03  1.7871835E-03
  1.8749900E+03  1.7871835E-03
  1.8793199E+03  1.7871835E-03
  1.8836500E+03  1.8032565E-03
  1.8879900E+03  1.8032565E-03
  1.8923400E+03  1.8032565E-03
  1.8967100E+03  1.7203533E-03
  1.9010800E+03  1.7134980E-03
  1.9054600E+03  1.7134980E-03
  1.9098500E+03  1.7134980E-03
  1.9142600E+03  1.4662291E-03
  1.9186700E+03  1.7134980E-03
  1.9230900E+03  1.7134980E-03
  1.9275200E+03  1.7203533E-03
  1.9319700E+03  1.6800419E-03
  1.9364200E+03  1.6800419E-03
  1.9408900E+03  1.6800419E-03
  1.9453600E+03  1.5842958E-03
  1.9498400E+03  1.5842958E-03
  1.9543400E+03  1.5160179E-03
  1.9588400E+03  1.4990737E-03
  1.9633600E+03  1.4990737E-03
  1.9678900E+03  1.4258762E-03
  1.9724200E+03  1.4258762E-03
  1.9769700E+03  1.4258762E-03
  1.9815300E+03  1.4258762E-03
  1.9860900E+03  1.4501732E-03
  1.9906700E+03  1.4501732E-03
  1.9952600E+03  1.4501732E-03
  1.9998600E+03  1.4501732E-03
  2.0044700E+03  1.4501732E-03
  2.0090900E+03  1.4990737E-03
  2.0137200E+03  1.4990737E-03
  2.0183700E+03  1.4501732E-03
  2.0230200E+03  1.4501732E-03
  2.0276801E+03  1.4501732E-03
  2.0323600E+03  1.4234290E-03
  2.0370400E+03  1.4234290E-03
  2.0417400E+03  1.3968766E-03
  2.0464399E+03  1.3968766E-03
  2.0511599E+03  1.3571079E-03
  2.0558899E+03  1.3571079E-03
  2.0606299E+03  1.3723609E-03
  2.0653799E+03  1.3571079E-03
  2.0701399E+03  1.3571079E-03
  2.0749099E+03  1.3356770E-03
  2.0797000E+03  1.3356770E-03
  2.0844900E+03  1.3571079E-03
  2.0893000E+03  1.3723609E-03
  2.0941101E+03  1.3356770E-03
  2.0989399E+03  1.3356770E-03
  2.1037800E+03  1.3302172E-03
  2.1086299E+03  1.3302172E-03
  2.1134900E+03  1.3571079E-03
  2.1183601E+03  1.3723609E-03
  2.1232400E+03  1.3302172E-03
  2.1281399E+03  1.3301669E-03
  2.1330400E+03  1.3301669E-03
  2.1379600E+03  1.3210927E-03
  2.1428899E+03  1.3210927E-03
  2.1478301E+03  1.3113625E-03
  2.1527800E+03  1.3113625E-03
  2.1577400E+03  1.3067659E-03
  2.1627200E+03  1.3055936E-03
  2.1677000E+03  1.3055936E-03
  2.1727000E+03  1.2875062E-03
  2.1777100E+03  1.2873748E-03
  2.1827300E+03  1.2873748E-03
  2.1877600E+03  1.2710635E-03
  2.1928000E+03  1.2710635E-03
  2.1978601E+03  1.2710635E-03
  2.2029299E+03  1.2212810E-03
  2.2080000E+03  1.1991925E-03
  2.2130901E+03  1.1802494E-03
  2.2182000E+03  1.1991925E-03
  2.2233101E+03  1.2075686E-03
  2.2284399E+03  1.2075686E-03
  2.2335701E+03  1.2075686E-03
  2.2387200E+03  1.2000664E-03
  2.2438799E+03  1.1802494E-03
  2.2490500E+03  1.1802494E-03
  2.2542400E+03  1.1708564E-03
  2.2594399E+03  1.2000664E-03
  2.2646399E+03  1.2000664E-03
  2.2698601E+03  1.2000664E-03
  2.2751001E+03  1.2600356E-03
  2.2803401E+03  1.2600356E-03
  2.2856001E+03  1.2562154E-03
  2.2908701E+03  1.2396788E-03
  2.2961499E+03  1.2396788E-03
  2.3014399E+03  1.2423467E-03
  2.3067500E+03  1.2562154E-03
  2.3120601E+03  1.2562154E-03
  2.3173899E+03  1.2562154E-03
  2.3227400E+03  1.2423467E-03
  2.3280901E+03  1.2423467E-03
  2.3334600E+03  1.2423467E-03
  2.3388401E+03  1.2423467E-03
  2.3442300E+03  1.2423467E-03
  2.3496299E+03  1.2423467E-03
  2.3550500E+03  1.2396788E-03
  2.3604800E+03  1.2149542E-03
  2.3659199E+03  1.2149542E-03
  2.3713701E+03  1.2149542E-03
  2.3768401E+03  1.2115673E-03
  2.3823201E+03  1.2099409E-03
  2.3878101E+03  1.2115673E-03
  2.3933201E+03  1.2149542E-03
  2.3988301E+03  1.2115673E-03
  2.4043601E+03  1.2149542E-03
  2.4099099E+03  1.2149542E-03
  2.4154600E+03  1.2149542E-03
  2.4210300E+03  1.2100465E-03
  2.4266101E+03  1.2100465E-03
  2.4322000E+03  1.2149542E-03
  2.4378101E+03  1.2100465E-03
  2.4434299E+03  1.2414652E-03
  2.4490601E+03  1.2414652E-03
  2.4547100E+03  1.2638570E-03
  2.4603701E+03  1.2741850E-03
  2.4660400E+03  1.2638570E-03
  2.4717200E+03  1.2638570E-03
  2.4774199E+03  1.2741850E-03
  2.4831299E+03  1.2958295E-03
  2.4888601E+03  1.2741850E-03
  2.4945901E+03  1.2983225E-03
  2.5003501E+03  1.2999407E-03
  2.5061101E+03  1.3209723E-03
  2.5118899E+03  1.3404943E-03
  2.5176799E+03  1.3403544E-03
  2.5234800E+03  1.3404943E-03
  2.5293000E+03  1.3404943E-03
  2.5351299E+03  1.3404943E-03
  2.5409700E+03  1.3432944E-03
  2.5468301E+03  1.3554327E-03
  2.5527000E+03  1.3422756E-03
  2.5585901E+03  1.3554327E-03
  2.5644800E+03  1.3672947E-03
  2.5703899E+03  1.3672947E-03
  2.5763201E+03  1.3672947E-03
  2.5822600E+03  1.3554327E-03
  2.5882100E+03  1.3661376E-03
  2.5941799E+03  1.3661376E-03
  2.6001599E+03  1.3661376E-03
  2.6061499E+03  1.3661376E-03
  2.6121599E+03  1.3661376E-03
  2.6181799E+03  1.3870876E-03
  2.6242200E+03  1.4100176E-03
  2.6302700E+03  1.4231774E-03
  2.6363301E+03  1.4502400E-03
  2.6424099E+03  1.4502400E-03
  2.6485000E+03  1.4876160E-03
  2.6546101E+03  1.5609078E-03
  2.6607200E+03  1.5089470E-03
  2.6668601E+03  1.5633245E-03
  2.6730100E+03  1.5633245E-03
  2.6791699E+03  1.5633245E-03
  2.6853401E+03  1.5633245E-03
  2.6915300E+03  1.6134484E-03
  2.6977400E+03  1.6134484E-03
  2.7039600E+03  1.5633245E-03
  2.7101899E+03  1.6134484E-03
  2.7164399E+03  1.6187264E-03
  2.7227000E+03  1.6312090E-03
  2.7289800E+03  1.6351065E-03
  2.7352700E+03  1.6506553E-03
  2.7415701E+03  1.6822116E-03
  2.7478899E+03  1.6822116E-03
  2.7542300E+03  1.6822116E-03
  2.7605801E+03  1.6840660E-03
  2.7669399E+03  1.6894944E-03
  2.7733201E+03  1.6894944E-03
  2.7797100E+03  1.7088256E-03
  2.7861201E+03  1.7091220E-03
  2.7925400E+03  1.7118132E-03
  2.7989800E+03  1.7318494E-03
  2.8054299E+03  1.7843090E-03
  2.8118999E+03  1.8066056E-03
  2.8183799E+03  1.8066056E-03
  2.8248799E+03  1.8175084E-03
  2.8313899E+03  1.8214008E-03
  2.8379199E+03  1.8175084E-03
  2.8444600E+03  1.8475942E-03
  2.8510200E+03  1.8481703E-03
  2.8575901E+03  1.8475942E-03
  2.8641799E+03  1.8798552E-03
  2.8707800E+03  1.8825909E-03
  2.8773999E+03  1.8825909E-03
  2.8840300E+03  1.8825909E-03
  2.8906799E+03  1.8825909E-03
  2.8973401E+03  1.8825909E-03
  2.9040200E+03  1.8825909E-03
  2.9107200E+03  1.8620145E-03
  2.9174299E+03  1.8813490E-03
  2.9241499E+03  1.8813490E-03
  2.9308899E+03  1.8825909E-03
  2.9376499E+03  1.9495907E-03
  2.9444199E+03  1.9495907E-03
  2.9512100E+03  1.9495907E-03
  2.9580100E+03  1.9636382E-03
  2.9648301E+03  1.9682155E-03
  2.9716699E+03  1.9848614E-03
  2.9785200E+03  2.0742160E-03
  2.9853799E+03  2.0742160E-03
  2.9922600E+03  2.0742160E-03
  2.9991599E+03  2.1029711E-03
  3.0060801E+03  2.1286863E-03
  3.0130100E+03  2.1318367E-03
  3.0199500E+03  2.1359310E-03
  3.0269099E+03  2.1359310E-03
  3.0338899E+03  2.1373092E-03
  3.0408899E+03  2.1529954E-03
  3.0478899E+03  2.1622451E-03
  3.0549199E+03  2.1622451E-03
  3.0619600E+03  2.1622451E-03
  3.0690200E+03  2.2114734E-03
  3.0761001E+03  2.2246693E-03
  3.0831899E+03  2.2263066E-03
  3.0903000E+03  2.2263066E-03
  3.0974199E+03  2.2575678E-03
  3.1045601E+03  2.2575678E-03
  3.1117200E+03  2.2794863E-03
  3.1188899E+03  2.2886724E-03
  3.1260801E+03  2.2886724E-03
  3.1332800E+03  2.3248363E-03
  3.1405100E+03  2.3248363E-03
  3.1477500E+03  2.3248363E-03
  3.1550000E+03  2.3212654E-03
  3.1622800E+03  2.3248363E-03
  3.1695701E+03  2.3627153E-03
  3.1768701E+03  2.3770004E-03
  3.1842000E+03  2.3627153E-03
  3.1915400E+03  2.3627153E-03
  3.1988899E+03  2.3627153E-03
  3.2062700E+03  2.3770004E-03
  3.2136599E+03  2.3831886E-03
  3.2210701E+03  2.4079916E-03
  3.2284900E+03  2.4313452E-03
  3.2359399E+03  2.4616621E-03
  3.2433999E+03  2.4616621E-03
  3.2508701E+03  2.4663939E-03
  3.2583701E+03  2.4751169E-03
  3.2658799E+03  2.4663939E-03
  3.2734099E+03  2.4849698E-03
  3.2809500E+03  2.5663679E-03
  3.2885200E+03  2.6176698E-03
  3.2961001E+03  2.6176698E-03
  3.3036899E+03  2.6176698E-03
  3.3113101E+03  2.6176698E-03
  3.3189399E+03  2.6176698E-03
  3.3265901E+03  2.6451775E-03
  3.3342600E+03  2.6451775E-03
  3.3419500E+03  2.6451775E-03
  3.3496499E+03  2.7164186E-03
  3.3573799E+03  2.7164186E-03
  3.3651201E+03  2.7347375E-03
  3.3728701E+03  2.7428851E-03
  3.3806499E+03  2.7428851E-03
  3.3884399E+03  2.8693133E-03
  3.3962500E+03  2.8693133E-03
  3.4040801E+03  2.8693133E-03
  3.4119299E+03  2.8704996E-03
  3.4197900E+03  2.8704996E-03
  3.4276799E+03  2.8704996E-03
  3.4355801E+03  2.9601289E-03
  3.4435000E+03  2.9813088E-03
  3.4514399E+03  3.0539762E-03
  3.4593899E+03  3.0539762E-03
  3.4673701E+03  3.1205420E-03
  3.4753601E+03  3.1298427E-03
  3.4833701E+03  3.1205420E-03
  3.4913999E+03  3.0930536E-03
  3.4994500E+03  3.1339708E-03
  3.5075200E+03  3.1339708E-03
  3.5156001E+03  3.1400155E-03
  3.5237100E+03  3.1571328E-03
  3.5318301E+03  3.1571328E-03
  3.5399700E+03  3.1666432E-03
  3.5481299E+03  3.1965699E-03
  3.5563101E+03  3.1965699E-03
  3.5645100E+03  3.2366365E-03
  3.5727300E+03  3.2447276E-03
  3.5809600E+03  3.2491037E-03
  3.5892200E+03  3.2491037E-03
  3.5974900E+03  3.2882397E-03
  3.6057900E+03  3.2882397E-03
  3.6141001E+03  3.3535983E-03
  3.6224299E+03  3.4244999E-03
  3.6307800E+03  3.5446642E-03
  3.6391499E+03  3.5446642E-03
  3.6475400E+03  3.5695601E-03
  3.6559500E+03  3.5854585E-03
  3.6643701E+03  3.5990421E-03
  3.6728201E+03  3.6219310E-03
  3.6812900E+03  3.6301184E-03
  3.6897800E+03  3.6347606E-03
  3.6982800E+03  3.6456520E-03
  3.7068101E+03  3.6782918E-03
  3.7153501E+03  3.6837398E-03
  3.7239199E+03  3.6903729E-03
  3.7325000E+03  3.7958787E-03
  3.7411101E+03  3.8060385E-03
  3.7497300E+03  3.8593633E-03
  3.7583701E+03  3.8690772E-03
  3.7670400E+03  3.9198427E-03
  3.7757200E+03  3.9700926E-03
  3.7844199E+03  3.9700926E-03
  3.7931499E+03  4.0877475E-03
  3.8018899E+03  4.1017635E-03
  3.8106599E+03  4.1634231E-03
  3.8194399E+03  4.1884137E-03
  3.8282500E+03  4.2319954E-03
  3.8370701E+03  4.3118894E-03
  3.8459199E+03  4.3492145E-03
  3.8547800E+03  4.3653273E-03
  3.8636699E+03  4.4041299E-03
  3.8725701E+03  4.4566402E-03
  3.8815000E+03  4.4628368E-03
  3.8904500E+03  4.4993134E-03
  3.8994199E+03  4.4996967E-03
  3.9084099E+03  4.5296461E-03
  3.9174199E+03  4.5296461E-03
  3.9264500E+03  4.6563335E-03
  3.9355000E+03  4.6802317E-03
  3.9445701E+03  4.6802317E-03
  3.9536699E+03  4.6959207E-03
  3.9627800E+03  4.6984451E-03
  3.9719199E+03  4.7168899E-03
  3.9810701E+03  4.8350957E-03
  3.9902500E+03  4.9502491E-03
  3.9994500E+03  5.0189546E-03
  4.0086699E+03  5.0673601E-03
  4.0179099E+03  5.0999038E-03
  4.0271699E+03  5.1590018E-03
  4.0364500E+03  5.1622740E-03
  4.0457600E+03  5.1826308E-03
  4.0550901E+03  5.1865471E-03
  4.0644299E+03  5.1911501E-03
  4.0738000E+03  5.1826308E-03
  4.0831899E+03  5.1911501E-03
  4.0926101E+03  5.2128369E-03
  4.1020400E+03  5.2139563E-03
  4.1115000E+03  5.2582780E-03
  4.1209800E+03  5.2433494E-03
  4.1304702E+03  5.2582780E-03
  4.1400000E+03  5.4924050E-03
  4.1495400E+03  5.5908705E-03
  4.1591099E+03  5.5908705E-03
  4.1686899E+03  5.6026690E-03
  4.1782998E+03  5.6441845E-03
  4.1879399E+03  5.6674127E-03
  4.1975898E+03  5.6674127E-03
  4.2072598E+03  5.6674127E-03
  4.2169600E+03  5.7538496E-03
  4.2266899E+03  5.7997801E-03
  4.2364302E+03  5.8780685E-03
  4.2462002E+03  5.9890416E-03
  4.2559800E+03  6.0161389E-03
  4.2657900E+03  6.0567870E-03
  4.2756299E+03  6.1036982E-03
  4.2854800E+03  6.1907331E-03
  4.2953599E+03  6.2537007E-03
  4.3052598E+03  6.2334849E-03
  4.3151899E+03  6.2542949E-03
  4.3251401E+03  6.3320515E-03
  4.3351099E+03  6.3686809E-03
  4.3451001E+03  6.3869753E-03
  4.3551201E+03  6.4156614E-03
  4.3651602E+03  6.4900564E-03
  4.3752202E+03  6.5858252E-03
  4.3853101E+03  6.5858252E-03
  4.3954199E+03  6.6353693E-03
  4.4055498E+03  6.6353693E-03
  4.4157002E+03  6.6626761E-03
  4.4258799E+03  6.6769267E-03
  4.4360801E+03  6.7439470E-03
  4.4463101E+03  6.7646191E-03
  4.4565601E+03  6.7687016E-03
  4.4668301E+03  6.7767813E-03
  4.4771299E+03  6.8730935E-03
  4.4874502E+03  6.8791634E-03
  4.4977998E+03  6.9343471E-03
  4.5081699E+03  6.9753756E-03
  4.5185601E+03  6.9753756E-03
  4.5289702E+03  6.9695539E-03
  4.5394102E+03  6.9343471E-03
  4.5498799E+03  6.9343471E-03
  4.5603701E+03  6.9500334E-03
  4.5708799E+03  6.9695539E-03
  4.5814199E+03  7.0251888E-03
  4.5919800E+03  7.0308293E-03
  4.6025601E+03  7.0251888E-03
  4.6131802E+03  7.0308293E-03
  4.6238101E+03  7.1096290E-03
  4.6344702E+03  7.1096290E-03
  4.6451499E+03  7.1794908E-03
  4.6558599E+03  7.2600483E-03
  4.6665898E+03  7.2600483E-03
  4.6773501E+03  7.3913843E-03
  4.6881299E+03  7.3913843E-03
  4.6989399E+03  7.4239988E-03
  4.7097700E+03  7.3913843E-03
  4.7206299E+03  7.3710303E-03
  4.7315098E+03  7.3618223E-03
  4.7424199E+03  7.3710303E-03
  4.7533501E+03  7.3258481E-03
  4.7643101E+03  7.3258481E-03
  4.7752900E+03  7.3258481E-03
  4.7862998E+03  7.4239988E-03
  4.7973301E+03  7.4558323E-03
  4.8083901E+03  7.4679414E-03
  4.8194800E+03  7.5882683E-03
  4.8305898E+03  7.5875772E-03
  4.8417202E+03  7.5882683E-03
  4.8528799E+03  7.6032761E-03
  4.8640698E+03  7.6032761E-03
  4.8752798E+03  7.5882683E-03
  4.8865200E+03  7.6063154E-03
  4.8977900E+03  7.5973012E-03
  4.9090801E+03  7.6888967E-03
  4.9203901E+03  7.6888967E-03
  4.9317402E+03  7.6988903E-03
  4.9431099E+03  7.6683126E-03
  4.9545000E+03  7.6683126E-03
  4.9659199E+03  7.6864404E-03
  4.9773701E+03  7.6683126E-03
  4.9888398E+03  7.6716687E-03
  5.0003398E+03  7.5892140E-03
  5.0118701E+03  7.5214244E-03
  5.0234302E+03  7.5876978E-03
  5.0350000E+03  7.5892140E-03
  5.0466099E+03  7.6399832E-03
  5.0582500E+03  7.6221032E-03
  5.0699102E+03  7.6068873E-03
  5.0815898E+03  7.6221032E-03
  5.0933101E+03  7.6221032E-03
  5.1050498E+03  7.6961517E-03
  5.1168198E+03  7.6961517E-03
  5.1286099E+03  7.6805349E-03
  5.1404399E+03  7.6961517E-03
  5.1522900E+03  7.6272897E-03
  5.1641602E+03  7.6805349E-03
  5.1760698E+03  7.6272897E-03
  5.1880000E+03  7.6317084E-03
  5.1999600E+03  7.6158419E-03
  5.2119502E+03  7.6317084E-03
  5.2239600E+03  7.6518157E-03
  5.2360000E+03  7.7106147E-03
  5.2480698E+03  7.7872546E-03
  5.2601699E+03  7.7918302E-03
  5.2722998E+03  7.8002312E-03
  5.2844502E+03  7.8168428E-03
  5.2966299E+03  7.8168428E-03
  5.3088398E+03  7.8168428E-03
  5.3210801E+03  7.8358585E-03
  5.3333501E+03  7.7918302E-03
  5.3456401E+03  8.0171162E-03
  5.3579600E+03  7.6821037E-03
  5.3703198E+03  7.7207088E-03
  5.3827002E+03  7.3291548E-03
  5.3951001E+03  7.6738084E-03
  5.4075400E+03  7.7207088E-03
  5.4200098E+03  7.7207088E-03
  5.4325000E+03  7.7207088E-03
  5.4450200E+03  7.7207088E-03
  5.4575801E+03  7.7520013E-03
  5.4701602E+03  7.8140153E-03
  5.4827700E+03  7.8232950E-03
  5.4954102E+03  7.8232950E-03
  5.5080801E+03  7.8232950E-03
  5.5207700E+03  7.8232950E-03
  5.5335000E+03  7.8816637E-03
  5.5462598E+03  7.9004169E-03
  5.5590400E+03  7.9004169E-03
  5.5718501E+03  8.0945352E-03
  5.5847002E+03  8.0945352E-03
  5.5975698E+03  7.9845032E-03
  5.6104800E+03  7.9845032E-03
  5.6234102E+03  7.9845032E-03
  5.6363799E+03  7.9845032E-03
  5.6493701E+03  7.9845032E-03
  5.6623901E+03  8.0545340E-03
  5.6754502E+03  7.9263607E-03
  5.6885298E+03  7.9364059E-03
  5.7016401E+03  7.9364059E-03
  5.7147900E+03  8.2092965E-03
  5.7279600E+03  7.9293419E-03
  5.7411602E+03  7.9293419E-03
  5.7543999E+03  7.9364059E-03
  5.7676602E+03  7.9364059E-03
  5.7809600E+03  8.1383623E-03
  5.7942900E+03  8.1383623E-03
  5.8076401E+03  8.1382105E-03
  5.8210298E+03  7.9293419E-03
  5.8344502E+03  8.1382105E-03
  5.8478999E+03  7.9997061E-03
  5.8613799E+03  7.9997061E-03
  5.8748901E+03  7.9217022E-03
  5.8884399E+03  7.9217022E-03
  5.9020098E+03  7.9217022E-03
  5.9156099E+03  7.9997061E-03
  5.9292500E+03  8.1476783E-03
  5.9429199E+03  8.0649499E-03
  5.9566201E+03  8.0649499E-03
  5.9703501E+03  8.0649499E-03
  5.9841201E+03  8.0649499E-03
  5.9979102E+03  8.0649499E-03
  6.0117300E+03  8.0649499E-03
  6.0256001E+03  8.0649499E-03
  6.0394800E+03  7.9602525E-03
  6.0534102E+03  8.3692968E-03
  6.0673599E+03  8.1798211E-03
  6.0813501E+03  8.1798211E-03
  6.0953701E+03  8.1798211E-03
  6.1094199E+03  8.1798211E-03
  6.1235000E+03  7.9661626E-03
  6.1376201E+03  8.1798211E-03
  6.1517700E+03  7.9661626E-03
  6.1659502E+03  8.1798211E-03
  6.1801602E+03  7.7799689E-03
  6.1944102E+03  8.0093825E-03
  6.2086899E+03  7.9541849E-03
  6.2230000E+03  7.7726985E-03
  6.2373501E+03  7.5838082E-03
  6.2517300E+03  7.4543795E-03
  6.2661401E+03  7.7228239E-03
  6.2805801E+03  7.8790244E-03
  6.2950601E+03  7.8973426E-03
  6.3095698E+03  7.7362116E-03
  6.3241201E+03  7.8135645E-03
  6.3386899E+03  7.8496709E-03
  6.3533101E+03  7.8451606E-03
  6.3679502E+03  7.8132898E-03
  6.3826299E+03  7.9159942E-03
  6.3973501E+03  7.9174498E-03
  6.4120898E+03  7.8223543E-03
  6.4268799E+03  7.8831092E-03
  6.4416899E+03  7.8590494E-03
  6.4565400E+03  7.8266840E-03
  6.4714199E+03  7.8022657E-03
  6.4863398E+03  7.6831668E-03
  6.5012998E+03  7.8157093E-03
  6.5162798E+03  7.9348721E-03
  6.5312998E+03  7.9094348E-03
  6.5463599E+03  7.7308794E-03
  6.5614502E+03  7.4187471E-03
  6.5765801E+03  7.4057463E-03
  6.5917402E+03  7.7927243E-03
  6.6069302E+03  7.8625577E-03
  6.6221602E+03  7.8235054E-03
  6.6374302E+03  7.7877203E-03
  6.6527300E+03  7.7581448E-03
  6.6680698E+03  7.6098740E-03
  6.6834399E+03  7.6628798E-03
  6.6988501E+03  7.5560398E-03
  6.7142900E+03  7.4232980E-03
  6.7297598E+03  7.5839995E-03
  6.7452798E+03  7.4791708E-03
  6.7608301E+03  7.4698520E-03
  6.7764102E+03  7.4570519E-03
  6.7920400E+03  7.3926463E-03
  6.8076899E+03  7.4267178E-03
  6.8233799E+03  7.4965628E-03
  6.8391099E+03  7.4333870E-03
  6.8548799E+03  7.3525165E-03
  6.8706802E+03  7.4550221E-03
  6.8865200E+03  7.5469939E-03
  6.9023999E+03  7.5550899E-03
  6.9183101E+03  7.5215688E-03
  6.9342598E+03  7.4859322E-03
  6.9502402E+03  7.4910256E-03
  6.9662598E+03  7.5763306E-03
  6.9823198E+03  7.5722388E-03
  6.9984199E+03  7.5104902E-03
  7.0145498E+03  7.4849171E-03
  7.0307202E+03  7.6168454E-03
  7.0469302E+03  7.6482124E-03
  7.0631802E+03  7.4817906E-03
  7.0794600E+03  7.2715078E-03
  7.0957700E+03  7.0820958E-03
  7.1121401E+03  6.9315759E-03
  7.1285298E+03  6.8047782E-03
  7.1449600E+03  6.7717345E-03
  7.1614302E+03  7.8708325E-03
  7.1779399E+03  7.5342562E-03
  7.1944902E+03  7.5342562E-03
  7.2110698E+03  7.5342562E-03
  7.2277002E+03  7.5342562E-03
  7.2443599E+03  7.5342562E-03
  7.2610601E+03  7.1157357E-03
  7.2777998E+03  7.1018739E-03
  7.2945698E+03  7.0911371E-03
  7.3113901E+03  7.2645056E-03
  7.3282500E+03  7.2889533E-03
  7.3451401E+03  7.3574507E-03
  7.3620698E+03  7.5042630E-03
  7.3790400E+03  7.5185015E-03
  7.3960498E+03  7.4380240E-03
  7.4131001E+03  7.4722515E-03
  7.4301899E+03  7.6395678E-03
  7.4473198E+03  7.6354337E-03
  7.4644902E+03  7.7365134E-03
  7.4816899E+03  7.7665183E-03
  7.4989399E+03  7.8017130E-03
  7.5162300E+03  7.8962194E-03
  7.5335498E+03  8.0038263E-03
  7.5509199E+03  8.0538709E-03
  7.5683301E+03  8.0244299E-03
  7.5857700E+03  7.8689009E-03
  7.6032598E+03  7.7222218E-03
  7.6207900E+03  7.5666620E-03
  7.6383599E+03  7.4050957E-03
  7.6559600E+03  7.1868571E-03
  7.6736099E+03  6.9516515E-03
  7.6912998E+03  7.0888950E-03
  7.7090298E+03  6.9646160E-03
  7.7268101E+03  7.5748456E-03
  7.7446201E+03  7.5748456E-03
  7.7624702E+03  6.9862404E-03
  7.7803599E+03  7.0558777E-03
  7.7982998E+03  7.0843822E-03
  7.8162798E+03  7.0604654E-03
  7.8342900E+03  6.9988356E-03
  7.8523599E+03  6.9346209E-03
  7.8704600E+03  7.0475079E-03
  7.8886001E+03  6.9597620E-03
  7.9067900E+03  6.8149357E-03
  7.9250098E+03  6.8140677E-03
  7.9432798E+03  6.7870980E-03
  7.9615898E+03  6.9096810E-03
  7.9799502E+03  7.0158769E-03
  7.9983398E+03  7.0530777E-03
  8.0167798E+03  7.1095861E-03
  8.0352598E+03  7.1344720E-03
  8.0537798E+03  7.1627083E-03
  8.0723501E+03  7.2448310E-03
  8.0909600E+03  7.1895407E-03
  8.1096099E+03  7.2752014E-03
  8.1282998E+03  7.4938843E-03
  8.1470400E+03  7.6005007E-03
  8.1658198E+03  7.6805479E-03
  8.1846499E+03  7.5097438E-03
  8.2035098E+03  7.3726652E-03
  8.2224297E+03  7.3669241E-03
  8.2413799E+03  7.3778438E-03
  8.2603799E+03  7.4139144E-03
  8.2794199E+03  7.4099512E-03
  8.2985098E+03  7.2485427E-03
  8.3176299E+03  7.0728795E-03
  8.3368096E+03  7.0384066E-03
  8.3560303E+03  7.0498493E-03
  8.3752900E+03  7.0155538E-03
  8.3945996E+03  6.8830694E-03
  8.4139502E+03  6.9962116E-03
  8.4333496E+03  6.6731744E-03
  8.4527900E+03  6.5337163E-03
  8.4722695E+03  6.5475586E-03
  8.4917998E+03  6.5641245E-03
  8.5113799E+03  6.3199936E-03
  8.5310000E+03  6.5592974E-03
  8.5506699E+03  6.0884040E-03
  8.5703799E+03  6.8110721E-03
  8.5901396E+03  7.5324322E-03
  8.6099404E+03  7.4933865E-03
  8.6297803E+03  7.4933865E-03
  8.6496699E+03  7.4933865E-03
  8.6696201E+03  6.2942537E-03
  8.6895996E+03  6.8117562E-03
  8.7096299E+03  7.0930254E-03
  8.7297100E+03  7.1552647E-03
  8.7498398E+03  7.0649786E-03
  8.7700000E+03  7.2286539E-03
  8.7902305E+03  7.3333527E-03
  8.8104902E+03  7.1919523E-03
  8.8307998E+03  7.2707892E-03
  8.8511504E+03  7.2198375E-03
  8.8715596E+03  6.9293999E-03
  8.8920098E+03  7.0594731E-03
  8.9125098E+03  7.1294019E-03
  8.9330498E+03  7.0147524E-03
  8.9536504E+03  7.0405239E-03
  8.9742803E+03  7.0663127E-03
  8.9949805E+03  7.0123500E-03
  9.0157100E+03  6.9103977E-03
  9.0364902E+03  7.2024111E-03
  9.0573301E+03  7.3802946E-03
  9.0782002E+03  7.3256874E-03
  9.0991299E+03  7.2873812E-03
  9.1200996E+03  7.4132835E-03
  9.1411299E+03  7.4525382E-03
  9.1622002E+03  7.4239173E-03
  9.1833203E+03  7.4800989E-03
  9.2045000E+03  7.2740074E-03
  9.2257100E+03  7.0026019E-03
  9.2469805E+03  6.9530178E-03
  9.2682998E+03  7.0061316E-03
  9.2896602E+03  6.9112061E-03
  9.3110801E+03  6.9586425E-03
  9.3325400E+03  6.9686621E-03
  9.3540596E+03  6.9187488E-03
  9.3756201E+03  6.8606152E-03
  9.3972305E+03  6.9070412E-03
  9.4189004E+03  6.9017122E-03
  9.4406104E+03  6.9496823E-03
  9.4623701E+03  7.0106448E-03
  9.4841797E+03  7.0890388E-03
  9.5060498E+03  6.9806469E-03
  9.5279600E+03  6.9877747E-03
  9.5499199E+03  6.8424069E-03
  9.5719404E+03  6.9579282E-03
  9.5940000E+03  7.0718778E-03
  9.6161201E+03  7.0017022E-03
  9.6382900E+03  6.9769612E-03
  9.6605098E+03  6.8975454E-03
  9.6827695E+03  6.9771605E-03
  9.7050996E+03  6.9330148E-03
  9.7274697E+03  6.8412763E-03
  9.7498896E+03  6.8080965E-03
  9.7723701E+03  6.8339827E-03
  9.7949004E+03  6.7854030E-03
  9.8174805E+03  6.8950164E-03
  9.8401104E+03  6.8760295E-03
  9.8627900E+03  6.8705957E-03
  9.8855303E+03  6.8477280E-03
  9.9083203E+03  6.7802123E-03
  9.9311602E+03  6.8235947E-03
  9.9540498E+03  6.8428013E-03
  9.9770000E+03  6.8381708E-03
  1.0000000E+04  6.8188426E-03
  1.0000000E+04  6.8188426E-03
  1.0115800E+04  5.8891377E-03
  1.0232940E+04  6.7493510E-03
  1.0351420E+04  6.6520041E-03
  1.0471290E+04  6.5732733E-03
  1.0592540E+04  5.6698304E-03
  1.0715200E+04  6.2618153E-03
  1.0839270E+04  5.3370744E-03
  1.0964780E+04  5.3714355E-03
  1.1091750E+04  5.8605406E-03
  1.1220190E+04  5.4008951E-03
  1.1350100E+04  5.0720805E-03
  1.1481540E+04  4.9215774E-03
  1.1614490E+04  5.5028414E-03
  1.1748980E+04  5.4451320E-03
  1.1885020E+04  4.7836695E-03
  1.2022640E+04  4.2442218E-03
  1.2161860E+04  4.6039945E-03
  1.2302690E+04  4.4500930E-03
  1.2445140E+04  4.3388978E-03
  1.2589250E+04  4.4729616E-03
  1.2735030E+04  3.9925855E-03
  1.2882500E+04  4.1989833E-03
  1.3031660E+04  4.6416637E-03
  1.3182560E+04  4.1912016E-03
  1.3335210E+04  4.0925415E-03
  1.3489630E+04  3.8351002E-03
  1.3645840E+04  4.0051118E-03
  1.3803840E+04  4.3063732E-03
  1.3963680E+04  3.7973688E-03
  1.4125380E+04  3.6208217E-03
  1.4288950E+04  3.8910445E-03
  1.4454390E+04  3.8921747E-03
  1.4621770E+04  3.8145457E-03
  1.4791090E+04  4.0473882E-03
  1.4962360E+04  3.8271816E-03
  1.5135610E+04  3.8415017E-03
  1.5310870E+04  3.8640040E-03
  1.5488170E+04  3.8216556E-03
  1.5667520E+04  3.7070636E-03
  1.5848920E+04  3.5652691E-03
  1.6032450E+04  3.6151907E-03
  1.6218100E+04  3.6023273E-03
  1.6405900E+04  3.5870315E-03
  1.6595859E+04  3.5612239E-03
  1.6788039E+04  3.4718271E-03
  1.6982439E+04  3.4210708E-03
  1.7179090E+04  3.2998477E-03
  1.7378000E+04  3.1433096E-03
  1.7579230E+04  3.0342983E-03
  1.7782789E+04  2.8908034E-03
  1.7988711E+04  2.7551032E-03
  1.8197020E+04  2.6405507E-03
  1.8407711E+04  2.5462285E-03
  1.8620869E+04  2.4440787E-03
  1.8836490E+04  2.3627388E-03
  1.9054619E+04  2.3025183E-03
  1.9275240E+04  2.2187443E-03
  1.9498439E+04  2.1164906E-03
  1.9724230E+04  2.0350995E-03
  1.9952631E+04  1.9768449E-03
  2.0183660E+04  1.9251533E-03
  2.0417381E+04  1.8745612E-03
  2.0653801E+04  1.8193942E-03
  2.0892971E+04  1.7666894E-03
  2.1134881E+04  1.7226734E-03
  2.1379619E+04  1.6863762E-03
  2.1627189E+04  1.6238388E-03
  2.1877619E+04  1.5764899E-03
  2.2130939E+04  1.5265970E-03
  2.2387211E+04  1.4675643E-03
  2.2646439E+04  1.4100641E-03
  2.2908680E+04  1.2538810E-03
  2.3173930E+04  1.1934164E-03
  2.3442279E+04  1.0988384E-03
  2.3713740E+04  1.0289114E-03
  2.3988340E+04  9.6937787E-04
  2.4266109E+04  9.0912211E-04
  2.4547080E+04  8.2823943E-04
  2.4831330E+04  7.4145861E-04
  2.5118869E+04  7.0034206E-04
  2.5409740E+04  6.9203100E-04
  2.5703949E+04  6.8908127E-04
  2.6001590E+04  6.7365391E-04
  2.6302680E+04  6.5401220E-04
  2.6607260E+04  6.3227076E-04
  2.6915340E+04  6.1850570E-04
  2.7227010E+04  6.0876890E-04
  2.7542289E+04  5.9158448E-04
  2.7861221E+04  5.7277293E-04
  2.8183820E+04  5.5252295E-04
  2.8510180E+04  5.3758489E-04
  2.8840320E+04  5.1915296E-04
  2.9174279E+04  5.0392799E-04
  2.9512080E+04  4.8658645E-04
  2.9853820E+04  4.7098313E-04
  3.0199520E+04  4.5704335E-04
  3.0549221E+04  4.4256254E-04
  3.0902939E+04  4.3106117E-04
  3.1260789E+04  4.2054636E-04
  3.1622779E+04  4.0740723E-04
  3.1988961E+04  3.9966599E-04
  3.2359350E+04  3.9706638E-04
  3.2734061E+04  3.9960546E-04
  3.3113109E+04  3.9194597E-04
  3.3496551E+04  3.6722104E-04
  3.3884430E+04  3.4224777E-04
  3.4276770E+04  3.2679207E-04
  3.4673680E+04  3.1551195E-04
  3.5075199E+04  3.0440904E-04
  3.5481359E+04  2.9297237E-04
  3.5892180E+04  2.8145703E-04
  3.6307801E+04  2.7207704E-04
  3.6728230E+04  2.6131442E-04
  3.7153539E+04  2.5072510E-04
  3.7583719E+04  2.4061733E-04
  3.8018930E+04  2.3188900E-04
  3.8459180E+04  2.2412527E-04
  3.8904531E+04  2.1488129E-04
  3.9354988E+04  2.0654315E-04
  3.9810711E+04  1.9738670E-04
  4.0271711E+04  1.9091714E-04
  4.0738039E+04  1.8308575E-04
  4.1209730E+04  1.7642847E-04
  4.1686930E+04  1.6913225E-04
  4.2169648E+04  1.6296293E-04
  4.2657961E+04  1.5725942E-04
  4.3151879E+04  1.4156190E-04
  4.3651570E+04  1.3268506E-04
  4.4157039E+04  1.2410992E-04
  4.4668371E+04  1.1835852E-04
  4.5185621E+04  1.1403879E-04
  4.5708801E+04  1.1168531E-04
  4.6238102E+04  1.0793887E-04
  4.6773520E+04  1.0571092E-04
  4.7315148E+04  1.0319152E-04
  4.7862988E+04  1.0025362E-04
  4.8417230E+04  9.7959361E-05
  4.8977891E+04  9.4784744E-05
  4.9545039E+04  9.2208873E-05
  5.0118699E+04  8.9998954E-05
  5.0699059E+04  8.7571789E-05
  5.1286141E+04  8.5474036E-05
  5.1880020E+04  8.3428829E-05
  5.2480719E+04  8.1358383E-05
  5.3088430E+04  7.9093785E-05
  5.3703180E+04  7.7412165E-05
  5.4325051E+04  7.5336029E-05
  5.4954059E+04  7.3842217E-05
  5.5590410E+04  7.2333933E-05
  5.6234129E+04  7.0307949E-05
  5.6885309E+04  6.8009205E-05
  5.7543961E+04  6.6496490E-05
  5.8210301E+04  6.6382185E-05
  5.8884359E+04  6.8315894E-05
  5.9566230E+04  7.3291987E-05
  6.0255988E+04  8.2652296E-05
  6.0953672E+04  9.0754584E-05
  6.1659500E+04  1.3658595E-04
  6.2373500E+04  1.9680156E-04
  6.3095762E+04  1.4514507E-04
  6.3826320E+04  1.0310420E-04
  6.4565410E+04  7.2593306E-05
  6.5313059E+04  6.5142325E-05
  6.6069367E+04  7.3590178E-05
  6.6834359E+04  7.5903685E-05
  6.7608289E+04  7.8452897E-05
  6.8391172E+04  7.7329169E-05
  6.9183117E+04  8.4075000E-05
  6.9984156E+04  1.0557637E-04
  7.0794562E+04  8.9343244E-05
  7.1614344E+04  9.2596019E-05
  7.2443617E+04  9.9106655E-05
  7.3282406E+04  1.0702282E-04
  7.4131008E+04  1.1952188E-04
  7.4989422E+04  1.5802600E-04
  7.5857781E+04  1.8124089E-04
  7.6736102E+04  2.0350459E-04
  7.7624688E+04  1.9574453E-04
  7.8523562E+04  1.9101087E-04
  7.9432844E+04  1.7185956E-04
  8.0352648E+04  1.3859330E-04
  8.1283023E+04  1.1105045E-04
  8.2224258E+04  9.8212877E-05
  8.3176391E+04  9.6389827E-05
  8.4139547E+04  9.5159514E-05
  8.5113773E+04  9.9633951E-05
  8.6099367E+04  1.0697418E-04
  8.7096367E+04  9.5531141E-05
  8.8104922E+04  7.1874529E-05
  8.9125047E+04  5.1720828E-05
  9.0157102E+04  4.2451495E-05
  9.1201094E+04  3.7071797E-05
  9.2257172E+04  3.1475007E-05
  9.3325383E+04  2.9153403E-05
  9.4406070E+04  2.9150586E-05
  9.5499273E+04  2.9191999E-05
  9.6605117E+04  3.3755987E-05
  9.7723672E+04  3.2333919E-05
  9.8855281E+04  2.8331002E-05
  1.0000000E+05  2.9339713E-05
  1.0115797E+05  2.9306906E-05
  1.0232924E+05  2.9631106E-05
  1.0351419E+05  2.9739609E-05
  1.0471285E+05  3.1640004E-05
  1.0592540E+05  3.6416794E-05
  1.0715198E+05  3.8333004E-05
  1.0839266E+05  3.9410814E-05
  1.0964781E+05  4.4796408E-05
  1.1091750E+05  6.1065337E-05
  1.1220190E+05  1.0870813E-04
  1.1350104E+05  1.2249620E-04
  1.1481534E+05  8.6571905E-05
  1.1614488E+05  6.0353119E-05
  1.1748980E+05  4.8861762E-05
  1.1885017E+05  4.7333178E-05
  1.2022642E+05  5.1210292E-05
  1.2161861E+05  4.6843674E-05
  1.2302692E+05  5.0494404E-05
  1.2445140E+05  5.2968320E-05
  1.2589252E+05  5.8362679E-05
  1.2735031E+05  7.0743670E-05
  1.2882499E+05  6.1061583E-05
  1.3031661E+05  3.6640791E-05
  1.3182564E+05  3.2443091E-05
  1.3335214E+05  3.1400206E-05
  1.3489633E+05  2.9279054E-05
  1.3645823E+05  2.8557515E-05
  1.3803839E+05  2.5813712E-05
  1.3963683E+05  2.5475498E-05
  1.4125378E+05  2.6308375E-05
  1.4288947E+05  2.6910669E-05
  1.4454392E+05  2.4023100E-05
  1.4621770E+05  2.0349609E-05
  1.4791086E+05  1.8416104E-05
  1.4962362E+05  1.7783399E-05
  1.5135606E+05  1.7529697E-05
  1.5310872E+05  1.8923891E-05
  1.5488169E+05  2.3956803E-05
  1.5667517E+05  1.9022593E-05
  1.5848925E+05  1.9017392E-05
  1.6032452E+05  1.9192292E-05
  1.6218103E+05  2.2146591E-05
  1.6405903E+05  2.6181584E-05
  1.6595861E+05  2.6499711E-05
  1.6788036E+05  2.7062493E-05
  1.6982438E+05  3.1495088E-05
  1.7179089E+05  2.8367513E-05
  1.7377998E+05  2.5034289E-05
  1.7579231E+05  2.0426705E-05
  1.7782794E+05  1.8638400E-05
  1.7988714E+05  1.7050501E-05
  1.8196998E+05  1.6656193E-05
  1.8407714E+05  1.6335605E-05
  1.8620870E+05  1.6021699E-05
  1.8836495E+05  1.5714204E-05
  1.9054595E+05  1.5378500E-05
  1.9275242E+05  1.4947602E-05
  1.9498444E+05  1.4527501E-05
  1.9724231E+05  1.4117797E-05
  1.9952631E+05  1.3718306E-05
