  3.1623001E+02  0.0000000E+00
  3.1695999E+02  0.0000000E+00
  3.1769000E+02  0.0000000E+00
  3.1842001E+02  0.0000000E+00
  3.1914999E+02  0.0000000E+00
  3.1989001E+02  0.0000000E+00
  3.2063000E+02  0.0000000E+00
  3.2137000E+02  0.0000000E+00
  3.2210999E+02  0.0000000E+00
  3.2285001E+02  0.0000000E+00
  3.2359000E+02  0.0000000E+00
  3.2434000E+02  0.0000000E+00
  3.2509000E+02  0.0000000E+00
  3.2584000E+02  0.0000000E+00
  3.2659000E+02  0.0000000E+00
  3.2734000E+02  0.0000000E+00
  3.2810001E+02  0.0000000E+00
  3.2885001E+02  0.0000000E+00
  3.2960999E+02  0.0000000E+00
  3.3037000E+02  0.0000000E+00
  3.3113000E+02  0.0000000E+00
  3.3189001E+02  0.0000000E+00
  3.3266000E+02  0.0000000E+00
  3.3342999E+02  0.0000000E+00
  3.3419000E+02  0.0000000E+00
  3.3497000E+02  0.0000000E+00
  3.3573999E+02  0.0000000E+00
  3.3651001E+02  0.0000000E+00
  3.3729001E+02  0.0000000E+00
  3.3806000E+02  0.0000000E+00
  3.3884000E+02  0.0000000E+00
  3.3963000E+02  0.0000000E+00
  3.4041000E+02  0.0000000E+00
  3.4119000E+02  0.0000000E+00
  3.4198001E+02  0.0000000E+00
  3.4276999E+02  0.0000000E+00
  3.4356000E+02  0.0000000E+00
  3.4435001E+02  0.0000000E+00
  3.4514001E+02  0.0000000E+00
  3.4594000E+02  0.0000000E+00
  3.4673999E+02  0.0000000E+00
  3.4754001E+02  0.0000000E+00
  3.4834000E+02  0.0000000E+00
  3.4914001E+02  0.0000000E+00
  3.4995001E+02  0.0000000E+00
  3.5075000E+02  0.0000000E+00
  3.5156000E+02  0.0000000E+00
  3.5237000E+02  0.0000000E+00
  3.5317999E+02  0.0000000E+00
  3.5400000E+02  0.0000000E+00
  3.5481000E+02  0.0000000E+00
  3.5563000E+02  0.0000000E+00
  3.5645001E+02  0.0000000E+00
  3.5726999E+02  0.0000000E+00
  3.5810001E+02  0.0000000E+00
  3.5892001E+02  0.0000000E+00
  3.5975000E+02  0.0000000E+00
  3.6057999E+02  0.0000000E+00
  3.6141000E+02  0.0000000E+00
  3.6223999E+02  0.0000000E+00
  3.6307999E+02  0.0000000E+00
  3.6392001E+02  0.0000000E+00
  3.6475000E+02  0.0000000E+00
  3.6559000E+02  0.0000000E+00
  3.6644000E+02  0.0000000E+00
  3.6728000E+02  0.0000000E+00
  3.6813000E+02  0.0000000E+00
  3.6898001E+02  0.0000000E+00
  3.6982999E+02  0.0000000E+00
  3.7067999E+02  0.0000000E+00
  3.7154001E+02  0.0000000E+00
  3.7239001E+02  0.0000000E+00
  3.7325000E+02  0.0000000E+00
  3.7410999E+02  0.0000000E+00
  3.7497000E+02  0.0000000E+00
  3.7584000E+02  0.0000000E+00
  3.7670001E+02  0.0000000E+00
  3.7757001E+02  0.0000000E+00
  3.7844000E+02  0.0000000E+00
  3.7931000E+02  0.0000000E+00
  3.8019000E+02  0.0000000E+00
  3.8107001E+02  0.0000000E+00
  3.8194000E+02  0.0000000E+00
  3.8282001E+02  0.0000000E+00
  3.8370999E+02  0.0000000E+00
  3.8459000E+02  0.0000000E+00
  3.8548001E+02  0.0000000E+00
  3.8637000E+02  0.0000000E+00
  3.8726001E+02  0.0000000E+00
  3.8814999E+02  0.0000000E+00
  3.8904999E+02  0.0000000E+00
  3.8994000E+02  0.0000000E+00
  3.9084000E+02  0.0000000E+00
  3.9173999E+02  0.0000000E+00
  3.9264999E+02  0.0000000E+00
  3.9354999E+02  0.0000000E+00
  3.9445999E+02  0.0000000E+00
  3.9537000E+02  0.0000000E+00
  3.9628000E+02  0.0000000E+00
  3.9719000E+02  0.0000000E+00
  3.9810999E+02  0.0000000E+00
  3.9901999E+02  0.0000000E+00
  3.9994000E+02  0.0000000E+00
  4.0087000E+02  0.0000000E+00
  4.0179001E+02  0.0000000E+00
  4.0272000E+02  0.0000000E+00
  4.0364999E+02  0.0000000E+00
  4.0457999E+02  0.0000000E+00
  4.0551001E+02  0.0000000E+00
  4.0644000E+02  0.0000000E+00
  4.0738000E+02  0.0000000E+00
  4.0832001E+02  0.0000000E+00
  4.0926001E+02  0.0000000E+00
  4.1020001E+02  0.0000000E+00
  4.1114999E+02  0.0000000E+00
  4.1210001E+02  0.0000000E+00
  4.1304999E+02  0.0000000E+00
  4.1400000E+02  0.0000000E+00
  4.1495001E+02  0.0000000E+00
  4.1591000E+02  0.0000000E+00
  4.1687000E+02  0.0000000E+00
  4.1782999E+02  0.0000000E+00
  4.1879001E+02  0.0000000E+00
  4.1976001E+02  0.0000000E+00
  4.2073001E+02  0.0000000E+00
  4.2170001E+02  0.0000000E+00
  4.2267001E+02  0.0000000E+00
  4.2364001E+02  0.0000000E+00
  4.2462000E+02  0.0000000E+00
  4.2560001E+02  0.0000000E+00
  4.2657999E+02  0.0000000E+00
  4.2756000E+02  0.0000000E+00
  4.2854999E+02  0.0000000E+00
  4.2954001E+02  0.0000000E+00
  4.3053000E+02  0.0000000E+00
  4.3151999E+02  0.0000000E+00
  4.3251001E+02  0.0000000E+00
  4.3351001E+02  0.0000000E+00
  4.3451001E+02  0.0000000E+00
  4.3551001E+02  0.0000000E+00
  4.3651999E+02  0.0000000E+00
  4.3751999E+02  0.0000000E+00
  4.3853000E+02  0.0000000E+00
  4.3954001E+02  0.0000000E+00
  4.4054999E+02  0.0000000E+00
  4.4157001E+02  0.0000000E+00
  4.4259000E+02  0.0000000E+00
  4.4360999E+02  0.0000000E+00
  4.4463000E+02  0.0000000E+00
  4.4566000E+02  0.0000000E+00
  4.4667999E+02  0.0000000E+00
  4.4770999E+02  0.0000000E+00
  4.4875000E+02  0.0000000E+00
  4.4978000E+02  0.0000000E+00
  4.5082001E+02  0.0000000E+00
  4.5185999E+02  0.0000000E+00
  4.5289999E+02  0.0000000E+00
  4.5394000E+02  0.0000000E+00
  4.5498999E+02  0.0000000E+00
  4.5604001E+02  0.0000000E+00
  4.5709000E+02  0.0000000E+00
  4.5814001E+02  0.0000000E+00
  4.5920001E+02  0.0000000E+00
  4.6026001E+02  0.0000000E+00
  4.6132001E+02  0.0000000E+00
  4.6238000E+02  0.0000000E+00
  4.6345001E+02  0.0000000E+00
  4.6451999E+02  0.0000000E+00
  4.6559000E+02  0.0000000E+00
  4.6666000E+02  0.0000000E+00
  4.6773999E+02  0.0000000E+00
  4.6881000E+02  0.0000000E+00
  4.6989001E+02  0.0000000E+00
  4.7098001E+02  0.0000000E+00
  4.7206000E+02  0.0000000E+00
  4.7314999E+02  0.0000000E+00
  4.7423999E+02  0.0000000E+00
  4.7534000E+02  0.0000000E+00
  4.7642999E+02  0.0000000E+00
  4.7753000E+02  0.0000000E+00
  4.7863000E+02  0.0000000E+00
  4.7973001E+02  0.0000000E+00
  4.8084000E+02  0.0000000E+00
  4.8195001E+02  0.0000000E+00
  4.8306000E+02  0.0000000E+00
  4.8417001E+02  0.0000000E+00
  4.8529001E+02  0.0000000E+00
  4.8641000E+02  0.0000000E+00
  4.8753000E+02  0.0000000E+00
  4.8864999E+02  0.0000000E+00
  4.8978000E+02  0.0000000E+00
  4.9091000E+02  0.0000000E+00
  4.9204001E+02  0.0000000E+00
  4.9317001E+02  0.0000000E+00
  4.9431000E+02  0.0000000E+00
  4.9545001E+02  0.0000000E+00
  4.9659000E+02  0.0000000E+00
  4.9773999E+02  0.0000000E+00
  4.9888000E+02  0.0000000E+00
  5.0003000E+02  0.0000000E+00
  5.0119000E+02  0.0000000E+00
  5.0234000E+02  0.0000000E+00
  5.0350000E+02  0.0000000E+00
  5.0466000E+02  0.0000000E+00
  5.0582001E+02  0.0000000E+00
  5.0698999E+02  0.0000000E+00
  5.0816000E+02  0.0000000E+00
  5.0932999E+02  0.0000000E+00
  5.1050000E+02  0.0000000E+00
  5.1167999E+02  0.0000000E+00
  5.1285999E+02  0.0000000E+00
  5.1403998E+02  0.0000000E+00
  5.1522998E+02  0.0000000E+00
  5.1641998E+02  0.0000000E+00
  5.1760999E+02  0.0000000E+00
  5.1879999E+02  0.0000000E+00
  5.2000000E+02  0.0000000E+00
  5.2119000E+02  0.0000000E+00
  5.2240002E+02  0.0000000E+00
  5.2359998E+02  0.0000000E+00
  5.2481000E+02  0.0000000E+00
  5.2602002E+02  0.0000000E+00
  5.2722998E+02  0.0000000E+00
  5.2845001E+02  0.0000000E+00
  5.2965997E+02  0.0000000E+00
  5.3088000E+02  0.0000000E+00
  5.3210999E+02  0.0000000E+00
  5.3333002E+02  0.0000000E+00
  5.3456000E+02  0.0000000E+00
  5.3579999E+02  0.0000000E+00
  5.3703003E+02  0.0000000E+00
  5.3827002E+02  0.0000000E+00
  5.3951001E+02  0.0000000E+00
  5.4075000E+02  0.0000000E+00
  5.4200000E+02  0.0000000E+00
  5.4325000E+02  0.0000000E+00
  5.4450000E+02  0.0000000E+00
  5.4576001E+02  0.0000000E+00
  5.4702002E+02  0.0000000E+00
  5.4828003E+02  0.0000000E+00
  5.4953998E+02  0.0000000E+00
  5.5081000E+02  0.0000000E+00
  5.5208002E+02  0.0000000E+00
  5.5334998E+02  0.0000000E+00
  5.5463000E+02  0.0000000E+00
  5.5590002E+02  0.0000000E+00
  5.5719000E+02  0.0000000E+00
  5.5846997E+02  0.0000000E+00
  5.5976001E+02  0.0000000E+00
  5.6104999E+02  0.0000000E+00
  5.6234003E+02  0.0000000E+00
  5.6364001E+02  0.0000000E+00
  5.6494000E+02  0.0000000E+00
  5.6623999E+02  0.0000000E+00
  5.6753998E+02  0.0000000E+00
  5.6884998E+02  0.0000000E+00
  5.7015997E+02  0.0000000E+00
  5.7147998E+02  0.0000000E+00
  5.7279999E+02  0.0000000E+00
  5.7412000E+02  0.0000000E+00
  5.7544000E+02  0.0000000E+00
  5.7677002E+02  0.0000000E+00
  5.7809998E+02  0.0000000E+00
  5.7942999E+02  0.0000000E+00
  5.8076001E+02  0.0000000E+00
  5.8209998E+02  0.0000000E+00
  5.8345001E+02  0.0000000E+00
  5.8478998E+02  0.0000000E+00
  5.8614001E+02  0.0000000E+00
  5.8748999E+02  0.0000000E+00
  5.8884003E+02  0.0000000E+00
  5.9020001E+02  0.0000000E+00
  5.9156000E+02  0.0000000E+00
  5.9292999E+02  0.0000000E+00
  5.9428998E+02  0.0000000E+00
  5.9565997E+02  0.0000000E+00
  5.9703998E+02  0.0000000E+00
  5.9840997E+02  0.0000000E+00
  5.9978998E+02  0.0000000E+00
  6.0116998E+02  0.0000000E+00
  6.0256000E+02  0.0000000E+00
  6.0395001E+02  0.0000000E+00
  6.0534003E+02  0.0000000E+00
  6.0673999E+02  0.0000000E+00
  6.0813000E+02  0.0000000E+00
  6.0953998E+02  0.0000000E+00
  6.1094000E+02  0.0000000E+00
  6.1234998E+02  0.0000000E+00
  6.1376001E+02  0.0000000E+00
  6.1517999E+02  0.0000000E+00
  6.1659003E+02  0.0000000E+00
  6.1802002E+02  0.0000000E+00
  6.1944000E+02  0.0000000E+00
  6.2087000E+02  0.0000000E+00
  6.2229999E+02  0.0000000E+00
  6.2372998E+02  0.0000000E+00
  6.2516998E+02  0.0000000E+00
  6.2660999E+02  0.0000000E+00
  6.2806000E+02  0.0000000E+00
  6.2951001E+02  0.0000000E+00
  6.3096002E+02  0.0000000E+00
  6.3240997E+02  0.0000000E+00
  6.3387000E+02  0.0000000E+00
  6.3533002E+02  0.0000000E+00
  6.3679999E+02  0.0000000E+00
  6.3826001E+02  0.0000000E+00
  6.3972998E+02  0.0000000E+00
  6.4121002E+02  0.0000000E+00
  6.4269000E+02  0.0000000E+00
  6.4416998E+02  0.0000000E+00
  6.4565002E+02  0.0000000E+00
  6.4714001E+02  0.0000000E+00
  6.4863000E+02  0.0000000E+00
  6.5013000E+02  0.0000000E+00
  6.5163000E+02  0.0000000E+00
  6.5313000E+02  0.0000000E+00
  6.5464001E+02  0.0000000E+00
  6.5615002E+02  0.0000000E+00
  6.5765997E+02  0.0000000E+00
  6.5916998E+02  0.0000000E+00
  6.6069000E+02  0.0000000E+00
  6.6221997E+02  0.0000000E+00
  6.6373999E+02  0.0000000E+00
  6.6527002E+02  0.0000000E+00
  6.6681000E+02  0.0000000E+00
  6.6834003E+02  0.0000000E+00
  6.6988000E+02  0.0000000E+00
  6.7142999E+02  0.0000000E+00
  6.7297998E+02  0.0000000E+00
  6.7453003E+02  0.0000000E+00
  6.7608002E+02  0.0000000E+00
  6.7764001E+02  0.0000000E+00
  6.7920001E+02  0.0000000E+00
  6.8077002E+02  0.0000000E+00
  6.8234003E+02  0.0000000E+00
  6.8390997E+02  0.0000000E+00
  6.8548999E+02  0.0000000E+00
  6.8707001E+02  0.0000000E+00
  6.8865002E+02  0.0000000E+00
  6.9023999E+02  0.0000000E+00
  6.9183002E+02  0.0000000E+00
  6.9342999E+02  0.0000000E+00
  6.9502002E+02  0.0000000E+00
  6.9663000E+02  0.0000000E+00
  6.9822998E+02  0.0000000E+00
  6.9984003E+02  0.0000000E+00
  7.0146002E+02  0.0000000E+00
  7.0307001E+02  0.0000000E+00
  7.0469000E+02  0.0000000E+00
  7.0632001E+02  0.0000000E+00
  7.0795001E+02  0.0000000E+00
  7.0958002E+02  0.0000000E+00
  7.1121002E+02  0.0000000E+00
  7.1284998E+02  0.0000000E+00
  7.1450000E+02  0.0000000E+00
  7.1614001E+02  0.0000000E+00
  7.1778998E+02  0.0000000E+00
  7.1945001E+02  0.0000000E+00
  7.2110999E+02  0.0000000E+00
  7.2277002E+02  0.0000000E+00
  7.2444000E+02  0.0000000E+00
  7.2610999E+02  0.0000000E+00
  7.2778003E+02  0.0000000E+00
  7.2946002E+02  0.0000000E+00
  7.3114001E+02  0.0000000E+00
  7.3282001E+02  0.0000000E+00
  7.3451001E+02  0.0000000E+00
  7.3621002E+02  0.0000000E+00
  7.3790002E+02  0.0000000E+00
  7.3960999E+02  0.0000000E+00
  7.4131000E+02  0.0000000E+00
  7.4302002E+02  0.0000000E+00
  7.4472998E+02  0.0000000E+00
  7.4645001E+02  0.0000000E+00
  7.4816998E+02  0.0000000E+00
  7.4989001E+02  0.0000000E+00
  7.5162000E+02  0.0000000E+00
  7.5335999E+02  0.0000000E+00
  7.5509003E+02  0.0000000E+00
  7.5683002E+02  0.0000000E+00
  7.5858002E+02  0.0000000E+00
  7.6033002E+02  0.0000000E+00
  7.6208002E+02  0.0000000E+00
  7.6384003E+02  0.0000000E+00
  7.6559998E+02  0.0000000E+00
  7.6735999E+02  0.0000000E+00
  7.6913000E+02  0.0000000E+00
  7.7090002E+02  0.0000000E+00
  7.7267999E+02  0.0000000E+00
  7.7446002E+02  0.0000000E+00
  7.7625000E+02  0.0000000E+00
  7.7803998E+02  0.0000000E+00
  7.7983002E+02  0.0000000E+00
  7.8163000E+02  0.0000000E+00
  7.8342999E+02  0.0000000E+00
  7.8523999E+02  0.0000000E+00
  7.8704999E+02  0.0000000E+00
  7.8885999E+02  0.0000000E+00
  7.9067999E+02  0.0000000E+00
  7.9250000E+02  0.0000000E+00
  7.9433002E+02  0.0000000E+00
  7.9615997E+02  0.0000000E+00
  7.9798999E+02  0.0000000E+00
  7.9983002E+02  0.0000000E+00
  8.0167999E+02  0.0000000E+00
  8.0353003E+02  0.0000000E+00
  8.0538000E+02  0.0000000E+00
  8.0723999E+02  0.0000000E+00
  8.0909998E+02  0.0000000E+00
  8.1096002E+02  0.0000000E+00
  8.1283002E+02  0.0000000E+00
  8.1470001E+02  0.0000000E+00
  8.1658002E+02  0.0000000E+00
  8.1846002E+02  0.0000000E+00
  8.2034998E+02  0.0000000E+00
  8.2223999E+02  0.0000000E+00
  8.2414001E+02  0.0000000E+00
  8.2603998E+02  0.0000000E+00
  8.2794000E+02  0.0000000E+00
  8.2984998E+02  0.0000000E+00
  8.3176001E+02  0.0000000E+00
  8.3367999E+02  0.0000000E+00
  8.3559998E+02  0.0000000E+00
  8.3753003E+02  0.0000000E+00
  8.3946002E+02  0.0000000E+00
  8.4140002E+02  0.0000000E+00
  8.4333002E+02  0.0000000E+00
  8.4528003E+02  0.0000000E+00
  8.4722998E+02  0.0000000E+00
  8.4917999E+02  0.0000000E+00
  8.5114001E+02  0.0000000E+00
  8.5309998E+02  0.0000000E+00
  8.5507001E+02  0.0000000E+00
  8.5703998E+02  0.0000000E+00
  8.5901001E+02  0.0000000E+00
  8.6098999E+02  0.0000000E+00
  8.6297998E+02  0.0000000E+00
  8.6496997E+02  0.0000000E+00
  8.6696002E+02  0.0000000E+00
  8.6896002E+02  0.0000000E+00
  8.7096002E+02  0.0000000E+00
  8.7296997E+02  0.0000000E+00
  8.7497998E+02  0.0000000E+00
  8.7700000E+02  0.0000000E+00
  8.7902002E+02  0.0000000E+00
  8.8104999E+02  0.0000000E+00
  8.8308002E+02  0.0000000E+00
  8.8512000E+02  0.0000000E+00
  8.8715997E+02  0.0000000E+00
  8.8920001E+02  0.0000000E+00
  8.9125000E+02  0.0000000E+00
  8.9331000E+02  0.0000000E+00
  8.9535999E+02  0.0000000E+00
  8.9742999E+02  0.0000000E+00
  8.9950000E+02  0.0000000E+00
  9.0157001E+02  0.0000000E+00
  9.0365002E+02  0.0000000E+00
  9.0572998E+02  0.0000000E+00
  9.0782001E+02  0.0000000E+00
  9.0990997E+02  0.0000000E+00
  9.1201001E+02  1.3150890E-04
  9.1410999E+02  2.6775317E-04
  9.1621997E+02  4.0305944E-04
  9.1833002E+02  5.3745857E-04
  9.2045001E+02  6.7089702E-04
  9.2257001E+02  8.0340961E-04
  9.2470001E+02  9.3503541E-04
  9.2683002E+02  1.0657103E-03
  9.2896997E+02  1.1954753E-03
  9.3110999E+02  1.3243357E-03
  9.3325000E+02  1.4523227E-03
  9.3540997E+02  1.5793866E-03
  9.3756000E+02  1.7055575E-03
  9.3971997E+02  1.8308696E-03
  9.4189001E+02  1.9552726E-03
  9.4406000E+02  2.0787977E-03
  9.4623999E+02  2.2014815E-03
  9.4841998E+02  2.3232671E-03
  9.5059998E+02  1.4168921E-02
  9.5279999E+02  1.5771011E-02
  9.5498999E+02  1.5771011E-02
  9.5719000E+02  1.4168921E-02
  9.5940002E+02  1.4168921E-02
  9.6160999E+02  1.4168921E-02
  9.6383002E+02  1.4168190E-02
  9.6604999E+02  1.2235580E-02
  9.6828003E+02  1.4168190E-02
  9.7051001E+02  1.4168190E-02
  9.7275000E+02  1.4168190E-02
  9.7498999E+02  1.0909521E-02
  9.7723999E+02  1.0419874E-02
  9.7948999E+02  1.0419874E-02
  9.8175000E+02  1.0152271E-02
  9.8401001E+02  1.0152271E-02
  9.8628003E+02  1.0152271E-02
  9.8854999E+02  1.0909521E-02
  9.9083002E+02  1.0909521E-02
  9.9312000E+02  1.0419874E-02
  9.9540997E+02  1.0419874E-02
  9.9770001E+02  1.0152271E-02
  1.0000000E+03  1.0152271E-02
  1.0023100E+03  1.0152271E-02
  1.0046200E+03  1.0419874E-02
  1.0069300E+03  1.0419874E-02
  1.0092500E+03  1.0419874E-02
  1.0115800E+03  1.0419874E-02
  1.0139100E+03  1.0419874E-02
  1.0162500E+03  1.0064851E-02
  1.0185900E+03  1.0064851E-02
  1.0209400E+03  1.0419874E-02
  1.0232900E+03  1.0419874E-02
  1.0256500E+03  9.3401037E-03
  1.0280200E+03  9.3401037E-03
  1.0303900E+03  7.7826558E-03
  1.0327600E+03  7.7826558E-03
  1.0351400E+03  7.7343220E-03
  1.0375300E+03  7.7343220E-03
  1.0399200E+03  7.7343220E-03
  1.0423199E+03  7.7343220E-03
  1.0447200E+03  7.7343220E-03
  1.0471300E+03  7.7343220E-03
  1.0495400E+03  9.3401037E-03
  1.0519600E+03  7.7343220E-03
  1.0543900E+03  7.7343220E-03
  1.0568199E+03  1.2137413E-02
  1.0592500E+03  1.2137413E-02
  1.0617000E+03  9.3401037E-03
  1.0641400E+03  1.2137413E-02
  1.0666000E+03  1.3010130E-02
  1.0690500E+03  1.3010130E-02
  1.0715200E+03  1.3010130E-02
  1.0739900E+03  1.3607197E-02
  1.0764700E+03  1.3010130E-02
  1.0789500E+03  1.4637801E-02
  1.0814301E+03  1.4637801E-02
  1.0839301E+03  1.4637801E-02
  1.0864301E+03  1.5000109E-02
  1.0889301E+03  1.6248951E-02
  1.0914399E+03  1.6846048E-02
  1.0939600E+03  1.6248951E-02
  1.0964800E+03  1.6248951E-02
  1.0990100E+03  1.6846048E-02
  1.1015400E+03  1.8022841E-02
  1.1040800E+03  1.8022841E-02
  1.1066200E+03  1.8022841E-02
  1.1091801E+03  1.8340506E-02
  1.1117300E+03  1.8022841E-02
  1.1142900E+03  1.8022841E-02
  1.1168600E+03  1.8925367E-02
  1.1194399E+03  1.8925367E-02
  1.1220200E+03  1.9125078E-02
  1.1246000E+03  1.9125078E-02
  1.1272000E+03  1.8925367E-02
  1.1298000E+03  1.8925367E-02
  1.1324000E+03  1.9125078E-02
  1.1350100E+03  1.9125078E-02
  1.1376300E+03  1.9125078E-02
  1.1402500E+03  1.8340506E-02
  1.1428800E+03  1.9125078E-02
  1.1455100E+03  1.8340506E-02
  1.1481500E+03  1.8340506E-02
  1.1508000E+03  1.8340506E-02
  1.1534500E+03  1.8340506E-02
  1.1561100E+03  1.8340506E-02
  1.1587800E+03  1.8340506E-02
  1.1614500E+03  1.8340506E-02
  1.1641300E+03  1.8340506E-02
  1.1668101E+03  1.9204354E-02
  1.1695000E+03  1.8022841E-02
  1.1722000E+03  1.9204354E-02
  1.1749000E+03  1.8340506E-02
  1.1776100E+03  1.8022841E-02
  1.1803199E+03  1.7814012E-02
  1.1830400E+03  1.7289083E-02
  1.1857700E+03  1.7289083E-02
  1.1885000E+03  1.7814012E-02
  1.1912400E+03  1.7027831E-02
  1.1939900E+03  1.7814012E-02
  1.1967400E+03  1.7289083E-02
  1.1995000E+03  1.7027831E-02
  1.2022600E+03  1.6242160E-02
  1.2050400E+03  1.6002418E-02
  1.2078101E+03  1.6002418E-02
  1.2106000E+03  2.4783800E-03
  1.2133900E+03  2.1972435E-03
  1.2161899E+03  2.3019041E-03
  1.2189900E+03  1.6002418E-02
  1.2218000E+03  1.6362177E-02
  1.2246200E+03  1.6362177E-02
  1.2274399E+03  1.6362177E-02
  1.2302700E+03  1.6362177E-02
  1.2331000E+03  1.6362177E-02
  1.2359500E+03  1.6002418E-02
  1.2388000E+03  1.6242160E-02
  1.2416500E+03  1.6362177E-02
  1.2445100E+03  1.6362177E-02
  1.2473800E+03  1.6242160E-02
  1.2502600E+03  1.6055673E-02
  1.2531400E+03  1.5921075E-02
  1.2560300E+03  1.5678052E-02
  1.2589301E+03  1.5509035E-02
  1.2618300E+03  1.5509035E-02
  1.2647400E+03  1.5455964E-02
  1.2676500E+03  1.5455964E-02
  1.2705699E+03  1.5217164E-02
  1.2735000E+03  1.5212653E-02
  1.2764399E+03  1.4908334E-02
  1.2793800E+03  1.4634977E-02
  1.2823300E+03  1.4634977E-02
  1.2852900E+03  1.4634977E-02
  1.2882500E+03  1.4634977E-02
  1.2912200E+03  1.4719116E-02
  1.2942000E+03  1.4634977E-02
  1.2971801E+03  1.4244135E-02
  1.3001700E+03  1.4284782E-02
  1.3031700E+03  1.3849993E-02
  1.3061700E+03  1.3704780E-02
  1.3091801E+03  1.3409801E-02
  1.3122000E+03  1.3013856E-02
  1.3152200E+03  1.2851762E-02
  1.3182600E+03  1.2413095E-02
  1.3213000E+03  1.1788724E-02
  1.3243400E+03  1.1736738E-02
  1.3273900E+03  1.1736738E-02
  1.3304500E+03  1.1011630E-02
  1.3335200E+03  1.1031150E-02
  1.3366000E+03  1.0959139E-02
  1.3396801E+03  1.0617306E-02
  1.3427700E+03  1.0617306E-02
  1.3458600E+03  1.0617306E-02
  1.3489600E+03  1.0617306E-02
  1.3520699E+03  1.0795202E-02
  1.3551899E+03  1.0854429E-02
  1.3583101E+03  1.0240730E-02
  1.3614399E+03  9.8025640E-03
  1.3645800E+03  9.5651215E-03
  1.3677300E+03  9.4352132E-03
  1.3708800E+03  9.3536293E-03
  1.3740400E+03  9.3047749E-03
  1.3772100E+03  9.3047749E-03
  1.3803800E+03  9.2692291E-03
  1.3835699E+03  9.2050871E-03
  1.3867600E+03  8.7582124E-03
  1.3899500E+03  9.0433108E-03
  1.3931600E+03  8.7582124E-03
  1.3963700E+03  8.6853197E-03
  1.3995900E+03  8.6351614E-03
  1.4028101E+03  8.6351614E-03
  1.4060500E+03  8.4813526E-03
  1.4092900E+03  8.4385509E-03
  1.4125400E+03  8.4385509E-03
  1.4157900E+03  8.3582634E-03
  1.4190601E+03  8.4385509E-03
  1.4223300E+03  8.3582634E-03
  1.4256100E+03  7.9645533E-03
  1.4288900E+03  8.1877550E-03
  1.4321899E+03  8.2996041E-03
  1.4354900E+03  7.9645533E-03
  1.4388000E+03  7.9645533E-03
  1.4421200E+03  7.9125836E-03
  1.4454399E+03  7.7421851E-03
  1.4487700E+03  7.6872339E-03
  1.4521100E+03  7.6576569E-03
  1.4554600E+03  7.6576569E-03
  1.4588101E+03  7.6576569E-03
  1.4621801E+03  7.4707870E-03
  1.4655500E+03  7.5665917E-03
  1.4689301E+03  7.4358317E-03
  1.4723101E+03  7.2641904E-03
  1.4757100E+03  7.1044555E-03
  1.4791100E+03  7.0628030E-03
  1.4825200E+03  6.9905794E-03
  1.4859399E+03  7.0628030E-03
  1.4893600E+03  6.8926434E-03
  1.4927900E+03  6.8255803E-03
  1.4962400E+03  6.6791559E-03
  1.4996801E+03  6.7486288E-03
  1.5031400E+03  6.7486288E-03
  1.5066100E+03  6.6791559E-03
  1.5100800E+03  6.6650319E-03
  1.5135601E+03  6.4203297E-03
  1.5170500E+03  6.2730317E-03
  1.5205500E+03  6.1669447E-03
  1.5240500E+03  6.0560619E-03
  1.5275699E+03  6.1669447E-03
  1.5310900E+03  5.9628622E-03
  1.5346200E+03  5.9138509E-03
  1.5381500E+03  5.9138509E-03
  1.5417000E+03  5.9138509E-03
  1.5452500E+03  5.9009730E-03
  1.5488199E+03  5.9009730E-03
  1.5523900E+03  5.9009730E-03
  1.5559700E+03  5.6893365E-03
  1.5595500E+03  5.7618753E-03
  1.5631500E+03  5.6861672E-03
  1.5667500E+03  5.6356392E-03
  1.5703600E+03  5.6861672E-03
  1.5739800E+03  5.6893365E-03
  1.5776100E+03  5.6861672E-03
  1.5812500E+03  5.6861672E-03
  1.5848900E+03  5.6861672E-03
  1.5885500E+03  5.6861672E-03
  1.5922100E+03  5.6861672E-03
  1.5958800E+03  5.6893365E-03
  1.5995601E+03  5.6861672E-03
  1.6032500E+03  5.6861672E-03
  1.6069399E+03  5.6861672E-03
  1.6106500E+03  5.6861672E-03
  1.6143600E+03  5.8199917E-03
  1.6180800E+03  5.8199917E-03
  1.6218101E+03  5.8199917E-03
  1.6255500E+03  5.8199917E-03
  1.6293000E+03  5.6893365E-03
  1.6330500E+03  5.8199917E-03
  1.6368199E+03  5.6893365E-03
  1.6405900E+03  5.6893365E-03
  1.6443700E+03  5.6893365E-03
  1.6481600E+03  5.6893365E-03
  1.6519600E+03  5.4727206E-03
  1.6557700E+03  5.4727206E-03
  1.6595900E+03  5.0666593E-03
  1.6634100E+03  5.0666593E-03
  1.6672500E+03  4.9872180E-03
  1.6710900E+03  4.9872180E-03
  1.6749399E+03  4.9872180E-03
  1.6788000E+03  4.9872180E-03
  1.6826700E+03  4.9872180E-03
  1.6865500E+03  4.9872180E-03
  1.6904399E+03  4.9872180E-03
  1.6943400E+03  4.6058982E-03
  1.6982400E+03  4.6058982E-03
  1.7021600E+03  4.6058982E-03
  1.7060800E+03  4.4930810E-03
  1.7100200E+03  4.4930810E-03
  1.7139600E+03  4.4930810E-03
  1.7179100E+03  4.5987908E-03
  1.7218700E+03  4.5987908E-03
  1.7258400E+03  4.6058982E-03
  1.7298199E+03  4.6058982E-03
  1.7338000E+03  4.6058982E-03
  1.7378000E+03  4.6058982E-03
  1.7418101E+03  4.6058982E-03
  1.7458199E+03  4.6058982E-03
  1.7498500E+03  4.6058982E-03
  1.7538800E+03  4.8509124E-03
  1.7579200E+03  4.8509124E-03
  1.7619800E+03  4.6058982E-03
  1.7660400E+03  4.6699964E-03
  1.7701100E+03  4.6699964E-03
  1.7741899E+03  4.7513046E-03
  1.7782800E+03  4.6699964E-03
  1.7823800E+03  4.6058982E-03
  1.7864900E+03  4.6699964E-03
  1.7906100E+03  4.6955571E-03
  1.7947300E+03  4.7513046E-03
  1.7988700E+03  4.7513046E-03
  1.8030200E+03  4.7513046E-03
  1.8071700E+03  4.6955571E-03
  1.8113400E+03  4.6955571E-03
  1.8155200E+03  4.6955571E-03
  1.8197000E+03  4.6955571E-03
  1.8239000E+03  4.6955571E-03
  1.8281000E+03  4.6699964E-03
  1.8323101E+03  4.6699964E-03
  1.8365400E+03  4.6699964E-03
  1.8407700E+03  4.6699964E-03
  1.8450200E+03  4.5501627E-03
  1.8492700E+03  4.6699964E-03
  1.8535300E+03  4.5430791E-03
  1.8578000E+03  4.5430791E-03
  1.8620900E+03  4.5430791E-03
  1.8663800E+03  4.5240894E-03
  1.8706801E+03  4.5240894E-03
  1.8749900E+03  4.5216512E-03
  1.8793199E+03  4.5216512E-03
  1.8836500E+03  4.5190654E-03
  1.8879900E+03  4.5190654E-03
  1.8923400E+03  4.4799950E-03
  1.8967100E+03  4.4799950E-03
  1.9010800E+03  4.4799950E-03
  1.9054600E+03  4.4799950E-03
  1.9098500E+03  4.4799950E-03
  1.9142600E+03  4.3748468E-03
  1.9186700E+03  4.3138689E-03
  1.9230900E+03  4.2433669E-03
  1.9275200E+03  4.2433669E-03
  1.9319700E+03  4.1987645E-03
  1.9364200E+03  4.1584368E-03
  1.9408900E+03  4.1256836E-03
  1.9453600E+03  4.1072974E-03
  1.9498400E+03  4.0771444E-03
  1.9543400E+03  4.0771444E-03
  1.9588400E+03  4.0563680E-03
  1.9633600E+03  4.0527578E-03
  1.9678900E+03  4.0482194E-03
  1.9724200E+03  4.0482194E-03
  1.9769700E+03  4.0228725E-03
  1.9815300E+03  4.0046261E-03
  1.9860900E+03  3.9600385E-03
  1.9906700E+03  3.9950982E-03
  1.9952600E+03  3.9070230E-03
  1.9998600E+03  3.8777040E-03
  2.0044700E+03  3.8744314E-03
  2.0090900E+03  3.8503355E-03
  2.0137200E+03  3.8450654E-03
  2.0183700E+03  3.8332059E-03
  2.0230200E+03  3.8148160E-03
  2.0276801E+03  3.6995984E-03
  2.0323600E+03  3.6827449E-03
  2.0370400E+03  3.6596986E-03
  2.0417400E+03  3.6507510E-03
  2.0464399E+03  3.6382643E-03
  2.0511599E+03  3.5741699E-03
  2.0558899E+03  3.5225903E-03
  2.0606299E+03  3.5225903E-03
  2.0653799E+03  3.5229712E-03
  2.0701399E+03  3.5224936E-03
  2.0749099E+03  3.5138081E-03
  2.0797000E+03  3.4910045E-03
  2.0844900E+03  3.4361945E-03
  2.0893000E+03  3.4584540E-03
  2.0941101E+03  3.4154861E-03
  2.0989399E+03  3.3738369E-03
  2.1037800E+03  3.2557154E-03
  2.1086299E+03  3.2462066E-03
  2.1134900E+03  3.2493803E-03
  2.1183601E+03  3.2493803E-03
  2.1232400E+03  3.2157940E-03
  2.1281399E+03  3.1945666E-03
  2.1330400E+03  3.1822876E-03
  2.1379600E+03  3.1692833E-03
  2.1428899E+03  3.1692833E-03
  2.1478301E+03  3.1523008E-03
  2.1527800E+03  3.1276201E-03
  2.1577400E+03  3.1276201E-03
  2.1627200E+03  3.1331158E-03
  2.1677000E+03  3.1229944E-03
  2.1727000E+03  3.1276182E-03
  2.1777100E+03  3.1276182E-03
  2.1827300E+03  3.1229944E-03
  2.1877600E+03  3.0333190E-03
  2.1928000E+03  3.0304713E-03
  2.1978601E+03  3.0333190E-03
  2.2029299E+03  3.0950375E-03
  2.2080000E+03  3.0615688E-03
  2.2130901E+03  3.0592571E-03
  2.2182000E+03  3.0538337E-03
  2.2233101E+03  3.0369882E-03
  2.2284399E+03  3.0333190E-03
  2.2335701E+03  3.0369882E-03
  2.2387200E+03  3.0138767E-03
  2.2438799E+03  2.9933988E-03
  2.2490500E+03  2.9823007E-03
  2.2542400E+03  2.9766022E-03
  2.2594399E+03  2.9766022E-03
  2.2646399E+03  2.9470017E-03
  2.2698601E+03  2.9049830E-03
  2.2751001E+03  2.9470017E-03
  2.2803401E+03  2.9014049E-03
  2.2856001E+03  2.8939648E-03
  2.2908701E+03  2.8631736E-03
  2.2961499E+03  2.8144175E-03
  2.3014399E+03  2.7814275E-03
  2.3067500E+03  2.7599020E-03
  2.3120601E+03  2.7498521E-03
  2.3173899E+03  2.7395263E-03
  2.3227400E+03  2.7206345E-03
  2.3280901E+03  2.7105419E-03
  2.3334600E+03  2.7032781E-03
  2.3388401E+03  2.7114050E-03
  2.3442300E+03  2.7105419E-03
  2.3496299E+03  2.7032781E-03
  2.3550500E+03  2.7032781E-03
  2.3604800E+03  2.6831806E-03
  2.3659199E+03  2.6769966E-03
  2.3713701E+03  2.6689596E-03
  2.3768401E+03  2.6673630E-03
  2.3823201E+03  2.6608766E-03
  2.3878101E+03  2.6633216E-03
  2.3933201E+03  2.6831806E-03
  2.3988301E+03  2.6831806E-03
  2.4043601E+03  2.6831806E-03
  2.4099099E+03  2.6831806E-03
  2.4154600E+03  2.6855399E-03
  2.4210300E+03  2.6899946E-03
  2.4266101E+03  2.6855399E-03
  2.4322000E+03  2.7083002E-03
  2.4378101E+03  2.7083002E-03
  2.4434299E+03  2.7087999E-03
  2.4490601E+03  2.7087999E-03
  2.4547100E+03  2.7281276E-03
  2.4603701E+03  2.7425720E-03
  2.4660400E+03  2.7456903E-03
  2.4717200E+03  2.7432074E-03
  2.4774199E+03  2.7539735E-03
  2.4831299E+03  2.7741124E-03
  2.4888601E+03  2.7687021E-03
  2.4945901E+03  2.7820796E-03
  2.5003501E+03  2.7820796E-03
  2.5061101E+03  2.7748756E-03
  2.5118899E+03  2.7863549E-03
  2.5176799E+03  2.7856100E-03
  2.5234800E+03  2.7863549E-03
  2.5293000E+03  2.7987878E-03
  2.5351299E+03  2.8006276E-03
  2.5409700E+03  2.8050020E-03
  2.5468301E+03  2.8006276E-03
  2.5527000E+03  2.8027655E-03
  2.5585901E+03  2.8027655E-03
  2.5644800E+03  2.8027655E-03
  2.5703899E+03  2.8027655E-03
  2.5763201E+03  2.7905537E-03
  2.5822600E+03  2.8027655E-03
  2.5882100E+03  2.7819055E-03
  2.5941799E+03  2.7703503E-03
  2.6001599E+03  2.7703503E-03
  2.6061499E+03  2.7863549E-03
  2.6121599E+03  2.7703503E-03
  2.6181799E+03  2.7819055E-03
  2.6242200E+03  2.7703503E-03
  2.6302700E+03  2.7819055E-03
  2.6363301E+03  2.7780475E-03
  2.6424099E+03  2.7642311E-03
  2.6485000E+03  2.7702104E-03
  2.6546101E+03  2.7642311E-03
  2.6607200E+03  2.7642311E-03
  2.6668601E+03  2.7958041E-03
  2.6730100E+03  2.7971044E-03
  2.6791699E+03  2.7958041E-03
  2.6853401E+03  2.7780475E-03
  2.6915300E+03  2.8011596E-03
  2.6977400E+03  2.8030365E-03
  2.7039600E+03  2.8025487E-03
  2.7101899E+03  2.8030365E-03
  2.7164399E+03  2.8148917E-03
  2.7227000E+03  2.8346106E-03
  2.7289800E+03  2.8379397E-03
  2.7352700E+03  2.8472217E-03
  2.7415701E+03  2.8589515E-03
  2.7478899E+03  2.8613743E-03
  2.7542300E+03  2.8634691E-03
  2.7605801E+03  2.8664558E-03
  2.7669399E+03  2.8522639E-03
  2.7733201E+03  2.8489383E-03
  2.7797100E+03  2.8589515E-03
  2.7861201E+03  2.8677969E-03
  2.7925400E+03  2.8948579E-03
  2.7989800E+03  2.9226572E-03
  2.8054299E+03  2.9366140E-03
  2.8118999E+03  2.9413672E-03
  2.8183799E+03  2.9449977E-03
  2.8248799E+03  2.9615902E-03
  2.8313899E+03  2.9420618E-03
  2.8379199E+03  2.9360869E-03
  2.8444600E+03  2.9615902E-03
  2.8510200E+03  2.9766806E-03
  2.8575901E+03  2.9655811E-03
  2.8641799E+03  3.0130760E-03
  2.8707800E+03  3.0300370E-03
  2.8773999E+03  3.0349465E-03
  2.8840300E+03  3.0415915E-03
  2.8906799E+03  3.0395717E-03
  2.8973401E+03  3.0452423E-03
  2.9040200E+03  3.0452423E-03
  2.9107200E+03  3.0415915E-03
  2.9174299E+03  3.0415915E-03
  2.9241499E+03  3.0569066E-03
  2.9308899E+03  3.0632704E-03
  2.9376499E+03  3.0679102E-03
  2.9444199E+03  3.0755389E-03
  2.9512100E+03  3.0755389E-03
  2.9580100E+03  3.0755389E-03
  2.9648301E+03  3.0714457E-03
  2.9716699E+03  3.0664015E-03
  2.9785200E+03  3.0455363E-03
  2.9853799E+03  3.0445352E-03
  2.9922600E+03  3.0453692E-03
  2.9991599E+03  3.0435375E-03
  3.0060801E+03  3.0603101E-03
  3.0130100E+03  3.0714911E-03
  3.0199500E+03  3.0709617E-03
  3.0269099E+03  3.0709617E-03
  3.0338899E+03  3.0714911E-03
  3.0408899E+03  3.0664015E-03
  3.0478899E+03  3.0528146E-03
  3.0549199E+03  3.0577157E-03
  3.0619600E+03  3.0476085E-03
  3.0690200E+03  3.0577157E-03
  3.0761001E+03  3.0577157E-03
  3.0831899E+03  3.0583586E-03
  3.0903000E+03  3.0603101E-03
  3.0974199E+03  3.0707393E-03
  3.1045601E+03  3.0582377E-03
  3.1117200E+03  3.0577157E-03
  3.1188899E+03  3.0577157E-03
  3.1260801E+03  3.0582377E-03
  3.1332800E+03  3.0582377E-03
  3.1405100E+03  3.0583586E-03
  3.1477500E+03  3.0646259E-03
  3.1550000E+03  3.0707393E-03
  3.1622800E+03  3.0872093E-03
  3.1695701E+03  3.0912354E-03
  3.1768701E+03  3.1047903E-03
  3.1842000E+03  3.1047903E-03
  3.1915400E+03  3.1078411E-03
  3.1988899E+03  3.1262999E-03
  3.2062700E+03  3.1267651E-03
  3.2136599E+03  3.1293444E-03
  3.2210701E+03  3.1359466E-03
  3.2284900E+03  3.1476491E-03
  3.2359399E+03  3.1876625E-03
  3.2433999E+03  3.2314451E-03
  3.2508701E+03  3.2442985E-03
  3.2583701E+03  3.2430040E-03
  3.2658799E+03  3.2442985E-03
  3.2734099E+03  3.2442985E-03
  3.2809500E+03  3.2635550E-03
  3.2885200E+03  3.2700561E-03
  3.2961001E+03  3.3157477E-03
  3.3036899E+03  3.3157477E-03
  3.3113101E+03  3.3178891E-03
  3.3189399E+03  3.3178891E-03
  3.3265901E+03  3.3264081E-03
  3.3342600E+03  3.3316275E-03
  3.3419500E+03  3.3402275E-03
  3.3496499E+03  3.3485647E-03
  3.3573799E+03  3.3667432E-03
  3.3651201E+03  3.3727463E-03
  3.3728701E+03  3.3794928E-03
  3.3806499E+03  3.4183296E-03
  3.3884399E+03  3.4158591E-03
  3.3962500E+03  3.4324161E-03
  3.4040801E+03  3.4340071E-03
  3.4119299E+03  3.4506633E-03
  3.4197900E+03  3.4648336E-03
  3.4276799E+03  3.4527080E-03
  3.4355801E+03  3.5091159E-03
  3.4435000E+03  3.5528992E-03
  3.4514399E+03  3.5852930E-03
  3.4593899E+03  3.5852930E-03
  3.4673701E+03  3.6070806E-03
  3.4753601E+03  3.6331548E-03
  3.4833701E+03  3.6389634E-03
  3.4913999E+03  3.6504164E-03
  3.4994500E+03  3.6657169E-03
  3.5075200E+03  3.7027944E-03
  3.5156001E+03  3.7534938E-03
  3.5237100E+03  3.7649910E-03
  3.5318301E+03  3.7703936E-03
  3.5399700E+03  3.7988306E-03
  3.5481299E+03  3.8120714E-03
  3.5563101E+03  3.8559665E-03
  3.5645100E+03  3.8572557E-03
  3.5727300E+03  3.8559665E-03
  3.5809600E+03  3.8744654E-03
  3.5892200E+03  3.9031322E-03
  3.5974900E+03  3.9450447E-03
  3.6057900E+03  4.0044300E-03
  3.6141001E+03  4.0264521E-03
  3.6224299E+03  4.0366682E-03
  3.6307800E+03  4.0736855E-03
  3.6391499E+03  4.0957690E-03
  3.6475400E+03  4.1414229E-03
  3.6559500E+03  4.1495748E-03
  3.6643701E+03  4.1559148E-03
  3.6728201E+03  4.1937609E-03
  3.6812900E+03  4.2373794E-03
  3.6897800E+03  4.2489683E-03
  3.6982800E+03  4.2613912E-03
  3.7068101E+03  4.3135942E-03
  3.7153501E+03  4.3987366E-03
  3.7239199E+03  4.4144099E-03
  3.7325000E+03  4.4368156E-03
  3.7411101E+03  4.4793510E-03
  3.7497300E+03  4.4930563E-03
  3.7583701E+03  4.5206756E-03
  3.7670400E+03  4.5363475E-03
  3.7757200E+03  4.5815674E-03
  3.7844199E+03  4.5832931E-03
  3.7931499E+03  4.5906538E-03
  3.8018899E+03  4.6313601E-03
  3.8106599E+03  4.6747336E-03
  3.8194399E+03  4.7157197E-03
  3.8282500E+03  4.7526350E-03
  3.8370701E+03  4.7840765E-03
  3.8459199E+03  4.8289127E-03
  3.8547800E+03  4.8415689E-03
  3.8636699E+03  4.8928387E-03
  3.8725701E+03  4.8762644E-03
  3.8815000E+03  4.8921779E-03
  3.8904500E+03  4.8967162E-03
  3.8994199E+03  4.8984261E-03
  3.9084099E+03  4.9063927E-03
  3.9174199E+03  4.9091484E-03
  3.9264500E+03  4.9667479E-03
  3.9355000E+03  5.0062495E-03
  3.9445701E+03  5.0541717E-03
  3.9536699E+03  5.0823935E-03
  3.9627800E+03  5.0927275E-03
  3.9719199E+03  5.1070089E-03
  3.9810701E+03  5.1167579E-03
  3.9902500E+03  5.1287073E-03
  3.9994500E+03  5.1440015E-03
  4.0086699E+03  5.1943515E-03
  4.0179099E+03  5.2153133E-03
  4.0271699E+03  5.2832174E-03
  4.0364500E+03  5.2971835E-03
  4.0457600E+03  5.3243679E-03
  4.0550901E+03  5.3621754E-03
  4.0644299E+03  5.3316099E-03
  4.0738000E+03  5.3316099E-03
  4.0831899E+03  5.3403983E-03
  4.0926101E+03  5.3448682E-03
  4.1020400E+03  5.3263619E-03
  4.1115000E+03  5.3483783E-03
  4.1209800E+03  5.3728987E-03
  4.1304702E+03  5.4105371E-03
  4.1400000E+03  5.4421136E-03
  4.1495400E+03  5.4550921E-03
  4.1591099E+03  5.4939399E-03
  4.1686899E+03  5.5370661E-03
  4.1782998E+03  5.5453279E-03
  4.1879399E+03  5.5629062E-03
  4.1975898E+03  5.6111924E-03
  4.2072598E+03  5.6408918E-03
  4.2169600E+03  5.6936704E-03
  4.2266899E+03  5.7075247E-03
  4.2364302E+03  5.7415403E-03
  4.2462002E+03  5.7273363E-03
  4.2559800E+03  5.7490407E-03
  4.2657900E+03  5.7903030E-03
  4.2756299E+03  5.7959384E-03
  4.2854800E+03  5.7991594E-03
  4.2953599E+03  5.8165360E-03
  4.3052598E+03  5.8380049E-03
  4.3151899E+03  5.8771716E-03
  4.3251401E+03  5.8858250E-03
  4.3351099E+03  5.9055360E-03
  4.3451001E+03  5.8988188E-03
  4.3551201E+03  5.8973231E-03
  4.3651602E+03  5.8858250E-03
  4.3752202E+03  5.8858250E-03
  4.3853101E+03  5.8988188E-03
  4.3954199E+03  5.8904439E-03
  4.4055498E+03  5.8997064E-03
  4.4157002E+03  5.9052082E-03
  4.4258799E+03  5.9134290E-03
  4.4360801E+03  5.9058373E-03
  4.4463101E+03  5.9553902E-03
  4.4565601E+03  5.9621814E-03
  4.4668301E+03  5.9858072E-03
  4.4771299E+03  5.9881839E-03
  4.4874502E+03  5.9881839E-03
  4.4977998E+03  5.9858072E-03
  4.5081699E+03  5.9713265E-03
  4.5185601E+03  5.9825745E-03
  4.5289702E+03  5.9621814E-03
  4.5394102E+03  5.9660873E-03
  4.5498799E+03  5.9425193E-03
  4.5603701E+03  5.9172283E-03
  4.5708799E+03  5.9427610E-03
  4.5814199E+03  5.9405947E-03
  4.5919800E+03  5.9405947E-03
  4.6025601E+03  5.9620207E-03
  4.6131802E+03  5.9496094E-03
  4.6238101E+03  5.9749172E-03
  4.6344702E+03  5.9467684E-03
  4.6451499E+03  5.9423465E-03
  4.6558599E+03  5.9629539E-03
  4.6665898E+03  5.9755635E-03
  4.6773501E+03  5.9749172E-03
  4.6881299E+03  5.9836782E-03
  4.6989399E+03  5.9829326E-03
  4.7097700E+03  5.9862938E-03
  4.7206299E+03  5.9829326E-03
  4.7315098E+03  5.9929127E-03
  4.7424199E+03  5.9940545E-03
  4.7533501E+03  5.9767379E-03
  4.7643101E+03  5.9657334E-03
  4.7752900E+03  5.9738844E-03
  4.7862998E+03  5.9738844E-03
  4.7973301E+03  5.9460732E-03
  4.8083901E+03  5.9425812E-03
  4.8194800E+03  5.9337113E-03
  4.8305898E+03  5.9337113E-03
  4.8417202E+03  5.9376769E-03
  4.8528799E+03  5.9383125E-03
  4.8640698E+03  5.9211212E-03
  4.8752798E+03  5.8934134E-03
  4.8865200E+03  5.8772881E-03
  4.8977900E+03  5.8648759E-03
  4.9090801E+03  5.8648759E-03
  4.9203901E+03  5.8642831E-03
  4.9317402E+03  5.8642831E-03
  4.9431099E+03  5.8664018E-03
  4.9545000E+03  5.8641061E-03
  4.9659199E+03  5.8564525E-03
  4.9773701E+03  5.8497819E-03
  4.9888398E+03  5.8116908E-03
  5.0003398E+03  5.7988344E-03
  5.0118701E+03  5.7796636E-03
  5.0234302E+03  5.7766279E-03
  5.0350000E+03  5.7756989E-03
  5.0466099E+03  5.7667107E-03
  5.0582500E+03  5.7696933E-03
  5.0699102E+03  5.7424768E-03
  5.0815898E+03  5.7756989E-03
  5.0933101E+03  5.7496754E-03
  5.1050498E+03  5.7756989E-03
  5.1168198E+03  5.7719904E-03
  5.1286099E+03  5.7410770E-03
  5.1404399E+03  5.7146167E-03
  5.1522900E+03  5.6852871E-03
  5.1641602E+03  5.6680972E-03
  5.1760698E+03  5.6539504E-03
  5.1880000E+03  5.6339102E-03
  5.1999600E+03  5.6294119E-03
  5.2119502E+03  5.6190561E-03
  5.2239600E+03  5.6294119E-03
  5.2360000E+03  5.6251395E-03
  5.2480698E+03  5.6176432E-03
  5.2601699E+03  5.6137312E-03
  5.2722998E+03  5.6017619E-03
  5.2844502E+03  5.6017619E-03
  5.2966299E+03  5.6176432E-03
  5.3088398E+03  5.6251395E-03
  5.3210801E+03  5.6499974E-03
  5.3333501E+03  5.6624399E-03
  5.3456401E+03  5.6823697E-03
  5.3579600E+03  5.6636645E-03
  5.3703198E+03  5.6831245E-03
  5.3827002E+03  5.6624399E-03
  5.3951001E+03  5.6608701E-03
  5.4075400E+03  5.6624399E-03
  5.4200098E+03  5.6731650E-03
  5.4325000E+03  5.6425086E-03
  5.4450200E+03  5.6182537E-03
  5.4575801E+03  5.6320424E-03
  5.4701602E+03  5.6320424E-03
  5.4827700E+03  5.6268256E-03
  5.4954102E+03  5.6268256E-03
  5.5080801E+03  5.6158146E-03
  5.5207700E+03  5.5966070E-03
  5.5335000E+03  5.6182537E-03
  5.5462598E+03  5.6103789E-03
  5.5590400E+03  5.6103789E-03
  5.5718501E+03  5.6158146E-03
  5.5847002E+03  5.6299246E-03
  5.5975698E+03  5.6552296E-03
  5.6104800E+03  5.6585711E-03
  5.6234102E+03  5.6566172E-03
  5.6363799E+03  5.6566172E-03
  5.6493701E+03  5.6585711E-03
  5.6623901E+03  5.6566172E-03
  5.6754502E+03  5.6369016E-03
  5.6885298E+03  5.6166565E-03
  5.7016401E+03  5.5992836E-03
  5.7147900E+03  5.5992836E-03
  5.7279600E+03  5.5902535E-03
  5.7411602E+03  5.5806683E-03
  5.7543999E+03  5.5263247E-03
  5.7676602E+03  5.5137761E-03
  5.7809600E+03  5.5137761E-03
  5.7942900E+03  5.5238651E-03
  5.8076401E+03  5.5263247E-03
  5.8210298E+03  5.5415514E-03
  5.8344502E+03  5.5415514E-03
  5.8478999E+03  5.5895662E-03
  5.8613799E+03  5.5895662E-03
  5.8748901E+03  5.5901678E-03
  5.8884399E+03  5.5600088E-03
  5.9020098E+03  5.5600088E-03
  5.9156099E+03  5.5003436E-03
  5.9292500E+03  5.5003436E-03
  5.9429199E+03  5.5316701E-03
  5.9566201E+03  5.4638349E-03
  5.9703501E+03  5.4957862E-03
  5.9841201E+03  5.5884128E-03
  5.9979102E+03  5.5884128E-03
  6.0117300E+03  5.5884128E-03
  6.0256001E+03  5.5341516E-03
  6.0394800E+03  5.4300781E-03
  6.0534102E+03  5.5341516E-03
  6.0673599E+03  5.5319131E-03
  6.0813501E+03  5.4947664E-03
  6.0953701E+03  5.4488219E-03
  6.1094199E+03  5.4488219E-03
  6.1235000E+03  5.4111639E-03
  6.1376201E+03  5.4564760E-03
  6.1517700E+03  5.4564760E-03
  6.1659502E+03  5.4488219E-03
  6.1801602E+03  5.4052584E-03
  6.1944102E+03  5.4052584E-03
  6.2086899E+03  5.5141272E-03
  6.2230000E+03  5.5141272E-03
  6.2373501E+03  5.5141272E-03
  6.2517300E+03  5.5141272E-03
  6.2661401E+03  5.5696960E-03
  6.2805801E+03  5.1933080E-03
  6.2950601E+03  5.1907455E-03
  6.3095698E+03  5.0961813E-03
  6.3241201E+03  5.1326393E-03
  6.3386899E+03  5.5225128E-03
  6.3533101E+03  5.4707020E-03
  6.3679502E+03  5.4707020E-03
  6.3826299E+03  5.4707020E-03
  6.3973501E+03  5.4707020E-03
  6.4120898E+03  5.4707020E-03
  6.4268799E+03  5.4707020E-03
  6.4416899E+03  5.4707020E-03
  6.4565400E+03  5.0771479E-03
  6.4714199E+03  5.0630891E-03
  6.4863398E+03  4.9851676E-03
  6.5012998E+03  5.1145111E-03
  6.5162798E+03  5.1145111E-03
  6.5312998E+03  5.2368622E-03
  6.5463599E+03  5.2368622E-03
  6.5614502E+03  5.2368622E-03
  6.5765801E+03  5.4535381E-03
  6.5917402E+03  5.2658292E-03
  6.6069302E+03  5.6003905E-03
  6.6221602E+03  5.5320342E-03
  6.6374302E+03  5.5320342E-03
  6.6527300E+03  5.5320342E-03
  6.6680698E+03  5.4699183E-03
  6.6834399E+03  5.4699183E-03
  6.6988501E+03  5.4699183E-03
  6.7142900E+03  5.3432574E-03
  6.7297598E+03  5.2340170E-03
  6.7452798E+03  5.2310522E-03
  6.7608301E+03  5.2272975E-03
  6.7764102E+03  5.2272975E-03
  6.7920400E+03  5.1947194E-03
  6.8076899E+03  5.1865643E-03
  6.8233799E+03  5.1865643E-03
  6.8391099E+03  4.9934639E-03
  6.8548799E+03  5.1695057E-03
  6.8706802E+03  5.1695057E-03
  6.8865200E+03  4.8135426E-03
  6.9023999E+03  5.1323995E-03
  6.9183101E+03  5.0393492E-03
  6.9342598E+03  5.0485479E-03
  6.9502402E+03  5.1010265E-03
  6.9662598E+03  5.1010265E-03
  6.9823198E+03  5.1010265E-03
  6.9984199E+03  5.1010265E-03
  7.0145498E+03  5.1010265E-03
  7.0307202E+03  5.1010265E-03
  7.0469302E+03  5.0072856E-03
  7.0631802E+03  4.8874561E-03
  7.0794600E+03  4.8733526E-03
  7.0957700E+03  4.6053068E-03
  7.1121401E+03  4.6053068E-03
  7.1285298E+03  4.6053068E-03
  7.1449600E+03  4.6053068E-03
  7.1614302E+03  4.6053068E-03
  7.1779399E+03  4.7215922E-03
  7.1944902E+03  4.7215922E-03
  7.2110698E+03  4.7215922E-03
  7.2277002E+03  4.7509032E-03
  7.2443599E+03  4.7509032E-03
  7.2610601E+03  4.8614191E-03
  7.2777998E+03  4.4538956E-03
  7.2945698E+03  4.8147058E-03
  7.3113901E+03  4.7838930E-03
  7.3282500E+03  4.7838930E-03
  7.3451401E+03  4.7838930E-03
  7.3620698E+03  4.7838930E-03
  7.3790400E+03  4.7838930E-03
  7.3960498E+03  4.7838930E-03
  7.4131001E+03  4.6362136E-03
  7.4301899E+03  4.6365880E-03
  7.4473198E+03  4.6417248E-03
  7.4644902E+03  4.6768389E-03
  7.4816899E+03  4.6417248E-03
  7.4989399E+03  4.6417248E-03
  7.5162300E+03  4.6417248E-03
  7.5335498E+03  4.6417248E-03
  7.5509199E+03  4.7145188E-03
  7.5683301E+03  4.3778908E-03
  7.5857700E+03  4.4641304E-03
  7.6032598E+03  4.4641304E-03
  7.6207900E+03  4.8339465E-03
  7.6383599E+03  4.8575266E-03
  7.6559600E+03  4.8521962E-03
  7.6736099E+03  4.8575266E-03
  7.6912998E+03  4.8521962E-03
  7.7090298E+03  4.8339465E-03
  7.7268101E+03  4.4619623E-03
  7.7446201E+03  4.4340543E-03
  7.7624702E+03  4.4340543E-03
  7.7803599E+03  4.4476506E-03
  7.7982998E+03  4.4476506E-03
  7.8162798E+03  4.4619623E-03
  7.8342900E+03  4.7593582E-03
  7.8523599E+03  4.4476506E-03
  7.8704600E+03  4.2554578E-03
  7.8886001E+03  4.1688825E-03
  7.9067900E+03  4.1688825E-03
  7.9250098E+03  4.1688825E-03
  7.9432798E+03  4.1688825E-03
  7.9615898E+03  4.1884296E-03
  7.9799502E+03  4.2401627E-03
  7.9983398E+03  4.2521721E-03
  8.0167798E+03  4.2733718E-03
  8.0352598E+03  4.2768149E-03
  8.0537798E+03  4.2824722E-03
  8.0723501E+03  4.3106824E-03
  8.0909600E+03  4.2665177E-03
  8.1096099E+03  4.3030195E-03
  8.1282998E+03  4.3993718E-03
  8.1470400E+03  4.4388035E-03
  8.1658198E+03  4.4699302E-03
  8.1846499E+03  4.3905894E-03
  8.2035098E+03  4.3099965E-03
  8.2224297E+03  4.3099965E-03
  8.2413799E+03  4.3099965E-03
  8.2603799E+03  4.3099965E-03
  8.2794199E+03  4.3429346E-03
  8.2985098E+03  4.3429346E-03
  8.3176299E+03  4.3429346E-03
  8.3368096E+03  4.3697413E-03
  8.3560303E+03  4.3697413E-03
  8.3752900E+03  4.3697413E-03
  8.3945996E+03  4.0486082E-03
  8.4139502E+03  4.0486082E-03
  8.4333496E+03  4.2269686E-03
  8.4527900E+03  3.9019859E-03
  8.4722695E+03  4.0440410E-03
  8.4917998E+03  4.0440410E-03
  8.5113799E+03  4.0995842E-03
  8.5310000E+03  4.0995842E-03
  8.5506699E+03  4.0995842E-03
  8.5703799E+03  4.1356613E-03
  8.5901396E+03  4.0995842E-03
  8.6099404E+03  4.0849722E-03
  8.6297803E+03  4.0849722E-03
  8.6496699E+03  4.0454734E-03
  8.6696201E+03  4.0849722E-03
  8.6895996E+03  4.0849722E-03
  8.7096299E+03  3.9638970E-03
  8.7297100E+03  3.9846175E-03
  8.7498398E+03  3.9846175E-03
  8.7700000E+03  3.9638970E-03
  8.7902305E+03  3.9638970E-03
  8.8104902E+03  3.8805490E-03
  8.8307998E+03  3.8476540E-03
  8.8511504E+03  3.8805490E-03
  8.8715596E+03  3.9761914E-03
  8.8920098E+03  4.1211066E-03
  8.9125098E+03  3.7603970E-03
  8.9330498E+03  4.1029816E-03
  8.9536504E+03  4.1130558E-03
  8.9742803E+03  4.1189534E-03
  8.9949805E+03  4.0096678E-03
  9.0157100E+03  3.9024123E-03
  9.0364902E+03  3.9024123E-03
  9.0573301E+03  4.0096678E-03
  9.0782002E+03  3.9728833E-03
  9.0991299E+03  3.9728833E-03
  9.1200996E+03  4.0437593E-03
  9.1411299E+03  3.9728833E-03
  9.1622002E+03  3.9309557E-03
  9.1833203E+03  4.2657284E-03
  9.2045000E+03  3.5643650E-03
  9.2257100E+03  3.5643650E-03
  9.2469805E+03  3.7863383E-03
  9.2682998E+03  4.0320773E-03
  9.2896602E+03  4.0041357E-03
  9.3110801E+03  4.0329560E-03
  9.3325400E+03  3.6787663E-03
  9.3540596E+03  3.6094815E-03
  9.3756201E+03  3.6094815E-03
  9.3972305E+03  3.7976420E-03
  9.4189004E+03  3.7976420E-03
  9.4406104E+03  3.7976420E-03
  9.4623701E+03  4.0202541E-03
  9.4841797E+03  4.0548518E-03
  9.5060498E+03  3.7044515E-03
  9.5279600E+03  3.8677626E-03
  9.5499199E+03  3.8720879E-03
  9.5719404E+03  3.8720879E-03
  9.5940000E+03  3.9500506E-03
  9.6161201E+03  4.0736273E-03
  9.6382900E+03  3.9896537E-03
  9.6605098E+03  3.9316379E-03
  9.6827695E+03  3.9682034E-03
  9.7050996E+03  3.9510876E-03
  9.7274697E+03  3.9069653E-03
  9.7498896E+03  3.8987421E-03
  9.7723701E+03  3.8929631E-03
  9.7949004E+03  3.8686183E-03
  9.8174805E+03  3.8987421E-03
  9.8401104E+03  3.2223663E-03
  9.8627900E+03  3.6679574E-03
  9.8855303E+03  3.6679574E-03
  9.9083203E+03  3.6801884E-03
  9.9311602E+03  3.4935868E-03
  9.9540498E+03  3.6801884E-03
  9.9770000E+03  3.4935868E-03
  1.0000000E+04  3.4935868E-03
  1.0000000E+04  3.4935868E-03
  1.0115800E+04  3.6225156E-03
  1.0232940E+04  3.1799597E-03
  1.0351420E+04  3.3852377E-03
  1.0471290E+04  3.0913407E-03
  1.0592540E+04  3.2393758E-03
  1.0715200E+04  3.1552166E-03
  1.0839270E+04  2.8840730E-03
  1.0964780E+04  3.0108423E-03
  1.1091750E+04  3.0494714E-03
  1.1220190E+04  2.8079064E-03
  1.1350100E+04  2.7721941E-03
  1.1481540E+04  2.8025347E-03
  1.1614490E+04  2.8194294E-03
  1.1748980E+04  2.7842491E-03
  1.1885020E+04  2.7921782E-03
  1.2022640E+04  2.6674333E-03
  1.2161860E+04  2.5665159E-03
  1.2302690E+04  2.7031298E-03
  1.2445140E+04  2.6013330E-03
  1.2589250E+04  2.4675815E-03
  1.2735030E+04  2.4768838E-03
  1.2882500E+04  2.4860506E-03
  1.3031660E+04  2.3391824E-03
  1.3182560E+04  2.4305831E-03
  1.3335210E+04  2.3277837E-03
  1.3489630E+04  2.3653773E-03
  1.3645840E+04  2.3574163E-03
  1.3803840E+04  2.2468036E-03
  1.3963680E+04  2.3300545E-03
  1.4125380E+04  2.1773013E-03
  1.4288950E+04  2.2028801E-03
  1.4454390E+04  2.1037909E-03
  1.4621770E+04  2.1309159E-03
  1.4791090E+04  1.9889302E-03
  1.4962360E+04  2.1525072E-03
  1.5135610E+04  2.1187414E-03
  1.5310870E+04  2.1218923E-03
  1.5488170E+04  2.0991140E-03
  1.5667520E+04  2.0320183E-03
  1.5848920E+04  1.9538347E-03
  1.6032450E+04  1.9860757E-03
  1.6218100E+04  1.9777557E-03
  1.6405900E+04  1.9584515E-03
  1.6595859E+04  1.9417219E-03
  1.6788039E+04  1.8828441E-03
  1.6982439E+04  1.8549288E-03
  1.7179090E+04  1.7898139E-03
  1.7378000E+04  1.7018995E-03
  1.7579230E+04  1.6526754E-03
  1.7782789E+04  1.5820491E-03
  1.7988711E+04  1.5143261E-03
  1.8197020E+04  1.4501828E-03
  1.8407711E+04  1.4024490E-03
  1.8620869E+04  1.3481785E-03
  1.8836490E+04  1.3032326E-03
  1.9054619E+04  1.2701218E-03
  1.9275240E+04  1.2230442E-03
  1.9498439E+04  1.1656755E-03
  1.9724230E+04  1.1258667E-03
  1.9952631E+04  1.0935656E-03
  2.0183660E+04  1.0642277E-03
  2.0417381E+04  1.0341126E-03
  2.0653801E+04  1.0016753E-03
  2.0892971E+04  9.7075402E-04
  2.1134881E+04  9.4487524E-04
  2.1379619E+04  9.2244969E-04
  2.1627189E+04  8.8469544E-04
  2.1877619E+04  8.6064538E-04
  2.2130939E+04  8.3328766E-04
  2.2387211E+04  8.0085470E-04
  2.2646439E+04  7.6997018E-04
  2.2908680E+04  6.8717316E-04
  2.3173930E+04  6.5534702E-04
  2.3442279E+04  6.0659542E-04
  2.3713740E+04  5.6887214E-04
  2.3988340E+04  5.3820026E-04
  2.4266109E+04  5.0721638E-04
  2.4547080E+04  4.6646001E-04
  2.4831330E+04  4.2312799E-04
  2.5118869E+04  4.0330135E-04
  2.5409740E+04  3.9919323E-04
  2.5703949E+04  3.9578020E-04
  2.6001590E+04  3.8622227E-04
  2.6302680E+04  3.7416417E-04
  2.6607260E+04  3.6239857E-04
  2.6915340E+04  3.5470020E-04
  2.7227010E+04  3.4921736E-04
  2.7542289E+04  3.3885270E-04
  2.7861221E+04  3.2847954E-04
  2.8183820E+04  3.1719971E-04
  2.8510180E+04  3.0867822E-04
  2.8840320E+04  2.9830605E-04
  2.9174279E+04  2.8941350E-04
  2.9512080E+04  2.7954925E-04
  2.9853820E+04  2.7063623E-04
  3.0199520E+04  2.6237583E-04
  3.0549221E+04  2.5385717E-04
  3.0902939E+04  2.4661745E-04
  3.1260789E+04  2.4004209E-04
  3.1622779E+04  2.3386047E-04
  3.1988961E+04  2.4285157E-04
  3.2359350E+04  2.9685764E-04
  3.2734061E+04  3.9031921E-04
  3.3113109E+04  4.1270518E-04
  3.3496551E+04  3.1348949E-04
  3.3884430E+04  2.2082137E-04
  3.4276770E+04  1.8756493E-04
  3.4673680E+04  1.7787803E-04
  3.5075199E+04  1.7158853E-04
  3.5481359E+04  1.6517684E-04
  3.5892180E+04  1.5880784E-04
  3.6307801E+04  1.5351322E-04
  3.6728230E+04  1.4750008E-04
  3.7153539E+04  1.4157061E-04
  3.7583719E+04  1.3602122E-04
  3.8018930E+04  1.3145080E-04
  3.8459180E+04  1.2727623E-04
  3.8904531E+04  1.2237689E-04
  3.9354988E+04  1.1805456E-04
  3.9810711E+04  1.1325201E-04
  4.0271711E+04  1.0982257E-04
  4.0738039E+04  1.0584221E-04
  4.1209730E+04  1.0243490E-04
  4.1686930E+04  9.8558223E-05
  4.2169648E+04  9.5365984E-05
  4.2657961E+04  9.2406095E-05
  4.3151879E+04  8.3781415E-05
  4.3651570E+04  7.9128869E-05
  4.4157039E+04  7.4764488E-05
  4.4668371E+04  7.1916606E-05
  4.5185621E+04  7.0057664E-05
  4.5708801E+04  6.9210546E-05
  4.6238102E+04  6.7597080E-05
  4.6773520E+04  6.6789617E-05
  4.7315148E+04  6.5998174E-05
  4.7862988E+04  6.4825821E-05
  4.8417230E+04  6.4097680E-05
  4.8977891E+04  6.2903884E-05
  4.9545039E+04  6.1926126E-05
  5.0118699E+04  6.1158469E-05
  5.0699059E+04  6.0175327E-05
  5.1286141E+04  5.9329879E-05
  5.1880020E+04  5.8673329E-05
  5.2480719E+04  5.7916921E-05
  5.3088430E+04  5.7033776E-05
  5.3703180E+04  5.6490888E-05
  5.4325051E+04  5.5712677E-05
  5.4954059E+04  5.5276112E-05
  5.5590410E+04  5.4840501E-05
  5.6234129E+04  5.4385626E-05
  5.6885309E+04  5.4044009E-05
  5.7543961E+04  5.2854397E-05
  5.8210301E+04  5.1228009E-05
  5.8884359E+04  4.9211616E-05
  5.9566230E+04  4.6845682E-05
  6.0255988E+04  4.8582413E-05
  6.0953672E+04  5.8277579E-05
  6.1659500E+04  9.6483214E-05
  6.2373500E+04  1.5116407E-04
  6.3095762E+04  1.0978604E-04
  6.3826320E+04  7.0121692E-05
  6.4565410E+04  5.3040309E-05
  6.5313059E+04  4.5280623E-05
  6.6069367E+04  4.7728019E-05
  6.6834359E+04  4.8434882E-05
  6.7608289E+04  4.8208178E-05
  6.8391172E+04  4.6129382E-05
  6.9183117E+04  5.2421979E-05
  6.9984156E+04  6.2121231E-05
  7.0794562E+04  5.6114786E-05
  7.1614344E+04  6.0229198E-05
  7.2443617E+04  6.2830783E-05
  7.3282406E+04  7.1834846E-05
  7.4131008E+04  8.6954577E-05
  7.4989422E+04  1.1277293E-04
  7.5857781E+04  1.3560154E-04
  7.6736102E+04  1.4689523E-04
  7.7624688E+04  1.3730609E-04
  7.8523562E+04  1.3049709E-04
  7.9432844E+04  1.1120729E-04
  8.0352648E+04  8.6365508E-05
  8.1283023E+04  7.2142073E-05
  8.2224258E+04  6.2329680E-05
  8.3176391E+04  6.0403901E-05
  8.4139547E+04  5.9980473E-05
  8.5113773E+04  6.3032887E-05
  8.6099367E+04  6.9526475E-05
  8.7096367E+04  6.2985913E-05
  8.8104922E+04  4.4339180E-05
  8.9125047E+04  3.2256194E-05
  9.0157102E+04  2.5394789E-05
  9.1201094E+04  2.0739701E-05
  9.2257172E+04  1.8770492E-05
  9.3325383E+04  1.8569890E-05
  9.4406070E+04  1.8214609E-05
  9.5499273E+04  1.6625096E-05
  9.6605117E+04  1.7825976E-05
  9.7723672E+04  1.7155207E-05
  9.8855281E+04  1.4807498E-05
  1.0000000E+05  1.3380607E-05
  1.0115797E+05  1.4093094E-05
  1.0232924E+05  1.4268895E-05
  1.0351419E+05  1.4368079E-05
  1.0471285E+05  1.6268699E-05
  1.0592540E+05  2.0367492E-05
  1.0715198E+05  2.0242467E-05
  1.0839266E+05  2.1046701E-05
  1.0964781E+05  2.6119797E-05
  1.1091750E+05  3.5947000E-05
  1.1220190E+05  6.4481603E-05
  1.1350104E+05  7.1520990E-05
  1.1481534E+05  4.9154212E-05
  1.1614488E+05  3.5699206E-05
  1.1748980E+05  3.0815219E-05
  1.1885017E+05  3.1041785E-05
  1.2022642E+05  3.3449363E-05
  1.2161861E+05  3.1819593E-05
  1.2302692E+05  3.4428278E-05
  1.2445140E+05  3.6800611E-05
  1.2589252E+05  4.1228061E-05
  1.2735031E+05  5.2402127E-05
  1.2882499E+05  4.6025922E-05
  1.3031661E+05  2.7932099E-05
  1.3182564E+05  2.4903902E-05
  1.3335214E+05  2.4516188E-05
  1.3489633E+05  2.4012210E-05
  1.3645823E+05  2.4565388E-05
  1.3803839E+05  2.2100001E-05
  1.3963683E+05  2.2132006E-05
  1.4125378E+05  2.1561795E-05
  1.4288947E+05  2.1363097E-05
  1.4454392E+05  2.1391499E-05
  1.4621770E+05  2.1421700E-05
  1.4791086E+05  2.1453665E-05
  1.4962362E+05  2.1486478E-05
  1.5135606E+05  2.1519201E-05
  1.5310872E+05  2.1551688E-05
  1.5488169E+05  2.1585791E-05
  1.5667517E+05  2.1621394E-05
  1.5848925E+05  2.1659411E-05
  1.6032452E+05  2.1693611E-05
  1.6218103E+05  2.1708001E-05
  1.6405903E+05  2.1723190E-05
  1.6595861E+05  2.1739510E-05
  1.6788036E+05  2.1756989E-05
  1.6982438E+05  2.1774698E-05
  1.7179089E+05  2.1794694E-05
  1.7377998E+05  2.1814900E-05
  1.7579231E+05  2.1836300E-05
  1.7782794E+05  2.1858896E-05
  1.7988714E+05  2.1883197E-05
  1.8196998E+05  2.1895503E-05
  1.8407714E+05  2.1901393E-05
  1.8620870E+05  2.1901296E-05
  1.8836495E+05  2.1895599E-05
  1.9054595E+05  2.1892691E-05
  1.9275242E+05  2.1909089E-05
  1.9498444E+05  2.1919292E-05
  1.9724231E+05  2.1923408E-05
  1.9952631E+05  2.1921602E-05
