  3.1623001E+02  0.0000000E+00
  3.1695999E+02  0.0000000E+00
  3.1769000E+02  0.0000000E+00
  3.1842001E+02  0.0000000E+00
  3.1914999E+02  0.0000000E+00
  3.1989001E+02  0.0000000E+00
  3.2063000E+02  0.0000000E+00
  3.2137000E+02  0.0000000E+00
  3.2210999E+02  0.0000000E+00
  3.2285001E+02  0.0000000E+00
  3.2359000E+02  0.0000000E+00
  3.2434000E+02  0.0000000E+00
  3.2509000E+02  0.0000000E+00
  3.2584000E+02  0.0000000E+00
  3.2659000E+02  0.0000000E+00
  3.2734000E+02  0.0000000E+00
  3.2810001E+02  0.0000000E+00
  3.2885001E+02  0.0000000E+00
  3.2960999E+02  0.0000000E+00
  3.3037000E+02  0.0000000E+00
  3.3113000E+02  0.0000000E+00
  3.3189001E+02  0.0000000E+00
  3.3266000E+02  0.0000000E+00
  3.3342999E+02  0.0000000E+00
  3.3419000E+02  0.0000000E+00
  3.3497000E+02  0.0000000E+00
  3.3573999E+02  0.0000000E+00
  3.3651001E+02  0.0000000E+00
  3.3729001E+02  0.0000000E+00
  3.3806000E+02  0.0000000E+00
  3.3884000E+02  0.0000000E+00
  3.3963000E+02  0.0000000E+00
  3.4041000E+02  0.0000000E+00
  3.4119000E+02  0.0000000E+00
  3.4198001E+02  0.0000000E+00
  3.4276999E+02  0.0000000E+00
  3.4356000E+02  0.0000000E+00
  3.4435001E+02  0.0000000E+00
  3.4514001E+02  0.0000000E+00
  3.4594000E+02  0.0000000E+00
  3.4673999E+02  0.0000000E+00
  3.4754001E+02  0.0000000E+00
  3.4834000E+02  0.0000000E+00
  3.4914001E+02  0.0000000E+00
  3.4995001E+02  0.0000000E+00
  3.5075000E+02  0.0000000E+00
  3.5156000E+02  0.0000000E+00
  3.5237000E+02  0.0000000E+00
  3.5317999E+02  0.0000000E+00
  3.5400000E+02  0.0000000E+00
  3.5481000E+02  0.0000000E+00
  3.5563000E+02  0.0000000E+00
  3.5645001E+02  0.0000000E+00
  3.5726999E+02  0.0000000E+00
  3.5810001E+02  0.0000000E+00
  3.5892001E+02  0.0000000E+00
  3.5975000E+02  0.0000000E+00
  3.6057999E+02  0.0000000E+00
  3.6141000E+02  0.0000000E+00
  3.6223999E+02  0.0000000E+00
  3.6307999E+02  0.0000000E+00
  3.6392001E+02  0.0000000E+00
  3.6475000E+02  0.0000000E+00
  3.6559000E+02  0.0000000E+00
  3.6644000E+02  0.0000000E+00
  3.6728000E+02  0.0000000E+00
  3.6813000E+02  0.0000000E+00
  3.6898001E+02  0.0000000E+00
  3.6982999E+02  0.0000000E+00
  3.7067999E+02  0.0000000E+00
  3.7154001E+02  0.0000000E+00
  3.7239001E+02  0.0000000E+00
  3.7325000E+02  0.0000000E+00
  3.7410999E+02  0.0000000E+00
  3.7497000E+02  0.0000000E+00
  3.7584000E+02  0.0000000E+00
  3.7670001E+02  0.0000000E+00
  3.7757001E+02  0.0000000E+00
  3.7844000E+02  0.0000000E+00
  3.7931000E+02  0.0000000E+00
  3.8019000E+02  0.0000000E+00
  3.8107001E+02  0.0000000E+00
  3.8194000E+02  0.0000000E+00
  3.8282001E+02  0.0000000E+00
  3.8370999E+02  0.0000000E+00
  3.8459000E+02  0.0000000E+00
  3.8548001E+02  0.0000000E+00
  3.8637000E+02  0.0000000E+00
  3.8726001E+02  0.0000000E+00
  3.8814999E+02  0.0000000E+00
  3.8904999E+02  0.0000000E+00
  3.8994000E+02  0.0000000E+00
  3.9084000E+02  0.0000000E+00
  3.9173999E+02  0.0000000E+00
  3.9264999E+02  0.0000000E+00
  3.9354999E+02  0.0000000E+00
  3.9445999E+02  0.0000000E+00
  3.9537000E+02  0.0000000E+00
  3.9628000E+02  0.0000000E+00
  3.9719000E+02  0.0000000E+00
  3.9810999E+02  0.0000000E+00
  3.9901999E+02  0.0000000E+00
  3.9994000E+02  0.0000000E+00
  4.0087000E+02  0.0000000E+00
  4.0179001E+02  0.0000000E+00
  4.0272000E+02  0.0000000E+00
  4.0364999E+02  0.0000000E+00
  4.0457999E+02  0.0000000E+00
  4.0551001E+02  0.0000000E+00
  4.0644000E+02  0.0000000E+00
  4.0738000E+02  0.0000000E+00
  4.0832001E+02  0.0000000E+00
  4.0926001E+02  0.0000000E+00
  4.1020001E+02  0.0000000E+00
  4.1114999E+02  0.0000000E+00
  4.1210001E+02  0.0000000E+00
  4.1304999E+02  0.0000000E+00
  4.1400000E+02  0.0000000E+00
  4.1495001E+02  0.0000000E+00
  4.1591000E+02  0.0000000E+00
  4.1687000E+02  0.0000000E+00
  4.1782999E+02  0.0000000E+00
  4.1879001E+02  0.0000000E+00
  4.1976001E+02  0.0000000E+00
  4.2073001E+02  0.0000000E+00
  4.2170001E+02  0.0000000E+00
  4.2267001E+02  0.0000000E+00
  4.2364001E+02  0.0000000E+00
  4.2462000E+02  0.0000000E+00
  4.2560001E+02  0.0000000E+00
  4.2657999E+02  0.0000000E+00
  4.2756000E+02  0.0000000E+00
  4.2854999E+02  0.0000000E+00
  4.2954001E+02  0.0000000E+00
  4.3053000E+02  0.0000000E+00
  4.3151999E+02  0.0000000E+00
  4.3251001E+02  0.0000000E+00
  4.3351001E+02  0.0000000E+00
  4.3451001E+02  0.0000000E+00
  4.3551001E+02  0.0000000E+00
  4.3651999E+02  0.0000000E+00
  4.3751999E+02  0.0000000E+00
  4.3853000E+02  0.0000000E+00
  4.3954001E+02  0.0000000E+00
  4.4054999E+02  0.0000000E+00
  4.4157001E+02  0.0000000E+00
  4.4259000E+02  0.0000000E+00
  4.4360999E+02  0.0000000E+00
  4.4463000E+02  0.0000000E+00
  4.4566000E+02  0.0000000E+00
  4.4667999E+02  0.0000000E+00
  4.4770999E+02  0.0000000E+00
  4.4875000E+02  0.0000000E+00
  4.4978000E+02  0.0000000E+00
  4.5082001E+02  0.0000000E+00
  4.5185999E+02  0.0000000E+00
  4.5289999E+02  0.0000000E+00
  4.5394000E+02  0.0000000E+00
  4.5498999E+02  0.0000000E+00
  4.5604001E+02  0.0000000E+00
  4.5709000E+02  0.0000000E+00
  4.5814001E+02  0.0000000E+00
  4.5920001E+02  0.0000000E+00
  4.6026001E+02  0.0000000E+00
  4.6132001E+02  0.0000000E+00
  4.6238000E+02  0.0000000E+00
  4.6345001E+02  0.0000000E+00
  4.6451999E+02  0.0000000E+00
  4.6559000E+02  0.0000000E+00
  4.6666000E+02  0.0000000E+00
  4.6773999E+02  0.0000000E+00
  4.6881000E+02  0.0000000E+00
  4.6989001E+02  0.0000000E+00
  4.7098001E+02  0.0000000E+00
  4.7206000E+02  0.0000000E+00
  4.7314999E+02  0.0000000E+00
  4.7423999E+02  0.0000000E+00
  4.7534000E+02  0.0000000E+00
  4.7642999E+02  0.0000000E+00
  4.7753000E+02  0.0000000E+00
  4.7863000E+02  0.0000000E+00
  4.7973001E+02  0.0000000E+00
  4.8084000E+02  0.0000000E+00
  4.8195001E+02  0.0000000E+00
  4.8306000E+02  0.0000000E+00
  4.8417001E+02  0.0000000E+00
  4.8529001E+02  0.0000000E+00
  4.8641000E+02  0.0000000E+00
  4.8753000E+02  0.0000000E+00
  4.8864999E+02  0.0000000E+00
  4.8978000E+02  0.0000000E+00
  4.9091000E+02  0.0000000E+00
  4.9204001E+02  0.0000000E+00
  4.9317001E+02  0.0000000E+00
  4.9431000E+02  0.0000000E+00
  4.9545001E+02  0.0000000E+00
  4.9659000E+02  0.0000000E+00
  4.9773999E+02  0.0000000E+00
  4.9888000E+02  0.0000000E+00
  5.0003000E+02  0.0000000E+00
  5.0119000E+02  0.0000000E+00
  5.0234000E+02  0.0000000E+00
  5.0350000E+02  0.0000000E+00
  5.0466000E+02  0.0000000E+00
  5.0582001E+02  0.0000000E+00
  5.0698999E+02  0.0000000E+00
  5.0816000E+02  0.0000000E+00
  5.0932999E+02  0.0000000E+00
  5.1050000E+02  0.0000000E+00
  5.1167999E+02  0.0000000E+00
  5.1285999E+02  0.0000000E+00
  5.1403998E+02  0.0000000E+00
  5.1522998E+02  0.0000000E+00
  5.1641998E+02  0.0000000E+00
  5.1760999E+02  0.0000000E+00
  5.1879999E+02  0.0000000E+00
  5.2000000E+02  0.0000000E+00
  5.2119000E+02  0.0000000E+00
  5.2240002E+02  0.0000000E+00
  5.2359998E+02  0.0000000E+00
  5.2481000E+02  0.0000000E+00
  5.2602002E+02  0.0000000E+00
  5.2722998E+02  0.0000000E+00
  5.2845001E+02  0.0000000E+00
  5.2965997E+02  0.0000000E+00
  5.3088000E+02  0.0000000E+00
  5.3210999E+02  0.0000000E+00
  5.3333002E+02  0.0000000E+00
  5.3456000E+02  0.0000000E+00
  5.3579999E+02  0.0000000E+00
  5.3703003E+02  0.0000000E+00
  5.3827002E+02  0.0000000E+00
  5.3951001E+02  0.0000000E+00
  5.4075000E+02  0.0000000E+00
  5.4200000E+02  0.0000000E+00
  5.4325000E+02  0.0000000E+00
  5.4450000E+02  0.0000000E+00
  5.4576001E+02  0.0000000E+00
  5.4702002E+02  0.0000000E+00
  5.4828003E+02  0.0000000E+00
  5.4953998E+02  0.0000000E+00
  5.5081000E+02  0.0000000E+00
  5.5208002E+02  0.0000000E+00
  5.5334998E+02  0.0000000E+00
  5.5463000E+02  0.0000000E+00
  5.5590002E+02  0.0000000E+00
  5.5719000E+02  0.0000000E+00
  5.5846997E+02  0.0000000E+00
  5.5976001E+02  0.0000000E+00
  5.6104999E+02  0.0000000E+00
  5.6234003E+02  0.0000000E+00
  5.6364001E+02  0.0000000E+00
  5.6494000E+02  0.0000000E+00
  5.6623999E+02  0.0000000E+00
  5.6753998E+02  0.0000000E+00
  5.6884998E+02  0.0000000E+00
  5.7015997E+02  0.0000000E+00
  5.7147998E+02  0.0000000E+00
  5.7279999E+02  0.0000000E+00
  5.7412000E+02  0.0000000E+00
  5.7544000E+02  0.0000000E+00
  5.7677002E+02  0.0000000E+00
  5.7809998E+02  0.0000000E+00
  5.7942999E+02  0.0000000E+00
  5.8076001E+02  0.0000000E+00
  5.8209998E+02  0.0000000E+00
  5.8345001E+02  0.0000000E+00
  5.8478998E+02  0.0000000E+00
  5.8614001E+02  0.0000000E+00
  5.8748999E+02  0.0000000E+00
  5.8884003E+02  0.0000000E+00
  5.9020001E+02  0.0000000E+00
  5.9156000E+02  0.0000000E+00
  5.9292999E+02  0.0000000E+00
  5.9428998E+02  0.0000000E+00
  5.9565997E+02  0.0000000E+00
  5.9703998E+02  0.0000000E+00
  5.9840997E+02  0.0000000E+00
  5.9978998E+02  0.0000000E+00
  6.0116998E+02  0.0000000E+00
  6.0256000E+02  0.0000000E+00
  6.0395001E+02  0.0000000E+00
  6.0534003E+02  0.0000000E+00
  6.0673999E+02  0.0000000E+00
  6.0813000E+02  0.0000000E+00
  6.0953998E+02  0.0000000E+00
  6.1094000E+02  0.0000000E+00
  6.1234998E+02  0.0000000E+00
  6.1376001E+02  0.0000000E+00
  6.1517999E+02  0.0000000E+00
  6.1659003E+02  0.0000000E+00
  6.1802002E+02  0.0000000E+00
  6.1944000E+02  0.0000000E+00
  6.2087000E+02  0.0000000E+00
  6.2229999E+02  0.0000000E+00
  6.2372998E+02  0.0000000E+00
  6.2516998E+02  0.0000000E+00
  6.2660999E+02  0.0000000E+00
  6.2806000E+02  0.0000000E+00
  6.2951001E+02  0.0000000E+00
  6.3096002E+02  0.0000000E+00
  6.3240997E+02  0.0000000E+00
  6.3387000E+02  0.0000000E+00
  6.3533002E+02  0.0000000E+00
  6.3679999E+02  0.0000000E+00
  6.3826001E+02  0.0000000E+00
  6.3972998E+02  0.0000000E+00
  6.4121002E+02  0.0000000E+00
  6.4269000E+02  0.0000000E+00
  6.4416998E+02  0.0000000E+00
  6.4565002E+02  0.0000000E+00
  6.4714001E+02  0.0000000E+00
  6.4863000E+02  0.0000000E+00
  6.5013000E+02  0.0000000E+00
  6.5163000E+02  0.0000000E+00
  6.5313000E+02  0.0000000E+00
  6.5464001E+02  0.0000000E+00
  6.5615002E+02  0.0000000E+00
  6.5765997E+02  0.0000000E+00
  6.5916998E+02  0.0000000E+00
  6.6069000E+02  0.0000000E+00
  6.6221997E+02  0.0000000E+00
  6.6373999E+02  0.0000000E+00
  6.6527002E+02  0.0000000E+00
  6.6681000E+02  0.0000000E+00
  6.6834003E+02  0.0000000E+00
  6.6988000E+02  0.0000000E+00
  6.7142999E+02  0.0000000E+00
  6.7297998E+02  0.0000000E+00
  6.7453003E+02  0.0000000E+00
  6.7608002E+02  0.0000000E+00
  6.7764001E+02  0.0000000E+00
  6.7920001E+02  0.0000000E+00
  6.8077002E+02  0.0000000E+00
  6.8234003E+02  0.0000000E+00
  6.8390997E+02  0.0000000E+00
  6.8548999E+02  0.0000000E+00
  6.8707001E+02  0.0000000E+00
  6.8865002E+02  0.0000000E+00
  6.9023999E+02  0.0000000E+00
  6.9183002E+02  0.0000000E+00
  6.9342999E+02  0.0000000E+00
  6.9502002E+02  0.0000000E+00
  6.9663000E+02  0.0000000E+00
  6.9822998E+02  0.0000000E+00
  6.9984003E+02  0.0000000E+00
  7.0146002E+02  0.0000000E+00
  7.0307001E+02  0.0000000E+00
  7.0469000E+02  0.0000000E+00
  7.0632001E+02  0.0000000E+00
  7.0795001E+02  0.0000000E+00
  7.0958002E+02  0.0000000E+00
  7.1121002E+02  0.0000000E+00
  7.1284998E+02  0.0000000E+00
  7.1450000E+02  0.0000000E+00
  7.1614001E+02  0.0000000E+00
  7.1778998E+02  0.0000000E+00
  7.1945001E+02  0.0000000E+00
  7.2110999E+02  0.0000000E+00
  7.2277002E+02  0.0000000E+00
  7.2444000E+02  0.0000000E+00
  7.2610999E+02  0.0000000E+00
  7.2778003E+02  0.0000000E+00
  7.2946002E+02  0.0000000E+00
  7.3114001E+02  0.0000000E+00
  7.3282001E+02  0.0000000E+00
  7.3451001E+02  0.0000000E+00
  7.3621002E+02  0.0000000E+00
  7.3790002E+02  0.0000000E+00
  7.3960999E+02  0.0000000E+00
  7.4131000E+02  0.0000000E+00
  7.4302002E+02  0.0000000E+00
  7.4472998E+02  0.0000000E+00
  7.4645001E+02  0.0000000E+00
  7.4816998E+02  0.0000000E+00
  7.4989001E+02  0.0000000E+00
  7.5162000E+02  0.0000000E+00
  7.5335999E+02  0.0000000E+00
  7.5509003E+02  0.0000000E+00
  7.5683002E+02  0.0000000E+00
  7.5858002E+02  0.0000000E+00
  7.6033002E+02  0.0000000E+00
  7.6208002E+02  0.0000000E+00
  7.6384003E+02  0.0000000E+00
  7.6559998E+02  0.0000000E+00
  7.6735999E+02  0.0000000E+00
  7.6913000E+02  0.0000000E+00
  7.7090002E+02  0.0000000E+00
  7.7267999E+02  0.0000000E+00
  7.7446002E+02  0.0000000E+00
  7.7625000E+02  0.0000000E+00
  7.7803998E+02  0.0000000E+00
  7.7983002E+02  0.0000000E+00
  7.8163000E+02  0.0000000E+00
  7.8342999E+02  0.0000000E+00
  7.8523999E+02  0.0000000E+00
  7.8704999E+02  0.0000000E+00
  7.8885999E+02  0.0000000E+00
  7.9067999E+02  0.0000000E+00
  7.9250000E+02  0.0000000E+00
  7.9433002E+02  0.0000000E+00
  7.9615997E+02  0.0000000E+00
  7.9798999E+02  0.0000000E+00
  7.9983002E+02  0.0000000E+00
  8.0167999E+02  0.0000000E+00
  8.0353003E+02  0.0000000E+00
  8.0538000E+02  0.0000000E+00
  8.0723999E+02  0.0000000E+00
  8.0909998E+02  0.0000000E+00
  8.1096002E+02  0.0000000E+00
  8.1283002E+02  0.0000000E+00
  8.1470001E+02  0.0000000E+00
  8.1658002E+02  0.0000000E+00
  8.1846002E+02  0.0000000E+00
  8.2034998E+02  0.0000000E+00
  8.2223999E+02  0.0000000E+00
  8.2414001E+02  0.0000000E+00
  8.2603998E+02  0.0000000E+00
  8.2794000E+02  0.0000000E+00
  8.2984998E+02  0.0000000E+00
  8.3176001E+02  0.0000000E+00
  8.3367999E+02  0.0000000E+00
  8.3559998E+02  0.0000000E+00
  8.3753003E+02  0.0000000E+00
  8.3946002E+02  0.0000000E+00
  8.4140002E+02  0.0000000E+00
  8.4333002E+02  0.0000000E+00
  8.4528003E+02  0.0000000E+00
  8.4722998E+02  0.0000000E+00
  8.4917999E+02  0.0000000E+00
  8.5114001E+02  0.0000000E+00
  8.5309998E+02  0.0000000E+00
  8.5507001E+02  0.0000000E+00
  8.5703998E+02  0.0000000E+00
  8.5901001E+02  0.0000000E+00
  8.6098999E+02  0.0000000E+00
  8.6297998E+02  0.0000000E+00
  8.6496997E+02  0.0000000E+00
  8.6696002E+02  0.0000000E+00
  8.6896002E+02  0.0000000E+00
  8.7096002E+02  0.0000000E+00
  8.7296997E+02  0.0000000E+00
  8.7497998E+02  0.0000000E+00
  8.7700000E+02  0.0000000E+00
  8.7902002E+02  0.0000000E+00
  8.8104999E+02  0.0000000E+00
  8.8308002E+02  0.0000000E+00
  8.8512000E+02  0.0000000E+00
  8.8715997E+02  0.0000000E+00
  8.8920001E+02  0.0000000E+00
  8.9125000E+02  0.0000000E+00
  8.9331000E+02  0.0000000E+00
  8.9535999E+02  0.0000000E+00
  8.9742999E+02  0.0000000E+00
  8.9950000E+02  0.0000000E+00
  9.0157001E+02  0.0000000E+00
  9.0365002E+02  0.0000000E+00
  9.0572998E+02  0.0000000E+00
  9.0782001E+02  0.0000000E+00
  9.0990997E+02  0.0000000E+00
  9.1201001E+02  5.7804220E-05
  9.1410999E+02  1.1768992E-04
  9.1621997E+02  1.7716330E-04
  9.1833002E+02  2.3623795E-04
  9.2045001E+02  2.9489031E-04
  9.2257001E+02  3.5313595E-04
  9.2470001E+02  4.1099137E-04
  9.2683002E+02  2.6586514E-03
  9.2896997E+02  2.6586514E-03
  9.3110999E+02  2.6586514E-03
  9.3325000E+02  2.6586514E-03
  9.3540997E+02  2.6612871E-03
  9.3756000E+02  2.6612871E-03
  9.3971997E+02  2.6612871E-03
  9.4189001E+02  2.6612871E-03
  9.4406000E+02  2.8060726E-03
  9.4623999E+02  2.8060726E-03
  9.4841998E+02  2.6612871E-03
  9.5059998E+02  2.2522956E-03
  9.5279999E+02  2.2522956E-03
  9.5498999E+02  2.2522956E-03
  9.5719000E+02  2.6612871E-03
  9.5940002E+02  2.6612871E-03
  9.6160999E+02  2.6612871E-03
  9.6383002E+02  2.2062266E-03
  9.6604999E+02  2.2062266E-03
  9.6828003E+02  2.2062266E-03
  9.7051001E+02  2.2062266E-03
  9.7275000E+02  2.2062266E-03
  9.7498999E+02  2.2062266E-03
  9.7723999E+02  2.2062266E-03
  9.7948999E+02  2.2062266E-03
  9.8175000E+02  2.2062266E-03
  9.8401001E+02  2.2062266E-03
  9.8628003E+02  2.1649615E-03
  9.8854999E+02  2.1649615E-03
  9.9083002E+02  2.1589678E-03
  9.9312000E+02  2.1589678E-03
  9.9540997E+02  1.9047390E-03
  9.9770001E+02  1.9047390E-03
  1.0000000E+03  1.9047390E-03
  1.0023100E+03  2.1589678E-03
  1.0046200E+03  2.1589678E-03
  1.0069300E+03  2.1589678E-03
  1.0092500E+03  2.1589678E-03
  1.0115800E+03  2.1589678E-03
  1.0139100E+03  1.9047390E-03
  1.0162500E+03  1.9047390E-03
  1.0185900E+03  1.9047390E-03
  1.0209400E+03  2.1589678E-03
  1.0232900E+03  2.1589678E-03
  1.0256500E+03  2.1589678E-03
  1.0280200E+03  2.1589678E-03
  1.0303900E+03  2.1589678E-03
  1.0327600E+03  2.1589678E-03
  1.0351400E+03  1.9047390E-03
  1.0375300E+03  1.9047390E-03
  1.0399200E+03  1.9047390E-03
  1.0423199E+03  1.9047390E-03
  1.0447200E+03  1.9047390E-03
  1.0471300E+03  1.9047390E-03
  1.0495400E+03  1.9047390E-03
  1.0519600E+03  1.9047390E-03
  1.0543900E+03  1.9047390E-03
  1.0568199E+03  1.9047390E-03
  1.0592500E+03  1.9047390E-03
  1.0617000E+03  1.9047390E-03
  1.0641400E+03  2.1589678E-03
  1.0666000E+03  2.1589678E-03
  1.0690500E+03  2.1589678E-03
  1.0715200E+03  2.1589678E-03
  1.0739900E+03  2.1589678E-03
  1.0764700E+03  2.1589678E-03
  1.0789500E+03  1.9047390E-03
  1.0814301E+03  1.9047390E-03
  1.0839301E+03  1.9047390E-03
  1.0864301E+03  1.9047390E-03
  1.0889301E+03  4.5781531E-03
  1.0914399E+03  4.5781531E-03
  1.0939600E+03  4.5781531E-03
  1.0964800E+03  4.5781531E-03
  1.0990100E+03  4.5781531E-03
  1.1015400E+03  4.5781531E-03
  1.1040800E+03  2.7674667E-03
  1.1066200E+03  2.7475585E-03
  1.1091801E+03  2.7165841E-03
  1.1117300E+03  2.6857995E-03
  1.1142900E+03  2.6552004E-03
  1.1168600E+03  2.6168637E-03
  1.1194399E+03  2.5757598E-03
  1.1220200E+03  2.5349215E-03
  1.1246000E+03  2.4943377E-03
  1.1272000E+03  2.6284729E-03
  1.1298000E+03  2.7929293E-03
  1.1324000E+03  2.9562248E-03
  1.1350100E+03  3.1173727E-03
  1.1376300E+03  3.0343551E-03
  1.1402500E+03  2.9518802E-03
  1.1428800E+03  2.8699434E-03
  1.1455100E+03  2.8171442E-03
  1.1481500E+03  2.8828161E-03
  1.1508000E+03  2.9480050E-03
  1.1534500E+03  3.0127289E-03
  1.1561100E+03  3.0664788E-03
  1.1587800E+03  3.1052830E-03
  1.1614500E+03  3.1437962E-03
  1.1641300E+03  3.1820028E-03
  1.1668101E+03  3.0464679E-03
  1.1695000E+03  2.8281787E-03
  1.1722000E+03  2.6114204E-03
  1.1749000E+03  2.3961342E-03
  1.1776100E+03  2.5582081E-03
  1.1803199E+03  2.4653852E-03
  1.1830400E+03  2.4653852E-03
  1.1857700E+03  2.4653852E-03
  1.1885000E+03  2.2524290E-03
  1.1912400E+03  2.2524290E-03
  1.1939900E+03  2.2524290E-03
  1.1967400E+03  2.2524290E-03
  1.1995000E+03  2.2524290E-03
  1.2022600E+03  2.2524290E-03
  1.2050400E+03  2.2524290E-03
  1.2078101E+03  2.4653852E-03
  1.2106000E+03  2.4653852E-03
  1.2133900E+03  2.4653852E-03
  1.2161899E+03  2.4653852E-03
  1.2189900E+03  2.4653852E-03
  1.2218000E+03  3.5102875E-03
  1.2246200E+03  2.4653852E-03
  1.2274399E+03  2.4653852E-03
  1.2302700E+03  2.4653852E-03
  1.2331000E+03  2.4653852E-03
  1.2359500E+03  3.5102875E-03
  1.2388000E+03  3.5102875E-03
  1.2416500E+03  3.5102875E-03
  1.2445100E+03  3.5102875E-03
  1.2473800E+03  3.5102875E-03
  1.2502600E+03  3.5102875E-03
  1.2531400E+03  3.5102875E-03
  1.2560300E+03  3.5102875E-03
  1.2589301E+03  3.5102875E-03
  1.2618300E+03  3.5102875E-03
  1.2647400E+03  3.3470485E-03
  1.2676500E+03  2.2655558E-03
  1.2705699E+03  2.2655558E-03
  1.2735000E+03  2.2655558E-03
  1.2764399E+03  2.2655558E-03
  1.2793800E+03  2.2655558E-03
  1.2823300E+03  2.2655558E-03
  1.2852900E+03  2.2655558E-03
  1.2882500E+03  2.2655558E-03
  1.2912200E+03  2.2655558E-03
  1.2942000E+03  2.6556784E-03
  1.2971801E+03  2.8410449E-03
  1.3001700E+03  2.8925641E-03
  1.3031700E+03  2.8925641E-03
  1.3061700E+03  2.8925641E-03
  1.3091801E+03  2.8925641E-03
  1.3122000E+03  3.1012404E-03
  1.3152200E+03  2.8410449E-03
  1.3182600E+03  2.8410449E-03
  1.3213000E+03  2.8410449E-03
  1.3243400E+03  2.6556784E-03
  1.3273900E+03  2.6556784E-03
  1.3304500E+03  2.8410449E-03
  1.3335200E+03  2.7460265E-03
  1.3366000E+03  2.7460265E-03
  1.3396801E+03  2.7460265E-03
  1.3427700E+03  2.7460265E-03
  1.3458600E+03  2.7460265E-03
  1.3489600E+03  2.7460265E-03
  1.3520699E+03  2.7460265E-03
  1.3551899E+03  2.8410449E-03
  1.3583101E+03  2.8410449E-03
  1.3614399E+03  2.8925641E-03
  1.3645800E+03  2.8925641E-03
  1.3677300E+03  3.0617185E-03
  1.3708800E+03  3.0617185E-03
  1.3740400E+03  3.0617185E-03
  1.3772100E+03  3.0617185E-03
  1.3803800E+03  3.0617185E-03
  1.3835699E+03  3.0617185E-03
  1.3867600E+03  3.1768957E-03
  1.3899500E+03  3.1768957E-03
  1.3931600E+03  3.1768957E-03
  1.3963700E+03  3.1332327E-03
  1.3995900E+03  3.1768957E-03
  1.4028101E+03  3.1332327E-03
  1.4060500E+03  3.1332327E-03
  1.4092900E+03  3.1332327E-03
  1.4125400E+03  3.1332327E-03
  1.4157900E+03  3.1768957E-03
  1.4190601E+03  3.1768957E-03
  1.4223300E+03  3.1768957E-03
  1.4256100E+03  3.1921824E-03
  1.4288900E+03  3.1921824E-03
  1.4321899E+03  3.1768957E-03
  1.4354900E+03  3.2296735E-03
  1.4388000E+03  3.1768957E-03
  1.4421200E+03  3.1332327E-03
  1.4454399E+03  3.1332327E-03
  1.4487700E+03  3.1116193E-03
  1.4521100E+03  3.0617185E-03
  1.4554600E+03  2.8312174E-03
  1.4588101E+03  2.8312174E-03
  1.4621801E+03  2.5708789E-03
  1.4655500E+03  2.4864492E-03
  1.4689301E+03  2.4864492E-03
  1.4723101E+03  2.4204182E-03
  1.4757100E+03  2.3900934E-03
  1.4791100E+03  2.3900934E-03
  1.4825200E+03  2.3900934E-03
  1.4859399E+03  2.3900934E-03
  1.4893600E+03  2.3900934E-03
  1.4927900E+03  2.3549250E-03
  1.4962400E+03  2.2087982E-03
  1.4996801E+03  2.2087982E-03
  1.5031400E+03  2.2087982E-03
  1.5066100E+03  2.0483243E-03
  1.5100800E+03  2.2087982E-03
  1.5135601E+03  2.2087982E-03
  1.5170500E+03  2.1938011E-03
  1.5205500E+03  2.1938011E-03
  1.5240500E+03  2.0483243E-03
  1.5275699E+03  2.0483243E-03
  1.5310900E+03  2.0483243E-03
  1.5346200E+03  1.9633495E-03
  1.5381500E+03  2.1938011E-03
  1.5417000E+03  2.1938011E-03
  1.5452500E+03  1.9633495E-03
  1.5488199E+03  2.3549250E-03
  1.5523900E+03  2.3549250E-03
  1.5559700E+03  2.3549250E-03
  1.5595500E+03  2.3549250E-03
  1.5631500E+03  2.3549250E-03
  1.5667500E+03  2.3549250E-03
  1.5703600E+03  2.3549250E-03
  1.5739800E+03  2.3942643E-03
  1.5776100E+03  2.4028285E-03
  1.5812500E+03  2.4028285E-03
  1.5848900E+03  2.4028285E-03
  1.5885500E+03  2.4028285E-03
  1.5922100E+03  2.4028285E-03
  1.5958800E+03  2.4146528E-03
  1.5995601E+03  2.4146528E-03
  1.6032500E+03  2.4146528E-03
  1.6069399E+03  2.4146528E-03
  1.6106500E+03  2.4028285E-03
  1.6143600E+03  2.5363441E-03
  1.6180800E+03  2.5363441E-03
  1.6218101E+03  2.4028285E-03
  1.6255500E+03  2.4028285E-03
  1.6293000E+03  2.4028285E-03
  1.6330500E+03  2.4028285E-03
  1.6368199E+03  2.4028285E-03
  1.6405900E+03  2.4028285E-03
  1.6443700E+03  2.4028285E-03
  1.6481600E+03  2.4028285E-03
  1.6519600E+03  2.7899502E-03
  1.6557700E+03  2.7159026E-03
  1.6595900E+03  2.8332167E-03
  1.6634100E+03  2.9496641E-03
  1.6672500E+03  2.8484333E-03
  1.6710900E+03  2.5949515E-03
  1.6749399E+03  2.7865567E-03
  1.6788000E+03  3.0090262E-03
  1.6826700E+03  3.1110812E-03
  1.6865500E+03  3.1359310E-03
  1.6904399E+03  3.0462688E-03
  1.6943400E+03  2.9571939E-03
  1.6982400E+03  2.8878532E-03
  1.7021600E+03  2.8228846E-03
  1.7060800E+03  2.7572745E-03
  1.7100200E+03  2.6892917E-03
  1.7139600E+03  2.6217657E-03
  1.7179100E+03  2.5960403E-03
  1.7218700E+03  2.5852611E-03
  1.7258400E+03  2.5918465E-03
  1.7298199E+03  2.6629108E-03
  1.7338000E+03  2.7334585E-03
  1.7378000E+03  2.7333926E-03
  1.7418101E+03  2.7034192E-03
  1.7458199E+03  2.6985141E-03
  1.7498500E+03  2.7901493E-03
  1.7538800E+03  2.8811074E-03
  1.7579200E+03  2.8027932E-03
  1.7619800E+03  2.6605187E-03
  1.7660400E+03  2.5682705E-03
  1.7701100E+03  2.6192109E-03
  1.7741899E+03  2.6697745E-03
  1.7782800E+03  2.6870973E-03
  1.7823800E+03  2.6961595E-03
  1.7864900E+03  2.7349552E-03
  1.7906100E+03  2.8259377E-03
  1.7947300E+03  2.9162448E-03
  1.7988700E+03  2.8965557E-03
  1.8030200E+03  2.8694472E-03
  1.8071700E+03  2.8083920E-03
  1.8113400E+03  2.7166898E-03
  1.8155200E+03  2.6375691E-03
  1.8197000E+03  2.6438695E-03
  1.8239000E+03  2.6500977E-03
  1.8281000E+03  2.6092036E-03
  1.8323101E+03  2.5518204E-03
  1.8365400E+03  2.4799439E-03
  1.8407700E+03  2.3826247E-03
  1.8450200E+03  2.2862738E-03
  1.8492700E+03  2.2837061E-03
  1.8535300E+03  2.2811310E-03
  1.8578000E+03  2.3002001E-03
  1.8620900E+03  2.3304177E-03
  1.8663800E+03  2.3800142E-03
  1.8706801E+03  2.4705622E-03
  1.8749900E+03  2.5604870E-03
  1.8793199E+03  2.4723911E-03
  1.8836500E+03  2.3846517E-03
  1.8879900E+03  2.3322608E-03
  1.8923400E+03  2.2959006E-03
  1.8967100E+03  2.2883771E-03
  1.9010800E+03  2.3253572E-03
  1.9054600E+03  2.3547700E-03
  1.9098500E+03  2.3221169E-03
  1.9142600E+03  2.2896575E-03
  1.9186700E+03  2.2714739E-03
  1.9230900E+03  2.2562384E-03
  1.9275200E+03  2.2535881E-03
  1.9319700E+03  2.2603667E-03
  1.9364200E+03  2.2800870E-03
  1.9408900E+03  2.3273316E-03
  1.9453600E+03  2.2394718E-03
  1.9498400E+03  2.2394718E-03
  1.9543400E+03  2.2394718E-03
  1.9588400E+03  2.2394718E-03
  1.9633600E+03  2.2394718E-03
  1.9678900E+03  2.2394718E-03
  1.9724200E+03  2.2394718E-03
  1.9769700E+03  2.2046466E-03
  1.9815300E+03  2.2046466E-03
  1.9860900E+03  2.2046466E-03
  1.9906700E+03  1.9568028E-03
  1.9952600E+03  1.9568028E-03
  1.9998600E+03  1.9568028E-03
  2.0044700E+03  1.9568028E-03
  2.0090900E+03  1.9568028E-03
  2.0137200E+03  1.9568028E-03
  2.0183700E+03  1.9568028E-03
  2.0230200E+03  1.9568028E-03
  2.0276801E+03  1.8792433E-03
  2.0323600E+03  1.9568028E-03
  2.0370400E+03  1.9673978E-03
  2.0417400E+03  1.9673978E-03
  2.0464399E+03  1.9568028E-03
  2.0511599E+03  1.9568028E-03
  2.0558899E+03  1.9568028E-03
  2.0606299E+03  1.8552251E-03
  2.0653799E+03  1.8552251E-03
  2.0701399E+03  1.8552251E-03
  2.0749099E+03  1.8552251E-03
  2.0797000E+03  1.8552251E-03
  2.0844900E+03  1.8552251E-03
  2.0893000E+03  1.8594995E-03
  2.0941101E+03  1.8594995E-03
  2.0989399E+03  1.8552251E-03
  2.1037800E+03  1.8594995E-03
  2.1086299E+03  1.8594995E-03
  2.1134900E+03  1.8552251E-03
  2.1183601E+03  1.8552251E-03
  2.1232400E+03  1.8552251E-03
  2.1281399E+03  1.8594995E-03
  2.1330400E+03  1.7706859E-03
  2.1379600E+03  1.7021190E-03
  2.1428899E+03  1.6328316E-03
  2.1478301E+03  1.6328316E-03
  2.1527800E+03  1.6052276E-03
  2.1577400E+03  1.6052276E-03
  2.1627200E+03  1.6317115E-03
  2.1677000E+03  1.6317115E-03
  2.1727000E+03  1.6317115E-03
  2.1777100E+03  1.6052276E-03
  2.1827300E+03  1.6317115E-03
  2.1877600E+03  1.6317115E-03
  2.1928000E+03  1.6052276E-03
  2.1978601E+03  1.6029520E-03
  2.2029299E+03  1.5833636E-03
  2.2080000E+03  1.5833636E-03
  2.2130901E+03  1.5833636E-03
  2.2182000E+03  1.5833636E-03
  2.2233101E+03  1.5321895E-03
  2.2284399E+03  1.5321895E-03
  2.2335701E+03  1.5162195E-03
  2.2387200E+03  1.5162195E-03
  2.2438799E+03  1.5321895E-03
  2.2490500E+03  1.5586053E-03
  2.2542400E+03  1.5249125E-03
  2.2594399E+03  1.5321895E-03
  2.2646399E+03  1.5321895E-03
  2.2698601E+03  1.5321895E-03
  2.2751001E+03  1.5321895E-03
  2.2803401E+03  1.5321895E-03
  2.2856001E+03  1.5321895E-03
  2.2908701E+03  1.5404989E-03
  2.2961499E+03  1.5321895E-03
  2.3014399E+03  1.5321895E-03
  2.3067500E+03  1.5249125E-03
  2.3120601E+03  1.5321895E-03
  2.3173899E+03  1.5321895E-03
  2.3227400E+03  1.5571556E-03
  2.3280901E+03  1.5571556E-03
  2.3334600E+03  1.5571556E-03
  2.3388401E+03  1.5404989E-03
  2.3442300E+03  1.5249125E-03
  2.3496299E+03  1.5109928E-03
  2.3550500E+03  1.5109928E-03
  2.3604800E+03  1.4908642E-03
  2.3659199E+03  1.4908642E-03
  2.3713701E+03  1.4908642E-03
  2.3768401E+03  1.4908642E-03
  2.3823201E+03  1.4509480E-03
  2.3878101E+03  1.4303026E-03
  2.3933201E+03  1.4303026E-03
  2.3988301E+03  1.4509480E-03
  2.4043601E+03  1.4509480E-03
  2.4099099E+03  1.4898259E-03
  2.4154600E+03  1.4898259E-03
  2.4210300E+03  1.4898259E-03
  2.4266101E+03  1.4898259E-03
  2.4322000E+03  1.4908642E-03
  2.4378101E+03  1.4898259E-03
  2.4434299E+03  1.5040055E-03
  2.4490601E+03  1.5361649E-03
  2.4547100E+03  1.5226298E-03
  2.4603701E+03  1.5249578E-03
  2.4660400E+03  1.5226298E-03
  2.4717200E+03  1.5226298E-03
  2.4774199E+03  1.5249578E-03
  2.4831299E+03  1.5361649E-03
  2.4888601E+03  1.5361649E-03
  2.4945901E+03  1.5249578E-03
  2.5003501E+03  1.4901449E-03
  2.5061101E+03  1.5249578E-03
  2.5118899E+03  1.5249578E-03
  2.5176799E+03  1.5226298E-03
  2.5234800E+03  1.5249578E-03
  2.5293000E+03  1.5249578E-03
  2.5351299E+03  1.5226298E-03
  2.5409700E+03  1.5226298E-03
  2.5468301E+03  1.5226298E-03
  2.5527000E+03  1.5249578E-03
  2.5585901E+03  1.4774223E-03
  2.5644800E+03  1.5591034E-03
  2.5703899E+03  1.5591034E-03
  2.5763201E+03  1.5440143E-03
  2.5822600E+03  1.5591034E-03
  2.5882100E+03  1.5591034E-03
  2.5941799E+03  1.5817616E-03
  2.6001599E+03  1.6135290E-03
  2.6061499E+03  1.6135290E-03
  2.6121599E+03  1.6135290E-03
  2.6181799E+03  1.6289674E-03
  2.6242200E+03  1.6135290E-03
  2.6302700E+03  1.6135290E-03
  2.6363301E+03  1.6289674E-03
  2.6424099E+03  1.6135290E-03
  2.6485000E+03  1.6135290E-03
  2.6546101E+03  1.6135290E-03
  2.6607200E+03  1.6289674E-03
  2.6668601E+03  1.7047889E-03
  2.6730100E+03  1.7094044E-03
  2.6791699E+03  1.7995104E-03
  2.6853401E+03  1.7094044E-03
  2.6915300E+03  1.7995104E-03
  2.6977400E+03  1.7995104E-03
  2.7039600E+03  1.7995104E-03
  2.7101899E+03  1.8086906E-03
  2.7164399E+03  1.8388816E-03
  2.7227000E+03  1.9022760E-03
  2.7289800E+03  1.9022760E-03
  2.7352700E+03  1.9022760E-03
  2.7415701E+03  1.9022760E-03
  2.7478899E+03  1.9022760E-03
  2.7542300E+03  1.9022760E-03
  2.7605801E+03  1.9022760E-03
  2.7669399E+03  1.9413297E-03
  2.7733201E+03  1.9413297E-03
  2.7797100E+03  1.9702381E-03
  2.7861201E+03  1.9702381E-03
  2.7925400E+03  1.9702381E-03
  2.7989800E+03  1.9918038E-03
  2.8054299E+03  1.9918038E-03
  2.8118999E+03  2.0044602E-03
  2.8183799E+03  2.0077971E-03
  2.8248799E+03  2.0078612E-03
  2.8313899E+03  2.0077971E-03
  2.8379199E+03  2.0077971E-03
  2.8444600E+03  2.0077971E-03
  2.8510200E+03  2.0078612E-03
  2.8575901E+03  2.0188021E-03
  2.8641799E+03  2.0275654E-03
  2.8707800E+03  2.0275654E-03
  2.8773999E+03  2.0358772E-03
  2.8840300E+03  2.0358772E-03
  2.8906799E+03  2.0358772E-03
  2.8973401E+03  2.0358772E-03
  2.9040200E+03  2.0358772E-03
  2.9107200E+03  2.1287084E-03
  2.9174299E+03  2.1461982E-03
  2.9241499E+03  2.1461982E-03
  2.9308899E+03  2.1746373E-03
  2.9376499E+03  2.1746373E-03
  2.9444199E+03  2.1746373E-03
  2.9512100E+03  2.1886525E-03
  2.9580100E+03  2.1886525E-03
  2.9648301E+03  2.2223843E-03
  2.9716699E+03  2.2391446E-03
  2.9785200E+03  2.2391446E-03
  2.9853799E+03  2.2388916E-03
  2.9922600E+03  2.2223843E-03
  2.9991599E+03  2.2391446E-03
  3.0060801E+03  2.2753354E-03
  3.0130100E+03  2.2807643E-03
  3.0199500E+03  2.3087156E-03
  3.0269099E+03  2.3109764E-03
  3.0338899E+03  2.3413717E-03
  3.0408899E+03  2.3413717E-03
  3.0478899E+03  2.3413717E-03
  3.0549199E+03  2.3109764E-03
  3.0619600E+03  2.3109764E-03
  3.0690200E+03  2.3109764E-03
  3.0761001E+03  2.3468242E-03
  3.0831899E+03  2.3468242E-03
  3.0903000E+03  2.4055843E-03
  3.0974199E+03  2.4312264E-03
  3.1045601E+03  2.4055843E-03
  3.1117200E+03  2.4055843E-03
  3.1188899E+03  2.4312264E-03
  3.1260801E+03  2.4860725E-03
  3.1332800E+03  2.4860725E-03
  3.1405100E+03  2.4868778E-03
  3.1477500E+03  2.4978593E-03
  3.1550000E+03  2.5078512E-03
  3.1622800E+03  2.5078512E-03
  3.1695701E+03  2.5078512E-03
  3.1768701E+03  2.5078512E-03
  3.1842000E+03  2.5135975E-03
  3.1915400E+03  2.5179826E-03
  3.1988899E+03  2.5194371E-03
  3.2062700E+03  2.5194371E-03
  3.2136599E+03  2.5194371E-03
  3.2210701E+03  2.5350982E-03
  3.2284900E+03  2.5421949E-03
  3.2359399E+03  2.5893236E-03
  3.2433999E+03  2.5893236E-03
  3.2508701E+03  2.6017914E-03
  3.2583701E+03  2.6059253E-03
  3.2658799E+03  2.6059253E-03
  3.2734099E+03  2.6536456E-03
  3.2809500E+03  2.6536456E-03
  3.2885200E+03  2.6562312E-03
  3.2961001E+03  2.6607788E-03
  3.3036899E+03  2.6607788E-03
  3.3113101E+03  2.6562312E-03
  3.3189399E+03  2.6607788E-03
  3.3265901E+03  2.6752190E-03
  3.3342600E+03  2.6854514E-03
  3.3419500E+03  2.6854514E-03
  3.3496499E+03  2.6854514E-03
  3.3573799E+03  2.6854514E-03
  3.3651201E+03  2.7293726E-03
  3.3728701E+03  2.6370985E-03
  3.3806499E+03  2.6189950E-03
  3.3884399E+03  2.6631008E-03
  3.3962500E+03  2.6370985E-03
  3.4040801E+03  2.6631008E-03
  3.4119299E+03  2.7713543E-03
  3.4197900E+03  2.7713543E-03
  3.4276799E+03  2.7713543E-03
  3.4355801E+03  2.7713543E-03
  3.4435000E+03  3.0477727E-03
  3.4514399E+03  3.1952348E-03
  3.4593899E+03  3.1952348E-03
  3.4673701E+03  3.1952348E-03
  3.4753601E+03  3.1952348E-03
  3.4833701E+03  3.1952348E-03
  3.4913999E+03  3.2485705E-03
  3.4994500E+03  3.1952348E-03
  3.5075200E+03  3.1952348E-03
  3.5156001E+03  3.2485705E-03
  3.5237100E+03  3.2485705E-03
  3.5318301E+03  3.2965143E-03
  3.5399700E+03  3.2485705E-03
  3.5481299E+03  3.2485705E-03
  3.5563101E+03  3.2431677E-03
  3.5645100E+03  3.2965143E-03
  3.5727300E+03  3.3321122E-03
  3.5809600E+03  3.3562761E-03
  3.5892200E+03  3.3611311E-03
  3.5974900E+03  3.4286722E-03
  3.6057900E+03  3.4993300E-03
  3.6141001E+03  3.4900215E-03
  3.6224299E+03  3.4993300E-03
  3.6307800E+03  3.5796466E-03
  3.6391499E+03  3.6060510E-03
  3.6475400E+03  3.6060510E-03
  3.6559500E+03  3.6060510E-03
  3.6643701E+03  3.6060510E-03
  3.6728201E+03  3.6060510E-03
  3.6812900E+03  3.6148275E-03
  3.6897800E+03  3.6735816E-03
  3.6982800E+03  3.6796934E-03
  3.7068101E+03  3.8435753E-03
  3.7153501E+03  3.8435753E-03
  3.7239199E+03  3.9487020E-03
  3.7325000E+03  3.9686044E-03
  3.7411101E+03  3.9858031E-03
  3.7497300E+03  3.9686044E-03
  3.7583701E+03  3.9858031E-03
  3.7670400E+03  3.9984444E-03
  3.7757200E+03  3.9984444E-03
  3.7844199E+03  4.0487861E-03
  3.7931499E+03  4.0920470E-03
  3.8018899E+03  4.1129449E-03
  3.8106599E+03  4.3008798E-03
  3.8194399E+03  4.3589668E-03
  3.8282500E+03  4.3688780E-03
  3.8370701E+03  4.3688780E-03
  3.8459199E+03  4.3733940E-03
  3.8547800E+03  4.3733940E-03
  3.8636699E+03  4.3914546E-03
  3.8725701E+03  4.4174525E-03
  3.8815000E+03  4.4174525E-03
  3.8904500E+03  4.6061967E-03
  3.8994199E+03  4.6061967E-03
  3.9084099E+03  4.7120061E-03
  3.9174199E+03  4.7346456E-03
  3.9264500E+03  4.7481209E-03
  3.9355000E+03  4.7485875E-03
  3.9445701E+03  4.7570099E-03
  3.9536699E+03  4.7570099E-03
  3.9627800E+03  4.7989436E-03
  3.9719199E+03  4.8413188E-03
  3.9810701E+03  4.8432439E-03
  3.9902500E+03  4.8488677E-03
  3.9994500E+03  4.8634796E-03
  4.0086699E+03  4.8634796E-03
  4.0179099E+03  5.0980700E-03
  4.0271699E+03  5.0633783E-03
  4.0364500E+03  5.0992430E-03
  4.0457600E+03  5.1363232E-03
  4.0550901E+03  5.1363232E-03
  4.0644299E+03  5.1332591E-03
  4.0738000E+03  5.1332591E-03
  4.0831899E+03  5.0992430E-03
  4.0926101E+03  5.1332591E-03
  4.1020400E+03  5.1332591E-03
  4.1115000E+03  5.1374231E-03
  4.1209800E+03  5.1632943E-03
  4.1304702E+03  5.2230721E-03
  4.1400000E+03  5.2612061E-03
  4.1495400E+03  5.5426769E-03
  4.1591099E+03  5.5439034E-03
  4.1686899E+03  5.5566183E-03
  4.1782998E+03  5.5712615E-03
  4.1879399E+03  5.5712615E-03
  4.1975898E+03  5.5950526E-03
  4.2072598E+03  5.5950526E-03
  4.2169600E+03  5.5950526E-03
  4.2266899E+03  5.5950526E-03
  4.2364302E+03  5.6652878E-03
  4.2462002E+03  5.5950526E-03
  4.2559800E+03  5.7946593E-03
  4.2657900E+03  5.9266370E-03
  4.2756299E+03  5.7946593E-03
  4.2854800E+03  5.7946593E-03
  4.2953599E+03  5.9266370E-03
  4.3052598E+03  5.9266370E-03
  4.3151899E+03  6.1221151E-03
  4.3251401E+03  6.1046160E-03
  4.3351099E+03  6.1221151E-03
  4.3451001E+03  6.2471810E-03
  4.3551201E+03  6.2537249E-03
  4.3651602E+03  6.2830579E-03
  4.3752202E+03  6.4439885E-03
  4.3853101E+03  6.4439885E-03
  4.3954199E+03  6.5664710E-03
  4.4055498E+03  6.5664710E-03
  4.4157002E+03  6.5664710E-03
  4.4258799E+03  6.5664710E-03
  4.4360801E+03  6.8308548E-03
  4.4463101E+03  6.8308548E-03
  4.4565601E+03  6.8308548E-03
  4.4668301E+03  6.8341889E-03
  4.4771299E+03  6.8308548E-03
  4.4874502E+03  6.7399759E-03
  4.4977998E+03  6.7399759E-03
  4.5081699E+03  6.8308548E-03
  4.5185601E+03  6.8308548E-03
  4.5289702E+03  6.7399759E-03
  4.5394102E+03  6.7399759E-03
  4.5498799E+03  6.8341889E-03
  4.5603701E+03  6.9676256E-03
  4.5708799E+03  6.9274260E-03
  4.5814199E+03  6.9676256E-03
  4.5919800E+03  6.9797733E-03
  4.6025601E+03  6.9797733E-03
  4.6131802E+03  6.9676256E-03
  4.6238101E+03  6.9676256E-03
  4.6344702E+03  6.9676256E-03
  4.6451499E+03  6.9274260E-03
  4.6558599E+03  6.8799793E-03
  4.6665898E+03  7.0723863E-03
  4.6773501E+03  7.0723863E-03
  4.6881299E+03  7.0528067E-03
  4.6989399E+03  7.0723863E-03
  4.7097700E+03  7.0723863E-03
  4.7206299E+03  7.0893541E-03
  4.7315098E+03  7.0893541E-03
  4.7424199E+03  7.0893541E-03
  4.7533501E+03  7.0893541E-03
  4.7643101E+03  7.0528067E-03
  4.7752900E+03  7.0893541E-03
  4.7862998E+03  7.1065892E-03
  4.7973301E+03  7.1782456E-03
  4.8083901E+03  7.2138789E-03
  4.8194800E+03  7.3057669E-03
  4.8305898E+03  7.2244168E-03
  4.8417202E+03  7.3057669E-03
  4.8528799E+03  7.3057669E-03
  4.8640698E+03  7.3182150E-03
  4.8752798E+03  7.2507556E-03
  4.8865200E+03  7.2409147E-03
  4.8977900E+03  7.2507556E-03
  4.9090801E+03  7.2507556E-03
  4.9203901E+03  7.2507556E-03
  4.9317402E+03  7.2672577E-03
  4.9431099E+03  7.2672577E-03
  4.9545000E+03  7.2818263E-03
  4.9659199E+03  7.3578828E-03
  4.9773701E+03  7.3450124E-03
  4.9888398E+03  7.3450124E-03
  5.0003398E+03  7.3043234E-03
  5.0118701E+03  7.2736517E-03
  5.0234302E+03  7.2620893E-03
  5.0350000E+03  7.2620893E-03
  5.0466099E+03  7.2591673E-03
  5.0582500E+03  7.2620893E-03
  5.0699102E+03  7.2736517E-03
  5.0815898E+03  7.3043234E-03
  5.0933101E+03  7.2736517E-03
  5.1050498E+03  7.3151542E-03
  5.1168198E+03  7.3598381E-03
  5.1286099E+03  7.3598381E-03
  5.1404399E+03  7.4062869E-03
  5.1522900E+03  7.4062869E-03
  5.1641602E+03  7.3598381E-03
  5.1760698E+03  7.3561543E-03
  5.1880000E+03  7.3561543E-03
  5.1999600E+03  7.3598381E-03
  5.2119502E+03  7.3735761E-03
  5.2239600E+03  7.4945632E-03
  5.2360000E+03  7.3484168E-03
  5.2480698E+03  7.3325434E-03
  5.2601699E+03  7.3325434E-03
  5.2722998E+03  7.3325434E-03
  5.2844502E+03  7.3735761E-03
  5.2966299E+03  7.3325434E-03
  5.3088398E+03  7.3325434E-03
  5.3210801E+03  7.3325434E-03
  5.3333501E+03  7.3197740E-03
  5.3456401E+03  7.3197740E-03
  5.3579600E+03  7.3197740E-03
  5.3703198E+03  7.3197740E-03
  5.3827002E+03  7.4236034E-03
  5.3951001E+03  7.4748280E-03
  5.4075400E+03  7.5548701E-03
  5.4200098E+03  7.5044935E-03
  5.4325000E+03  7.5044935E-03
  5.4450200E+03  7.5548701E-03
  5.4575801E+03  7.5044935E-03
  5.4701602E+03  7.5044935E-03
  5.4827700E+03  7.5044935E-03
  5.4954102E+03  7.5044935E-03
  5.5080801E+03  7.5044935E-03
  5.5207700E+03  7.3343669E-03
  5.5335000E+03  7.5546252E-03
  5.5462598E+03  7.5546252E-03
  5.5590400E+03  7.5782896E-03
  5.5718501E+03  7.5546252E-03
  5.5847002E+03  7.4875555E-03
  5.5975698E+03  7.4875555E-03
  5.6104800E+03  7.4875555E-03
  5.6234102E+03  7.4875555E-03
  5.6363799E+03  7.4022752E-03
  5.6493701E+03  7.4022752E-03
  5.6623901E+03  7.3918588E-03
  5.6754502E+03  7.3918588E-03
  5.6885298E+03  7.4748076E-03
  5.7016401E+03  7.4748076E-03
  5.7147900E+03  7.4748076E-03
  5.7279600E+03  7.6994267E-03
  5.7411602E+03  7.6994267E-03
  5.7543999E+03  7.6994267E-03
  5.7676602E+03  7.6994267E-03
  5.7809600E+03  7.4979006E-03
  5.7942900E+03  7.5563509E-03
  5.8076401E+03  7.4979006E-03
  5.8210298E+03  7.4979006E-03
  5.8344502E+03  7.5022816E-03
  5.8478999E+03  7.5563509E-03
  5.8613799E+03  7.5563509E-03
  5.8748901E+03  7.5901099E-03
  5.8884399E+03  7.8147957E-03
  5.9020098E+03  7.8147957E-03
  5.9156099E+03  7.8186840E-03
  5.9292500E+03  7.8583462E-03
  5.9429199E+03  7.8454399E-03
  5.9566201E+03  7.8147957E-03
  5.9703501E+03  7.8126248E-03
  5.9841201E+03  7.6499931E-03
  5.9979102E+03  7.4697495E-03
  6.0117300E+03  7.4697495E-03
  6.0256001E+03  7.4697495E-03
  6.0394800E+03  7.2981184E-03
  6.0534102E+03  7.2699031E-03
  6.0673599E+03  7.2344895E-03
  6.0813501E+03  7.2699031E-03
  6.0953701E+03  7.2699031E-03
  6.1094199E+03  7.3453756E-03
  6.1235000E+03  7.3453756E-03
  6.1376201E+03  7.4554067E-03
  6.1517700E+03  7.5676506E-03
  6.1659502E+03  7.5676506E-03
  6.1801602E+03  7.5676506E-03
  6.1944102E+03  7.4554067E-03
  6.2086899E+03  7.4020596E-03
  6.2230000E+03  7.2366782E-03
  6.2373501E+03  7.0630861E-03
  6.2517300E+03  6.9425898E-03
  6.2661401E+03  7.1879779E-03
  6.2805801E+03  7.3285755E-03
  6.2950601E+03  7.3427306E-03
  6.3095698E+03  7.1935635E-03
  6.3241201E+03  7.2629582E-03
  6.3386899E+03  7.2929119E-03
  6.3533101E+03  7.2853491E-03
  6.3679502E+03  7.2554862E-03
  6.3826299E+03  7.3491265E-03
  6.3973501E+03  7.3497118E-03
  6.4120898E+03  7.2614034E-03
  6.4268799E+03  7.3152948E-03
  6.4416899E+03  7.2917230E-03
  6.4565400E+03  7.2614551E-03
  6.4714199E+03  7.2392374E-03
  6.4863398E+03  7.1275271E-03
  6.5012998E+03  7.2458931E-03
  6.5162798E+03  7.3513016E-03
  6.5312998E+03  7.3229210E-03
  6.5463599E+03  7.1484800E-03
  6.5614502E+03  6.8462696E-03
  6.5765801E+03  6.8354835E-03
  6.5917402E+03  7.2131539E-03
  6.6069302E+03  7.2798356E-03
  6.6221602E+03  7.2460403E-03
  6.6374302E+03  7.2141481E-03
  6.6527300E+03  7.1871215E-03
  6.6680698E+03  7.0518386E-03
  6.6834399E+03  7.1010045E-03
  6.6988501E+03  7.0045474E-03
  6.7142900E+03  6.8836515E-03
  6.7297598E+03  7.0281820E-03
  6.7452798E+03  6.9315112E-03
  6.7608301E+03  6.9219326E-03
  6.7764102E+03  6.9093774E-03
  6.7920400E+03  6.8500289E-03
  6.8076899E+03  6.8803267E-03
  6.8233799E+03  6.9415532E-03
  6.8391099E+03  6.8828235E-03
  6.8548799E+03  6.8089073E-03
  6.8706802E+03  6.9016251E-03
  6.8865200E+03  6.9832955E-03
  6.9023999E+03  6.9884420E-03
  6.9183101E+03  6.9563966E-03
  6.9342598E+03  6.9226278E-03
  6.9502402E+03  6.9246613E-03
  6.9662598E+03  6.9997651E-03
  6.9823198E+03  6.9952859E-03
  6.9984199E+03  6.9365781E-03
  7.0145498E+03  6.9101094E-03
  7.0307202E+03  7.0304936E-03
  7.0469302E+03  7.0582330E-03
  7.0631802E+03  6.9085769E-03
  7.0794600E+03  6.7202426E-03
  7.0957700E+03  6.5497728E-03
  7.1121401E+03  6.4119608E-03
  7.1285298E+03  6.2967353E-03
  7.1449600E+03  6.2681814E-03
  7.1614302E+03  6.3082599E-03
  7.1779399E+03  6.2804641E-03
  7.1944902E+03  6.2212460E-03
  7.2110698E+03  6.3485987E-03
  7.2277002E+03  6.4725294E-03
  7.2443599E+03  6.5262024E-03
  7.2610601E+03  6.5680104E-03
  7.2777998E+03  6.5526357E-03
  7.2945698E+03  6.5401257E-03
  7.3113901E+03  6.6956286E-03
  7.3282500E+03  6.7165471E-03
  7.3451401E+03  6.7770490E-03
  7.3620698E+03  6.9072573E-03
  7.3790400E+03  6.9181034E-03
  7.3960498E+03  6.8437029E-03
  7.4131001E+03  6.8723084E-03
  7.4301899E+03  7.0215180E-03
  7.4473198E+03  7.0187547E-03
  7.4644902E+03  7.1075140E-03
  7.4816899E+03  7.1329097E-03
  7.4989399E+03  7.1640806E-03
  7.5162300E+03  7.2486545E-03
  7.5335498E+03  7.3441295E-03
  7.5509199E+03  7.3877699E-03
  7.5683301E+03  7.3597250E-03
  7.5857700E+03  7.2220019E-03
  7.6032598E+03  7.0904945E-03
  7.6207900E+03  6.9512203E-03
  7.6383599E+03  6.8068779E-03
  7.6559600E+03  6.6111060E-03
  7.6736099E+03  6.3997195E-03
  7.6912998E+03  6.5234550E-03
  7.7090298E+03  6.4107608E-03
  7.7268101E+03  6.4176093E-03
  7.7446201E+03  6.3869436E-03
  7.7624702E+03  6.4256862E-03
  7.7803599E+03  6.4888699E-03
  7.7982998E+03  6.9084065E-03
  7.8162798E+03  6.4913179E-03
  7.8342900E+03  6.4343130E-03
  7.8523599E+03  6.3759959E-03
  7.8704600E+03  6.4777085E-03
  7.8886001E+03  6.3944128E-03
  7.9067900E+03  6.2620384E-03
  7.9250098E+03  6.2600658E-03
  7.9432798E+03  6.2339744E-03
  7.9615898E+03  6.3447175E-03
  7.9799502E+03  6.4406712E-03
  7.9983398E+03  6.4733289E-03
  8.0167798E+03  6.5229037E-03
  8.0352598E+03  6.5433397E-03
  8.0537798E+03  6.5671848E-03
  8.0723501E+03  6.6385060E-03
  8.0909600E+03  6.5862443E-03
  8.1096099E+03  6.6610193E-03
  8.1282998E+03  6.8561123E-03
  8.1470400E+03  6.9496594E-03
  8.1658198E+03  7.0204544E-03
  8.1846499E+03  6.8680770E-03
  8.2035098E+03  6.7433845E-03
  8.2224297E+03  6.7388364E-03
  8.2413799E+03  6.7489622E-03
  8.2603799E+03  6.7820624E-03
  8.2794199E+03  6.7787790E-03
  8.2985098E+03  6.6320039E-03
  8.3176299E+03  6.4730621E-03
  8.3368096E+03  6.4422586E-03
  8.3560303E+03  6.4527639E-03
  8.3752900E+03  6.4218598E-03
  8.3945996E+03  6.3019502E-03
  8.4139502E+03  6.4023724E-03
  8.4333496E+03  6.1112116E-03
  8.4527900E+03  5.9854491E-03
  8.4722695E+03  5.9968852E-03
  8.4917998E+03  6.0126721E-03
  8.5113799E+03  5.7865721E-03
  8.5310000E+03  6.0081943E-03
  8.5506699E+03  5.5720354E-03
  8.5703799E+03  6.2374212E-03
  8.5901396E+03  6.1494089E-03
  8.6099404E+03  6.2256018E-03
  8.6297803E+03  6.3787652E-03
  8.6496699E+03  6.3851383E-03
  8.6696201E+03  5.7497066E-03
  8.6895996E+03  6.2322496E-03
  8.7096299E+03  6.4866226E-03
  8.7297100E+03  6.5405206E-03
  8.7498398E+03  6.4446852E-03
  8.7700000E+03  6.6035176E-03
  8.7902305E+03  6.6989930E-03
  8.8104902E+03  6.5698242E-03
  8.8307998E+03  6.6399970E-03
  8.8511504E+03  6.5902988E-03
  8.8715596E+03  6.3214093E-03
  8.8920098E+03  6.4529553E-03
  8.9125098E+03  6.5185721E-03
  8.9330498E+03  6.4121578E-03
  8.9536504E+03  6.4354083E-03
  8.9742803E+03  6.4574168E-03
  8.9949805E+03  6.4035146E-03
  9.0157100E+03  6.3023376E-03
  9.0364902E+03  6.5706754E-03
  9.0573301E+03  6.7349309E-03
  9.0782002E+03  6.6826255E-03
  9.0991299E+03  6.6456674E-03
  9.1200996E+03  6.7603239E-03
  9.1411299E+03  6.7958110E-03
  9.1622002E+03  6.7689843E-03
  9.1833203E+03  6.8182140E-03
  9.2045000E+03  6.6295653E-03
  9.2257100E+03  6.3762339E-03
  9.2469805E+03  6.3379705E-03
  9.2682998E+03  6.3902722E-03
  9.2896602E+03  6.3077165E-03
  9.3110801E+03  6.3521583E-03
  9.3325400E+03  6.3603232E-03
  9.3540596E+03  6.3148122E-03
  9.3756201E+03  6.2612584E-03
  9.3972305E+03  6.3004070E-03
  9.4189004E+03  6.2936526E-03
  9.4406104E+03  6.3374452E-03
  9.4623701E+03  6.3908226E-03
  9.4841797E+03  6.4614629E-03
  9.5060498E+03  6.3626040E-03
  9.5279600E+03  6.3654827E-03
  9.5499199E+03  6.2197638E-03
  9.5719404E+03  6.3356329E-03
  9.5940000E+03  6.4416965E-03
  9.6161201E+03  6.3784639E-03
  9.6382900E+03  6.3555101E-03
  9.6605098E+03  6.2844134E-03
  9.6827695E+03  6.3559287E-03
  9.7050996E+03  6.3161263E-03
  9.7274697E+03  6.2342035E-03
  9.7498896E+03  6.2025478E-03
  9.7723701E+03  6.2253252E-03
  9.7949004E+03  6.1822562E-03
  9.8174805E+03  6.2802956E-03
  9.8401104E+03  6.2626163E-03
  9.8627900E+03  6.2572858E-03
  9.8855303E+03  6.2353979E-03
  9.9083203E+03  6.1759367E-03
  9.9311602E+03  6.2147053E-03
  9.9540498E+03  6.2303785E-03
  9.9770000E+03  6.2252702E-03
  1.0000000E+04  6.2058074E-03
  1.0000000E+04  6.2058074E-03
  1.0115800E+04  6.1707548E-03
  1.0232940E+04  6.1366279E-03
  1.0351420E+04  6.0447622E-03
  1.0471290E+04  5.9716809E-03
  1.0592540E+04  5.7644220E-03
  1.0715200E+04  5.6902142E-03
  1.0839270E+04  5.5562463E-03
  1.0964780E+04  4.9450882E-03
  1.1091750E+04  5.3273882E-03
  1.1220190E+04  5.2705435E-03
  1.1350100E+04  5.1708678E-03
  1.1481540E+04  3.7946806E-03
  1.1614490E+04  4.9960911E-03
  1.1748980E+04  4.9431967E-03
  1.1885020E+04  4.7656121E-03
  1.2022640E+04  3.7795100E-03
  1.2161860E+04  4.5101107E-03
  1.2302690E+04  4.1478006E-03
  1.2445140E+04  4.0178229E-03
  1.2589250E+04  3.9980249E-03
  1.2735030E+04  4.3614320E-03
  1.2882500E+04  3.8835006E-03
  1.3031660E+04  4.2090919E-03
  1.3182560E+04  3.5586869E-03
  1.3335210E+04  3.7506102E-03
  1.3489630E+04  3.4332399E-03
  1.3645840E+04  3.2408752E-03
  1.3803840E+04  3.8551283E-03
  1.3963680E+04  3.6106447E-03
  1.4125380E+04  3.3315928E-03
  1.4288950E+04  3.5682688E-03
  1.4454390E+04  3.3476274E-03
  1.4621770E+04  3.4607388E-03
  1.4791090E+04  3.4328704E-03
  1.4962360E+04  3.4686571E-03
  1.5135610E+04  3.4796505E-03
  1.5310870E+04  3.4981121E-03
  1.5488170E+04  3.4597700E-03
  1.5667520E+04  3.3539461E-03
  1.5848920E+04  3.2247109E-03
  1.6032450E+04  3.2698750E-03
  1.6218100E+04  3.2575086E-03
  1.6405900E+04  3.2418913E-03
  1.6595859E+04  3.2182240E-03
  1.6788039E+04  3.1356849E-03
  1.6982439E+04  3.0899919E-03
  1.7179090E+04  2.9809226E-03
  1.7378000E+04  2.8389932E-03
  1.7579230E+04  2.7425676E-03
  1.7782789E+04  2.6144499E-03
  1.7988711E+04  2.4930686E-03
  1.8197020E+04  2.3894715E-03
  1.8407711E+04  2.3044797E-03
  1.8620869E+04  2.2123368E-03
  1.8836490E+04  2.1385064E-03
  1.9054619E+04  2.0843376E-03
  1.9275240E+04  2.0081333E-03
  1.9498439E+04  1.9153032E-03
  1.9724230E+04  1.8421665E-03
  1.9952631E+04  1.7895545E-03
  2.0183660E+04  1.7425086E-03
  2.0417381E+04  1.6962126E-03
  2.0653801E+04  1.6458125E-03
  2.0892971E+04  1.5978124E-03
  2.1134881E+04  1.5574532E-03
  2.1379619E+04  1.5242145E-03
  2.1627189E+04  1.4667556E-03
  2.1877619E+04  1.4241606E-03
  2.2130939E+04  1.3792302E-03
  2.2387211E+04  1.3255998E-03
  2.2646439E+04  1.2736178E-03
  2.2908680E+04  1.1326917E-03
  2.3173930E+04  1.0783966E-03
  2.3442279E+04  9.9326426E-04
  2.3713740E+04  9.3012053E-04
  2.3988340E+04  8.7678339E-04
  2.4266109E+04  8.2267827E-04
  2.4547080E+04  7.5024873E-04
  2.4831330E+04  6.7243131E-04
  2.5118869E+04  6.3563895E-04
  2.5409740E+04  6.2833680E-04
  2.5703949E+04  6.2542502E-04
  2.6001590E+04  6.1135640E-04
  2.6302680E+04  5.9337728E-04
  2.6607260E+04  5.7381659E-04
  2.6915340E+04  5.6135369E-04
  2.7227010E+04  5.5254967E-04
  2.7542289E+04  5.3694070E-04
  2.7861221E+04  5.1991473E-04
  2.8183820E+04  5.0160900E-04
  2.8510180E+04  4.8801687E-04
  2.8840320E+04  4.7139078E-04
  2.9174279E+04  4.5742968E-04
  2.9512080E+04  4.4170790E-04
  2.9853820E+04  4.2753853E-04
  3.0199520E+04  4.1484952E-04
  3.0549221E+04  4.0165990E-04
  3.0902939E+04  3.9109867E-04
  3.1260789E+04  3.8144807E-04
  3.1622779E+04  3.6960418E-04
  3.1988961E+04  3.6392393E-04
  3.2359350E+04  3.6729587E-04
  3.2734061E+04  3.7914177E-04
  3.3113109E+04  3.7496776E-04
  3.3496551E+04  3.4367020E-04
  3.3884430E+04  3.1280165E-04
  3.4276770E+04  2.9620616E-04
  3.4673680E+04  2.8569385E-04
  3.5075199E+04  2.7566176E-04
  3.5481359E+04  2.6532842E-04
  3.5892180E+04  2.5494120E-04
  3.6307801E+04  2.4641582E-04
  3.6728230E+04  2.3667476E-04
  3.7153539E+04  2.2709128E-04
  3.7583719E+04  2.1797733E-04
  3.8018930E+04  2.1014396E-04
  3.8459180E+04  2.0316971E-04
  3.8904531E+04  1.9485454E-04
  3.9354988E+04  1.8742123E-04
  3.9810711E+04  1.7917929E-04
  4.0271711E+04  1.7339319E-04
  4.0738039E+04  1.6639002E-04
  4.1209730E+04  1.6043914E-04
  4.1686930E+04  1.5391558E-04
  4.2169648E+04  1.4837191E-04
  4.2657961E+04  1.4328182E-04
  4.3151879E+04  1.2911663E-04
  4.3651570E+04  1.2117156E-04
  4.4157039E+04  1.1351419E-04
  4.4668371E+04  1.0839438E-04
  4.5185621E+04  1.0463298E-04
  4.5708801E+04  1.0261603E-04
  4.6238102E+04  9.9317651E-05
  4.6773520E+04  9.7424025E-05
  4.7315148E+04  9.5288109E-05
  4.7862988E+04  9.2737238E-05
  4.8417230E+04  9.0784881E-05
  4.8977891E+04  8.8044384E-05
  4.9545039E+04  8.5821601E-05
  5.0118699E+04  8.3910207E-05
  5.0699059E+04  8.1801401E-05
  5.1286141E+04  7.9959165E-05
  5.1880020E+04  7.8200828E-05
  5.2480719E+04  7.6409560E-05
  5.3088430E+04  7.4428681E-05
  5.3703180E+04  7.2991003E-05
  5.4325051E+04  7.1328075E-05
  5.4954059E+04  7.0083974E-05
  5.5590410E+04  6.9060101E-05
  5.6234129E+04  6.8102905E-05
  5.6885309E+04  6.7436806E-05
  5.7543961E+04  6.7721805E-05
  5.8210301E+04  6.9417780E-05
  5.8884359E+04  7.3059316E-05
  5.9566230E+04  7.9498714E-05
  6.0255988E+04  8.9839807E-05
  6.0953672E+04  9.8641474E-05
  6.1659500E+04  1.4858351E-04
  6.2373500E+04  2.1389349E-04
  6.3095762E+04  1.5777194E-04
  6.3826320E+04  1.1207348E-04
  6.4565410E+04  7.8909979E-05
  6.5313059E+04  7.0801638E-05
  6.6069367E+04  7.9999299E-05
  6.6834359E+04  8.2492821E-05
  6.7608289E+04  8.5266140E-05
  6.8391172E+04  8.4045649E-05
  6.9183117E+04  9.1377900E-05
  6.9984156E+04  1.1476065E-04
  7.0794562E+04  9.7108656E-05
  7.1614344E+04  1.0064200E-04
  7.2443617E+04  1.0771422E-04
  7.3282406E+04  1.1631703E-04
  7.4131008E+04  1.2990997E-04
  7.4989422E+04  1.7175515E-04
  7.5857781E+04  1.9699050E-04
  7.6736102E+04  2.2117564E-04
  7.7624688E+04  2.1273836E-04
  7.8523562E+04  2.0759329E-04
  7.9432844E+04  1.8678194E-04
  8.0352648E+04  1.5062952E-04
  8.1283023E+04  1.2069469E-04
  8.2224258E+04  1.0674036E-04
  8.3176391E+04  1.0475971E-04
  8.4139547E+04  1.0342092E-04
  8.5113773E+04  1.0828453E-04
  8.6099367E+04  1.1626245E-04
  8.7096367E+04  1.0382977E-04
  8.8104922E+04  7.8123681E-05
  8.9125047E+04  5.6222711E-05
  9.0157102E+04  4.6136774E-05
  9.1201094E+04  4.0296785E-05
  9.2257172E+04  3.4208304E-05
  9.3325383E+04  3.1684081E-05
  9.4406070E+04  3.1681891E-05
  9.5499273E+04  3.1727111E-05
  9.6605117E+04  3.6700018E-05
  9.7723672E+04  3.5145084E-05
  9.8855281E+04  3.0790798E-05
  1.0000000E+05  3.1888350E-05
  1.0115797E+05  3.1851294E-05
  1.0232924E+05  3.2203712E-05
  1.0351419E+05  3.2321601E-05
  1.0471285E+05  3.4387176E-05
  1.0592540E+05  3.9578717E-05
  1.0715198E+05  4.1661122E-05
  1.0839266E+05  4.2832504E-05
  1.0964781E+05  4.8690177E-05
  1.1091750E+05  6.6375331E-05
  1.1220190E+05  1.1815032E-04
  1.1350104E+05  1.3313314E-04
  1.1481534E+05  9.4092313E-05
  1.1614488E+05  6.5594417E-05
  1.1748980E+05  5.3103999E-05
  1.1885017E+05  5.1442981E-05
  1.2022642E+05  5.5656430E-05
  1.2161861E+05  5.0910585E-05
  1.2302692E+05  5.4878627E-05
  1.2445140E+05  5.7567278E-05
  1.2589252E+05  6.3429790E-05
  1.2735031E+05  7.6889686E-05
  1.2882499E+05  6.6368193E-05
  1.3031661E+05  3.9826580E-05
  1.3182564E+05  3.5259684E-05
  1.3335214E+05  3.4126297E-05
  1.3489633E+05  3.1820990E-05
  1.3645823E+05  3.1036809E-05
  1.3803839E+05  2.8054888E-05
  1.3963683E+05  2.7687280E-05
  1.4125378E+05  2.8592813E-05
  1.4288947E+05  2.9247502E-05
  1.4454392E+05  2.6109015E-05
  1.4621770E+05  2.2116410E-05
  1.4791086E+05  2.0014901E-05
  1.4962362E+05  1.9327312E-05
  1.5135606E+05  1.9051604E-05
  1.5310872E+05  2.0566908E-05
  1.5488169E+05  2.6036703E-05
  1.5667517E+05  2.0674088E-05
  1.5848925E+05  2.0668504E-05
  1.6032452E+05  2.0858612E-05
  1.6218103E+05  2.4071498E-05
  1.6405903E+05  2.8455701E-05
  1.6595861E+05  2.8800416E-05
  1.6788036E+05  2.9412800E-05
  1.6982438E+05  3.4229870E-05
  1.7179089E+05  3.0831190E-05
  1.7377998E+05  2.7207765E-05
  1.7579231E+05  2.2200395E-05
  1.7782794E+05  2.0256608E-05
  1.7988714E+05  1.8530804E-05
  1.8196998E+05  1.8102302E-05
  1.8407714E+05  1.7753902E-05
  1.8620870E+05  1.7412704E-05
  1.8836495E+05  1.7078604E-05
  1.9054595E+05  1.6713697E-05
  1.9275242E+05  1.6245405E-05
  1.9498444E+05  1.5788795E-05
  1.9724231E+05  1.5343503E-05
  1.9952631E+05  1.4909395E-05
