  3.1623001E+02  0.0000000E+00
  3.1695999E+02  0.0000000E+00
  3.1769000E+02  0.0000000E+00
  3.1842001E+02  0.0000000E+00
  3.1914999E+02  0.0000000E+00
  3.1989001E+02  0.0000000E+00
  3.2063000E+02  0.0000000E+00
  3.2137000E+02  0.0000000E+00
  3.2210999E+02  0.0000000E+00
  3.2285001E+02  0.0000000E+00
  3.2359000E+02  0.0000000E+00
  3.2434000E+02  0.0000000E+00
  3.2509000E+02  0.0000000E+00
  3.2584000E+02  0.0000000E+00
  3.2659000E+02  0.0000000E+00
  3.2734000E+02  0.0000000E+00
  3.2810001E+02  0.0000000E+00
  3.2885001E+02  0.0000000E+00
  3.2960999E+02  0.0000000E+00
  3.3037000E+02  0.0000000E+00
  3.3113000E+02  0.0000000E+00
  3.3189001E+02  0.0000000E+00
  3.3266000E+02  0.0000000E+00
  3.3342999E+02  0.0000000E+00
  3.3419000E+02  0.0000000E+00
  3.3497000E+02  0.0000000E+00
  3.3573999E+02  0.0000000E+00
  3.3651001E+02  0.0000000E+00
  3.3729001E+02  0.0000000E+00
  3.3806000E+02  0.0000000E+00
  3.3884000E+02  0.0000000E+00
  3.3963000E+02  0.0000000E+00
  3.4041000E+02  0.0000000E+00
  3.4119000E+02  0.0000000E+00
  3.4198001E+02  0.0000000E+00
  3.4276999E+02  0.0000000E+00
  3.4356000E+02  0.0000000E+00
  3.4435001E+02  0.0000000E+00
  3.4514001E+02  0.0000000E+00
  3.4594000E+02  0.0000000E+00
  3.4673999E+02  0.0000000E+00
  3.4754001E+02  0.0000000E+00
  3.4834000E+02  0.0000000E+00
  3.4914001E+02  0.0000000E+00
  3.4995001E+02  0.0000000E+00
  3.5075000E+02  0.0000000E+00
  3.5156000E+02  0.0000000E+00
  3.5237000E+02  0.0000000E+00
  3.5317999E+02  0.0000000E+00
  3.5400000E+02  0.0000000E+00
  3.5481000E+02  0.0000000E+00
  3.5563000E+02  0.0000000E+00
  3.5645001E+02  0.0000000E+00
  3.5726999E+02  0.0000000E+00
  3.5810001E+02  0.0000000E+00
  3.5892001E+02  0.0000000E+00
  3.5975000E+02  0.0000000E+00
  3.6057999E+02  0.0000000E+00
  3.6141000E+02  0.0000000E+00
  3.6223999E+02  0.0000000E+00
  3.6307999E+02  0.0000000E+00
  3.6392001E+02  0.0000000E+00
  3.6475000E+02  0.0000000E+00
  3.6559000E+02  0.0000000E+00
  3.6644000E+02  0.0000000E+00
  3.6728000E+02  0.0000000E+00
  3.6813000E+02  0.0000000E+00
  3.6898001E+02  0.0000000E+00
  3.6982999E+02  0.0000000E+00
  3.7067999E+02  0.0000000E+00
  3.7154001E+02  0.0000000E+00
  3.7239001E+02  0.0000000E+00
  3.7325000E+02  0.0000000E+00
  3.7410999E+02  0.0000000E+00
  3.7497000E+02  0.0000000E+00
  3.7584000E+02  0.0000000E+00
  3.7670001E+02  0.0000000E+00
  3.7757001E+02  0.0000000E+00
  3.7844000E+02  0.0000000E+00
  3.7931000E+02  0.0000000E+00
  3.8019000E+02  0.0000000E+00
  3.8107001E+02  0.0000000E+00
  3.8194000E+02  0.0000000E+00
  3.8282001E+02  0.0000000E+00
  3.8370999E+02  0.0000000E+00
  3.8459000E+02  0.0000000E+00
  3.8548001E+02  0.0000000E+00
  3.8637000E+02  0.0000000E+00
  3.8726001E+02  0.0000000E+00
  3.8814999E+02  0.0000000E+00
  3.8904999E+02  0.0000000E+00
  3.8994000E+02  0.0000000E+00
  3.9084000E+02  0.0000000E+00
  3.9173999E+02  0.0000000E+00
  3.9264999E+02  0.0000000E+00
  3.9354999E+02  0.0000000E+00
  3.9445999E+02  0.0000000E+00
  3.9537000E+02  0.0000000E+00
  3.9628000E+02  0.0000000E+00
  3.9719000E+02  0.0000000E+00
  3.9810999E+02  0.0000000E+00
  3.9901999E+02  0.0000000E+00
  3.9994000E+02  0.0000000E+00
  4.0087000E+02  0.0000000E+00
  4.0179001E+02  0.0000000E+00
  4.0272000E+02  0.0000000E+00
  4.0364999E+02  0.0000000E+00
  4.0457999E+02  0.0000000E+00
  4.0551001E+02  0.0000000E+00
  4.0644000E+02  0.0000000E+00
  4.0738000E+02  0.0000000E+00
  4.0832001E+02  0.0000000E+00
  4.0926001E+02  0.0000000E+00
  4.1020001E+02  0.0000000E+00
  4.1114999E+02  0.0000000E+00
  4.1210001E+02  0.0000000E+00
  4.1304999E+02  0.0000000E+00
  4.1400000E+02  0.0000000E+00
  4.1495001E+02  0.0000000E+00
  4.1591000E+02  0.0000000E+00
  4.1687000E+02  0.0000000E+00
  4.1782999E+02  0.0000000E+00
  4.1879001E+02  0.0000000E+00
  4.1976001E+02  0.0000000E+00
  4.2073001E+02  0.0000000E+00
  4.2170001E+02  0.0000000E+00
  4.2267001E+02  0.0000000E+00
  4.2364001E+02  0.0000000E+00
  4.2462000E+02  0.0000000E+00
  4.2560001E+02  0.0000000E+00
  4.2657999E+02  0.0000000E+00
  4.2756000E+02  0.0000000E+00
  4.2854999E+02  0.0000000E+00
  4.2954001E+02  0.0000000E+00
  4.3053000E+02  0.0000000E+00
  4.3151999E+02  0.0000000E+00
  4.3251001E+02  0.0000000E+00
  4.3351001E+02  0.0000000E+00
  4.3451001E+02  0.0000000E+00
  4.3551001E+02  0.0000000E+00
  4.3651999E+02  0.0000000E+00
  4.3751999E+02  0.0000000E+00
  4.3853000E+02  0.0000000E+00
  4.3954001E+02  0.0000000E+00
  4.4054999E+02  0.0000000E+00
  4.4157001E+02  0.0000000E+00
  4.4259000E+02  0.0000000E+00
  4.4360999E+02  0.0000000E+00
  4.4463000E+02  0.0000000E+00
  4.4566000E+02  0.0000000E+00
  4.4667999E+02  0.0000000E+00
  4.4770999E+02  0.0000000E+00
  4.4875000E+02  0.0000000E+00
  4.4978000E+02  0.0000000E+00
  4.5082001E+02  0.0000000E+00
  4.5185999E+02  0.0000000E+00
  4.5289999E+02  0.0000000E+00
  4.5394000E+02  0.0000000E+00
  4.5498999E+02  0.0000000E+00
  4.5604001E+02  0.0000000E+00
  4.5709000E+02  0.0000000E+00
  4.5814001E+02  0.0000000E+00
  4.5920001E+02  0.0000000E+00
  4.6026001E+02  0.0000000E+00
  4.6132001E+02  0.0000000E+00
  4.6238000E+02  0.0000000E+00
  4.6345001E+02  0.0000000E+00
  4.6451999E+02  0.0000000E+00
  4.6559000E+02  0.0000000E+00
  4.6666000E+02  0.0000000E+00
  4.6773999E+02  0.0000000E+00
  4.6881000E+02  0.0000000E+00
  4.6989001E+02  0.0000000E+00
  4.7098001E+02  0.0000000E+00
  4.7206000E+02  0.0000000E+00
  4.7314999E+02  0.0000000E+00
  4.7423999E+02  0.0000000E+00
  4.7534000E+02  0.0000000E+00
  4.7642999E+02  0.0000000E+00
  4.7753000E+02  0.0000000E+00
  4.7863000E+02  0.0000000E+00
  4.7973001E+02  0.0000000E+00
  4.8084000E+02  0.0000000E+00
  4.8195001E+02  0.0000000E+00
  4.8306000E+02  0.0000000E+00
  4.8417001E+02  0.0000000E+00
  4.8529001E+02  0.0000000E+00
  4.8641000E+02  0.0000000E+00
  4.8753000E+02  0.0000000E+00
  4.8864999E+02  0.0000000E+00
  4.8978000E+02  0.0000000E+00
  4.9091000E+02  0.0000000E+00
  4.9204001E+02  0.0000000E+00
  4.9317001E+02  0.0000000E+00
  4.9431000E+02  0.0000000E+00
  4.9545001E+02  0.0000000E+00
  4.9659000E+02  0.0000000E+00
  4.9773999E+02  0.0000000E+00
  4.9888000E+02  0.0000000E+00
  5.0003000E+02  0.0000000E+00
  5.0119000E+02  0.0000000E+00
  5.0234000E+02  0.0000000E+00
  5.0350000E+02  0.0000000E+00
  5.0466000E+02  0.0000000E+00
  5.0582001E+02  0.0000000E+00
  5.0698999E+02  0.0000000E+00
  5.0816000E+02  0.0000000E+00
  5.0932999E+02  0.0000000E+00
  5.1050000E+02  0.0000000E+00
  5.1167999E+02  0.0000000E+00
  5.1285999E+02  0.0000000E+00
  5.1403998E+02  0.0000000E+00
  5.1522998E+02  0.0000000E+00
  5.1641998E+02  0.0000000E+00
  5.1760999E+02  0.0000000E+00
  5.1879999E+02  0.0000000E+00
  5.2000000E+02  0.0000000E+00
  5.2119000E+02  0.0000000E+00
  5.2240002E+02  0.0000000E+00
  5.2359998E+02  0.0000000E+00
  5.2481000E+02  0.0000000E+00
  5.2602002E+02  0.0000000E+00
  5.2722998E+02  0.0000000E+00
  5.2845001E+02  0.0000000E+00
  5.2965997E+02  0.0000000E+00
  5.3088000E+02  0.0000000E+00
  5.3210999E+02  0.0000000E+00
  5.3333002E+02  0.0000000E+00
  5.3456000E+02  0.0000000E+00
  5.3579999E+02  0.0000000E+00
  5.3703003E+02  0.0000000E+00
  5.3827002E+02  0.0000000E+00
  5.3951001E+02  0.0000000E+00
  5.4075000E+02  0.0000000E+00
  5.4200000E+02  0.0000000E+00
  5.4325000E+02  0.0000000E+00
  5.4450000E+02  0.0000000E+00
  5.4576001E+02  0.0000000E+00
  5.4702002E+02  0.0000000E+00
  5.4828003E+02  0.0000000E+00
  5.4953998E+02  0.0000000E+00
  5.5081000E+02  0.0000000E+00
  5.5208002E+02  0.0000000E+00
  5.5334998E+02  0.0000000E+00
  5.5463000E+02  0.0000000E+00
  5.5590002E+02  0.0000000E+00
  5.5719000E+02  0.0000000E+00
  5.5846997E+02  0.0000000E+00
  5.5976001E+02  0.0000000E+00
  5.6104999E+02  0.0000000E+00
  5.6234003E+02  0.0000000E+00
  5.6364001E+02  0.0000000E+00
  5.6494000E+02  0.0000000E+00
  5.6623999E+02  0.0000000E+00
  5.6753998E+02  0.0000000E+00
  5.6884998E+02  0.0000000E+00
  5.7015997E+02  0.0000000E+00
  5.7147998E+02  0.0000000E+00
  5.7279999E+02  0.0000000E+00
  5.7412000E+02  0.0000000E+00
  5.7544000E+02  0.0000000E+00
  5.7677002E+02  0.0000000E+00
  5.7809998E+02  0.0000000E+00
  5.7942999E+02  0.0000000E+00
  5.8076001E+02  0.0000000E+00
  5.8209998E+02  0.0000000E+00
  5.8345001E+02  0.0000000E+00
  5.8478998E+02  0.0000000E+00
  5.8614001E+02  0.0000000E+00
  5.8748999E+02  0.0000000E+00
  5.8884003E+02  0.0000000E+00
  5.9020001E+02  0.0000000E+00
  5.9156000E+02  0.0000000E+00
  5.9292999E+02  0.0000000E+00
  5.9428998E+02  0.0000000E+00
  5.9565997E+02  0.0000000E+00
  5.9703998E+02  0.0000000E+00
  5.9840997E+02  0.0000000E+00
  5.9978998E+02  0.0000000E+00
  6.0116998E+02  0.0000000E+00
  6.0256000E+02  0.0000000E+00
  6.0395001E+02  0.0000000E+00
  6.0534003E+02  0.0000000E+00
  6.0673999E+02  0.0000000E+00
  6.0813000E+02  0.0000000E+00
  6.0953998E+02  0.0000000E+00
  6.1094000E+02  0.0000000E+00
  6.1234998E+02  0.0000000E+00
  6.1376001E+02  0.0000000E+00
  6.1517999E+02  0.0000000E+00
  6.1659003E+02  0.0000000E+00
  6.1802002E+02  0.0000000E+00
  6.1944000E+02  0.0000000E+00
  6.2087000E+02  0.0000000E+00
  6.2229999E+02  0.0000000E+00
  6.2372998E+02  0.0000000E+00
  6.2516998E+02  0.0000000E+00
  6.2660999E+02  0.0000000E+00
  6.2806000E+02  0.0000000E+00
  6.2951001E+02  0.0000000E+00
  6.3096002E+02  0.0000000E+00
  6.3240997E+02  0.0000000E+00
  6.3387000E+02  0.0000000E+00
  6.3533002E+02  0.0000000E+00
  6.3679999E+02  0.0000000E+00
  6.3826001E+02  0.0000000E+00
  6.3972998E+02  0.0000000E+00
  6.4121002E+02  0.0000000E+00
  6.4269000E+02  0.0000000E+00
  6.4416998E+02  0.0000000E+00
  6.4565002E+02  0.0000000E+00
  6.4714001E+02  0.0000000E+00
  6.4863000E+02  0.0000000E+00
  6.5013000E+02  0.0000000E+00
  6.5163000E+02  0.0000000E+00
  6.5313000E+02  0.0000000E+00
  6.5464001E+02  0.0000000E+00
  6.5615002E+02  0.0000000E+00
  6.5765997E+02  0.0000000E+00
  6.5916998E+02  0.0000000E+00
  6.6069000E+02  0.0000000E+00
  6.6221997E+02  0.0000000E+00
  6.6373999E+02  0.0000000E+00
  6.6527002E+02  0.0000000E+00
  6.6681000E+02  0.0000000E+00
  6.6834003E+02  0.0000000E+00
  6.6988000E+02  0.0000000E+00
  6.7142999E+02  0.0000000E+00
  6.7297998E+02  0.0000000E+00
  6.7453003E+02  0.0000000E+00
  6.7608002E+02  0.0000000E+00
  6.7764001E+02  0.0000000E+00
  6.7920001E+02  0.0000000E+00
  6.8077002E+02  0.0000000E+00
  6.8234003E+02  0.0000000E+00
  6.8390997E+02  0.0000000E+00
  6.8548999E+02  0.0000000E+00
  6.8707001E+02  0.0000000E+00
  6.8865002E+02  0.0000000E+00
  6.9023999E+02  0.0000000E+00
  6.9183002E+02  0.0000000E+00
  6.9342999E+02  0.0000000E+00
  6.9502002E+02  0.0000000E+00
  6.9663000E+02  0.0000000E+00
  6.9822998E+02  0.0000000E+00
  6.9984003E+02  0.0000000E+00
  7.0146002E+02  0.0000000E+00
  7.0307001E+02  0.0000000E+00
  7.0469000E+02  0.0000000E+00
  7.0632001E+02  0.0000000E+00
  7.0795001E+02  0.0000000E+00
  7.0958002E+02  0.0000000E+00
  7.1121002E+02  0.0000000E+00
  7.1284998E+02  0.0000000E+00
  7.1450000E+02  0.0000000E+00
  7.1614001E+02  0.0000000E+00
  7.1778998E+02  0.0000000E+00
  7.1945001E+02  0.0000000E+00
  7.2110999E+02  0.0000000E+00
  7.2277002E+02  0.0000000E+00
  7.2444000E+02  0.0000000E+00
  7.2610999E+02  0.0000000E+00
  7.2778003E+02  0.0000000E+00
  7.2946002E+02  0.0000000E+00
  7.3114001E+02  0.0000000E+00
  7.3282001E+02  0.0000000E+00
  7.3451001E+02  0.0000000E+00
  7.3621002E+02  0.0000000E+00
  7.3790002E+02  0.0000000E+00
  7.3960999E+02  0.0000000E+00
  7.4131000E+02  0.0000000E+00
  7.4302002E+02  0.0000000E+00
  7.4472998E+02  0.0000000E+00
  7.4645001E+02  0.0000000E+00
  7.4816998E+02  0.0000000E+00
  7.4989001E+02  0.0000000E+00
  7.5162000E+02  0.0000000E+00
  7.5335999E+02  0.0000000E+00
  7.5509003E+02  0.0000000E+00
  7.5683002E+02  0.0000000E+00
  7.5858002E+02  0.0000000E+00
  7.6033002E+02  0.0000000E+00
  7.6208002E+02  0.0000000E+00
  7.6384003E+02  0.0000000E+00
  7.6559998E+02  0.0000000E+00
  7.6735999E+02  0.0000000E+00
  7.6913000E+02  0.0000000E+00
  7.7090002E+02  0.0000000E+00
  7.7267999E+02  0.0000000E+00
  7.7446002E+02  0.0000000E+00
  7.7625000E+02  0.0000000E+00
  7.7803998E+02  0.0000000E+00
  7.7983002E+02  0.0000000E+00
  7.8163000E+02  0.0000000E+00
  7.8342999E+02  0.0000000E+00
  7.8523999E+02  0.0000000E+00
  7.8704999E+02  0.0000000E+00
  7.8885999E+02  0.0000000E+00
  7.9067999E+02  0.0000000E+00
  7.9250000E+02  0.0000000E+00
  7.9433002E+02  0.0000000E+00
  7.9615997E+02  0.0000000E+00
  7.9798999E+02  0.0000000E+00
  7.9983002E+02  0.0000000E+00
  8.0167999E+02  0.0000000E+00
  8.0353003E+02  0.0000000E+00
  8.0538000E+02  0.0000000E+00
  8.0723999E+02  0.0000000E+00
  8.0909998E+02  0.0000000E+00
  8.1096002E+02  0.0000000E+00
  8.1283002E+02  0.0000000E+00
  8.1470001E+02  0.0000000E+00
  8.1658002E+02  0.0000000E+00
  8.1846002E+02  0.0000000E+00
  8.2034998E+02  0.0000000E+00
  8.2223999E+02  0.0000000E+00
  8.2414001E+02  0.0000000E+00
  8.2603998E+02  0.0000000E+00
  8.2794000E+02  0.0000000E+00
  8.2984998E+02  0.0000000E+00
  8.3176001E+02  0.0000000E+00
  8.3367999E+02  0.0000000E+00
  8.3559998E+02  0.0000000E+00
  8.3753003E+02  0.0000000E+00
  8.3946002E+02  0.0000000E+00
  8.4140002E+02  0.0000000E+00
  8.4333002E+02  0.0000000E+00
  8.4528003E+02  0.0000000E+00
  8.4722998E+02  0.0000000E+00
  8.4917999E+02  0.0000000E+00
  8.5114001E+02  0.0000000E+00
  8.5309998E+02  0.0000000E+00
  8.5507001E+02  0.0000000E+00
  8.5703998E+02  0.0000000E+00
  8.5901001E+02  0.0000000E+00
  8.6098999E+02  0.0000000E+00
  8.6297998E+02  0.0000000E+00
  8.6496997E+02  0.0000000E+00
  8.6696002E+02  0.0000000E+00
  8.6896002E+02  0.0000000E+00
  8.7096002E+02  0.0000000E+00
  8.7296997E+02  0.0000000E+00
  8.7497998E+02  0.0000000E+00
  8.7700000E+02  0.0000000E+00
  8.7902002E+02  0.0000000E+00
  8.8104999E+02  0.0000000E+00
  8.8308002E+02  0.0000000E+00
  8.8512000E+02  0.0000000E+00
  8.8715997E+02  0.0000000E+00
  8.8920001E+02  0.0000000E+00
  8.9125000E+02  0.0000000E+00
  8.9331000E+02  0.0000000E+00
  8.9535999E+02  0.0000000E+00
  8.9742999E+02  0.0000000E+00
  8.9950000E+02  0.0000000E+00
  9.0157001E+02  2.8613523E-02
  9.0365002E+02  2.8613523E-02
  9.0572998E+02  2.8237751E-02
  9.0782001E+02  2.8613523E-02
  9.0990997E+02  2.8850317E-02
  9.1201001E+02  2.8237751E-02
  9.1410999E+02  2.7173985E-02
  9.1621997E+02  2.6640067E-02
  9.1833002E+02  2.6640067E-02
  9.2045001E+02  2.5709128E-02
  9.2257001E+02  2.5709128E-02
  9.2470001E+02  2.4964083E-02
  9.2683002E+02  2.4964083E-02
  9.2896997E+02  2.5709128E-02
  9.3110999E+02  2.4964083E-02
  9.3325000E+02  2.4964083E-02
  9.3540997E+02  2.5709128E-02
  9.3756000E+02  2.7173985E-02
  9.3971997E+02  2.7173985E-02
  9.4189001E+02  2.7173985E-02
  9.4406000E+02  2.7173985E-02
  9.4623999E+02  2.7173985E-02
  9.4841998E+02  2.7173985E-02
  9.5059998E+02  2.7173985E-02
  9.5279999E+02  2.8237751E-02
  9.5498999E+02  2.6839636E-02
  9.5719000E+02  2.6839636E-02
  9.5940002E+02  2.8237751E-02
  9.6160999E+02  2.8613523E-02
  9.6383002E+02  2.8613523E-02
  9.6604999E+02  2.9184701E-02
  9.6828003E+02  2.9744966E-02
  9.7051001E+02  2.9744966E-02
  9.7275000E+02  2.9803980E-02
  9.7498999E+02  2.9803980E-02
  9.7723999E+02  2.9803980E-02
  9.7948999E+02  2.9803980E-02
  9.8175000E+02  2.9744966E-02
  9.8401001E+02  2.9645465E-02
  9.8628003E+02  2.8613523E-02
  9.8854999E+02  2.8613523E-02
  9.9083002E+02  2.8613523E-02
  9.9312000E+02  2.8009629E-02
  9.9540997E+02  2.8009629E-02
  9.9770001E+02  2.8009629E-02
  1.0000000E+03  2.8009629E-02
  1.0023100E+03  2.7173985E-02
  1.0046200E+03  2.7173985E-02
  1.0069300E+03  2.7173985E-02
  1.0092500E+03  2.8009629E-02
  1.0115800E+03  2.7173985E-02
  1.0139100E+03  2.8009629E-02
  1.0162500E+03  2.8092215E-02
  1.0185900E+03  2.9184701E-02
  1.0209400E+03  2.9383250E-02
  1.0232900E+03  2.9645465E-02
  1.0256500E+03  2.9645465E-02
  1.0280200E+03  2.9383250E-02
  1.0303900E+03  2.9645465E-02
  1.0327600E+03  2.9645465E-02
  1.0351400E+03  2.9184701E-02
  1.0375300E+03  2.8092215E-02
  1.0399200E+03  2.9383250E-02
  1.0423199E+03  2.9383250E-02
  1.0447200E+03  2.9356735E-02
  1.0471300E+03  2.9383250E-02
  1.0495400E+03  2.9356735E-02
  1.0519600E+03  2.9383250E-02
  1.0543900E+03  2.9645465E-02
  1.0568199E+03  2.9803980E-02
  1.0592500E+03  2.9645465E-02
  1.0617000E+03  2.9383250E-02
  1.0641400E+03  2.9383250E-02
  1.0666000E+03  2.9383250E-02
  1.0690500E+03  2.9356735E-02
  1.0715200E+03  2.9383250E-02
  1.0739900E+03  2.9356735E-02
  1.0764700E+03  2.9383250E-02
  1.0789500E+03  2.9356735E-02
  1.0814301E+03  2.9356735E-02
  1.0839301E+03  2.9383250E-02
  1.0864301E+03  3.0510379E-02
  1.0889301E+03  3.0510379E-02
  1.0914399E+03  3.0841272E-02
  1.0939600E+03  3.2155875E-02
  1.0964800E+03  3.2155875E-02
  1.0990100E+03  3.2211237E-02
  1.1015400E+03  3.2211237E-02
  1.1040800E+03  3.2155875E-02
  1.1066200E+03  3.2155875E-02
  1.1091801E+03  3.2155875E-02
  1.1117300E+03  3.2155875E-02
  1.1142900E+03  3.2211237E-02
  1.1168600E+03  3.2229573E-02
  1.1194399E+03  3.2229573E-02
  1.1220200E+03  3.2229573E-02
  1.1246000E+03  3.2229573E-02
  1.1272000E+03  3.4182105E-02
  1.1298000E+03  3.4126148E-02
  1.1324000E+03  3.2982249E-02
  1.1350100E+03  3.4126148E-02
  1.1376300E+03  3.4126148E-02
  1.1402500E+03  3.4126148E-02
  1.1428800E+03  3.4126148E-02
  1.1455100E+03  3.4126148E-02
  1.1481500E+03  3.4177519E-02
  1.1508000E+03  3.4177519E-02
  1.1534500E+03  3.4126148E-02
  1.1561100E+03  3.4182105E-02
  1.1587800E+03  3.4539793E-02
  1.1614500E+03  3.4539793E-02
  1.1641300E+03  3.4177519E-02
  1.1668101E+03  3.4182105E-02
  1.1695000E+03  3.4177519E-02
  1.1722000E+03  3.2982249E-02
  1.1749000E+03  3.2302648E-02
  1.1776100E+03  3.3153791E-02
  1.1803199E+03  3.2982249E-02
  1.1830400E+03  3.2302648E-02
  1.1857700E+03  3.2302648E-02
  1.1885000E+03  3.1559058E-02
  1.1912400E+03  3.1477969E-02
  1.1939900E+03  3.1345405E-02
  1.1967400E+03  3.1345405E-02
  1.1995000E+03  3.0549061E-02
  1.2022600E+03  3.0276941E-02
  1.2050400E+03  3.0276941E-02
  1.2078101E+03  3.0235326E-02
  1.2106000E+03  3.0276941E-02
  1.2133900E+03  3.0235326E-02
  1.2161899E+03  3.0028190E-02
  1.2189900E+03  2.9905794E-02
  1.2218000E+03  2.9824408E-02
  1.2246200E+03  2.9397950E-02
  1.2274399E+03  2.9183803E-02
  1.2302700E+03  2.9397950E-02
  1.2331000E+03  2.9701129E-02
  1.2359500E+03  2.9504100E-02
  1.2388000E+03  2.9183803E-02
  1.2416500E+03  2.9179318E-02
  1.2445100E+03  2.8924203E-02
  1.2473800E+03  2.8924203E-02
  1.2502600E+03  2.8924203E-02
  1.2531400E+03  2.8460801E-02
  1.2560300E+03  2.8214987E-02
  1.2589301E+03  2.8064847E-02
  1.2618300E+03  2.8030295E-02
  1.2647400E+03  2.7863640E-02
  1.2676500E+03  2.7691543E-02
  1.2705699E+03  2.7691543E-02
  1.2735000E+03  2.7691543E-02
  1.2764399E+03  2.7025487E-02
  1.2793800E+03  2.7025487E-02
  1.2823300E+03  2.6532514E-02
  1.2852900E+03  2.6269278E-02
  1.2882500E+03  2.6234921E-02
  1.2912200E+03  2.6234921E-02
  1.2942000E+03  2.5653411E-02
  1.2971801E+03  2.6165692E-02
  1.3001700E+03  2.6165692E-02
  1.3031700E+03  2.6234921E-02
  1.3061700E+03  2.5402773E-02
  1.3091801E+03  2.4781957E-02
  1.3122000E+03  2.4906378E-02
  1.3152200E+03  2.4578804E-02
  1.3182600E+03  2.4067163E-02
  1.3213000E+03  2.4525160E-02
  1.3243400E+03  2.4525160E-02
  1.3273900E+03  2.4067163E-02
  1.3304500E+03  2.3760291E-02
  1.3335200E+03  2.3033086E-02
  1.3366000E+03  2.3033086E-02
  1.3396801E+03  2.3180366E-02
  1.3427700E+03  2.3033086E-02
  1.3458600E+03  2.3033086E-02
  1.3489600E+03  2.2461444E-02
  1.3520699E+03  2.3033086E-02
  1.3551899E+03  2.2245547E-02
  1.3583101E+03  2.2245547E-02
  1.3614399E+03  2.1890858E-02
  1.3645800E+03  2.1826843E-02
  1.3677300E+03  2.1526249E-02
  1.3708800E+03  2.1190217E-02
  1.3740400E+03  2.0907925E-02
  1.3772100E+03  2.0714588E-02
  1.3803800E+03  2.0005394E-02
  1.3835699E+03  1.9573115E-02
  1.3867600E+03  1.9402547E-02
  1.3899500E+03  1.9169142E-02
  1.3931600E+03  1.9169142E-02
  1.3963700E+03  1.8912431E-02
  1.3995900E+03  1.8862443E-02
  1.4028101E+03  1.8736616E-02
  1.4060500E+03  1.8807087E-02
  1.4092900E+03  1.8775897E-02
  1.4125400E+03  1.8775897E-02
  1.4157900E+03  1.8690087E-02
  1.4190601E+03  1.8543327E-02
  1.4223300E+03  1.8367946E-02
  1.4256100E+03  1.8172435E-02
  1.4288900E+03  1.8165173E-02
  1.4321899E+03  1.8041635E-02
  1.4354900E+03  1.7935215E-02
  1.4388000E+03  1.7932566E-02
  1.4421200E+03  1.7816750E-02
  1.4454399E+03  1.7816750E-02
  1.4487700E+03  1.7645404E-02
  1.4521100E+03  1.7356366E-02
  1.4554600E+03  1.7275019E-02
  1.4588101E+03  1.7015781E-02
  1.4621801E+03  1.7015781E-02
  1.4655500E+03  1.7015781E-02
  1.4689301E+03  1.6818929E-02
  1.4723101E+03  1.6864272E-02
  1.4757100E+03  1.6873727E-02
  1.4791100E+03  1.6625648E-02
  1.4825200E+03  1.6647980E-02
  1.4859399E+03  1.6348256E-02
  1.4893600E+03  1.6297251E-02
  1.4927900E+03  1.6090579E-02
  1.4962400E+03  1.6039550E-02
  1.4996801E+03  1.5963316E-02
  1.5031400E+03  1.5865818E-02
  1.5066100E+03  1.5824225E-02
  1.5100800E+03  1.5791617E-02
  1.5135601E+03  1.5756346E-02
  1.5170500E+03  1.5791617E-02
  1.5205500E+03  1.5762493E-02
  1.5240500E+03  1.5707197E-02
  1.5275699E+03  1.5707197E-02
  1.5310900E+03  1.5573642E-02
  1.5346200E+03  1.5403269E-02
  1.5381500E+03  1.5283613E-02
  1.5417000E+03  1.5283613E-02
  1.5452500E+03  1.5127748E-02
  1.5488199E+03  1.5129301E-02
  1.5523900E+03  1.5019382E-02
  1.5559700E+03  1.5019382E-02
  1.5595500E+03  1.5019382E-02
  1.5631500E+03  1.4980334E-02
  1.5667500E+03  1.4893561E-02
  1.5703600E+03  1.4481632E-02
  1.5739800E+03  1.4339873E-02
  1.5776100E+03  1.4228219E-02
  1.5812500E+03  1.4165943E-02
  1.5848900E+03  1.4094244E-02
  1.5885500E+03  1.4107264E-02
  1.5922100E+03  1.4165943E-02
  1.5958800E+03  1.4107264E-02
  1.5995601E+03  1.4094244E-02
  1.6032500E+03  1.4107264E-02
  1.6069399E+03  1.4043889E-02
  1.6106500E+03  1.4043889E-02
  1.6143600E+03  1.4006619E-02
  1.6180800E+03  1.3758603E-02
  1.6218101E+03  1.3758603E-02
  1.6255500E+03  1.3682287E-02
  1.6293000E+03  1.3682287E-02
  1.6330500E+03  1.3682287E-02
  1.6368199E+03  1.3682287E-02
  1.6405900E+03  1.3487551E-02
  1.6443700E+03  1.3474922E-02
  1.6481600E+03  1.3227586E-02
  1.6519600E+03  1.3264752E-02
  1.6557700E+03  1.3264752E-02
  1.6595900E+03  1.3227586E-02
  1.6634100E+03  1.3227586E-02
  1.6672500E+03  1.3134962E-02
  1.6710900E+03  1.2963002E-02
  1.6749399E+03  1.2865382E-02
  1.6788000E+03  1.2865382E-02
  1.6826700E+03  1.2865382E-02
  1.6865500E+03  1.2865382E-02
  1.6904399E+03  1.2849892E-02
  1.6943400E+03  1.2749417E-02
  1.6982400E+03  1.2716256E-02
  1.7021600E+03  1.2366364E-02
  1.7060800E+03  1.2319484E-02
  1.7100200E+03  1.2142621E-02
  1.7139600E+03  1.2142621E-02
  1.7179100E+03  1.2116934E-02
  1.7218700E+03  1.2064166E-02
  1.7258400E+03  1.2064166E-02
  1.7298199E+03  1.2064166E-02
  1.7338000E+03  1.2035533E-02
  1.7378000E+03  1.2074738E-02
  1.7418101E+03  1.2074738E-02
  1.7458199E+03  1.2116934E-02
  1.7498500E+03  1.2132220E-02
  1.7538800E+03  1.2089091E-02
  1.7579200E+03  1.2089091E-02
  1.7619800E+03  1.2074738E-02
  1.7660400E+03  1.2064166E-02
  1.7701100E+03  1.1952378E-02
  1.7741899E+03  1.1889533E-02
  1.7782800E+03  1.1889533E-02
  1.7823800E+03  1.1889533E-02
  1.7864900E+03  1.1662769E-02
  1.7906100E+03  1.1618097E-02
  1.7947300E+03  1.1618097E-02
  1.7988700E+03  1.1604466E-02
  1.8030200E+03  1.1604466E-02
  1.8071700E+03  1.1500109E-02
  1.8113400E+03  1.1422805E-02
  1.8155200E+03  1.1422805E-02
  1.8197000E+03  1.1144748E-02
  1.8239000E+03  1.1053746E-02
  1.8281000E+03  1.0910886E-02
  1.8323101E+03  1.0842416E-02
  1.8365400E+03  1.0671876E-02
  1.8407700E+03  1.0472645E-02
  1.8450200E+03  1.0526330E-02
  1.8492700E+03  1.0472645E-02
  1.8535300E+03  1.0296205E-02
  1.8578000E+03  1.0175616E-02
  1.8620900E+03  1.0099390E-02
  1.8663800E+03  1.0035130E-02
  1.8706801E+03  1.0007362E-02
  1.8749900E+03  1.0010488E-02
  1.8793199E+03  9.9400179E-03
  1.8836500E+03  9.9098170E-03
  1.8879900E+03  9.8878564E-03
  1.8923400E+03  9.7840587E-03
  1.8967100E+03  9.7018443E-03
  1.9010800E+03  9.6842786E-03
  1.9054600E+03  9.6726585E-03
  1.9098500E+03  9.6258046E-03
  1.9142600E+03  9.5464978E-03
  1.9186700E+03  9.5348600E-03
  1.9230900E+03  9.4758058E-03
  1.9275200E+03  9.4597135E-03
  1.9319700E+03  9.4112149E-03
  1.9364200E+03  9.3907565E-03
  1.9408900E+03  9.3113827E-03
  1.9453600E+03  9.3065221E-03
  1.9498400E+03  9.1537312E-03
  1.9543400E+03  9.0794107E-03
  1.9588400E+03  9.0747261E-03
  1.9633600E+03  9.0304567E-03
  1.9678900E+03  8.9778230E-03
  1.9724200E+03  8.8868747E-03
  1.9769700E+03  8.8619357E-03
  1.9815300E+03  8.8460557E-03
  1.9860900E+03  8.7703709E-03
  1.9906700E+03  8.7494515E-03
  1.9952600E+03  8.7259812E-03
  1.9998600E+03  8.7137213E-03
  2.0044700E+03  8.6811576E-03
  2.0090900E+03  8.6460104E-03
  2.0137200E+03  8.6268652E-03
  2.0183700E+03  8.5542249E-03
  2.0230200E+03  8.5396552E-03
  2.0276801E+03  8.4999325E-03
  2.0323600E+03  8.4687863E-03
  2.0370400E+03  8.4466897E-03
  2.0417400E+03  8.4430361E-03
  2.0464399E+03  8.3729085E-03
  2.0511599E+03  8.2774218E-03
  2.0558899E+03  8.2262456E-03
  2.0606299E+03  8.2161669E-03
  2.0653799E+03  8.2155904E-03
  2.0701399E+03  8.1702173E-03
  2.0749099E+03  8.1156930E-03
  2.0797000E+03  8.0516255E-03
  2.0844900E+03  8.0172438E-03
  2.0893000E+03  8.0116428E-03
  2.0941101E+03  8.0116428E-03
  2.0989399E+03  7.8892866E-03
  2.1037800E+03  7.8892866E-03
  2.1086299E+03  7.8285187E-03
  2.1134900E+03  7.7946112E-03
  2.1183601E+03  7.7946112E-03
  2.1232400E+03  7.7475170E-03
  2.1281399E+03  7.7435882E-03
  2.1330400E+03  7.7280533E-03
  2.1379600E+03  7.7252411E-03
  2.1428899E+03  7.6952265E-03
  2.1478301E+03  7.6423199E-03
  2.1527800E+03  7.6423199E-03
  2.1577400E+03  7.5715114E-03
  2.1627200E+03  7.5271041E-03
  2.1677000E+03  7.4422108E-03
  2.1727000E+03  7.3715765E-03
  2.1777100E+03  7.3418440E-03
  2.1827300E+03  7.3353578E-03
  2.1877600E+03  7.3211882E-03
  2.1928000E+03  7.2655184E-03
  2.1978601E+03  7.2388556E-03
  2.2029299E+03  7.2147618E-03
  2.2080000E+03  7.0849229E-03
  2.2130901E+03  6.9939997E-03
  2.2182000E+03  6.8858396E-03
  2.2233101E+03  6.8785064E-03
  2.2284399E+03  6.8130880E-03
  2.2335701E+03  6.7731324E-03
  2.2387200E+03  6.7409859E-03
  2.2438799E+03  6.6559198E-03
  2.2490500E+03  6.6508208E-03
  2.2542400E+03  6.5150447E-03
  2.2594399E+03  6.4888238E-03
  2.2646399E+03  6.4007523E-03
  2.2698601E+03  6.3476227E-03
  2.2751001E+03  6.3476227E-03
  2.2803401E+03  6.2881890E-03
  2.2856001E+03  6.2378598E-03
  2.2908701E+03  6.2365583E-03
  2.2961499E+03  6.1945068E-03
  2.3014399E+03  6.1818557E-03
  2.3067500E+03  6.1274478E-03
  2.3120601E+03  6.0971808E-03
  2.3173899E+03  6.0560755E-03
  2.3227400E+03  6.0379896E-03
  2.3280901E+03  5.9993877E-03
  2.3334600E+03  5.9280097E-03
  2.3388401E+03  5.8741332E-03
  2.3442300E+03  5.8248313E-03
  2.3496299E+03  5.7807998E-03
  2.3550500E+03  5.7486589E-03
  2.3604800E+03  5.7310541E-03
  2.3659199E+03  5.7162829E-03
  2.3713701E+03  5.6959777E-03
  2.3768401E+03  5.6388606E-03
  2.3823201E+03  5.6246514E-03
  2.3878101E+03  5.6246514E-03
  2.3933201E+03  5.6108101E-03
  2.3988301E+03  5.5888668E-03
  2.4043601E+03  5.5431668E-03
  2.4099099E+03  5.5380142E-03
  2.4154600E+03  5.5035334E-03
  2.4210300E+03  5.4761739E-03
  2.4266101E+03  5.4484750E-03
  2.4322000E+03  5.4121651E-03
  2.4378101E+03  5.4047806E-03
  2.4434299E+03  5.4002930E-03
  2.4490601E+03  5.3853868E-03
  2.4547100E+03  5.3527523E-03
  2.4603701E+03  5.3442195E-03
  2.4660400E+03  5.3255460E-03
  2.4717200E+03  5.3152121E-03
  2.4774199E+03  5.2960091E-03
  2.4831299E+03  5.2806251E-03
  2.4888601E+03  5.2691665E-03
  2.4945901E+03  5.2530617E-03
  2.5003501E+03  5.2295020E-03
  2.5061101E+03  5.2270335E-03
  2.5118899E+03  5.2131405E-03
  2.5176799E+03  5.1793540E-03
  2.5234800E+03  5.1466879E-03
  2.5293000E+03  5.1217969E-03
  2.5351299E+03  5.0865440E-03
  2.5409700E+03  5.0808843E-03
  2.5468301E+03  5.0675105E-03
  2.5527000E+03  5.0617773E-03
  2.5585901E+03  5.0611687E-03
  2.5644800E+03  5.0512701E-03
  2.5703899E+03  5.0293915E-03
  2.5763201E+03  5.0153849E-03
  2.5822600E+03  5.0020022E-03
  2.5882100E+03  4.9939491E-03
  2.5941799E+03  4.9789534E-03
  2.6001599E+03  4.9714372E-03
  2.6061499E+03  4.9502244E-03
  2.6121599E+03  4.9297628E-03
  2.6181799E+03  4.9206377E-03
  2.6242200E+03  4.9005132E-03
  2.6302700E+03  4.8655975E-03
  2.6363301E+03  4.8418054E-03
  2.6424099E+03  4.7995262E-03
  2.6485000E+03  4.7857077E-03
  2.6546101E+03  4.7765002E-03
  2.6607200E+03  4.7401777E-03
  2.6668601E+03  4.7308989E-03
  2.6730100E+03  4.7102785E-03
  2.6791699E+03  4.6898690E-03
  2.6853401E+03  4.6767052E-03
  2.6915300E+03  4.6362928E-03
  2.6977400E+03  4.6269787E-03
  2.7039600E+03  4.5857849E-03
  2.7101899E+03  4.5756050E-03
  2.7164399E+03  4.5615952E-03
  2.7227000E+03  4.5383079E-03
  2.7289800E+03  4.5359568E-03
  2.7352700E+03  4.5357700E-03
  2.7415701E+03  4.5359568E-03
  2.7478899E+03  4.5167687E-03
  2.7542300E+03  4.5016729E-03
  2.7605801E+03  4.4937027E-03
  2.7669399E+03  4.4931998E-03
  2.7733201E+03  4.4631674E-03
  2.7797100E+03  4.4586761E-03
  2.7861201E+03  4.4586761E-03
  2.7925400E+03  4.4781067E-03
  2.7989800E+03  4.4891979E-03
  2.8054299E+03  4.4971309E-03
  2.8118999E+03  4.4953190E-03
  2.8183799E+03  4.4781067E-03
  2.8248799E+03  4.4770990E-03
  2.8313899E+03  4.4627315E-03
  2.8379199E+03  4.4576237E-03
  2.8444600E+03  4.4576041E-03
  2.8510200E+03  4.4627315E-03
  2.8575901E+03  4.4627315E-03
  2.8641799E+03  4.4770990E-03
  2.8707800E+03  4.4641867E-03
  2.8773999E+03  4.4576041E-03
  2.8840300E+03  4.4499072E-03
  2.8906799E+03  4.4359071E-03
  2.8973401E+03  4.3728058E-03
  2.9040200E+03  4.3460922E-03
  2.9107200E+03  4.3324949E-03
  2.9174299E+03  4.3230793E-03
  2.9241499E+03  4.3075858E-03
  2.9308899E+03  4.3023559E-03
  2.9376499E+03  4.2921552E-03
  2.9444199E+03  4.2801830E-03
  2.9512100E+03  4.2664800E-03
  2.9580100E+03  4.2495960E-03
  2.9648301E+03  4.2410847E-03
  2.9716699E+03  4.2136675E-03
  2.9785200E+03  4.2136675E-03
  2.9853799E+03  4.1938205E-03
  2.9922600E+03  4.1939337E-03
  2.9991599E+03  4.1704895E-03
  3.0060801E+03  4.1704895E-03
  3.0130100E+03  4.1704895E-03
  3.0199500E+03  4.1402229E-03
  3.0269099E+03  4.1086054E-03
  3.0338899E+03  4.0991521E-03
  3.0408899E+03  4.0950133E-03
  3.0478899E+03  4.0856316E-03
  3.0549199E+03  4.0676519E-03
  3.0619600E+03  4.0676519E-03
  3.0690200E+03  4.0623383E-03
  3.0761001E+03  4.0436592E-03
  3.0831899E+03  4.0297755E-03
  3.0903000E+03  4.0152143E-03
  3.0974199E+03  4.0136408E-03
  3.1045601E+03  4.0154327E-03
  3.1117200E+03  4.0104804E-03
  3.1188899E+03  4.0074717E-03
  3.1260801E+03  4.0136408E-03
  3.1332800E+03  3.9932411E-03
  3.1405100E+03  3.9932411E-03
  3.1477500E+03  3.9933133E-03
  3.1550000E+03  4.0052282E-03
  3.1622800E+03  3.9958814E-03
  3.1695701E+03  3.9958814E-03
  3.1768701E+03  4.0030917E-03
  3.1842000E+03  3.9933133E-03
  3.1915400E+03  3.9900611E-03
  3.1988899E+03  3.9842585E-03
  3.2062700E+03  3.9728289E-03
  3.2136599E+03  3.9609345E-03
  3.2210701E+03  3.9597126E-03
  3.2284900E+03  3.9609345E-03
  3.2359399E+03  3.9597126E-03
  3.2433999E+03  3.9488692E-03
  3.2508701E+03  3.9467537E-03
  3.2583701E+03  3.9460300E-03
  3.2658799E+03  3.9416761E-03
  3.2734099E+03  3.9403238E-03
  3.2809500E+03  3.9393529E-03
  3.2885200E+03  3.9457725E-03
  3.2961001E+03  3.9460300E-03
  3.3036899E+03  3.9457725E-03
  3.3113101E+03  3.9514215E-03
  3.3189399E+03  3.9514215E-03
  3.3265901E+03  3.9514215E-03
  3.3342600E+03  3.9457725E-03
  3.3419500E+03  3.9473539E-03
  3.3496499E+03  3.9536520E-03
  3.3573799E+03  3.9556343E-03
  3.3651201E+03  3.9696069E-03
  3.3728701E+03  3.9770124E-03
  3.3806499E+03  3.9893189E-03
  3.3884399E+03  4.0057516E-03
  3.3962500E+03  4.0057516E-03
  3.4040801E+03  4.0270160E-03
  3.4119299E+03  4.0307669E-03
  3.4197900E+03  4.0256297E-03
  3.4276799E+03  4.0182066E-03
  3.4355801E+03  4.0212101E-03
  3.4435000E+03  4.0232660E-03
  3.4514399E+03  4.0232660E-03
  3.4593899E+03  4.0391246E-03
  3.4673701E+03  4.0678615E-03
  3.4753601E+03  4.0678615E-03
  3.4833701E+03  4.0727644E-03
  3.4913999E+03  4.0678615E-03
  3.4994500E+03  4.0793340E-03
  3.5075200E+03  4.0793340E-03
  3.5156001E+03  4.1177482E-03
  3.5237100E+03  4.1360701E-03
  3.5318301E+03  4.1498006E-03
  3.5399700E+03  4.1780267E-03
  3.5481299E+03  4.1878894E-03
  3.5563101E+03  4.2055398E-03
  3.5645100E+03  4.2055398E-03
  3.5727300E+03  4.2059068E-03
  3.5809600E+03  4.2172731E-03
  3.5892200E+03  4.2317212E-03
  3.5974900E+03  4.2519388E-03
  3.6057900E+03  4.2770449E-03
  3.6141001E+03  4.2960471E-03
  3.6224299E+03  4.3601440E-03
  3.6307800E+03  4.3934560E-03
  3.6391499E+03  4.3999972E-03
  3.6475400E+03  4.4114739E-03
  3.6559500E+03  4.4298256E-03
  3.6643701E+03  4.4362261E-03
  3.6728201E+03  4.4635106E-03
  3.6812900E+03  4.5059677E-03
  3.6897800E+03  4.5441017E-03
  3.6982800E+03  4.5504277E-03
  3.7068101E+03  4.5772209E-03
  3.7153501E+03  4.5873937E-03
  3.7239199E+03  4.5873937E-03
  3.7325000E+03  4.5978241E-03
  3.7411101E+03  4.6108924E-03
  3.7497300E+03  4.6115480E-03
  3.7583701E+03  4.6377843E-03
  3.7670400E+03  4.6473648E-03
  3.7757200E+03  4.6593994E-03
  3.7844199E+03  4.6593994E-03
  3.7931499E+03  4.6731173E-03
  3.8018899E+03  4.6933410E-03
  3.8106599E+03  4.7302810E-03
  3.8194399E+03  4.7586975E-03
  3.8282500E+03  4.7677187E-03
  3.8370701E+03  4.7865170E-03
  3.8459199E+03  4.8190081E-03
  3.8547800E+03  4.8371134E-03
  3.8636699E+03  4.8371134E-03
  3.8725701E+03  4.8416378E-03
  3.8815000E+03  4.8371134E-03
  3.8904500E+03  4.8371134E-03
  3.8994199E+03  4.8371134E-03
  3.9084099E+03  4.8353346E-03
  3.9174199E+03  4.8198123E-03
  3.9264500E+03  4.8198123E-03
  3.9355000E+03  4.8416378E-03
  3.9445701E+03  4.8614885E-03
  3.9536699E+03  4.8614885E-03
  3.9627800E+03  4.8853098E-03
  3.9719199E+03  4.8853098E-03
  3.9810701E+03  4.9127638E-03
  3.9902500E+03  4.9227369E-03
  3.9994500E+03  4.9335291E-03
  4.0086699E+03  4.9385014E-03
  4.0179099E+03  4.9540470E-03
  4.0271699E+03  4.9575102E-03
  4.0364500E+03  4.9705147E-03
  4.0457600E+03  4.9721305E-03
  4.0550901E+03  4.9721305E-03
  4.0644299E+03  5.0018402E-03
  4.0738000E+03  5.0065573E-03
  4.0831899E+03  5.0065573E-03
  4.0926101E+03  4.9923100E-03
  4.1020400E+03  4.9867686E-03
  4.1115000E+03  4.9824095E-03
  4.1209800E+03  4.9815699E-03
  4.1304702E+03  4.9702693E-03
  4.1400000E+03  4.9709706E-03
  4.1495400E+03  4.9709706E-03
  4.1591099E+03  4.9694832E-03
  4.1686899E+03  4.9694832E-03
  4.1782998E+03  4.9753794E-03
  4.1879399E+03  4.9833809E-03
  4.1975898E+03  4.9934750E-03
  4.2072598E+03  5.0198059E-03
  4.2169600E+03  5.0264187E-03
  4.2266899E+03  5.0255549E-03
  4.2364302E+03  5.0454228E-03
  4.2462002E+03  5.0623720E-03
  4.2559800E+03  5.0800559E-03
  4.2657900E+03  5.0623720E-03
  4.2756299E+03  5.0575663E-03
  4.2854800E+03  5.0528012E-03
  4.2953599E+03  5.0575663E-03
  4.3052598E+03  5.0850362E-03
  4.3151899E+03  5.1354943E-03
  4.3251401E+03  5.1590498E-03
  4.3351099E+03  5.1788222E-03
  4.3451001E+03  5.1821186E-03
  4.3551201E+03  5.1881131E-03
  4.3651602E+03  5.1980945E-03
  4.3752202E+03  5.2021365E-03
  4.3853101E+03  5.2021365E-03
  4.3954199E+03  5.1839622E-03
  4.4055498E+03  5.1881131E-03
  4.4157002E+03  5.1568015E-03
  4.4258799E+03  5.1480811E-03
  4.4360801E+03  5.1431572E-03
  4.4463101E+03  5.1431572E-03
  4.4565601E+03  5.1349476E-03
  4.4668301E+03  5.1143342E-03
  4.4771299E+03  5.1111178E-03
  4.4874502E+03  5.0961589E-03
  4.4977998E+03  5.0878874E-03
  4.5081699E+03  5.0627501E-03
  4.5185601E+03  5.0504552E-03
  4.5289702E+03  5.0504552E-03
  4.5394102E+03  5.0627501E-03
  4.5498799E+03  5.0614048E-03
  4.5603701E+03  5.0495653E-03
  4.5708799E+03  5.0322055E-03
  4.5814199E+03  5.0164531E-03
  4.5919800E+03  5.0127809E-03
  4.6025601E+03  5.0057080E-03
  4.6131802E+03  5.0137523E-03
  4.6238101E+03  4.9848966E-03
  4.6344702E+03  4.9640792E-03
  4.6451499E+03  4.9494123E-03
  4.6558599E+03  4.9289241E-03
  4.6665898E+03  4.9101082E-03
  4.6773501E+03  4.9166791E-03
  4.6881299E+03  4.9147331E-03
  4.6989399E+03  4.9092807E-03
  4.7097700E+03  4.9029407E-03
  4.7206299E+03  4.9001933E-03
  4.7315098E+03  4.8997737E-03
  4.7424199E+03  4.8901881E-03
  4.7533501E+03  4.8881243E-03
  4.7643101E+03  4.8404234E-03
  4.7752900E+03  4.8247310E-03
  4.7862998E+03  4.8142248E-03
  4.7973301E+03  4.8084087E-03
  4.8083901E+03  4.7876523E-03
  4.8194800E+03  4.7610989E-03
  4.8305898E+03  4.7307718E-03
  4.8417202E+03  4.7269659E-03
  4.8528799E+03  4.7295694E-03
  4.8640698E+03  4.7024940E-03
  4.8752798E+03  4.7013555E-03
  4.8865200E+03  4.7176098E-03
  4.8977900E+03  4.6862117E-03
  4.9090801E+03  4.6872925E-03
  4.9203901E+03  4.6904637E-03
  4.9317402E+03  4.6862117E-03
  4.9431099E+03  4.6734456E-03
  4.9545000E+03  4.6733227E-03
  4.9659199E+03  4.6702679E-03
  4.9773701E+03  4.6535917E-03
  4.9888398E+03  4.6487860E-03
  5.0003398E+03  4.6109124E-03
  5.0118701E+03  4.5703333E-03
  5.0234302E+03  4.5334548E-03
  5.0350000E+03  4.5077936E-03
  5.0466099E+03  4.5068362E-03
  5.0582500E+03  4.5015868E-03
  5.0699102E+03  4.5015868E-03
  5.0815898E+03  4.4923807E-03
  5.0933101E+03  4.4881804E-03
  5.1050498E+03  4.4710175E-03
  5.1168198E+03  4.4657877E-03
  5.1286099E+03  4.4338228E-03
  5.1404399E+03  4.4205529E-03
  5.1522900E+03  4.4015944E-03
  5.1641602E+03  4.3829791E-03
  5.1760698E+03  4.3602209E-03
  5.1880000E+03  4.3520639E-03
  5.1999600E+03  4.3496848E-03
  5.2119502E+03  4.3496848E-03
  5.2239600E+03  4.3496848E-03
  5.2360000E+03  4.3520639E-03
  5.2480698E+03  4.3496848E-03
  5.2601699E+03  4.3354239E-03
  5.2722998E+03  4.3088985E-03
  5.2844502E+03  4.2969482E-03
  5.2966299E+03  4.2703771E-03
  5.3088398E+03  4.2470442E-03
  5.3210801E+03  4.2416039E-03
  5.3333501E+03  4.2286697E-03
  5.3456401E+03  4.2226338E-03
  5.3579600E+03  4.2185234E-03
  5.3703198E+03  4.2154305E-03
  5.3827002E+03  4.2020734E-03
  5.3951001E+03  4.2051128E-03
  5.4075400E+03  4.1736411E-03
  5.4200098E+03  4.1486798E-03
  5.4325000E+03  4.1268319E-03
  5.4450200E+03  4.1229213E-03
  5.4575801E+03  4.0927841E-03
  5.4701602E+03  4.0929546E-03
  5.4827700E+03  4.1081207E-03
  5.4954102E+03  4.0929546E-03
  5.5080801E+03  4.0927841E-03
  5.5207700E+03  4.1081207E-03
  5.5335000E+03  4.0794504E-03
  5.5462598E+03  4.0794504E-03
  5.5590400E+03  4.0559317E-03
  5.5718501E+03  4.0284395E-03
  5.5847002E+03  3.9684433E-03
  5.5975698E+03  3.9528883E-03
  5.6104800E+03  3.9573959E-03
  5.6234102E+03  3.9528883E-03
  5.6363799E+03  3.9282162E-03
  5.6493701E+03  3.8997717E-03
  5.6623901E+03  3.8627293E-03
  5.6754502E+03  3.8238696E-03
  5.6885298E+03  3.8238696E-03
  5.7016401E+03  3.8701415E-03
  5.7147900E+03  3.8701415E-03
  5.7279600E+03  3.8350306E-03
  5.7411602E+03  3.8701415E-03
  5.7543999E+03  3.8350306E-03
  5.7676602E+03  3.8350306E-03
  5.7809600E+03  3.8360583E-03
  5.7942900E+03  3.8360583E-03
  5.8076401E+03  3.8156160E-03
  5.8210298E+03  3.8360583E-03
  5.8344502E+03  3.8156160E-03
  5.8478999E+03  3.8363130E-03
  5.8613799E+03  3.8442146E-03
  5.8748901E+03  3.8163702E-03
  5.8884399E+03  3.8163702E-03
  5.9020098E+03  3.7995814E-03
  5.9156099E+03  3.7471671E-03
  5.9292500E+03  3.7452483E-03
  5.9429199E+03  3.7397421E-03
  5.9566201E+03  3.6536283E-03
  5.9703501E+03  3.6737490E-03
  5.9841201E+03  3.6160641E-03
  5.9979102E+03  3.6117074E-03
  6.0117300E+03  3.5678733E-03
  6.0256001E+03  3.5984137E-03
  6.0394800E+03  3.5580150E-03
  6.0534102E+03  3.5580150E-03
  6.0673599E+03  3.5678733E-03
  6.0813501E+03  3.5407529E-03
  6.0953701E+03  3.5984137E-03
  6.1094199E+03  3.6376172E-03
  6.1235000E+03  3.5692446E-03
  6.1376201E+03  3.6787603E-03
  6.1517700E+03  3.5692446E-03
  6.1659502E+03  3.5692446E-03
  6.1801602E+03  3.5668255E-03
  6.1944102E+03  3.5692446E-03
  6.2086899E+03  3.5632830E-03
  6.2230000E+03  3.5632830E-03
  6.2373501E+03  3.5333296E-03
  6.2517300E+03  3.5400630E-03
  6.2661401E+03  3.5333296E-03
  6.2805801E+03  3.5333296E-03
  6.2950601E+03  3.5333296E-03
  6.3095698E+03  3.4477909E-03
  6.3241201E+03  3.4477909E-03
  6.3386899E+03  3.4477909E-03
  6.3533101E+03  3.4477909E-03
  6.3679502E+03  3.5137173E-03
  6.3826299E+03  3.4309675E-03
  6.3973501E+03  3.4309675E-03
  6.4120898E+03  3.4309675E-03
  6.4268799E+03  3.4299826E-03
  6.4416899E+03  3.4299826E-03
  6.4565400E+03  3.3917392E-03
  6.4714199E+03  3.3917392E-03
  6.4863398E+03  3.3435428E-03
  6.5012998E+03  3.3164686E-03
  6.5162798E+03  3.3431628E-03
  6.5312998E+03  3.3179473E-03
  6.5463599E+03  3.3179473E-03
  6.5614502E+03  3.3179473E-03
  6.5765801E+03  3.3431628E-03
  6.5917402E+03  3.5024665E-03
  6.6069302E+03  3.5090658E-03
  6.6221602E+03  3.5563337E-03
  6.6374302E+03  3.5789059E-03
  6.6527300E+03  3.4831632E-03
  6.6680698E+03  3.3955006E-03
  6.6834399E+03  3.2807586E-03
  6.6988501E+03  3.2615366E-03
  6.7142900E+03  3.1807208E-03
  6.7297598E+03  3.1525830E-03
  6.7452798E+03  3.1807208E-03
  6.7608301E+03  3.1348448E-03
  6.7764102E+03  3.1227372E-03
  6.7920400E+03  3.0798966E-03
  6.8076899E+03  3.1020304E-03
  6.8233799E+03  3.1020304E-03
  6.8391099E+03  3.0778006E-03
  6.8548799E+03  3.0798966E-03
  6.8706802E+03  3.1020304E-03
  6.8865200E+03  3.1399224E-03
  6.9023999E+03  3.1399224E-03
  6.9183101E+03  3.0692089E-03
  6.9342598E+03  3.0068383E-03
  6.9502402E+03  2.9814937E-03
  6.9662598E+03  2.8172014E-03
  6.9823198E+03  2.9093798E-03
  6.9984199E+03  2.8172014E-03
  7.0145498E+03  2.8172014E-03
  7.0307202E+03  2.9093798E-03
  7.0469302E+03  2.9093798E-03
  7.0631802E+03  2.9269974E-03
  7.0794600E+03  2.9269974E-03
  7.0957700E+03  2.9269974E-03
  7.1121401E+03  2.9977583E-03
  7.1285298E+03  2.9977583E-03
  7.1449600E+03  3.0587632E-03
  7.1614302E+03  2.9977583E-03
  7.1779399E+03  2.7677296E-03
  7.1944902E+03  2.7677296E-03
  7.2110698E+03  2.6262833E-03
  7.2277002E+03  2.6262833E-03
  7.2443599E+03  2.6182174E-03
  7.2610601E+03  2.6182174E-03
  7.2777998E+03  2.6157678E-03
  7.2945698E+03  2.6174427E-03
  7.3113901E+03  2.6546305E-03
  7.3282500E+03  2.6546305E-03
  7.3451401E+03  2.6546305E-03
  7.3620698E+03  2.6174427E-03
  7.3790400E+03  2.6838435E-03
  7.3960498E+03  2.7222915E-03
  7.4131001E+03  2.5866923E-03
  7.4301899E+03  2.6894261E-03
  7.4473198E+03  2.6930531E-03
  7.4644902E+03  2.6894261E-03
  7.4816899E+03  2.6894261E-03
  7.4989399E+03  2.6671449E-03
  7.5162300E+03  2.6930531E-03
  7.5335498E+03  2.6454753E-03
  7.5509199E+03  2.6671449E-03
  7.5683301E+03  2.6728555E-03
  7.5857700E+03  2.6728555E-03
  7.6032598E+03  2.6245767E-03
  7.6207900E+03  2.6728555E-03
  7.6383599E+03  2.5401914E-03
  7.6559600E+03  2.5169528E-03
  7.6736099E+03  2.5169528E-03
  7.6912998E+03  2.5401914E-03
  7.7090298E+03  2.5401914E-03
  7.7268101E+03  2.4990567E-03
  7.7446201E+03  2.4526364E-03
  7.7624702E+03  2.4582981E-03
  7.7803599E+03  2.4456235E-03
  7.7982998E+03  2.3250189E-03
  7.8162798E+03  2.3250189E-03
  7.8342900E+03  2.3726134E-03
  7.8523599E+03  2.2393991E-03
  7.8704600E+03  2.2393991E-03
  7.8886001E+03  2.3010413E-03
  7.9067900E+03  2.3488619E-03
  7.9250098E+03  2.3488619E-03
  7.9432798E+03  2.3636327E-03
  7.9615898E+03  2.3636327E-03
  7.9799502E+03  2.3636327E-03
  7.9983398E+03  2.3488619E-03
  8.0167798E+03  2.2487175E-03
  8.0352598E+03  2.2487175E-03
  8.0537798E+03  2.2487175E-03
  8.0723501E+03  2.1955313E-03
  8.0909600E+03  2.1955313E-03
  8.1096099E+03  2.3661319E-03
  8.1282998E+03  2.3070164E-03
  8.1470400E+03  2.3070164E-03
  8.1658198E+03  2.3749266E-03
  8.1846499E+03  2.3364001E-03
  8.2035098E+03  2.2559571E-03
  8.2224297E+03  2.2525180E-03
  8.2413799E+03  2.1602623E-03
  8.2603799E+03  1.9325316E-03
  8.2794199E+03  2.0091191E-03
  8.2985098E+03  2.0091191E-03
  8.3176299E+03  2.0158198E-03
  8.3368096E+03  2.0284106E-03
  8.3560303E+03  2.1858355E-03
  8.3752900E+03  2.1858355E-03
  8.3945996E+03  2.1858355E-03
  8.4139502E+03  2.2087230E-03
  8.4333496E+03  2.2043888E-03
  8.4527900E+03  2.0393124E-03
  8.4722695E+03  2.3127166E-03
  8.4917998E+03  2.2043888E-03
  8.5113799E+03  2.2607453E-03
  8.5310000E+03  2.1503589E-03
  8.5506699E+03  2.2607453E-03
  8.5703799E+03  2.1503589E-03
  8.5901396E+03  2.0405634E-03
  8.6099404E+03  1.9759552E-03
  8.6297803E+03  2.0218445E-03
  8.6496699E+03  2.0218445E-03
  8.6696201E+03  2.0218445E-03
  8.6895996E+03  1.9759552E-03
  8.7096299E+03  2.1315126E-03
  8.7297100E+03  1.9653304E-03
  8.7498398E+03  1.9653304E-03
  8.7700000E+03  1.9653304E-03
  8.7902305E+03  2.0435958E-03
  8.8104902E+03  1.9096001E-03
  8.8307998E+03  1.9096001E-03
  8.8511504E+03  1.6706532E-03
  8.8715596E+03  2.0486978E-03
  8.8920098E+03  2.0486978E-03
  8.9125098E+03  2.0486978E-03
  8.9330498E+03  2.0486978E-03
  8.9536504E+03  2.2081288E-03
  8.9742803E+03  1.9305540E-03
  8.9949805E+03  1.9305540E-03
  9.0157100E+03  1.9305540E-03
  9.0364902E+03  1.9305540E-03
  9.0573301E+03  1.9305540E-03
  9.0782002E+03  1.9472226E-03
  9.0991299E+03  1.9472226E-03
  9.1200996E+03  1.9472226E-03
  9.1411299E+03  1.9561271E-03
  9.1622002E+03  1.9472226E-03
  9.1833203E+03  1.9478566E-03
  9.2045000E+03  1.9478566E-03
  9.2257100E+03  1.9292085E-03
  9.2469805E+03  1.8787533E-03
  9.2682998E+03  1.8787533E-03
  9.2896602E+03  1.8121791E-03
  9.3110801E+03  1.8121791E-03
  9.3325400E+03  2.2086587E-03
  9.3540596E+03  1.8028081E-03
  9.3756201E+03  1.8028081E-03
  9.3972305E+03  2.0261134E-03
  9.4189004E+03  1.8028081E-03
  9.4406104E+03  1.7566970E-03
  9.4623701E+03  1.1234347E-03
  9.4841797E+03  1.1247220E-03
  9.5060498E+03  1.8044418E-03
  9.5279600E+03  1.8044418E-03
  9.5499199E+03  1.8142287E-03
  9.5719404E+03  1.8044418E-03
  9.5940000E+03  1.8044418E-03
  9.6161201E+03  1.7703739E-03
  9.6382900E+03  1.8056231E-03
  9.6605098E+03  1.8056231E-03
  9.6827695E+03  1.7813141E-03
  9.7050996E+03  1.7622414E-03
  9.7274697E+03  1.7622414E-03
  9.7498896E+03  1.5758687E-03
  9.7723701E+03  1.5475071E-03
  9.7949004E+03  1.5475071E-03
  9.8174805E+03  1.5758687E-03
  9.8401104E+03  1.5475071E-03
  9.8627900E+03  1.5524015E-03
  9.8855303E+03  1.6181471E-03
  9.9083203E+03  1.6827205E-03
  9.9311602E+03  1.6181471E-03
  9.9540498E+03  1.5899583E-03
  9.9770000E+03  1.6501325E-03
  1.0000000E+04  1.6953254E-03
  1.0000000E+04  1.6953254E-03
  1.0115800E+04  1.6039221E-03
  1.0232940E+04  1.5839053E-03
  1.0351420E+04  1.4880309E-03
  1.0471290E+04  1.3587121E-03
  1.0592540E+04  1.4688862E-03
  1.0715200E+04  1.4093458E-03
  1.0839270E+04  1.5629554E-03
  1.0964780E+04  1.3701553E-03
  1.1091750E+04  1.3527416E-03
  1.1220190E+04  1.3376039E-03
  1.1350100E+04  1.3269418E-03
  1.1481540E+04  1.2977638E-03
  1.1614490E+04  1.2456602E-03
  1.1748980E+04  1.3005917E-03
  1.1885020E+04  1.2489512E-03
  1.2022640E+04  1.2345457E-03
  1.2161860E+04  1.1599724E-03
  1.2302690E+04  1.1339330E-03
  1.2445140E+04  1.0973079E-03
  1.2589250E+04  1.0964046E-03
  1.2735030E+04  1.0975893E-03
  1.2882500E+04  1.0567878E-03
  1.3031660E+04  1.0539332E-03
  1.3182560E+04  9.9492329E-04
  1.3335210E+04  9.8215300E-04
  1.3489630E+04  9.2587684E-04
  1.3645840E+04  9.2228968E-04
  1.3803840E+04  9.1962371E-04
  1.3963680E+04  8.4964425E-04
  1.4125380E+04  8.4737386E-04
  1.4288950E+04  8.6918729E-04
  1.4454390E+04  8.2070794E-04
  1.4621770E+04  8.5987838E-04
  1.4791090E+04  7.9919933E-04
  1.4962360E+04  7.7658234E-04
  1.5135610E+04  7.3127128E-04
  1.5310870E+04  7.9245248E-04
  1.5488170E+04  7.8488607E-04
  1.5667520E+04  7.8186195E-04
  1.5848920E+04  7.4880652E-04
  1.6032450E+04  7.6141447E-04
  1.6218100E+04  6.7245529E-04
  1.6405900E+04  6.8362191E-04
  1.6595859E+04  7.1578735E-04
  1.6788039E+04  7.1981142E-04
  1.6982439E+04  6.9043838E-04
  1.7179090E+04  6.7957403E-04
  1.7378000E+04  6.4999616E-04
  1.7579230E+04  6.4550812E-04
  1.7782789E+04  5.6291738E-04
  1.7988711E+04  5.4812600E-04
  1.8197020E+04  5.3912436E-04
  1.8407711E+04  5.1972241E-04
  1.8620869E+04  5.1183871E-04
  1.8836490E+04  4.0824706E-04
  1.9054619E+04  5.0999230E-04
  1.9275240E+04  4.8324501E-04
  1.9498439E+04  4.4130554E-04
  1.9724230E+04  4.3894711E-04
  1.9952631E+04  4.3021693E-04
  2.0183660E+04  4.2821007E-04
  2.0417381E+04  3.8680047E-04
  2.0653801E+04  3.6272718E-04
  2.0892971E+04  3.7419228E-04
  2.1134881E+04  3.4927719E-04
  2.1379619E+04  3.4007855E-04
  2.1627189E+04  3.2494124E-04
  2.1877619E+04  3.0094938E-04
  2.2130939E+04  2.7771722E-04
  2.2387211E+04  2.8517330E-04
  2.2646439E+04  2.6495042E-04
  2.2908680E+04  2.4720491E-04
  2.3173930E+04  2.6170720E-04
  2.3442279E+04  2.4528155E-04
  2.3713740E+04  2.3839474E-04
  2.3988340E+04  2.2873623E-04
  2.4266109E+04  1.9059742E-04
  2.4547080E+04  1.7717293E-04
  2.4831330E+04  1.5745101E-04
  2.5118869E+04  1.4949981E-04
  2.5409740E+04  1.4839960E-04
  2.5703949E+04  1.5037744E-04
  2.6001590E+04  1.5269943E-04
  2.6302680E+04  1.5710021E-04
  2.6607260E+04  1.5862478E-04
  2.6915340E+04  1.4671986E-04
  2.7227010E+04  1.5414963E-04
  2.7542289E+04  1.5103692E-04
  2.7861221E+04  1.5123107E-04
  2.8183820E+04  1.4297460E-04
  2.8510180E+04  1.2592452E-04
  2.8840320E+04  1.2411429E-04
  2.9174279E+04  1.1388851E-04
  2.9512080E+04  9.9930301E-05
  2.9853820E+04  9.1228234E-05
  3.0199520E+04  8.9625224E-05
  3.0549221E+04  8.6764026E-05
  3.0902939E+04  8.4450621E-05
  3.1260789E+04  8.2337996E-05
  3.1622779E+04  7.9800513E-05
  3.1988961E+04  7.8922196E-05
  3.2359350E+04  8.1135368E-05
  3.2734061E+04  8.6166227E-05
  3.3113109E+04  8.5984015E-05
  3.3496551E+04  7.6928613E-05
  3.3884430E+04  6.8135363E-05
  3.4276770E+04  6.3885287E-05
  3.4673680E+04  6.1543295E-05
  3.5075199E+04  5.9387818E-05
  3.5481359E+04  5.7167628E-05
  3.5892180E+04  5.4940305E-05
  3.6307801E+04  5.3095719E-05
  3.6728230E+04  5.0998420E-05
  3.7153539E+04  4.8935210E-05
  3.7583719E+04  4.6981924E-05
  3.8018930E+04  4.5312703E-05
  3.8459180E+04  4.3824788E-05
  3.8904531E+04  4.2047915E-05
  3.9354988E+04  4.0476905E-05
  3.9810711E+04  3.8714355E-05
  4.0271711E+04  3.7486589E-05
  4.0738039E+04  3.6000874E-05
  4.1209730E+04  3.4738994E-05
  4.1686930E+04  3.3355293E-05
  4.2169648E+04  3.2172120E-05
  4.2657961E+04  3.1095002E-05
  4.3151879E+04  2.8056213E-05
  4.3651570E+04  2.6368902E-05
  4.4157039E+04  2.4747200E-05
  4.4668371E+04  2.3667204E-05
  4.5185621E+04  2.2895909E-05
  4.5708801E+04  2.2491004E-05
  4.6238102E+04  2.1804890E-05
  4.6773520E+04  2.1429110E-05
  4.7315148E+04  2.1006806E-05
  4.7862988E+04  2.0485708E-05
  4.8417230E+04  2.0097590E-05
  4.8977891E+04  1.9541994E-05
  4.9545039E+04  1.9091704E-05
  5.0118699E+04  1.8703200E-05
  5.0699059E+04  1.8271996E-05
  5.1286141E+04  1.7890092E-05
  5.1880020E+04  1.7535607E-05
  5.2480719E+04  1.7171395E-05
  5.3088430E+04  1.6762802E-05
  5.3703180E+04  1.6475202E-05
  5.4325051E+04  1.6173310E-05
  5.4954059E+04  1.5933494E-05
  5.5590410E+04  1.5801699E-05
  5.6234129E+04  1.5823296E-05
  5.6885309E+04  1.6047297E-05
  5.7543961E+04  1.6538399E-05
  5.8210301E+04  1.7370998E-05
  5.8884359E+04  1.8646280E-05
  5.9566230E+04  2.0535588E-05
  6.0255988E+04  2.3247610E-05
  6.0953672E+04  2.5523990E-05
  6.1659500E+04  3.8474343E-05
  6.2373500E+04  5.5343826E-05
  6.3095762E+04  4.0827192E-05
  6.3826320E+04  2.9001691E-05
  6.4565410E+04  2.0420090E-05
  6.5313059E+04  1.8319906E-05
  6.6069367E+04  2.0703299E-05
  6.6834359E+04  2.1343896E-05
  6.7608289E+04  2.2062108E-05
  6.8391172E+04  2.1746506E-05
  6.9183117E+04  2.3643801E-05
  6.9984156E+04  2.9696996E-05
  7.0794562E+04  2.5127696E-05
  7.1614344E+04  2.6041507E-05
  7.2443617E+04  2.7870494E-05
  7.3282406E+04  3.0096309E-05
  7.4131008E+04  3.3615186E-05
  7.4989422E+04  4.4441822E-05
  7.5857781E+04  5.0972165E-05
  7.6736102E+04  5.7227415E-05
  7.7624688E+04  5.5043613E-05
  7.8523562E+04  5.3712323E-05
  7.9432844E+04  4.8328006E-05
  8.0352648E+04  3.8974515E-05
  8.1283023E+04  3.1228985E-05
  8.2224258E+04  2.7618056E-05
  8.3176391E+04  2.7105671E-05
  8.4139547E+04  2.6758873E-05
  8.5113773E+04  2.8017486E-05
  8.6099367E+04  3.0081806E-05
  8.7096367E+04  2.6865795E-05
  8.8104922E+04  2.0215592E-05
  8.9125047E+04  1.4549401E-05
  9.0157102E+04  1.1937303E-05
  9.1201094E+04  1.0427699E-05
  9.2257172E+04  8.8511952E-06
  9.3325383E+04  8.1977896E-06
  9.4406070E+04  8.1975013E-06
  9.5499273E+04  8.2092020E-06
  9.6605117E+04  9.4986026E-06
  9.7723672E+04  9.0943013E-06
  9.8855281E+04  7.9667971E-06
  1.0000000E+05  8.2511033E-06
  1.0115797E+05  8.2411980E-06
  1.0232924E+05  8.3324012E-06
  1.0351419E+05  8.3629038E-06
  1.0471285E+05  8.8973020E-06
  1.0592540E+05  1.0240601E-05
  1.0715198E+05  1.0779402E-05
  1.0839266E+05  1.1082401E-05
  1.0964781E+05  1.2599000E-05
  1.1091750E+05  1.7175695E-05
  1.1220190E+05  3.0570896E-05
  1.1350104E+05  3.4447185E-05
  1.1481534E+05  2.4346309E-05
  1.1614488E+05  1.6972092E-05
  1.1748980E+05  1.3740088E-05
  1.1885017E+05  1.3310406E-05
  1.2022642E+05  1.4400503E-05
  1.2161861E+05  1.3172479E-05
  1.2302692E+05  1.4199395E-05
  1.2445140E+05  1.4894996E-05
  1.2589252E+05  1.6411796E-05
  1.2735031E+05  1.9895208E-05
  1.2882499E+05  1.7173204E-05
  1.3031661E+05  1.0305695E-05
  1.3182564E+05  9.1230031E-06
  1.3335214E+05  8.8298020E-06
  1.3489633E+05  8.2332936E-06
  1.3645823E+05  8.0303962E-06
  1.3803839E+05  7.2589005E-06
  1.3963683E+05  7.1638015E-06
  1.4125378E+05  7.3980987E-06
  1.4288947E+05  7.5676012E-06
  1.4454392E+05  6.7555011E-06
  1.4621770E+05  5.7224020E-06
  1.4791086E+05  5.1786005E-06
  1.4962362E+05  5.0007006E-06
  1.5135606E+05  4.9293976E-06
  1.5310872E+05  5.3214017E-06
  1.5488169E+05  6.7367023E-06
  1.5667517E+05  5.3491976E-06
  1.5848925E+05  5.3477002E-06
  1.6032452E+05  5.3968938E-06
  1.6218103E+05  6.2286990E-06
  1.6405903E+05  7.3628003E-06
  1.6595861E+05  7.4517975E-06
  1.6788036E+05  7.6103961E-06
  1.6982438E+05  8.8566976E-06
  1.7179089E+05  7.9773963E-06
  1.7377998E+05  7.0396932E-06
  1.7579231E+05  5.7442016E-06
  1.7782794E+05  5.2412024E-06
  1.7988714E+05  4.7946987E-06
  1.8196998E+05  4.6838018E-06
  1.8407714E+05  4.5936008E-06
  1.8620870E+05  4.5053939E-06
  1.8836495E+05  4.4188955E-06
  1.9054595E+05  4.3244986E-06
  1.9275242E+05  4.2033007E-06
  1.9498444E+05  4.0851987E-06
  1.9724231E+05  3.9700012E-06
  1.9952631E+05  3.8575990E-06
