  3.1623001E+02  0.0000000E+00
  3.1695999E+02  0.0000000E+00
  3.1769000E+02  0.0000000E+00
  3.1842001E+02  0.0000000E+00
  3.1914999E+02  0.0000000E+00
  3.1989001E+02  0.0000000E+00
  3.2063000E+02  0.0000000E+00
  3.2137000E+02  0.0000000E+00
  3.2210999E+02  0.0000000E+00
  3.2285001E+02  0.0000000E+00
  3.2359000E+02  0.0000000E+00
  3.2434000E+02  0.0000000E+00
  3.2509000E+02  0.0000000E+00
  3.2584000E+02  0.0000000E+00
  3.2659000E+02  0.0000000E+00
  3.2734000E+02  0.0000000E+00
  3.2810001E+02  0.0000000E+00
  3.2885001E+02  0.0000000E+00
  3.2960999E+02  0.0000000E+00
  3.3037000E+02  0.0000000E+00
  3.3113000E+02  0.0000000E+00
  3.3189001E+02  0.0000000E+00
  3.3266000E+02  0.0000000E+00
  3.3342999E+02  0.0000000E+00
  3.3419000E+02  0.0000000E+00
  3.3497000E+02  0.0000000E+00
  3.3573999E+02  0.0000000E+00
  3.3651001E+02  0.0000000E+00
  3.3729001E+02  0.0000000E+00
  3.3806000E+02  0.0000000E+00
  3.3884000E+02  0.0000000E+00
  3.3963000E+02  0.0000000E+00
  3.4041000E+02  0.0000000E+00
  3.4119000E+02  0.0000000E+00
  3.4198001E+02  0.0000000E+00
  3.4276999E+02  0.0000000E+00
  3.4356000E+02  0.0000000E+00
  3.4435001E+02  0.0000000E+00
  3.4514001E+02  0.0000000E+00
  3.4594000E+02  0.0000000E+00
  3.4673999E+02  0.0000000E+00
  3.4754001E+02  0.0000000E+00
  3.4834000E+02  0.0000000E+00
  3.4914001E+02  0.0000000E+00
  3.4995001E+02  0.0000000E+00
  3.5075000E+02  0.0000000E+00
  3.5156000E+02  0.0000000E+00
  3.5237000E+02  0.0000000E+00
  3.5317999E+02  0.0000000E+00
  3.5400000E+02  0.0000000E+00
  3.5481000E+02  0.0000000E+00
  3.5563000E+02  0.0000000E+00
  3.5645001E+02  0.0000000E+00
  3.5726999E+02  0.0000000E+00
  3.5810001E+02  0.0000000E+00
  3.5892001E+02  0.0000000E+00
  3.5975000E+02  0.0000000E+00
  3.6057999E+02  0.0000000E+00
  3.6141000E+02  0.0000000E+00
  3.6223999E+02  0.0000000E+00
  3.6307999E+02  0.0000000E+00
  3.6392001E+02  0.0000000E+00
  3.6475000E+02  0.0000000E+00
  3.6559000E+02  0.0000000E+00
  3.6644000E+02  0.0000000E+00
  3.6728000E+02  0.0000000E+00
  3.6813000E+02  0.0000000E+00
  3.6898001E+02  0.0000000E+00
  3.6982999E+02  0.0000000E+00
  3.7067999E+02  0.0000000E+00
  3.7154001E+02  0.0000000E+00
  3.7239001E+02  0.0000000E+00
  3.7325000E+02  0.0000000E+00
  3.7410999E+02  0.0000000E+00
  3.7497000E+02  0.0000000E+00
  3.7584000E+02  0.0000000E+00
  3.7670001E+02  0.0000000E+00
  3.7757001E+02  0.0000000E+00
  3.7844000E+02  0.0000000E+00
  3.7931000E+02  0.0000000E+00
  3.8019000E+02  0.0000000E+00
  3.8107001E+02  0.0000000E+00
  3.8194000E+02  0.0000000E+00
  3.8282001E+02  0.0000000E+00
  3.8370999E+02  0.0000000E+00
  3.8459000E+02  0.0000000E+00
  3.8548001E+02  0.0000000E+00
  3.8637000E+02  0.0000000E+00
  3.8726001E+02  0.0000000E+00
  3.8814999E+02  0.0000000E+00
  3.8904999E+02  0.0000000E+00
  3.8994000E+02  0.0000000E+00
  3.9084000E+02  0.0000000E+00
  3.9173999E+02  0.0000000E+00
  3.9264999E+02  0.0000000E+00
  3.9354999E+02  0.0000000E+00
  3.9445999E+02  0.0000000E+00
  3.9537000E+02  0.0000000E+00
  3.9628000E+02  0.0000000E+00
  3.9719000E+02  0.0000000E+00
  3.9810999E+02  0.0000000E+00
  3.9901999E+02  0.0000000E+00
  3.9994000E+02  0.0000000E+00
  4.0087000E+02  0.0000000E+00
  4.0179001E+02  0.0000000E+00
  4.0272000E+02  0.0000000E+00
  4.0364999E+02  0.0000000E+00
  4.0457999E+02  0.0000000E+00
  4.0551001E+02  0.0000000E+00
  4.0644000E+02  0.0000000E+00
  4.0738000E+02  0.0000000E+00
  4.0832001E+02  0.0000000E+00
  4.0926001E+02  0.0000000E+00
  4.1020001E+02  0.0000000E+00
  4.1114999E+02  0.0000000E+00
  4.1210001E+02  0.0000000E+00
  4.1304999E+02  0.0000000E+00
  4.1400000E+02  0.0000000E+00
  4.1495001E+02  0.0000000E+00
  4.1591000E+02  0.0000000E+00
  4.1687000E+02  0.0000000E+00
  4.1782999E+02  0.0000000E+00
  4.1879001E+02  0.0000000E+00
  4.1976001E+02  0.0000000E+00
  4.2073001E+02  0.0000000E+00
  4.2170001E+02  0.0000000E+00
  4.2267001E+02  0.0000000E+00
  4.2364001E+02  0.0000000E+00
  4.2462000E+02  0.0000000E+00
  4.2560001E+02  0.0000000E+00
  4.2657999E+02  0.0000000E+00
  4.2756000E+02  0.0000000E+00
  4.2854999E+02  0.0000000E+00
  4.2954001E+02  0.0000000E+00
  4.3053000E+02  0.0000000E+00
  4.3151999E+02  0.0000000E+00
  4.3251001E+02  0.0000000E+00
  4.3351001E+02  0.0000000E+00
  4.3451001E+02  0.0000000E+00
  4.3551001E+02  0.0000000E+00
  4.3651999E+02  0.0000000E+00
  4.3751999E+02  0.0000000E+00
  4.3853000E+02  0.0000000E+00
  4.3954001E+02  0.0000000E+00
  4.4054999E+02  0.0000000E+00
  4.4157001E+02  0.0000000E+00
  4.4259000E+02  0.0000000E+00
  4.4360999E+02  0.0000000E+00
  4.4463000E+02  0.0000000E+00
  4.4566000E+02  0.0000000E+00
  4.4667999E+02  0.0000000E+00
  4.4770999E+02  0.0000000E+00
  4.4875000E+02  0.0000000E+00
  4.4978000E+02  0.0000000E+00
  4.5082001E+02  0.0000000E+00
  4.5185999E+02  0.0000000E+00
  4.5289999E+02  0.0000000E+00
  4.5394000E+02  0.0000000E+00
  4.5498999E+02  0.0000000E+00
  4.5604001E+02  0.0000000E+00
  4.5709000E+02  0.0000000E+00
  4.5814001E+02  0.0000000E+00
  4.5920001E+02  0.0000000E+00
  4.6026001E+02  0.0000000E+00
  4.6132001E+02  0.0000000E+00
  4.6238000E+02  0.0000000E+00
  4.6345001E+02  0.0000000E+00
  4.6451999E+02  0.0000000E+00
  4.6559000E+02  0.0000000E+00
  4.6666000E+02  0.0000000E+00
  4.6773999E+02  0.0000000E+00
  4.6881000E+02  0.0000000E+00
  4.6989001E+02  0.0000000E+00
  4.7098001E+02  0.0000000E+00
  4.7206000E+02  0.0000000E+00
  4.7314999E+02  0.0000000E+00
  4.7423999E+02  0.0000000E+00
  4.7534000E+02  0.0000000E+00
  4.7642999E+02  0.0000000E+00
  4.7753000E+02  0.0000000E+00
  4.7863000E+02  0.0000000E+00
  4.7973001E+02  0.0000000E+00
  4.8084000E+02  0.0000000E+00
  4.8195001E+02  0.0000000E+00
  4.8306000E+02  0.0000000E+00
  4.8417001E+02  0.0000000E+00
  4.8529001E+02  0.0000000E+00
  4.8641000E+02  0.0000000E+00
  4.8753000E+02  0.0000000E+00
  4.8864999E+02  0.0000000E+00
  4.8978000E+02  0.0000000E+00
  4.9091000E+02  0.0000000E+00
  4.9204001E+02  0.0000000E+00
  4.9317001E+02  0.0000000E+00
  4.9431000E+02  0.0000000E+00
  4.9545001E+02  0.0000000E+00
  4.9659000E+02  0.0000000E+00
  4.9773999E+02  0.0000000E+00
  4.9888000E+02  0.0000000E+00
  5.0003000E+02  0.0000000E+00
  5.0119000E+02  0.0000000E+00
  5.0234000E+02  0.0000000E+00
  5.0350000E+02  0.0000000E+00
  5.0466000E+02  0.0000000E+00
  5.0582001E+02  0.0000000E+00
  5.0698999E+02  0.0000000E+00
  5.0816000E+02  0.0000000E+00
  5.0932999E+02  0.0000000E+00
  5.1050000E+02  0.0000000E+00
  5.1167999E+02  0.0000000E+00
  5.1285999E+02  0.0000000E+00
  5.1403998E+02  0.0000000E+00
  5.1522998E+02  0.0000000E+00
  5.1641998E+02  0.0000000E+00
  5.1760999E+02  0.0000000E+00
  5.1879999E+02  0.0000000E+00
  5.2000000E+02  0.0000000E+00
  5.2119000E+02  0.0000000E+00
  5.2240002E+02  0.0000000E+00
  5.2359998E+02  0.0000000E+00
  5.2481000E+02  0.0000000E+00
  5.2602002E+02  0.0000000E+00
  5.2722998E+02  0.0000000E+00
  5.2845001E+02  0.0000000E+00
  5.2965997E+02  0.0000000E+00
  5.3088000E+02  0.0000000E+00
  5.3210999E+02  0.0000000E+00
  5.3333002E+02  0.0000000E+00
  5.3456000E+02  0.0000000E+00
  5.3579999E+02  0.0000000E+00
  5.3703003E+02  0.0000000E+00
  5.3827002E+02  0.0000000E+00
  5.3951001E+02  0.0000000E+00
  5.4075000E+02  0.0000000E+00
  5.4200000E+02  0.0000000E+00
  5.4325000E+02  0.0000000E+00
  5.4450000E+02  0.0000000E+00
  5.4576001E+02  0.0000000E+00
  5.4702002E+02  0.0000000E+00
  5.4828003E+02  0.0000000E+00
  5.4953998E+02  0.0000000E+00
  5.5081000E+02  0.0000000E+00
  5.5208002E+02  0.0000000E+00
  5.5334998E+02  0.0000000E+00
  5.5463000E+02  0.0000000E+00
  5.5590002E+02  0.0000000E+00
  5.5719000E+02  0.0000000E+00
  5.5846997E+02  0.0000000E+00
  5.5976001E+02  0.0000000E+00
  5.6104999E+02  0.0000000E+00
  5.6234003E+02  0.0000000E+00
  5.6364001E+02  0.0000000E+00
  5.6494000E+02  0.0000000E+00
  5.6623999E+02  0.0000000E+00
  5.6753998E+02  0.0000000E+00
  5.6884998E+02  0.0000000E+00
  5.7015997E+02  0.0000000E+00
  5.7147998E+02  0.0000000E+00
  5.7279999E+02  0.0000000E+00
  5.7412000E+02  0.0000000E+00
  5.7544000E+02  0.0000000E+00
  5.7677002E+02  0.0000000E+00
  5.7809998E+02  0.0000000E+00
  5.7942999E+02  0.0000000E+00
  5.8076001E+02  0.0000000E+00
  5.8209998E+02  0.0000000E+00
  5.8345001E+02  0.0000000E+00
  5.8478998E+02  0.0000000E+00
  5.8614001E+02  0.0000000E+00
  5.8748999E+02  0.0000000E+00
  5.8884003E+02  0.0000000E+00
  5.9020001E+02  0.0000000E+00
  5.9156000E+02  0.0000000E+00
  5.9292999E+02  0.0000000E+00
  5.9428998E+02  0.0000000E+00
  5.9565997E+02  0.0000000E+00
  5.9703998E+02  0.0000000E+00
  5.9840997E+02  0.0000000E+00
  5.9978998E+02  0.0000000E+00
  6.0116998E+02  0.0000000E+00
  6.0256000E+02  0.0000000E+00
  6.0395001E+02  0.0000000E+00
  6.0534003E+02  0.0000000E+00
  6.0673999E+02  0.0000000E+00
  6.0813000E+02  0.0000000E+00
  6.0953998E+02  0.0000000E+00
  6.1094000E+02  0.0000000E+00
  6.1234998E+02  0.0000000E+00
  6.1376001E+02  0.0000000E+00
  6.1517999E+02  0.0000000E+00
  6.1659003E+02  0.0000000E+00
  6.1802002E+02  0.0000000E+00
  6.1944000E+02  0.0000000E+00
  6.2087000E+02  0.0000000E+00
  6.2229999E+02  0.0000000E+00
  6.2372998E+02  0.0000000E+00
  6.2516998E+02  0.0000000E+00
  6.2660999E+02  0.0000000E+00
  6.2806000E+02  0.0000000E+00
  6.2951001E+02  0.0000000E+00
  6.3096002E+02  0.0000000E+00
  6.3240997E+02  0.0000000E+00
  6.3387000E+02  0.0000000E+00
  6.3533002E+02  0.0000000E+00
  6.3679999E+02  0.0000000E+00
  6.3826001E+02  0.0000000E+00
  6.3972998E+02  0.0000000E+00
  6.4121002E+02  0.0000000E+00
  6.4269000E+02  0.0000000E+00
  6.4416998E+02  0.0000000E+00
  6.4565002E+02  0.0000000E+00
  6.4714001E+02  0.0000000E+00
  6.4863000E+02  0.0000000E+00
  6.5013000E+02  0.0000000E+00
  6.5163000E+02  0.0000000E+00
  6.5313000E+02  0.0000000E+00
  6.5464001E+02  0.0000000E+00
  6.5615002E+02  0.0000000E+00
  6.5765997E+02  0.0000000E+00
  6.5916998E+02  0.0000000E+00
  6.6069000E+02  0.0000000E+00
  6.6221997E+02  0.0000000E+00
  6.6373999E+02  0.0000000E+00
  6.6527002E+02  0.0000000E+00
  6.6681000E+02  0.0000000E+00
  6.6834003E+02  0.0000000E+00
  6.6988000E+02  0.0000000E+00
  6.7142999E+02  0.0000000E+00
  6.7297998E+02  0.0000000E+00
  6.7453003E+02  0.0000000E+00
  6.7608002E+02  0.0000000E+00
  6.7764001E+02  0.0000000E+00
  6.7920001E+02  0.0000000E+00
  6.8077002E+02  0.0000000E+00
  6.8234003E+02  0.0000000E+00
  6.8390997E+02  0.0000000E+00
  6.8548999E+02  0.0000000E+00
  6.8707001E+02  0.0000000E+00
  6.8865002E+02  0.0000000E+00
  6.9023999E+02  0.0000000E+00
  6.9183002E+02  0.0000000E+00
  6.9342999E+02  0.0000000E+00
  6.9502002E+02  0.0000000E+00
  6.9663000E+02  0.0000000E+00
  6.9822998E+02  0.0000000E+00
  6.9984003E+02  0.0000000E+00
  7.0146002E+02  0.0000000E+00
  7.0307001E+02  0.0000000E+00
  7.0469000E+02  0.0000000E+00
  7.0632001E+02  0.0000000E+00
  7.0795001E+02  0.0000000E+00
  7.0958002E+02  0.0000000E+00
  7.1121002E+02  0.0000000E+00
  7.1284998E+02  0.0000000E+00
  7.1450000E+02  0.0000000E+00
  7.1614001E+02  0.0000000E+00
  7.1778998E+02  0.0000000E+00
  7.1945001E+02  0.0000000E+00
  7.2110999E+02  0.0000000E+00
  7.2277002E+02  0.0000000E+00
  7.2444000E+02  0.0000000E+00
  7.2610999E+02  0.0000000E+00
  7.2778003E+02  0.0000000E+00
  7.2946002E+02  0.0000000E+00
  7.3114001E+02  0.0000000E+00
  7.3282001E+02  0.0000000E+00
  7.3451001E+02  0.0000000E+00
  7.3621002E+02  0.0000000E+00
  7.3790002E+02  0.0000000E+00
  7.3960999E+02  0.0000000E+00
  7.4131000E+02  0.0000000E+00
  7.4302002E+02  0.0000000E+00
  7.4472998E+02  0.0000000E+00
  7.4645001E+02  0.0000000E+00
  7.4816998E+02  0.0000000E+00
  7.4989001E+02  0.0000000E+00
  7.5162000E+02  0.0000000E+00
  7.5335999E+02  0.0000000E+00
  7.5509003E+02  0.0000000E+00
  7.5683002E+02  0.0000000E+00
  7.5858002E+02  0.0000000E+00
  7.6033002E+02  0.0000000E+00
  7.6208002E+02  0.0000000E+00
  7.6384003E+02  0.0000000E+00
  7.6559998E+02  0.0000000E+00
  7.6735999E+02  0.0000000E+00
  7.6913000E+02  0.0000000E+00
  7.7090002E+02  0.0000000E+00
  7.7267999E+02  0.0000000E+00
  7.7446002E+02  0.0000000E+00
  7.7625000E+02  0.0000000E+00
  7.7803998E+02  0.0000000E+00
  7.7983002E+02  0.0000000E+00
  7.8163000E+02  0.0000000E+00
  7.8342999E+02  0.0000000E+00
  7.8523999E+02  0.0000000E+00
  7.8704999E+02  0.0000000E+00
  7.8885999E+02  0.0000000E+00
  7.9067999E+02  0.0000000E+00
  7.9250000E+02  0.0000000E+00
  7.9433002E+02  0.0000000E+00
  7.9615997E+02  0.0000000E+00
  7.9798999E+02  0.0000000E+00
  7.9983002E+02  0.0000000E+00
  8.0167999E+02  0.0000000E+00
  8.0353003E+02  0.0000000E+00
  8.0538000E+02  0.0000000E+00
  8.0723999E+02  0.0000000E+00
  8.0909998E+02  0.0000000E+00
  8.1096002E+02  0.0000000E+00
  8.1283002E+02  0.0000000E+00
  8.1470001E+02  0.0000000E+00
  8.1658002E+02  0.0000000E+00
  8.1846002E+02  0.0000000E+00
  8.2034998E+02  0.0000000E+00
  8.2223999E+02  0.0000000E+00
  8.2414001E+02  0.0000000E+00
  8.2603998E+02  0.0000000E+00
  8.2794000E+02  0.0000000E+00
  8.2984998E+02  0.0000000E+00
  8.3176001E+02  0.0000000E+00
  8.3367999E+02  0.0000000E+00
  8.3559998E+02  0.0000000E+00
  8.3753003E+02  0.0000000E+00
  8.3946002E+02  0.0000000E+00
  8.4140002E+02  0.0000000E+00
  8.4333002E+02  0.0000000E+00
  8.4528003E+02  0.0000000E+00
  8.4722998E+02  0.0000000E+00
  8.4917999E+02  0.0000000E+00
  8.5114001E+02  0.0000000E+00
  8.5309998E+02  0.0000000E+00
  8.5507001E+02  0.0000000E+00
  8.5703998E+02  0.0000000E+00
  8.5901001E+02  0.0000000E+00
  8.6098999E+02  0.0000000E+00
  8.6297998E+02  0.0000000E+00
  8.6496997E+02  0.0000000E+00
  8.6696002E+02  0.0000000E+00
  8.6896002E+02  0.0000000E+00
  8.7096002E+02  0.0000000E+00
  8.7296997E+02  0.0000000E+00
  8.7497998E+02  0.0000000E+00
  8.7700000E+02  0.0000000E+00
  8.7902002E+02  0.0000000E+00
  8.8104999E+02  0.0000000E+00
  8.8308002E+02  0.0000000E+00
  8.8512000E+02  0.0000000E+00
  8.8715997E+02  0.0000000E+00
  8.8920001E+02  0.0000000E+00
  8.9125000E+02  0.0000000E+00
  8.9331000E+02  0.0000000E+00
  8.9535999E+02  0.0000000E+00
  8.9742999E+02  0.0000000E+00
  8.9950000E+02  0.0000000E+00
  9.0157001E+02  2.1784812E-02
  9.0365002E+02  2.1784812E-02
  9.0572998E+02  2.1891013E-02
  9.0782001E+02  2.1891013E-02
  9.0990997E+02  2.1891013E-02
  9.1201001E+02  2.1931045E-02
  9.1410999E+02  2.1931045E-02
  9.1621997E+02  2.2065470E-02
  9.1833002E+02  2.2900982E-02
  9.2045001E+02  2.2900982E-02
  9.2257001E+02  2.3064662E-02
  9.2470001E+02  2.3064662E-02
  9.2683002E+02  2.3064662E-02
  9.2896997E+02  2.3064662E-02
  9.3110999E+02  2.3810739E-02
  9.3325000E+02  2.3810739E-02
  9.3540997E+02  2.3810739E-02
  9.3756000E+02  2.4428144E-02
  9.3971997E+02  2.3810739E-02
  9.4189001E+02  2.4428144E-02
  9.4406000E+02  2.4428144E-02
  9.4623999E+02  2.4428144E-02
  9.4841998E+02  2.4428144E-02
  9.5059998E+02  2.4506358E-02
  9.5279999E+02  2.4506358E-02
  9.5498999E+02  2.4506358E-02
  9.5719000E+02  2.4621379E-02
  9.5940002E+02  2.4649089E-02
  9.6160999E+02  2.4621379E-02
  9.6383002E+02  2.5019642E-02
  9.6604999E+02  2.4649089E-02
  9.6828003E+02  2.4649089E-02
  9.7051001E+02  2.4649089E-02
  9.7275000E+02  2.5384858E-02
  9.7498999E+02  2.5384858E-02
  9.7723999E+02  2.5384858E-02
  9.7948999E+02  2.5384858E-02
  9.8175000E+02  2.5384858E-02
  9.8401001E+02  2.5811777E-02
  9.8628003E+02  2.5811777E-02
  9.8854999E+02  2.6430096E-02
  9.9083002E+02  2.6430096E-02
  9.9312000E+02  2.6492815E-02
  9.9540997E+02  2.6492815E-02
  9.9770001E+02  2.6492815E-02
  1.0000000E+03  2.6492815E-02
  1.0023100E+03  2.6492815E-02
  1.0046200E+03  2.6492815E-02
  1.0069300E+03  2.6430096E-02
  1.0092500E+03  2.6492815E-02
  1.0115800E+03  2.6430096E-02
  1.0139100E+03  2.6430096E-02
  1.0162500E+03  2.6430096E-02
  1.0185900E+03  2.5213597E-02
  1.0209400E+03  2.6178703E-02
  1.0232900E+03  2.6430096E-02
  1.0256500E+03  2.6492815E-02
  1.0280200E+03  2.6492815E-02
  1.0303900E+03  2.6492815E-02
  1.0327600E+03  2.6492815E-02
  1.0351400E+03  2.6430096E-02
  1.0375300E+03  2.6430096E-02
  1.0399200E+03  2.6602779E-02
  1.0423199E+03  2.7445517E-02
  1.0447200E+03  2.7445517E-02
  1.0471300E+03  2.7445517E-02
  1.0495400E+03  2.7445517E-02
  1.0519600E+03  2.6658999E-02
  1.0543900E+03  2.6658999E-02
  1.0568199E+03  2.6658999E-02
  1.0592500E+03  2.6658999E-02
  1.0617000E+03  2.6658999E-02
  1.0641400E+03  2.7170256E-02
  1.0666000E+03  2.6658999E-02
  1.0690500E+03  2.6658999E-02
  1.0715200E+03  2.6658999E-02
  1.0739900E+03  2.7170256E-02
  1.0764700E+03  2.7170256E-02
  1.0789500E+03  2.7445517E-02
  1.0814301E+03  2.7445517E-02
  1.0839301E+03  2.7445517E-02
  1.0864301E+03  2.7445517E-02
  1.0889301E+03  2.7445517E-02
  1.0914399E+03  2.7445517E-02
  1.0939600E+03  2.9139258E-02
  1.0964800E+03  2.9139258E-02
  1.0990100E+03  2.9139258E-02
  1.1015400E+03  2.8932905E-02
  1.1040800E+03  2.8932905E-02
  1.1066200E+03  2.9139258E-02
  1.1091801E+03  2.9139258E-02
  1.1117300E+03  2.9139258E-02
  1.1142900E+03  2.9139258E-02
  1.1168600E+03  2.9139258E-02
  1.1194399E+03  2.9286288E-02
  1.1220200E+03  2.9286288E-02
  1.1246000E+03  2.8932905E-02
  1.1272000E+03  2.7170256E-02
  1.1298000E+03  2.7170256E-02
  1.1324000E+03  2.7095569E-02
  1.1350100E+03  2.7170256E-02
  1.1376300E+03  2.8932905E-02
  1.1402500E+03  2.8932905E-02
  1.1428800E+03  2.8932905E-02
  1.1455100E+03  2.9286288E-02
  1.1481500E+03  2.9286288E-02
  1.1508000E+03  3.0321594E-02
  1.1534500E+03  3.0321594E-02
  1.1561100E+03  2.9286288E-02
  1.1587800E+03  2.8932905E-02
  1.1614500E+03  2.9021950E-02
  1.1641300E+03  2.9239137E-02
  1.1668101E+03  2.9239137E-02
  1.1695000E+03  2.9021950E-02
  1.1722000E+03  2.9021950E-02
  1.1749000E+03  2.9021950E-02
  1.1776100E+03  2.9021950E-02
  1.1803199E+03  2.8932905E-02
  1.1830400E+03  2.8932905E-02
  1.1857700E+03  2.8894406E-02
  1.1885000E+03  2.8932905E-02
  1.1912400E+03  2.8932905E-02
  1.1939900E+03  2.8894406E-02
  1.1967400E+03  2.8894406E-02
  1.1995000E+03  2.7863456E-02
  1.2022600E+03  2.7863456E-02
  1.2050400E+03  2.6986830E-02
  1.2078101E+03  2.6986830E-02
  1.2106000E+03  2.6030373E-02
  1.2133900E+03  2.6986830E-02
  1.2161899E+03  2.6986830E-02
  1.2189900E+03  2.5200728E-02
  1.2218000E+03  2.5028290E-02
  1.2246200E+03  2.4977352E-02
  1.2274399E+03  2.4988187E-02
  1.2302700E+03  2.4988187E-02
  1.2331000E+03  2.4977352E-02
  1.2359500E+03  2.4541469E-02
  1.2388000E+03  2.4525719E-02
  1.2416500E+03  2.4478860E-02
  1.2445100E+03  2.4063960E-02
  1.2473800E+03  2.3766950E-02
  1.2502600E+03  2.3533270E-02
  1.2531400E+03  2.3446999E-02
  1.2560300E+03  2.3179285E-02
  1.2589301E+03  2.3042446E-02
  1.2618300E+03  2.2950299E-02
  1.2647400E+03  2.2686575E-02
  1.2676500E+03  2.2302816E-02
  1.2705699E+03  2.1905283E-02
  1.2735000E+03  2.1650013E-02
  1.2764399E+03  2.1508690E-02
  1.2793800E+03  2.1337599E-02
  1.2823300E+03  2.1506174E-02
  1.2852900E+03  2.1506174E-02
  1.2882500E+03  2.1506174E-02
  1.2912200E+03  2.1085517E-02
  1.2942000E+03  2.1085517E-02
  1.2971801E+03  2.1085517E-02
  1.3001700E+03  2.1337599E-02
  1.3031700E+03  2.1231944E-02
  1.3061700E+03  2.0990904E-02
  1.3091801E+03  2.0455595E-02
  1.3122000E+03  2.0383023E-02
  1.3152200E+03  2.0383023E-02
  1.3182600E+03  2.0383023E-02
  1.3213000E+03  1.9993668E-02
  1.3243400E+03  1.9609528E-02
  1.3273900E+03  1.9496877E-02
  1.3304500E+03  1.9542081E-02
  1.3335200E+03  1.9496877E-02
  1.3366000E+03  1.9496877E-02
  1.3396801E+03  1.9496877E-02
  1.3427700E+03  1.9496877E-02
  1.3458600E+03  1.9430559E-02
  1.3489600E+03  1.9412944E-02
  1.3520699E+03  1.9282380E-02
  1.3551899E+03  1.9165259E-02
  1.3583101E+03  1.9145342E-02
  1.3614399E+03  1.9037940E-02
  1.3645800E+03  1.8740632E-02
  1.3677300E+03  1.8748684E-02
  1.3708800E+03  1.8950041E-02
  1.3740400E+03  1.8753935E-02
  1.3772100E+03  1.8950041E-02
  1.3803800E+03  1.8753935E-02
  1.3835699E+03  1.8748684E-02
  1.3867600E+03  1.8673493E-02
  1.3899500E+03  1.8673493E-02
  1.3931600E+03  1.8685009E-02
  1.3963700E+03  1.8673493E-02
  1.3995900E+03  1.8563779E-02
  1.4028101E+03  1.8472904E-02
  1.4060500E+03  1.8652065E-02
  1.4092900E+03  1.8459644E-02
  1.4125400E+03  1.8352244E-02
  1.4157900E+03  1.8292345E-02
  1.4190601E+03  1.8352244E-02
  1.4223300E+03  1.8292345E-02
  1.4256100E+03  1.8335229E-02
  1.4288900E+03  1.8335229E-02
  1.4321899E+03  1.8292345E-02
  1.4354900E+03  1.8292345E-02
  1.4388000E+03  1.8251048E-02
  1.4421200E+03  1.8155642E-02
  1.4454399E+03  1.7911969E-02
  1.4487700E+03  1.7911969E-02
  1.4521100E+03  1.8147262E-02
  1.4554600E+03  1.7911969E-02
  1.4588101E+03  1.7891673E-02
  1.4621801E+03  1.8147262E-02
  1.4655500E+03  1.7891673E-02
  1.4689301E+03  1.7891673E-02
  1.4723101E+03  1.7864008E-02
  1.4757100E+03  1.7659724E-02
  1.4791100E+03  1.7499145E-02
  1.4825200E+03  1.7588850E-02
  1.4859399E+03  1.7588850E-02
  1.4893600E+03  1.7537797E-02
  1.4927900E+03  1.7588850E-02
  1.4962400E+03  1.7354093E-02
  1.4996801E+03  1.7537797E-02
  1.5031400E+03  1.7354093E-02
  1.5066100E+03  1.7191490E-02
  1.5100800E+03  1.7188178E-02
  1.5135601E+03  1.7311119E-02
  1.5170500E+03  1.7191490E-02
  1.5205500E+03  1.7188178E-02
  1.5240500E+03  1.7188178E-02
  1.5275699E+03  1.6610563E-02
  1.5310900E+03  1.6610563E-02
  1.5346200E+03  1.6924445E-02
  1.5381500E+03  1.6888309E-02
  1.5417000E+03  1.6888309E-02
  1.5452500E+03  1.6610563E-02
  1.5488199E+03  1.6888309E-02
  1.5523900E+03  1.6888309E-02
  1.5559700E+03  1.6924445E-02
  1.5595500E+03  1.7311119E-02
  1.5631500E+03  1.6924445E-02
  1.5667500E+03  1.6888309E-02
  1.5703600E+03  1.6888309E-02
  1.5739800E+03  1.7325342E-02
  1.5776100E+03  1.7325342E-02
  1.5812500E+03  1.6924445E-02
  1.5848900E+03  1.7325342E-02
  1.5885500E+03  1.7325342E-02
  1.5922100E+03  1.7325342E-02
  1.5958800E+03  1.6924445E-02
  1.5995601E+03  1.6924445E-02
  1.6032500E+03  1.7238498E-02
  1.6069399E+03  1.7238498E-02
  1.6106500E+03  1.6924445E-02
  1.6143600E+03  1.6924445E-02
  1.6180800E+03  1.6924445E-02
  1.6218101E+03  1.6924445E-02
  1.6255500E+03  1.6888309E-02
  1.6293000E+03  1.6888309E-02
  1.6330500E+03  1.6888309E-02
  1.6368199E+03  1.5008993E-02
  1.6405900E+03  1.5008993E-02
  1.6443700E+03  1.5008993E-02
  1.6481600E+03  1.4532614E-02
  1.6519600E+03  1.4532614E-02
  1.6557700E+03  1.4532614E-02
  1.6595900E+03  1.4532614E-02
  1.6634100E+03  1.5008993E-02
  1.6672500E+03  1.5027197E-02
  1.6710900E+03  1.5027197E-02
  1.6749399E+03  1.5027197E-02
  1.6788000E+03  1.6210994E-02
  1.6826700E+03  1.6210994E-02
  1.6865500E+03  1.6210994E-02
  1.6904399E+03  1.6210994E-02
  1.6943400E+03  1.6210994E-02
  1.6982400E+03  1.5027197E-02
  1.7021600E+03  1.5027197E-02
  1.7060800E+03  1.5027197E-02
  1.7100200E+03  1.4532614E-02
  1.7139600E+03  1.4197933E-02
  1.7179100E+03  1.4197933E-02
  1.7218700E+03  1.4197933E-02
  1.7258400E+03  1.4197933E-02
  1.7298199E+03  1.4197933E-02
  1.7338000E+03  1.4870832E-02
  1.7378000E+03  1.4870832E-02
  1.7418101E+03  1.4870832E-02
  1.7458199E+03  1.4870832E-02
  1.7498500E+03  1.4197933E-02
  1.7538800E+03  1.4870832E-02
  1.7579200E+03  1.4197933E-02
  1.7619800E+03  1.2327971E-02
  1.7660400E+03  1.2327971E-02
  1.7701100E+03  1.2327971E-02
  1.7741899E+03  1.2327971E-02
  1.7782800E+03  1.2233451E-02
  1.7823800E+03  1.2233451E-02
  1.7864900E+03  1.2233451E-02
  1.7906100E+03  1.2233451E-02
  1.7947300E+03  1.2233451E-02
  1.7988700E+03  1.2215069E-02
  1.8030200E+03  1.2215069E-02
  1.8071700E+03  1.2108256E-02
  1.8113400E+03  1.2108256E-02
  1.8155200E+03  1.2215069E-02
  1.8197000E+03  1.2215069E-02
  1.8239000E+03  1.2215069E-02
  1.8281000E+03  1.2215069E-02
  1.8323101E+03  1.2108256E-02
  1.8365400E+03  1.1849810E-02
  1.8407700E+03  1.1802453E-02
  1.8450200E+03  1.1849810E-02
  1.8492700E+03  1.1802453E-02
  1.8535300E+03  1.1802453E-02
  1.8578000E+03  1.1637538E-02
  1.8620900E+03  1.1637538E-02
  1.8663800E+03  1.1637538E-02
  1.8706801E+03  1.1637538E-02
  1.8749900E+03  1.1624164E-02
  1.8793199E+03  1.1624164E-02
  1.8836500E+03  1.1337527E-02
  1.8879900E+03  1.0754025E-02
  1.8923400E+03  1.0687695E-02
  1.8967100E+03  1.0442450E-02
  1.9010800E+03  1.0402155E-02
  1.9054600E+03  1.0376382E-02
  1.9098500E+03  1.0376382E-02
  1.9142600E+03  1.0376382E-02
  1.9186700E+03  1.0376382E-02
  1.9230900E+03  1.0241495E-02
  1.9275200E+03  1.0241495E-02
  1.9319700E+03  1.0070246E-02
  1.9364200E+03  1.0070246E-02
  1.9408900E+03  1.0070246E-02
  1.9453600E+03  1.0070246E-02
  1.9498400E+03  1.0068065E-02
  1.9543400E+03  1.0031256E-02
  1.9588400E+03  1.0005917E-02
  1.9633600E+03  1.0015661E-02
  1.9678900E+03  1.0005917E-02
  1.9724200E+03  1.0005917E-02
  1.9769700E+03  1.0015661E-02
  1.9815300E+03  1.0005917E-02
  1.9860900E+03  9.8919943E-03
  1.9906700E+03  9.8568294E-03
  1.9952600E+03  9.6642571E-03
  1.9998600E+03  9.6642571E-03
  2.0044700E+03  9.6642571E-03
  2.0090900E+03  9.6642571E-03
  2.0137200E+03  9.6582789E-03
  2.0183700E+03  9.5886905E-03
  2.0230200E+03  9.5886905E-03
  2.0276801E+03  9.5818080E-03
  2.0323600E+03  9.6182143E-03
  2.0370400E+03  9.5886905E-03
  2.0417400E+03  9.4666025E-03
  2.0464399E+03  9.4666025E-03
  2.0511599E+03  9.3861027E-03
  2.0558899E+03  9.3462383E-03
  2.0606299E+03  9.3462383E-03
  2.0653799E+03  9.3213711E-03
  2.0701399E+03  9.2725987E-03
  2.0749099E+03  9.3453815E-03
  2.0797000E+03  9.2725987E-03
  2.0844900E+03  9.3392478E-03
  2.0893000E+03  9.3392478E-03
  2.0941101E+03  9.2725987E-03
  2.0989399E+03  9.2180474E-03
  2.1037800E+03  9.2260009E-03
  2.1086299E+03  9.1972724E-03
  2.1134900E+03  9.1972724E-03
  2.1183601E+03  9.1935769E-03
  2.1232400E+03  9.1768010E-03
  2.1281399E+03  9.1768010E-03
  2.1330400E+03  9.1653066E-03
  2.1379600E+03  9.1653066E-03
  2.1428899E+03  9.1484766E-03
  2.1478301E+03  9.1629522E-03
  2.1527800E+03  9.1629522E-03
  2.1577400E+03  9.1271363E-03
  2.1627200E+03  9.0957135E-03
  2.1677000E+03  8.9199943E-03
  2.1727000E+03  8.8734394E-03
  2.1777100E+03  8.8101001E-03
  2.1827300E+03  8.7902350E-03
  2.1877600E+03  8.7498985E-03
  2.1928000E+03  8.6488770E-03
  2.1978601E+03  8.5723139E-03
  2.2029299E+03  8.4710503E-03
  2.2080000E+03  8.4666712E-03
  2.2130901E+03  8.4666712E-03
  2.2182000E+03  8.3926329E-03
  2.2233101E+03  8.2936827E-03
  2.2284399E+03  8.2675852E-03
  2.2335701E+03  8.2414830E-03
  2.2387200E+03  8.1746271E-03
  2.2438799E+03  8.0880458E-03
  2.2490500E+03  8.0099097E-03
  2.2542400E+03  7.9466561E-03
  2.2594399E+03  7.8481371E-03
  2.2646399E+03  7.7476320E-03
  2.2698601E+03  7.7225696E-03
  2.2751001E+03  7.6343524E-03
  2.2803401E+03  7.6033096E-03
  2.2856001E+03  7.5461240E-03
  2.2908701E+03  7.4856775E-03
  2.2961499E+03  7.3777181E-03
  2.3014399E+03  7.3359213E-03
  2.3067500E+03  7.2829099E-03
  2.3120601E+03  7.2422028E-03
  2.3173899E+03  7.2194766E-03
  2.3227400E+03  7.1511688E-03
  2.3280901E+03  7.0884437E-03
  2.3334600E+03  7.0293476E-03
  2.3388401E+03  6.9924984E-03
  2.3442300E+03  6.9179968E-03
  2.3496299E+03  6.8511497E-03
  2.3550500E+03  6.8118572E-03
  2.3604800E+03  6.7603793E-03
  2.3659199E+03  6.7193499E-03
  2.3713701E+03  6.6926335E-03
  2.3768401E+03  6.6319713E-03
  2.3823201E+03  6.5430850E-03
  2.3878101E+03  6.5085492E-03
  2.3933201E+03  6.4549325E-03
  2.3988301E+03  6.4064120E-03
  2.4043601E+03  6.3594365E-03
  2.4099099E+03  6.3485499E-03
  2.4154600E+03  6.3315197E-03
  2.4210300E+03  6.2850481E-03
  2.4266101E+03  6.1732959E-03
  2.4322000E+03  6.1474042E-03
  2.4378101E+03  6.0442812E-03
  2.4434299E+03  6.0442812E-03
  2.4490601E+03  6.0252119E-03
  2.4547100E+03  6.0104607E-03
  2.4603701E+03  5.9767840E-03
  2.4660400E+03  5.9726513E-03
  2.4717200E+03  5.9767840E-03
  2.4774199E+03  5.9726513E-03
  2.4831299E+03  5.8832504E-03
  2.4888601E+03  5.8645988E-03
  2.4945901E+03  5.8235172E-03
  2.5003501E+03  5.7454659E-03
  2.5061101E+03  5.7454659E-03
  2.5118899E+03  5.6955991E-03
  2.5176799E+03  5.6822416E-03
  2.5234800E+03  5.6500752E-03
  2.5293000E+03  5.6190654E-03
  2.5351299E+03  5.6106411E-03
  2.5409700E+03  5.5752145E-03
  2.5468301E+03  5.5429144E-03
  2.5527000E+03  5.5486108E-03
  2.5585901E+03  5.5480595E-03
  2.5644800E+03  5.5429144E-03
  2.5703899E+03  5.5055791E-03
  2.5763201E+03  5.4889536E-03
  2.5822600E+03  5.4548588E-03
  2.5882100E+03  5.4335338E-03
  2.5941799E+03  5.3968700E-03
  2.6001599E+03  5.3815744E-03
  2.6061499E+03  5.3957445E-03
  2.6121599E+03  5.3276485E-03
  2.6181799E+03  5.2321898E-03
  2.6242200E+03  5.2295336E-03
  2.6302700E+03  5.2210912E-03
  2.6363301E+03  5.2015055E-03
  2.6424099E+03  5.1655308E-03
  2.6485000E+03  5.1632714E-03
  2.6546101E+03  5.0885691E-03
  2.6607200E+03  5.0891917E-03
  2.6668601E+03  5.0891917E-03
  2.6730100E+03  5.0669708E-03
  2.6791699E+03  5.0691548E-03
  2.6853401E+03  5.0669708E-03
  2.6915300E+03  5.0132046E-03
  2.6977400E+03  5.0083082E-03
  2.7039600E+03  4.9886554E-03
  2.7101899E+03  4.9799266E-03
  2.7164399E+03  4.9865553E-03
  2.7227000E+03  4.9739704E-03
  2.7289800E+03  4.9642124E-03
  2.7352700E+03  4.9727364E-03
  2.7415701E+03  4.9739704E-03
  2.7478899E+03  4.9739704E-03
  2.7542300E+03  4.9623353E-03
  2.7605801E+03  4.9535790E-03
  2.7669399E+03  4.9341628E-03
  2.7733201E+03  4.9103186E-03
  2.7797100E+03  4.8894528E-03
  2.7861201E+03  4.8704934E-03
  2.7925400E+03  4.8648361E-03
  2.7989800E+03  4.8635169E-03
  2.8054299E+03  4.8283399E-03
  2.8118999E+03  4.8108506E-03
  2.8183799E+03  4.8026019E-03
  2.8248799E+03  4.7984435E-03
  2.8313899E+03  4.7855186E-03
  2.8379199E+03  4.7667217E-03
  2.8444600E+03  4.7667217E-03
  2.8510200E+03  4.7637131E-03
  2.8575901E+03  4.7498154E-03
  2.8641799E+03  4.7439807E-03
  2.8707800E+03  4.7297953E-03
  2.8773999E+03  4.7300211E-03
  2.8840300E+03  4.7246884E-03
  2.8906799E+03  4.7096838E-03
  2.8973401E+03  4.6626083E-03
  2.9040200E+03  4.6326062E-03
  2.9107200E+03  4.6284217E-03
  2.9174299E+03  4.6209092E-03
  2.9241499E+03  4.6021952E-03
  2.9308899E+03  4.6096700E-03
  2.9376499E+03  4.6021952E-03
  2.9444199E+03  4.5619081E-03
  2.9512100E+03  4.5499331E-03
  2.9580100E+03  4.5363600E-03
  2.9648301E+03  4.5245164E-03
  2.9716699E+03  4.5108385E-03
  2.9785200E+03  4.4946452E-03
  2.9853799E+03  4.4818083E-03
  2.9922600E+03  4.4762976E-03
  2.9991599E+03  4.4721910E-03
  3.0060801E+03  4.4583483E-03
  3.0130100E+03  4.4303387E-03
  3.0199500E+03  4.4098734E-03
  3.0269099E+03  4.4055227E-03
  3.0338899E+03  4.4013187E-03
  3.0408899E+03  4.3910351E-03
  3.0478899E+03  4.3800278E-03
  3.0549199E+03  4.3681557E-03
  3.0619600E+03  4.3519703E-03
  3.0690200E+03  4.3426487E-03
  3.0761001E+03  4.3230462E-03
  3.0831899E+03  4.3170294E-03
  3.0903000E+03  4.3050870E-03
  3.0974199E+03  4.2975075E-03
  3.1045601E+03  4.2694137E-03
  3.1117200E+03  4.2549628E-03
  3.1188899E+03  4.2510261E-03
  3.1260801E+03  4.2463215E-03
  3.1332800E+03  4.2324881E-03
  3.1405100E+03  4.2249686E-03
  3.1477500E+03  4.2159744E-03
  3.1550000E+03  4.2104693E-03
  3.1622800E+03  4.2104693E-03
  3.1695701E+03  4.2060129E-03
  3.1768701E+03  4.1967225E-03
  3.1842000E+03  4.1785175E-03
  3.1915400E+03  4.1536046E-03
  3.1988899E+03  4.1536046E-03
  3.2062700E+03  4.1693817E-03
  3.2136599E+03  4.1520358E-03
  3.2210701E+03  4.1520358E-03
  3.2284900E+03  4.1475934E-03
  3.2359399E+03  4.1639651E-03
  3.2433999E+03  4.1467329E-03
  3.2508701E+03  4.1457335E-03
  3.2583701E+03  4.1405340E-03
  3.2658799E+03  4.1405340E-03
  3.2734099E+03  4.1405340E-03
  3.2809500E+03  4.1127442E-03
  3.2885200E+03  4.1127442E-03
  3.2961001E+03  4.1405340E-03
  3.3036899E+03  4.1353251E-03
  3.3113101E+03  4.1353251E-03
  3.3189399E+03  4.1083461E-03
  3.3265901E+03  4.1058254E-03
  3.3342600E+03  4.1058254E-03
  3.3419500E+03  4.1081067E-03
  3.3496499E+03  4.1037723E-03
  3.3573799E+03  4.1081361E-03
  3.3651201E+03  4.1127442E-03
  3.3728701E+03  4.1127442E-03
  3.3806499E+03  4.1264491E-03
  3.3884399E+03  4.1353251E-03
  3.3962500E+03  4.1353251E-03
  3.4040801E+03  4.1638371E-03
  3.4119299E+03  4.1638371E-03
  3.4197900E+03  4.1624019E-03
  3.4276799E+03  4.1624019E-03
  3.4355801E+03  4.1638371E-03
  3.4435000E+03  4.1718315E-03
  3.4514399E+03  4.2045126E-03
  3.4593899E+03  4.2045126E-03
  3.4673701E+03  4.1957390E-03
  3.4753601E+03  4.1957390E-03
  3.4833701E+03  4.1778018E-03
  3.4913999E+03  4.1966997E-03
  3.4994500E+03  4.2305412E-03
  3.5075200E+03  4.2305412E-03
  3.5156001E+03  4.3025636E-03
  3.5237100E+03  4.3100226E-03
  3.5318301E+03  4.3224338E-03
  3.5399700E+03  4.3073446E-03
  3.5481299E+03  4.3073446E-03
  3.5563101E+03  4.3307901E-03
  3.5645100E+03  4.3437262E-03
  3.5727300E+03  4.3576341E-03
  3.5809600E+03  4.3603885E-03
  3.5892200E+03  4.3702307E-03
  3.5974900E+03  4.4118273E-03
  3.6057900E+03  4.4309734E-03
  3.6141001E+03  4.4685365E-03
  3.6224299E+03  4.4762488E-03
  3.6307800E+03  4.4899178E-03
  3.6391499E+03  4.4899178E-03
  3.6475400E+03  4.4899178E-03
  3.6559500E+03  4.4928100E-03
  3.6643701E+03  4.4899178E-03
  3.6728201E+03  4.4899178E-03
  3.6812900E+03  4.5166072E-03
  3.6897800E+03  4.5309146E-03
  3.6982800E+03  4.5312205E-03
  3.7068101E+03  4.5390306E-03
  3.7153501E+03  4.5273690E-03
  3.7239199E+03  4.5396960E-03
  3.7325000E+03  4.5667491E-03
  3.7411101E+03  4.5857695E-03
  3.7497300E+03  4.6132393E-03
  3.7583701E+03  4.6176002E-03
  3.7670400E+03  4.6200873E-03
  3.7757200E+03  4.6300306E-03
  3.7844199E+03  4.6246960E-03
  3.7931499E+03  4.6246960E-03
  3.8018899E+03  4.6200873E-03
  3.8106599E+03  4.6360330E-03
  3.8194399E+03  4.6360330E-03
  3.8282500E+03  4.6515586E-03
  3.8370701E+03  4.6923026E-03
  3.8459199E+03  4.7257594E-03
  3.8547800E+03  4.7750138E-03
  3.8636699E+03  4.8166038E-03
  3.8725701E+03  4.8186351E-03
  3.8815000E+03  4.8186351E-03
  3.8904500E+03  4.8164479E-03
  3.8994199E+03  4.8166038E-03
  3.9084099E+03  4.8164479E-03
  3.9174199E+03  4.7847885E-03
  3.9264500E+03  4.7748750E-03
  3.9355000E+03  4.7799340E-03
  3.9445701E+03  4.7830264E-03
  3.9536699E+03  4.7830264E-03
  3.9627800E+03  4.7799340E-03
  3.9719199E+03  4.7799340E-03
  3.9810701E+03  4.7830264E-03
  3.9902500E+03  4.7994680E-03
  3.9994500E+03  4.8081074E-03
  4.0086699E+03  4.8081074E-03
  4.0179099E+03  4.8398999E-03
  4.0271699E+03  4.8511494E-03
  4.0364500E+03  4.8433472E-03
  4.0457600E+03  4.8398999E-03
  4.0550901E+03  4.8511149E-03
  4.0644299E+03  4.8433472E-03
  4.0738000E+03  4.8581320E-03
  4.0831899E+03  4.8581320E-03
  4.0926101E+03  4.9942071E-03
  4.1020400E+03  4.9557090E-03
  4.1115000E+03  4.9915346E-03
  4.1209800E+03  4.9557090E-03
  4.1304702E+03  4.9527255E-03
  4.1400000E+03  4.9557090E-03
  4.1495400E+03  4.9527255E-03
  4.1591099E+03  4.9428842E-03
  4.1686899E+03  4.9557090E-03
  4.1782998E+03  5.0143003E-03
  4.1879399E+03  5.0286404E-03
  4.1975898E+03  5.0684088E-03
  4.2072598E+03  5.0814422E-03
  4.2169600E+03  5.0944220E-03
  4.2266899E+03  5.1029730E-03
  4.2364302E+03  5.0844694E-03
  4.2462002E+03  5.0844694E-03
  4.2559800E+03  5.0944220E-03
  4.2657900E+03  5.1029730E-03
  4.2756299E+03  5.1029730E-03
  4.2854800E+03  5.1029730E-03
  4.2953599E+03  5.0889459E-03
  4.3052598E+03  5.0809286E-03
  4.3151899E+03  5.0557842E-03
  4.3251401E+03  5.0511872E-03
  4.3351099E+03  5.0557842E-03
  4.3451001E+03  5.0549819E-03
  4.3551201E+03  5.0511872E-03
  4.3651602E+03  5.0257677E-03
  4.3752202E+03  5.0198389E-03
  4.3853101E+03  5.0029224E-03
  4.3954199E+03  5.0008739E-03
  4.4055498E+03  5.0008739E-03
  4.4157002E+03  4.9861530E-03
  4.4258799E+03  4.9845958E-03
  4.4360801E+03  4.9747871E-03
  4.4463101E+03  4.9747871E-03
  4.4565601E+03  4.9635968E-03
  4.4668301E+03  4.9204240E-03
  4.4771299E+03  4.9086716E-03
  4.4874502E+03  4.9086716E-03
  4.4977998E+03  4.9031344E-03
  4.5081699E+03  4.8929919E-03
  4.5185601E+03  4.8786979E-03
  4.5289702E+03  4.8686834E-03
  4.5394102E+03  4.8402562E-03
  4.5498799E+03  4.8154350E-03
  4.5603701E+03  4.7964524E-03
  4.5708799E+03  4.7875210E-03
  4.5814199E+03  4.7707167E-03
  4.5919800E+03  4.7652014E-03
  4.6025601E+03  4.7555268E-03
  4.6131802E+03  4.7508432E-03
  4.6238101E+03  4.7514015E-03
  4.6344702E+03  4.7439677E-03
  4.6451499E+03  4.7328915E-03
  4.6558599E+03  4.7199619E-03
  4.6665898E+03  4.7186199E-03
  4.6773501E+03  4.7100275E-03
  4.6881299E+03  4.7090864E-03
  4.6989399E+03  4.6908604E-03
  4.7097700E+03  4.6758349E-03
  4.7206299E+03  4.6389988E-03
  4.7315098E+03  4.6116440E-03
  4.7424199E+03  4.6022460E-03
  4.7533501E+03  4.5929276E-03
  4.7643101E+03  4.5904447E-03
  4.7752900E+03  4.5818719E-03
  4.7862998E+03  4.5548812E-03
  4.7973301E+03  4.5476928E-03
  4.8083901E+03  4.5152861E-03
  4.8194800E+03  4.4994988E-03
  4.8305898E+03  4.4994988E-03
  4.8417202E+03  4.4829128E-03
  4.8528799E+03  4.4849538E-03
  4.8640698E+03  4.4829128E-03
  4.8752798E+03  4.4806888E-03
  4.8865200E+03  4.4806888E-03
  4.8977900E+03  4.4552311E-03
  4.9090801E+03  4.4370713E-03
  4.9203901E+03  4.4348869E-03
  4.9317402E+03  4.3923273E-03
  4.9431099E+03  4.3821153E-03
  4.9545000E+03  4.3764850E-03
  4.9659199E+03  4.3661874E-03
  4.9773701E+03  4.3593543E-03
  4.9888398E+03  4.3484862E-03
  5.0003398E+03  4.3164464E-03
  5.0118701E+03  4.3046996E-03
  5.0234302E+03  4.2544650E-03
  5.0350000E+03  4.2242403E-03
  5.0466099E+03  4.2132512E-03
  5.0582500E+03  4.1875239E-03
  5.0699102E+03  4.1982713E-03
  5.0815898E+03  4.1875239E-03
  5.0933101E+03  4.1770819E-03
  5.1050498E+03  4.1915625E-03
  5.1168198E+03  4.1779373E-03
  5.1286099E+03  4.1759033E-03
  5.1404399E+03  4.1707782E-03
  5.1522900E+03  4.1701533E-03
  5.1641602E+03  4.1558808E-03
  5.1760698E+03  4.1722483E-03
  5.1880000E+03  4.1280626E-03
  5.1999600E+03  4.1280626E-03
  5.2119502E+03  4.1280626E-03
  5.2239600E+03  4.1080527E-03
  5.2360000E+03  4.1155335E-03
  5.2480698E+03  4.1155335E-03
  5.2601699E+03  4.1018240E-03
  5.2722998E+03  4.0991879E-03
  5.2844502E+03  4.0517589E-03
  5.2966299E+03  3.9817966E-03
  5.3088398E+03  3.9681601E-03
  5.3210801E+03  3.9618411E-03
  5.3333501E+03  3.9044609E-03
  5.3456401E+03  3.8418644E-03
  5.3579600E+03  3.8268538E-03
  5.3703198E+03  3.8226228E-03
  5.3827002E+03  3.8217416E-03
  5.3951001E+03  3.8226228E-03
  5.4075400E+03  3.8266459E-03
  5.4200098E+03  3.8189627E-03
  5.4325000E+03  3.8189627E-03
  5.4450200E+03  3.8164037E-03
  5.4575801E+03  3.7827357E-03
  5.4701602E+03  3.7681423E-03
  5.4827700E+03  3.7545017E-03
  5.4954102E+03  3.7436427E-03
  5.5080801E+03  3.7281031E-03
  5.5207700E+03  3.7281031E-03
  5.5335000E+03  3.7390646E-03
  5.5462598E+03  3.7436427E-03
  5.5590400E+03  3.7129112E-03
  5.5718501E+03  3.6817018E-03
  5.5847002E+03  3.6165207E-03
  5.5975698E+03  3.6155917E-03
  5.6104800E+03  3.6145498E-03
  5.6234102E+03  3.6145498E-03
  5.6363799E+03  3.5356425E-03
  5.6493701E+03  3.5237237E-03
  5.6623901E+03  3.6165207E-03
  5.6754502E+03  3.6017736E-03
  5.6885298E+03  3.6007792E-03
  5.7016401E+03  3.6007792E-03
  5.7147900E+03  3.5865766E-03
  5.7279600E+03  3.5687096E-03
  5.7411602E+03  3.5687096E-03
  5.7543999E+03  3.5687096E-03
  5.7676602E+03  3.5687096E-03
  5.7809600E+03  3.5374616E-03
  5.7942900E+03  3.5175639E-03
  5.8076401E+03  3.4795569E-03
  5.8210298E+03  3.4528654E-03
  5.8344502E+03  3.4528654E-03
  5.8478999E+03  3.4520333E-03
  5.8613799E+03  3.4306662E-03
  5.8748901E+03  3.4171720E-03
  5.8884399E+03  3.3964571E-03
  5.9020098E+03  3.3771947E-03
  5.9156099E+03  3.3752432E-03
  5.9292500E+03  3.3560237E-03
  5.9429199E+03  3.3141191E-03
  5.9566201E+03  3.3141191E-03
  5.9703501E+03  3.3752432E-03
  5.9841201E+03  3.3903392E-03
  5.9979102E+03  3.3019478E-03
  6.0117300E+03  3.3019478E-03
  6.0256001E+03  3.2718356E-03
  6.0394800E+03  3.2367201E-03
  6.0534102E+03  3.2367201E-03
  6.0673599E+03  3.1597822E-03
  6.0813501E+03  3.1553134E-03
  6.0953701E+03  3.1597822E-03
  6.1094199E+03  3.2367201E-03
  6.1235000E+03  3.2260267E-03
  6.1376201E+03  3.2260267E-03
  6.1517700E+03  3.2260267E-03
  6.1659502E+03  3.2374344E-03
  6.1801602E+03  3.2374344E-03
  6.1944102E+03  3.3315069E-03
  6.2086899E+03  3.3315069E-03
  6.2230000E+03  3.3315069E-03
  6.2373501E+03  3.3315069E-03
  6.2517300E+03  3.2168746E-03
  6.2661401E+03  3.0758125E-03
  6.2805801E+03  3.0674452E-03
  6.2950601E+03  3.0589078E-03
  6.3095698E+03  3.0589078E-03
  6.3241201E+03  3.0589078E-03
  6.3386899E+03  3.0168183E-03
  6.3533101E+03  3.0168183E-03
  6.3679502E+03  3.0168183E-03
  6.3826299E+03  3.0861164E-03
  6.3973501E+03  3.1036469E-03
  6.4120898E+03  3.1036469E-03
  6.4268799E+03  3.1398053E-03
  6.4416899E+03  3.1398053E-03
  6.4565400E+03  3.0861164E-03
  6.4714199E+03  2.9281769E-03
  6.4863398E+03  2.9114825E-03
  6.5012998E+03  2.9114825E-03
  6.5162798E+03  2.9114825E-03
  6.5312998E+03  2.9681006E-03
  6.5463599E+03  2.9681006E-03
  6.5614502E+03  2.9681006E-03
  6.5765801E+03  3.0026073E-03
  6.5917402E+03  3.0026073E-03
  6.6069302E+03  3.0026073E-03
  6.6221602E+03  3.0896696E-03
  6.6374302E+03  3.0896696E-03
  6.6527300E+03  3.0004224E-03
  6.6680698E+03  3.0004224E-03
  6.6834399E+03  3.0004224E-03
  6.6988501E+03  3.0004224E-03
  6.7142900E+03  3.0004224E-03
  6.7297598E+03  3.0004224E-03
  6.7452798E+03  2.9748052E-03
  6.7608301E+03  2.9748052E-03
  6.7764102E+03  2.9218728E-03
  6.7920400E+03  2.9748052E-03
  6.8076899E+03  2.9748052E-03
  6.8233799E+03  2.9218728E-03
  6.8391099E+03  2.8610334E-03
  6.8548799E+03  2.8610334E-03
  6.8706802E+03  2.8274769E-03
  6.8865200E+03  2.9080354E-03
  6.9023999E+03  2.9080354E-03
  6.9183101E+03  2.8591997E-03
  6.9342598E+03  2.8183460E-03
  6.9502402E+03  2.8161870E-03
  6.9662598E+03  2.8161870E-03
  6.9823198E+03  2.8161870E-03
  6.9984199E+03  2.8183460E-03
  7.0145498E+03  2.8161870E-03
  7.0307202E+03  2.8161870E-03
  7.0469302E+03  2.8373478E-03
  7.0631802E+03  2.7353757E-03
  7.0794600E+03  2.5656454E-03
  7.0957700E+03  2.5567282E-03
  7.1121401E+03  2.5354058E-03
  7.1285298E+03  2.5354058E-03
  7.1449600E+03  2.5354058E-03
  7.1614302E+03  2.5567282E-03
  7.1779399E+03  2.4317417E-03
  7.1944902E+03  2.3994723E-03
  7.2110698E+03  2.3994723E-03
  7.2277002E+03  2.3994723E-03
  7.2443599E+03  2.3687116E-03
  7.2610601E+03  2.3687116E-03
  7.2777998E+03  2.3687116E-03
  7.2945698E+03  2.3679303E-03
  7.3113901E+03  2.3687116E-03
  7.3282500E+03  2.3679303E-03
  7.3451401E+03  2.3679303E-03
  7.3620698E+03  2.3167878E-03
  7.3790400E+03  2.3167878E-03
  7.3960498E+03  2.3110742E-03
  7.4131001E+03  2.2715824E-03
  7.4301899E+03  2.1772487E-03
  7.4473198E+03  2.1559168E-03
  7.4644902E+03  2.1772487E-03
  7.4816899E+03  2.1772487E-03
  7.4989399E+03  2.2399512E-03
  7.5162300E+03  2.2243178E-03
  7.5335498E+03  2.0829248E-03
  7.5509199E+03  2.2399512E-03
  7.5683301E+03  2.2399512E-03
  7.5857700E+03  2.0829248E-03
  7.6032598E+03  2.0829248E-03
  7.6207900E+03  2.2666531E-03
  7.6383599E+03  2.3279884E-03
  7.6559600E+03  2.3758248E-03
  7.6736099E+03  2.3758248E-03
  7.6912998E+03  2.3279884E-03
  7.7090298E+03  2.2481731E-03
  7.7268101E+03  2.2231848E-03
  7.7446201E+03  2.1963969E-03
  7.7624702E+03  2.1935531E-03
  7.7803599E+03  2.1920458E-03
  7.7982998E+03  2.1920458E-03
  7.8162798E+03  2.1550471E-03
  7.8342900E+03  2.1262453E-03
  7.8523599E+03  1.9978103E-03
  7.8704600E+03  2.1426934E-03
  7.8886001E+03  2.1426934E-03
  7.9067900E+03  2.1426934E-03
  7.9250098E+03  2.1426934E-03
  7.9432798E+03  2.1426934E-03
  7.9615898E+03  2.0783183E-03
  7.9799502E+03  2.0935750E-03
  7.9983398E+03  2.1224038E-03
  8.0167798E+03  1.9804947E-03
  8.0352598E+03  1.9804947E-03
  8.0537798E+03  1.9804947E-03
  8.0723501E+03  2.0419920E-03
  8.0909600E+03  2.0419920E-03
  8.1096099E+03  2.0464710E-03
  8.1282998E+03  2.0609100E-03
  8.1470400E+03  2.0756547E-03
  8.1658198E+03  2.0671068E-03
  8.1846499E+03  1.9205994E-03
  8.2035098E+03  1.8756205E-03
  8.2224297E+03  1.8756205E-03
  8.2413799E+03  1.8489152E-03
  8.2603799E+03  1.8489152E-03
  8.2794199E+03  1.8441345E-03
  8.2985098E+03  1.8441345E-03
  8.3176299E+03  2.3649526E-03
  8.3368096E+03  2.3813432E-03
  8.3560303E+03  2.3813432E-03
  8.3752900E+03  1.9590601E-03
  8.3945996E+03  1.9541266E-03
  8.4139502E+03  1.9504547E-03
  8.4333496E+03  1.9308890E-03
  8.4527900E+03  1.9080146E-03
  8.4722695E+03  1.8936455E-03
  8.4917998E+03  1.9120086E-03
  8.5113799E+03  1.8611110E-03
  8.5310000E+03  1.8241297E-03
  8.5506699E+03  1.8279470E-03
  8.5703799E+03  1.8241297E-03
  8.5901396E+03  1.8241297E-03
  8.6099404E+03  1.8549756E-03
  8.6297803E+03  1.8549756E-03
  8.6496699E+03  1.9301545E-03
  8.6696201E+03  1.7504261E-03
  8.6895996E+03  1.9026216E-03
  8.7096299E+03  1.9552845E-03
  8.7297100E+03  1.7963747E-03
  8.7498398E+03  1.7319759E-03
  8.7700000E+03  1.7319759E-03
  8.7902305E+03  1.7319759E-03
  8.8104902E+03  1.6158134E-03
  8.8307998E+03  1.8849880E-03
  8.8511504E+03  1.8249310E-03
  8.8715596E+03  1.7694139E-03
  8.8920098E+03  1.7160077E-03
  8.9125098E+03  1.7160077E-03
  8.9330498E+03  1.8483986E-03
  8.9536504E+03  1.8711118E-03
  8.9742803E+03  1.8359363E-03
  8.9949805E+03  1.7841426E-03
  9.0157100E+03  1.7198216E-03
  9.0364902E+03  1.7934166E-03
  9.0573301E+03  1.6567087E-03
  9.0782002E+03  1.6567087E-03
  9.0991299E+03  1.6567087E-03
  9.1200996E+03  1.6567087E-03
  9.1411299E+03  1.6453337E-03
  9.1622002E+03  1.7737594E-03
  9.1833203E+03  1.7584898E-03
  9.2045000E+03  1.5912883E-03
  9.2257100E+03  1.5912883E-03
  9.2469805E+03  1.5912883E-03
  9.2682998E+03  1.6876459E-03
  9.2896602E+03  1.6876459E-03
  9.3110801E+03  1.6876459E-03
  9.3325400E+03  2.2702983E-03
  9.3540596E+03  1.9339485E-03
  9.3756201E+03  1.7017669E-03
  9.3972305E+03  1.7017669E-03
  9.4189004E+03  1.6240260E-03
  9.4406104E+03  1.7017669E-03
  9.4623701E+03  1.7017669E-03
  9.4841797E+03  1.4898005E-03
  9.5060498E+03  1.5679098E-03
  9.5279600E+03  1.5854372E-03
  9.5499199E+03  1.5854372E-03
  9.5719404E+03  1.5856740E-03
  9.5940000E+03  1.5856740E-03
  9.6161201E+03  1.5856740E-03
  9.6382900E+03  1.5464430E-03
  9.6605098E+03  1.5153282E-03
  9.6827695E+03  1.4964475E-03
  9.7050996E+03  1.4964475E-03
  9.7274697E+03  1.4858457E-03
  9.7498896E+03  1.4858457E-03
  9.7723701E+03  1.4858457E-03
  9.7949004E+03  1.4858457E-03
  9.8174805E+03  1.5888711E-03
  9.8401104E+03  1.5775254E-03
  9.8627900E+03  1.5401776E-03
  9.8855303E+03  1.5026083E-03
  9.9083203E+03  1.5026083E-03
  9.9311602E+03  1.5053999E-03
  9.9540498E+03  1.5053999E-03
  9.9770000E+03  1.5220497E-03
  1.0000000E+04  1.5731208E-03
  1.0000000E+04  1.5731208E-03
  1.0115800E+04  1.4562755E-03
  1.0232940E+04  1.3351982E-03
  1.0351420E+04  1.3667108E-03
  1.0471290E+04  1.3561368E-03
  1.0592540E+04  1.2152718E-03
  1.0715200E+04  1.2553481E-03
  1.0839270E+04  1.2638423E-03
  1.0964780E+04  1.1987831E-03
  1.1091750E+04  1.3008196E-03
  1.1220190E+04  1.1679642E-03
  1.1350100E+04  1.1506693E-03
  1.1481540E+04  1.1815694E-03
  1.1614490E+04  1.0561341E-03
  1.1748980E+04  1.0441750E-03
  1.1885020E+04  1.0433734E-03
  1.2022640E+04  1.0706343E-03
  1.2161860E+04  9.9876558E-04
  1.2302690E+04  9.6688361E-04
  1.2445140E+04  9.8329620E-04
  1.2589250E+04  9.5559523E-04
  1.2735030E+04  9.4259979E-04
  1.2882500E+04  8.9368899E-04
  1.3031660E+04  8.9391670E-04
  1.3182560E+04  8.8512490E-04
  1.3335210E+04  8.6720835E-04
  1.3489630E+04  8.5413246E-04
  1.3645840E+04  7.7944784E-04
  1.3803840E+04  7.8156794E-04
  1.3963680E+04  7.8964623E-04
  1.4125380E+04  7.3233148E-04
  1.4288950E+04  7.6996553E-04
  1.4454390E+04  5.9706287E-04
  1.4621770E+04  7.0731866E-04
  1.4791090E+04  6.8476901E-04
  1.4962360E+04  6.9695804E-04
  1.5135610E+04  6.5555359E-04
  1.5310870E+04  6.6911749E-04
  1.5488170E+04  6.5282342E-04
  1.5667520E+04  6.5118982E-04
  1.5848920E+04  6.2323827E-04
  1.6032450E+04  6.3449331E-04
  1.6218100E+04  6.0237898E-04
  1.6405900E+04  6.3319854E-04
  1.6595859E+04  5.7656690E-04
  1.6788039E+04  6.0133322E-04
  1.6982439E+04  5.7635235E-04
  1.7179090E+04  5.6834240E-04
  1.7378000E+04  5.4336118E-04
  1.7579230E+04  5.4031191E-04
  1.7782789E+04  5.2116322E-04
  1.7988711E+04  4.5549514E-04
  1.8197020E+04  4.4872882E-04
  1.8407711E+04  4.3281872E-04
  1.8620869E+04  4.2734516E-04
  1.8836490E+04  4.0628447E-04
  1.9054619E+04  4.2744653E-04
  1.9275240E+04  4.0459065E-04
  1.9498439E+04  3.6827469E-04
  1.9724230E+04  3.6713883E-04
  1.9952631E+04  3.5991843E-04
  2.0183660E+04  3.5871909E-04
  2.0417381E+04  3.2307074E-04
  2.0653801E+04  3.0239433E-04
  2.0892971E+04  3.1340172E-04
  2.1134881E+04  2.9200222E-04
  2.1379619E+04  2.8442722E-04
  2.1627189E+04  2.7185204E-04
  2.1877619E+04  2.5102810E-04
  2.2130939E+04  2.3104805E-04
  2.2387211E+04  2.3822337E-04
  2.2646439E+04  2.2077774E-04
  2.2908680E+04  2.0656004E-04
  2.3173930E+04  2.1968779E-04
  2.3442279E+04  2.0566152E-04
  2.3713740E+04  2.0028498E-04
  2.3988340E+04  1.9230270E-04
  2.4266109E+04  1.5916185E-04
  2.4547080E+04  1.4808839E-04
  2.4831330E+04  1.3112127E-04
  2.5118869E+04  1.2406163E-04
  2.5409740E+04  1.2295325E-04
  2.5703949E+04  1.2476176E-04
  2.6001590E+04  1.2715555E-04
  2.6302680E+04  1.3127821E-04
  2.6607260E+04  1.3275923E-04
  2.6915340E+04  1.2227529E-04
  2.7227010E+04  1.2905958E-04
  2.7542289E+04  1.2644177E-04
  2.7861221E+04  1.2685322E-04
  2.8183820E+04  1.1983863E-04
  2.8510180E+04  1.0502021E-04
  2.8840320E+04  1.0371054E-04
  2.9174279E+04  9.5007199E-05
  2.9512080E+04  8.2915525E-05
  2.9853820E+04  7.5356795E-05
  3.0199520E+04  7.4071533E-05
  3.0549221E+04  7.1706796E-05
  3.0902939E+04  6.9794936E-05
  3.1260789E+04  6.8048939E-05
  3.1622779E+04  6.5951812E-05
  3.1988961E+04  6.5225919E-05
  3.2359350E+04  6.7055014E-05
  3.2734061E+04  7.1212737E-05
  3.3113109E+04  7.1062226E-05
  3.3496551E+04  6.3578307E-05
  3.3884430E+04  5.6310993E-05
  3.4276770E+04  5.2798481E-05
  3.4673680E+04  5.0862873E-05
  3.5075199E+04  4.9081515E-05
  3.5481359E+04  4.7246569E-05
  3.5892180E+04  4.5405883E-05
  3.6307801E+04  4.3881410E-05
  3.6728230E+04  4.2147989E-05
  3.7153539E+04  4.0442923E-05
  3.7583719E+04  3.8828610E-05
  3.8018930E+04  3.7448986E-05
  3.8459180E+04  3.6219408E-05
  3.8904531E+04  3.4750898E-05
  3.9354988E+04  3.3452485E-05
  3.9810711E+04  3.1995809E-05
  4.0271711E+04  3.0981111E-05
  4.0738039E+04  2.9753295E-05
  4.1209730E+04  2.8710308E-05
  4.1686930E+04  2.7566675E-05
  4.2169648E+04  2.6588894E-05
  4.2657961E+04  2.5698700E-05
  4.3151879E+04  2.3187296E-05
  4.3651570E+04  2.1792803E-05
  4.4157039E+04  2.0452468E-05
  4.4668371E+04  1.9559897E-05
  4.5185621E+04  1.8922477E-05
  4.5708801E+04  1.8587800E-05
  4.6238102E+04  1.8020799E-05
  4.6773520E+04  1.7710174E-05
  4.7315148E+04  1.7361197E-05
  4.7862988E+04  1.6930495E-05
  4.8417230E+04  1.6609789E-05
  4.8977891E+04  1.6150701E-05
  4.9545039E+04  1.5778502E-05
  5.0118699E+04  1.5457403E-05
  5.0699059E+04  1.5100981E-05
  5.1286141E+04  1.4785403E-05
  5.1880020E+04  1.4492404E-05
  5.2480719E+04  1.4191477E-05
  5.3088430E+04  1.3853701E-05
  5.3703180E+04  1.3615982E-05
  5.4325051E+04  1.3366599E-05
  5.4954059E+04  1.3168402E-05
  5.5590410E+04  1.3059405E-05
  5.6234129E+04  1.3077298E-05
  5.6885309E+04  1.3262396E-05
  5.7543961E+04  1.3668301E-05
  5.8210301E+04  1.4356394E-05
  5.8884359E+04  1.5410378E-05
  5.9566230E+04  1.6971793E-05
  6.0255988E+04  1.9213101E-05
  6.0953672E+04  2.1094496E-05
  6.1659500E+04  3.1797448E-05
  6.2373500E+04  4.5739274E-05
  6.3095762E+04  3.3741981E-05
  6.3826320E+04  2.3968591E-05
  6.4565410E+04  1.6876395E-05
  6.5313059E+04  1.5140593E-05
  6.6069367E+04  1.7110400E-05
  6.6834359E+04  1.7639903E-05
  6.7608289E+04  1.8233397E-05
  6.8391172E+04  1.7972605E-05
  6.9183117E+04  1.9540601E-05
  6.9984156E+04  2.4543309E-05
  7.0794562E+04  2.0767000E-05
  7.1614344E+04  2.1522177E-05
  7.2443617E+04  2.3033806E-05
  7.3282406E+04  2.4873298E-05
  7.4131008E+04  2.7781556E-05
  7.4989422E+04  3.6729285E-05
  7.5857781E+04  4.2126383E-05
  7.6736102E+04  4.7295980E-05
  7.7624688E+04  4.5491211E-05
  7.8523562E+04  4.4390861E-05
  7.9432844E+04  3.9941093E-05
  8.0352648E+04  3.2210788E-05
  8.1283023E+04  2.5809490E-05
  8.2224258E+04  2.2825177E-05
  8.3176391E+04  2.2401689E-05
  8.4139547E+04  2.2115197E-05
  8.5113773E+04  2.3155291E-05
  8.6099367E+04  2.4861392E-05
  8.7096367E+04  2.2203392E-05
  8.8104922E+04  1.6707294E-05
  8.9125047E+04  1.2024504E-05
  9.0157102E+04  9.8656965E-06
  9.1201094E+04  8.6180989E-06
  9.2257172E+04  7.3150977E-06
  9.3325383E+04  6.7751926E-06
  9.4406070E+04  6.7748952E-06
  9.5499273E+04  6.7844976E-06
  9.6605117E+04  7.8502007E-06
  9.7723672E+04  7.5159965E-06
  9.8855281E+04  6.5841982E-06
  1.0000000E+05  6.8191944E-06
  1.0115797E+05  6.8109935E-06
  1.0232924E+05  6.8863992E-06
  1.0351419E+05  6.9116004E-06
  1.0471285E+05  7.3532997E-06
  1.0592540E+05  8.4634039E-06
  1.0715198E+05  8.9086998E-06
  1.0839266E+05  9.1591955E-06
  1.0964781E+05  1.0412597E-05
  1.1091750E+05  1.4194999E-05
  1.1220190E+05  2.5265606E-05
  1.1350104E+05  2.8469200E-05
  1.1481534E+05  2.0121193E-05
  1.1614488E+05  1.4026808E-05
  1.1748980E+05  1.1355601E-05
  1.1885017E+05  1.1000498E-05
  1.2022642E+05  1.1901405E-05
  1.2161861E+05  1.0886496E-05
  1.2302692E+05  1.1735198E-05
  1.2445140E+05  1.2310096E-05
  1.2589252E+05  1.3563697E-05
  1.2735031E+05  1.6442600E-05
  1.2882499E+05  1.4192895E-05
  1.3031661E+05  8.5172014E-06
  1.3182564E+05  7.5398007E-06
  1.3335214E+05  7.2974976E-06
  1.3489633E+05  6.8044983E-06
  1.3645823E+05  6.6367970E-06
  1.3803839E+05  5.9991999E-06
  1.3963683E+05  5.9205981E-06
  1.4125378E+05  6.1141950E-06
  1.4288947E+05  6.2543018E-06
  1.4454392E+05  5.5830983E-06
  1.4621770E+05  4.7293020E-06
  1.4791086E+05  4.2798988E-06
  1.4962362E+05  4.1328990E-06
  1.5135606E+05  4.0738978E-06
  1.5310872E+05  4.3979999E-06
  1.5488169E+05  5.5675987E-06
  1.5667517E+05  4.4209000E-06
  1.5848925E+05  4.4197009E-06
  1.6032452E+05  4.4602994E-06
  1.6218103E+05  5.1478009E-06
  1.6405903E+05  6.0851025E-06
  1.6595861E+05  6.1586015E-06
  1.6788036E+05  6.2896975E-06
  1.6982438E+05  7.3197016E-06
  1.7179089E+05  6.5930021E-06
  1.7377998E+05  5.8180017E-06
  1.7579231E+05  4.7472972E-06
  1.7782794E+05  4.3315981E-06
  1.7988714E+05  3.9625979E-06
  1.8196998E+05  3.8708999E-06
  1.8407714E+05  3.7963996E-06
  1.8620870E+05  3.7235009E-06
  1.8836495E+05  3.6520019E-06
  1.9054595E+05  3.5739993E-06
  1.9275242E+05  3.4738996E-06
  1.9498444E+05  3.3761955E-06
  1.9724231E+05  3.2810019E-06
  1.9952631E+05  3.1882014E-06
