  3.1623001E+02  0.0000000E+00
  3.1695999E+02  0.0000000E+00
  3.1769000E+02  0.0000000E+00
  3.1842001E+02  0.0000000E+00
  3.1914999E+02  0.0000000E+00
  3.1989001E+02  0.0000000E+00
  3.2063000E+02  0.0000000E+00
  3.2137000E+02  0.0000000E+00
  3.2210999E+02  0.0000000E+00
  3.2285001E+02  0.0000000E+00
  3.2359000E+02  0.0000000E+00
  3.2434000E+02  0.0000000E+00
  3.2509000E+02  0.0000000E+00
  3.2584000E+02  0.0000000E+00
  3.2659000E+02  0.0000000E+00
  3.2734000E+02  0.0000000E+00
  3.2810001E+02  0.0000000E+00
  3.2885001E+02  0.0000000E+00
  3.2960999E+02  0.0000000E+00
  3.3037000E+02  0.0000000E+00
  3.3113000E+02  0.0000000E+00
  3.3189001E+02  0.0000000E+00
  3.3266000E+02  0.0000000E+00
  3.3342999E+02  0.0000000E+00
  3.3419000E+02  0.0000000E+00
  3.3497000E+02  0.0000000E+00
  3.3573999E+02  0.0000000E+00
  3.3651001E+02  0.0000000E+00
  3.3729001E+02  0.0000000E+00
  3.3806000E+02  0.0000000E+00
  3.3884000E+02  0.0000000E+00
  3.3963000E+02  0.0000000E+00
  3.4041000E+02  0.0000000E+00
  3.4119000E+02  0.0000000E+00
  3.4198001E+02  0.0000000E+00
  3.4276999E+02  0.0000000E+00
  3.4356000E+02  0.0000000E+00
  3.4435001E+02  0.0000000E+00
  3.4514001E+02  0.0000000E+00
  3.4594000E+02  0.0000000E+00
  3.4673999E+02  0.0000000E+00
  3.4754001E+02  0.0000000E+00
  3.4834000E+02  0.0000000E+00
  3.4914001E+02  0.0000000E+00
  3.4995001E+02  0.0000000E+00
  3.5075000E+02  0.0000000E+00
  3.5156000E+02  0.0000000E+00
  3.5237000E+02  0.0000000E+00
  3.5317999E+02  0.0000000E+00
  3.5400000E+02  0.0000000E+00
  3.5481000E+02  0.0000000E+00
  3.5563000E+02  0.0000000E+00
  3.5645001E+02  0.0000000E+00
  3.5726999E+02  0.0000000E+00
  3.5810001E+02  0.0000000E+00
  3.5892001E+02  0.0000000E+00
  3.5975000E+02  0.0000000E+00
  3.6057999E+02  0.0000000E+00
  3.6141000E+02  0.0000000E+00
  3.6223999E+02  0.0000000E+00
  3.6307999E+02  0.0000000E+00
  3.6392001E+02  0.0000000E+00
  3.6475000E+02  0.0000000E+00
  3.6559000E+02  0.0000000E+00
  3.6644000E+02  0.0000000E+00
  3.6728000E+02  0.0000000E+00
  3.6813000E+02  0.0000000E+00
  3.6898001E+02  0.0000000E+00
  3.6982999E+02  0.0000000E+00
  3.7067999E+02  0.0000000E+00
  3.7154001E+02  0.0000000E+00
  3.7239001E+02  0.0000000E+00
  3.7325000E+02  0.0000000E+00
  3.7410999E+02  0.0000000E+00
  3.7497000E+02  0.0000000E+00
  3.7584000E+02  0.0000000E+00
  3.7670001E+02  0.0000000E+00
  3.7757001E+02  0.0000000E+00
  3.7844000E+02  0.0000000E+00
  3.7931000E+02  0.0000000E+00
  3.8019000E+02  0.0000000E+00
  3.8107001E+02  0.0000000E+00
  3.8194000E+02  0.0000000E+00
  3.8282001E+02  0.0000000E+00
  3.8370999E+02  0.0000000E+00
  3.8459000E+02  0.0000000E+00
  3.8548001E+02  0.0000000E+00
  3.8637000E+02  0.0000000E+00
  3.8726001E+02  0.0000000E+00
  3.8814999E+02  0.0000000E+00
  3.8904999E+02  0.0000000E+00
  3.8994000E+02  0.0000000E+00
  3.9084000E+02  0.0000000E+00
  3.9173999E+02  0.0000000E+00
  3.9264999E+02  0.0000000E+00
  3.9354999E+02  0.0000000E+00
  3.9445999E+02  0.0000000E+00
  3.9537000E+02  0.0000000E+00
  3.9628000E+02  0.0000000E+00
  3.9719000E+02  0.0000000E+00
  3.9810999E+02  0.0000000E+00
  3.9901999E+02  0.0000000E+00
  3.9994000E+02  0.0000000E+00
  4.0087000E+02  0.0000000E+00
  4.0179001E+02  0.0000000E+00
  4.0272000E+02  0.0000000E+00
  4.0364999E+02  0.0000000E+00
  4.0457999E+02  0.0000000E+00
  4.0551001E+02  0.0000000E+00
  4.0644000E+02  0.0000000E+00
  4.0738000E+02  0.0000000E+00
  4.0832001E+02  0.0000000E+00
  4.0926001E+02  0.0000000E+00
  4.1020001E+02  0.0000000E+00
  4.1114999E+02  0.0000000E+00
  4.1210001E+02  0.0000000E+00
  4.1304999E+02  0.0000000E+00
  4.1400000E+02  0.0000000E+00
  4.1495001E+02  0.0000000E+00
  4.1591000E+02  0.0000000E+00
  4.1687000E+02  0.0000000E+00
  4.1782999E+02  0.0000000E+00
  4.1879001E+02  0.0000000E+00
  4.1976001E+02  0.0000000E+00
  4.2073001E+02  0.0000000E+00
  4.2170001E+02  0.0000000E+00
  4.2267001E+02  0.0000000E+00
  4.2364001E+02  0.0000000E+00
  4.2462000E+02  0.0000000E+00
  4.2560001E+02  0.0000000E+00
  4.2657999E+02  0.0000000E+00
  4.2756000E+02  0.0000000E+00
  4.2854999E+02  0.0000000E+00
  4.2954001E+02  0.0000000E+00
  4.3053000E+02  0.0000000E+00
  4.3151999E+02  0.0000000E+00
  4.3251001E+02  0.0000000E+00
  4.3351001E+02  0.0000000E+00
  4.3451001E+02  0.0000000E+00
  4.3551001E+02  0.0000000E+00
  4.3651999E+02  0.0000000E+00
  4.3751999E+02  0.0000000E+00
  4.3853000E+02  0.0000000E+00
  4.3954001E+02  0.0000000E+00
  4.4054999E+02  0.0000000E+00
  4.4157001E+02  0.0000000E+00
  4.4259000E+02  0.0000000E+00
  4.4360999E+02  0.0000000E+00
  4.4463000E+02  0.0000000E+00
  4.4566000E+02  0.0000000E+00
  4.4667999E+02  0.0000000E+00
  4.4770999E+02  0.0000000E+00
  4.4875000E+02  0.0000000E+00
  4.4978000E+02  0.0000000E+00
  4.5082001E+02  0.0000000E+00
  4.5185999E+02  0.0000000E+00
  4.5289999E+02  0.0000000E+00
  4.5394000E+02  0.0000000E+00
  4.5498999E+02  0.0000000E+00
  4.5604001E+02  0.0000000E+00
  4.5709000E+02  0.0000000E+00
  4.5814001E+02  0.0000000E+00
  4.5920001E+02  0.0000000E+00
  4.6026001E+02  0.0000000E+00
  4.6132001E+02  0.0000000E+00
  4.6238000E+02  0.0000000E+00
  4.6345001E+02  0.0000000E+00
  4.6451999E+02  0.0000000E+00
  4.6559000E+02  0.0000000E+00
  4.6666000E+02  0.0000000E+00
  4.6773999E+02  0.0000000E+00
  4.6881000E+02  0.0000000E+00
  4.6989001E+02  0.0000000E+00
  4.7098001E+02  0.0000000E+00
  4.7206000E+02  0.0000000E+00
  4.7314999E+02  0.0000000E+00
  4.7423999E+02  0.0000000E+00
  4.7534000E+02  0.0000000E+00
  4.7642999E+02  0.0000000E+00
  4.7753000E+02  0.0000000E+00
  4.7863000E+02  0.0000000E+00
  4.7973001E+02  0.0000000E+00
  4.8084000E+02  0.0000000E+00
  4.8195001E+02  0.0000000E+00
  4.8306000E+02  0.0000000E+00
  4.8417001E+02  0.0000000E+00
  4.8529001E+02  0.0000000E+00
  4.8641000E+02  0.0000000E+00
  4.8753000E+02  0.0000000E+00
  4.8864999E+02  0.0000000E+00
  4.8978000E+02  0.0000000E+00
  4.9091000E+02  0.0000000E+00
  4.9204001E+02  0.0000000E+00
  4.9317001E+02  0.0000000E+00
  4.9431000E+02  0.0000000E+00
  4.9545001E+02  0.0000000E+00
  4.9659000E+02  0.0000000E+00
  4.9773999E+02  0.0000000E+00
  4.9888000E+02  0.0000000E+00
  5.0003000E+02  0.0000000E+00
  5.0119000E+02  0.0000000E+00
  5.0234000E+02  0.0000000E+00
  5.0350000E+02  0.0000000E+00
  5.0466000E+02  0.0000000E+00
  5.0582001E+02  0.0000000E+00
  5.0698999E+02  0.0000000E+00
  5.0816000E+02  0.0000000E+00
  5.0932999E+02  0.0000000E+00
  5.1050000E+02  0.0000000E+00
  5.1167999E+02  0.0000000E+00
  5.1285999E+02  0.0000000E+00
  5.1403998E+02  0.0000000E+00
  5.1522998E+02  0.0000000E+00
  5.1641998E+02  0.0000000E+00
  5.1760999E+02  0.0000000E+00
  5.1879999E+02  0.0000000E+00
  5.2000000E+02  0.0000000E+00
  5.2119000E+02  0.0000000E+00
  5.2240002E+02  0.0000000E+00
  5.2359998E+02  0.0000000E+00
  5.2481000E+02  0.0000000E+00
  5.2602002E+02  0.0000000E+00
  5.2722998E+02  0.0000000E+00
  5.2845001E+02  0.0000000E+00
  5.2965997E+02  0.0000000E+00
  5.3088000E+02  0.0000000E+00
  5.3210999E+02  0.0000000E+00
  5.3333002E+02  0.0000000E+00
  5.3456000E+02  0.0000000E+00
  5.3579999E+02  0.0000000E+00
  5.3703003E+02  0.0000000E+00
  5.3827002E+02  0.0000000E+00
  5.3951001E+02  0.0000000E+00
  5.4075000E+02  0.0000000E+00
  5.4200000E+02  0.0000000E+00
  5.4325000E+02  0.0000000E+00
  5.4450000E+02  0.0000000E+00
  5.4576001E+02  0.0000000E+00
  5.4702002E+02  0.0000000E+00
  5.4828003E+02  0.0000000E+00
  5.4953998E+02  0.0000000E+00
  5.5081000E+02  0.0000000E+00
  5.5208002E+02  0.0000000E+00
  5.5334998E+02  0.0000000E+00
  5.5463000E+02  0.0000000E+00
  5.5590002E+02  0.0000000E+00
  5.5719000E+02  0.0000000E+00
  5.5846997E+02  0.0000000E+00
  5.5976001E+02  0.0000000E+00
  5.6104999E+02  0.0000000E+00
  5.6234003E+02  0.0000000E+00
  5.6364001E+02  0.0000000E+00
  5.6494000E+02  0.0000000E+00
  5.6623999E+02  0.0000000E+00
  5.6753998E+02  0.0000000E+00
  5.6884998E+02  0.0000000E+00
  5.7015997E+02  0.0000000E+00
  5.7147998E+02  0.0000000E+00
  5.7279999E+02  0.0000000E+00
  5.7412000E+02  0.0000000E+00
  5.7544000E+02  0.0000000E+00
  5.7677002E+02  0.0000000E+00
  5.7809998E+02  0.0000000E+00
  5.7942999E+02  0.0000000E+00
  5.8076001E+02  0.0000000E+00
  5.8209998E+02  0.0000000E+00
  5.8345001E+02  0.0000000E+00
  5.8478998E+02  0.0000000E+00
  5.8614001E+02  0.0000000E+00
  5.8748999E+02  0.0000000E+00
  5.8884003E+02  0.0000000E+00
  5.9020001E+02  0.0000000E+00
  5.9156000E+02  0.0000000E+00
  5.9292999E+02  0.0000000E+00
  5.9428998E+02  0.0000000E+00
  5.9565997E+02  0.0000000E+00
  5.9703998E+02  0.0000000E+00
  5.9840997E+02  0.0000000E+00
  5.9978998E+02  0.0000000E+00
  6.0116998E+02  0.0000000E+00
  6.0256000E+02  0.0000000E+00
  6.0395001E+02  0.0000000E+00
  6.0534003E+02  0.0000000E+00
  6.0673999E+02  0.0000000E+00
  6.0813000E+02  0.0000000E+00
  6.0953998E+02  0.0000000E+00
  6.1094000E+02  0.0000000E+00
  6.1234998E+02  0.0000000E+00
  6.1376001E+02  0.0000000E+00
  6.1517999E+02  0.0000000E+00
  6.1659003E+02  0.0000000E+00
  6.1802002E+02  0.0000000E+00
  6.1944000E+02  0.0000000E+00
  6.2087000E+02  0.0000000E+00
  6.2229999E+02  0.0000000E+00
  6.2372998E+02  0.0000000E+00
  6.2516998E+02  0.0000000E+00
  6.2660999E+02  0.0000000E+00
  6.2806000E+02  0.0000000E+00
  6.2951001E+02  0.0000000E+00
  6.3096002E+02  0.0000000E+00
  6.3240997E+02  0.0000000E+00
  6.3387000E+02  0.0000000E+00
  6.3533002E+02  0.0000000E+00
  6.3679999E+02  0.0000000E+00
  6.3826001E+02  0.0000000E+00
  6.3972998E+02  0.0000000E+00
  6.4121002E+02  0.0000000E+00
  6.4269000E+02  0.0000000E+00
  6.4416998E+02  0.0000000E+00
  6.4565002E+02  0.0000000E+00
  6.4714001E+02  0.0000000E+00
  6.4863000E+02  0.0000000E+00
  6.5013000E+02  0.0000000E+00
  6.5163000E+02  0.0000000E+00
  6.5313000E+02  0.0000000E+00
  6.5464001E+02  0.0000000E+00
  6.5615002E+02  0.0000000E+00
  6.5765997E+02  0.0000000E+00
  6.5916998E+02  0.0000000E+00
  6.6069000E+02  0.0000000E+00
  6.6221997E+02  0.0000000E+00
  6.6373999E+02  0.0000000E+00
  6.6527002E+02  0.0000000E+00
  6.6681000E+02  0.0000000E+00
  6.6834003E+02  0.0000000E+00
  6.6988000E+02  0.0000000E+00
  6.7142999E+02  0.0000000E+00
  6.7297998E+02  0.0000000E+00
  6.7453003E+02  0.0000000E+00
  6.7608002E+02  0.0000000E+00
  6.7764001E+02  0.0000000E+00
  6.7920001E+02  0.0000000E+00
  6.8077002E+02  0.0000000E+00
  6.8234003E+02  0.0000000E+00
  6.8390997E+02  0.0000000E+00
  6.8548999E+02  0.0000000E+00
  6.8707001E+02  0.0000000E+00
  6.8865002E+02  0.0000000E+00
  6.9023999E+02  0.0000000E+00
  6.9183002E+02  0.0000000E+00
  6.9342999E+02  0.0000000E+00
  6.9502002E+02  0.0000000E+00
  6.9663000E+02  0.0000000E+00
  6.9822998E+02  0.0000000E+00
  6.9984003E+02  0.0000000E+00
  7.0146002E+02  0.0000000E+00
  7.0307001E+02  0.0000000E+00
  7.0469000E+02  0.0000000E+00
  7.0632001E+02  0.0000000E+00
  7.0795001E+02  0.0000000E+00
  7.0958002E+02  0.0000000E+00
  7.1121002E+02  0.0000000E+00
  7.1284998E+02  0.0000000E+00
  7.1450000E+02  0.0000000E+00
  7.1614001E+02  0.0000000E+00
  7.1778998E+02  0.0000000E+00
  7.1945001E+02  0.0000000E+00
  7.2110999E+02  0.0000000E+00
  7.2277002E+02  0.0000000E+00
  7.2444000E+02  0.0000000E+00
  7.2610999E+02  0.0000000E+00
  7.2778003E+02  0.0000000E+00
  7.2946002E+02  0.0000000E+00
  7.3114001E+02  0.0000000E+00
  7.3282001E+02  0.0000000E+00
  7.3451001E+02  0.0000000E+00
  7.3621002E+02  0.0000000E+00
  7.3790002E+02  0.0000000E+00
  7.3960999E+02  0.0000000E+00
  7.4131000E+02  0.0000000E+00
  7.4302002E+02  0.0000000E+00
  7.4472998E+02  0.0000000E+00
  7.4645001E+02  0.0000000E+00
  7.4816998E+02  0.0000000E+00
  7.4989001E+02  0.0000000E+00
  7.5162000E+02  0.0000000E+00
  7.5335999E+02  0.0000000E+00
  7.5509003E+02  0.0000000E+00
  7.5683002E+02  0.0000000E+00
  7.5858002E+02  0.0000000E+00
  7.6033002E+02  0.0000000E+00
  7.6208002E+02  0.0000000E+00
  7.6384003E+02  0.0000000E+00
  7.6559998E+02  0.0000000E+00
  7.6735999E+02  0.0000000E+00
  7.6913000E+02  0.0000000E+00
  7.7090002E+02  0.0000000E+00
  7.7267999E+02  0.0000000E+00
  7.7446002E+02  0.0000000E+00
  7.7625000E+02  0.0000000E+00
  7.7803998E+02  0.0000000E+00
  7.7983002E+02  0.0000000E+00
  7.8163000E+02  0.0000000E+00
  7.8342999E+02  0.0000000E+00
  7.8523999E+02  0.0000000E+00
  7.8704999E+02  0.0000000E+00
  7.8885999E+02  0.0000000E+00
  7.9067999E+02  0.0000000E+00
  7.9250000E+02  0.0000000E+00
  7.9433002E+02  0.0000000E+00
  7.9615997E+02  0.0000000E+00
  7.9798999E+02  0.0000000E+00
  7.9983002E+02  0.0000000E+00
  8.0167999E+02  0.0000000E+00
  8.0353003E+02  0.0000000E+00
  8.0538000E+02  0.0000000E+00
  8.0723999E+02  0.0000000E+00
  8.0909998E+02  0.0000000E+00
  8.1096002E+02  0.0000000E+00
  8.1283002E+02  0.0000000E+00
  8.1470001E+02  0.0000000E+00
  8.1658002E+02  0.0000000E+00
  8.1846002E+02  0.0000000E+00
  8.2034998E+02  0.0000000E+00
  8.2223999E+02  0.0000000E+00
  8.2414001E+02  0.0000000E+00
  8.2603998E+02  0.0000000E+00
  8.2794000E+02  0.0000000E+00
  8.2984998E+02  0.0000000E+00
  8.3176001E+02  0.0000000E+00
  8.3367999E+02  0.0000000E+00
  8.3559998E+02  0.0000000E+00
  8.3753003E+02  0.0000000E+00
  8.3946002E+02  0.0000000E+00
  8.4140002E+02  0.0000000E+00
  8.4333002E+02  0.0000000E+00
  8.4528003E+02  0.0000000E+00
  8.4722998E+02  0.0000000E+00
  8.4917999E+02  0.0000000E+00
  8.5114001E+02  0.0000000E+00
  8.5309998E+02  0.0000000E+00
  8.5507001E+02  0.0000000E+00
  8.5703998E+02  0.0000000E+00
  8.5901001E+02  0.0000000E+00
  8.6098999E+02  0.0000000E+00
  8.6297998E+02  0.0000000E+00
  8.6496997E+02  0.0000000E+00
  8.6696002E+02  0.0000000E+00
  8.6896002E+02  0.0000000E+00
  8.7096002E+02  0.0000000E+00
  8.7296997E+02  0.0000000E+00
  8.7497998E+02  0.0000000E+00
  8.7700000E+02  0.0000000E+00
  8.7902002E+02  0.0000000E+00
  8.8104999E+02  0.0000000E+00
  8.8308002E+02  0.0000000E+00
  8.8512000E+02  0.0000000E+00
  8.8715997E+02  0.0000000E+00
  8.8920001E+02  0.0000000E+00
  8.9125000E+02  0.0000000E+00
  8.9331000E+02  0.0000000E+00
  8.9535999E+02  0.0000000E+00
  8.9742999E+02  0.0000000E+00
  8.9950000E+02  0.0000000E+00
  9.0157001E+02  1.7433841E-02
  9.0365002E+02  1.7433841E-02
  9.0572998E+02  5.0838501E-03
  9.0782001E+02  5.0290325E-03
  9.0990997E+02  4.9745385E-03
  9.1201001E+02  1.7047843E-02
  9.1410999E+02  1.7047843E-02
  9.1621997E+02  1.7047843E-02
  9.1833002E+02  1.7047843E-02
  9.2045001E+02  1.7047843E-02
  9.2257001E+02  1.7047843E-02
  9.2470001E+02  2.3729105E-02
  9.2683002E+02  2.3729105E-02
  9.2896997E+02  2.3729105E-02
  9.3110999E+02  2.3729105E-02
  9.3325000E+02  2.3729105E-02
  9.3540997E+02  2.3729105E-02
  9.3756000E+02  2.3729105E-02
  9.3971997E+02  2.3729105E-02
  9.4189001E+02  2.3729105E-02
  9.4406000E+02  2.3729105E-02
  9.4623999E+02  2.3729105E-02
  9.4841998E+02  2.3729105E-02
  9.5059998E+02  2.3729105E-02
  9.5279999E+02  2.3729105E-02
  9.5498999E+02  2.3729105E-02
  9.5719000E+02  2.3729105E-02
  9.5940002E+02  2.3729105E-02
  9.6160999E+02  2.3729105E-02
  9.6383002E+02  2.3729105E-02
  9.6604999E+02  2.5473149E-02
  9.6828003E+02  2.3729105E-02
  9.7051001E+02  2.7065353E-02
  9.7275000E+02  2.3729105E-02
  9.7498999E+02  2.2484275E-02
  9.7723999E+02  2.2484275E-02
  9.7948999E+02  2.0679757E-02
  9.8175000E+02  2.0679757E-02
  9.8401001E+02  2.0679757E-02
  9.8628003E+02  2.2206787E-02
  9.8854999E+02  2.2206787E-02
  9.9083002E+02  2.2206787E-02
  9.9312000E+02  2.2206787E-02
  9.9540997E+02  2.2206787E-02
  9.9770001E+02  2.2206787E-02
  1.0000000E+03  2.2206787E-02
  1.0023100E+03  2.2206787E-02
  1.0046200E+03  2.0852961E-02
  1.0069300E+03  2.2206787E-02
  1.0092500E+03  2.2206787E-02
  1.0115800E+03  2.2484275E-02
  1.0139100E+03  2.2484275E-02
  1.0162500E+03  2.2484275E-02
  1.0185900E+03  2.2508629E-02
  1.0209400E+03  2.2484275E-02
  1.0232900E+03  2.2206787E-02
  1.0256500E+03  2.0852961E-02
  1.0280200E+03  2.0852961E-02
  1.0303900E+03  2.0852961E-02
  1.0327600E+03  2.0852961E-02
  1.0351400E+03  2.0852961E-02
  1.0375300E+03  2.0852961E-02
  1.0399200E+03  2.0852961E-02
  1.0423199E+03  2.0852961E-02
  1.0447200E+03  2.2206787E-02
  1.0471300E+03  2.2206787E-02
  1.0495400E+03  2.2206787E-02
  1.0519600E+03  2.2206787E-02
  1.0543900E+03  2.2206787E-02
  1.0568199E+03  2.2206787E-02
  1.0592500E+03  2.2206787E-02
  1.0617000E+03  2.2206787E-02
  1.0641400E+03  2.2206787E-02
  1.0666000E+03  2.2206787E-02
  1.0690500E+03  2.2206787E-02
  1.0715200E+03  2.0852961E-02
  1.0739900E+03  2.2206787E-02
  1.0764700E+03  2.2508629E-02
  1.0789500E+03  2.3116743E-02
  1.0814301E+03  2.4796300E-02
  1.0839301E+03  2.4796300E-02
  1.0864301E+03  2.3116743E-02
  1.0889301E+03  2.4796300E-02
  1.0914399E+03  2.3116743E-02
  1.0939600E+03  2.3116743E-02
  1.0964800E+03  2.3116743E-02
  1.0990100E+03  2.5966438E-02
  1.1015400E+03  2.5966438E-02
  1.1040800E+03  2.5966438E-02
  1.1066200E+03  2.5966438E-02
  1.1091801E+03  2.5966438E-02
  1.1117300E+03  2.5966438E-02
  1.1142900E+03  2.5966438E-02
  1.1168600E+03  2.3423037E-02
  1.1194399E+03  2.7532918E-02
  1.1220200E+03  3.4278356E-02
  1.1246000E+03  3.6476858E-02
  1.1272000E+03  3.6476858E-02
  1.1298000E+03  3.4278356E-02
  1.1324000E+03  3.4998707E-02
  1.1350100E+03  3.4278356E-02
  1.1376300E+03  3.4278356E-02
  1.1402500E+03  3.4278356E-02
  1.1428800E+03  3.4278356E-02
  1.1455100E+03  3.4278356E-02
  1.1481500E+03  3.3286739E-02
  1.1508000E+03  3.3286739E-02
  1.1534500E+03  3.3286739E-02
  1.1561100E+03  2.9321268E-02
  1.1587800E+03  3.3286739E-02
  1.1614500E+03  3.4998707E-02
  1.1641300E+03  3.4998707E-02
  1.1668101E+03  3.3286739E-02
  1.1695000E+03  3.3286739E-02
  1.1722000E+03  3.4998707E-02
  1.1749000E+03  3.4998707E-02
  1.1776100E+03  3.4998707E-02
  1.1803199E+03  3.4998707E-02
  1.1830400E+03  3.3439972E-02
  1.1857700E+03  3.4998707E-02
  1.1885000E+03  3.3439972E-02
  1.1912400E+03  3.3439972E-02
  1.1939900E+03  3.3286739E-02
  1.1967400E+03  3.3286739E-02
  1.1995000E+03  3.3286739E-02
  1.2022600E+03  3.3286739E-02
  1.2050400E+03  3.3268053E-02
  1.2078101E+03  3.3286739E-02
  1.2106000E+03  3.3286739E-02
  1.2133900E+03  3.3286739E-02
  1.2161899E+03  3.3286739E-02
  1.2189900E+03  3.3286739E-02
  1.2218000E+03  3.3268053E-02
  1.2246200E+03  3.3268053E-02
  1.2274399E+03  3.3268053E-02
  1.2302700E+03  3.3268053E-02
  1.2331000E+03  3.3268053E-02
  1.2359500E+03  3.3268053E-02
  1.2388000E+03  3.2862339E-02
  1.2416500E+03  3.2862339E-02
  1.2445100E+03  3.3268053E-02
  1.2473800E+03  3.3268053E-02
  1.2502600E+03  3.3268053E-02
  1.2531400E+03  3.3439972E-02
  1.2560300E+03  3.3439972E-02
  1.2589301E+03  3.3439972E-02
  1.2618300E+03  3.3439972E-02
  1.2647400E+03  3.3439972E-02
  1.2676500E+03  3.5847094E-02
  1.2705699E+03  3.3439972E-02
  1.2735000E+03  3.2862339E-02
  1.2764399E+03  3.2862339E-02
  1.2793800E+03  3.2862339E-02
  1.2823300E+03  3.2862339E-02
  1.2852900E+03  3.2862339E-02
  1.2882500E+03  3.1926267E-02
  1.2912200E+03  3.2862339E-02
  1.2942000E+03  3.2862339E-02
  1.2971801E+03  3.5847094E-02
  1.3001700E+03  3.2862339E-02
  1.3031700E+03  5.0162315E-02
  1.3061700E+03  5.0162315E-02
  1.3091801E+03  6.9704875E-02
  1.3122000E+03  6.9704875E-02
  1.3152200E+03  6.9704875E-02
  1.3182600E+03  5.0162315E-02
  1.3213000E+03  3.2862339E-02
  1.3243400E+03  3.2862339E-02
  1.3273900E+03  3.2862339E-02
  1.3304500E+03  3.2862339E-02
  1.3335200E+03  5.0162315E-02
  1.3366000E+03  2.3766566E-02
  1.3396801E+03  2.3766566E-02
  1.3427700E+03  2.3766566E-02
  1.3458600E+03  2.3766566E-02
  1.3489600E+03  2.3766566E-02
  1.3520699E+03  2.1199822E-02
  1.3551899E+03  2.1199822E-02
  1.3583101E+03  2.1199822E-02
  1.3614399E+03  1.6884031E-02
  1.3645800E+03  1.8670039E-02
  1.3677300E+03  2.0938968E-02
  1.3708800E+03  1.8670039E-02
  1.3740400E+03  2.0938968E-02
  1.3772100E+03  2.0938968E-02
  1.3803800E+03  2.0938968E-02
  1.3835699E+03  2.0938968E-02
  1.3867600E+03  1.8670039E-02
  1.3899500E+03  1.8670039E-02
  1.3931600E+03  2.0938968E-02
  1.3963700E+03  2.0938968E-02
  1.3995900E+03  1.8670039E-02
  1.4028101E+03  1.7200699E-02
  1.4060500E+03  1.6884031E-02
  1.4092900E+03  1.6884031E-02
  1.4125400E+03  1.6884031E-02
  1.4157900E+03  1.6314715E-02
  1.4190601E+03  1.6314715E-02
  1.4223300E+03  1.4817569E-02
  1.4256100E+03  1.4349082E-02
  1.4288900E+03  1.4349082E-02
  1.4321899E+03  1.4274724E-02
  1.4354900E+03  1.4349082E-02
  1.4388000E+03  1.4349082E-02
  1.4421200E+03  1.4817569E-02
  1.4454399E+03  1.4817569E-02
  1.4487700E+03  1.4349082E-02
  1.4521100E+03  1.4349082E-02
  1.4554600E+03  1.4349082E-02
  1.4588101E+03  1.4274724E-02
  1.4621801E+03  1.4274724E-02
  1.4655500E+03  1.4274724E-02
  1.4689301E+03  1.4132056E-02
  1.4723101E+03  1.4132056E-02
  1.4757100E+03  1.4088813E-02
  1.4791100E+03  1.4088813E-02
  1.4825200E+03  1.3646306E-02
  1.4859399E+03  1.3307651E-02
  1.4893600E+03  1.3169323E-02
  1.4927900E+03  1.2776905E-02
  1.4962400E+03  1.2776905E-02
  1.4996801E+03  1.2025979E-02
  1.5031400E+03  1.1595925E-02
  1.5066100E+03  1.1595925E-02
  1.5100800E+03  1.1552629E-02
  1.5135601E+03  1.1595925E-02
  1.5170500E+03  1.1595925E-02
  1.5205500E+03  1.1595925E-02
  1.5240500E+03  1.1552629E-02
  1.5275699E+03  1.1552629E-02
  1.5310900E+03  1.1538511E-02
  1.5346200E+03  1.1472409E-02
  1.5381500E+03  1.1296243E-02
  1.5417000E+03  1.1210215E-02
  1.5452500E+03  1.1237780E-02
  1.5488199E+03  1.1296243E-02
  1.5523900E+03  1.1296243E-02
  1.5559700E+03  1.1237780E-02
  1.5595500E+03  1.1237780E-02
  1.5631500E+03  1.1237780E-02
  1.5667500E+03  1.1210215E-02
  1.5703600E+03  1.1237780E-02
  1.5739800E+03  1.1237780E-02
  1.5776100E+03  1.1210215E-02
  1.5812500E+03  1.1109993E-02
  1.5848900E+03  1.1157675E-02
  1.5885500E+03  1.0991917E-02
  1.5922100E+03  1.0919048E-02
  1.5958800E+03  1.0919048E-02
  1.5995601E+03  1.1082985E-02
  1.6032500E+03  1.0919048E-02
  1.6069399E+03  1.0919048E-02
  1.6106500E+03  1.0333392E-02
  1.6143600E+03  1.0333392E-02
  1.6180800E+03  1.0281805E-02
  1.6218101E+03  1.0281805E-02
  1.6255500E+03  1.0281805E-02
  1.6293000E+03  1.0333392E-02
  1.6330500E+03  1.0333392E-02
  1.6368199E+03  1.0487258E-02
  1.6405900E+03  1.0487258E-02
  1.6443700E+03  1.0487258E-02
  1.6481600E+03  1.0127349E-02
  1.6519600E+03  1.0350256E-02
  1.6557700E+03  1.0487258E-02
  1.6595900E+03  1.0487258E-02
  1.6634100E+03  1.0350256E-02
  1.6672500E+03  1.0350256E-02
  1.6710900E+03  1.0229048E-02
  1.6749399E+03  8.6411135E-03
  1.6788000E+03  8.6411135E-03
  1.6826700E+03  8.6411135E-03
  1.6865500E+03  8.6411135E-03
  1.6904399E+03  8.6411135E-03
  1.6943400E+03  8.6411135E-03
  1.6982400E+03  9.7594522E-03
  1.7021600E+03  9.7594522E-03
  1.7060800E+03  9.7594522E-03
  1.7100200E+03  9.7594522E-03
  1.7139600E+03  9.7594522E-03
  1.7179100E+03  9.7594522E-03
  1.7218700E+03  9.7594522E-03
  1.7258400E+03  9.8422570E-03
  1.7298199E+03  9.8422570E-03
  1.7338000E+03  9.8422570E-03
  1.7378000E+03  9.8816650E-03
  1.7418101E+03  9.8816650E-03
  1.7458199E+03  9.8816650E-03
  1.7498500E+03  9.8816650E-03
  1.7538800E+03  9.8816650E-03
  1.7579200E+03  9.8816650E-03
  1.7619800E+03  9.8816650E-03
  1.7660400E+03  9.8816650E-03
  1.7701100E+03  9.8422570E-03
  1.7741899E+03  9.8422570E-03
  1.7782800E+03  9.8422570E-03
  1.7823800E+03  9.8422570E-03
  1.7864900E+03  9.8609151E-03
  1.7906100E+03  9.8609151E-03
  1.7947300E+03  9.8609151E-03
  1.7988700E+03  9.8609151E-03
  1.8030200E+03  9.8609151E-03
  1.8071700E+03  9.8609151E-03
  1.8113400E+03  9.2191966E-03
  1.8155200E+03  9.2191966E-03
  1.8197000E+03  9.2191966E-03
  1.8239000E+03  9.0409778E-03
  1.8281000E+03  8.9603476E-03
  1.8323101E+03  8.9603476E-03
  1.8365400E+03  8.9603476E-03
  1.8407700E+03  8.9603476E-03
  1.8450200E+03  8.7997420E-03
  1.8492700E+03  8.7997420E-03
  1.8535300E+03  8.7997420E-03
  1.8578000E+03  8.5213399E-03
  1.8620900E+03  8.5213399E-03
  1.8663800E+03  8.5213399E-03
  1.8706801E+03  8.6308392E-03
  1.8749900E+03  8.6308392E-03
  1.8793199E+03  8.6308392E-03
  1.8836500E+03  8.4002847E-03
  1.8879900E+03  8.3669582E-03
  1.8923400E+03  8.4002847E-03
  1.8967100E+03  8.4002847E-03
  1.9010800E+03  8.4002847E-03
  1.9054600E+03  8.3669582E-03
  1.9098500E+03  8.3456542E-03
  1.9142600E+03  8.2647437E-03
  1.9186700E+03  8.2647437E-03
  1.9230900E+03  8.3456542E-03
  1.9275200E+03  8.2647437E-03
  1.9319700E+03  8.2452213E-03
  1.9364200E+03  8.0780433E-03
  1.9408900E+03  8.0780433E-03
  1.9453600E+03  8.0780433E-03
  1.9498400E+03  7.8581823E-03
  1.9543400E+03  7.8491708E-03
  1.9588400E+03  7.8491708E-03
  1.9633600E+03  7.7422620E-03
  1.9678900E+03  7.7422620E-03
  1.9724200E+03  7.7422620E-03
  1.9769700E+03  7.7105472E-03
  1.9815300E+03  7.5301500E-03
  1.9860900E+03  7.4826083E-03
  1.9906700E+03  7.4380608E-03
  1.9952600E+03  7.4380608E-03
  1.9998600E+03  7.4074338E-03
  2.0044700E+03  7.3802178E-03
  2.0090900E+03  7.3002623E-03
  2.0137200E+03  7.3002623E-03
  2.0183700E+03  7.3026312E-03
  2.0230200E+03  7.3002623E-03
  2.0276801E+03  7.3002623E-03
  2.0323600E+03  7.0726583E-03
  2.0370400E+03  7.0040436E-03
  2.0417400E+03  7.0040436E-03
  2.0464399E+03  6.9607287E-03
  2.0511599E+03  7.0460727E-03
  2.0558899E+03  7.0040436E-03
  2.0606299E+03  7.0460727E-03
  2.0653799E+03  7.0026247E-03
  2.0701399E+03  7.0026247E-03
  2.0749099E+03  6.9607287E-03
  2.0797000E+03  6.9166869E-03
  2.0844900E+03  6.9104470E-03
  2.0893000E+03  6.9166869E-03
  2.0941101E+03  6.9104470E-03
  2.0989399E+03  6.8424856E-03
  2.1037800E+03  6.8424856E-03
  2.1086299E+03  6.8400069E-03
  2.1134900E+03  6.8092849E-03
  2.1183601E+03  6.8092849E-03
  2.1232400E+03  6.7360103E-03
  2.1281399E+03  6.7360103E-03
  2.1330400E+03  6.6998643E-03
  2.1379600E+03  6.6998643E-03
  2.1428899E+03  6.8400069E-03
  2.1478301E+03  6.5572094E-03
  2.1527800E+03  6.5427506E-03
  2.1577400E+03  6.5427506E-03
  2.1627200E+03  6.1932318E-03
  2.1677000E+03  6.1932318E-03
  2.1727000E+03  5.9536379E-03
  2.1777100E+03  5.9536379E-03
  2.1827300E+03  5.8788015E-03
  2.1877600E+03  5.8788015E-03
  2.1928000E+03  5.8788015E-03
  2.1978601E+03  5.8788015E-03
  2.2029299E+03  5.9272484E-03
  2.2080000E+03  5.9272484E-03
  2.2130901E+03  5.9536379E-03
  2.2182000E+03  5.9924093E-03
  2.2233101E+03  5.9768003E-03
  2.2284399E+03  5.9768003E-03
  2.2335701E+03  5.9768003E-03
  2.2387200E+03  5.9768003E-03
  2.2438799E+03  5.9272484E-03
  2.2490500E+03  5.9189633E-03
  2.2542400E+03  5.9189633E-03
  2.2594399E+03  5.7683792E-03
  2.2646399E+03  5.6948205E-03
  2.2698601E+03  5.6948205E-03
  2.2751001E+03  5.6226170E-03
  2.2803401E+03  5.6226170E-03
  2.2856001E+03  5.6226170E-03
  2.2908701E+03  5.5511212E-03
  2.2961499E+03  5.4761800E-03
  2.3014399E+03  5.2592945E-03
  2.3067500E+03  5.2592945E-03
  2.3120601E+03  5.2592945E-03
  2.3173899E+03  5.2521965E-03
  2.3227400E+03  5.2310294E-03
  2.3280901E+03  5.2310294E-03
  2.3334600E+03  5.2117440E-03
  2.3388401E+03  5.2117440E-03
  2.3442300E+03  5.2104481E-03
  2.3496299E+03  5.1952815E-03
  2.3550500E+03  5.1952815E-03
  2.3604800E+03  5.1767845E-03
  2.3659199E+03  5.1671164E-03
  2.3713701E+03  5.1671164E-03
  2.3768401E+03  5.1671164E-03
  2.3823201E+03  5.0398777E-03
  2.3878101E+03  4.9908306E-03
  2.3933201E+03  4.9908306E-03
  2.3988301E+03  4.9908306E-03
  2.4043601E+03  4.9771965E-03
  2.4099099E+03  4.9284371E-03
  2.4154600E+03  4.8911357E-03
  2.4210300E+03  4.8739035E-03
  2.4266101E+03  4.8591057E-03
  2.4322000E+03  4.8283241E-03
  2.4378101E+03  4.7989096E-03
  2.4434299E+03  4.7882358E-03
  2.4490601E+03  4.7989096E-03
  2.4547100E+03  4.7882358E-03
  2.4603701E+03  4.7834385E-03
  2.4660400E+03  4.7240737E-03
  2.4717200E+03  4.7215121E-03
  2.4774199E+03  4.7215121E-03
  2.4831299E+03  4.6801185E-03
  2.4888601E+03  4.6680686E-03
  2.4945901E+03  4.6571544E-03
  2.5003501E+03  4.6028118E-03
  2.5061101E+03  4.5660799E-03
  2.5118899E+03  4.5384951E-03
  2.5176799E+03  4.5384951E-03
  2.5234800E+03  4.5210179E-03
  2.5293000E+03  4.5210179E-03
  2.5351299E+03  4.5172893E-03
  2.5409700E+03  4.5027607E-03
  2.5468301E+03  4.4850027E-03
  2.5527000E+03  4.4767917E-03
  2.5585901E+03  4.4432506E-03
  2.5644800E+03  4.3998980E-03
  2.5703899E+03  4.3644211E-03
  2.5763201E+03  4.3548290E-03
  2.5822600E+03  4.3814345E-03
  2.5882100E+03  4.3591675E-03
  2.5941799E+03  4.3514045E-03
  2.6001599E+03  4.3591675E-03
  2.6061499E+03  4.3532276E-03
  2.6121599E+03  4.3375590E-03
  2.6181799E+03  4.3232883E-03
  2.6242200E+03  4.3157828E-03
  2.6302700E+03  4.3157828E-03
  2.6363301E+03  4.2795814E-03
  2.6424099E+03  4.3157828E-03
  2.6485000E+03  4.3115537E-03
  2.6546101E+03  4.2713033E-03
  2.6607200E+03  4.2795814E-03
  2.6668601E+03  4.2486279E-03
  2.6730100E+03  4.2486279E-03
  2.6791699E+03  4.2457902E-03
  2.6853401E+03  4.2216070E-03
  2.6915300E+03  4.2216070E-03
  2.6977400E+03  4.1998154E-03
  2.7039600E+03  4.1537299E-03
  2.7101899E+03  4.1397386E-03
  2.7164399E+03  4.1397386E-03
  2.7227000E+03  4.1159019E-03
  2.7289800E+03  4.1159019E-03
  2.7352700E+03  4.1159019E-03
  2.7415701E+03  4.1145463E-03
  2.7478899E+03  4.0769251E-03
  2.7542300E+03  4.1087545E-03
  2.7605801E+03  4.1087545E-03
  2.7669399E+03  4.1145463E-03
  2.7733201E+03  4.1087545E-03
  2.7797100E+03  4.1145463E-03
  2.7861201E+03  4.1087545E-03
  2.7925400E+03  4.0890449E-03
  2.7989800E+03  4.1087545E-03
  2.8054299E+03  4.1145463E-03
  2.8118999E+03  4.1145463E-03
  2.8183799E+03  4.1145463E-03
  2.8248799E+03  4.1145463E-03
  2.8313899E+03  4.1087545E-03
  2.8379199E+03  4.1087545E-03
  2.8444600E+03  4.1087545E-03
  2.8510200E+03  4.0890449E-03
  2.8575901E+03  4.0890449E-03
  2.8641799E+03  4.0890449E-03
  2.8707800E+03  4.0890449E-03
  2.8773999E+03  4.0890449E-03
  2.8840300E+03  4.1202921E-03
  2.8906799E+03  4.0890449E-03
  2.8973401E+03  4.0664016E-03
  2.9040200E+03  4.0227864E-03
  2.9107200E+03  4.0227864E-03
  2.9174299E+03  3.9604800E-03
  2.9241499E+03  3.9604800E-03
  2.9308899E+03  3.9604800E-03
  2.9376499E+03  3.9604800E-03
  2.9444199E+03  3.9673932E-03
  2.9512100E+03  3.9673932E-03
  2.9580100E+03  3.9604800E-03
  2.9648301E+03  3.9238087E-03
  2.9716699E+03  3.9103962E-03
  2.9785200E+03  3.9103962E-03
  2.9853799E+03  3.9103962E-03
  2.9922600E+03  3.9047138E-03
  2.9991599E+03  3.9047138E-03
  3.0060801E+03  3.9047138E-03
  3.0130100E+03  3.8760651E-03
  3.0199500E+03  3.8605500E-03
  3.0269099E+03  3.8408753E-03
  3.0338899E+03  3.8408753E-03
  3.0408899E+03  3.8274862E-03
  3.0478899E+03  3.8138987E-03
  3.0549199E+03  3.7959309E-03
  3.0619600E+03  3.8138987E-03
  3.0690200E+03  3.8138987E-03
  3.0761001E+03  3.8274862E-03
  3.0831899E+03  3.7825343E-03
  3.0903000E+03  3.7809564E-03
  3.0974199E+03  3.7809564E-03
  3.1045601E+03  3.7770458E-03
  3.1117200E+03  3.7689554E-03
  3.1188899E+03  3.7689554E-03
  3.1260801E+03  3.7689554E-03
  3.1332800E+03  3.7619909E-03
  3.1405100E+03  3.7689554E-03
  3.1477500E+03  3.7721908E-03
  3.1550000E+03  3.7809564E-03
  3.1622800E+03  3.8166279E-03
  3.1695701E+03  3.7870887E-03
  3.1768701E+03  3.7809564E-03
  3.1842000E+03  3.7870887E-03
  3.1915400E+03  3.7870887E-03
  3.1988899E+03  3.7721908E-03
  3.2062700E+03  3.7721908E-03
  3.2136599E+03  3.7721908E-03
  3.2210701E+03  3.7708739E-03
  3.2284900E+03  3.7568852E-03
  3.2359399E+03  3.7568852E-03
  3.2433999E+03  3.7568852E-03
  3.2508701E+03  3.7652040E-03
  3.2583701E+03  3.7617928E-03
  3.2658799E+03  3.7652040E-03
  3.2734099E+03  3.7716855E-03
  3.2809500E+03  3.7808735E-03
  3.2885200E+03  3.8100148E-03
  3.2961001E+03  3.7905977E-03
  3.3036899E+03  3.8100148E-03
  3.3113101E+03  3.8156495E-03
  3.3189399E+03  3.8156495E-03
  3.3265901E+03  3.8226082E-03
  3.3342600E+03  3.8226082E-03
  3.3419500E+03  3.8226082E-03
  3.3496499E+03  3.8281062E-03
  3.3573799E+03  3.8281062E-03
  3.3651201E+03  3.8226082E-03
  3.3728701E+03  3.8281062E-03
  3.3806499E+03  3.8226082E-03
  3.3884399E+03  3.7869099E-03
  3.3962500E+03  3.8130572E-03
  3.4040801E+03  3.8130572E-03
  3.4119299E+03  3.8038890E-03
  3.4197900E+03  3.8214396E-03
  3.4276799E+03  3.8281062E-03
  3.4355801E+03  3.8345696E-03
  3.4435000E+03  3.8359636E-03
  3.4514399E+03  3.8567984E-03
  3.4593899E+03  3.8567984E-03
  3.4673701E+03  3.8733361E-03
  3.4753601E+03  3.8808174E-03
  3.4833701E+03  3.8808174E-03
  3.4913999E+03  3.8945044E-03
  3.4994500E+03  3.8945044E-03
  3.5075200E+03  3.8952911E-03
  3.5156001E+03  3.8945044E-03
  3.5237100E+03  3.8958280E-03
  3.5318301E+03  3.8958280E-03
  3.5399700E+03  3.8945044E-03
  3.5481299E+03  3.8945044E-03
  3.5563101E+03  3.8945044E-03
  3.5645100E+03  3.8780617E-03
  3.5727300E+03  3.8780617E-03
  3.5809600E+03  3.8780617E-03
  3.5892200E+03  4.0321858E-03
  3.5974900E+03  4.0689269E-03
  3.6057900E+03  4.0689269E-03
  3.6141001E+03  3.9532417E-03
  3.6224299E+03  4.0689269E-03
  3.6307800E+03  4.0689269E-03
  3.6391499E+03  4.0689269E-03
  3.6475400E+03  4.0689269E-03
  3.6559500E+03  4.0689269E-03
  3.6643701E+03  4.0689269E-03
  3.6728201E+03  4.1235620E-03
  3.6812900E+03  4.1235620E-03
  3.6897800E+03  4.2360420E-03
  3.6982800E+03  4.1235620E-03
  3.7068101E+03  4.2736535E-03
  3.7153501E+03  4.2736535E-03
  3.7239199E+03  4.2360420E-03
  3.7325000E+03  4.2736535E-03
  3.7411101E+03  4.4376631E-03
  3.7497300E+03  4.4376631E-03
  3.7583701E+03  4.4882172E-03
  3.7670400E+03  4.4882172E-03
  3.7757200E+03  4.4882172E-03
  3.7844199E+03  4.4569387E-03
  3.7931499E+03  4.4569387E-03
  3.8018899E+03  4.4922130E-03
  3.8106599E+03  4.4569387E-03
  3.8194399E+03  4.4569387E-03
  3.8282500E+03  4.4922130E-03
  3.8370701E+03  4.5104795E-03
  3.8459199E+03  4.5695757E-03
  3.8547800E+03  4.6365932E-03
  3.8636699E+03  4.6868268E-03
  3.8725701E+03  4.6989918E-03
  3.8815000E+03  4.7010612E-03
  3.8904500E+03  4.7773579E-03
  3.8994199E+03  4.7921962E-03
  3.9084099E+03  4.7921962E-03
  3.9174199E+03  4.8545967E-03
  3.9264500E+03  4.8545967E-03
  3.9355000E+03  4.7921962E-03
  3.9445701E+03  4.8180716E-03
  3.9536699E+03  4.8545967E-03
  3.9627800E+03  4.8583345E-03
  3.9719199E+03  4.8545967E-03
  3.9810701E+03  4.8866137E-03
  3.9902500E+03  4.8597646E-03
  3.9994500E+03  4.8180716E-03
  4.0086699E+03  4.8180716E-03
  4.0179099E+03  4.8180716E-03
  4.0271699E+03  4.8597646E-03
  4.0364500E+03  5.0481018E-03
  4.0457600E+03  5.0202771E-03
  4.0550901E+03  5.0481018E-03
  4.0644299E+03  5.0479686E-03
  4.0738000E+03  5.0481018E-03
  4.0831899E+03  5.0479686E-03
  4.0926101E+03  5.0202771E-03
  4.1020400E+03  5.0202771E-03
  4.1115000E+03  5.0041364E-03
  4.1209800E+03  5.0202771E-03
  4.1304702E+03  5.0034276E-03
  4.1400000E+03  5.0041364E-03
  4.1495400E+03  5.0803628E-03
  4.1591099E+03  5.0803628E-03
  4.1686899E+03  5.0803628E-03
  4.1782998E+03  5.0867228E-03
  4.1879399E+03  5.1052878E-03
  4.1975898E+03  5.1634870E-03
  4.2072598E+03  5.1634870E-03
  4.2169600E+03  5.1052878E-03
  4.2266899E+03  5.1744459E-03
  4.2364302E+03  5.1972070E-03
  4.2462002E+03  5.2045849E-03
  4.2559800E+03  5.2045849E-03
  4.2657900E+03  5.2539385E-03
  4.2756299E+03  5.2778688E-03
  4.2854800E+03  5.2524069E-03
  4.2953599E+03  5.2304897E-03
  4.3052598E+03  5.2220370E-03
  4.3151899E+03  5.2524069E-03
  4.3251401E+03  5.2304897E-03
  4.3351099E+03  5.2304897E-03
  4.3451001E+03  5.2220370E-03
  4.3551201E+03  5.2304897E-03
  4.3651602E+03  5.2304897E-03
  4.3752202E+03  5.2304897E-03
  4.3853101E+03  5.2283681E-03
  4.3954199E+03  5.1235235E-03
  4.4055498E+03  5.2852626E-03
  4.4157002E+03  5.2283681E-03
  4.4258799E+03  5.1488355E-03
  4.4360801E+03  5.2107912E-03
  4.4463101E+03  5.2517494E-03
  4.4565601E+03  5.2174153E-03
  4.4668301E+03  5.2429405E-03
  4.4771299E+03  5.2429405E-03
  4.4874502E+03  5.2429405E-03
  4.4977998E+03  5.2248533E-03
  4.5081699E+03  5.2248533E-03
  4.5185601E+03  5.2248533E-03
  4.5289702E+03  5.2429405E-03
  4.5394102E+03  5.2248533E-03
  4.5498799E+03  5.2248533E-03
  4.5603701E+03  5.2404860E-03
  4.5708799E+03  5.2404860E-03
  4.5814199E+03  5.3937542E-03
  4.5919800E+03  5.4243128E-03
  4.6025601E+03  5.3425739E-03
  4.6131802E+03  5.4243128E-03
  4.6238101E+03  5.4243128E-03
  4.6344702E+03  5.3257095E-03
  4.6451499E+03  5.3257095E-03
  4.6558599E+03  5.2959071E-03
  4.6665898E+03  5.2959071E-03
  4.6773501E+03  5.2009458E-03
  4.6881299E+03  5.1801419E-03
  4.6989399E+03  5.1541808E-03
  4.7097700E+03  5.1541808E-03
  4.7206299E+03  5.1317262E-03
  4.7315098E+03  5.1801419E-03
  4.7424199E+03  5.2269045E-03
  4.7533501E+03  5.1317262E-03
  4.7643101E+03  5.1665436E-03
  4.7752900E+03  5.2122246E-03
  4.7862998E+03  5.2122246E-03
  4.7973301E+03  5.2122246E-03
  4.8083901E+03  5.2122246E-03
  4.8194800E+03  5.2108830E-03
  4.8305898E+03  5.1935278E-03
  4.8417202E+03  5.1921876E-03
  4.8528799E+03  5.1935278E-03
  4.8640698E+03  5.1935278E-03
  4.8752798E+03  5.1921876E-03
  4.8865200E+03  5.1879366E-03
  4.8977900E+03  5.1849755E-03
  4.9090801E+03  5.1783761E-03
  4.9203901E+03  5.1783761E-03
  4.9317402E+03  5.1694713E-03
  4.9431099E+03  5.1694713E-03
  4.9545000E+03  5.1414268E-03
  4.9659199E+03  5.1414268E-03
  4.9773701E+03  5.1365998E-03
  4.9888398E+03  5.1370510E-03
  5.0003398E+03  5.0971578E-03
  5.0118701E+03  5.0598020E-03
  5.0234302E+03  4.9560545E-03
  5.0350000E+03  4.9454058E-03
  5.0466099E+03  4.9105934E-03
  5.0582500E+03  4.9181501E-03
  5.0699102E+03  4.9099652E-03
  5.0815898E+03  4.9008066E-03
  5.0933101E+03  4.8941523E-03
  5.1050498E+03  4.9008066E-03
  5.1168198E+03  4.9099652E-03
  5.1286099E+03  4.9105934E-03
  5.1404399E+03  4.8941523E-03
  5.1522900E+03  4.9072704E-03
  5.1641602E+03  4.8841997E-03
  5.1760698E+03  4.8989020E-03
  5.1880000E+03  4.8989020E-03
  5.1999600E+03  4.8784064E-03
  5.2119502E+03  4.8342994E-03
  5.2239600E+03  4.8329411E-03
  5.2360000E+03  4.8276563E-03
  5.2480698E+03  4.8329411E-03
  5.2601699E+03  4.8044822E-03
  5.2722998E+03  4.8006224E-03
  5.2844502E+03  4.8005302E-03
  5.2966299E+03  4.8005302E-03
  5.3088398E+03  4.7839084E-03
  5.3210801E+03  4.7839084E-03
  5.3333501E+03  4.7839084E-03
  5.3456401E+03  4.7683469E-03
  5.3579600E+03  4.7662924E-03
  5.3703198E+03  4.7128159E-03
  5.3827002E+03  4.6998821E-03
  5.3951001E+03  4.7001089E-03
  5.4075400E+03  4.6998821E-03
  5.4200098E+03  4.6819095E-03
  5.4325000E+03  4.6819095E-03
  5.4450200E+03  4.6998821E-03
  5.4575801E+03  4.6819095E-03
  5.4701602E+03  4.6819095E-03
  5.4827700E+03  4.6574101E-03
  5.4954102E+03  4.6598241E-03
  5.5080801E+03  4.6574101E-03
  5.5207700E+03  4.6598241E-03
  5.5335000E+03  4.6598241E-03
  5.5462598E+03  4.6598241E-03
  5.5590400E+03  4.6598241E-03
  5.5718501E+03  4.8029367E-03
  5.5847002E+03  4.8029367E-03
  5.5975698E+03  4.8029367E-03
  5.6104800E+03  4.8029367E-03
  5.6234102E+03  4.7058742E-03
  5.6363799E+03  4.6799234E-03
  5.6493701E+03  4.6799234E-03
  5.6623901E+03  4.6799234E-03
  5.6754502E+03  4.5481026E-03
  5.6885298E+03  4.7625969E-03
  5.7016401E+03  4.6172985E-03
  5.7147900E+03  4.6172985E-03
  5.7279600E+03  4.7371336E-03
  5.7411602E+03  4.7371336E-03
  5.7543999E+03  4.6172985E-03
  5.7676602E+03  4.7371336E-03
  5.7809600E+03  4.6172985E-03
  5.7942900E+03  4.5181029E-03
  5.8076401E+03  4.6093157E-03
  5.8210298E+03  4.4981232E-03
  5.8344502E+03  4.4329688E-03
  5.8478999E+03  4.4400510E-03
  5.8613799E+03  4.5194277E-03
  5.8748901E+03  4.5446679E-03
  5.8884399E+03  4.5484644E-03
  5.9020098E+03  4.5484644E-03
  5.9156099E+03  4.5446679E-03
  5.9292500E+03  4.5439024E-03
  5.9429199E+03  4.5446679E-03
  5.9566201E+03  4.5439024E-03
  5.9703501E+03  4.4458979E-03
  5.9841201E+03  4.4180588E-03
  5.9979102E+03  4.3652602E-03
  6.0117300E+03  4.3651280E-03
  6.0256001E+03  4.3611401E-03
  6.0394800E+03  4.3611401E-03
  6.0534102E+03  4.3599410E-03
  6.0673599E+03  4.3599410E-03
  6.0813501E+03  4.3404535E-03
  6.0953701E+03  4.3404535E-03
  6.1094199E+03  4.3615615E-03
  6.1235000E+03  4.3615615E-03
  6.1376201E+03  4.3615615E-03
  6.1517700E+03  4.3909871E-03
  6.1659502E+03  4.3497039E-03
  6.1801602E+03  4.3497039E-03
  6.1944102E+03  4.3615615E-03
  6.2086899E+03  4.3497039E-03
  6.2230000E+03  4.3717376E-03
  6.2373501E+03  4.3394598E-03
  6.2517300E+03  4.3394598E-03
  6.2661401E+03  4.3435949E-03
  6.2805801E+03  4.3435949E-03
  6.2950601E+03  4.3435949E-03
  6.3095698E+03  4.0531429E-03
  6.3241201E+03  4.0791435E-03
  6.3386899E+03  4.0857596E-03
  6.3533101E+03  4.0764529E-03
  6.3679502E+03  4.5321533E-03
  6.3826299E+03  4.3438766E-03
  6.3973501E+03  4.4898042E-03
  6.4120898E+03  4.4898042E-03
  6.4268799E+03  4.4898042E-03
  6.4416899E+03  4.4898042E-03
  6.4565400E+03  4.0380247E-03
  6.4714199E+03  4.3438766E-03
  6.4863398E+03  3.9601559E-03
  6.5012998E+03  3.9913845E-03
  6.5162798E+03  4.0166364E-03
  6.5312998E+03  3.9840727E-03
  6.5463599E+03  3.8533001E-03
  6.5614502E+03  3.6198338E-03
  6.5765801E+03  3.6117411E-03
  6.5917402E+03  4.2987177E-03
  6.6069302E+03  4.2662434E-03
  6.6221602E+03  4.2662434E-03
  6.6374302E+03  4.2662434E-03
  6.6527300E+03  4.2662434E-03
  6.6680698E+03  4.2662434E-03
  6.6834399E+03  3.9334707E-03
  6.6988501E+03  3.9334707E-03
  6.7142900E+03  3.7849480E-03
  6.7297598E+03  3.8393091E-03
  6.7452798E+03  3.7913448E-03
  6.7608301E+03  3.7915572E-03
  6.7764102E+03  3.7644659E-03
  6.7920400E+03  3.7559737E-03
  6.8076899E+03  3.7614706E-03
  6.8233799E+03  3.7644659E-03
  6.8391099E+03  3.7644659E-03
  6.8548799E+03  3.7644659E-03
  6.8706802E+03  3.7464944E-03
  6.8865200E+03  3.7663430E-03
  6.9023999E+03  3.5338011E-03
  6.9183101E+03  3.7400008E-03
  6.9342598E+03  3.7160739E-03
  6.9502402E+03  3.6934922E-03
  6.9662598E+03  3.8669005E-03
  6.9823198E+03  3.8669005E-03
  6.9984199E+03  3.6739265E-03
  7.0145498E+03  3.6372179E-03
  7.0307202E+03  3.6653827E-03
  7.0469302E+03  3.6463386E-03
  7.0631802E+03  3.5926895E-03
  7.0794600E+03  3.5294832E-03
  7.0957700E+03  3.4729806E-03
  7.1121401E+03  3.4293649E-03
  7.1285298E+03  3.3771317E-03
  7.1449600E+03  3.3574409E-03
  7.1614302E+03  3.3622696E-03
  7.1779399E+03  3.3512332E-03
  7.1944902E+03  3.3367856E-03
  7.2110698E+03  3.3854330E-03
  7.2277002E+03  3.4301691E-03
  7.2443599E+03  3.4333642E-03
  7.2610601E+03  3.4284671E-03
  7.2777998E+03  3.4047945E-03
  7.2945698E+03  3.3894831E-03
  7.3113901E+03  3.4454693E-03
  7.3282500E+03  3.4387344E-03
  7.3451401E+03  3.4418772E-03
  7.3620698E+03  3.4946629E-03
  7.3790400E+03  3.4787776E-03
  7.3960498E+03  3.4237893E-03
  7.4131001E+03  3.4435668E-03
  7.4301899E+03  3.4907323E-03
  7.4473198E+03  3.4754886E-03
  7.4644902E+03  3.5001158E-03
  7.4816899E+03  3.4936117E-03
  7.4989399E+03  3.4983484E-03
  7.5162300E+03  3.5263186E-03
  7.5335498E+03  3.5452675E-03
  7.5509199E+03  3.5537283E-03
  7.5683301E+03  3.5208019E-03
  7.5857700E+03  3.4625139E-03
  7.6032598E+03  3.4283919E-03
  7.6207900E+03  3.4002834E-03
  7.6383599E+03  3.3543862E-03
  7.6559600E+03  3.2820648E-03
  7.6736099E+03  3.2248173E-03
  7.6912998E+03  3.2810739E-03
  7.7090298E+03  3.2167917E-03
  7.7268101E+03  3.2246260E-03
  7.7446201E+03  3.2073769E-03
  7.7624702E+03  3.2119935E-03
  7.7803599E+03  3.2310495E-03
  7.7982998E+03  3.2369243E-03
  7.8162798E+03  3.2245943E-03
  7.8342900E+03  3.2061799E-03
  7.8523599E+03  3.1776580E-03
  7.8704600E+03  3.1693198E-03
  7.8886001E+03  3.1166284E-03
  7.9067900E+03  3.2913282E-03
  7.9250098E+03  3.2913282E-03
  7.9432798E+03  3.2913282E-03
  7.9615898E+03  3.2913282E-03
  7.9799502E+03  3.1037917E-03
  7.9983398E+03  3.1255896E-03
  8.0167798E+03  3.1409862E-03
  8.0352598E+03  3.1253768E-03
  8.0537798E+03  3.1388435E-03
  8.0723501E+03  3.1595046E-03
  8.0909600E+03  3.1595046E-03
  8.1096099E+03  3.1595046E-03
  8.1282998E+03  3.1595046E-03
  8.1470400E+03  3.1412845E-03
  8.1658198E+03  3.1461807E-03
  8.1846499E+03  3.0822712E-03
  8.2035098E+03  3.0542999E-03
  8.2224297E+03  3.0523019E-03
  8.2413799E+03  3.0539411E-03
  8.2603799E+03  3.0615034E-03
  8.2794199E+03  2.9710825E-03
  8.2985098E+03  3.0381870E-03
  8.3176299E+03  3.0381870E-03
  8.3368096E+03  3.0381870E-03
  8.3560303E+03  3.0381870E-03
  8.3752900E+03  2.9710825E-03
  8.3945996E+03  2.7762728E-03
  8.4139502E+03  2.8118538E-03
  8.4333496E+03  2.8118538E-03
  8.4527900E+03  2.8118538E-03
  8.4722695E+03  2.8118538E-03
  8.4917998E+03  2.8118538E-03
  8.5113799E+03  2.7544559E-03
  8.5310000E+03  2.8548660E-03
  8.5506699E+03  2.6515676E-03
  8.5703799E+03  2.9055683E-03
  8.5901396E+03  3.0162719E-03
  8.6099404E+03  3.0127503E-03
  8.6297803E+03  3.0127503E-03
  8.6496699E+03  3.0127503E-03
  8.6696201E+03  2.9728722E-03
  8.6895996E+03  2.8476375E-03
  8.7096299E+03  3.1277505E-03
  8.7297100E+03  2.9025343E-03
  8.7498398E+03  2.7767804E-03
  8.7700000E+03  3.1277505E-03
  8.7902305E+03  3.1277505E-03
  8.8104902E+03  2.8568287E-03
  8.8307998E+03  2.9055476E-03
  8.8511504E+03  2.8531910E-03
  8.8715596E+03  2.7526177E-03
  8.8920098E+03  2.7821865E-03
  8.9125098E+03  2.8519179E-03
  8.9330498E+03  2.8223640E-03
  8.9536504E+03  2.8392940E-03
  8.9742803E+03  2.8271107E-03
  8.9949805E+03  2.7751650E-03
  9.0157100E+03  2.7034429E-03
  9.0364902E+03  2.8024593E-03
  9.0573301E+03  2.6060599E-03
  9.0782002E+03  2.8272364E-03
  9.0991299E+03  2.7925307E-03
  9.1200996E+03  2.8258755E-03
  9.1411299E+03  2.8372200E-03
  9.1622002E+03  2.8197684E-03
  9.1833203E+03  2.8142212E-03
  9.2045000E+03  2.7145208E-03
  9.2257100E+03  2.6116169E-03
  9.2469805E+03  2.6325076E-03
  9.2682998E+03  2.6916445E-03
  9.2896602E+03  2.7050402E-03
  9.3110801E+03  2.6875192E-03
  9.3325400E+03  2.6939700E-03
  9.3540596E+03  2.6712713E-03
  9.3756201E+03  2.6657279E-03
  9.3972305E+03  2.6622764E-03
  9.4189004E+03  2.6463671E-03
  9.4406104E+03  2.6332433E-03
  9.4623701E+03  2.6381831E-03
  9.4841797E+03  2.6607132E-03
  9.5060498E+03  2.6286603E-03
  9.5279600E+03  2.6212232E-03
  9.5499199E+03  2.5128676E-03
  9.5719404E+03  2.6030315E-03
  9.5940000E+03  2.6306468E-03
  9.6161201E+03  2.6168509E-03
  9.6382900E+03  2.6012715E-03
  9.6605098E+03  2.5775817E-03
  9.6827695E+03  2.5931685E-03
  9.7050996E+03  2.5849759E-03
  9.7274697E+03  2.5594358E-03
  9.7498896E+03  2.5183365E-03
  9.7723701E+03  2.5457588E-03
  9.7949004E+03  2.5234777E-03
  9.8174805E+03  2.5701777E-03
  9.8401104E+03  2.5572842E-03
  9.8627900E+03  2.5245973E-03
  9.8855303E+03  2.5046098E-03
  9.9083203E+03  2.4991268E-03
  9.9311602E+03  2.5237021E-03
  9.9540498E+03  2.5198285E-03
  9.9770000E+03  2.5166890E-03
  1.0000000E+04  2.5005129E-03
  1.0000000E+04  2.5005129E-03
  1.0115800E+04  2.4325321E-03
  1.0232940E+04  2.3907914E-03
  1.0351420E+04  2.3656006E-03
  1.0471290E+04  2.3200321E-03
  1.0592540E+04  2.1984742E-03
  1.0715200E+04  2.1537722E-03
  1.0839270E+04  2.2184472E-03
  1.0964780E+04  2.1270579E-03
  1.1091750E+04  2.0014825E-03
  1.1220190E+04  1.8489822E-03
  1.1350100E+04  1.9354864E-03
  1.1481540E+04  1.7468187E-03
  1.1614490E+04  1.7444191E-03
  1.1748980E+04  1.8259672E-03
  1.1885020E+04  1.8042943E-03
  1.2022640E+04  1.7523991E-03
  1.2161860E+04  1.6356505E-03
  1.2302690E+04  1.7608459E-03
  1.2445140E+04  1.6696181E-03
  1.2589250E+04  1.5565471E-03
  1.2735030E+04  1.5100873E-03
  1.2882500E+04  1.4956031E-03
  1.3031660E+04  1.5870996E-03
  1.3182560E+04  1.4968747E-03
  1.3335210E+04  1.4745749E-03
  1.3489630E+04  1.4669923E-03
  1.3645840E+04  1.4517113E-03
  1.3803840E+04  1.2372502E-03
  1.3963680E+04  1.3803709E-03
  1.4125380E+04  1.3138226E-03
  1.4288950E+04  1.3338209E-03
  1.4454390E+04  1.3197633E-03
  1.4621770E+04  1.2167938E-03
  1.4791090E+04  1.2524680E-03
  1.4962360E+04  1.2554384E-03
  1.5135610E+04  1.2309204E-03
  1.5310870E+04  1.2466536E-03
  1.5488170E+04  1.2224636E-03
  1.5667520E+04  1.2019685E-03
  1.5848920E+04  1.1460854E-03
  1.6032450E+04  1.1627586E-03
  1.6218100E+04  1.1330749E-03
  1.6405900E+04  1.1499986E-03
  1.6595859E+04  1.1053188E-03
  1.6788039E+04  1.1160746E-03
  1.6982439E+04  1.0823882E-03
  1.7179090E+04  1.0584599E-03
  1.7378000E+04  1.0153380E-03
  1.7579230E+04  1.0021119E-03
  1.7782789E+04  9.5285493E-04
  1.7988711E+04  8.8565180E-04
  1.8197020E+04  8.6403114E-04
  1.8407711E+04  8.3345466E-04
  1.8620869E+04  8.1193424E-04
  1.8836490E+04  7.7573315E-04
  1.9054619E+04  7.9136086E-04
  1.9275240E+04  7.5413735E-04
  1.9498439E+04  7.0057780E-04
  1.9724230E+04  6.8720971E-04
  1.9952631E+04  6.7211204E-04
  2.0183660E+04  6.6423119E-04
  2.0417381E+04  6.1302067E-04
  2.0653801E+04  5.8179250E-04
  2.0892971E+04  5.8553851E-04
  2.1134881E+04  5.5360567E-04
  2.1379619E+04  5.3866196E-04
  2.1627189E+04  5.1452214E-04
  2.1877619E+04  4.8578362E-04
  2.2130939E+04  4.5651026E-04
  2.2387211E+04  4.5693974E-04
  2.2646439E+04  4.3091658E-04
  2.2908680E+04  3.9263919E-04
  2.3173930E+04  4.0192436E-04
  2.3442279E+04  3.7252143E-04
  2.3713740E+04  3.5807572E-04
  2.3988340E+04  3.4291483E-04
  2.4266109E+04  2.9580007E-04
  2.4547080E+04  2.7296317E-04
  2.4831330E+04  2.3938686E-04
  2.5118869E+04  2.2667924E-04
  2.5409740E+04  2.2850304E-04
  2.5703949E+04  2.3285481E-04
  2.6001590E+04  2.3412226E-04
  2.6302680E+04  2.3677248E-04
  2.6607260E+04  2.3772966E-04
  2.6915340E+04  2.2500525E-04
  2.7227010E+04  2.3133577E-04
  2.7542289E+04  2.2693475E-04
  2.7861221E+04  2.2560116E-04
  2.8183820E+04  2.1467885E-04
  2.8510180E+04  1.9468335E-04
  2.8840320E+04  1.9045685E-04
  2.9174279E+04  1.7706558E-04
  2.9512080E+04  1.6036535E-04
  2.9853820E+04  1.4981514E-04
  3.0199520E+04  1.4698590E-04
  3.0549221E+04  1.4229328E-04
  3.0902939E+04  1.3849937E-04
  3.1260789E+04  1.3503480E-04
  3.1622779E+04  1.3087330E-04
  3.1988961E+04  1.2943287E-04
  3.2359350E+04  1.3306241E-04
  3.2734061E+04  1.4131296E-04
  3.3113109E+04  1.4101421E-04
  3.3496551E+04  1.2616337E-04
  3.3884430E+04  1.1174240E-04
  3.4276770E+04  1.0477202E-04
  3.4673680E+04  1.0093131E-04
  3.5075199E+04  9.7396427E-05
  3.5481359E+04  9.3755196E-05
  3.5892180E+04  9.0102374E-05
  3.6307801E+04  8.7077344E-05
  3.6728230E+04  8.3637577E-05
  3.7153539E+04  8.0253900E-05
  3.7583719E+04  7.7050587E-05
  3.8018930E+04  7.4313139E-05
  3.8459180E+04  7.1872870E-05
  3.8904531E+04  6.8958718E-05
  3.9354988E+04  6.6382330E-05
  3.9810711E+04  6.3491803E-05
  4.0271711E+04  6.1478328E-05
  4.0738039E+04  5.9041678E-05
  4.1209730E+04  5.6972189E-05
  4.1686930E+04  5.4702788E-05
  4.2169648E+04  5.2762378E-05
  4.2657961E+04  5.0995899E-05
  4.3151879E+04  4.6012279E-05
  4.3651570E+04  4.3245083E-05
  4.4157039E+04  4.0585623E-05
  4.4668371E+04  3.8814291E-05
  4.5185621E+04  3.7549406E-05
  4.5708801E+04  3.6885278E-05
  4.6238102E+04  3.5760091E-05
  4.6773520E+04  3.5143810E-05
  4.7315148E+04  3.4451270E-05
  4.7862988E+04  3.3596589E-05
  4.8417230E+04  3.2960113E-05
  4.8977891E+04  3.2049109E-05
  4.9545039E+04  3.1310490E-05
  5.0118699E+04  3.0673309E-05
  5.0699059E+04  2.9966197E-05
  5.1286141E+04  2.9339810E-05
  5.1880020E+04  2.8758390E-05
  5.2480719E+04  2.8161205E-05
  5.3088430E+04  2.7491111E-05
  5.3703180E+04  2.7019383E-05
  5.4325051E+04  2.6524309E-05
  5.4954059E+04  2.6131011E-05
  5.5590410E+04  2.5914807E-05
  5.6234129E+04  2.5950314E-05
  5.6885309E+04  2.6317590E-05
  5.7543961E+04  2.7122998E-05
  5.8210301E+04  2.8488494E-05
  5.8884359E+04  3.0580093E-05
  5.9566230E+04  3.3678396E-05
  6.0255988E+04  3.8126112E-05
  6.0953672E+04  4.1859519E-05
  6.1659500E+04  6.3098327E-05
  6.2373500E+04  9.0764050E-05
  6.3095762E+04  6.6956803E-05
  6.3826320E+04  4.7562920E-05
  6.4565410E+04  3.3489050E-05
  6.5313059E+04  3.0044705E-05
  6.6069367E+04  3.3953478E-05
  6.6834359E+04  3.5004214E-05
  6.7608289E+04  3.6181889E-05
  6.8391172E+04  3.5664416E-05
  6.9183117E+04  3.8775910E-05
  6.9984156E+04  4.8703223E-05
  7.0794562E+04  4.1209594E-05
  7.1614344E+04  4.2708107E-05
  7.2443617E+04  4.5707799E-05
  7.3282406E+04  4.9358099E-05
  7.4131008E+04  5.5129196E-05
  7.4989422E+04  7.2884810E-05
  7.5857781E+04  8.3594699E-05
  7.6736102E+04  9.3853247E-05
  7.7624688E+04  9.0271700E-05
  7.8523562E+04  8.8088382E-05
  7.9432844E+04  7.9258258E-05
  8.0352648E+04  6.3918400E-05
  8.1283023E+04  5.1215804E-05
  8.2224258E+04  4.5293702E-05
  8.3176391E+04  4.4453485E-05
  8.4139547E+04  4.3884782E-05
  8.5113773E+04  4.5948771E-05
  8.6099367E+04  4.9334314E-05
  8.7096367E+04  4.4059991E-05
  8.8104922E+04  3.3153709E-05
  8.9125047E+04  2.3861197E-05
  9.0157102E+04  1.9577279E-05
  9.1201094E+04  1.7101591E-05
  9.2257172E+04  1.4515894E-05
  9.3325383E+04  1.3444490E-05
  9.4406070E+04  1.3443900E-05
  9.5499273E+04  1.3463103E-05
  9.6605117E+04  1.5577807E-05
  9.7723672E+04  1.4914699E-05
  9.8855281E+04  1.3065601E-05
  1.0000000E+05  1.3531806E-05
  1.0115797E+05  1.3515606E-05
  1.0232924E+05  1.3665105E-05
  1.0351419E+05  1.3715204E-05
  1.0471285E+05  1.4591700E-05
  1.0592540E+05  1.6794600E-05
  1.0715198E+05  1.7678196E-05
  1.0839266E+05  1.8175293E-05
  1.0964781E+05  2.0662468E-05
  1.1091750E+05  2.8168288E-05
  1.1220190E+05  5.0136478E-05
  1.1350104E+05  5.6493616E-05
  1.1481534E+05  3.9927938E-05
  1.1614488E+05  2.7834409E-05
  1.1748980E+05  2.2533790E-05
  1.1885017E+05  2.1829084E-05
  1.2022642E+05  2.3616793E-05
  1.2161861E+05  2.1603004E-05
  1.2302692E+05  2.3287002E-05
  1.2445140E+05  2.4427787E-05
  1.2589252E+05  2.6915397E-05
  1.2735031E+05  3.2628315E-05
  1.2882499E+05  2.8164111E-05
  1.3031661E+05  1.6901409E-05
  1.3182564E+05  1.4961804E-05
  1.3335214E+05  1.4480905E-05
  1.3489633E+05  1.3502702E-05
  1.3645823E+05  1.3169905E-05
  1.3803839E+05  1.1904594E-05
  1.3963683E+05  1.1748696E-05
  1.4125378E+05  1.2132999E-05
  1.4288947E+05  1.2410795E-05
  1.4454392E+05  1.1078994E-05
  1.4621770E+05  9.3846966E-06
  1.4791086E+05  8.4929961E-06
  1.4962362E+05  8.2012020E-06
  1.5135606E+05  8.0842010E-06
  1.5310872E+05  8.7272028E-06
  1.5488169E+05  1.1048201E-05
  1.5667517E+05  8.7727012E-06
  1.5848925E+05  8.7703038E-06
  1.6032452E+05  8.8510014E-06
  1.6218103E+05  1.0215098E-05
  1.6405903E+05  1.2075096E-05
  1.6595861E+05  1.2220999E-05
  1.6788036E+05  1.2481101E-05
  1.6982438E+05  1.4524997E-05
  1.7179089E+05  1.3082999E-05
  1.7377998E+05  1.1545196E-05
  1.7579231E+05  9.4204988E-06
  1.7782794E+05  8.5955035E-06
  1.7988714E+05  7.8633047E-06
  1.8196998E+05  7.6813994E-06
  1.8407714E+05  7.5336029E-06
  1.8620870E+05  7.3888041E-06
  1.8836495E+05  7.2470029E-06
  1.9054595E+05  7.0921997E-06
  1.9275242E+05  6.8935024E-06
  1.9498444E+05  6.6997027E-06
  1.9724231E+05  6.5108006E-06
  1.9952631E+05  6.3265998E-06
