  3.1623001E+02  0.0000000E+00
  3.1695999E+02  0.0000000E+00
  3.1769000E+02  0.0000000E+00
  3.1842001E+02  0.0000000E+00
  3.1914999E+02  0.0000000E+00
  3.1989001E+02  0.0000000E+00
  3.2063000E+02  0.0000000E+00
  3.2137000E+02  0.0000000E+00
  3.2210999E+02  0.0000000E+00
  3.2285001E+02  0.0000000E+00
  3.2359000E+02  0.0000000E+00
  3.2434000E+02  0.0000000E+00
  3.2509000E+02  0.0000000E+00
  3.2584000E+02  0.0000000E+00
  3.2659000E+02  0.0000000E+00
  3.2734000E+02  0.0000000E+00
  3.2810001E+02  0.0000000E+00
  3.2885001E+02  0.0000000E+00
  3.2960999E+02  0.0000000E+00
  3.3037000E+02  0.0000000E+00
  3.3113000E+02  0.0000000E+00
  3.3189001E+02  0.0000000E+00
  3.3266000E+02  0.0000000E+00
  3.3342999E+02  0.0000000E+00
  3.3419000E+02  0.0000000E+00
  3.3497000E+02  0.0000000E+00
  3.3573999E+02  0.0000000E+00
  3.3651001E+02  0.0000000E+00
  3.3729001E+02  0.0000000E+00
  3.3806000E+02  0.0000000E+00
  3.3884000E+02  0.0000000E+00
  3.3963000E+02  0.0000000E+00
  3.4041000E+02  0.0000000E+00
  3.4119000E+02  0.0000000E+00
  3.4198001E+02  0.0000000E+00
  3.4276999E+02  0.0000000E+00
  3.4356000E+02  0.0000000E+00
  3.4435001E+02  0.0000000E+00
  3.4514001E+02  0.0000000E+00
  3.4594000E+02  0.0000000E+00
  3.4673999E+02  0.0000000E+00
  3.4754001E+02  0.0000000E+00
  3.4834000E+02  0.0000000E+00
  3.4914001E+02  0.0000000E+00
  3.4995001E+02  0.0000000E+00
  3.5075000E+02  0.0000000E+00
  3.5156000E+02  0.0000000E+00
  3.5237000E+02  0.0000000E+00
  3.5317999E+02  0.0000000E+00
  3.5400000E+02  0.0000000E+00
  3.5481000E+02  0.0000000E+00
  3.5563000E+02  0.0000000E+00
  3.5645001E+02  0.0000000E+00
  3.5726999E+02  0.0000000E+00
  3.5810001E+02  0.0000000E+00
  3.5892001E+02  0.0000000E+00
  3.5975000E+02  0.0000000E+00
  3.6057999E+02  0.0000000E+00
  3.6141000E+02  0.0000000E+00
  3.6223999E+02  0.0000000E+00
  3.6307999E+02  0.0000000E+00
  3.6392001E+02  0.0000000E+00
  3.6475000E+02  0.0000000E+00
  3.6559000E+02  0.0000000E+00
  3.6644000E+02  0.0000000E+00
  3.6728000E+02  0.0000000E+00
  3.6813000E+02  0.0000000E+00
  3.6898001E+02  0.0000000E+00
  3.6982999E+02  0.0000000E+00
  3.7067999E+02  0.0000000E+00
  3.7154001E+02  0.0000000E+00
  3.7239001E+02  0.0000000E+00
  3.7325000E+02  0.0000000E+00
  3.7410999E+02  0.0000000E+00
  3.7497000E+02  0.0000000E+00
  3.7584000E+02  0.0000000E+00
  3.7670001E+02  0.0000000E+00
  3.7757001E+02  0.0000000E+00
  3.7844000E+02  0.0000000E+00
  3.7931000E+02  0.0000000E+00
  3.8019000E+02  0.0000000E+00
  3.8107001E+02  0.0000000E+00
  3.8194000E+02  0.0000000E+00
  3.8282001E+02  0.0000000E+00
  3.8370999E+02  0.0000000E+00
  3.8459000E+02  0.0000000E+00
  3.8548001E+02  0.0000000E+00
  3.8637000E+02  0.0000000E+00
  3.8726001E+02  0.0000000E+00
  3.8814999E+02  0.0000000E+00
  3.8904999E+02  0.0000000E+00
  3.8994000E+02  0.0000000E+00
  3.9084000E+02  0.0000000E+00
  3.9173999E+02  0.0000000E+00
  3.9264999E+02  0.0000000E+00
  3.9354999E+02  0.0000000E+00
  3.9445999E+02  0.0000000E+00
  3.9537000E+02  0.0000000E+00
  3.9628000E+02  0.0000000E+00
  3.9719000E+02  0.0000000E+00
  3.9810999E+02  0.0000000E+00
  3.9901999E+02  0.0000000E+00
  3.9994000E+02  0.0000000E+00
  4.0087000E+02  0.0000000E+00
  4.0179001E+02  0.0000000E+00
  4.0272000E+02  0.0000000E+00
  4.0364999E+02  0.0000000E+00
  4.0457999E+02  0.0000000E+00
  4.0551001E+02  0.0000000E+00
  4.0644000E+02  0.0000000E+00
  4.0738000E+02  0.0000000E+00
  4.0832001E+02  0.0000000E+00
  4.0926001E+02  0.0000000E+00
  4.1020001E+02  0.0000000E+00
  4.1114999E+02  0.0000000E+00
  4.1210001E+02  0.0000000E+00
  4.1304999E+02  0.0000000E+00
  4.1400000E+02  0.0000000E+00
  4.1495001E+02  0.0000000E+00
  4.1591000E+02  0.0000000E+00
  4.1687000E+02  0.0000000E+00
  4.1782999E+02  0.0000000E+00
  4.1879001E+02  0.0000000E+00
  4.1976001E+02  0.0000000E+00
  4.2073001E+02  0.0000000E+00
  4.2170001E+02  0.0000000E+00
  4.2267001E+02  0.0000000E+00
  4.2364001E+02  0.0000000E+00
  4.2462000E+02  0.0000000E+00
  4.2560001E+02  0.0000000E+00
  4.2657999E+02  0.0000000E+00
  4.2756000E+02  0.0000000E+00
  4.2854999E+02  0.0000000E+00
  4.2954001E+02  0.0000000E+00
  4.3053000E+02  0.0000000E+00
  4.3151999E+02  0.0000000E+00
  4.3251001E+02  0.0000000E+00
  4.3351001E+02  0.0000000E+00
  4.3451001E+02  0.0000000E+00
  4.3551001E+02  0.0000000E+00
  4.3651999E+02  0.0000000E+00
  4.3751999E+02  0.0000000E+00
  4.3853000E+02  0.0000000E+00
  4.3954001E+02  0.0000000E+00
  4.4054999E+02  0.0000000E+00
  4.4157001E+02  0.0000000E+00
  4.4259000E+02  0.0000000E+00
  4.4360999E+02  0.0000000E+00
  4.4463000E+02  0.0000000E+00
  4.4566000E+02  0.0000000E+00
  4.4667999E+02  0.0000000E+00
  4.4770999E+02  0.0000000E+00
  4.4875000E+02  0.0000000E+00
  4.4978000E+02  0.0000000E+00
  4.5082001E+02  0.0000000E+00
  4.5185999E+02  0.0000000E+00
  4.5289999E+02  0.0000000E+00
  4.5394000E+02  0.0000000E+00
  4.5498999E+02  0.0000000E+00
  4.5604001E+02  0.0000000E+00
  4.5709000E+02  0.0000000E+00
  4.5814001E+02  0.0000000E+00
  4.5920001E+02  0.0000000E+00
  4.6026001E+02  0.0000000E+00
  4.6132001E+02  0.0000000E+00
  4.6238000E+02  0.0000000E+00
  4.6345001E+02  0.0000000E+00
  4.6451999E+02  0.0000000E+00
  4.6559000E+02  0.0000000E+00
  4.6666000E+02  0.0000000E+00
  4.6773999E+02  0.0000000E+00
  4.6881000E+02  0.0000000E+00
  4.6989001E+02  0.0000000E+00
  4.7098001E+02  0.0000000E+00
  4.7206000E+02  0.0000000E+00
  4.7314999E+02  0.0000000E+00
  4.7423999E+02  0.0000000E+00
  4.7534000E+02  0.0000000E+00
  4.7642999E+02  0.0000000E+00
  4.7753000E+02  0.0000000E+00
  4.7863000E+02  0.0000000E+00
  4.7973001E+02  0.0000000E+00
  4.8084000E+02  0.0000000E+00
  4.8195001E+02  0.0000000E+00
  4.8306000E+02  0.0000000E+00
  4.8417001E+02  0.0000000E+00
  4.8529001E+02  0.0000000E+00
  4.8641000E+02  0.0000000E+00
  4.8753000E+02  0.0000000E+00
  4.8864999E+02  0.0000000E+00
  4.8978000E+02  0.0000000E+00
  4.9091000E+02  0.0000000E+00
  4.9204001E+02  0.0000000E+00
  4.9317001E+02  0.0000000E+00
  4.9431000E+02  0.0000000E+00
  4.9545001E+02  0.0000000E+00
  4.9659000E+02  0.0000000E+00
  4.9773999E+02  0.0000000E+00
  4.9888000E+02  0.0000000E+00
  5.0003000E+02  0.0000000E+00
  5.0119000E+02  0.0000000E+00
  5.0234000E+02  0.0000000E+00
  5.0350000E+02  0.0000000E+00
  5.0466000E+02  0.0000000E+00
  5.0582001E+02  0.0000000E+00
  5.0698999E+02  0.0000000E+00
  5.0816000E+02  0.0000000E+00
  5.0932999E+02  0.0000000E+00
  5.1050000E+02  0.0000000E+00
  5.1167999E+02  0.0000000E+00
  5.1285999E+02  0.0000000E+00
  5.1403998E+02  0.0000000E+00
  5.1522998E+02  0.0000000E+00
  5.1641998E+02  0.0000000E+00
  5.1760999E+02  0.0000000E+00
  5.1879999E+02  0.0000000E+00
  5.2000000E+02  0.0000000E+00
  5.2119000E+02  0.0000000E+00
  5.2240002E+02  0.0000000E+00
  5.2359998E+02  0.0000000E+00
  5.2481000E+02  0.0000000E+00
  5.2602002E+02  0.0000000E+00
  5.2722998E+02  0.0000000E+00
  5.2845001E+02  0.0000000E+00
  5.2965997E+02  0.0000000E+00
  5.3088000E+02  0.0000000E+00
  5.3210999E+02  0.0000000E+00
  5.3333002E+02  0.0000000E+00
  5.3456000E+02  0.0000000E+00
  5.3579999E+02  0.0000000E+00
  5.3703003E+02  0.0000000E+00
  5.3827002E+02  0.0000000E+00
  5.3951001E+02  0.0000000E+00
  5.4075000E+02  0.0000000E+00
  5.4200000E+02  0.0000000E+00
  5.4325000E+02  0.0000000E+00
  5.4450000E+02  0.0000000E+00
  5.4576001E+02  0.0000000E+00
  5.4702002E+02  0.0000000E+00
  5.4828003E+02  0.0000000E+00
  5.4953998E+02  0.0000000E+00
  5.5081000E+02  0.0000000E+00
  5.5208002E+02  0.0000000E+00
  5.5334998E+02  0.0000000E+00
  5.5463000E+02  0.0000000E+00
  5.5590002E+02  0.0000000E+00
  5.5719000E+02  0.0000000E+00
  5.5846997E+02  0.0000000E+00
  5.5976001E+02  0.0000000E+00
  5.6104999E+02  0.0000000E+00
  5.6234003E+02  0.0000000E+00
  5.6364001E+02  0.0000000E+00
  5.6494000E+02  0.0000000E+00
  5.6623999E+02  0.0000000E+00
  5.6753998E+02  0.0000000E+00
  5.6884998E+02  0.0000000E+00
  5.7015997E+02  0.0000000E+00
  5.7147998E+02  0.0000000E+00
  5.7279999E+02  0.0000000E+00
  5.7412000E+02  0.0000000E+00
  5.7544000E+02  0.0000000E+00
  5.7677002E+02  0.0000000E+00
  5.7809998E+02  0.0000000E+00
  5.7942999E+02  0.0000000E+00
  5.8076001E+02  0.0000000E+00
  5.8209998E+02  0.0000000E+00
  5.8345001E+02  0.0000000E+00
  5.8478998E+02  0.0000000E+00
  5.8614001E+02  0.0000000E+00
  5.8748999E+02  0.0000000E+00
  5.8884003E+02  0.0000000E+00
  5.9020001E+02  0.0000000E+00
  5.9156000E+02  0.0000000E+00
  5.9292999E+02  0.0000000E+00
  5.9428998E+02  0.0000000E+00
  5.9565997E+02  0.0000000E+00
  5.9703998E+02  0.0000000E+00
  5.9840997E+02  0.0000000E+00
  5.9978998E+02  0.0000000E+00
  6.0116998E+02  0.0000000E+00
  6.0256000E+02  0.0000000E+00
  6.0395001E+02  0.0000000E+00
  6.0534003E+02  0.0000000E+00
  6.0673999E+02  0.0000000E+00
  6.0813000E+02  0.0000000E+00
  6.0953998E+02  0.0000000E+00
  6.1094000E+02  0.0000000E+00
  6.1234998E+02  0.0000000E+00
  6.1376001E+02  0.0000000E+00
  6.1517999E+02  0.0000000E+00
  6.1659003E+02  0.0000000E+00
  6.1802002E+02  0.0000000E+00
  6.1944000E+02  0.0000000E+00
  6.2087000E+02  0.0000000E+00
  6.2229999E+02  0.0000000E+00
  6.2372998E+02  0.0000000E+00
  6.2516998E+02  0.0000000E+00
  6.2660999E+02  0.0000000E+00
  6.2806000E+02  0.0000000E+00
  6.2951001E+02  0.0000000E+00
  6.3096002E+02  0.0000000E+00
  6.3240997E+02  0.0000000E+00
  6.3387000E+02  0.0000000E+00
  6.3533002E+02  0.0000000E+00
  6.3679999E+02  0.0000000E+00
  6.3826001E+02  0.0000000E+00
  6.3972998E+02  0.0000000E+00
  6.4121002E+02  0.0000000E+00
  6.4269000E+02  0.0000000E+00
  6.4416998E+02  0.0000000E+00
  6.4565002E+02  0.0000000E+00
  6.4714001E+02  0.0000000E+00
  6.4863000E+02  0.0000000E+00
  6.5013000E+02  0.0000000E+00
  6.5163000E+02  0.0000000E+00
  6.5313000E+02  0.0000000E+00
  6.5464001E+02  0.0000000E+00
  6.5615002E+02  0.0000000E+00
  6.5765997E+02  0.0000000E+00
  6.5916998E+02  0.0000000E+00
  6.6069000E+02  0.0000000E+00
  6.6221997E+02  0.0000000E+00
  6.6373999E+02  0.0000000E+00
  6.6527002E+02  0.0000000E+00
  6.6681000E+02  0.0000000E+00
  6.6834003E+02  0.0000000E+00
  6.6988000E+02  0.0000000E+00
  6.7142999E+02  0.0000000E+00
  6.7297998E+02  0.0000000E+00
  6.7453003E+02  0.0000000E+00
  6.7608002E+02  0.0000000E+00
  6.7764001E+02  0.0000000E+00
  6.7920001E+02  0.0000000E+00
  6.8077002E+02  0.0000000E+00
  6.8234003E+02  0.0000000E+00
  6.8390997E+02  0.0000000E+00
  6.8548999E+02  0.0000000E+00
  6.8707001E+02  0.0000000E+00
  6.8865002E+02  0.0000000E+00
  6.9023999E+02  0.0000000E+00
  6.9183002E+02  0.0000000E+00
  6.9342999E+02  0.0000000E+00
  6.9502002E+02  0.0000000E+00
  6.9663000E+02  0.0000000E+00
  6.9822998E+02  0.0000000E+00
  6.9984003E+02  0.0000000E+00
  7.0146002E+02  0.0000000E+00
  7.0307001E+02  0.0000000E+00
  7.0469000E+02  0.0000000E+00
  7.0632001E+02  0.0000000E+00
  7.0795001E+02  0.0000000E+00
  7.0958002E+02  0.0000000E+00
  7.1121002E+02  0.0000000E+00
  7.1284998E+02  0.0000000E+00
  7.1450000E+02  0.0000000E+00
  7.1614001E+02  0.0000000E+00
  7.1778998E+02  0.0000000E+00
  7.1945001E+02  0.0000000E+00
  7.2110999E+02  0.0000000E+00
  7.2277002E+02  0.0000000E+00
  7.2444000E+02  0.0000000E+00
  7.2610999E+02  0.0000000E+00
  7.2778003E+02  0.0000000E+00
  7.2946002E+02  0.0000000E+00
  7.3114001E+02  0.0000000E+00
  7.3282001E+02  0.0000000E+00
  7.3451001E+02  0.0000000E+00
  7.3621002E+02  0.0000000E+00
  7.3790002E+02  0.0000000E+00
  7.3960999E+02  0.0000000E+00
  7.4131000E+02  0.0000000E+00
  7.4302002E+02  0.0000000E+00
  7.4472998E+02  0.0000000E+00
  7.4645001E+02  0.0000000E+00
  7.4816998E+02  0.0000000E+00
  7.4989001E+02  0.0000000E+00
  7.5162000E+02  0.0000000E+00
  7.5335999E+02  0.0000000E+00
  7.5509003E+02  0.0000000E+00
  7.5683002E+02  0.0000000E+00
  7.5858002E+02  0.0000000E+00
  7.6033002E+02  0.0000000E+00
  7.6208002E+02  0.0000000E+00
  7.6384003E+02  0.0000000E+00
  7.6559998E+02  0.0000000E+00
  7.6735999E+02  0.0000000E+00
  7.6913000E+02  0.0000000E+00
  7.7090002E+02  0.0000000E+00
  7.7267999E+02  0.0000000E+00
  7.7446002E+02  0.0000000E+00
  7.7625000E+02  0.0000000E+00
  7.7803998E+02  0.0000000E+00
  7.7983002E+02  0.0000000E+00
  7.8163000E+02  0.0000000E+00
  7.8342999E+02  0.0000000E+00
  7.8523999E+02  0.0000000E+00
  7.8704999E+02  0.0000000E+00
  7.8885999E+02  0.0000000E+00
  7.9067999E+02  0.0000000E+00
  7.9250000E+02  0.0000000E+00
  7.9433002E+02  0.0000000E+00
  7.9615997E+02  0.0000000E+00
  7.9798999E+02  0.0000000E+00
  7.9983002E+02  0.0000000E+00
  8.0167999E+02  0.0000000E+00
  8.0353003E+02  0.0000000E+00
  8.0538000E+02  0.0000000E+00
  8.0723999E+02  0.0000000E+00
  8.0909998E+02  0.0000000E+00
  8.1096002E+02  0.0000000E+00
  8.1283002E+02  0.0000000E+00
  8.1470001E+02  0.0000000E+00
  8.1658002E+02  0.0000000E+00
  8.1846002E+02  0.0000000E+00
  8.2034998E+02  0.0000000E+00
  8.2223999E+02  0.0000000E+00
  8.2414001E+02  0.0000000E+00
  8.2603998E+02  0.0000000E+00
  8.2794000E+02  0.0000000E+00
  8.2984998E+02  0.0000000E+00
  8.3176001E+02  0.0000000E+00
  8.3367999E+02  0.0000000E+00
  8.3559998E+02  0.0000000E+00
  8.3753003E+02  0.0000000E+00
  8.3946002E+02  0.0000000E+00
  8.4140002E+02  0.0000000E+00
  8.4333002E+02  0.0000000E+00
  8.4528003E+02  0.0000000E+00
  8.4722998E+02  0.0000000E+00
  8.4917999E+02  0.0000000E+00
  8.5114001E+02  0.0000000E+00
  8.5309998E+02  0.0000000E+00
  8.5507001E+02  0.0000000E+00
  8.5703998E+02  0.0000000E+00
  8.5901001E+02  0.0000000E+00
  8.6098999E+02  0.0000000E+00
  8.6297998E+02  0.0000000E+00
  8.6496997E+02  0.0000000E+00
  8.6696002E+02  0.0000000E+00
  8.6896002E+02  0.0000000E+00
  8.7096002E+02  0.0000000E+00
  8.7296997E+02  0.0000000E+00
  8.7497998E+02  0.0000000E+00
  8.7700000E+02  0.0000000E+00
  8.7902002E+02  0.0000000E+00
  8.8104999E+02  0.0000000E+00
  8.8308002E+02  0.0000000E+00
  8.8512000E+02  0.0000000E+00
  8.8715997E+02  0.0000000E+00
  8.8920001E+02  0.0000000E+00
  8.9125000E+02  0.0000000E+00
  8.9331000E+02  0.0000000E+00
  8.9535999E+02  0.0000000E+00
  8.9742999E+02  0.0000000E+00
  8.9950000E+02  0.0000000E+00
  9.0157001E+02  2.7942359E-02
  9.0365002E+02  2.8460192E-02
  9.0572998E+02  2.9122459E-02
  9.0782001E+02  2.9122459E-02
  9.0990997E+02  3.0024417E-02
  9.1201001E+02  3.0493207E-02
  9.1410999E+02  3.0493207E-02
  9.1621997E+02  3.0024417E-02
  9.1833002E+02  3.0269047E-02
  9.2045001E+02  3.0495225E-02
  9.2257001E+02  3.0514089E-02
  9.2470001E+02  3.0514089E-02
  9.2683002E+02  3.0696724E-02
  9.2896997E+02  3.1077174E-02
  9.3110999E+02  3.1211570E-02
  9.3325000E+02  3.1584453E-02
  9.3540997E+02  3.1584453E-02
  9.3756000E+02  3.1809706E-02
  9.3971997E+02  3.1857811E-02
  9.4189001E+02  3.2061297E-02
  9.4406000E+02  3.2159504E-02
  9.4623999E+02  3.2427102E-02
  9.4841998E+02  3.2480836E-02
  9.5059998E+02  3.2512955E-02
  9.5279999E+02  3.3559069E-02
  9.5498999E+02  3.4133606E-02
  9.5719000E+02  3.4814015E-02
  9.5940002E+02  3.4927029E-02
  9.6160999E+02  3.5170563E-02
  9.6383002E+02  3.5614781E-02
  9.6604999E+02  3.6229450E-02
  9.6828003E+02  3.6859173E-02
  9.7051001E+02  3.6948081E-02
  9.7275000E+02  3.7018768E-02
  9.7498999E+02  3.7022468E-02
  9.7723999E+02  3.7736770E-02
  9.7948999E+02  3.7821718E-02
  9.8175000E+02  3.7975043E-02
  9.8401001E+02  3.7985615E-02
  9.8628003E+02  3.7985615E-02
  9.8854999E+02  3.7985615E-02
  9.9083002E+02  3.8971469E-02
  9.9312000E+02  3.9819811E-02
  9.9540997E+02  4.0181536E-02
  9.9770001E+02  4.0561799E-02
  1.0000000E+03  4.0284276E-02
  1.0023100E+03  4.0637225E-02
  1.0046200E+03  4.0561799E-02
  1.0069300E+03  4.0637225E-02
  1.0092500E+03  4.0637225E-02
  1.0115800E+03  4.0783353E-02
  1.0139100E+03  4.2281881E-02
  1.0162500E+03  4.2614017E-02
  1.0185900E+03  4.2724557E-02
  1.0209400E+03  4.2858589E-02
  1.0232900E+03  4.3653823E-02
  1.0256500E+03  4.4165563E-02
  1.0280200E+03  4.4165563E-02
  1.0303900E+03  4.4165563E-02
  1.0327600E+03  4.4648916E-02
  1.0351400E+03  4.5191608E-02
  1.0375300E+03  4.5600854E-02
  1.0399200E+03  4.5600854E-02
  1.0423199E+03  4.7640547E-02
  1.0447200E+03  4.7640547E-02
  1.0471300E+03  4.7640547E-02
  1.0495400E+03  4.8707526E-02
  1.0519600E+03  4.8048552E-02
  1.0543900E+03  4.7640547E-02
  1.0568199E+03  4.8048552E-02
  1.0592500E+03  4.7219940E-02
  1.0617000E+03  4.7277097E-02
  1.0641400E+03  4.7277097E-02
  1.0666000E+03  4.7219940E-02
  1.0690500E+03  4.6050627E-02
  1.0715200E+03  4.6552934E-02
  1.0739900E+03  4.6050627E-02
  1.0764700E+03  4.6552934E-02
  1.0789500E+03  4.6552934E-02
  1.0814301E+03  4.6552934E-02
  1.0839301E+03  4.6754077E-02
  1.0864301E+03  4.6754077E-02
  1.0889301E+03  4.6754077E-02
  1.0914399E+03  4.6754077E-02
  1.0939600E+03  4.6754077E-02
  1.0964800E+03  4.6754077E-02
  1.0990100E+03  4.6754077E-02
  1.1015400E+03  4.6754077E-02
  1.1040800E+03  4.7135804E-02
  1.1066200E+03  4.6754077E-02
  1.1091801E+03  4.6552934E-02
  1.1117300E+03  4.6050627E-02
  1.1142900E+03  4.5290928E-02
  1.1168600E+03  4.6050627E-02
  1.1194399E+03  4.6050627E-02
  1.1220200E+03  4.5484893E-02
  1.1246000E+03  4.5290928E-02
  1.1272000E+03  4.5191236E-02
  1.1298000E+03  4.5191236E-02
  1.1324000E+03  4.4608772E-02
  1.1350100E+03  4.4608772E-02
  1.1376300E+03  4.3038335E-02
  1.1402500E+03  4.5172658E-02
  1.1428800E+03  4.5172658E-02
  1.1455100E+03  4.5104302E-02
  1.1481500E+03  4.2417120E-02
  1.1508000E+03  4.1662812E-02
  1.1534500E+03  4.0163442E-02
  1.1561100E+03  4.0592473E-02
  1.1587800E+03  4.1662812E-02
  1.1614500E+03  3.9808929E-02
  1.1641300E+03  3.8699109E-02
  1.1668101E+03  3.8355812E-02
  1.1695000E+03  3.8277257E-02
  1.1722000E+03  3.7983146E-02
  1.1749000E+03  3.7983146E-02
  1.1776100E+03  3.7694819E-02
  1.1803199E+03  3.6828835E-02
  1.1830400E+03  3.6497500E-02
  1.1857700E+03  3.6415204E-02
  1.1885000E+03  3.5782114E-02
  1.1912400E+03  3.5430163E-02
  1.1939900E+03  3.5430163E-02
  1.1967400E+03  3.5113253E-02
  1.1995000E+03  3.5088636E-02
  1.2022600E+03  3.5053097E-02
  1.2050400E+03  3.4901831E-02
  1.2078101E+03  3.4901831E-02
  1.2106000E+03  3.4408588E-02
  1.2133900E+03  3.4408588E-02
  1.2161899E+03  3.4408588E-02
  1.2189900E+03  3.4166683E-02
  1.2218000E+03  3.4166683E-02
  1.2246200E+03  3.4062255E-02
  1.2274399E+03  3.3538681E-02
  1.2302700E+03  3.3649202E-02
  1.2331000E+03  3.3601828E-02
  1.2359500E+03  3.3538681E-02
  1.2388000E+03  3.3538681E-02
  1.2416500E+03  3.3219971E-02
  1.2445100E+03  3.3219971E-02
  1.2473800E+03  3.3175021E-02
  1.2502600E+03  3.2746542E-02
  1.2531400E+03  3.2537248E-02
  1.2560300E+03  3.2129671E-02
  1.2589301E+03  3.2099646E-02
  1.2618300E+03  3.2111183E-02
  1.2647400E+03  3.2008316E-02
  1.2676500E+03  3.1768356E-02
  1.2705699E+03  3.1572990E-02
  1.2735000E+03  3.1430915E-02
  1.2764399E+03  3.1172058E-02
  1.2793800E+03  3.0817958E-02
  1.2823300E+03  3.0675801E-02
  1.2852900E+03  3.0341644E-02
  1.2882500E+03  3.0341644E-02
  1.2912200E+03  3.0341644E-02
  1.2942000E+03  3.0298224E-02
  1.2971801E+03  3.0262435E-02
  1.3001700E+03  3.0077901E-02
  1.3031700E+03  3.0159838E-02
  1.3061700E+03  3.0016605E-02
  1.3091801E+03  2.9950302E-02
  1.3122000E+03  2.9945049E-02
  1.3152200E+03  2.9719086E-02
  1.3182600E+03  2.9719086E-02
  1.3213000E+03  2.9624447E-02
  1.3243400E+03  2.9487971E-02
  1.3273900E+03  2.9419737E-02
  1.3304500E+03  2.9380806E-02
  1.3335200E+03  2.9258912E-02
  1.3366000E+03  2.9066851E-02
  1.3396801E+03  2.8940124E-02
  1.3427700E+03  2.8940124E-02
  1.3458600E+03  2.8940124E-02
  1.3489600E+03  2.8896397E-02
  1.3520699E+03  2.8749321E-02
  1.3551899E+03  2.8578719E-02
  1.3583101E+03  2.8248636E-02
  1.3614399E+03  2.8135361E-02
  1.3645800E+03  2.8079001E-02
  1.3677300E+03  2.8069161E-02
  1.3708800E+03  2.7965663E-02
  1.3740400E+03  2.7892703E-02
  1.3772100E+03  2.7839214E-02
  1.3803800E+03  2.7760016E-02
  1.3835699E+03  2.7735641E-02
  1.3867600E+03  2.7402664E-02
  1.3899500E+03  2.7382474E-02
  1.3931600E+03  2.7341243E-02
  1.3963700E+03  2.7144842E-02
  1.3995900E+03  2.7063064E-02
  1.4028101E+03  2.7013279E-02
  1.4060500E+03  2.6918670E-02
  1.4092900E+03  2.6832698E-02
  1.4125400E+03  2.6748130E-02
  1.4157900E+03  2.6697099E-02
  1.4190601E+03  2.6660865E-02
  1.4223300E+03  2.6612887E-02
  1.4256100E+03  2.6577488E-02
  1.4288900E+03  2.6473597E-02
  1.4321899E+03  2.6404891E-02
  1.4354900E+03  2.6239464E-02
  1.4388000E+03  2.6072705E-02
  1.4421200E+03  2.6046146E-02
  1.4454399E+03  2.5883507E-02
  1.4487700E+03  2.5722519E-02
  1.4521100E+03  2.5634209E-02
  1.4554600E+03  2.5517175E-02
  1.4588101E+03  2.5517175E-02
  1.4621801E+03  2.5341354E-02
  1.4655500E+03  2.5150716E-02
  1.4689301E+03  2.5097139E-02
  1.4723101E+03  2.4957417E-02
  1.4757100E+03  2.4788413E-02
  1.4791100E+03  2.4718748E-02
  1.4825200E+03  2.4690844E-02
  1.4859399E+03  2.4635162E-02
  1.4893600E+03  2.4454335E-02
  1.4927900E+03  2.4360299E-02
  1.4962400E+03  2.4360299E-02
  1.4996801E+03  2.4290698E-02
  1.5031400E+03  2.4253495E-02
  1.5066100E+03  2.4199065E-02
  1.5100800E+03  2.4192039E-02
  1.5135601E+03  2.4130527E-02
  1.5170500E+03  2.4107151E-02
  1.5205500E+03  2.3934791E-02
  1.5240500E+03  2.3842642E-02
  1.5275699E+03  2.3826122E-02
  1.5310900E+03  2.3708459E-02
  1.5346200E+03  2.3701796E-02
  1.5381500E+03  2.3622783E-02
  1.5417000E+03  2.3421887E-02
  1.5452500E+03  2.3346627E-02
  1.5488199E+03  2.3242742E-02
  1.5523900E+03  2.3236152E-02
  1.5559700E+03  2.2985257E-02
  1.5595500E+03  2.2841135E-02
  1.5631500E+03  2.2296879E-02
  1.5667500E+03  2.2089340E-02
  1.5703600E+03  2.1942528E-02
  1.5739800E+03  2.1886040E-02
  1.5776100E+03  2.1799056E-02
  1.5812500E+03  2.1614434E-02
  1.5848900E+03  2.1662965E-02
  1.5885500E+03  2.1700846E-02
  1.5922100E+03  2.1662965E-02
  1.5958800E+03  2.1700846E-02
  1.5995601E+03  2.1450751E-02
  1.6032500E+03  2.1614434E-02
  1.6069399E+03  2.1614434E-02
  1.6106500E+03  2.1450751E-02
  1.6143600E+03  2.1450751E-02
  1.6180800E+03  2.1450751E-02
  1.6218101E+03  2.1450751E-02
  1.6255500E+03  2.1179250E-02
  1.6293000E+03  2.1106496E-02
  1.6330500E+03  2.1179250E-02
  1.6368199E+03  2.1179250E-02
  1.6405900E+03  2.1106496E-02
  1.6443700E+03  2.1179250E-02
  1.6481600E+03  2.1179250E-02
  1.6519600E+03  2.1106496E-02
  1.6557700E+03  2.1106496E-02
  1.6595900E+03  2.0569805E-02
  1.6634100E+03  2.0569805E-02
  1.6672500E+03  2.0285947E-02
  1.6710900E+03  2.0266764E-02
  1.6749399E+03  1.9983621E-02
  1.6788000E+03  1.9983621E-02
  1.6826700E+03  1.9983621E-02
  1.6865500E+03  1.9926334E-02
  1.6904399E+03  1.9545520E-02
  1.6943400E+03  1.9410638E-02
  1.6982400E+03  1.9252585E-02
  1.7021600E+03  1.8634077E-02
  1.7060800E+03  1.8571144E-02
  1.7100200E+03  1.8442595E-02
  1.7139600E+03  1.8479608E-02
  1.7179100E+03  1.8442595E-02
  1.7218700E+03  1.8209171E-02
  1.7258400E+03  1.8110966E-02
  1.7298199E+03  1.7914278E-02
  1.7338000E+03  1.7893849E-02
  1.7378000E+03  1.7893849E-02
  1.7418101E+03  1.7780749E-02
  1.7458199E+03  1.7767601E-02
  1.7498500E+03  1.7732974E-02
  1.7538800E+03  1.7152887E-02
  1.7579200E+03  1.7125688E-02
  1.7619800E+03  1.7125688E-02
  1.7660400E+03  1.7119706E-02
  1.7701100E+03  1.6980480E-02
  1.7741899E+03  1.6769793E-02
  1.7782800E+03  1.6767696E-02
  1.7823800E+03  1.6688218E-02
  1.7864900E+03  1.6767696E-02
  1.7906100E+03  1.6622322E-02
  1.7947300E+03  1.6555067E-02
  1.7988700E+03  1.6295465E-02
  1.8030200E+03  1.6200447E-02
  1.8071700E+03  1.6156245E-02
  1.8113400E+03  1.6125705E-02
  1.8155200E+03  1.6047448E-02
  1.8197000E+03  1.6047448E-02
  1.8239000E+03  1.6047448E-02
  1.8281000E+03  1.5695749E-02
  1.8323101E+03  1.5615704E-02
  1.8365400E+03  1.5518028E-02
  1.8407700E+03  1.5353113E-02
  1.8450200E+03  1.5311700E-02
  1.8492700E+03  1.5311700E-02
  1.8535300E+03  1.5353113E-02
  1.8578000E+03  1.5241706E-02
  1.8620900E+03  1.5208699E-02
  1.8663800E+03  1.5208699E-02
  1.8706801E+03  1.5127919E-02
  1.8749900E+03  1.5087751E-02
  1.8793199E+03  1.4922484E-02
  1.8836500E+03  1.4890487E-02
  1.8879900E+03  1.4846361E-02
  1.8923400E+03  1.4846361E-02
  1.8967100E+03  1.4737660E-02
  1.9010800E+03  1.4737660E-02
  1.9054600E+03  1.4708784E-02
  1.9098500E+03  1.4565509E-02
  1.9142600E+03  1.4371585E-02
  1.9186700E+03  1.4264200E-02
  1.9230900E+03  1.3837359E-02
  1.9275200E+03  1.3690067E-02
  1.9319700E+03  1.3619704E-02
  1.9364200E+03  1.3599960E-02
  1.9408900E+03  1.3493791E-02
  1.9453600E+03  1.3397281E-02
  1.9498400E+03  1.3364012E-02
  1.9543400E+03  1.3307892E-02
  1.9588400E+03  1.3270189E-02
  1.9633600E+03  1.3212907E-02
  1.9678900E+03  1.3160716E-02
  1.9724200E+03  1.3137407E-02
  1.9769700E+03  1.3097915E-02
  1.9815300E+03  1.3097577E-02
  1.9860900E+03  1.3089616E-02
  1.9906700E+03  1.3092739E-02
  1.9952600E+03  1.3061104E-02
  1.9998600E+03  1.3061575E-02
  2.0044700E+03  1.3057172E-02
  2.0090900E+03  1.3007535E-02
  2.0137200E+03  1.2977937E-02
  2.0183700E+03  1.2953754E-02
  2.0230200E+03  1.2903893E-02
  2.0276801E+03  1.2873340E-02
  2.0323600E+03  1.2874924E-02
  2.0370400E+03  1.2873340E-02
  2.0417400E+03  1.2870641E-02
  2.0464399E+03  1.2841289E-02
  2.0511599E+03  1.2854443E-02
  2.0558899E+03  1.2868518E-02
  2.0606299E+03  1.2873340E-02
  2.0653799E+03  1.2854443E-02
  2.0701399E+03  1.2824166E-02
  2.0749099E+03  1.2780026E-02
  2.0797000E+03  1.2762540E-02
  2.0844900E+03  1.2777886E-02
  2.0893000E+03  1.2762540E-02
  2.0941101E+03  1.2738289E-02
  2.0989399E+03  1.2730900E-02
  2.1037800E+03  1.2695219E-02
  2.1086299E+03  1.2671333E-02
  2.1134900E+03  1.2695219E-02
  2.1183601E+03  1.2638247E-02
  2.1232400E+03  1.2608337E-02
  2.1281399E+03  1.2638247E-02
  2.1330400E+03  1.2561947E-02
  2.1379600E+03  1.2532053E-02
  2.1428899E+03  1.2493437E-02
  2.1478301E+03  1.2446896E-02
  2.1527800E+03  1.2324354E-02
  2.1577400E+03  1.2301236E-02
  2.1627200E+03  1.2157295E-02
  2.1677000E+03  1.2093711E-02
  2.1727000E+03  1.2010655E-02
  2.1777100E+03  1.1959831E-02
  2.1827300E+03  1.1889344E-02
  2.1877600E+03  1.1867977E-02
  2.1928000E+03  1.1789727E-02
  2.1978601E+03  1.1768772E-02
  2.2029299E+03  1.1697465E-02
  2.2080000E+03  1.1560271E-02
  2.2130901E+03  1.1443382E-02
  2.2182000E+03  1.1320887E-02
  2.2233101E+03  1.1218222E-02
  2.2284399E+03  1.1167848E-02
  2.2335701E+03  1.1115889E-02
  2.2387200E+03  1.1039177E-02
  2.2438799E+03  1.0925763E-02
  2.2490500E+03  1.0870351E-02
  2.2542400E+03  1.0776438E-02
  2.2594399E+03  1.0579548E-02
  2.2646399E+03  1.0465613E-02
  2.2698601E+03  1.0322965E-02
  2.2751001E+03  1.0227333E-02
  2.2803401E+03  1.0175759E-02
  2.2856001E+03  1.0114576E-02
  2.2908701E+03  1.0053606E-02
  2.2961499E+03  9.9850846E-03
  2.3014399E+03  9.8572997E-03
  2.3067500E+03  9.7738858E-03
  2.3120601E+03  9.6695265E-03
  2.3173899E+03  9.5715243E-03
  2.3227400E+03  9.5296372E-03
  2.3280901E+03  9.4514703E-03
  2.3334600E+03  9.3863299E-03
  2.3388401E+03  9.2957439E-03
  2.3442300E+03  9.2466790E-03
  2.3496299E+03  9.1644516E-03
  2.3550500E+03  9.0621207E-03
  2.3604800E+03  8.9745903E-03
  2.3659199E+03  8.8905981E-03
  2.3713701E+03  8.8170292E-03
  2.3768401E+03  8.7362044E-03
  2.3823201E+03  8.6810486E-03
  2.3878101E+03  8.6078290E-03
  2.3933201E+03  8.5265106E-03
  2.3988301E+03  8.4081646E-03
  2.4043601E+03  8.3417101E-03
  2.4099099E+03  8.2973940E-03
  2.4154600E+03  8.2043586E-03
  2.4210300E+03  8.1631336E-03
  2.4266101E+03  8.0930693E-03
  2.4322000E+03  8.0166142E-03
  2.4378101E+03  7.9426868E-03
  2.4434299E+03  7.8843161E-03
  2.4490601E+03  7.8538386E-03
  2.4547100E+03  7.8296922E-03
  2.4603701E+03  7.7512097E-03
  2.4660400E+03  7.6870946E-03
  2.4717200E+03  7.6532019E-03
  2.4774199E+03  7.5873644E-03
  2.4831299E+03  7.5161122E-03
  2.4888601E+03  7.4731414E-03
  2.4945901E+03  7.4358764E-03
  2.5003501E+03  7.3684612E-03
  2.5061101E+03  7.3101120E-03
  2.5118899E+03  7.2712325E-03
  2.5176799E+03  7.2223269E-03
  2.5234800E+03  7.1878121E-03
  2.5293000E+03  7.0981439E-03
  2.5351299E+03  7.0528723E-03
  2.5409700E+03  7.0202537E-03
  2.5468301E+03  6.9972603E-03
  2.5527000E+03  6.9727763E-03
  2.5585901E+03  6.9450750E-03
  2.5644800E+03  6.9121923E-03
  2.5703899E+03  6.8889931E-03
  2.5763201E+03  6.8547651E-03
  2.5822600E+03  6.8292497E-03
  2.5882100E+03  6.7884694E-03
  2.5941799E+03  6.7529683E-03
  2.6001599E+03  6.7167277E-03
  2.6061499E+03  6.6957977E-03
  2.6121599E+03  6.6783014E-03
  2.6181799E+03  6.6323611E-03
  2.6242200E+03  6.5805810E-03
  2.6302700E+03  6.5165148E-03
  2.6363301E+03  6.4772568E-03
  2.6424099E+03  6.4351894E-03
  2.6485000E+03  6.3596950E-03
  2.6546101E+03  6.3487901E-03
  2.6607200E+03  6.3469331E-03
  2.6668601E+03  6.3103801E-03
  2.6730100E+03  6.2708729E-03
  2.6791699E+03  6.2265694E-03
  2.6853401E+03  6.2113390E-03
  2.6915300E+03  6.1561950E-03
  2.6977400E+03  6.1158030E-03
  2.7039600E+03  6.0841339E-03
  2.7101899E+03  6.0541173E-03
  2.7164399E+03  6.0385303E-03
  2.7227000E+03  6.0130120E-03
  2.7289800E+03  5.9945779E-03
  2.7352700E+03  5.9673516E-03
  2.7415701E+03  5.9609474E-03
  2.7478899E+03  5.9523112E-03
  2.7542300E+03  5.9358613E-03
  2.7605801E+03  5.9128706E-03
  2.7669399E+03  5.8910782E-03
  2.7733201E+03  5.8658160E-03
  2.7797100E+03  5.8540227E-03
  2.7861201E+03  5.8198641E-03
  2.7925400E+03  5.7788482E-03
  2.7989800E+03  5.7574422E-03
  2.8054299E+03  5.7278047E-03
  2.8118999E+03  5.7088877E-03
  2.8183799E+03  5.6984765E-03
  2.8248799E+03  5.6895646E-03
  2.8313899E+03  5.6756698E-03
  2.8379199E+03  5.6404830E-03
  2.8444600E+03  5.6231571E-03
  2.8510200E+03  5.6122364E-03
  2.8575901E+03  5.5958019E-03
  2.8641799E+03  5.5560544E-03
  2.8707800E+03  5.5362880E-03
  2.8773999E+03  5.5202153E-03
  2.8840300E+03  5.5058724E-03
  2.8906799E+03  5.4624374E-03
  2.8973401E+03  5.4369653E-03
  2.9040200E+03  5.4060509E-03
  2.9107200E+03  5.3730048E-03
  2.9174299E+03  5.3415475E-03
  2.9241499E+03  5.3260052E-03
  2.9308899E+03  5.3114523E-03
  2.9376499E+03  5.2936864E-03
  2.9444199E+03  5.2746767E-03
  2.9512100E+03  5.2548987E-03
  2.9580100E+03  5.2356203E-03
  2.9648301E+03  5.2085747E-03
  2.9716699E+03  5.1954640E-03
  2.9785200E+03  5.1845657E-03
  2.9853799E+03  5.1673492E-03
  2.9922600E+03  5.1542823E-03
  2.9991599E+03  5.1280120E-03
  3.0060801E+03  5.1126275E-03
  3.0130100E+03  5.0969115E-03
  3.0199500E+03  5.0779926E-03
  3.0269099E+03  5.0358674E-03
  3.0338899E+03  5.0194310E-03
  3.0408899E+03  5.0013517E-03
  3.0478899E+03  4.9849376E-03
  3.0549199E+03  4.9724141E-03
  3.0619600E+03  4.9510971E-03
  3.0690200E+03  4.9208454E-03
  3.0761001E+03  4.8987865E-03
  3.0831899E+03  4.8814495E-03
  3.0903000E+03  4.8593539E-03
  3.0974199E+03  4.8375013E-03
  3.1045601E+03  4.8197885E-03
  3.1117200E+03  4.8082815E-03
  3.1188899E+03  4.7948910E-03
  3.1260801E+03  4.7768545E-03
  3.1332800E+03  4.7593429E-03
  3.1405100E+03  4.7432543E-03
  3.1477500E+03  4.7243200E-03
  3.1550000E+03  4.7138976E-03
  3.1622800E+03  4.7032787E-03
  3.1695701E+03  4.6863044E-03
  3.1768701E+03  4.6722656E-03
  3.1842000E+03  4.6417527E-03
  3.1915400E+03  4.6223961E-03
  3.1988899E+03  4.6107052E-03
  3.2062700E+03  4.5942790E-03
  3.2136599E+03  4.5966380E-03
  3.2210701E+03  4.5801969E-03
  3.2284900E+03  4.5713698E-03
  3.2359399E+03  4.5669898E-03
  3.2433999E+03  4.5643407E-03
  3.2508701E+03  4.5550414E-03
  3.2583701E+03  4.5490339E-03
  3.2658799E+03  4.5377351E-03
  3.2734099E+03  4.5325616E-03
  3.2809500E+03  4.5249113E-03
  3.2885200E+03  4.5095435E-03
  3.2961001E+03  4.4931648E-03
  3.3036899E+03  4.4920673E-03
  3.3113101E+03  4.4809422E-03
  3.3189399E+03  4.4788835E-03
  3.3265901E+03  4.4638440E-03
  3.3342600E+03  4.4472818E-03
  3.3419500E+03  4.4472818E-03
  3.3496499E+03  4.4404268E-03
  3.3573799E+03  4.4388692E-03
  3.3651201E+03  4.4606398E-03
  3.3728701E+03  4.4652456E-03
  3.3806499E+03  4.4697509E-03
  3.3884399E+03  4.4809422E-03
  3.3962500E+03  4.4809422E-03
  3.4040801E+03  4.4805263E-03
  3.4119299E+03  4.4895699E-03
  3.4197900E+03  4.4895699E-03
  3.4276799E+03  4.4959188E-03
  3.4355801E+03  4.5014531E-03
  3.4435000E+03  4.4959188E-03
  3.4514399E+03  4.4952324E-03
  3.4593899E+03  4.4863154E-03
  3.4673701E+03  4.4788541E-03
  3.4753601E+03  4.4788541E-03
  3.4833701E+03  4.4698445E-03
  3.4913999E+03  4.4805263E-03
  3.4994500E+03  4.4764867E-03
  3.5075200E+03  4.4713290E-03
  3.5156001E+03  4.4960640E-03
  3.5237100E+03  4.5120846E-03
  3.5318301E+03  4.5129838E-03
  3.5399700E+03  4.5187054E-03
  3.5481299E+03  4.5176959E-03
  3.5563101E+03  4.5187054E-03
  3.5645100E+03  4.5272000E-03
  3.5727300E+03  4.5217630E-03
  3.5809600E+03  4.5207599E-03
  3.5892200E+03  4.5217630E-03
  3.5974900E+03  4.5217630E-03
  3.6057900E+03  4.5477804E-03
  3.6141001E+03  4.5533786E-03
  3.6224299E+03  4.5664711E-03
  3.6307800E+03  4.5816330E-03
  3.6391499E+03  4.5840354E-03
  3.6475400E+03  4.5864442E-03
  3.6559500E+03  4.5976527E-03
  3.6643701E+03  4.6044420E-03
  3.6728201E+03  4.6201688E-03
  3.6812900E+03  4.6308567E-03
  3.6897800E+03  4.6367557E-03
  3.6982800E+03  4.6375426E-03
  3.7068101E+03  4.6357783E-03
  3.7153501E+03  4.6401070E-03
  3.7239199E+03  4.6462552E-03
  3.7325000E+03  4.6611442E-03
  3.7411101E+03  4.6659755E-03
  3.7497300E+03  4.6659755E-03
  3.7583701E+03  4.6730428E-03
  3.7670400E+03  4.6774265E-03
  3.7757200E+03  4.6815551E-03
  3.7844199E+03  4.6828096E-03
  3.7931499E+03  4.6884171E-03
  3.8018899E+03  4.6870555E-03
  3.8106599E+03  4.6943845E-03
  3.8194399E+03  4.6876734E-03
  3.8282500E+03  4.6870555E-03
  3.8370701E+03  4.6940031E-03
  3.8459199E+03  4.7006765E-03
  3.8547800E+03  4.7249137E-03
  3.8636699E+03  4.7310600E-03
  3.8725701E+03  4.7349888E-03
  3.8815000E+03  4.7404533E-03
  3.8904500E+03  4.7419709E-03
  3.8994199E+03  4.7487309E-03
  3.9084099E+03  4.7487309E-03
  3.9174199E+03  4.7473623E-03
  3.9264500E+03  4.7539035E-03
  3.9355000E+03  4.7473623E-03
  3.9445701E+03  4.7473623E-03
  3.9536699E+03  4.7448040E-03
  3.9627800E+03  4.7463644E-03
  3.9719199E+03  4.7470862E-03
  3.9810701E+03  4.7518942E-03
  3.9902500E+03  4.7647804E-03
  3.9994500E+03  4.7625261E-03
  4.0086699E+03  4.7667348E-03
  4.0179099E+03  4.7674361E-03
  4.0271699E+03  4.7815847E-03
  4.0364500E+03  4.8065372E-03
  4.0457600E+03  4.8065372E-03
  4.0550901E+03  4.8127132E-03
  4.0644299E+03  4.8110597E-03
  4.0738000E+03  4.8097894E-03
  4.0831899E+03  4.8218900E-03
  4.0926101E+03  4.8373737E-03
  4.1020400E+03  4.8459750E-03
  4.1115000E+03  4.8462595E-03
  4.1209800E+03  4.8485775E-03
  4.1304702E+03  4.8447726E-03
  4.1400000E+03  4.7946093E-03
  4.1495400E+03  4.8272349E-03
  4.1591099E+03  4.8374217E-03
  4.1686899E+03  4.8459750E-03
  4.1782998E+03  4.8198919E-03
  4.1879399E+03  4.8062024E-03
  4.1975898E+03  4.7846674E-03
  4.2072598E+03  4.7788923E-03
  4.2169600E+03  4.7643175E-03
  4.2266899E+03  4.7766315E-03
  4.2364302E+03  4.7801179E-03
  4.2462002E+03  4.7795954E-03
  4.2559800E+03  4.7639306E-03
  4.2657900E+03  4.7538383E-03
  4.2756299E+03  4.7521475E-03
  4.2854800E+03  4.7429837E-03
  4.2953599E+03  4.7335410E-03
  4.3052598E+03  4.7262679E-03
  4.3151899E+03  4.7069131E-03
  4.3251401E+03  4.6955314E-03
  4.3351099E+03  4.6931165E-03
  4.3451001E+03  4.6772189E-03
  4.3551201E+03  4.6662418E-03
  4.3651602E+03  4.6473928E-03
  4.3752202E+03  4.6328935E-03
  4.3853101E+03  4.6324739E-03
  4.3954199E+03  4.6192608E-03
  4.4055498E+03  4.5978720E-03
  4.4157002E+03  4.5795832E-03
  4.4258799E+03  4.5577828E-03
  4.4360801E+03  4.5391577E-03
  4.4463101E+03  4.5105116E-03
  4.4565601E+03  4.4806469E-03
  4.4668301E+03  4.4576237E-03
  4.4771299E+03  4.4475868E-03
  4.4874502E+03  4.4367909E-03
  4.4977998E+03  4.4335942E-03
  4.5081699E+03  4.4237329E-03
  4.5185601E+03  4.4121859E-03
  4.5289702E+03  4.3934849E-03
  4.5394102E+03  4.3775449E-03
  4.5498799E+03  4.3518557E-03
  4.5603701E+03  4.3385499E-03
  4.5708799E+03  4.3003820E-03
  4.5814199E+03  4.2880336E-03
  4.5919800E+03  4.2811488E-03
  4.6025601E+03  4.2664171E-03
  4.6131802E+03  4.2559649E-03
  4.6238101E+03  4.2371261E-03
  4.6344702E+03  4.2125247E-03
  4.6451499E+03  4.1941637E-03
  4.6558599E+03  4.1735428E-03
  4.6665898E+03  4.1621160E-03
  4.6773501E+03  4.1522500E-03
  4.6881299E+03  4.1466146E-03
  4.6989399E+03  4.1401498E-03
  4.7097700E+03  4.1297986E-03
  4.7206299E+03  4.1064993E-03
  4.7315098E+03  4.0936130E-03
  4.7424199E+03  4.0860623E-03
  4.7533501E+03  4.0657809E-03
  4.7643101E+03  4.0471572E-03
  4.7752900E+03  4.0324447E-03
  4.7862998E+03  4.0160520E-03
  4.7973301E+03  4.0064817E-03
  4.8083901E+03  3.9923093E-03
  4.8194800E+03  3.9768135E-03
  4.8305898E+03  3.9631487E-03
  4.8417202E+03  3.9487779E-03
  4.8528799E+03  3.9278753E-03
  4.8640698E+03  3.9039701E-03
  4.8752798E+03  3.8894108E-03
  4.8865200E+03  3.8713228E-03
  4.8977900E+03  3.8564575E-03
  4.9090801E+03  3.8313544E-03
  4.9203901E+03  3.8248145E-03
  4.9317402E+03  3.8180172E-03
  4.9431099E+03  3.8029475E-03
  4.9545000E+03  3.7981342E-03
  4.9659199E+03  3.7832654E-03
  4.9773701E+03  3.7619353E-03
  4.9888398E+03  3.7313791E-03
  5.0003398E+03  3.7119063E-03
  5.0118701E+03  3.7007278E-03
  5.0234302E+03  3.6765698E-03
  5.0350000E+03  3.6515929E-03
  5.0466099E+03  3.6405681E-03
  5.0582500E+03  3.6221158E-03
  5.0699102E+03  3.5959098E-03
  5.0815898E+03  3.5853875E-03
  5.0933101E+03  3.5801164E-03
  5.1050498E+03  3.5677166E-03
  5.1168198E+03  3.5484880E-03
  5.1286099E+03  3.5230175E-03
  5.1404399E+03  3.5113629E-03
  5.1522900E+03  3.4937921E-03
  5.1641602E+03  3.4710953E-03
  5.1760698E+03  3.4626527E-03
  5.1880000E+03  3.4622154E-03
  5.1999600E+03  3.4614648E-03
  5.2119502E+03  3.4567572E-03
  5.2239600E+03  3.4567572E-03
  5.2360000E+03  3.4277125E-03
  5.2480698E+03  3.4338317E-03
  5.2601699E+03  3.4071673E-03
  5.2722998E+03  3.3778215E-03
  5.2844502E+03  3.3309234E-03
  5.2966299E+03  3.3041330E-03
  5.3088398E+03  3.3041330E-03
  5.3210801E+03  3.2730089E-03
  5.3333501E+03  3.2730089E-03
  5.3456401E+03  3.2541805E-03
  5.3579600E+03  3.2450324E-03
  5.3703198E+03  3.2015541E-03
  5.3827002E+03  3.1728467E-03
  5.3951001E+03  3.1634411E-03
  5.4075400E+03  3.1304904E-03
  5.4200098E+03  3.1070292E-03
  5.4325000E+03  3.0917074E-03
  5.4450200E+03  3.0859250E-03
  5.4575801E+03  3.0645283E-03
  5.4701602E+03  3.0494563E-03
  5.4827700E+03  3.0426753E-03
  5.4954102E+03  3.0249313E-03
  5.5080801E+03  3.0100406E-03
  5.5207700E+03  2.9932098E-03
  5.5335000E+03  2.9847298E-03
  5.5462598E+03  2.9619283E-03
  5.5590400E+03  2.9562621E-03
  5.5718501E+03  2.9268526E-03
  5.5847002E+03  2.9161999E-03
  5.5975698E+03  2.8974940E-03
  5.6104800E+03  2.8839321E-03
  5.6234102E+03  2.8796890E-03
  5.6363799E+03  2.8527305E-03
  5.6493701E+03  2.8487570E-03
  5.6623901E+03  2.8347571E-03
  5.6754502E+03  2.7936392E-03
  5.6885298E+03  2.7797103E-03
  5.7016401E+03  2.7393294E-03
  5.7147900E+03  2.7354222E-03
  5.7279600E+03  2.7165080E-03
  5.7411602E+03  2.7042518E-03
  5.7543999E+03  2.6927886E-03
  5.7676602E+03  2.6914319E-03
  5.7809600E+03  2.6904671E-03
  5.7942900E+03  2.6914319E-03
  5.8076401E+03  2.6928033E-03
  5.8210298E+03  2.7054797E-03
  5.8344502E+03  2.7029561E-03
  5.8478999E+03  2.6987586E-03
  5.8613799E+03  2.6841529E-03
  5.8748901E+03  2.6621479E-03
  5.8884399E+03  2.6377023E-03
  5.9020098E+03  2.6026557E-03
  5.9156099E+03  2.5981746E-03
  5.9292500E+03  2.5939844E-03
  5.9429199E+03  2.5930291E-03
  5.9566201E+03  2.6029886E-03
  5.9703501E+03  2.6026557E-03
  5.9841201E+03  2.5939844E-03
  5.9979102E+03  2.5930291E-03
  6.0117300E+03  2.5930291E-03
  6.0256001E+03  2.5561724E-03
  6.0394800E+03  2.5323483E-03
  6.0534102E+03  2.4883500E-03
  6.0673599E+03  2.4404412E-03
  6.0813501E+03  2.4404412E-03
  6.0953701E+03  2.4405497E-03
  6.1094199E+03  2.4404412E-03
  6.1235000E+03  2.4405497E-03
  6.1376201E+03  2.4664968E-03
  6.1517700E+03  2.4746847E-03
  6.1659502E+03  2.4562974E-03
  6.1801602E+03  2.4988784E-03
  6.1944102E+03  2.4746847E-03
  6.2086899E+03  2.4746847E-03
  6.2230000E+03  2.5030538E-03
  6.2373501E+03  2.4693487E-03
  6.2517300E+03  2.4693487E-03
  6.2661401E+03  2.5131463E-03
  6.2805801E+03  2.4134072E-03
  6.2950601E+03  2.3826966E-03
  6.3095698E+03  2.3657109E-03
  6.3241201E+03  2.3628802E-03
  6.3386899E+03  2.3493983E-03
  6.3533101E+03  2.3493983E-03
  6.3679502E+03  2.3426265E-03
  6.3826299E+03  2.3333493E-03
  6.3973501E+03  2.3426265E-03
  6.4120898E+03  2.4239712E-03
  6.4268799E+03  2.3882480E-03
  6.4416899E+03  2.3882480E-03
  6.4565400E+03  2.4319619E-03
  6.4714199E+03  2.4838774E-03
  6.4863398E+03  2.4319619E-03
  6.5012998E+03  2.3969274E-03
  6.5162798E+03  2.3969274E-03
  6.5312998E+03  2.3863777E-03
  6.5463599E+03  2.3416609E-03
  6.5614502E+03  2.3333186E-03
  6.5765801E+03  2.3416609E-03
  6.5917402E+03  2.3333186E-03
  6.6069302E+03  2.3333186E-03
  6.6221602E+03  2.3333186E-03
  6.6374302E+03  2.3554680E-03
  6.6527300E+03  2.3554680E-03
  6.6680698E+03  2.2885089E-03
  6.6834399E+03  2.2885089E-03
  6.6988501E+03  2.2663383E-03
  6.7142900E+03  2.2482115E-03
  6.7297598E+03  2.2433784E-03
  6.7452798E+03  2.2010247E-03
  6.7608301E+03  2.1776408E-03
  6.7764102E+03  2.1800103E-03
  6.7920400E+03  2.1903005E-03
  6.8076899E+03  2.1903005E-03
  6.8233799E+03  2.1669460E-03
  6.8391099E+03  2.1669460E-03
  6.8548799E+03  2.1060004E-03
  6.8706802E+03  2.0885859E-03
  6.8865200E+03  2.0830976E-03
  6.9023999E+03  2.0830976E-03
  6.9183101E+03  2.0387550E-03
  6.9342598E+03  2.0387550E-03
  6.9502402E+03  2.0806084E-03
  6.9662598E+03  2.0532918E-03
  6.9823198E+03  2.0532918E-03
  6.9984199E+03  1.9975614E-03
  7.0145498E+03  1.9899774E-03
  7.0307202E+03  1.9788623E-03
  7.0469302E+03  1.9164023E-03
  7.0631802E+03  1.9162960E-03
  7.0794600E+03  1.8818046E-03
  7.0957700E+03  1.8629398E-03
  7.1121401E+03  1.8262329E-03
  7.1285298E+03  1.8262329E-03
  7.1449600E+03  1.8208640E-03
  7.1614302E+03  1.8466166E-03
  7.1779399E+03  1.7787880E-03
  7.1944902E+03  1.7365906E-03
  7.2110698E+03  1.7511903E-03
  7.2277002E+03  1.7511903E-03
  7.2443599E+03  1.7953956E-03
  7.2610601E+03  1.7489902E-03
  7.2777998E+03  1.6426514E-03
  7.2945698E+03  1.6426514E-03
  7.3113901E+03  1.6528215E-03
  7.3282500E+03  1.6426514E-03
  7.3451401E+03  1.6426514E-03
  7.3620698E+03  1.6440849E-03
  7.3790400E+03  1.6948647E-03
  7.3960498E+03  1.6899460E-03
  7.4131001E+03  1.6440849E-03
  7.4301899E+03  1.6807070E-03
  7.4473198E+03  1.6163297E-03
  7.4644902E+03  1.6138710E-03
  7.4816899E+03  1.5845115E-03
  7.4989399E+03  1.5612729E-03
  7.5162300E+03  1.5845115E-03
  7.5335498E+03  1.5989874E-03
  7.5509199E+03  1.5989874E-03
  7.5683301E+03  1.5752199E-03
  7.5857700E+03  1.5989874E-03
  7.6032598E+03  1.5579723E-03
  7.6207900E+03  1.4930699E-03
  7.6383599E+03  1.4930699E-03
  7.6559600E+03  1.4930699E-03
  7.6736099E+03  1.5143502E-03
  7.6912998E+03  1.5143502E-03
  7.7090298E+03  1.5143502E-03
  7.7268101E+03  1.5589468E-03
  7.7446201E+03  1.5784436E-03
  7.7624702E+03  1.5962290E-03
  7.7803599E+03  1.5784436E-03
  7.7982998E+03  1.5751681E-03
  7.8162798E+03  1.5771054E-03
  7.8342900E+03  1.3856059E-03
  7.8523599E+03  1.3829203E-03
  7.8704600E+03  1.3856059E-03
  7.8886001E+03  1.4243139E-03
  7.9067900E+03  1.4433024E-03
  7.9250098E+03  1.4940448E-03
  7.9432798E+03  1.4924700E-03
  7.9615898E+03  1.4989947E-03
  7.9799502E+03  1.4239714E-03
  7.9983398E+03  1.4094611E-03
  8.0167798E+03  1.3591389E-03
  8.0352598E+03  1.3082381E-03
  8.0537798E+03  1.3205315E-03
  8.0723501E+03  1.3205315E-03
  8.0909600E+03  1.2929133E-03
  8.1096099E+03  1.3205315E-03
  8.1282998E+03  1.3498144E-03
  8.1470400E+03  1.3498144E-03
  8.1658198E+03  1.3308527E-03
  8.1846499E+03  1.2835168E-03
  8.2035098E+03  1.3060302E-03
  8.2224297E+03  1.2738304E-03
  8.2413799E+03  1.2835168E-03
  8.2603799E+03  1.3076738E-03
  8.2794199E+03  1.3091930E-03
  8.2985098E+03  1.3076738E-03
  8.3176299E+03  1.3076738E-03
  8.3368096E+03  1.3091930E-03
  8.3560303E+03  1.2956125E-03
  8.3752900E+03  1.2801390E-03
  8.3945996E+03  1.2801390E-03
  8.4139502E+03  1.2801390E-03
  8.4333496E+03  1.2675021E-03
  8.4527900E+03  1.1928905E-03
  8.4722695E+03  1.2499231E-03
  8.4917998E+03  1.2499231E-03
  8.5113799E+03  1.2499231E-03
  8.5310000E+03  1.2499231E-03
  8.5506699E+03  1.2965988E-03
  8.5703799E+03  1.2419702E-03
  8.5901396E+03  1.2488717E-03
  8.6099404E+03  1.2419702E-03
  8.6297803E+03  1.2488717E-03
  8.6496699E+03  1.2419702E-03
  8.6696201E+03  1.2480998E-03
  8.6895996E+03  1.2161226E-03
  8.7096299E+03  1.1919374E-03
  8.7297100E+03  1.1407742E-03
  8.7498398E+03  1.1406178E-03
  8.7700000E+03  1.1065020E-03
  8.7902305E+03  1.1314767E-03
  8.8104902E+03  1.1042440E-03
  8.8307998E+03  1.1042440E-03
  8.8511504E+03  1.1458086E-03
  8.8715596E+03  1.1742989E-03
  8.8920098E+03  1.1471631E-03
  8.9125098E+03  1.1471631E-03
  8.9330498E+03  1.1458086E-03
  8.9536504E+03  1.1121951E-03
  8.9742803E+03  1.0950734E-03
  8.9949805E+03  1.1121951E-03
  9.0157100E+03  1.1461980E-03
  9.0364902E+03  1.1507925E-03
  9.0573301E+03  1.1591035E-03
  9.0782002E+03  1.1591035E-03
  9.0991299E+03  1.1600928E-03
  9.1200996E+03  1.1600928E-03
  9.1411299E+03  1.1761700E-03
  9.1622002E+03  1.1600928E-03
  9.1833203E+03  1.1427318E-03
  9.2045000E+03  1.1185681E-03
  9.2257100E+03  1.1173602E-03
  9.2469805E+03  1.0773983E-03
  9.2682998E+03  1.1070854E-03
  9.2896602E+03  1.0703446E-03
  9.3110801E+03  1.0703446E-03
  9.3325400E+03  1.0769749E-03
  9.3540596E+03  1.0115148E-03
  9.3756201E+03  1.0076583E-03
  9.3972305E+03  1.0230548E-03
  9.4189004E+03  9.9763891E-04
  9.4406104E+03  1.0230548E-03
  9.4623701E+03  1.0881937E-03
  9.4841797E+03  1.0594185E-03
  9.5060498E+03  1.0475258E-03
  9.5279600E+03  1.0387402E-03
  9.5499199E+03  1.0283071E-03
  9.5719404E+03  1.0221543E-03
  9.5940000E+03  1.0200209E-03
  9.6161201E+03  1.0105512E-03
  9.6382900E+03  1.0011008E-03
  9.6605098E+03  9.9250395E-04
  9.6827695E+03  9.9286193E-04
  9.7050996E+03  9.8972407E-04
  9.7274697E+03  9.8285743E-04
  9.7498896E+03  9.5646066E-04
  9.7723701E+03  9.3070691E-04
  9.7949004E+03  8.8728889E-04
  9.8174805E+03  8.8728889E-04
  9.8401104E+03  8.6642703E-04
  9.8627900E+03  8.6642703E-04
  9.8855303E+03  9.2666142E-04
  9.9083203E+03  9.0939616E-04
  9.9311602E+03  9.2839473E-04
  9.9540498E+03  9.0939616E-04
  9.9770000E+03  9.3198055E-04
  1.0000000E+04  9.4059465E-04
  1.0000000E+04  9.4059465E-04
  1.0115800E+04  9.2343369E-04
  1.0232940E+04  8.8255765E-04
  1.0351420E+04  8.6103333E-04
  1.0471290E+04  8.5014862E-04
  1.0592540E+04  8.2035566E-04
  1.0715200E+04  8.0217916E-04
  1.0839270E+04  7.2853570E-04
  1.0964780E+04  7.5306545E-04
  1.1091750E+04  6.7173544E-04
  1.1220190E+04  7.3299353E-04
  1.1350100E+04  6.5350113E-04
  1.1481540E+04  6.2520703E-04
  1.1614490E+04  6.2385446E-04
  1.1748980E+04  6.2255439E-04
  1.1885020E+04  6.7768706E-04
  1.2022640E+04  6.0679129E-04
  1.2161860E+04  5.8719667E-04
  1.2302690E+04  5.8205129E-04
  1.2445140E+04  5.8881583E-04
  1.2589250E+04  5.5893854E-04
  1.2735030E+04  5.4435601E-04
  1.2882500E+04  5.1777734E-04
  1.3031660E+04  5.2414270E-04
  1.3182560E+04  4.7974926E-04
  1.3335210E+04  5.0238339E-04
  1.3489630E+04  4.7766734E-04
  1.3645840E+04  4.5121167E-04
  1.3803840E+04  4.4233201E-04
  1.3963680E+04  4.5240892E-04
  1.4125380E+04  4.1953841E-04
  1.4288950E+04  3.9824392E-04
  1.4454390E+04  4.0832371E-04
  1.4621770E+04  4.1882411E-04
  1.4791090E+04  4.4778583E-04
  1.4962360E+04  3.7738623E-04
  1.5135610E+04  3.4519404E-04
  1.5310870E+04  3.6127763E-04
  1.5488170E+04  3.5016111E-04
  1.5667520E+04  3.0508896E-04
  1.5848920E+04  3.4989745E-04
  1.6032450E+04  3.6370862E-04
  1.6218100E+04  3.3834373E-04
  1.6405900E+04  3.3787783E-04
  1.6595859E+04  3.1369278E-04
  1.6788039E+04  3.2540035E-04
  1.6982439E+04  3.2103842E-04
  1.7179090E+04  3.1257575E-04
  1.7378000E+04  2.8617607E-04
  1.7579230E+04  2.6391246E-04
  1.7782789E+04  2.5874819E-04
  1.7988711E+04  2.6020114E-04
  1.8197020E+04  2.5115215E-04
  1.8407711E+04  2.4371930E-04
  1.8620869E+04  2.3766246E-04
  1.8836490E+04  2.2765198E-04
  1.9054619E+04  2.2838125E-04
  1.9275240E+04  2.1776622E-04
  1.9498439E+04  2.0280498E-04
  1.9724230E+04  1.9960049E-04
  1.9952631E+04  1.9352346E-04
  2.0183660E+04  1.8953512E-04
  2.0417381E+04  1.7745006E-04
  2.0653801E+04  1.6837656E-04
  2.0892971E+04  1.6765315E-04
  2.1134881E+04  1.5924968E-04
  2.1379619E+04  1.5421625E-04
  2.1627189E+04  1.4683299E-04
  2.1877619E+04  1.3960678E-04
  2.2130939E+04  1.3196995E-04
  2.2387211E+04  1.3066125E-04
  2.2646439E+04  1.2350013E-04
  2.2908680E+04  1.1386301E-04
  2.3173930E+04  1.1403429E-04
  2.3442279E+04  1.0739927E-04
  2.3713740E+04  1.0302883E-04
  2.3988340E+04  9.8687189E-05
  2.4266109E+04  8.8510787E-05
  2.4547080E+04  8.3644831E-05
  2.4831330E+04  7.6358323E-05
  2.5118869E+04  7.2770868E-05
  2.5409740E+04  7.2088944E-05
  2.5703949E+04  7.1785013E-05
  2.6001590E+04  7.1321032E-05
  2.6302680E+04  7.0645867E-05
  2.6607260E+04  6.9728223E-05
  2.6915340E+04  6.5900422E-05
  2.7227010E+04  6.6622117E-05
  2.7542289E+04  6.4397624E-05
  2.7861221E+04  6.3573003E-05
  2.8183820E+04  6.0691687E-05
  2.8510180E+04  5.5833192E-05
  2.8840320E+04  5.4402226E-05
  2.9174279E+04  5.1246010E-05
  2.9512080E+04  4.7064324E-05
  2.9853820E+04  4.3977394E-05
  3.0199520E+04  4.3119395E-05
  3.0549221E+04  4.1719482E-05
  3.0902939E+04  4.0529692E-05
  3.1260789E+04  3.9449082E-05
  3.1622779E+04  3.8433220E-05
  3.1988961E+04  3.9910756E-05
  3.2359350E+04  4.8786285E-05
  3.2734061E+04  6.4145912E-05
  3.3113109E+04  6.7824869E-05
  3.3496551E+04  5.1519626E-05
  3.3884430E+04  3.6290305E-05
  3.4276770E+04  3.0824896E-05
  3.4673680E+04  2.9232893E-05
  3.5075199E+04  2.8199200E-05
  3.5481359E+04  2.7145461E-05
  3.5892180E+04  2.6098898E-05
  3.6307801E+04  2.5228710E-05
  3.6728230E+04  2.4240469E-05
  3.7153539E+04  2.3265995E-05
  3.7583719E+04  2.2353999E-05
  3.8018930E+04  2.1602909E-05
  3.8459180E+04  2.0916908E-05
  3.8904531E+04  2.0111673E-05
  3.9354988E+04  1.9401406E-05
  3.9810711E+04  1.8612081E-05
  4.0271711E+04  1.8048500E-05
  4.0738039E+04  1.7394283E-05
  4.1209730E+04  1.6834403E-05
  4.1686930E+04  1.6197300E-05
  4.2169648E+04  1.5672696E-05
  4.2657961E+04  1.5186194E-05
  4.3151879E+04  1.3768797E-05
  4.3651570E+04  1.3004204E-05
  4.4157039E+04  1.2287006E-05
  4.4668371E+04  1.1818898E-05
  4.5185621E+04  1.1513397E-05
  4.5708801E+04  1.1374205E-05
  4.6238102E+04  1.1109106E-05
  4.6773520E+04  1.0976405E-05
  4.7315148E+04  1.0846301E-05
  4.7862988E+04  1.0653599E-05
  4.8417230E+04  1.0534004E-05
  4.8977891E+04  1.0337789E-05
  4.9545039E+04  1.0177103E-05
  5.0118699E+04  1.0050899E-05
  5.0699059E+04  9.8892951E-06
  5.1286141E+04  9.7503853E-06
  5.1880020E+04  9.6424974E-06
  5.2480719E+04  9.5181877E-06
  5.3088430E+04  9.3731014E-06
  5.3703180E+04  9.2838000E-06
  5.4325051E+04  9.1559978E-06
  5.4954059E+04  9.0842013E-06
  5.5590410E+04  9.0125923E-06
  5.6234129E+04  8.9377982E-06
  5.6885309E+04  8.8816951E-06
  5.7543961E+04  8.6862019E-06
  5.8210301E+04  8.4188987E-06
  5.8884359E+04  8.0875043E-06
  5.9566230E+04  7.6986998E-06
  6.0255988E+04  7.9841002E-06
  6.0953672E+04  9.5775004E-06
  6.1659500E+04  1.5856305E-05
  6.2373500E+04  2.4842702E-05
  6.3095762E+04  1.8042496E-05
  6.3826320E+04  1.1523995E-05
  6.4565410E+04  8.7168028E-06
  6.5313059E+04  7.4415038E-06
  6.6069367E+04  7.8436879E-06
  6.6834359E+04  7.9598985E-06
  6.7608289E+04  7.9225974E-06
  6.8391172E+04  7.5809985E-06
  6.9183117E+04  8.6151940E-06
  6.9984156E+04  1.0209099E-05
  7.0794562E+04  9.2220007E-06
  7.1614344E+04  9.8982027E-06
  7.2443617E+04  1.0325696E-05
  7.3282406E+04  1.1805501E-05
  7.4131008E+04  1.4290295E-05
  7.4989422E+04  1.8533408E-05
  7.5857781E+04  2.2285089E-05
  7.6736102E+04  2.4141107E-05
  7.7624688E+04  2.2565207E-05
  7.8523562E+04  2.1446198E-05
  7.9432844E+04  1.8276089E-05
  8.0352648E+04  1.4193503E-05
  8.1283023E+04  1.1856005E-05
  8.2224258E+04  1.0243401E-05
  8.3176391E+04  9.9269027E-06
  8.4139547E+04  9.8573055E-06
  8.5113773E+04  1.0359002E-05
  8.6099367E+04  1.1426101E-05
  8.7096367E+04  1.0351305E-05
  8.8104922E+04  7.2868011E-06
  8.9125047E+04  5.3010967E-06
  9.0157102E+04  4.1734006E-06
  9.1201094E+04  3.4083982E-06
  9.2257172E+04  3.0847987E-06
  9.3325383E+04  3.0518008E-06
  9.4406070E+04  2.9934004E-06
  9.5499273E+04  2.7321998E-06
  9.6605117E+04  2.9296000E-06
  9.7723672E+04  2.8193008E-06
  9.8855281E+04  2.4334977E-06
  1.0000000E+05  2.1989968E-06
  1.0115797E+05  2.3161012E-06
  1.0232924E+05  2.3450004E-06
  1.0351419E+05  2.3613006E-06
  1.0471285E+05  2.6735995E-06
  1.0592540E+05  3.3471993E-06
  1.0715198E+05  3.3267002E-06
  1.0839266E+05  3.4589002E-06
  1.0964781E+05  4.2926004E-06
  1.1091750E+05  5.9075983E-06
  1.1220190E+05  1.0596995E-05
  1.1350104E+05  1.1753896E-05
  1.1481534E+05  8.0780965E-06
  1.1614488E+05  5.8669011E-06
  1.1748980E+05  5.0641925E-06
  1.1885017E+05  5.1014999E-06
  1.2022642E+05  5.4971983E-06
  1.2161861E+05  5.2292980E-06
  1.2302692E+05  5.6580025E-06
  1.2445140E+05  6.0479024E-06
  1.2589252E+05  6.7754904E-06
  1.2735031E+05  8.6119026E-06
  1.2882499E+05  7.5640041E-06
  1.3031661E+05  4.5903994E-06
  1.3182564E+05  4.0927998E-06
  1.3335214E+05  4.0290988E-06
  1.3489633E+05  3.9461993E-06
  1.3645823E+05  4.0371006E-06
  1.3803839E+05  3.6320000E-06
  1.3963683E+05  3.6371998E-06
  1.4125378E+05  3.5434987E-06
  1.4288947E+05  3.5108983E-06
  1.4454392E+05  3.5154962E-06
  1.4621770E+05  3.5204985E-06
  1.4791086E+05  3.5257012E-06
  1.4962362E+05  3.5311016E-06
  1.5135606E+05  3.5364947E-06
  1.5310872E+05  3.5419000E-06
  1.5488169E+05  3.5475005E-06
  1.5667517E+05  3.5533010E-06
  1.5848925E+05  3.5595995E-06
  1.6032452E+05  3.5652006E-06
  1.6218103E+05  3.5674991E-06
  1.6405903E+05  3.5699991E-06
  1.6595861E+05  3.5727007E-06
  1.6788036E+05  3.5756007E-06
  1.6982438E+05  3.5784992E-06
  1.7179089E+05  3.5818011E-06
  1.7377998E+05  3.5850983E-06
  1.7579231E+05  3.5885953E-06
  1.7782794E+05  3.5923010E-06
  1.7988714E+05  3.5962946E-06
  1.8196998E+05  3.5983999E-06
  1.8407714E+05  3.5992969E-06
  1.8620870E+05  3.5992969E-06
  1.8836495E+05  3.5983999E-06
  1.9054595E+05  3.5978983E-06
  1.9275242E+05  3.6006013E-06
  1.9498444E+05  3.6023016E-06
  1.9724231E+05  3.6028989E-06
  1.9952631E+05  3.6027011E-06
