  3.1623001E+02  0.0000000E+00
  3.1695999E+02  0.0000000E+00
  3.1769000E+02  0.0000000E+00
  3.1842001E+02  0.0000000E+00
  3.1914999E+02  0.0000000E+00
  3.1989001E+02  0.0000000E+00
  3.2063000E+02  0.0000000E+00
  3.2137000E+02  0.0000000E+00
  3.2210999E+02  0.0000000E+00
  3.2285001E+02  0.0000000E+00
  3.2359000E+02  0.0000000E+00
  3.2434000E+02  0.0000000E+00
  3.2509000E+02  0.0000000E+00
  3.2584000E+02  0.0000000E+00
  3.2659000E+02  0.0000000E+00
  3.2734000E+02  0.0000000E+00
  3.2810001E+02  0.0000000E+00
  3.2885001E+02  0.0000000E+00
  3.2960999E+02  0.0000000E+00
  3.3037000E+02  0.0000000E+00
  3.3113000E+02  0.0000000E+00
  3.3189001E+02  0.0000000E+00
  3.3266000E+02  0.0000000E+00
  3.3342999E+02  0.0000000E+00
  3.3419000E+02  0.0000000E+00
  3.3497000E+02  0.0000000E+00
  3.3573999E+02  0.0000000E+00
  3.3651001E+02  0.0000000E+00
  3.3729001E+02  0.0000000E+00
  3.3806000E+02  0.0000000E+00
  3.3884000E+02  0.0000000E+00
  3.3963000E+02  0.0000000E+00
  3.4041000E+02  0.0000000E+00
  3.4119000E+02  0.0000000E+00
  3.4198001E+02  0.0000000E+00
  3.4276999E+02  0.0000000E+00
  3.4356000E+02  0.0000000E+00
  3.4435001E+02  0.0000000E+00
  3.4514001E+02  0.0000000E+00
  3.4594000E+02  0.0000000E+00
  3.4673999E+02  0.0000000E+00
  3.4754001E+02  0.0000000E+00
  3.4834000E+02  0.0000000E+00
  3.4914001E+02  0.0000000E+00
  3.4995001E+02  0.0000000E+00
  3.5075000E+02  0.0000000E+00
  3.5156000E+02  0.0000000E+00
  3.5237000E+02  0.0000000E+00
  3.5317999E+02  0.0000000E+00
  3.5400000E+02  0.0000000E+00
  3.5481000E+02  0.0000000E+00
  3.5563000E+02  0.0000000E+00
  3.5645001E+02  0.0000000E+00
  3.5726999E+02  0.0000000E+00
  3.5810001E+02  0.0000000E+00
  3.5892001E+02  0.0000000E+00
  3.5975000E+02  0.0000000E+00
  3.6057999E+02  0.0000000E+00
  3.6141000E+02  0.0000000E+00
  3.6223999E+02  0.0000000E+00
  3.6307999E+02  0.0000000E+00
  3.6392001E+02  0.0000000E+00
  3.6475000E+02  0.0000000E+00
  3.6559000E+02  0.0000000E+00
  3.6644000E+02  0.0000000E+00
  3.6728000E+02  0.0000000E+00
  3.6813000E+02  0.0000000E+00
  3.6898001E+02  0.0000000E+00
  3.6982999E+02  0.0000000E+00
  3.7067999E+02  0.0000000E+00
  3.7154001E+02  0.0000000E+00
  3.7239001E+02  0.0000000E+00
  3.7325000E+02  0.0000000E+00
  3.7410999E+02  0.0000000E+00
  3.7497000E+02  0.0000000E+00
  3.7584000E+02  0.0000000E+00
  3.7670001E+02  0.0000000E+00
  3.7757001E+02  0.0000000E+00
  3.7844000E+02  0.0000000E+00
  3.7931000E+02  0.0000000E+00
  3.8019000E+02  0.0000000E+00
  3.8107001E+02  0.0000000E+00
  3.8194000E+02  0.0000000E+00
  3.8282001E+02  0.0000000E+00
  3.8370999E+02  0.0000000E+00
  3.8459000E+02  0.0000000E+00
  3.8548001E+02  0.0000000E+00
  3.8637000E+02  0.0000000E+00
  3.8726001E+02  0.0000000E+00
  3.8814999E+02  0.0000000E+00
  3.8904999E+02  0.0000000E+00
  3.8994000E+02  0.0000000E+00
  3.9084000E+02  0.0000000E+00
  3.9173999E+02  0.0000000E+00
  3.9264999E+02  0.0000000E+00
  3.9354999E+02  0.0000000E+00
  3.9445999E+02  0.0000000E+00
  3.9537000E+02  0.0000000E+00
  3.9628000E+02  0.0000000E+00
  3.9719000E+02  0.0000000E+00
  3.9810999E+02  0.0000000E+00
  3.9901999E+02  0.0000000E+00
  3.9994000E+02  0.0000000E+00
  4.0087000E+02  0.0000000E+00
  4.0179001E+02  0.0000000E+00
  4.0272000E+02  0.0000000E+00
  4.0364999E+02  0.0000000E+00
  4.0457999E+02  0.0000000E+00
  4.0551001E+02  0.0000000E+00
  4.0644000E+02  0.0000000E+00
  4.0738000E+02  0.0000000E+00
  4.0832001E+02  0.0000000E+00
  4.0926001E+02  0.0000000E+00
  4.1020001E+02  0.0000000E+00
  4.1114999E+02  0.0000000E+00
  4.1210001E+02  0.0000000E+00
  4.1304999E+02  0.0000000E+00
  4.1400000E+02  0.0000000E+00
  4.1495001E+02  0.0000000E+00
  4.1591000E+02  0.0000000E+00
  4.1687000E+02  0.0000000E+00
  4.1782999E+02  0.0000000E+00
  4.1879001E+02  0.0000000E+00
  4.1976001E+02  0.0000000E+00
  4.2073001E+02  0.0000000E+00
  4.2170001E+02  0.0000000E+00
  4.2267001E+02  0.0000000E+00
  4.2364001E+02  0.0000000E+00
  4.2462000E+02  0.0000000E+00
  4.2560001E+02  0.0000000E+00
  4.2657999E+02  0.0000000E+00
  4.2756000E+02  0.0000000E+00
  4.2854999E+02  0.0000000E+00
  4.2954001E+02  0.0000000E+00
  4.3053000E+02  0.0000000E+00
  4.3151999E+02  0.0000000E+00
  4.3251001E+02  0.0000000E+00
  4.3351001E+02  0.0000000E+00
  4.3451001E+02  0.0000000E+00
  4.3551001E+02  0.0000000E+00
  4.3651999E+02  0.0000000E+00
  4.3751999E+02  0.0000000E+00
  4.3853000E+02  0.0000000E+00
  4.3954001E+02  0.0000000E+00
  4.4054999E+02  0.0000000E+00
  4.4157001E+02  0.0000000E+00
  4.4259000E+02  0.0000000E+00
  4.4360999E+02  0.0000000E+00
  4.4463000E+02  0.0000000E+00
  4.4566000E+02  0.0000000E+00
  4.4667999E+02  0.0000000E+00
  4.4770999E+02  0.0000000E+00
  4.4875000E+02  0.0000000E+00
  4.4978000E+02  0.0000000E+00
  4.5082001E+02  0.0000000E+00
  4.5185999E+02  0.0000000E+00
  4.5289999E+02  0.0000000E+00
  4.5394000E+02  0.0000000E+00
  4.5498999E+02  0.0000000E+00
  4.5604001E+02  0.0000000E+00
  4.5709000E+02  0.0000000E+00
  4.5814001E+02  0.0000000E+00
  4.5920001E+02  0.0000000E+00
  4.6026001E+02  0.0000000E+00
  4.6132001E+02  0.0000000E+00
  4.6238000E+02  0.0000000E+00
  4.6345001E+02  0.0000000E+00
  4.6451999E+02  0.0000000E+00
  4.6559000E+02  0.0000000E+00
  4.6666000E+02  0.0000000E+00
  4.6773999E+02  0.0000000E+00
  4.6881000E+02  0.0000000E+00
  4.6989001E+02  0.0000000E+00
  4.7098001E+02  0.0000000E+00
  4.7206000E+02  0.0000000E+00
  4.7314999E+02  0.0000000E+00
  4.7423999E+02  0.0000000E+00
  4.7534000E+02  0.0000000E+00
  4.7642999E+02  0.0000000E+00
  4.7753000E+02  0.0000000E+00
  4.7863000E+02  0.0000000E+00
  4.7973001E+02  0.0000000E+00
  4.8084000E+02  0.0000000E+00
  4.8195001E+02  0.0000000E+00
  4.8306000E+02  0.0000000E+00
  4.8417001E+02  0.0000000E+00
  4.8529001E+02  0.0000000E+00
  4.8641000E+02  0.0000000E+00
  4.8753000E+02  0.0000000E+00
  4.8864999E+02  0.0000000E+00
  4.8978000E+02  0.0000000E+00
  4.9091000E+02  0.0000000E+00
  4.9204001E+02  0.0000000E+00
  4.9317001E+02  0.0000000E+00
  4.9431000E+02  0.0000000E+00
  4.9545001E+02  0.0000000E+00
  4.9659000E+02  0.0000000E+00
  4.9773999E+02  0.0000000E+00
  4.9888000E+02  0.0000000E+00
  5.0003000E+02  0.0000000E+00
  5.0119000E+02  0.0000000E+00
  5.0234000E+02  0.0000000E+00
  5.0350000E+02  0.0000000E+00
  5.0466000E+02  0.0000000E+00
  5.0582001E+02  0.0000000E+00
  5.0698999E+02  0.0000000E+00
  5.0816000E+02  0.0000000E+00
  5.0932999E+02  0.0000000E+00
  5.1050000E+02  0.0000000E+00
  5.1167999E+02  0.0000000E+00
  5.1285999E+02  0.0000000E+00
  5.1403998E+02  0.0000000E+00
  5.1522998E+02  0.0000000E+00
  5.1641998E+02  0.0000000E+00
  5.1760999E+02  0.0000000E+00
  5.1879999E+02  0.0000000E+00
  5.2000000E+02  0.0000000E+00
  5.2119000E+02  0.0000000E+00
  5.2240002E+02  0.0000000E+00
  5.2359998E+02  0.0000000E+00
  5.2481000E+02  0.0000000E+00
  5.2602002E+02  0.0000000E+00
  5.2722998E+02  0.0000000E+00
  5.2845001E+02  0.0000000E+00
  5.2965997E+02  0.0000000E+00
  5.3088000E+02  0.0000000E+00
  5.3210999E+02  0.0000000E+00
  5.3333002E+02  0.0000000E+00
  5.3456000E+02  0.0000000E+00
  5.3579999E+02  0.0000000E+00
  5.3703003E+02  0.0000000E+00
  5.3827002E+02  0.0000000E+00
  5.3951001E+02  0.0000000E+00
  5.4075000E+02  0.0000000E+00
  5.4200000E+02  0.0000000E+00
  5.4325000E+02  0.0000000E+00
  5.4450000E+02  0.0000000E+00
  5.4576001E+02  0.0000000E+00
  5.4702002E+02  0.0000000E+00
  5.4828003E+02  0.0000000E+00
  5.4953998E+02  0.0000000E+00
  5.5081000E+02  0.0000000E+00
  5.5208002E+02  0.0000000E+00
  5.5334998E+02  0.0000000E+00
  5.5463000E+02  0.0000000E+00
  5.5590002E+02  0.0000000E+00
  5.5719000E+02  0.0000000E+00
  5.5846997E+02  0.0000000E+00
  5.5976001E+02  0.0000000E+00
  5.6104999E+02  0.0000000E+00
  5.6234003E+02  0.0000000E+00
  5.6364001E+02  0.0000000E+00
  5.6494000E+02  0.0000000E+00
  5.6623999E+02  0.0000000E+00
  5.6753998E+02  0.0000000E+00
  5.6884998E+02  0.0000000E+00
  5.7015997E+02  0.0000000E+00
  5.7147998E+02  0.0000000E+00
  5.7279999E+02  0.0000000E+00
  5.7412000E+02  0.0000000E+00
  5.7544000E+02  0.0000000E+00
  5.7677002E+02  0.0000000E+00
  5.7809998E+02  0.0000000E+00
  5.7942999E+02  0.0000000E+00
  5.8076001E+02  0.0000000E+00
  5.8209998E+02  0.0000000E+00
  5.8345001E+02  0.0000000E+00
  5.8478998E+02  0.0000000E+00
  5.8614001E+02  0.0000000E+00
  5.8748999E+02  0.0000000E+00
  5.8884003E+02  0.0000000E+00
  5.9020001E+02  0.0000000E+00
  5.9156000E+02  0.0000000E+00
  5.9292999E+02  0.0000000E+00
  5.9428998E+02  0.0000000E+00
  5.9565997E+02  0.0000000E+00
  5.9703998E+02  0.0000000E+00
  5.9840997E+02  0.0000000E+00
  5.9978998E+02  0.0000000E+00
  6.0116998E+02  0.0000000E+00
  6.0256000E+02  0.0000000E+00
  6.0395001E+02  0.0000000E+00
  6.0534003E+02  0.0000000E+00
  6.0673999E+02  0.0000000E+00
  6.0813000E+02  0.0000000E+00
  6.0953998E+02  0.0000000E+00
  6.1094000E+02  0.0000000E+00
  6.1234998E+02  0.0000000E+00
  6.1376001E+02  0.0000000E+00
  6.1517999E+02  0.0000000E+00
  6.1659003E+02  0.0000000E+00
  6.1802002E+02  0.0000000E+00
  6.1944000E+02  0.0000000E+00
  6.2087000E+02  0.0000000E+00
  6.2229999E+02  0.0000000E+00
  6.2372998E+02  0.0000000E+00
  6.2516998E+02  0.0000000E+00
  6.2660999E+02  0.0000000E+00
  6.2806000E+02  0.0000000E+00
  6.2951001E+02  0.0000000E+00
  6.3096002E+02  0.0000000E+00
  6.3240997E+02  0.0000000E+00
  6.3387000E+02  0.0000000E+00
  6.3533002E+02  0.0000000E+00
  6.3679999E+02  0.0000000E+00
  6.3826001E+02  0.0000000E+00
  6.3972998E+02  0.0000000E+00
  6.4121002E+02  0.0000000E+00
  6.4269000E+02  0.0000000E+00
  6.4416998E+02  0.0000000E+00
  6.4565002E+02  0.0000000E+00
  6.4714001E+02  0.0000000E+00
  6.4863000E+02  0.0000000E+00
  6.5013000E+02  0.0000000E+00
  6.5163000E+02  0.0000000E+00
  6.5313000E+02  0.0000000E+00
  6.5464001E+02  0.0000000E+00
  6.5615002E+02  0.0000000E+00
  6.5765997E+02  0.0000000E+00
  6.5916998E+02  0.0000000E+00
  6.6069000E+02  0.0000000E+00
  6.6221997E+02  0.0000000E+00
  6.6373999E+02  0.0000000E+00
  6.6527002E+02  0.0000000E+00
  6.6681000E+02  0.0000000E+00
  6.6834003E+02  0.0000000E+00
  6.6988000E+02  0.0000000E+00
  6.7142999E+02  0.0000000E+00
  6.7297998E+02  0.0000000E+00
  6.7453003E+02  0.0000000E+00
  6.7608002E+02  0.0000000E+00
  6.7764001E+02  0.0000000E+00
  6.7920001E+02  0.0000000E+00
  6.8077002E+02  0.0000000E+00
  6.8234003E+02  0.0000000E+00
  6.8390997E+02  0.0000000E+00
  6.8548999E+02  0.0000000E+00
  6.8707001E+02  0.0000000E+00
  6.8865002E+02  0.0000000E+00
  6.9023999E+02  0.0000000E+00
  6.9183002E+02  0.0000000E+00
  6.9342999E+02  0.0000000E+00
  6.9502002E+02  0.0000000E+00
  6.9663000E+02  0.0000000E+00
  6.9822998E+02  0.0000000E+00
  6.9984003E+02  0.0000000E+00
  7.0146002E+02  0.0000000E+00
  7.0307001E+02  0.0000000E+00
  7.0469000E+02  0.0000000E+00
  7.0632001E+02  0.0000000E+00
  7.0795001E+02  0.0000000E+00
  7.0958002E+02  0.0000000E+00
  7.1121002E+02  0.0000000E+00
  7.1284998E+02  0.0000000E+00
  7.1450000E+02  0.0000000E+00
  7.1614001E+02  0.0000000E+00
  7.1778998E+02  0.0000000E+00
  7.1945001E+02  0.0000000E+00
  7.2110999E+02  0.0000000E+00
  7.2277002E+02  0.0000000E+00
  7.2444000E+02  0.0000000E+00
  7.2610999E+02  0.0000000E+00
  7.2778003E+02  0.0000000E+00
  7.2946002E+02  0.0000000E+00
  7.3114001E+02  0.0000000E+00
  7.3282001E+02  0.0000000E+00
  7.3451001E+02  0.0000000E+00
  7.3621002E+02  0.0000000E+00
  7.3790002E+02  0.0000000E+00
  7.3960999E+02  0.0000000E+00
  7.4131000E+02  0.0000000E+00
  7.4302002E+02  0.0000000E+00
  7.4472998E+02  0.0000000E+00
  7.4645001E+02  0.0000000E+00
  7.4816998E+02  0.0000000E+00
  7.4989001E+02  0.0000000E+00
  7.5162000E+02  0.0000000E+00
  7.5335999E+02  0.0000000E+00
  7.5509003E+02  0.0000000E+00
  7.5683002E+02  0.0000000E+00
  7.5858002E+02  0.0000000E+00
  7.6033002E+02  0.0000000E+00
  7.6208002E+02  0.0000000E+00
  7.6384003E+02  0.0000000E+00
  7.6559998E+02  0.0000000E+00
  7.6735999E+02  0.0000000E+00
  7.6913000E+02  0.0000000E+00
  7.7090002E+02  0.0000000E+00
  7.7267999E+02  0.0000000E+00
  7.7446002E+02  0.0000000E+00
  7.7625000E+02  0.0000000E+00
  7.7803998E+02  0.0000000E+00
  7.7983002E+02  0.0000000E+00
  7.8163000E+02  0.0000000E+00
  7.8342999E+02  0.0000000E+00
  7.8523999E+02  0.0000000E+00
  7.8704999E+02  0.0000000E+00
  7.8885999E+02  0.0000000E+00
  7.9067999E+02  0.0000000E+00
  7.9250000E+02  0.0000000E+00
  7.9433002E+02  0.0000000E+00
  7.9615997E+02  0.0000000E+00
  7.9798999E+02  0.0000000E+00
  7.9983002E+02  0.0000000E+00
  8.0167999E+02  0.0000000E+00
  8.0353003E+02  0.0000000E+00
  8.0538000E+02  0.0000000E+00
  8.0723999E+02  0.0000000E+00
  8.0909998E+02  0.0000000E+00
  8.1096002E+02  0.0000000E+00
  8.1283002E+02  0.0000000E+00
  8.1470001E+02  0.0000000E+00
  8.1658002E+02  0.0000000E+00
  8.1846002E+02  0.0000000E+00
  8.2034998E+02  0.0000000E+00
  8.2223999E+02  0.0000000E+00
  8.2414001E+02  0.0000000E+00
  8.2603998E+02  0.0000000E+00
  8.2794000E+02  0.0000000E+00
  8.2984998E+02  0.0000000E+00
  8.3176001E+02  0.0000000E+00
  8.3367999E+02  0.0000000E+00
  8.3559998E+02  0.0000000E+00
  8.3753003E+02  0.0000000E+00
  8.3946002E+02  0.0000000E+00
  8.4140002E+02  0.0000000E+00
  8.4333002E+02  0.0000000E+00
  8.4528003E+02  0.0000000E+00
  8.4722998E+02  0.0000000E+00
  8.4917999E+02  0.0000000E+00
  8.5114001E+02  0.0000000E+00
  8.5309998E+02  0.0000000E+00
  8.5507001E+02  0.0000000E+00
  8.5703998E+02  0.0000000E+00
  8.5901001E+02  0.0000000E+00
  8.6098999E+02  0.0000000E+00
  8.6297998E+02  0.0000000E+00
  8.6496997E+02  0.0000000E+00
  8.6696002E+02  0.0000000E+00
  8.6896002E+02  0.0000000E+00
  8.7096002E+02  0.0000000E+00
  8.7296997E+02  0.0000000E+00
  8.7497998E+02  0.0000000E+00
  8.7700000E+02  0.0000000E+00
  8.7902002E+02  0.0000000E+00
  8.8104999E+02  0.0000000E+00
  8.8308002E+02  0.0000000E+00
  8.8512000E+02  0.0000000E+00
  8.8715997E+02  0.0000000E+00
  8.8920001E+02  0.0000000E+00
  8.9125000E+02  0.0000000E+00
  8.9331000E+02  0.0000000E+00
  8.9535999E+02  0.0000000E+00
  8.9742999E+02  0.0000000E+00
  8.9950000E+02  0.0000000E+00
  9.0157001E+02  6.4115666E-02
  9.0365002E+02  6.4713463E-02
  9.0572998E+02  6.4713463E-02
  9.0782001E+02  6.4713463E-02
  9.0990997E+02  6.4956650E-02
  9.1201001E+02  6.5607995E-02
  9.1410999E+02  6.7367412E-02
  9.1621997E+02  6.7367412E-02
  9.1833002E+02  6.7367412E-02
  9.2045001E+02  6.7603961E-02
  9.2257001E+02  6.7603961E-02
  9.2470001E+02  6.9515616E-02
  9.2683002E+02  6.9515616E-02
  9.2896997E+02  6.9515616E-02
  9.3110999E+02  6.9515616E-02
  9.3325000E+02  7.1889564E-02
  9.3540997E+02  7.1889564E-02
  9.3756000E+02  7.0596665E-02
  9.3971997E+02  7.1889564E-02
  9.4189001E+02  7.8702986E-02
  9.4406000E+02  7.6884910E-02
  9.4623999E+02  7.1889564E-02
  9.4841998E+02  7.6884910E-02
  9.5059998E+02  7.6884910E-02
  9.5279999E+02  8.0038048E-02
  9.5498999E+02  8.0038048E-02
  9.5719000E+02  8.0038048E-02
  9.5940002E+02  8.0038048E-02
  9.6160999E+02  8.0038048E-02
  9.6383002E+02  8.2541227E-02
  9.6604999E+02  8.8926479E-02
  9.6828003E+02  8.8926479E-02
  9.7051001E+02  8.8926479E-02
  9.7275000E+02  8.9397803E-02
  9.7498999E+02  8.9397803E-02
  9.7723999E+02  9.0083554E-02
  9.7948999E+02  9.0083554E-02
  9.8175000E+02  9.0083554E-02
  9.8401001E+02  9.0083554E-02
  9.8628003E+02  8.9397803E-02
  9.8854999E+02  8.9397803E-02
  9.9083002E+02  8.9397803E-02
  9.9312000E+02  9.1420077E-02
  9.9540997E+02  9.2034422E-02
  9.9770001E+02  9.2034422E-02
  1.0000000E+03  9.2034422E-02
  1.0023100E+03  9.4526410E-02
  1.0046200E+03  1.0818981E-01
  1.0069300E+03  1.1028104E-01
  1.0092500E+03  1.1028104E-01
  1.0115800E+03  1.1028104E-01
  1.0139100E+03  1.1025428E-01
  1.0162500E+03  1.1028104E-01
  1.0185900E+03  1.1189458E-01
  1.0209400E+03  1.1189458E-01
  1.0232900E+03  1.1263132E-01
  1.0256500E+03  1.1291651E-01
  1.0280200E+03  1.1291651E-01
  1.0303900E+03  1.1506060E-01
  1.0327600E+03  1.1496806E-01
  1.0351400E+03  1.1370307E-01
  1.0375300E+03  1.1291651E-01
  1.0399200E+03  1.1291651E-01
  1.0423199E+03  1.1291651E-01
  1.0447200E+03  1.1291651E-01
  1.0471300E+03  1.1291651E-01
  1.0495400E+03  1.1291651E-01
  1.0519600E+03  1.1291651E-01
  1.0543900E+03  1.1263132E-01
  1.0568199E+03  1.1189458E-01
  1.0592500E+03  1.1189458E-01
  1.0617000E+03  1.1291651E-01
  1.0641400E+03  1.1291651E-01
  1.0666000E+03  1.1263132E-01
  1.0690500E+03  1.1263132E-01
  1.0715200E+03  1.1263132E-01
  1.0739900E+03  1.1263132E-01
  1.0764700E+03  1.1263132E-01
  1.0789500E+03  1.1263132E-01
  1.0814301E+03  1.1291651E-01
  1.0839301E+03  1.1263132E-01
  1.0864301E+03  1.1007184E-01
  1.0889301E+03  1.1263132E-01
  1.0914399E+03  1.1025428E-01
  1.0939600E+03  1.1025428E-01
  1.0964800E+03  9.8312400E-02
  1.0990100E+03  9.7774111E-02
  1.1015400E+03  9.7774111E-02
  1.1040800E+03  8.9408897E-02
  1.1066200E+03  8.8472582E-02
  1.1091801E+03  8.3795324E-02
  1.1117300E+03  8.3608240E-02
  1.1142900E+03  8.3795324E-02
  1.1168600E+03  8.3608240E-02
  1.1194399E+03  8.1486821E-02
  1.1220200E+03  8.1486821E-02
  1.1246000E+03  7.8879766E-02
  1.1272000E+03  7.7126890E-02
  1.1298000E+03  7.5240508E-02
  1.1324000E+03  7.4102297E-02
  1.1350100E+03  7.4934833E-02
  1.1376300E+03  7.4102297E-02
  1.1402500E+03  7.3930822E-02
  1.1428800E+03  6.9762014E-02
  1.1455100E+03  6.9762014E-02
  1.1481500E+03  6.9120333E-02
  1.1508000E+03  6.9120333E-02
  1.1534500E+03  6.9120333E-02
  1.1561100E+03  6.6656686E-02
  1.1587800E+03  6.5911181E-02
  1.1614500E+03  6.5147318E-02
  1.1641300E+03  6.5147318E-02
  1.1668101E+03  6.5147318E-02
  1.1695000E+03  6.4196318E-02
  1.1722000E+03  6.4196318E-02
  1.1749000E+03  6.4143091E-02
  1.1776100E+03  6.3027374E-02
  1.1803199E+03  6.2380616E-02
  1.1830400E+03  6.0771622E-02
  1.1857700E+03  5.9402034E-02
  1.1885000E+03  5.9402034E-02
  1.1912400E+03  5.9366647E-02
  1.1939900E+03  5.8676664E-02
  1.1967400E+03  5.8743428E-02
  1.1995000E+03  5.8743428E-02
  1.2022600E+03  5.8571115E-02
  1.2050400E+03  5.8409605E-02
  1.2078101E+03  5.8226906E-02
  1.2106000E+03  5.7714246E-02
  1.2133900E+03  5.7085805E-02
  1.2161899E+03  5.7143986E-02
  1.2189900E+03  5.7083473E-02
  1.2218000E+03  5.6671061E-02
  1.2246200E+03  5.7048917E-02
  1.2274399E+03  5.6879751E-02
  1.2302700E+03  5.6879751E-02
  1.2331000E+03  5.6879751E-02
  1.2359500E+03  5.6248151E-02
  1.2388000E+03  5.6362409E-02
  1.2416500E+03  5.6248151E-02
  1.2445100E+03  5.6362409E-02
  1.2473800E+03  5.6248151E-02
  1.2502600E+03  5.6248151E-02
  1.2531400E+03  5.6062840E-02
  1.2560300E+03  5.6062840E-02
  1.2589301E+03  5.5804648E-02
  1.2618300E+03  5.6062840E-02
  1.2647400E+03  5.6062840E-02
  1.2676500E+03  5.5708703E-02
  1.2705699E+03  5.5136837E-02
  1.2735000E+03  5.5035029E-02
  1.2764399E+03  5.5035029E-02
  1.2793800E+03  5.5035029E-02
  1.2823300E+03  5.5263113E-02
  1.2852900E+03  5.5263113E-02
  1.2882500E+03  5.5136837E-02
  1.2912200E+03  5.5136837E-02
  1.2942000E+03  5.5136837E-02
  1.2971801E+03  5.5136837E-02
  1.3001700E+03  5.5136837E-02
  1.3031700E+03  5.5111099E-02
  1.3061700E+03  5.5077042E-02
  1.3091801E+03  5.4919630E-02
  1.3122000E+03  5.4919630E-02
  1.3152200E+03  5.4918848E-02
  1.3182600E+03  5.4918848E-02
  1.3213000E+03  5.4918848E-02
  1.3243400E+03  5.4918848E-02
  1.3273900E+03  5.4918319E-02
  1.3304500E+03  5.4918319E-02
  1.3335200E+03  5.4918319E-02
  1.3366000E+03  5.4918319E-02
  1.3396801E+03  5.4374609E-02
  1.3427700E+03  5.4235045E-02
  1.3458600E+03  5.4136001E-02
  1.3489600E+03  5.4136001E-02
  1.3520699E+03  5.2953042E-02
  1.3551899E+03  5.2928716E-02
  1.3583101E+03  5.2953042E-02
  1.3614399E+03  5.2928716E-02
  1.3645800E+03  5.2069139E-02
  1.3677300E+03  5.1243450E-02
  1.3708800E+03  5.1243450E-02
  1.3740400E+03  5.2821182E-02
  1.3772100E+03  5.2821182E-02
  1.3803800E+03  5.1243450E-02
  1.3835699E+03  5.0219078E-02
  1.3867600E+03  5.0932698E-02
  1.3899500E+03  5.0932698E-02
  1.3931600E+03  5.0932698E-02
  1.3963700E+03  4.9924731E-02
  1.3995900E+03  4.9035355E-02
  1.4028101E+03  4.8853382E-02
  1.4060500E+03  4.6989378E-02
  1.4092900E+03  4.6675626E-02
  1.4125400E+03  4.5324657E-02
  1.4157900E+03  4.4722401E-02
  1.4190601E+03  4.4722401E-02
  1.4223300E+03  4.5324657E-02
  1.4256100E+03  4.4067863E-02
  1.4288900E+03  4.4067863E-02
  1.4321899E+03  4.4067863E-02
  1.4354900E+03  4.4067863E-02
  1.4388000E+03  4.4067863E-02
  1.4421200E+03  4.4067863E-02
  1.4454399E+03  4.4067863E-02
  1.4487700E+03  4.3697257E-02
  1.4521100E+03  4.2393211E-02
  1.4554600E+03  4.3697257E-02
  1.4588101E+03  4.1511264E-02
  1.4621801E+03  4.1511264E-02
  1.4655500E+03  4.1511264E-02
  1.4689301E+03  4.1511264E-02
  1.4723101E+03  4.2393211E-02
  1.4757100E+03  4.2393211E-02
  1.4791100E+03  4.1511264E-02
  1.4825200E+03  4.1511264E-02
  1.4859399E+03  4.0703200E-02
  1.4893600E+03  4.0703200E-02
  1.4927900E+03  3.9968442E-02
  1.4962400E+03  3.9968442E-02
  1.4996801E+03  4.0703200E-02
  1.5031400E+03  4.0703200E-02
  1.5066100E+03  3.9646640E-02
  1.5100800E+03  3.9646640E-02
  1.5135601E+03  3.9629895E-02
  1.5170500E+03  3.9646640E-02
  1.5205500E+03  3.9629895E-02
  1.5240500E+03  3.9629895E-02
  1.5275699E+03  3.9629895E-02
  1.5310900E+03  3.9438743E-02
  1.5346200E+03  3.9266519E-02
  1.5381500E+03  3.9266519E-02
  1.5417000E+03  3.9101012E-02
  1.5452500E+03  3.8910467E-02
  1.5488199E+03  3.8657140E-02
  1.5523900E+03  3.8945012E-02
  1.5559700E+03  3.8910467E-02
  1.5595500E+03  3.8854934E-02
  1.5631500E+03  3.8854934E-02
  1.5667500E+03  3.8910467E-02
  1.5703600E+03  3.8910467E-02
  1.5739800E+03  3.8854934E-02
  1.5776100E+03  3.8657140E-02
  1.5812500E+03  3.8641512E-02
  1.5848900E+03  3.8657140E-02
  1.5885500E+03  3.8056865E-02
  1.5922100E+03  3.8056865E-02
  1.5958800E+03  3.8021114E-02
  1.5995601E+03  3.7513506E-02
  1.6032500E+03  3.7513506E-02
  1.6069399E+03  3.7953421E-02
  1.6106500E+03  3.6477149E-02
  1.6143600E+03  3.6025953E-02
  1.6180800E+03  3.6477149E-02
  1.6218101E+03  3.6025953E-02
  1.6255500E+03  3.5869781E-02
  1.6293000E+03  3.5855934E-02
  1.6330500E+03  3.4267340E-02
  1.6368199E+03  3.4125511E-02
  1.6405900E+03  3.3785366E-02
  1.6443700E+03  3.3747103E-02
  1.6481600E+03  3.3742879E-02
  1.6519600E+03  3.3288348E-02
  1.6557700E+03  3.2061704E-02
  1.6595900E+03  3.1441856E-02
  1.6634100E+03  3.1423055E-02
  1.6672500E+03  3.0782020E-02
  1.6710900E+03  3.0563857E-02
  1.6749399E+03  3.0464562E-02
  1.6788000E+03  3.0464562E-02
  1.6826700E+03  3.0271631E-02
  1.6865500E+03  2.9756790E-02
  1.6904399E+03  2.9669937E-02
  1.6943400E+03  2.9641496E-02
  1.6982400E+03  2.9641496E-02
  1.7021600E+03  2.9541871E-02
  1.7060800E+03  2.9186431E-02
  1.7100200E+03  2.9117327E-02
  1.7139600E+03  2.9117327E-02
  1.7179100E+03  2.8194502E-02
  1.7218700E+03  2.7347254E-02
  1.7258400E+03  2.6547041E-02
  1.7298199E+03  2.6547041E-02
  1.7338000E+03  2.6547041E-02
  1.7378000E+03  2.6547041E-02
  1.7418101E+03  2.5879165E-02
  1.7458199E+03  2.5879165E-02
  1.7498500E+03  2.5879165E-02
  1.7538800E+03  2.5732003E-02
  1.7579200E+03  2.5060132E-02
  1.7619800E+03  2.5060132E-02
  1.7660400E+03  2.5060132E-02
  1.7701100E+03  2.5060132E-02
  1.7741899E+03  2.5060132E-02
  1.7782800E+03  2.4943616E-02
  1.7823800E+03  2.4943616E-02
  1.7864900E+03  2.4128024E-02
  1.7906100E+03  2.3739997E-02
  1.7947300E+03  2.3739997E-02
  1.7988700E+03  2.3739997E-02
  1.8030200E+03  2.3726068E-02
  1.8071700E+03  2.3643158E-02
  1.8113400E+03  2.3643158E-02
  1.8155200E+03  2.3326423E-02
  1.8197000E+03  2.3233734E-02
  1.8239000E+03  2.2925070E-02
  1.8281000E+03  2.2925070E-02
  1.8323101E+03  2.2409199E-02
  1.8365400E+03  2.2409199E-02
  1.8407700E+03  2.2274220E-02
  1.8450200E+03  2.2257023E-02
  1.8492700E+03  2.2257023E-02
  1.8535300E+03  2.2257023E-02
  1.8578000E+03  2.2257023E-02
  1.8620900E+03  2.1891903E-02
  1.8663800E+03  2.1744339E-02
  1.8706801E+03  2.1680890E-02
  1.8749900E+03  2.1420483E-02
  1.8793199E+03  2.1378303E-02
  1.8836500E+03  2.1356232E-02
  1.8879900E+03  2.1166138E-02
  1.8923400E+03  2.1139806E-02
  1.8967100E+03  2.1117561E-02
  1.9010800E+03  2.1117561E-02
  1.9054600E+03  2.1087995E-02
  1.9098500E+03  2.0896496E-02
  1.9142600E+03  2.0896496E-02
  1.9186700E+03  2.0896496E-02
  1.9230900E+03  2.0468473E-02
  1.9275200E+03  2.0387970E-02
  1.9319700E+03  2.0212868E-02
  1.9364200E+03  2.0207703E-02
  1.9408900E+03  1.9967508E-02
  1.9453600E+03  1.9885479E-02
  1.9498400E+03  1.9697124E-02
  1.9543400E+03  1.9651070E-02
  1.9588400E+03  1.9600233E-02
  1.9633600E+03  1.9490471E-02
  1.9678900E+03  1.9533431E-02
  1.9724200E+03  1.9533431E-02
  1.9769700E+03  1.9542215E-02
  1.9815300E+03  1.9533431E-02
  1.9860900E+03  1.9542215E-02
  1.9906700E+03  1.9490471E-02
  1.9952600E+03  1.9452786E-02
  1.9998600E+03  1.9452786E-02
  2.0044700E+03  1.9452786E-02
  2.0090900E+03  1.9476663E-02
  2.0137200E+03  1.9488862E-02
  2.0183700E+03  1.9488862E-02
  2.0230200E+03  1.9488862E-02
  2.0276801E+03  1.9409960E-02
  2.0323600E+03  1.9286510E-02
  2.0370400E+03  1.9283716E-02
  2.0417400E+03  1.9283716E-02
  2.0464399E+03  1.9283716E-02
  2.0511599E+03  1.9283716E-02
  2.0558899E+03  1.9315002E-02
  2.0606299E+03  1.9376270E-02
  2.0653799E+03  1.9315002E-02
  2.0701399E+03  1.9156575E-02
  2.0749099E+03  1.9156575E-02
  2.0797000E+03  1.9100945E-02
  2.0844900E+03  1.8990919E-02
  2.0893000E+03  1.8955437E-02
  2.0941101E+03  1.8904392E-02
  2.0989399E+03  1.8908963E-02
  2.1037800E+03  1.8904392E-02
  2.1086299E+03  1.8806990E-02
  2.1134900E+03  1.8699786E-02
  2.1183601E+03  1.8681450E-02
  2.1232400E+03  1.8562745E-02
  2.1281399E+03  1.8410176E-02
  2.1330400E+03  1.8385909E-02
  2.1379600E+03  1.8304750E-02
  2.1428899E+03  1.8191161E-02
  2.1478301E+03  1.8191161E-02
  2.1527800E+03  1.8098706E-02
  2.1577400E+03  1.7928407E-02
  2.1627200E+03  1.7892970E-02
  2.1677000E+03  1.7706513E-02
  2.1727000E+03  1.7602181E-02
  2.1777100E+03  1.7593304E-02
  2.1827300E+03  1.7574035E-02
  2.1877600E+03  1.7535420E-02
  2.1928000E+03  1.7491313E-02
  2.1978601E+03  1.7399717E-02
  2.2029299E+03  1.7197493E-02
  2.2080000E+03  1.7058581E-02
  2.2130901E+03  1.6813252E-02
  2.2182000E+03  1.6744785E-02
  2.2233101E+03  1.6423700E-02
  2.2284399E+03  1.6075041E-02
  2.2335701E+03  1.5834305E-02
  2.2387200E+03  1.5744803E-02
  2.2438799E+03  1.5655395E-02
  2.2490500E+03  1.5485214E-02
  2.2542400E+03  1.5422776E-02
  2.2594399E+03  1.5244250E-02
  2.2646399E+03  1.5189700E-02
  2.2698601E+03  1.4687700E-02
  2.2751001E+03  1.4662367E-02
  2.2803401E+03  1.4592336E-02
  2.2856001E+03  1.4390485E-02
  2.2908701E+03  1.4321832E-02
  2.2961499E+03  1.4294278E-02
  2.3014399E+03  1.4227973E-02
  2.3067500E+03  1.4153311E-02
  2.3120601E+03  1.3924374E-02
  2.3173899E+03  1.3730606E-02
  2.3227400E+03  1.3724265E-02
  2.3280901E+03  1.3673093E-02
  2.3334600E+03  1.3311655E-02
  2.3388401E+03  1.3260937E-02
  2.3442300E+03  1.3226700E-02
  2.3496299E+03  1.3091944E-02
  2.3550500E+03  1.2872620E-02
  2.3604800E+03  1.2723941E-02
  2.3659199E+03  1.2407392E-02
  2.3713701E+03  1.2089675E-02
  2.3768401E+03  1.2080549E-02
  2.3823201E+03  1.2069559E-02
  2.3878101E+03  1.2056360E-02
  2.3933201E+03  1.1978890E-02
  2.3988301E+03  1.1848926E-02
  2.4043601E+03  1.1809245E-02
  2.4099099E+03  1.1801616E-02
  2.4154600E+03  1.1589705E-02
  2.4210300E+03  1.1453196E-02
  2.4266101E+03  1.1453196E-02
  2.4322000E+03  1.1405723E-02
  2.4378101E+03  1.1148802E-02
  2.4434299E+03  1.1124665E-02
  2.4490601E+03  1.1099245E-02
  2.4547100E+03  1.1054210E-02
  2.4603701E+03  1.0874607E-02
  2.4660400E+03  1.0829225E-02
  2.4717200E+03  1.0828798E-02
  2.4774199E+03  1.0695161E-02
  2.4831299E+03  1.0663256E-02
  2.4888601E+03  1.0600745E-02
  2.4945901E+03  1.0539364E-02
  2.5003501E+03  1.0509205E-02
  2.5061101E+03  1.0429293E-02
  2.5118899E+03  1.0419508E-02
  2.5176799E+03  1.0373070E-02
  2.5234800E+03  1.0312763E-02
  2.5293000E+03  1.0026664E-02
  2.5351299E+03  9.8848389E-03
  2.5409700E+03  9.8288227E-03
  2.5468301E+03  9.7918287E-03
  2.5527000E+03  9.6625062E-03
  2.5585901E+03  9.5872805E-03
  2.5644800E+03  9.5444070E-03
  2.5703899E+03  9.5190760E-03
  2.5763201E+03  9.4375601E-03
  2.5822600E+03  9.3129007E-03
  2.5882100E+03  9.2164893E-03
  2.5941799E+03  9.1677168E-03
  2.6001599E+03  9.0893200E-03
  2.6061499E+03  9.0787923E-03
  2.6121599E+03  9.0622501E-03
  2.6181799E+03  8.9643234E-03
  2.6242200E+03  8.8819247E-03
  2.6302700E+03  8.7878173E-03
  2.6363301E+03  8.7293060E-03
  2.6424099E+03  8.6997496E-03
  2.6485000E+03  8.6022783E-03
  2.6546101E+03  8.5648820E-03
  2.6607200E+03  8.5550416E-03
  2.6668601E+03  8.5179117E-03
  2.6730100E+03  8.4754508E-03
  2.6791699E+03  8.4298411E-03
  2.6853401E+03  8.3588781E-03
  2.6915300E+03  8.2638506E-03
  2.6977400E+03  8.2336282E-03
  2.7039600E+03  8.1871031E-03
  2.7101899E+03  8.1320377E-03
  2.7164399E+03  8.0697415E-03
  2.7227000E+03  7.9887873E-03
  2.7289800E+03  7.9418235E-03
  2.7352700E+03  7.9280846E-03
  2.7415701E+03  7.9024732E-03
  2.7478899E+03  7.8664348E-03
  2.7542300E+03  7.8498730E-03
  2.7605801E+03  7.8087877E-03
  2.7669399E+03  7.7847238E-03
  2.7733201E+03  7.7667185E-03
  2.7797100E+03  7.7355490E-03
  2.7861201E+03  7.6959319E-03
  2.7925400E+03  7.6688980E-03
  2.7989800E+03  7.6107639E-03
  2.8054299E+03  7.5910226E-03
  2.8118999E+03  7.5576245E-03
  2.8183799E+03  7.4872063E-03
  2.8248799E+03  7.4424925E-03
  2.8313899E+03  7.3595392E-03
  2.8379199E+03  7.3143430E-03
  2.8444600E+03  7.2962358E-03
  2.8510200E+03  7.2732647E-03
  2.8575901E+03  7.2269593E-03
  2.8641799E+03  7.2269593E-03
  2.8707800E+03  7.2116731E-03
  2.8773999E+03  7.1483115E-03
  2.8840300E+03  7.1215979E-03
  2.8906799E+03  7.0708413E-03
  2.8973401E+03  7.0529496E-03
  2.9040200E+03  7.0489668E-03
  2.9107200E+03  7.0067742E-03
  2.9174299E+03  6.9410806E-03
  2.9241499E+03  6.8909978E-03
  2.9308899E+03  6.8656304E-03
  2.9376499E+03  6.8498147E-03
  2.9444199E+03  6.8249847E-03
  2.9512100E+03  6.8124854E-03
  2.9580100E+03  6.6986326E-03
  2.9648301E+03  6.6948016E-03
  2.9716699E+03  6.6566328E-03
  2.9785200E+03  6.6414662E-03
  2.9853799E+03  6.5963366E-03
  2.9922600E+03  6.5963366E-03
  2.9991599E+03  6.5884287E-03
  3.0060801E+03  6.5743271E-03
  3.0130100E+03  6.5699182E-03
  3.0199500E+03  6.5030954E-03
  3.0269099E+03  6.4261905E-03
  3.0338899E+03  6.3136336E-03
  3.0408899E+03  6.3099400E-03
  3.0478899E+03  6.2543051E-03
  3.0549199E+03  6.2487177E-03
  3.0619600E+03  6.2274924E-03
  3.0690200E+03  6.1977822E-03
  3.0761001E+03  6.1365874E-03
  3.0831899E+03  6.1078710E-03
  3.0903000E+03  6.0967756E-03
  3.0974199E+03  6.0083130E-03
  3.1045601E+03  5.9888707E-03
  3.1117200E+03  5.9888707E-03
  3.1188899E+03  5.9345709E-03
  3.1260801E+03  5.9235534E-03
  3.1332800E+03  5.9329229E-03
  3.1405100E+03  5.8513940E-03
  3.1477500E+03  5.7629319E-03
  3.1550000E+03  5.7141744E-03
  3.1622800E+03  5.6752209E-03
  3.1695701E+03  5.6685484E-03
  3.1768701E+03  5.6068320E-03
  3.1842000E+03  5.5968189E-03
  3.1915400E+03  5.5968189E-03
  3.1988899E+03  5.5821361E-03
  3.2062700E+03  5.5557764E-03
  3.2136599E+03  5.5331280E-03
  3.2210701E+03  5.4789404E-03
  3.2284900E+03  5.4576052E-03
  3.2359399E+03  5.4323557E-03
  3.2433999E+03  5.4047806E-03
  3.2508701E+03  5.3763655E-03
  3.2583701E+03  5.3493651E-03
  3.2658799E+03  5.3189308E-03
  3.2734099E+03  5.2734665E-03
  3.2809500E+03  5.2290224E-03
  3.2885200E+03  5.2047218E-03
  3.2961001E+03  5.1947166E-03
  3.3036899E+03  5.1986878E-03
  3.3113101E+03  5.1778187E-03
  3.3189399E+03  5.1601715E-03
  3.3265901E+03  5.1220497E-03
  3.3342600E+03  5.1220497E-03
  3.3419500E+03  5.1106238E-03
  3.3496499E+03  5.1060137E-03
  3.3573799E+03  5.0928951E-03
  3.3651201E+03  5.0901277E-03
  3.3728701E+03  5.0819134E-03
  3.3806499E+03  5.0714011E-03
  3.3884399E+03  5.0693830E-03
  3.3962500E+03  5.0614439E-03
  3.4040801E+03  5.0465032E-03
  3.4119299E+03  5.0323578E-03
  3.4197900E+03  5.0316006E-03
  3.4276799E+03  5.0316006E-03
  3.4355801E+03  5.0108163E-03
  3.4435000E+03  5.0056721E-03
  3.4514399E+03  4.9996823E-03
  3.4593899E+03  4.9684467E-03
  3.4673701E+03  4.9526626E-03
  3.4753601E+03  4.9498114E-03
  3.4833701E+03  4.9498114E-03
  3.4913999E+03  4.9191383E-03
  3.4994500E+03  4.9405242E-03
  3.5075200E+03  4.9554938E-03
  3.5156001E+03  4.9415687E-03
  3.5237100E+03  4.9228235E-03
  3.5318301E+03  4.9228235E-03
  3.5399700E+03  4.9405242E-03
  3.5481299E+03  4.9661808E-03
  3.5563101E+03  4.9575293E-03
  3.5645100E+03  4.9664425E-03
  3.5727300E+03  4.9575293E-03
  3.5809600E+03  4.9575293E-03
  3.5892200E+03  4.9575293E-03
  3.5974900E+03  4.9258536E-03
  3.6057900E+03  4.9156048E-03
  3.6141001E+03  4.9046986E-03
  3.6224299E+03  4.9156048E-03
  3.6307800E+03  4.9258536E-03
  3.6391499E+03  4.9156048E-03
  3.6475400E+03  4.9046986E-03
  3.6559500E+03  4.8965174E-03
  3.6643701E+03  4.8923176E-03
  3.6728201E+03  4.8779375E-03
  3.6812900E+03  4.8762723E-03
  3.6897800E+03  4.8382343E-03
  3.6982800E+03  4.8201247E-03
  3.7068101E+03  4.7889906E-03
  3.7153501E+03  4.7731400E-03
  3.7239199E+03  4.7122133E-03
  3.7325000E+03  4.7121951E-03
  3.7411101E+03  4.7077141E-03
  3.7497300E+03  4.6554366E-03
  3.7583701E+03  4.6554366E-03
  3.7670400E+03  4.7077141E-03
  3.7757200E+03  4.7167786E-03
  3.7844199E+03  4.7121951E-03
  3.7931499E+03  4.7235754E-03
  3.8018899E+03  4.7235754E-03
  3.8106599E+03  4.7648093E-03
  3.8194399E+03  4.7648093E-03
  3.8282500E+03  4.7803461E-03
  3.8370701E+03  4.7803461E-03
  3.8459199E+03  4.7887405E-03
  3.8547800E+03  4.7951308E-03
  3.8636699E+03  4.7951308E-03
  3.8725701E+03  4.7887405E-03
  3.8815000E+03  4.7951308E-03
  3.8904500E+03  4.7789421E-03
  3.8994199E+03  4.7600796E-03
  3.9084099E+03  4.7580390E-03
  3.9174199E+03  4.7417730E-03
  3.9264500E+03  4.7379634E-03
  3.9355000E+03  4.7417730E-03
  3.9445701E+03  4.6819327E-03
  3.9536699E+03  4.6793274E-03
  3.9627800E+03  4.6698782E-03
  3.9719199E+03  4.6793274E-03
  3.9810701E+03  4.6061766E-03
  3.9902500E+03  4.5837713E-03
  3.9994500E+03  4.5688455E-03
  4.0086699E+03  4.5669898E-03
  4.0179099E+03  4.5477604E-03
  4.0271699E+03  4.5466521E-03
  4.0364500E+03  4.5388262E-03
  4.0457600E+03  4.5466521E-03
  4.0550901E+03  4.5377724E-03
  4.0644299E+03  4.5336466E-03
  4.0738000E+03  4.5217848E-03
  4.0831899E+03  4.5104795E-03
  4.0926101E+03  4.5104795E-03
  4.1020400E+03  4.5021772E-03
  4.1115000E+03  4.4424627E-03
  4.1209800E+03  4.4091204E-03
  4.1304702E+03  4.4088177E-03
  4.1400000E+03  4.3668658E-03
  4.1495400E+03  4.3241712E-03
  4.1591099E+03  4.3181079E-03
  4.1686899E+03  4.2993599E-03
  4.1782998E+03  4.2934725E-03
  4.1879399E+03  4.2857463E-03
  4.1975898E+03  4.2830836E-03
  4.2072598E+03  4.2712423E-03
  4.2169600E+03  4.2611104E-03
  4.2266899E+03  4.2204852E-03
  4.2364302E+03  4.1745785E-03
  4.2462002E+03  4.1229101E-03
  4.2559800E+03  4.1154455E-03
  4.2657900E+03  4.1154455E-03
  4.2756299E+03  4.0859436E-03
  4.2854800E+03  4.0359083E-03
  4.2953599E+03  4.0142601E-03
  4.3052598E+03  4.0139384E-03
  4.3151899E+03  4.0117530E-03
  4.3251401E+03  3.9957101E-03
  4.3351099E+03  3.9718347E-03
  4.3451001E+03  3.9700512E-03
  4.3551201E+03  3.9290488E-03
  4.3651602E+03  3.9276639E-03
  4.3752202E+03  3.9141271E-03
  4.3853101E+03  3.9141271E-03
  4.3954199E+03  3.9141271E-03
  4.4055498E+03  3.8690134E-03
  4.4157002E+03  3.8398635E-03
  4.4258799E+03  3.8321179E-03
  4.4360801E+03  3.8058276E-03
  4.4463101E+03  3.7865897E-03
  4.4565601E+03  3.7204258E-03
  4.4668301E+03  3.6909848E-03
  4.4771299E+03  3.6882260E-03
  4.4874502E+03  3.6882260E-03
  4.4977998E+03  3.6504024E-03
  4.5081699E+03  3.6456999E-03
  4.5185601E+03  3.6339606E-03
  4.5289702E+03  3.6270965E-03
  4.5394102E+03  3.6215235E-03
  4.5498799E+03  3.6294947E-03
  4.5603701E+03  3.6176387E-03
  4.5708799E+03  3.5889323E-03
  4.5814199E+03  3.5765530E-03
  4.5919800E+03  3.5614155E-03
  4.6025601E+03  3.5510527E-03
  4.6131802E+03  3.5343657E-03
  4.6238101E+03  3.5243137E-03
  4.6344702E+03  3.5173167E-03
  4.6451499E+03  3.5243137E-03
  4.6558599E+03  3.4445634E-03
  4.6665898E+03  3.4646378E-03
  4.6773501E+03  3.3973260E-03
  4.6881299E+03  3.4070476E-03
  4.6989399E+03  3.3856595E-03
  4.7097700E+03  3.3627423E-03
  4.7206299E+03  3.3627423E-03
  4.7315098E+03  3.3856595E-03
  4.7424199E+03  3.3627423E-03
  4.7533501E+03  3.3465012E-03
  4.7643101E+03  3.3449251E-03
  4.7752900E+03  3.3465012E-03
  4.7862998E+03  3.3433794E-03
  4.7973301E+03  3.3433794E-03
  4.8083901E+03  3.3433794E-03
  4.8194800E+03  3.3219589E-03
  4.8305898E+03  3.3433794E-03
  4.8417202E+03  3.2801607E-03
  4.8528799E+03  3.2761043E-03
  4.8640698E+03  3.2538446E-03
  4.8752798E+03  3.2443039E-03
  4.8865200E+03  3.2443039E-03
  4.8977900E+03  3.1875959E-03
  4.9090801E+03  3.1845998E-03
  4.9203901E+03  3.1845998E-03
  4.9317402E+03  3.1662921E-03
  4.9431099E+03  3.1648064E-03
  4.9545000E+03  3.1199511E-03
  4.9659199E+03  3.1829097E-03
  4.9773701E+03  3.1403017E-03
  4.9888398E+03  3.1227665E-03
  5.0003398E+03  3.0906654E-03
  5.0118701E+03  3.0654809E-03
  5.0234302E+03  3.0423680E-03
  5.0350000E+03  3.0572726E-03
  5.0466099E+03  3.0423680E-03
  5.0582500E+03  3.0130232E-03
  5.0699102E+03  2.9715439E-03
  5.0815898E+03  2.9620943E-03
  5.0933101E+03  2.9492157E-03
  5.1050498E+03  2.9136522E-03
  5.1168198E+03  2.8990279E-03
  5.1286099E+03  2.8845638E-03
  5.1404399E+03  2.8609314E-03
  5.1522900E+03  2.8573605E-03
  5.1641602E+03  2.8520650E-03
  5.1760698E+03  2.8553251E-03
  5.1880000E+03  2.8520650E-03
  5.1999600E+03  2.8427735E-03
  5.2119502E+03  2.8417048E-03
  5.2239600E+03  2.8377341E-03
  5.2360000E+03  2.8051098E-03
  5.2480698E+03  2.7697480E-03
  5.2601699E+03  2.7382092E-03
  5.2722998E+03  2.7195907E-03
  5.2844502E+03  2.7046364E-03
  5.2966299E+03  2.6790197E-03
  5.3088398E+03  2.6391232E-03
  5.3210801E+03  2.6221285E-03
  5.3333501E+03  2.6147901E-03
  5.3456401E+03  2.5897627E-03
  5.3579600E+03  2.5834269E-03
  5.3703198E+03  2.5834269E-03
  5.3827002E+03  2.5834963E-03
  5.3951001E+03  2.5588092E-03
  5.4075400E+03  2.5428075E-03
  5.4200098E+03  2.4848226E-03
  5.4325000E+03  2.4694137E-03
  5.4450200E+03  2.4175576E-03
  5.4575801E+03  2.4175576E-03
  5.4701602E+03  2.3610455E-03
  5.4827700E+03  2.3598727E-03
  5.4954102E+03  2.2445710E-03
  5.5080801E+03  2.2445710E-03
  5.5207700E+03  2.2302945E-03
  5.5335000E+03  2.2302945E-03
  5.5462598E+03  2.2302945E-03
  5.5590400E+03  2.2302945E-03
  5.5718501E+03  2.2302945E-03
  5.5847002E+03  2.2015951E-03
  5.5975698E+03  2.2015951E-03
  5.6104800E+03  2.2015951E-03
  5.6234102E+03  2.2015951E-03
  5.6363799E+03  2.2015951E-03
  5.6493701E+03  2.1936675E-03
  5.6623901E+03  2.1936675E-03
  5.6754502E+03  2.1936675E-03
  5.6885298E+03  2.1936675E-03
  5.7016401E+03  2.1399169E-03
  5.7147900E+03  2.1485947E-03
  5.7279600E+03  2.1485947E-03
  5.7411602E+03  2.1485947E-03
  5.7543999E+03  2.1485947E-03
  5.7676602E+03  2.1310539E-03
  5.7809600E+03  2.1310539E-03
  5.7942900E+03  2.0791388E-03
  5.8076401E+03  1.9450239E-03
  5.8210298E+03  2.0791388E-03
  5.8344502E+03  1.8682871E-03
  5.8478999E+03  1.8682871E-03
  5.8613799E+03  1.8275155E-03
  5.8748901E+03  1.8811559E-03
  5.8884399E+03  1.8682871E-03
  5.9020098E+03  1.8578985E-03
  5.9156099E+03  1.8578985E-03
  5.9292500E+03  1.8811559E-03
  5.9429199E+03  1.8578985E-03
  5.9566201E+03  1.8578985E-03
  5.9703501E+03  1.8811559E-03
  5.9841201E+03  1.8206891E-03
  5.9979102E+03  1.8206891E-03
  6.0117300E+03  1.7984221E-03
  6.0256001E+03  1.7984221E-03
  6.0394800E+03  1.8206891E-03
  6.0534102E+03  1.8113665E-03
  6.0673599E+03  1.7782921E-03
  6.0813501E+03  1.7689361E-03
  6.0953701E+03  1.7689361E-03
  6.1094199E+03  1.7898070E-03
  6.1235000E+03  1.8036268E-03
  6.1376201E+03  1.7857340E-03
  6.1517700E+03  1.7749555E-03
  6.1659502E+03  1.7898070E-03
  6.1801602E+03  1.8013656E-03
  6.1944102E+03  1.8144856E-03
  6.2086899E+03  1.8144856E-03
  6.2230000E+03  1.7947787E-03
  6.2373501E+03  1.7922778E-03
  6.2517300E+03  1.8597323E-03
  6.2661401E+03  1.8597323E-03
  6.2805801E+03  1.8144856E-03
  6.2950601E+03  1.7555902E-03
  6.3095698E+03  1.7555902E-03
  6.3241201E+03  1.6958355E-03
  6.3386899E+03  1.8256104E-03
  6.3533101E+03  1.8256104E-03
  6.3679502E+03  1.7957505E-03
  6.3826299E+03  1.8256104E-03
  6.3973501E+03  1.8256104E-03
  6.4120898E+03  2.0524443E-03
  6.4268799E+03  2.0524443E-03
  6.4416899E+03  1.7430577E-03
  6.4565400E+03  1.7877693E-03
  6.4714199E+03  2.0735171E-03
  6.4863398E+03  1.7359682E-03
  6.5012998E+03  1.7793634E-03
  6.5162798E+03  1.7793634E-03
  6.5312998E+03  1.7359682E-03
  6.5463599E+03  1.7793634E-03
  6.5614502E+03  1.9057504E-03
  6.5765801E+03  1.9057504E-03
  6.5917402E+03  1.8631924E-03
  6.6069302E+03  1.9057504E-03
  6.6221602E+03  1.8729822E-03
  6.6374302E+03  1.8631924E-03
  6.6527300E+03  1.8208580E-03
  6.6680698E+03  1.7801479E-03
  6.6834399E+03  1.8120508E-03
  6.6988501E+03  1.7761047E-03
  6.7142900E+03  1.7761047E-03
  6.7297598E+03  1.7761047E-03
  6.7452798E+03  1.7499563E-03
  6.7608301E+03  1.7499563E-03
  6.7764102E+03  1.7430214E-03
  6.7920400E+03  1.7430214E-03
  6.8076899E+03  1.7329422E-03
  6.8233799E+03  1.7329422E-03
  6.8391099E+03  1.5703080E-03
  6.8548799E+03  1.7161660E-03
  6.8706802E+03  1.5386606E-03
  6.8865200E+03  1.7161660E-03
  6.9023999E+03  1.5034772E-03
  6.9183101E+03  1.4693192E-03
  6.9342598E+03  1.4676078E-03
  6.9502402E+03  1.4676078E-03
  6.9662598E+03  1.4693192E-03
  6.9823198E+03  1.4693192E-03
  6.9984199E+03  1.4676078E-03
  7.0145498E+03  1.5392166E-03
  7.0307202E+03  1.4206498E-03
  7.0469302E+03  1.4206498E-03
  7.0631802E+03  1.4176815E-03
  7.0794600E+03  1.4176815E-03
  7.0957700E+03  1.4176815E-03
  7.1121401E+03  1.4176815E-03
  7.1285298E+03  1.4725339E-03
  7.1449600E+03  1.4725339E-03
  7.1614302E+03  1.7203656E-03
  7.1779399E+03  1.7203656E-03
  7.1944902E+03  1.3752276E-03
  7.2110698E+03  1.3752276E-03
  7.2277002E+03  1.3752276E-03
  7.2443599E+03  1.3472632E-03
  7.2610601E+03  1.1953106E-03
  7.2777998E+03  1.1953106E-03
  7.2945698E+03  1.1953106E-03
  7.3113901E+03  1.1621605E-03
  7.3282500E+03  1.1953106E-03
  7.3451401E+03  1.1953106E-03
  7.3620698E+03  1.1621605E-03
  7.3790400E+03  1.1621605E-03
  7.3960498E+03  1.1505334E-03
  7.4131001E+03  1.1885631E-03
  7.4301899E+03  1.1885631E-03
  7.4473198E+03  1.1607107E-03
  7.4644902E+03  1.1885631E-03
  7.4816899E+03  1.1885631E-03
  7.4989399E+03  1.1885631E-03
  7.5162300E+03  1.1607107E-03
  7.5335498E+03  1.4037492E-03
  7.5509199E+03  1.8168021E-03
  7.5683301E+03  1.2104365E-03
  7.5857700E+03  1.2104365E-03
  7.6032598E+03  9.3695818E-04
  7.6207900E+03  9.3695818E-04
  7.6383599E+03  9.3695818E-04
  7.6559600E+03  9.3695818E-04
  7.6736099E+03  9.3695818E-04
  7.6912998E+03  8.6380157E-04
  7.7090298E+03  8.6380157E-04
  7.7268101E+03  8.6380157E-04
  7.7446201E+03  7.0427969E-04
  7.7624702E+03  8.6380157E-04
  7.7803599E+03  1.0549271E-03
  7.7982998E+03  1.0549271E-03
  7.8162798E+03  1.0549271E-03
  7.8342900E+03  1.0549271E-03
  7.8523599E+03  1.0549271E-03
  7.8704600E+03  1.0513992E-03
  7.8886001E+03  9.3941548E-04
  7.9067900E+03  1.0658683E-03
  7.9250098E+03  9.8181388E-04
  7.9432798E+03  1.0363945E-03
  7.9615898E+03  1.0363945E-03
  7.9799502E+03  9.8181388E-04
  7.9983398E+03  9.8181388E-04
  8.0167798E+03  1.0363945E-03
  8.0352598E+03  8.5451378E-04
  8.0537798E+03  9.7154622E-04
  8.0723501E+03  9.7154622E-04
  8.0909600E+03  9.7154622E-04
  8.1096099E+03  9.7154622E-04
  8.1282998E+03  9.9352608E-04
  8.1470400E+03  9.9352608E-04
  8.1658198E+03  9.9352608E-04
  8.1846499E+03  9.6547807E-04
  8.2035098E+03  9.5899438E-04
  8.2224297E+03  9.5537805E-04
  8.2413799E+03  9.5306733E-04
  8.2603799E+03  9.6029823E-04
  8.2794199E+03  9.6029823E-04
  8.2985098E+03  9.6029823E-04
  8.3176299E+03  9.6029823E-04
  8.3368096E+03  9.6029823E-04
  8.3560303E+03  9.9517894E-04
  8.3752900E+03  1.1466034E-03
  8.3945996E+03  9.0834632E-04
  8.4139502E+03  8.1911229E-04
  8.4333496E+03  8.8507630E-04
  8.4527900E+03  8.8507630E-04
  8.4722695E+03  9.1305340E-04
  8.4917998E+03  9.1305340E-04
  8.5113799E+03  9.1305340E-04
  8.5310000E+03  9.3260646E-04
  8.5506699E+03  9.1305340E-04
  8.5703799E+03  8.5770967E-04
  8.5901396E+03  7.4982754E-04
  8.6099404E+03  8.5443869E-04
  8.6297803E+03  8.5443869E-04
  8.6496699E+03  8.2769990E-04
  8.6696201E+03  8.0144493E-04
  8.6895996E+03  8.0369372E-04
  8.7096299E+03  7.9355866E-04
  8.7297100E+03  7.9203927E-04
  8.7498398E+03  7.9203927E-04
  8.7700000E+03  8.4160757E-04
  8.7902305E+03  8.5798610E-04
  8.8104902E+03  8.4160757E-04
  8.8307998E+03  8.4160757E-04
  8.8511504E+03  8.2284451E-04
  8.8715596E+03  6.7639729E-04
  8.8920098E+03  6.5875356E-04
  8.9125098E+03  6.5875356E-04
  8.9330498E+03  6.3884200E-04
  8.9536504E+03  6.3884200E-04
  8.9742803E+03  6.4161298E-04
  8.9949805E+03  7.7869679E-04
  9.0157100E+03  7.4065797E-04
  9.0364902E+03  7.4065797E-04
  9.0573301E+03  7.4065797E-04
  9.0782002E+03  7.4065797E-04
  9.0991299E+03  7.5650716E-04
  9.1200996E+03  7.3541753E-04
  9.1411299E+03  7.3541753E-04
  9.1622002E+03  7.0976024E-04
  9.1833203E+03  7.3665159E-04
  9.2045000E+03  6.8529136E-04
  9.2257100E+03  7.0865877E-04
  9.2469805E+03  7.0865877E-04
  9.2682998E+03  6.8529136E-04
  9.2896602E+03  6.8118272E-04
  9.3110801E+03  7.7616121E-04
  9.3325400E+03  6.3870312E-04
  9.3540596E+03  6.3870312E-04
  9.3756201E+03  6.8118272E-04
  9.3972305E+03  6.3870312E-04
  9.4189004E+03  6.3870312E-04
  9.4406104E+03  6.7445176E-04
  9.4623701E+03  6.7445176E-04
  9.4841797E+03  6.3078618E-04
  9.5060498E+03  6.7445176E-04
  9.5279600E+03  6.8544224E-04
  9.5499199E+03  7.3483080E-04
  9.5719404E+03  6.8544224E-04
  9.5940000E+03  7.2716794E-04
  9.6161201E+03  5.8122905E-04
  9.6382900E+03  5.4022652E-04
  9.6605098E+03  5.4022652E-04
  9.6827695E+03  7.0577179E-04
  9.7050996E+03  7.0241670E-04
  9.7274697E+03  8.0212764E-04
  9.7498896E+03  6.9358392E-04
  9.7723701E+03  6.9100643E-04
  9.7949004E+03  8.7183865E-04
  9.8174805E+03  6.3133147E-04
  9.8401104E+03  6.8812107E-04
  9.8627900E+03  6.8812107E-04
  9.8855303E+03  6.8812107E-04
  9.9083203E+03  6.8812107E-04
  9.9311602E+03  6.4912892E-04
  9.9540498E+03  6.3490379E-04
  9.9770000E+03  6.4912892E-04
  1.0000000E+04  6.4912892E-04
  1.0000000E+04  6.4912892E-04
  1.0115800E+04  5.7401916E-04
  1.0232940E+04  5.2785699E-04
  1.0351420E+04  4.5090634E-04
  1.0471290E+04  5.9035129E-04
  1.0592540E+04  5.7489367E-04
  1.0715200E+04  5.3274201E-04
  1.0839270E+04  4.2872567E-04
  1.0964780E+04  4.6896603E-04
  1.1091750E+04  3.9583366E-04
  1.1220190E+04  4.5406431E-04
  1.1350100E+04  4.3464766E-04
  1.1481540E+04  4.2506785E-04
  1.1614490E+04  4.2410567E-04
  1.1748980E+04  4.4987284E-04
  1.1885020E+04  4.5570324E-04
  1.2022640E+04  3.6996105E-04
  1.2161860E+04  3.7030567E-04
  1.2302690E+04  3.2612143E-04
  1.2445140E+04  3.9182958E-04
  1.2589250E+04  3.7732345E-04
  1.2735030E+04  3.7857812E-04
  1.2882500E+04  3.9293634E-04
  1.3031660E+04  3.6680821E-04
  1.3182560E+04  3.4942754E-04
  1.3335210E+04  3.3126402E-04
  1.3489630E+04  3.7697644E-04
  1.3645840E+04  3.1968893E-04
  1.3803840E+04  3.1169277E-04
  1.3963680E+04  3.0645166E-04
  1.4125380E+04  3.7917777E-04
  1.4288950E+04  2.8104449E-04
  1.4454390E+04  2.2645500E-04
  1.4621770E+04  2.2982185E-04
  1.4791090E+04  2.3314722E-04
  1.4962360E+04  2.2587157E-04
  1.5135610E+04  2.2044445E-04
  1.5310870E+04  2.5552409E-04
  1.5488170E+04  2.5300207E-04
  1.5667520E+04  2.4477739E-04
  1.5848920E+04  2.3455785E-04
  1.6032450E+04  2.3312560E-04
  1.6218100E+04  2.2713293E-04
  1.6405900E+04  2.1920243E-04
  1.6595859E+04  2.1497380E-04
  1.6788039E+04  2.0517311E-04
  1.6982439E+04  2.0043062E-04
  1.7179090E+04  1.9272037E-04
  1.7378000E+04  1.8198027E-04
  1.7579230E+04  1.7837127E-04
  1.7782789E+04  1.7173450E-04
  1.7988711E+04  1.6553632E-04
  1.8197020E+04  1.5759474E-04
  1.8407711E+04  1.5278957E-04
  1.8620869E+04  1.4674668E-04
  1.8836490E+04  1.4107670E-04
  1.9054619E+04  1.3666454E-04
  1.9275240E+04  1.3106700E-04
  1.9498439E+04  1.2452179E-04
  1.9724230E+04  1.2088009E-04
  1.9952631E+04  1.1649501E-04
  2.0183660E+04  1.1269402E-04
  2.0417381E+04  1.0829130E-04
  2.0653801E+04  1.0393242E-04
  2.0892971E+04  9.9978482E-05
  2.1134881E+04  9.6312921E-05
  2.1379619E+04  9.2883369E-05
  2.1627189E+04  8.8013461E-05
  2.1877619E+04  8.5587759E-05
  2.2130939E+04  8.2375431E-05
  2.2387211E+04  7.9038226E-05
  2.2646439E+04  7.5883268E-05
  2.2908680E+04  6.8665424E-05
  2.3173930E+04  6.5744025E-05
  2.3442279E+04  6.2594125E-05
  2.3713740E+04  5.8866328E-05
  2.3988340E+04  5.5873912E-05
  2.4266109E+04  5.3313379E-05
  2.4547080E+04  5.0257178E-05
  2.4831330E+04  4.7663292E-05
  2.5118869E+04  4.6451150E-05
  2.5409740E+04  4.5910696E-05
  2.5703949E+04  4.4674060E-05
  2.6001590E+04  4.3157095E-05
  2.6302680E+04  4.1362222E-05
  2.6607260E+04  4.0015362E-05
  2.6915340E+04  3.8948208E-05
  2.7227010E+04  3.7944494E-05
  2.7542289E+04  3.6366207E-05
  2.7861221E+04  3.5271416E-05
  2.8183820E+04  3.3960412E-05
  2.8510180E+04  3.2749085E-05
  2.8840320E+04  3.1457213E-05
  2.9174279E+04  3.0275811E-05
  2.9512080E+04  2.9044297E-05
  2.9853820E+04  2.7913306E-05
  3.0199520E+04  2.7306165E-05
  3.0549221E+04  2.6421096E-05
  3.0902939E+04  2.5681607E-05
  3.1260789E+04  2.5009782E-05
  3.1622779E+04  2.4618310E-05
  3.1988961E+04  2.7762986E-05
  3.2359350E+04  4.2259617E-05
  3.2734061E+04  6.6619919E-05
  3.3113109E+04  7.3237774E-05
  3.3496551E+04  4.9472306E-05
  3.3884430E+04  2.7437587E-05
  3.4276770E+04  2.0113794E-05
  3.4673680E+04  1.8637193E-05
  3.5075199E+04  1.7989503E-05
  3.5481359E+04  1.7335902E-05
  3.5892180E+04  1.6681393E-05
  3.6307801E+04  1.6147298E-05
  3.6728230E+04  1.5527194E-05
  3.7153539E+04  1.4925298E-05
  3.7583719E+04  1.4357403E-05
  3.8018930E+04  1.3894800E-05
  3.8459180E+04  1.3472196E-05
  3.8904531E+04  1.2979498E-05
  3.9354988E+04  1.2541985E-05
  3.9810711E+04  1.2055305E-05
  4.0271711E+04  1.1711784E-05
  4.0738039E+04  1.1314295E-05
  4.1209730E+04  1.0970790E-05
  4.1686930E+04  1.0582206E-05
  4.2169648E+04  1.0261997E-05
  4.2657961E+04  9.9697972E-06
  4.3151879E+04  9.0860967E-06
  4.3651570E+04  8.6177961E-06
  4.4157039E+04  8.1721955E-06
  4.4668371E+04  7.8881994E-06
  4.5185621E+04  7.7062014E-06
  4.5708801E+04  7.6277961E-06
  4.6238102E+04  7.4698028E-06
  4.6773520E+04  7.3997967E-06
  4.7315148E+04  7.3291990E-06
  4.7862988E+04  7.2183038E-06
  4.8417230E+04  7.1556024E-06
  4.8977891E+04  7.0427004E-06
  4.9545039E+04  6.9509988E-06
  5.0118699E+04  6.8709014E-06
  5.0699059E+04  6.7700989E-06
  5.1286141E+04  6.6824969E-06
  5.1880020E+04  6.6142970E-06
  5.2480719E+04  6.5369022E-06
  5.3088430E+04  6.4412970E-06
  5.3703180E+04  6.3850994E-06
  5.4325051E+04  6.3265998E-06
  5.4954059E+04  6.2794024E-06
  5.5590410E+04  6.2431936E-06
  5.6234129E+04  6.2176914E-06
  5.6885309E+04  6.2029972E-06
  5.7543961E+04  6.1991982E-06
  5.8210301E+04  6.2058994E-06
  5.8884359E+04  6.2229915E-06
  5.9566230E+04  6.2511986E-06
  6.0255988E+04  6.7933979E-06
  6.0953672E+04  8.1411999E-06
  6.1659500E+04  1.3503606E-05
  6.2373500E+04  2.1115189E-05
  6.3095762E+04  1.5336378E-05
  6.3826320E+04  9.7970869E-06
  6.4565410E+04  7.4110985E-06
  6.5313059E+04  6.3253979E-06
  6.6069367E+04  6.6676998E-06
  6.6834359E+04  6.7652986E-06
  6.7608289E+04  6.7348014E-06
  6.8391172E+04  6.4437017E-06
  6.9183117E+04  7.3231017E-06
  6.9984156E+04  8.6833979E-06
  7.0794562E+04  7.8403982E-06
  7.1614344E+04  8.4129024E-06
  7.2443617E+04  8.7764975E-06
  7.3282406E+04  1.0034502E-05
  7.4131008E+04  1.2146581E-05
  7.4989422E+04  1.5752692E-05
  7.5857781E+04  1.8942808E-05
  7.6736102E+04  2.0518504E-05
  7.7624688E+04  1.9178999E-05
  7.8523562E+04  1.8227893E-05
  7.9432844E+04  1.5534510E-05
  8.0352648E+04  1.2064388E-05
  8.1283023E+04  1.0076988E-05
  8.2224258E+04  8.7062999E-06
  8.3176391E+04  8.4372950E-06
  8.4139547E+04  8.3781961E-06
  8.5113773E+04  8.8047964E-06
  8.6099367E+04  9.7118045E-06
  8.7096367E+04  8.7981962E-06
  8.8104922E+04  6.1950000E-06
  8.9125047E+04  4.5058987E-06
  9.0157102E+04  3.5475005E-06
  9.1201094E+04  2.8973016E-06
  9.2257172E+04  2.6219011E-06
  9.3325383E+04  2.5939005E-06
  9.4406070E+04  2.5451006E-06
  9.5499273E+04  2.3226000E-06
  9.6605117E+04  2.4899966E-06
  9.7723672E+04  2.3967984E-06
  9.8855281E+04  2.0684986E-06
  1.0000000E+05  1.8690000E-06
  1.0115797E+05  1.9687989E-06
  1.0232924E+05  1.9930999E-06
  1.0351419E+05  2.0070995E-06
  1.0471285E+05  2.2729994E-06
  1.0592540E+05  2.8451013E-06
  1.0715198E+05  2.8275003E-06
  1.0839266E+05  2.9398013E-06
  1.0964781E+05  3.6487954E-06
  1.1091750E+05  5.0233016E-06
  1.1220190E+05  9.0084968E-06
  1.1350104E+05  9.9903973E-06
  1.1481534E+05  6.8661957E-06
  1.1614488E+05  4.9866976E-06
  1.1748980E+05  4.3043001E-06
  1.1885017E+05  4.3360997E-06
  1.2022642E+05  4.6721989E-06
  1.2161861E+05  4.4446019E-06
  1.2302692E+05  4.8091028E-06
  1.2445140E+05  5.1404022E-06
  1.2589252E+05  5.7588013E-06
  1.2735031E+05  7.3206902E-06
  1.2882499E+05  6.4298993E-06
  1.3031661E+05  3.9021961E-06
  1.3182564E+05  3.4786019E-06
  1.3335214E+05  3.4245018E-06
  1.3489633E+05  3.3541007E-06
  1.3645823E+05  3.4312952E-06
  1.3803839E+05  3.0868994E-06
  1.3963683E+05  3.0913968E-06
  1.4125378E+05  3.1329989E-06
  1.4288947E+05  3.1319016E-06
  1.4454392E+05  3.1240988E-06
  1.4621770E+05  3.1163972E-06
  1.4791086E+05  3.1087968E-06
  1.4962362E+05  3.1012964E-06
  1.5135606E+05  3.0931012E-06
  1.5310872E+05  3.0845988E-06
  1.5488169E+05  3.0762990E-06
  1.5667517E+05  3.0679978E-06
  1.5848925E+05  3.0600011E-06
  1.6032452E+05  3.0512012E-06
  1.6218103E+05  3.0386009E-06
  1.6405903E+05  3.0261986E-06
  1.6595861E+05  3.0138999E-06
  1.6788036E+05  3.0017009E-06
  1.6982438E+05  2.9896003E-06
  1.7179089E+05  2.9766986E-06
  1.7377998E+05  2.9638004E-06
  1.7579231E+05  2.9511009E-06
  1.7782794E+05  2.9384009E-06
  1.7988714E+05  2.9258999E-06
  1.8196998E+05  2.9105013E-06
  1.8407714E+05  2.8945988E-06
  1.8620870E+05  2.8785998E-06
  1.8836495E+05  2.8622997E-06
  1.9054595E+05  2.8461011E-06
  1.9275242E+05  2.8305972E-06
  1.9498444E+05  2.8148995E-06
  1.9724231E+05  2.7988985E-06
  1.9952631E+05  2.7827959E-06
