  3.1623001E+02  0.0000000E+00
  3.1695999E+02  0.0000000E+00
  3.1769000E+02  0.0000000E+00
  3.1842001E+02  0.0000000E+00
  3.1914999E+02  0.0000000E+00
  3.1989001E+02  0.0000000E+00
  3.2063000E+02  0.0000000E+00
  3.2137000E+02  0.0000000E+00
  3.2210999E+02  0.0000000E+00
  3.2285001E+02  0.0000000E+00
  3.2359000E+02  0.0000000E+00
  3.2434000E+02  0.0000000E+00
  3.2509000E+02  0.0000000E+00
  3.2584000E+02  0.0000000E+00
  3.2659000E+02  0.0000000E+00
  3.2734000E+02  0.0000000E+00
  3.2810001E+02  0.0000000E+00
  3.2885001E+02  0.0000000E+00
  3.2960999E+02  0.0000000E+00
  3.3037000E+02  0.0000000E+00
  3.3113000E+02  0.0000000E+00
  3.3189001E+02  0.0000000E+00
  3.3266000E+02  0.0000000E+00
  3.3342999E+02  0.0000000E+00
  3.3419000E+02  0.0000000E+00
  3.3497000E+02  0.0000000E+00
  3.3573999E+02  0.0000000E+00
  3.3651001E+02  0.0000000E+00
  3.3729001E+02  0.0000000E+00
  3.3806000E+02  0.0000000E+00
  3.3884000E+02  0.0000000E+00
  3.3963000E+02  0.0000000E+00
  3.4041000E+02  0.0000000E+00
  3.4119000E+02  0.0000000E+00
  3.4198001E+02  0.0000000E+00
  3.4276999E+02  0.0000000E+00
  3.4356000E+02  0.0000000E+00
  3.4435001E+02  0.0000000E+00
  3.4514001E+02  0.0000000E+00
  3.4594000E+02  0.0000000E+00
  3.4673999E+02  0.0000000E+00
  3.4754001E+02  0.0000000E+00
  3.4834000E+02  0.0000000E+00
  3.4914001E+02  0.0000000E+00
  3.4995001E+02  0.0000000E+00
  3.5075000E+02  0.0000000E+00
  3.5156000E+02  0.0000000E+00
  3.5237000E+02  0.0000000E+00
  3.5317999E+02  0.0000000E+00
  3.5400000E+02  0.0000000E+00
  3.5481000E+02  0.0000000E+00
  3.5563000E+02  0.0000000E+00
  3.5645001E+02  0.0000000E+00
  3.5726999E+02  0.0000000E+00
  3.5810001E+02  0.0000000E+00
  3.5892001E+02  0.0000000E+00
  3.5975000E+02  0.0000000E+00
  3.6057999E+02  0.0000000E+00
  3.6141000E+02  0.0000000E+00
  3.6223999E+02  0.0000000E+00
  3.6307999E+02  0.0000000E+00
  3.6392001E+02  0.0000000E+00
  3.6475000E+02  0.0000000E+00
  3.6559000E+02  0.0000000E+00
  3.6644000E+02  0.0000000E+00
  3.6728000E+02  0.0000000E+00
  3.6813000E+02  0.0000000E+00
  3.6898001E+02  0.0000000E+00
  3.6982999E+02  0.0000000E+00
  3.7067999E+02  0.0000000E+00
  3.7154001E+02  0.0000000E+00
  3.7239001E+02  0.0000000E+00
  3.7325000E+02  0.0000000E+00
  3.7410999E+02  0.0000000E+00
  3.7497000E+02  0.0000000E+00
  3.7584000E+02  0.0000000E+00
  3.7670001E+02  0.0000000E+00
  3.7757001E+02  0.0000000E+00
  3.7844000E+02  0.0000000E+00
  3.7931000E+02  0.0000000E+00
  3.8019000E+02  0.0000000E+00
  3.8107001E+02  0.0000000E+00
  3.8194000E+02  0.0000000E+00
  3.8282001E+02  0.0000000E+00
  3.8370999E+02  0.0000000E+00
  3.8459000E+02  0.0000000E+00
  3.8548001E+02  0.0000000E+00
  3.8637000E+02  0.0000000E+00
  3.8726001E+02  0.0000000E+00
  3.8814999E+02  0.0000000E+00
  3.8904999E+02  0.0000000E+00
  3.8994000E+02  0.0000000E+00
  3.9084000E+02  0.0000000E+00
  3.9173999E+02  0.0000000E+00
  3.9264999E+02  0.0000000E+00
  3.9354999E+02  0.0000000E+00
  3.9445999E+02  0.0000000E+00
  3.9537000E+02  0.0000000E+00
  3.9628000E+02  0.0000000E+00
  3.9719000E+02  0.0000000E+00
  3.9810999E+02  0.0000000E+00
  3.9901999E+02  0.0000000E+00
  3.9994000E+02  0.0000000E+00
  4.0087000E+02  0.0000000E+00
  4.0179001E+02  0.0000000E+00
  4.0272000E+02  0.0000000E+00
  4.0364999E+02  0.0000000E+00
  4.0457999E+02  0.0000000E+00
  4.0551001E+02  0.0000000E+00
  4.0644000E+02  0.0000000E+00
  4.0738000E+02  0.0000000E+00
  4.0832001E+02  0.0000000E+00
  4.0926001E+02  0.0000000E+00
  4.1020001E+02  0.0000000E+00
  4.1114999E+02  0.0000000E+00
  4.1210001E+02  0.0000000E+00
  4.1304999E+02  0.0000000E+00
  4.1400000E+02  0.0000000E+00
  4.1495001E+02  0.0000000E+00
  4.1591000E+02  0.0000000E+00
  4.1687000E+02  0.0000000E+00
  4.1782999E+02  0.0000000E+00
  4.1879001E+02  0.0000000E+00
  4.1976001E+02  0.0000000E+00
  4.2073001E+02  0.0000000E+00
  4.2170001E+02  0.0000000E+00
  4.2267001E+02  0.0000000E+00
  4.2364001E+02  0.0000000E+00
  4.2462000E+02  0.0000000E+00
  4.2560001E+02  0.0000000E+00
  4.2657999E+02  0.0000000E+00
  4.2756000E+02  0.0000000E+00
  4.2854999E+02  0.0000000E+00
  4.2954001E+02  0.0000000E+00
  4.3053000E+02  0.0000000E+00
  4.3151999E+02  0.0000000E+00
  4.3251001E+02  0.0000000E+00
  4.3351001E+02  0.0000000E+00
  4.3451001E+02  0.0000000E+00
  4.3551001E+02  0.0000000E+00
  4.3651999E+02  0.0000000E+00
  4.3751999E+02  0.0000000E+00
  4.3853000E+02  0.0000000E+00
  4.3954001E+02  0.0000000E+00
  4.4054999E+02  0.0000000E+00
  4.4157001E+02  0.0000000E+00
  4.4259000E+02  0.0000000E+00
  4.4360999E+02  0.0000000E+00
  4.4463000E+02  0.0000000E+00
  4.4566000E+02  0.0000000E+00
  4.4667999E+02  0.0000000E+00
  4.4770999E+02  0.0000000E+00
  4.4875000E+02  0.0000000E+00
  4.4978000E+02  0.0000000E+00
  4.5082001E+02  0.0000000E+00
  4.5185999E+02  0.0000000E+00
  4.5289999E+02  0.0000000E+00
  4.5394000E+02  0.0000000E+00
  4.5498999E+02  0.0000000E+00
  4.5604001E+02  0.0000000E+00
  4.5709000E+02  0.0000000E+00
  4.5814001E+02  0.0000000E+00
  4.5920001E+02  0.0000000E+00
  4.6026001E+02  0.0000000E+00
  4.6132001E+02  0.0000000E+00
  4.6238000E+02  0.0000000E+00
  4.6345001E+02  0.0000000E+00
  4.6451999E+02  0.0000000E+00
  4.6559000E+02  0.0000000E+00
  4.6666000E+02  0.0000000E+00
  4.6773999E+02  0.0000000E+00
  4.6881000E+02  0.0000000E+00
  4.6989001E+02  0.0000000E+00
  4.7098001E+02  0.0000000E+00
  4.7206000E+02  0.0000000E+00
  4.7314999E+02  0.0000000E+00
  4.7423999E+02  0.0000000E+00
  4.7534000E+02  0.0000000E+00
  4.7642999E+02  0.0000000E+00
  4.7753000E+02  0.0000000E+00
  4.7863000E+02  0.0000000E+00
  4.7973001E+02  0.0000000E+00
  4.8084000E+02  0.0000000E+00
  4.8195001E+02  0.0000000E+00
  4.8306000E+02  0.0000000E+00
  4.8417001E+02  0.0000000E+00
  4.8529001E+02  0.0000000E+00
  4.8641000E+02  0.0000000E+00
  4.8753000E+02  0.0000000E+00
  4.8864999E+02  0.0000000E+00
  4.8978000E+02  0.0000000E+00
  4.9091000E+02  0.0000000E+00
  4.9204001E+02  0.0000000E+00
  4.9317001E+02  0.0000000E+00
  4.9431000E+02  0.0000000E+00
  4.9545001E+02  0.0000000E+00
  4.9659000E+02  0.0000000E+00
  4.9773999E+02  0.0000000E+00
  4.9888000E+02  0.0000000E+00
  5.0003000E+02  0.0000000E+00
  5.0119000E+02  0.0000000E+00
  5.0234000E+02  0.0000000E+00
  5.0350000E+02  0.0000000E+00
  5.0466000E+02  0.0000000E+00
  5.0582001E+02  0.0000000E+00
  5.0698999E+02  0.0000000E+00
  5.0816000E+02  0.0000000E+00
  5.0932999E+02  0.0000000E+00
  5.1050000E+02  0.0000000E+00
  5.1167999E+02  0.0000000E+00
  5.1285999E+02  0.0000000E+00
  5.1403998E+02  0.0000000E+00
  5.1522998E+02  0.0000000E+00
  5.1641998E+02  0.0000000E+00
  5.1760999E+02  0.0000000E+00
  5.1879999E+02  0.0000000E+00
  5.2000000E+02  0.0000000E+00
  5.2119000E+02  0.0000000E+00
  5.2240002E+02  0.0000000E+00
  5.2359998E+02  0.0000000E+00
  5.2481000E+02  0.0000000E+00
  5.2602002E+02  0.0000000E+00
  5.2722998E+02  0.0000000E+00
  5.2845001E+02  0.0000000E+00
  5.2965997E+02  0.0000000E+00
  5.3088000E+02  0.0000000E+00
  5.3210999E+02  0.0000000E+00
  5.3333002E+02  0.0000000E+00
  5.3456000E+02  0.0000000E+00
  5.3579999E+02  0.0000000E+00
  5.3703003E+02  0.0000000E+00
  5.3827002E+02  0.0000000E+00
  5.3951001E+02  0.0000000E+00
  5.4075000E+02  0.0000000E+00
  5.4200000E+02  0.0000000E+00
  5.4325000E+02  0.0000000E+00
  5.4450000E+02  0.0000000E+00
  5.4576001E+02  0.0000000E+00
  5.4702002E+02  0.0000000E+00
  5.4828003E+02  0.0000000E+00
  5.4953998E+02  0.0000000E+00
  5.5081000E+02  0.0000000E+00
  5.5208002E+02  0.0000000E+00
  5.5334998E+02  0.0000000E+00
  5.5463000E+02  0.0000000E+00
  5.5590002E+02  0.0000000E+00
  5.5719000E+02  0.0000000E+00
  5.5846997E+02  0.0000000E+00
  5.5976001E+02  0.0000000E+00
  5.6104999E+02  0.0000000E+00
  5.6234003E+02  0.0000000E+00
  5.6364001E+02  0.0000000E+00
  5.6494000E+02  0.0000000E+00
  5.6623999E+02  0.0000000E+00
  5.6753998E+02  0.0000000E+00
  5.6884998E+02  0.0000000E+00
  5.7015997E+02  0.0000000E+00
  5.7147998E+02  0.0000000E+00
  5.7279999E+02  0.0000000E+00
  5.7412000E+02  0.0000000E+00
  5.7544000E+02  0.0000000E+00
  5.7677002E+02  0.0000000E+00
  5.7809998E+02  0.0000000E+00
  5.7942999E+02  0.0000000E+00
  5.8076001E+02  0.0000000E+00
  5.8209998E+02  0.0000000E+00
  5.8345001E+02  0.0000000E+00
  5.8478998E+02  0.0000000E+00
  5.8614001E+02  0.0000000E+00
  5.8748999E+02  0.0000000E+00
  5.8884003E+02  0.0000000E+00
  5.9020001E+02  0.0000000E+00
  5.9156000E+02  0.0000000E+00
  5.9292999E+02  0.0000000E+00
  5.9428998E+02  0.0000000E+00
  5.9565997E+02  0.0000000E+00
  5.9703998E+02  0.0000000E+00
  5.9840997E+02  0.0000000E+00
  5.9978998E+02  0.0000000E+00
  6.0116998E+02  0.0000000E+00
  6.0256000E+02  0.0000000E+00
  6.0395001E+02  0.0000000E+00
  6.0534003E+02  0.0000000E+00
  6.0673999E+02  0.0000000E+00
  6.0813000E+02  0.0000000E+00
  6.0953998E+02  0.0000000E+00
  6.1094000E+02  0.0000000E+00
  6.1234998E+02  0.0000000E+00
  6.1376001E+02  0.0000000E+00
  6.1517999E+02  0.0000000E+00
  6.1659003E+02  0.0000000E+00
  6.1802002E+02  0.0000000E+00
  6.1944000E+02  0.0000000E+00
  6.2087000E+02  0.0000000E+00
  6.2229999E+02  0.0000000E+00
  6.2372998E+02  0.0000000E+00
  6.2516998E+02  0.0000000E+00
  6.2660999E+02  0.0000000E+00
  6.2806000E+02  0.0000000E+00
  6.2951001E+02  0.0000000E+00
  6.3096002E+02  0.0000000E+00
  6.3240997E+02  0.0000000E+00
  6.3387000E+02  0.0000000E+00
  6.3533002E+02  0.0000000E+00
  6.3679999E+02  0.0000000E+00
  6.3826001E+02  0.0000000E+00
  6.3972998E+02  0.0000000E+00
  6.4121002E+02  0.0000000E+00
  6.4269000E+02  0.0000000E+00
  6.4416998E+02  0.0000000E+00
  6.4565002E+02  0.0000000E+00
  6.4714001E+02  0.0000000E+00
  6.4863000E+02  0.0000000E+00
  6.5013000E+02  0.0000000E+00
  6.5163000E+02  0.0000000E+00
  6.5313000E+02  0.0000000E+00
  6.5464001E+02  0.0000000E+00
  6.5615002E+02  0.0000000E+00
  6.5765997E+02  0.0000000E+00
  6.5916998E+02  0.0000000E+00
  6.6069000E+02  0.0000000E+00
  6.6221997E+02  0.0000000E+00
  6.6373999E+02  0.0000000E+00
  6.6527002E+02  0.0000000E+00
  6.6681000E+02  0.0000000E+00
  6.6834003E+02  0.0000000E+00
  6.6988000E+02  0.0000000E+00
  6.7142999E+02  0.0000000E+00
  6.7297998E+02  0.0000000E+00
  6.7453003E+02  0.0000000E+00
  6.7608002E+02  0.0000000E+00
  6.7764001E+02  0.0000000E+00
  6.7920001E+02  0.0000000E+00
  6.8077002E+02  0.0000000E+00
  6.8234003E+02  0.0000000E+00
  6.8390997E+02  0.0000000E+00
  6.8548999E+02  0.0000000E+00
  6.8707001E+02  0.0000000E+00
  6.8865002E+02  0.0000000E+00
  6.9023999E+02  0.0000000E+00
  6.9183002E+02  0.0000000E+00
  6.9342999E+02  0.0000000E+00
  6.9502002E+02  0.0000000E+00
  6.9663000E+02  0.0000000E+00
  6.9822998E+02  0.0000000E+00
  6.9984003E+02  0.0000000E+00
  7.0146002E+02  0.0000000E+00
  7.0307001E+02  0.0000000E+00
  7.0469000E+02  0.0000000E+00
  7.0632001E+02  0.0000000E+00
  7.0795001E+02  0.0000000E+00
  7.0958002E+02  0.0000000E+00
  7.1121002E+02  0.0000000E+00
  7.1284998E+02  0.0000000E+00
  7.1450000E+02  0.0000000E+00
  7.1614001E+02  0.0000000E+00
  7.1778998E+02  0.0000000E+00
  7.1945001E+02  0.0000000E+00
  7.2110999E+02  0.0000000E+00
  7.2277002E+02  0.0000000E+00
  7.2444000E+02  0.0000000E+00
  7.2610999E+02  0.0000000E+00
  7.2778003E+02  0.0000000E+00
  7.2946002E+02  0.0000000E+00
  7.3114001E+02  0.0000000E+00
  7.3282001E+02  0.0000000E+00
  7.3451001E+02  0.0000000E+00
  7.3621002E+02  0.0000000E+00
  7.3790002E+02  0.0000000E+00
  7.3960999E+02  0.0000000E+00
  7.4131000E+02  0.0000000E+00
  7.4302002E+02  0.0000000E+00
  7.4472998E+02  0.0000000E+00
  7.4645001E+02  0.0000000E+00
  7.4816998E+02  0.0000000E+00
  7.4989001E+02  0.0000000E+00
  7.5162000E+02  0.0000000E+00
  7.5335999E+02  0.0000000E+00
  7.5509003E+02  0.0000000E+00
  7.5683002E+02  0.0000000E+00
  7.5858002E+02  0.0000000E+00
  7.6033002E+02  0.0000000E+00
  7.6208002E+02  0.0000000E+00
  7.6384003E+02  0.0000000E+00
  7.6559998E+02  0.0000000E+00
  7.6735999E+02  0.0000000E+00
  7.6913000E+02  0.0000000E+00
  7.7090002E+02  0.0000000E+00
  7.7267999E+02  0.0000000E+00
  7.7446002E+02  0.0000000E+00
  7.7625000E+02  0.0000000E+00
  7.7803998E+02  0.0000000E+00
  7.7983002E+02  0.0000000E+00
  7.8163000E+02  0.0000000E+00
  7.8342999E+02  0.0000000E+00
  7.8523999E+02  0.0000000E+00
  7.8704999E+02  0.0000000E+00
  7.8885999E+02  0.0000000E+00
  7.9067999E+02  0.0000000E+00
  7.9250000E+02  0.0000000E+00
  7.9433002E+02  0.0000000E+00
  7.9615997E+02  0.0000000E+00
  7.9798999E+02  0.0000000E+00
  7.9983002E+02  0.0000000E+00
  8.0167999E+02  0.0000000E+00
  8.0353003E+02  0.0000000E+00
  8.0538000E+02  0.0000000E+00
  8.0723999E+02  0.0000000E+00
  8.0909998E+02  0.0000000E+00
  8.1096002E+02  0.0000000E+00
  8.1283002E+02  0.0000000E+00
  8.1470001E+02  0.0000000E+00
  8.1658002E+02  0.0000000E+00
  8.1846002E+02  0.0000000E+00
  8.2034998E+02  0.0000000E+00
  8.2223999E+02  0.0000000E+00
  8.2414001E+02  0.0000000E+00
  8.2603998E+02  0.0000000E+00
  8.2794000E+02  0.0000000E+00
  8.2984998E+02  0.0000000E+00
  8.3176001E+02  0.0000000E+00
  8.3367999E+02  0.0000000E+00
  8.3559998E+02  0.0000000E+00
  8.3753003E+02  0.0000000E+00
  8.3946002E+02  0.0000000E+00
  8.4140002E+02  0.0000000E+00
  8.4333002E+02  0.0000000E+00
  8.4528003E+02  0.0000000E+00
  8.4722998E+02  0.0000000E+00
  8.4917999E+02  0.0000000E+00
  8.5114001E+02  0.0000000E+00
  8.5309998E+02  0.0000000E+00
  8.5507001E+02  0.0000000E+00
  8.5703998E+02  0.0000000E+00
  8.5901001E+02  0.0000000E+00
  8.6098999E+02  0.0000000E+00
  8.6297998E+02  0.0000000E+00
  8.6496997E+02  0.0000000E+00
  8.6696002E+02  0.0000000E+00
  8.6896002E+02  0.0000000E+00
  8.7096002E+02  0.0000000E+00
  8.7296997E+02  0.0000000E+00
  8.7497998E+02  0.0000000E+00
  8.7700000E+02  0.0000000E+00
  8.7902002E+02  0.0000000E+00
  8.8104999E+02  0.0000000E+00
  8.8308002E+02  0.0000000E+00
  8.8512000E+02  0.0000000E+00
  8.8715997E+02  0.0000000E+00
  8.8920001E+02  0.0000000E+00
  8.9125000E+02  0.0000000E+00
  8.9331000E+02  0.0000000E+00
  8.9535999E+02  0.0000000E+00
  8.9742999E+02  0.0000000E+00
  8.9950000E+02  0.0000000E+00
  9.0157001E+02  2.3852363E-02
  9.0365002E+02  2.4057500E-02
  9.0572998E+02  2.4609054E-02
  9.0782001E+02  2.4597505E-02
  9.0990997E+02  2.4597505E-02
  9.1201001E+02  2.4597505E-02
  9.1410999E+02  2.4069997E-02
  9.1621997E+02  2.4597505E-02
  9.1833002E+02  2.4609054E-02
  9.2045001E+02  2.4597505E-02
  9.2257001E+02  2.4609054E-02
  9.2470001E+02  2.4609054E-02
  9.2683002E+02  2.4687300E-02
  9.2896997E+02  2.4687300E-02
  9.3110999E+02  2.4687300E-02
  9.3325000E+02  2.5256127E-02
  9.3540997E+02  2.5256127E-02
  9.3756000E+02  2.5561957E-02
  9.3971997E+02  2.5966274E-02
  9.4189001E+02  2.6381150E-02
  9.4406000E+02  2.6477527E-02
  9.4623999E+02  2.6477527E-02
  9.4841998E+02  2.6381150E-02
  9.5059998E+02  2.6381150E-02
  9.5279999E+02  2.6830547E-02
  9.5498999E+02  2.7189825E-02
  9.5719000E+02  2.6872830E-02
  9.5940002E+02  2.6872830E-02
  9.6160999E+02  2.6830547E-02
  9.6383002E+02  2.7331119E-02
  9.6604999E+02  2.7331119E-02
  9.6828003E+02  2.7410164E-02
  9.7051001E+02  2.7829839E-02
  9.7275000E+02  2.7829839E-02
  9.7498999E+02  2.7925260E-02
  9.7723999E+02  2.7925260E-02
  9.7948999E+02  2.8137662E-02
  9.8175000E+02  2.8137662E-02
  9.8401001E+02  2.8137662E-02
  9.8628003E+02  2.8177459E-02
  9.8854999E+02  2.8177459E-02
  9.9083002E+02  2.8328707E-02
  9.9312000E+02  2.8975194E-02
  9.9540997E+02  2.9214589E-02
  9.9770001E+02  2.9214589E-02
  1.0000000E+03  3.0268308E-02
  1.0023100E+03  3.0268308E-02
  1.0046200E+03  3.0268308E-02
  1.0069300E+03  2.9214589E-02
  1.0092500E+03  2.9214589E-02
  1.0115800E+03  3.0304562E-02
  1.0139100E+03  3.0800918E-02
  1.0162500E+03  3.0800918E-02
  1.0185900E+03  3.0868527E-02
  1.0209400E+03  3.0868527E-02
  1.0232900E+03  3.1214723E-02
  1.0256500E+03  3.1018652E-02
  1.0280200E+03  3.1018652E-02
  1.0303900E+03  3.1673789E-02
  1.0327600E+03  3.1673789E-02
  1.0351400E+03  3.1781811E-02
  1.0375300E+03  3.2516740E-02
  1.0399200E+03  3.1781811E-02
  1.0423199E+03  3.2516740E-02
  1.0447200E+03  3.1781811E-02
  1.0471300E+03  3.2544129E-02
  1.0495400E+03  3.2516740E-02
  1.0519600E+03  3.2516740E-02
  1.0543900E+03  3.2516740E-02
  1.0568199E+03  3.2516740E-02
  1.0592500E+03  3.2516740E-02
  1.0617000E+03  3.2544129E-02
  1.0641400E+03  3.2544129E-02
  1.0666000E+03  3.2647673E-02
  1.0690500E+03  3.1781811E-02
  1.0715200E+03  3.2545727E-02
  1.0739900E+03  3.2647673E-02
  1.0764700E+03  3.2647673E-02
  1.0789500E+03  3.2545727E-02
  1.0814301E+03  3.1673789E-02
  1.0839301E+03  3.1781811E-02
  1.0864301E+03  3.2545727E-02
  1.0889301E+03  3.2555342E-02
  1.0914399E+03  3.2555342E-02
  1.0939600E+03  3.2555342E-02
  1.0964800E+03  3.2647673E-02
  1.0990100E+03  3.2647673E-02
  1.1015400E+03  3.2655891E-02
  1.1040800E+03  3.2655891E-02
  1.1066200E+03  3.2908358E-02
  1.1091801E+03  3.4647394E-02
  1.1117300E+03  3.4575067E-02
  1.1142900E+03  3.4575067E-02
  1.1168600E+03  3.4575067E-02
  1.1194399E+03  3.4575067E-02
  1.1220200E+03  3.4575067E-02
  1.1246000E+03  3.3469226E-02
  1.1272000E+03  3.3083338E-02
  1.1298000E+03  3.3083338E-02
  1.1324000E+03  3.2647673E-02
  1.1350100E+03  3.2647673E-02
  1.1376300E+03  3.3295084E-02
  1.1402500E+03  3.3340190E-02
  1.1428800E+03  3.3469226E-02
  1.1455100E+03  3.3469226E-02
  1.1481500E+03  3.4575067E-02
  1.1508000E+03  3.4575067E-02
  1.1534500E+03  3.4575067E-02
  1.1561100E+03  3.4576140E-02
  1.1587800E+03  3.4575067E-02
  1.1614500E+03  3.4493215E-02
  1.1641300E+03  3.4067500E-02
  1.1668101E+03  3.3956487E-02
  1.1695000E+03  3.3956487E-02
  1.1722000E+03  3.3415437E-02
  1.1749000E+03  3.3295084E-02
  1.1776100E+03  3.2083992E-02
  1.1803199E+03  3.2555342E-02
  1.1830400E+03  3.2555342E-02
  1.1857700E+03  3.2168429E-02
  1.1885000E+03  3.2083992E-02
  1.1912400E+03  3.1753350E-02
  1.1939900E+03  3.1753350E-02
  1.1967400E+03  3.1753350E-02
  1.1995000E+03  3.1753350E-02
  1.2022600E+03  3.1592108E-02
  1.2050400E+03  3.1222444E-02
  1.2078101E+03  3.1198654E-02
  1.2106000E+03  3.1198654E-02
  1.2133900E+03  3.1198654E-02
  1.2161899E+03  3.1198654E-02
  1.2189900E+03  2.9943792E-02
  1.2218000E+03  2.9797748E-02
  1.2246200E+03  2.9540939E-02
  1.2274399E+03  2.9482469E-02
  1.2302700E+03  2.9412284E-02
  1.2331000E+03  2.9250158E-02
  1.2359500E+03  2.9226042E-02
  1.2388000E+03  2.9176570E-02
  1.2416500E+03  2.8776921E-02
  1.2445100E+03  2.8246937E-02
  1.2473800E+03  2.7932137E-02
  1.2502600E+03  2.7932137E-02
  1.2531400E+03  2.7814750E-02
  1.2560300E+03  2.7581776E-02
  1.2589301E+03  2.7326515E-02
  1.2618300E+03  2.6837949E-02
  1.2647400E+03  2.6697978E-02
  1.2676500E+03  2.6521346E-02
  1.2705699E+03  2.6492132E-02
  1.2735000E+03  2.6307624E-02
  1.2764399E+03  2.5899036E-02
  1.2793800E+03  2.4970265E-02
  1.2823300E+03  2.4663871E-02
  1.2852900E+03  2.4663871E-02
  1.2882500E+03  2.4472190E-02
  1.2912200E+03  2.4051776E-02
  1.2942000E+03  2.4045154E-02
  1.2971801E+03  2.4001436E-02
  1.3001700E+03  2.3781432E-02
  1.3031700E+03  2.3675598E-02
  1.3061700E+03  2.3675598E-02
  1.3091801E+03  2.3247590E-02
  1.3122000E+03  2.3247590E-02
  1.3152200E+03  2.3233550E-02
  1.3182600E+03  2.3153385E-02
  1.3213000E+03  2.3153385E-02
  1.3243400E+03  2.2877427E-02
  1.3273900E+03  2.2848409E-02
  1.3304500E+03  2.2848409E-02
  1.3335200E+03  2.2771385E-02
  1.3366000E+03  2.2578672E-02
  1.3396801E+03  2.2578672E-02
  1.3427700E+03  2.2408774E-02
  1.3458600E+03  2.2408774E-02
  1.3489600E+03  2.2390623E-02
  1.3520699E+03  2.2262424E-02
  1.3551899E+03  2.1896416E-02
  1.3583101E+03  2.1972669E-02
  1.3614399E+03  2.2080265E-02
  1.3645800E+03  2.2034207E-02
  1.3677300E+03  2.2034207E-02
  1.3708800E+03  2.2034207E-02
  1.3740400E+03  2.1800444E-02
  1.3772100E+03  2.1738365E-02
  1.3803800E+03  2.1738365E-02
  1.3835699E+03  2.1667074E-02
  1.3867600E+03  2.1574659E-02
  1.3899500E+03  2.1309685E-02
  1.3931600E+03  2.1132039E-02
  1.3963700E+03  2.1000581E-02
  1.3995900E+03  2.1000581E-02
  1.4028101E+03  2.1103885E-02
  1.4060500E+03  2.0991733E-02
  1.4092900E+03  2.0943245E-02
  1.4125400E+03  2.0875216E-02
  1.4157900E+03  2.0655777E-02
  1.4190601E+03  2.0606220E-02
  1.4223300E+03  2.0609818E-02
  1.4256100E+03  2.0577440E-02
  1.4288900E+03  2.0261956E-02
  1.4321899E+03  2.0363003E-02
  1.4354900E+03  2.0224167E-02
  1.4388000E+03  2.0201752E-02
  1.4421200E+03  2.0126877E-02
  1.4454399E+03  2.0023633E-02
  1.4487700E+03  1.9791963E-02
  1.4521100E+03  1.9721605E-02
  1.4554600E+03  1.9791963E-02
  1.4588101E+03  1.9764319E-02
  1.4621801E+03  1.9721605E-02
  1.4655500E+03  1.9700343E-02
  1.4689301E+03  1.9538846E-02
  1.4723101E+03  1.9525051E-02
  1.4757100E+03  1.9525051E-02
  1.4791100E+03  1.9342618E-02
  1.4825200E+03  1.9053340E-02
  1.4859399E+03  1.8917395E-02
  1.4893600E+03  1.9141160E-02
  1.4927900E+03  1.9312218E-02
  1.4962400E+03  1.9141160E-02
  1.4996801E+03  1.8917395E-02
  1.5031400E+03  1.8891849E-02
  1.5066100E+03  1.8914772E-02
  1.5100800E+03  1.8845825E-02
  1.5135601E+03  1.8800734E-02
  1.5170500E+03  1.8636277E-02
  1.5205500E+03  1.8747440E-02
  1.5240500E+03  1.8747440E-02
  1.5275699E+03  1.8636277E-02
  1.5310900E+03  1.8386323E-02
  1.5346200E+03  1.8101115E-02
  1.5381500E+03  1.8022386E-02
  1.5417000E+03  1.7791715E-02
  1.5452500E+03  1.7791715E-02
  1.5488199E+03  1.7774601E-02
  1.5523900E+03  1.7774601E-02
  1.5559700E+03  1.7774601E-02
  1.5595500E+03  1.7524313E-02
  1.5631500E+03  1.7459437E-02
  1.5667500E+03  1.7524313E-02
  1.5703600E+03  1.7617436E-02
  1.5739800E+03  1.7459437E-02
  1.5776100E+03  1.7617436E-02
  1.5812500E+03  1.7369153E-02
  1.5848900E+03  1.7330339E-02
  1.5885500E+03  1.7174685E-02
  1.5922100E+03  1.7260240E-02
  1.5958800E+03  1.7260240E-02
  1.5995601E+03  1.7330339E-02
  1.6032500E+03  1.7260240E-02
  1.6069399E+03  1.7260240E-02
  1.6106500E+03  1.7260240E-02
  1.6143600E+03  1.7260240E-02
  1.6180800E+03  1.7260240E-02
  1.6218101E+03  1.7260240E-02
  1.6255500E+03  1.7260240E-02
  1.6293000E+03  1.7152708E-02
  1.6330500E+03  1.7082609E-02
  1.6368199E+03  1.7140325E-02
  1.6405900E+03  1.7140325E-02
  1.6443700E+03  1.7140325E-02
  1.6481600E+03  1.6814610E-02
  1.6519600E+03  1.6745239E-02
  1.6557700E+03  1.6590733E-02
  1.6595900E+03  1.6745239E-02
  1.6634100E+03  1.6391382E-02
  1.6672500E+03  1.6313260E-02
  1.6710900E+03  1.6320672E-02
  1.6749399E+03  1.6358899E-02
  1.6788000E+03  1.6313260E-02
  1.6826700E+03  1.6313260E-02
  1.6865500E+03  1.6313260E-02
  1.6904399E+03  1.6056748E-02
  1.6943400E+03  1.6163150E-02
  1.6982400E+03  1.6056748E-02
  1.7021600E+03  1.6056748E-02
  1.7060800E+03  1.5875746E-02
  1.7100200E+03  1.5586241E-02
  1.7139600E+03  1.4908609E-02
  1.7179100E+03  1.4633230E-02
  1.7218700E+03  1.4504044E-02
  1.7258400E+03  1.4446749E-02
  1.7298199E+03  1.4446749E-02
  1.7338000E+03  1.4335972E-02
  1.7378000E+03  1.4304145E-02
  1.7418101E+03  1.4278737E-02
  1.7458199E+03  1.4304145E-02
  1.7498500E+03  1.4278737E-02
  1.7538800E+03  1.4278737E-02
  1.7579200E+03  1.4181680E-02
  1.7619800E+03  1.4181680E-02
  1.7660400E+03  1.4024370E-02
  1.7701100E+03  1.3901217E-02
  1.7741899E+03  1.3901217E-02
  1.7782800E+03  1.3878349E-02
  1.7823800E+03  1.3825654E-02
  1.7864900E+03  1.3815521E-02
  1.7906100E+03  1.3714364E-02
  1.7947300E+03  1.3715385E-02
  1.7988700E+03  1.3715385E-02
  1.8030200E+03  1.3714364E-02
  1.8071700E+03  1.3287105E-02
  1.8113400E+03  1.2997627E-02
  1.8155200E+03  1.2779801E-02
  1.8197000E+03  1.2774138E-02
  1.8239000E+03  1.2772725E-02
  1.8281000E+03  1.2772725E-02
  1.8323101E+03  1.2724860E-02
  1.8365400E+03  1.2701998E-02
  1.8407700E+03  1.2573383E-02
  1.8450200E+03  1.2573383E-02
  1.8492700E+03  1.2501142E-02
  1.8535300E+03  1.2389229E-02
  1.8578000E+03  1.2410897E-02
  1.8620900E+03  1.2249173E-02
  1.8663800E+03  1.2075576E-02
  1.8706801E+03  1.2075576E-02
  1.8749900E+03  1.1925529E-02
  1.8793199E+03  1.1738858E-02
  1.8836500E+03  1.1778374E-02
  1.8879900E+03  1.1738858E-02
  1.8923400E+03  1.1684443E-02
  1.8967100E+03  1.1599828E-02
  1.9010800E+03  1.1584057E-02
  1.9054600E+03  1.1584057E-02
  1.9098500E+03  1.1584057E-02
  1.9142600E+03  1.1541245E-02
  1.9186700E+03  1.1414417E-02
  1.9230900E+03  1.1350365E-02
  1.9275200E+03  1.1350365E-02
  1.9319700E+03  1.1319081E-02
  1.9364200E+03  1.1281553E-02
  1.9408900E+03  1.1189707E-02
  1.9453600E+03  1.1164108E-02
  1.9498400E+03  1.1122644E-02
  1.9543400E+03  1.1008488E-02
  1.9588400E+03  1.1008488E-02
  1.9633600E+03  1.0896102E-02
  1.9678900E+03  1.0948616E-02
  1.9724200E+03  1.0981265E-02
  1.9769700E+03  1.0948616E-02
  1.9815300E+03  1.0796651E-02
  1.9860900E+03  1.0787267E-02
  1.9906700E+03  1.0763271E-02
  1.9952600E+03  1.0669686E-02
  1.9998600E+03  1.0611767E-02
  2.0044700E+03  1.0628106E-02
  2.0090900E+03  1.0559008E-02
  2.0137200E+03  1.0489763E-02
  2.0183700E+03  1.0464150E-02
  2.0230200E+03  1.0464150E-02
  2.0276801E+03  1.0398102E-02
  2.0323600E+03  1.0398102E-02
  2.0370400E+03  1.0290151E-02
  2.0417400E+03  1.0277134E-02
  2.0464399E+03  1.0252675E-02
  2.0511599E+03  1.0244157E-02
  2.0558899E+03  1.0227507E-02
  2.0606299E+03  1.0208892E-02
  2.0653799E+03  1.0208892E-02
  2.0701399E+03  1.0185135E-02
  2.0749099E+03  1.0142831E-02
  2.0797000E+03  1.0127794E-02
  2.0844900E+03  9.9650361E-03
  2.0893000E+03  9.9403560E-03
  2.0941101E+03  9.9483700E-03
  2.0989399E+03  9.9311275E-03
  2.1037800E+03  9.9311275E-03
  2.1086299E+03  9.9032307E-03
  2.1134900E+03  9.9014146E-03
  2.1183601E+03  9.8904250E-03
  2.1232400E+03  9.8638711E-03
  2.1281399E+03  9.8638711E-03
  2.1330400E+03  9.8195896E-03
  2.1379600E+03  9.8109199E-03
  2.1428899E+03  9.7775022E-03
  2.1478301E+03  9.7101619E-03
  2.1527800E+03  9.6948911E-03
  2.1577400E+03  9.6853208E-03
  2.1627200E+03  9.6033672E-03
  2.1677000E+03  9.5373467E-03
  2.1727000E+03  9.4021931E-03
  2.1777100E+03  9.3738828E-03
  2.1827300E+03  9.2469985E-03
  2.1877600E+03  9.2100305E-03
  2.1928000E+03  9.1420449E-03
  2.1978601E+03  9.0904022E-03
  2.2029299E+03  9.0691680E-03
  2.2080000E+03  9.0402579E-03
  2.2130901E+03  8.9560542E-03
  2.2182000E+03  8.9139976E-03
  2.2233101E+03  8.7851984E-03
  2.2284399E+03  8.7641384E-03
  2.2335701E+03  8.7192385E-03
  2.2387200E+03  8.6840373E-03
  2.2438799E+03  8.5465079E-03
  2.2490500E+03  8.4656160E-03
  2.2542400E+03  8.4424941E-03
  2.2594399E+03  8.4025394E-03
  2.2646399E+03  8.3229877E-03
  2.2698601E+03  8.2127042E-03
  2.2751001E+03  8.1067067E-03
  2.2803401E+03  7.9665389E-03
  2.2856001E+03  7.9414481E-03
  2.2908701E+03  7.9275314E-03
  2.2961499E+03  7.8456812E-03
  2.3014399E+03  7.7317706E-03
  2.3067500E+03  7.7093155E-03
  2.3120601E+03  7.6469192E-03
  2.3173899E+03  7.5562182E-03
  2.3227400E+03  7.4978308E-03
  2.3280901E+03  7.4604792E-03
  2.3334600E+03  7.4159824E-03
  2.3388401E+03  7.3313760E-03
  2.3442300E+03  7.2816266E-03
  2.3496299E+03  7.2516631E-03
  2.3550500E+03  7.2096661E-03
  2.3604800E+03  7.1649384E-03
  2.3659199E+03  7.1378765E-03
  2.3713701E+03  7.1245776E-03
  2.3768401E+03  7.1014958E-03
  2.3823201E+03  7.0761847E-03
  2.3878101E+03  6.9911475E-03
  2.3933201E+03  6.9497703E-03
  2.3988301E+03  6.8991855E-03
  2.4043601E+03  6.8542757E-03
  2.4099099E+03  6.7846579E-03
  2.4154600E+03  6.6987649E-03
  2.4210300E+03  6.6264467E-03
  2.4266101E+03  6.5638795E-03
  2.4322000E+03  6.4661438E-03
  2.4378101E+03  6.3999197E-03
  2.4434299E+03  6.3633164E-03
  2.4490601E+03  6.3394182E-03
  2.4547100E+03  6.3405912E-03
  2.4603701E+03  6.3356920E-03
  2.4660400E+03  6.2924293E-03
  2.4717200E+03  6.2617189E-03
  2.4774199E+03  6.2453640E-03
  2.4831299E+03  6.2041995E-03
  2.4888601E+03  6.2023671E-03
  2.4945901E+03  6.1820727E-03
  2.5003501E+03  6.1423979E-03
  2.5061101E+03  6.1237924E-03
  2.5118899E+03  6.0862186E-03
  2.5176799E+03  6.0590184E-03
  2.5234800E+03  5.9597464E-03
  2.5293000E+03  5.8885268E-03
  2.5351299E+03  5.8269612E-03
  2.5409700E+03  5.8032069E-03
  2.5468301E+03  5.7703811E-03
  2.5527000E+03  5.7270126E-03
  2.5585901E+03  5.6777266E-03
  2.5644800E+03  5.6722062E-03
  2.5703899E+03  5.6592887E-03
  2.5763201E+03  5.6211511E-03
  2.5822600E+03  5.5934065E-03
  2.5882100E+03  5.5758972E-03
  2.5941799E+03  5.5701942E-03
  2.6001599E+03  5.5701942E-03
  2.6061499E+03  5.5602039E-03
  2.6121599E+03  5.5316426E-03
  2.6181799E+03  5.5219550E-03
  2.6242200E+03  5.4975511E-03
  2.6302700E+03  5.4975511E-03
  2.6363301E+03  5.4875072E-03
  2.6424099E+03  5.4594814E-03
  2.6485000E+03  5.4244706E-03
  2.6546101E+03  5.4038521E-03
  2.6607200E+03  5.3892997E-03
  2.6668601E+03  5.3716274E-03
  2.6730100E+03  5.3659333E-03
  2.6791699E+03  5.3489422E-03
  2.6853401E+03  5.3245313E-03
  2.6915300E+03  5.3094961E-03
  2.6977400E+03  5.2892100E-03
  2.7039600E+03  5.2695801E-03
  2.7101899E+03  5.2339621E-03
  2.7164399E+03  5.1976778E-03
  2.7227000E+03  5.1703597E-03
  2.7289800E+03  5.1560514E-03
  2.7352700E+03  5.1239510E-03
  2.7415701E+03  5.1239510E-03
  2.7478899E+03  5.0990470E-03
  2.7542300E+03  5.0775995E-03
  2.7605801E+03  5.0720414E-03
  2.7669399E+03  5.0501833E-03
  2.7733201E+03  5.0365920E-03
  2.7797100E+03  5.0277323E-03
  2.7861201E+03  5.0195716E-03
  2.7925400E+03  4.9939384E-03
  2.7989800E+03  4.9891975E-03
  2.8054299E+03  4.9760952E-03
  2.8118999E+03  4.9780980E-03
  2.8183799E+03  4.9524317E-03
  2.8248799E+03  4.9412241E-03
  2.8313899E+03  4.9376339E-03
  2.8379199E+03  4.9191467E-03
  2.8444600E+03  4.8972457E-03
  2.8510200E+03  4.8912084E-03
  2.8575901E+03  4.8765293E-03
  2.8641799E+03  4.8731733E-03
  2.8707800E+03  4.8415717E-03
  2.8773999E+03  4.8241140E-03
  2.8840300E+03  4.8147719E-03
  2.8906799E+03  4.8097996E-03
  2.8973401E+03  4.7886726E-03
  2.9040200E+03  4.7586816E-03
  2.9107200E+03  4.7364733E-03
  2.9174299E+03  4.7248127E-03
  2.9241499E+03  4.7060861E-03
  2.9308899E+03  4.6871146E-03
  2.9376499E+03  4.6794992E-03
  2.9444199E+03  4.6663084E-03
  2.9512100E+03  4.6570315E-03
  2.9580100E+03  4.6546212E-03
  2.9648301E+03  4.6356842E-03
  2.9716699E+03  4.6196361E-03
  2.9785200E+03  4.6097813E-03
  2.9853799E+03  4.5959214E-03
  2.9922600E+03  4.5922720E-03
  2.9991599E+03  4.5722607E-03
  3.0060801E+03  4.5705214E-03
  3.0130100E+03  4.5488067E-03
  3.0199500E+03  4.5436327E-03
  3.0269099E+03  4.5180679E-03
  3.0338899E+03  4.5090634E-03
  3.0408899E+03  4.4991109E-03
  3.0478899E+03  4.4833166E-03
  3.0549199E+03  4.4629909E-03
  3.0619600E+03  4.4551529E-03
  3.0690200E+03  4.4221571E-03
  3.0761001E+03  4.4103623E-03
  3.0831899E+03  4.4054599E-03
  3.0903000E+03  4.4025197E-03
  3.0974199E+03  4.3701394E-03
  3.1045601E+03  4.3500001E-03
  3.1117200E+03  4.3347883E-03
  3.1188899E+03  4.3199430E-03
  3.1260801E+03  4.3095043E-03
  3.1332800E+03  4.2996453E-03
  3.1405100E+03  4.2907321E-03
  3.1477500E+03  4.2855674E-03
  3.1550000E+03  4.2894441E-03
  3.1622800E+03  4.2907321E-03
  3.1695701E+03  4.2854566E-03
  3.1768701E+03  4.2762300E-03
  3.1842000E+03  4.2748125E-03
  3.1915400E+03  4.2618802E-03
  3.1988899E+03  4.2618802E-03
  3.2062700E+03  4.2564743E-03
  3.2136599E+03  4.2564743E-03
  3.2210701E+03  4.2564743E-03
  3.2284900E+03  4.2564743E-03
  3.2359399E+03  4.2555002E-03
  3.2433999E+03  4.2915046E-03
  3.2508701E+03  4.2915046E-03
  3.2583701E+03  4.2334478E-03
  3.2658799E+03  4.2003756E-03
  3.2734099E+03  4.1773776E-03
  3.2809500E+03  4.1816682E-03
  3.2885200E+03  4.2020250E-03
  3.2961001E+03  4.2020250E-03
  3.3036899E+03  4.1962182E-03
  3.3113101E+03  4.1935514E-03
  3.3189399E+03  4.1773776E-03
  3.3265901E+03  4.1935514E-03
  3.3342600E+03  4.1816682E-03
  3.3419500E+03  4.1816682E-03
  3.3496499E+03  4.1804262E-03
  3.3573799E+03  4.2148102E-03
  3.3651201E+03  4.2235702E-03
  3.3728701E+03  4.2502237E-03
  3.3806499E+03  4.2775073E-03
  3.3884399E+03  4.2517730E-03
  3.3962500E+03  4.2635347E-03
  3.4040801E+03  4.2818752E-03
  3.4119299E+03  4.2774393E-03
  3.4197900E+03  4.2888033E-03
  3.4276799E+03  4.2888033E-03
  3.4355801E+03  4.3014963E-03
  3.4435000E+03  4.3026865E-03
  3.4514399E+03  4.3140678E-03
  3.4593899E+03  4.3025543E-03
  3.4673701E+03  4.3026865E-03
  3.4753601E+03  4.3026865E-03
  3.4833701E+03  4.3140678E-03
  3.4913999E+03  4.3410207E-03
  3.4994500E+03  4.3407991E-03
  3.5075200E+03  4.3222466E-03
  3.5156001E+03  4.3412661E-03
  3.5237100E+03  4.3496252E-03
  3.5318301E+03  4.3575075E-03
  3.5399700E+03  4.3524434E-03
  3.5481299E+03  4.3587969E-03
  3.5563101E+03  4.3662186E-03
  3.5645100E+03  4.3662186E-03
  3.5727300E+03  4.4041974E-03
  3.5809600E+03  4.3978840E-03
  3.5892200E+03  4.3995576E-03
  3.5974900E+03  4.4152364E-03
  3.6057900E+03  4.4505815E-03
  3.6141001E+03  4.4561923E-03
  3.6224299E+03  4.4631036E-03
  3.6307800E+03  4.4816309E-03
  3.6391499E+03  4.5005907E-03
  3.6475400E+03  4.5316261E-03
  3.6559500E+03  4.5537637E-03
  3.6643701E+03  4.5817434E-03
  3.6728201E+03  4.5869807E-03
  3.6812900E+03  4.5895223E-03
  3.6897800E+03  4.5893835E-03
  3.6982800E+03  4.5895223E-03
  3.7068101E+03  4.6064747E-03
  3.7153501E+03  4.6086069E-03
  3.7239199E+03  4.6298066E-03
  3.7325000E+03  4.6246499E-03
  3.7411101E+03  4.6494291E-03
  3.7497300E+03  4.6583763E-03
  3.7583701E+03  4.6696141E-03
  3.7670400E+03  4.6608527E-03
  3.7757200E+03  4.6761506E-03
  3.7844199E+03  4.6868445E-03
  3.7931499E+03  4.6969880E-03
  3.8018899E+03  4.6946961E-03
  3.8106599E+03  4.6977047E-03
  3.8194399E+03  4.6969880E-03
  3.8282500E+03  4.7049932E-03
  3.8370701E+03  4.7120140E-03
  3.8459199E+03  4.7112638E-03
  3.8547800E+03  4.7112638E-03
  3.8636699E+03  4.7181640E-03
  3.8725701E+03  4.7290218E-03
  3.8815000E+03  4.7569657E-03
  3.8904500E+03  4.7714291E-03
  3.8994199E+03  4.7960072E-03
  3.9084099E+03  4.8020142E-03
  3.9174199E+03  4.7966233E-03
  3.9264500E+03  4.7772820E-03
  3.9355000E+03  4.7960072E-03
  3.9445701E+03  4.7772820E-03
  3.9536699E+03  4.7772820E-03
  3.9627800E+03  4.7894479E-03
  3.9719199E+03  4.8070834E-03
  3.9810701E+03  4.8240423E-03
  3.9902500E+03  4.8365504E-03
  3.9994500E+03  4.8290160E-03
  4.0086699E+03  4.8365504E-03
  4.0179099E+03  4.8740348E-03
  4.0271699E+03  4.8869890E-03
  4.0364500E+03  4.8873085E-03
  4.0457600E+03  4.8873085E-03
  4.0550901E+03  4.8850123E-03
  4.0644299E+03  4.8762509E-03
  4.0738000E+03  4.8843795E-03
  4.0831899E+03  4.8873085E-03
  4.0926101E+03  4.8918128E-03
  4.1020400E+03  4.9332255E-03
  4.1115000E+03  4.9140104E-03
  4.1209800E+03  4.9140104E-03
  4.1304702E+03  4.8843795E-03
  4.1400000E+03  4.9079712E-03
  4.1495400E+03  4.9140104E-03
  4.1591099E+03  4.9377205E-03
  4.1686899E+03  5.0024800E-03
  4.1782998E+03  5.0166571E-03
  4.1879399E+03  5.0518387E-03
  4.1975898E+03  5.0518387E-03
  4.2072598E+03  5.0166571E-03
  4.2169600E+03  4.9948515E-03
  4.2266899E+03  4.9948515E-03
  4.2364302E+03  4.9948515E-03
  4.2462002E+03  4.9916608E-03
  4.2559800E+03  4.9851565E-03
  4.2657900E+03  4.9851565E-03
  4.2756299E+03  4.9806703E-03
  4.2854800E+03  4.9851565E-03
  4.2953599E+03  4.9789343E-03
  4.3052598E+03  4.9789343E-03
  4.3151899E+03  4.9955230E-03
  4.3251401E+03  4.9861008E-03
  4.3351099E+03  4.9641281E-03
  4.3451001E+03  4.9831346E-03
  4.3551201E+03  4.9861008E-03
  4.3651602E+03  4.9600801E-03
  4.3752202E+03  4.9451645E-03
  4.3853101E+03  4.9431883E-03
  4.3954199E+03  4.9407249E-03
  4.4055498E+03  4.9349754E-03
  4.4157002E+03  4.9038315E-03
  4.4258799E+03  4.8746048E-03
  4.4360801E+03  4.8522176E-03
  4.4463101E+03  4.8245084E-03
  4.4565601E+03  4.8137223E-03
  4.4668301E+03  4.7935960E-03
  4.4771299E+03  4.7852979E-03
  4.4874502E+03  4.7633080E-03
  4.4977998E+03  4.7544539E-03
  4.5081699E+03  4.7503710E-03
  4.5185601E+03  4.7294088E-03
  4.5289702E+03  4.7252253E-03
  4.5394102E+03  4.7158622E-03
  4.5498799E+03  4.6988502E-03
  4.5603701E+03  4.6693631E-03
  4.5708799E+03  4.6638651E-03
  4.5814199E+03  4.6463395E-03
  4.5919800E+03  4.6115937E-03
  4.6025601E+03  4.6057440E-03
  4.6131802E+03  4.5998362E-03
  4.6238101E+03  4.5709303E-03
  4.6344702E+03  4.5344606E-03
  4.6451499E+03  4.5265933E-03
  4.6558599E+03  4.5098658E-03
  4.6665898E+03  4.5036133E-03
  4.6773501E+03  4.4849366E-03
  4.6881299E+03  4.4761822E-03
  4.6989399E+03  4.4583334E-03
  4.7097700E+03  4.4508893E-03
  4.7206299E+03  4.4423211E-03
  4.7315098E+03  4.4311439E-03
  4.7424199E+03  4.4099772E-03
  4.7533501E+03  4.3916353E-03
  4.7643101E+03  4.3751420E-03
  4.7752900E+03  4.3700482E-03
  4.7862998E+03  4.3621841E-03
  4.7973301E+03  4.3621743E-03
  4.8083901E+03  4.3391194E-03
  4.8194800E+03  4.3305475E-03
  4.8305898E+03  4.3113995E-03
  4.8417202E+03  4.3187812E-03
  4.8528799E+03  4.2937859E-03
  4.8640698E+03  4.2676302E-03
  4.8752798E+03  4.2401976E-03
  4.8865200E+03  4.2235772E-03
  4.8977900E+03  4.2070821E-03
  4.9090801E+03  4.2070821E-03
  4.9203901E+03  4.1918480E-03
  4.9317402E+03  4.1918480E-03
  4.9431099E+03  4.1806856E-03
  4.9545000E+03  4.1542477E-03
  4.9659199E+03  4.1494700E-03
  4.9773701E+03  4.1373782E-03
  4.9888398E+03  4.0937639E-03
  5.0003398E+03  4.0672855E-03
  5.0118701E+03  4.0283115E-03
  5.0234302E+03  4.0169363E-03
  5.0350000E+03  4.0107751E-03
  5.0466099E+03  3.9853500E-03
  5.0582500E+03  3.9860196E-03
  5.0699102E+03  3.9853500E-03
  5.0815898E+03  3.9829025E-03
  5.0933101E+03  3.9742556E-03
  5.1050498E+03  3.9667049E-03
  5.1168198E+03  3.9549023E-03
  5.1286099E+03  3.9438102E-03
  5.1404399E+03  3.9202366E-03
  5.1522900E+03  3.9046346E-03
  5.1641602E+03  3.8887553E-03
  5.1760698E+03  3.8820021E-03
  5.1880000E+03  3.8731722E-03
  5.1999600E+03  3.8632872E-03
  5.2119502E+03  3.8632872E-03
  5.2239600E+03  3.8388327E-03
  5.2360000E+03  3.8572007E-03
  5.2480698E+03  3.8528687E-03
  5.2601699E+03  3.8390246E-03
  5.2722998E+03  3.7886214E-03
  5.2844502E+03  3.7318666E-03
  5.2966299E+03  3.7128071E-03
  5.3088398E+03  3.7109242E-03
  5.3210801E+03  3.6968393E-03
  5.3333501E+03  3.6673816E-03
  5.3456401E+03  3.6581340E-03
  5.3579600E+03  3.6484490E-03
  5.3703198E+03  3.6320938E-03
  5.3827002E+03  3.6120107E-03
  5.3951001E+03  3.5751571E-03
  5.4075400E+03  3.5748766E-03
  5.4200098E+03  3.5682160E-03
  5.4325000E+03  3.5545146E-03
  5.4450200E+03  3.5598711E-03
  5.4575801E+03  3.5334693E-03
  5.4701602E+03  3.5231994E-03
  5.4827700E+03  3.5179444E-03
  5.4954102E+03  3.5179444E-03
  5.5080801E+03  3.4977300E-03
  5.5207700E+03  3.4955628E-03
  5.5335000E+03  3.4626545E-03
  5.5462598E+03  3.4473347E-03
  5.5590400E+03  3.4185306E-03
  5.5718501E+03  3.4081044E-03
  5.5847002E+03  3.3806672E-03
  5.5975698E+03  3.3605313E-03
  5.6104800E+03  3.3314098E-03
  5.6234102E+03  3.3314098E-03
  5.6363799E+03  3.3058438E-03
  5.6493701E+03  3.2935801E-03
  5.6623901E+03  3.2890846E-03
  5.6754502E+03  3.2746030E-03
  5.6885298E+03  3.2830792E-03
  5.7016401E+03  3.2815835E-03
  5.7147900E+03  3.2635892E-03
  5.7279600E+03  3.2279240E-03
  5.7411602E+03  3.1998584E-03
  5.7543999E+03  3.1922630E-03
  5.7676602E+03  3.1918669E-03
  5.7809600E+03  3.1692467E-03
  5.7942900E+03  3.1670188E-03
  5.8076401E+03  3.1609654E-03
  5.8210298E+03  3.1574881E-03
  5.8344502E+03  3.1216969E-03
  5.8478999E+03  3.1087457E-03
  5.8613799E+03  3.0889590E-03
  5.8748901E+03  3.0889590E-03
  5.8884399E+03  3.0855709E-03
  5.9020098E+03  3.0270675E-03
  5.9156099E+03  3.0179117E-03
  5.9292500E+03  3.0060329E-03
  5.9429199E+03  3.0179117E-03
  5.9566201E+03  3.0034496E-03
  5.9703501E+03  2.9962431E-03
  5.9841201E+03  2.9962431E-03
  5.9979102E+03  3.0034496E-03
  6.0117300E+03  2.9769291E-03
  6.0256001E+03  2.9601939E-03
  6.0394800E+03  2.9602230E-03
  6.0534102E+03  2.9602230E-03
  6.0673599E+03  2.9602230E-03
  6.0813501E+03  2.9602230E-03
  6.0953701E+03  2.9368219E-03
  6.1094199E+03  2.9344272E-03
  6.1235000E+03  2.9264172E-03
  6.1376201E+03  2.9113418E-03
  6.1517700E+03  2.9062079E-03
  6.1659502E+03  2.9062079E-03
  6.1801602E+03  2.8979427E-03
  6.1944102E+03  2.9062079E-03
  6.2086899E+03  2.8979427E-03
  6.2230000E+03  2.8548315E-03
  6.2373501E+03  2.8469560E-03
  6.2517300E+03  2.8165998E-03
  6.2661401E+03  2.8000958E-03
  6.2805801E+03  2.8165998E-03
  6.2950601E+03  2.8165998E-03
  6.3095698E+03  2.7951382E-03
  6.3241201E+03  2.7847169E-03
  6.3386899E+03  2.7691233E-03
  6.3533101E+03  2.7705631E-03
  6.3679502E+03  2.7691233E-03
  6.3826299E+03  2.7562303E-03
  6.3973501E+03  2.7562303E-03
  6.4120898E+03  2.7514226E-03
  6.4268799E+03  2.7562303E-03
  6.4416899E+03  2.7758216E-03
  6.4565400E+03  2.7185951E-03
  6.4714199E+03  2.7071245E-03
  6.4863398E+03  2.7071245E-03
  6.5012998E+03  2.6785813E-03
  6.5162798E+03  2.6724373E-03
  6.5312998E+03  2.6573397E-03
  6.5463599E+03  2.6645502E-03
  6.5614502E+03  2.6645502E-03
  6.5765801E+03  2.6519198E-03
  6.5917402E+03  2.6439638E-03
  6.6069302E+03  2.5888586E-03
  6.6221602E+03  2.5888586E-03
  6.6374302E+03  2.6820158E-03
  6.6527300E+03  2.6820158E-03
  6.6680698E+03  2.6573876E-03
  6.6834399E+03  2.6573876E-03
  6.6988501E+03  2.6573876E-03
  6.7142900E+03  2.6300736E-03
  6.7297598E+03  2.5880600E-03
  6.7452798E+03  2.5529484E-03
  6.7608301E+03  2.5272472E-03
  6.7764102E+03  2.5529484E-03
  6.7920400E+03  2.5333341E-03
  6.8076899E+03  2.5529484E-03
  6.8233799E+03  2.5272472E-03
  6.8391099E+03  2.5262346E-03
  6.8548799E+03  2.4494126E-03
  6.8706802E+03  2.4402121E-03
  6.8865200E+03  2.4494126E-03
  6.9023999E+03  2.4418202E-03
  6.9183101E+03  2.4402121E-03
  6.9342598E+03  2.4247405E-03
  6.9502402E+03  2.4425227E-03
  6.9662598E+03  2.4425227E-03
  6.9823198E+03  2.3883882E-03
  6.9984199E+03  2.3883882E-03
  7.0145498E+03  2.3992879E-03
  7.0307202E+03  2.3745431E-03
  7.0469302E+03  2.3563812E-03
  7.0631802E+03  2.3408898E-03
  7.0794600E+03  2.3563812E-03
  7.0957700E+03  2.3259674E-03
  7.1121401E+03  2.3259674E-03
  7.1285298E+03  2.2842414E-03
  7.1449600E+03  2.2564316E-03
  7.1614302E+03  2.2423146E-03
  7.1779399E+03  2.2210793E-03
  7.1944902E+03  2.2112101E-03
  7.2110698E+03  2.2036349E-03
  7.2277002E+03  2.1798045E-03
  7.2443599E+03  2.1763847E-03
  7.2610601E+03  2.1648866E-03
  7.2777998E+03  2.1648866E-03
  7.2945698E+03  2.1366582E-03
  7.3113901E+03  2.1516851E-03
  7.3282500E+03  2.1366582E-03
  7.3451401E+03  2.0789939E-03
  7.3620698E+03  2.0776498E-03
  7.3790400E+03  2.0583828E-03
  7.3960498E+03  2.0456736E-03
  7.4131001E+03  1.9482865E-03
  7.4301899E+03  1.9427722E-03
  7.4473198E+03  1.9427722E-03
  7.4644902E+03  1.9468506E-03
  7.4816899E+03  1.8571174E-03
  7.4989399E+03  1.9468506E-03
  7.5162300E+03  1.9180558E-03
  7.5335498E+03  1.9311624E-03
  7.5509199E+03  1.9311624E-03
  7.5683301E+03  1.9311624E-03
  7.5857700E+03  1.9311624E-03
  7.6032598E+03  1.9311624E-03
  7.6207900E+03  1.8521773E-03
  7.6383599E+03  1.7331953E-03
  7.6559600E+03  1.7466604E-03
  7.6736099E+03  1.7331953E-03
  7.6912998E+03  1.7466604E-03
  7.7090298E+03  1.8558129E-03
  7.7268101E+03  1.8558129E-03
  7.7446201E+03  1.7938843E-03
  7.7624702E+03  1.8085308E-03
  7.7803599E+03  1.8085308E-03
  7.7982998E+03  1.8052711E-03
  7.8162798E+03  1.8052711E-03
  7.8342900E+03  1.8411383E-03
  7.8523599E+03  1.8411383E-03
  7.8704600E+03  1.7324751E-03
  7.8886001E+03  1.6479570E-03
  7.9067900E+03  1.7324751E-03
  7.9250098E+03  1.6479570E-03
  7.9432798E+03  1.6479570E-03
  7.9615898E+03  1.6865270E-03
  7.9799502E+03  1.6479570E-03
  7.9983398E+03  1.4140982E-03
  8.0167798E+03  1.4869848E-03
  8.0352598E+03  1.5184184E-03
  8.0537798E+03  1.7019995E-03
  8.0723501E+03  1.5184184E-03
  8.0909600E+03  1.6305179E-03
  8.1096099E+03  1.6866401E-03
  8.1282998E+03  1.6739115E-03
  8.1470400E+03  1.6739115E-03
  8.1658198E+03  1.6866401E-03
  8.1846499E+03  1.6866401E-03
  8.2035098E+03  1.6138160E-03
  8.2224297E+03  1.7772069E-03
  8.2413799E+03  1.6138160E-03
  8.2603799E+03  1.5733161E-03
  8.2794199E+03  1.5941150E-03
  8.2985098E+03  1.6138160E-03
  8.3176299E+03  1.5941150E-03
  8.3368096E+03  1.5941150E-03
  8.3560303E+03  1.6751607E-03
  8.3752900E+03  1.6519534E-03
  8.3945996E+03  1.6519534E-03
  8.4139502E+03  1.6519534E-03
  8.4333496E+03  1.5858847E-03
  8.4527900E+03  1.6892690E-03
  8.4722695E+03  1.6892690E-03
  8.4917998E+03  1.8585779E-03
  8.5113799E+03  1.5822488E-03
  8.5310000E+03  1.6337713E-03
  8.5506699E+03  1.6337713E-03
  8.5703799E+03  1.3530855E-03
  8.5901396E+03  1.5071926E-03
  8.6099404E+03  1.5071926E-03
  8.6297803E+03  1.4428269E-03
  8.6496699E+03  1.5071926E-03
  8.6696201E+03  1.5071926E-03
  8.6895996E+03  1.2361389E-03
  8.7096299E+03  1.3237251E-03
  8.7297100E+03  1.3237251E-03
  8.7498398E+03  1.2519895E-03
  8.7700000E+03  1.3906751E-03
  8.7902305E+03  1.4179532E-03
  8.8104902E+03  1.3906751E-03
  8.8307998E+03  1.3906751E-03
  8.8511504E+03  1.4473997E-03
  8.8715596E+03  1.3835263E-03
  8.8920098E+03  1.5390797E-03
  8.9125098E+03  1.3835263E-03
  8.9330498E+03  1.3835263E-03
  8.9536504E+03  1.3835263E-03
  8.9742803E+03  1.3807127E-03
  8.9949805E+03  1.3075023E-03
  9.0157100E+03  1.4295694E-03
  9.0364902E+03  1.4295694E-03
  9.0573301E+03  1.5141424E-03
  9.0782002E+03  1.4102537E-03
  9.0991299E+03  1.4444533E-03
  9.1200996E+03  1.3531063E-03
  9.1411299E+03  1.3531063E-03
  9.1622002E+03  1.3531063E-03
  9.1833203E+03  1.3531063E-03
  9.2045000E+03  1.3531063E-03
  9.2257100E+03  1.3377389E-03
  9.2469805E+03  1.3040957E-03
  9.2682998E+03  1.4316703E-03
  9.2896602E+03  1.4316703E-03
  9.3110801E+03  1.4316703E-03
  9.3325400E+03  1.4316703E-03
  9.3540596E+03  1.4316703E-03
  9.3756201E+03  1.3123988E-03
  9.3972305E+03  1.3123988E-03
  9.4189004E+03  1.3123988E-03
  9.4406104E+03  1.3123988E-03
  9.4623701E+03  1.3123988E-03
  9.4841797E+03  1.3098674E-03
  9.5060498E+03  1.2928721E-03
  9.5279600E+03  1.2668502E-03
  9.5499199E+03  1.2668502E-03
  9.5719404E+03  1.2630774E-03
  9.5940000E+03  1.2630774E-03
  9.6161201E+03  1.2387732E-03
  9.6382900E+03  1.2286425E-03
  9.6605098E+03  1.2204298E-03
  9.6827695E+03  1.2204298E-03
  9.7050996E+03  1.2072093E-03
  9.7274697E+03  1.2065448E-03
  9.7498896E+03  1.2065448E-03
  9.7723701E+03  1.1480104E-03
  9.7949004E+03  1.1224373E-03
  9.8174805E+03  1.1224373E-03
  9.8401104E+03  1.1224373E-03
  9.8627900E+03  1.1224373E-03
  9.8855303E+03  1.1969700E-03
  9.9083203E+03  1.1915094E-03
  9.9311602E+03  1.0678642E-03
  9.9540498E+03  1.0678642E-03
  9.9770000E+03  1.0678642E-03
  1.0000000E+04  1.0678642E-03
  1.0000000E+04  1.0678642E-03
  1.0115800E+04  1.1041198E-03
  1.0232940E+04  1.0882893E-03
  1.0351420E+04  1.1373225E-03
  1.0471290E+04  9.1188174E-04
  1.0592540E+04  9.8978495E-04
  1.0715200E+04  1.0263952E-03
  1.0839270E+04  9.7966031E-04
  1.0964780E+04  9.0830895E-04
  1.1091750E+04  8.8719052E-04
  1.1220190E+04  8.0218440E-04
  1.1350100E+04  8.2599226E-04
  1.1481540E+04  9.1673544E-04
  1.1614490E+04  8.0399774E-04
  1.1748980E+04  8.5546426E-04
  1.1885020E+04  8.3741086E-04
  1.2022640E+04  7.0061930E-04
  1.2161860E+04  8.1385270E-04
  1.2302690E+04  7.3628285E-04
  1.2445140E+04  7.0651178E-04
  1.2589250E+04  6.9323182E-04
  1.2735030E+04  6.5942074E-04
  1.2882500E+04  6.5514416E-04
  1.3031660E+04  7.0778938E-04
  1.3182560E+04  6.5208989E-04
  1.3335210E+04  6.1513740E-04
  1.3489630E+04  6.1329867E-04
  1.3645840E+04  5.2856165E-04
  1.3803840E+04  5.9338415E-04
  1.3963680E+04  5.7011517E-04
  1.4125380E+04  5.1181094E-04
  1.4288950E+04  5.2021397E-04
  1.4454390E+04  5.4126105E-04
  1.4621770E+04  3.8318991E-04
  1.4791090E+04  4.1311388E-04
  1.4962360E+04  4.5242085E-04
  1.5135610E+04  4.6698400E-04
  1.5310870E+04  5.2550458E-04
  1.5488170E+04  4.8956170E-04
  1.5667520E+04  3.4115021E-04
  1.5848920E+04  4.4417140E-04
  1.6032450E+04  4.6941781E-04
  1.6218100E+04  4.4723504E-04
  1.6405900E+04  4.0633755E-04
  1.6595859E+04  4.2139058E-04
  1.6788039E+04  3.4028885E-04
  1.6982439E+04  3.5677908E-04
  1.7179090E+04  3.6793924E-04
  1.7378000E+04  3.4405984E-04
  1.7579230E+04  3.4469657E-04
  1.7782789E+04  3.2086644E-04
  1.7988711E+04  3.1153642E-04
  1.8197020E+04  3.2097867E-04
  1.8407711E+04  2.7863149E-04
  1.8620869E+04  3.0596735E-04
  1.8836490E+04  2.6284452E-04
  1.9054619E+04  2.9995528E-04
  1.9275240E+04  2.8457888E-04
  1.9498439E+04  2.6126765E-04
  1.9724230E+04  2.5930491E-04
  1.9952631E+04  2.5179770E-04
  2.0183660E+04  2.4843970E-04
  2.0417381E+04  2.2881597E-04
  2.0653801E+04  2.1483342E-04
  2.0892971E+04  2.1882105E-04
  2.1134881E+04  2.0584834E-04
  2.1379619E+04  1.9979311E-04
  2.1627189E+04  1.9093340E-04
  2.1877619E+04  1.7816183E-04
  2.2130939E+04  1.6630089E-04
  2.2387211E+04  1.6792977E-04
  2.2646439E+04  1.5672618E-04
  2.2908680E+04  1.4636821E-04
  2.3173930E+04  1.5058008E-04
  2.3442279E+04  1.4178823E-04
  2.3713740E+04  1.3745663E-04
  2.3988340E+04  1.3210448E-04
  2.4266109E+04  1.1402659E-04
  2.4547080E+04  1.0815970E-04
  2.4831330E+04  9.7743417E-05
  2.5118869E+04  9.2278853E-05
  2.5409740E+04  9.0848000E-05
  2.5703949E+04  9.1195085E-05
  2.6001590E+04  9.1975598E-05
  2.6302680E+04  9.2950497E-05
  2.6607260E+04  9.2423041E-05
  2.6915340E+04  8.5505482E-05
  2.7227010E+04  8.8619017E-05
  2.7542289E+04  8.6047577E-05
  2.7861221E+04  8.5582309E-05
  2.8183820E+04  8.1280079E-05
  2.8510180E+04  7.2614675E-05
  2.8840320E+04  7.1526018E-05
  2.9174279E+04  6.6534616E-05
  2.9512080E+04  5.9289116E-05
  2.9853820E+04  5.4120490E-05
  3.0199520E+04  5.3194508E-05
  3.0549221E+04  5.1467385E-05
  3.0902939E+04  4.9999599E-05
  3.1260789E+04  4.8666447E-05
  3.1622779E+04  4.7413279E-05
  3.1988961E+04  4.9236100E-05
  3.2359350E+04  6.0185372E-05
  3.2734061E+04  7.9133999E-05
  3.3113109E+04  8.3672567E-05
  3.3496551E+04  6.3557367E-05
  3.3884430E+04  4.4769709E-05
  3.4276770E+04  3.8027156E-05
  3.4673680E+04  3.6063302E-05
  3.5075199E+04  3.4788081E-05
  3.5481359E+04  3.3488166E-05
  3.5892180E+04  3.2196996E-05
  3.6307801E+04  3.1123487E-05
  3.6728230E+04  2.9904406E-05
  3.7153539E+04  2.8702303E-05
  3.7583719E+04  2.7577211E-05
  3.8018930E+04  2.6650592E-05
  3.8459180E+04  2.5804191E-05
  3.8904531E+04  2.4810890E-05
  3.9354988E+04  2.3934614E-05
  3.9810711E+04  2.2960910E-05
  4.0271711E+04  2.2265571E-05
  4.0738039E+04  2.1458565E-05
  4.1209730E+04  2.0767797E-05
  4.1686930E+04  1.9981790E-05
  4.2169648E+04  1.9334697E-05
  4.2657961E+04  1.8734605E-05
  4.3151879E+04  1.6986000E-05
  4.3651570E+04  1.6042804E-05
  4.4157039E+04  1.5157908E-05
  4.4668371E+04  1.4580505E-05
  4.5185621E+04  1.4203605E-05
  4.5708801E+04  1.4031906E-05
  4.6238102E+04  1.3704696E-05
  4.6773520E+04  1.3541006E-05
  4.7315148E+04  1.3380607E-05
  4.7862988E+04  1.3142893E-05
  4.8417230E+04  1.2995298E-05
  4.8977891E+04  1.2753194E-05
  4.9545039E+04  1.2554990E-05
  5.0118699E+04  1.2399394E-05
  5.0699059E+04  1.2200004E-05
  5.1286141E+04  1.2028597E-05
  5.1880020E+04  1.1895500E-05
  5.2480719E+04  1.1742197E-05
  5.3088430E+04  1.1563096E-05
  5.3703180E+04  1.1453105E-05
  5.4325051E+04  1.1295304E-05
  5.4954059E+04  1.1206782E-05
  5.5590410E+04  1.1118404E-05
  5.6234129E+04  1.1026194E-05
  5.6885309E+04  1.0956995E-05
  5.7543961E+04  1.0715798E-05
  5.8210301E+04  1.0386096E-05
  5.8884359E+04  9.9771996E-06
  5.9566230E+04  9.4976012E-06
  6.0255988E+04  9.8496994E-06
  6.0953672E+04  1.1815305E-05
  6.1659500E+04  1.9561208E-05
  6.2373500E+04  3.0647287E-05
  6.3095762E+04  2.2258189E-05
  6.3826320E+04  1.4216602E-05
  6.4565410E+04  1.0753502E-05
  6.5313059E+04  9.1802976E-06
  6.6069367E+04  9.6764034E-06
  6.6834359E+04  9.8197997E-06
  6.7608289E+04  9.7737939E-06
  6.8391172E+04  9.3523049E-06
  6.9183117E+04  1.0628094E-05
  6.9984156E+04  1.2594602E-05
  7.0794562E+04  1.1376804E-05
  7.1614344E+04  1.2210980E-05
  7.2443617E+04  1.2738387E-05
  7.3282406E+04  1.4563882E-05
  7.4131008E+04  1.7629292E-05
  7.4989422E+04  2.2863805E-05
  7.5857781E+04  2.7492108E-05
  7.6736102E+04  2.9781795E-05
  7.7624688E+04  2.7837708E-05
  7.8523562E+04  2.6457208E-05
  7.9432844E+04  2.2546410E-05
  8.0352648E+04  1.7509903E-05
  8.1283023E+04  1.4626186E-05
  8.2224258E+04  1.2636808E-05
  8.3176391E+04  1.2246399E-05
  8.4139547E+04  1.2160499E-05
  8.5113773E+04  1.2779406E-05
  8.6099367E+04  1.4095895E-05
  8.7096367E+04  1.2769896E-05
  8.8104922E+04  8.9893974E-06
  8.9125047E+04  6.5397021E-06
  9.0157102E+04  5.1485981E-06
  9.1201094E+04  4.2048009E-06
  9.2257172E+04  3.8056019E-06
  9.3325383E+04  3.7648938E-06
  9.4406070E+04  3.6929000E-06
  9.5499273E+04  3.3705953E-06
  9.6605117E+04  3.6140993E-06
  9.7723672E+04  3.4781015E-06
  9.8855281E+04  3.0020997E-06
  1.0000000E+05  2.7128001E-06
  1.0115797E+05  2.8573008E-06
  1.0232924E+05  2.8928989E-06
  1.0351419E+05  2.9130013E-06
  1.0471285E+05  3.2982991E-06
  1.0592540E+05  4.1293024E-06
  1.0715198E+05  4.1039998E-06
  1.0839266E+05  4.2670003E-06
  1.0964781E+05  5.2955993E-06
  1.1091750E+05  7.2880011E-06
  1.1220190E+05  1.3073106E-05
  1.1350104E+05  1.4500299E-05
  1.1481534E+05  9.9656054E-06
  1.1614488E+05  7.2376993E-06
  1.1748980E+05  6.2475001E-06
  1.1885017E+05  6.2934969E-06
  1.2022642E+05  6.7816004E-06
  1.2161861E+05  6.4511987E-06
  1.2302692E+05  6.9800913E-06
  1.2445140E+05  7.4609993E-06
  1.2589252E+05  8.3585983E-06
  1.2735031E+05  1.0624104E-05
  1.2882499E+05  9.3314011E-06
  1.3031661E+05  5.6629992E-06
  1.3182564E+05  5.0490025E-06
  1.3335214E+05  4.9705009E-06
  1.3489633E+05  4.8683014E-06
  1.3645823E+05  4.9803998E-06
  1.3803839E+05  4.4806002E-06
  1.3963683E+05  4.4870985E-06
  1.4125378E+05  4.3714977E-06
  1.4288947E+05  4.3311989E-06
  1.4454392E+05  4.3369996E-06
  1.4621770E+05  4.3430991E-06
  1.4791086E+05  4.3494983E-06
  1.4962362E+05  4.3561940E-06
  1.5135606E+05  4.3627997E-06
  1.5310872E+05  4.3694008E-06
  1.5488169E+05  4.3762998E-06
  1.5667517E+05  4.3835998E-06
  1.5848925E+05  4.3912978E-06
  1.6032452E+05  4.3981981E-06
  1.6218103E+05  4.4011013E-06
  1.6405903E+05  4.4041999E-06
  1.6595861E+05  4.4074991E-06
  1.6788036E+05  4.4111007E-06
  1.6982438E+05  4.4145991E-06
  1.7179089E+05  4.4187013E-06
  1.7377998E+05  4.4227982E-06
  1.7579231E+05  4.4270928E-06
  1.7782794E+05  4.4316985E-06
  1.7988714E+05  4.4366011E-06
  1.8196998E+05  4.4391008E-06
  1.8407714E+05  4.4402950E-06
  1.8620870E+05  4.4402950E-06
  1.8836495E+05  4.4391008E-06
  1.9054595E+05  4.4385988E-06
  1.9275242E+05  4.4418944E-06
  1.9498444E+05  4.4440017E-06
  1.9724231E+05  4.4448020E-06
  1.9952631E+05  4.4444018E-06
