  3.1623001E+02  0.0000000E+00
  3.1695999E+02  0.0000000E+00
  3.1769000E+02  0.0000000E+00
  3.1842001E+02  0.0000000E+00
  3.1914999E+02  0.0000000E+00
  3.1989001E+02  0.0000000E+00
  3.2063000E+02  0.0000000E+00
  3.2137000E+02  0.0000000E+00
  3.2210999E+02  0.0000000E+00
  3.2285001E+02  0.0000000E+00
  3.2359000E+02  0.0000000E+00
  3.2434000E+02  0.0000000E+00
  3.2509000E+02  0.0000000E+00
  3.2584000E+02  0.0000000E+00
  3.2659000E+02  0.0000000E+00
  3.2734000E+02  0.0000000E+00
  3.2810001E+02  0.0000000E+00
  3.2885001E+02  0.0000000E+00
  3.2960999E+02  0.0000000E+00
  3.3037000E+02  0.0000000E+00
  3.3113000E+02  0.0000000E+00
  3.3189001E+02  0.0000000E+00
  3.3266000E+02  0.0000000E+00
  3.3342999E+02  0.0000000E+00
  3.3419000E+02  0.0000000E+00
  3.3497000E+02  0.0000000E+00
  3.3573999E+02  0.0000000E+00
  3.3651001E+02  0.0000000E+00
  3.3729001E+02  0.0000000E+00
  3.3806000E+02  0.0000000E+00
  3.3884000E+02  0.0000000E+00
  3.3963000E+02  0.0000000E+00
  3.4041000E+02  0.0000000E+00
  3.4119000E+02  0.0000000E+00
  3.4198001E+02  0.0000000E+00
  3.4276999E+02  0.0000000E+00
  3.4356000E+02  0.0000000E+00
  3.4435001E+02  0.0000000E+00
  3.4514001E+02  0.0000000E+00
  3.4594000E+02  0.0000000E+00
  3.4673999E+02  0.0000000E+00
  3.4754001E+02  0.0000000E+00
  3.4834000E+02  0.0000000E+00
  3.4914001E+02  0.0000000E+00
  3.4995001E+02  0.0000000E+00
  3.5075000E+02  0.0000000E+00
  3.5156000E+02  0.0000000E+00
  3.5237000E+02  0.0000000E+00
  3.5317999E+02  0.0000000E+00
  3.5400000E+02  0.0000000E+00
  3.5481000E+02  0.0000000E+00
  3.5563000E+02  0.0000000E+00
  3.5645001E+02  0.0000000E+00
  3.5726999E+02  0.0000000E+00
  3.5810001E+02  0.0000000E+00
  3.5892001E+02  0.0000000E+00
  3.5975000E+02  0.0000000E+00
  3.6057999E+02  0.0000000E+00
  3.6141000E+02  0.0000000E+00
  3.6223999E+02  0.0000000E+00
  3.6307999E+02  0.0000000E+00
  3.6392001E+02  0.0000000E+00
  3.6475000E+02  0.0000000E+00
  3.6559000E+02  0.0000000E+00
  3.6644000E+02  0.0000000E+00
  3.6728000E+02  0.0000000E+00
  3.6813000E+02  0.0000000E+00
  3.6898001E+02  0.0000000E+00
  3.6982999E+02  0.0000000E+00
  3.7067999E+02  0.0000000E+00
  3.7154001E+02  0.0000000E+00
  3.7239001E+02  0.0000000E+00
  3.7325000E+02  0.0000000E+00
  3.7410999E+02  0.0000000E+00
  3.7497000E+02  0.0000000E+00
  3.7584000E+02  0.0000000E+00
  3.7670001E+02  0.0000000E+00
  3.7757001E+02  0.0000000E+00
  3.7844000E+02  0.0000000E+00
  3.7931000E+02  0.0000000E+00
  3.8019000E+02  0.0000000E+00
  3.8107001E+02  0.0000000E+00
  3.8194000E+02  0.0000000E+00
  3.8282001E+02  0.0000000E+00
  3.8370999E+02  0.0000000E+00
  3.8459000E+02  0.0000000E+00
  3.8548001E+02  0.0000000E+00
  3.8637000E+02  0.0000000E+00
  3.8726001E+02  0.0000000E+00
  3.8814999E+02  0.0000000E+00
  3.8904999E+02  0.0000000E+00
  3.8994000E+02  0.0000000E+00
  3.9084000E+02  0.0000000E+00
  3.9173999E+02  0.0000000E+00
  3.9264999E+02  0.0000000E+00
  3.9354999E+02  0.0000000E+00
  3.9445999E+02  0.0000000E+00
  3.9537000E+02  0.0000000E+00
  3.9628000E+02  0.0000000E+00
  3.9719000E+02  0.0000000E+00
  3.9810999E+02  0.0000000E+00
  3.9901999E+02  0.0000000E+00
  3.9994000E+02  0.0000000E+00
  4.0087000E+02  0.0000000E+00
  4.0179001E+02  0.0000000E+00
  4.0272000E+02  0.0000000E+00
  4.0364999E+02  0.0000000E+00
  4.0457999E+02  0.0000000E+00
  4.0551001E+02  0.0000000E+00
  4.0644000E+02  0.0000000E+00
  4.0738000E+02  0.0000000E+00
  4.0832001E+02  0.0000000E+00
  4.0926001E+02  0.0000000E+00
  4.1020001E+02  0.0000000E+00
  4.1114999E+02  0.0000000E+00
  4.1210001E+02  0.0000000E+00
  4.1304999E+02  0.0000000E+00
  4.1400000E+02  0.0000000E+00
  4.1495001E+02  0.0000000E+00
  4.1591000E+02  0.0000000E+00
  4.1687000E+02  0.0000000E+00
  4.1782999E+02  0.0000000E+00
  4.1879001E+02  0.0000000E+00
  4.1976001E+02  0.0000000E+00
  4.2073001E+02  0.0000000E+00
  4.2170001E+02  0.0000000E+00
  4.2267001E+02  0.0000000E+00
  4.2364001E+02  0.0000000E+00
  4.2462000E+02  0.0000000E+00
  4.2560001E+02  0.0000000E+00
  4.2657999E+02  0.0000000E+00
  4.2756000E+02  0.0000000E+00
  4.2854999E+02  0.0000000E+00
  4.2954001E+02  0.0000000E+00
  4.3053000E+02  0.0000000E+00
  4.3151999E+02  0.0000000E+00
  4.3251001E+02  0.0000000E+00
  4.3351001E+02  0.0000000E+00
  4.3451001E+02  0.0000000E+00
  4.3551001E+02  0.0000000E+00
  4.3651999E+02  0.0000000E+00
  4.3751999E+02  0.0000000E+00
  4.3853000E+02  0.0000000E+00
  4.3954001E+02  0.0000000E+00
  4.4054999E+02  0.0000000E+00
  4.4157001E+02  0.0000000E+00
  4.4259000E+02  0.0000000E+00
  4.4360999E+02  0.0000000E+00
  4.4463000E+02  0.0000000E+00
  4.4566000E+02  0.0000000E+00
  4.4667999E+02  0.0000000E+00
  4.4770999E+02  0.0000000E+00
  4.4875000E+02  0.0000000E+00
  4.4978000E+02  0.0000000E+00
  4.5082001E+02  0.0000000E+00
  4.5185999E+02  0.0000000E+00
  4.5289999E+02  0.0000000E+00
  4.5394000E+02  0.0000000E+00
  4.5498999E+02  0.0000000E+00
  4.5604001E+02  0.0000000E+00
  4.5709000E+02  0.0000000E+00
  4.5814001E+02  0.0000000E+00
  4.5920001E+02  0.0000000E+00
  4.6026001E+02  0.0000000E+00
  4.6132001E+02  0.0000000E+00
  4.6238000E+02  0.0000000E+00
  4.6345001E+02  0.0000000E+00
  4.6451999E+02  0.0000000E+00
  4.6559000E+02  0.0000000E+00
  4.6666000E+02  0.0000000E+00
  4.6773999E+02  0.0000000E+00
  4.6881000E+02  0.0000000E+00
  4.6989001E+02  0.0000000E+00
  4.7098001E+02  0.0000000E+00
  4.7206000E+02  0.0000000E+00
  4.7314999E+02  0.0000000E+00
  4.7423999E+02  0.0000000E+00
  4.7534000E+02  0.0000000E+00
  4.7642999E+02  0.0000000E+00
  4.7753000E+02  0.0000000E+00
  4.7863000E+02  0.0000000E+00
  4.7973001E+02  0.0000000E+00
  4.8084000E+02  0.0000000E+00
  4.8195001E+02  0.0000000E+00
  4.8306000E+02  0.0000000E+00
  4.8417001E+02  0.0000000E+00
  4.8529001E+02  0.0000000E+00
  4.8641000E+02  0.0000000E+00
  4.8753000E+02  0.0000000E+00
  4.8864999E+02  0.0000000E+00
  4.8978000E+02  0.0000000E+00
  4.9091000E+02  0.0000000E+00
  4.9204001E+02  0.0000000E+00
  4.9317001E+02  0.0000000E+00
  4.9431000E+02  0.0000000E+00
  4.9545001E+02  0.0000000E+00
  4.9659000E+02  0.0000000E+00
  4.9773999E+02  0.0000000E+00
  4.9888000E+02  0.0000000E+00
  5.0003000E+02  0.0000000E+00
  5.0119000E+02  0.0000000E+00
  5.0234000E+02  0.0000000E+00
  5.0350000E+02  0.0000000E+00
  5.0466000E+02  0.0000000E+00
  5.0582001E+02  0.0000000E+00
  5.0698999E+02  0.0000000E+00
  5.0816000E+02  0.0000000E+00
  5.0932999E+02  0.0000000E+00
  5.1050000E+02  0.0000000E+00
  5.1167999E+02  0.0000000E+00
  5.1285999E+02  0.0000000E+00
  5.1403998E+02  0.0000000E+00
  5.1522998E+02  0.0000000E+00
  5.1641998E+02  0.0000000E+00
  5.1760999E+02  0.0000000E+00
  5.1879999E+02  0.0000000E+00
  5.2000000E+02  0.0000000E+00
  5.2119000E+02  0.0000000E+00
  5.2240002E+02  0.0000000E+00
  5.2359998E+02  0.0000000E+00
  5.2481000E+02  0.0000000E+00
  5.2602002E+02  0.0000000E+00
  5.2722998E+02  0.0000000E+00
  5.2845001E+02  0.0000000E+00
  5.2965997E+02  0.0000000E+00
  5.3088000E+02  0.0000000E+00
  5.3210999E+02  0.0000000E+00
  5.3333002E+02  0.0000000E+00
  5.3456000E+02  0.0000000E+00
  5.3579999E+02  0.0000000E+00
  5.3703003E+02  0.0000000E+00
  5.3827002E+02  0.0000000E+00
  5.3951001E+02  0.0000000E+00
  5.4075000E+02  0.0000000E+00
  5.4200000E+02  0.0000000E+00
  5.4325000E+02  0.0000000E+00
  5.4450000E+02  0.0000000E+00
  5.4576001E+02  0.0000000E+00
  5.4702002E+02  0.0000000E+00
  5.4828003E+02  0.0000000E+00
  5.4953998E+02  0.0000000E+00
  5.5081000E+02  0.0000000E+00
  5.5208002E+02  0.0000000E+00
  5.5334998E+02  0.0000000E+00
  5.5463000E+02  0.0000000E+00
  5.5590002E+02  0.0000000E+00
  5.5719000E+02  0.0000000E+00
  5.5846997E+02  0.0000000E+00
  5.5976001E+02  0.0000000E+00
  5.6104999E+02  0.0000000E+00
  5.6234003E+02  0.0000000E+00
  5.6364001E+02  0.0000000E+00
  5.6494000E+02  0.0000000E+00
  5.6623999E+02  0.0000000E+00
  5.6753998E+02  0.0000000E+00
  5.6884998E+02  0.0000000E+00
  5.7015997E+02  0.0000000E+00
  5.7147998E+02  0.0000000E+00
  5.7279999E+02  0.0000000E+00
  5.7412000E+02  0.0000000E+00
  5.7544000E+02  0.0000000E+00
  5.7677002E+02  0.0000000E+00
  5.7809998E+02  0.0000000E+00
  5.7942999E+02  0.0000000E+00
  5.8076001E+02  0.0000000E+00
  5.8209998E+02  0.0000000E+00
  5.8345001E+02  0.0000000E+00
  5.8478998E+02  0.0000000E+00
  5.8614001E+02  0.0000000E+00
  5.8748999E+02  0.0000000E+00
  5.8884003E+02  0.0000000E+00
  5.9020001E+02  0.0000000E+00
  5.9156000E+02  0.0000000E+00
  5.9292999E+02  0.0000000E+00
  5.9428998E+02  0.0000000E+00
  5.9565997E+02  0.0000000E+00
  5.9703998E+02  0.0000000E+00
  5.9840997E+02  0.0000000E+00
  5.9978998E+02  0.0000000E+00
  6.0116998E+02  0.0000000E+00
  6.0256000E+02  0.0000000E+00
  6.0395001E+02  0.0000000E+00
  6.0534003E+02  0.0000000E+00
  6.0673999E+02  0.0000000E+00
  6.0813000E+02  0.0000000E+00
  6.0953998E+02  0.0000000E+00
  6.1094000E+02  0.0000000E+00
  6.1234998E+02  0.0000000E+00
  6.1376001E+02  0.0000000E+00
  6.1517999E+02  0.0000000E+00
  6.1659003E+02  0.0000000E+00
  6.1802002E+02  0.0000000E+00
  6.1944000E+02  0.0000000E+00
  6.2087000E+02  0.0000000E+00
  6.2229999E+02  0.0000000E+00
  6.2372998E+02  0.0000000E+00
  6.2516998E+02  0.0000000E+00
  6.2660999E+02  0.0000000E+00
  6.2806000E+02  0.0000000E+00
  6.2951001E+02  0.0000000E+00
  6.3096002E+02  0.0000000E+00
  6.3240997E+02  0.0000000E+00
  6.3387000E+02  0.0000000E+00
  6.3533002E+02  0.0000000E+00
  6.3679999E+02  0.0000000E+00
  6.3826001E+02  0.0000000E+00
  6.3972998E+02  0.0000000E+00
  6.4121002E+02  0.0000000E+00
  6.4269000E+02  0.0000000E+00
  6.4416998E+02  0.0000000E+00
  6.4565002E+02  0.0000000E+00
  6.4714001E+02  0.0000000E+00
  6.4863000E+02  0.0000000E+00
  6.5013000E+02  0.0000000E+00
  6.5163000E+02  0.0000000E+00
  6.5313000E+02  0.0000000E+00
  6.5464001E+02  0.0000000E+00
  6.5615002E+02  0.0000000E+00
  6.5765997E+02  0.0000000E+00
  6.5916998E+02  0.0000000E+00
  6.6069000E+02  0.0000000E+00
  6.6221997E+02  0.0000000E+00
  6.6373999E+02  0.0000000E+00
  6.6527002E+02  0.0000000E+00
  6.6681000E+02  0.0000000E+00
  6.6834003E+02  0.0000000E+00
  6.6988000E+02  0.0000000E+00
  6.7142999E+02  0.0000000E+00
  6.7297998E+02  0.0000000E+00
  6.7453003E+02  0.0000000E+00
  6.7608002E+02  0.0000000E+00
  6.7764001E+02  0.0000000E+00
  6.7920001E+02  0.0000000E+00
  6.8077002E+02  0.0000000E+00
  6.8234003E+02  0.0000000E+00
  6.8390997E+02  0.0000000E+00
  6.8548999E+02  0.0000000E+00
  6.8707001E+02  0.0000000E+00
  6.8865002E+02  0.0000000E+00
  6.9023999E+02  0.0000000E+00
  6.9183002E+02  0.0000000E+00
  6.9342999E+02  0.0000000E+00
  6.9502002E+02  0.0000000E+00
  6.9663000E+02  0.0000000E+00
  6.9822998E+02  0.0000000E+00
  6.9984003E+02  0.0000000E+00
  7.0146002E+02  0.0000000E+00
  7.0307001E+02  0.0000000E+00
  7.0469000E+02  0.0000000E+00
  7.0632001E+02  0.0000000E+00
  7.0795001E+02  0.0000000E+00
  7.0958002E+02  0.0000000E+00
  7.1121002E+02  0.0000000E+00
  7.1284998E+02  0.0000000E+00
  7.1450000E+02  0.0000000E+00
  7.1614001E+02  0.0000000E+00
  7.1778998E+02  0.0000000E+00
  7.1945001E+02  0.0000000E+00
  7.2110999E+02  0.0000000E+00
  7.2277002E+02  0.0000000E+00
  7.2444000E+02  0.0000000E+00
  7.2610999E+02  0.0000000E+00
  7.2778003E+02  0.0000000E+00
  7.2946002E+02  0.0000000E+00
  7.3114001E+02  0.0000000E+00
  7.3282001E+02  0.0000000E+00
  7.3451001E+02  0.0000000E+00
  7.3621002E+02  0.0000000E+00
  7.3790002E+02  0.0000000E+00
  7.3960999E+02  0.0000000E+00
  7.4131000E+02  0.0000000E+00
  7.4302002E+02  0.0000000E+00
  7.4472998E+02  0.0000000E+00
  7.4645001E+02  0.0000000E+00
  7.4816998E+02  0.0000000E+00
  7.4989001E+02  0.0000000E+00
  7.5162000E+02  0.0000000E+00
  7.5335999E+02  0.0000000E+00
  7.5509003E+02  0.0000000E+00
  7.5683002E+02  0.0000000E+00
  7.5858002E+02  0.0000000E+00
  7.6033002E+02  0.0000000E+00
  7.6208002E+02  0.0000000E+00
  7.6384003E+02  0.0000000E+00
  7.6559998E+02  0.0000000E+00
  7.6735999E+02  0.0000000E+00
  7.6913000E+02  0.0000000E+00
  7.7090002E+02  0.0000000E+00
  7.7267999E+02  0.0000000E+00
  7.7446002E+02  0.0000000E+00
  7.7625000E+02  0.0000000E+00
  7.7803998E+02  0.0000000E+00
  7.7983002E+02  0.0000000E+00
  7.8163000E+02  0.0000000E+00
  7.8342999E+02  0.0000000E+00
  7.8523999E+02  0.0000000E+00
  7.8704999E+02  0.0000000E+00
  7.8885999E+02  0.0000000E+00
  7.9067999E+02  0.0000000E+00
  7.9250000E+02  0.0000000E+00
  7.9433002E+02  0.0000000E+00
  7.9615997E+02  0.0000000E+00
  7.9798999E+02  0.0000000E+00
  7.9983002E+02  0.0000000E+00
  8.0167999E+02  0.0000000E+00
  8.0353003E+02  0.0000000E+00
  8.0538000E+02  0.0000000E+00
  8.0723999E+02  0.0000000E+00
  8.0909998E+02  0.0000000E+00
  8.1096002E+02  0.0000000E+00
  8.1283002E+02  0.0000000E+00
  8.1470001E+02  0.0000000E+00
  8.1658002E+02  0.0000000E+00
  8.1846002E+02  0.0000000E+00
  8.2034998E+02  0.0000000E+00
  8.2223999E+02  0.0000000E+00
  8.2414001E+02  0.0000000E+00
  8.2603998E+02  0.0000000E+00
  8.2794000E+02  0.0000000E+00
  8.2984998E+02  0.0000000E+00
  8.3176001E+02  0.0000000E+00
  8.3367999E+02  0.0000000E+00
  8.3559998E+02  0.0000000E+00
  8.3753003E+02  0.0000000E+00
  8.3946002E+02  0.0000000E+00
  8.4140002E+02  0.0000000E+00
  8.4333002E+02  0.0000000E+00
  8.4528003E+02  0.0000000E+00
  8.4722998E+02  0.0000000E+00
  8.4917999E+02  0.0000000E+00
  8.5114001E+02  0.0000000E+00
  8.5309998E+02  0.0000000E+00
  8.5507001E+02  0.0000000E+00
  8.5703998E+02  0.0000000E+00
  8.5901001E+02  0.0000000E+00
  8.6098999E+02  0.0000000E+00
  8.6297998E+02  0.0000000E+00
  8.6496997E+02  0.0000000E+00
  8.6696002E+02  0.0000000E+00
  8.6896002E+02  0.0000000E+00
  8.7096002E+02  0.0000000E+00
  8.7296997E+02  0.0000000E+00
  8.7497998E+02  0.0000000E+00
  8.7700000E+02  0.0000000E+00
  8.7902002E+02  0.0000000E+00
  8.8104999E+02  0.0000000E+00
  8.8308002E+02  0.0000000E+00
  8.8512000E+02  0.0000000E+00
  8.8715997E+02  0.0000000E+00
  8.8920001E+02  0.0000000E+00
  8.9125000E+02  0.0000000E+00
  8.9331000E+02  0.0000000E+00
  8.9535999E+02  0.0000000E+00
  8.9742999E+02  0.0000000E+00
  8.9950000E+02  0.0000000E+00
  9.0157001E+02  2.4411680E-02
  9.0365002E+02  2.4710730E-02
  9.0572998E+02  2.4798669E-02
  9.0782001E+02  2.5141185E-02
  9.0990997E+02  2.5193091E-02
  9.1201001E+02  2.5333412E-02
  9.1410999E+02  2.5356753E-02
  9.1621997E+02  2.5502602E-02
  9.1833002E+02  2.5822712E-02
  9.2045001E+02  2.5947364E-02
  9.2257001E+02  2.6323210E-02
  9.2470001E+02  2.6695751E-02
  9.2683002E+02  2.6798896E-02
  9.2896997E+02  2.6906665E-02
  9.3110999E+02  2.7181184E-02
  9.3325000E+02  2.7289223E-02
  9.3540997E+02  2.7316719E-02
  9.3756000E+02  2.7316719E-02
  9.3971997E+02  2.7436299E-02
  9.4189001E+02  2.7539939E-02
  9.4406000E+02  2.7883977E-02
  9.4623999E+02  2.7981097E-02
  9.4841998E+02  2.8000150E-02
  9.5059998E+02  2.8000150E-02
  9.5279999E+02  2.8000150E-02
  9.5498999E+02  2.8283611E-02
  9.5719000E+02  2.8691614E-02
  9.5940002E+02  2.8800763E-02
  9.6160999E+02  2.9237797E-02
  9.6383002E+02  2.9879972E-02
  9.6604999E+02  2.9991189E-02
  9.6828003E+02  3.0335214E-02
  9.7051001E+02  3.0571081E-02
  9.7275000E+02  3.1555887E-02
  9.7498999E+02  3.2230280E-02
  9.7723999E+02  3.2330811E-02
  9.7948999E+02  3.2596096E-02
  9.8175000E+02  3.2837417E-02
  9.8401001E+02  3.2875367E-02
  9.8628003E+02  3.3064771E-02
  9.8854999E+02  3.2790437E-02
  9.9083002E+02  3.3366546E-02
  9.9312000E+02  3.3317383E-02
  9.9540997E+02  3.3371255E-02
  9.9770001E+02  3.3813864E-02
  1.0000000E+03  3.3869822E-02
  1.0023100E+03  3.3917084E-02
  1.0046200E+03  3.4038227E-02
  1.0069300E+03  3.4300059E-02
  1.0092500E+03  3.4593511E-02
  1.0115800E+03  3.5561025E-02
  1.0139100E+03  3.6378689E-02
  1.0162500E+03  3.7568614E-02
  1.0185900E+03  3.7568614E-02
  1.0209400E+03  3.7326779E-02
  1.0232900E+03  3.7569810E-02
  1.0256500E+03  3.7870180E-02
  1.0280200E+03  3.7814349E-02
  1.0303900E+03  3.7991121E-02
  1.0327600E+03  3.7991121E-02
  1.0351400E+03  3.7870180E-02
  1.0375300E+03  3.8191911E-02
  1.0399200E+03  3.8382027E-02
  1.0423199E+03  3.8494244E-02
  1.0447200E+03  3.8382027E-02
  1.0471300E+03  3.8382027E-02
  1.0495400E+03  3.9183818E-02
  1.0519600E+03  3.9268233E-02
  1.0543900E+03  3.9270755E-02
  1.0568199E+03  3.8999610E-02
  1.0592500E+03  3.8999610E-02
  1.0617000E+03  3.8494244E-02
  1.0641400E+03  3.8999610E-02
  1.0666000E+03  3.9183818E-02
  1.0690500E+03  3.8999610E-02
  1.0715200E+03  3.9366756E-02
  1.0739900E+03  3.9568268E-02
  1.0764700E+03  3.9183818E-02
  1.0789500E+03  3.8494244E-02
  1.0814301E+03  3.8460206E-02
  1.0839301E+03  3.8460206E-02
  1.0864301E+03  3.8494244E-02
  1.0889301E+03  3.9183818E-02
  1.0914399E+03  3.9183818E-02
  1.0939600E+03  3.9183818E-02
  1.0964800E+03  3.8494244E-02
  1.0990100E+03  3.8460206E-02
  1.1015400E+03  3.7920639E-02
  1.1040800E+03  3.7781887E-02
  1.1066200E+03  3.7326779E-02
  1.1091801E+03  3.7326779E-02
  1.1117300E+03  3.5970766E-02
  1.1142900E+03  3.5970766E-02
  1.1168600E+03  3.5970766E-02
  1.1194399E+03  3.6404770E-02
  1.1220200E+03  3.6404770E-02
  1.1246000E+03  3.7423760E-02
  1.1272000E+03  3.8026761E-02
  1.1298000E+03  3.7920639E-02
  1.1324000E+03  3.7920639E-02
  1.1350100E+03  3.7920639E-02
  1.1376300E+03  3.7781887E-02
  1.1402500E+03  3.7786730E-02
  1.1428800E+03  3.7786730E-02
  1.1455100E+03  3.7216503E-02
  1.1481500E+03  3.6304504E-02
  1.1508000E+03  3.5828799E-02
  1.1534500E+03  3.5528749E-02
  1.1561100E+03  3.5002571E-02
  1.1587800E+03  3.5002571E-02
  1.1614500E+03  3.5007682E-02
  1.1641300E+03  3.4836318E-02
  1.1668101E+03  3.4333810E-02
  1.1695000E+03  3.4208886E-02
  1.1722000E+03  3.4001853E-02
  1.1749000E+03  3.3999112E-02
  1.1776100E+03  3.3717707E-02
  1.1803199E+03  3.3717707E-02
  1.1830400E+03  3.3501122E-02
  1.1857700E+03  3.2437295E-02
  1.1885000E+03  3.2258965E-02
  1.1912400E+03  3.2379232E-02
  1.1939900E+03  3.2437295E-02
  1.1967400E+03  3.2379232E-02
  1.1995000E+03  3.2216109E-02
  1.2022600E+03  3.2258965E-02
  1.2050400E+03  3.2163527E-02
  1.2078101E+03  3.1929545E-02
  1.2106000E+03  3.1861797E-02
  1.2133900E+03  3.1828720E-02
  1.2161899E+03  3.1828720E-02
  1.2189900E+03  3.1241134E-02
  1.2218000E+03  3.1098722E-02
  1.2246200E+03  3.1026179E-02
  1.2274399E+03  3.0970313E-02
  1.2302700E+03  3.0899612E-02
  1.2331000E+03  3.0935086E-02
  1.2359500E+03  3.0935086E-02
  1.2388000E+03  3.0796818E-02
  1.2416500E+03  3.0459210E-02
  1.2445100E+03  3.0261429E-02
  1.2473800E+03  3.0074822E-02
  1.2502600E+03  3.0053621E-02
  1.2531400E+03  2.9332893E-02
  1.2560300E+03  2.9061817E-02
  1.2589301E+03  2.8793277E-02
  1.2618300E+03  2.8640067E-02
  1.2647400E+03  2.8619722E-02
  1.2676500E+03  2.8551379E-02
  1.2705699E+03  2.8450124E-02
  1.2735000E+03  2.7791960E-02
  1.2764399E+03  2.7085576E-02
  1.2793800E+03  2.6686052E-02
  1.2823300E+03  2.6677299E-02
  1.2852900E+03  2.6467806E-02
  1.2882500E+03  2.6035482E-02
  1.2912200E+03  2.6156278E-02
  1.2942000E+03  2.5756523E-02
  1.2971801E+03  2.5768673E-02
  1.3001700E+03  2.5756523E-02
  1.3031700E+03  2.5756523E-02
  1.3061700E+03  2.5640620E-02
  1.3091801E+03  2.5396150E-02
  1.3122000E+03  2.5396150E-02
  1.3152200E+03  2.5333878E-02
  1.3182600E+03  2.5267659E-02
  1.3213000E+03  2.5147140E-02
  1.3243400E+03  2.5089975E-02
  1.3273900E+03  2.5062814E-02
  1.3304500E+03  2.5071429E-02
  1.3335200E+03  2.4994086E-02
  1.3366000E+03  2.4902200E-02
  1.3396801E+03  2.4866968E-02
  1.3427700E+03  2.4812941E-02
  1.3458600E+03  2.4866968E-02
  1.3489600E+03  2.4814248E-02
  1.3520699E+03  2.4692830E-02
  1.3551899E+03  2.4619183E-02
  1.3583101E+03  2.4465064E-02
  1.3614399E+03  2.4393415E-02
  1.3645800E+03  2.4295673E-02
  1.3677300E+03  2.4165405E-02
  1.3708800E+03  2.4146780E-02
  1.3740400E+03  2.4135297E-02
  1.3772100E+03  2.3994816E-02
  1.3803800E+03  2.3919540E-02
  1.3835699E+03  2.3886925E-02
  1.3867600E+03  2.3904234E-02
  1.3899500E+03  2.3886925E-02
  1.3931600E+03  2.3886925E-02
  1.3963700E+03  2.3856448E-02
  1.3995900E+03  2.3776680E-02
  1.4028101E+03  2.3660513E-02
  1.4060500E+03  2.3640966E-02
  1.4092900E+03  2.3584738E-02
  1.4125400E+03  2.3565616E-02
  1.4157900E+03  2.3565616E-02
  1.4190601E+03  2.3572760E-02
  1.4223300E+03  2.3508988E-02
  1.4256100E+03  2.3360800E-02
  1.4288900E+03  2.3344250E-02
  1.4321899E+03  2.3334838E-02
  1.4354900E+03  2.3139089E-02
  1.4388000E+03  2.2959605E-02
  1.4421200E+03  2.2875933E-02
  1.4454399E+03  2.2788331E-02
  1.4487700E+03  2.2627728E-02
  1.4521100E+03  2.2581652E-02
  1.4554600E+03  2.2481479E-02
  1.4588101E+03  2.2456327E-02
  1.4621801E+03  2.2449881E-02
  1.4655500E+03  2.2252856E-02
  1.4689301E+03  2.2206130E-02
  1.4723101E+03  2.2087060E-02
  1.4757100E+03  2.2057155E-02
  1.4791100E+03  2.2029914E-02
  1.4825200E+03  2.1988465E-02
  1.4859399E+03  2.1809511E-02
  1.4893600E+03  2.1649901E-02
  1.4927900E+03  2.1551855E-02
  1.4962400E+03  2.1450844E-02
  1.4996801E+03  2.1443639E-02
  1.5031400E+03  2.1413794E-02
  1.5066100E+03  2.1231048E-02
  1.5100800E+03  2.1159150E-02
  1.5135601E+03  2.1153994E-02
  1.5170500E+03  2.1003919E-02
  1.5205500E+03  2.0882564E-02
  1.5240500E+03  2.0769080E-02
  1.5275699E+03  2.0771069E-02
  1.5310900E+03  2.0769080E-02
  1.5346200E+03  2.0769080E-02
  1.5381500E+03  2.0666802E-02
  1.5417000E+03  2.0458572E-02
  1.5452500E+03  2.0408792E-02
  1.5488199E+03  2.0341439E-02
  1.5523900E+03  2.0302309E-02
  1.5559700E+03  2.0205230E-02
  1.5595500E+03  2.0101761E-02
  1.5631500E+03  2.0022672E-02
  1.5667500E+03  1.9848440E-02
  1.5703600E+03  1.9766815E-02
  1.5739800E+03  1.9766815E-02
  1.5776100E+03  1.9674251E-02
  1.5812500E+03  1.9584771E-02
  1.5848900E+03  1.9584771E-02
  1.5885500E+03  1.9235527E-02
  1.5922100E+03  1.9235527E-02
  1.5958800E+03  1.9584771E-02
  1.5995601E+03  1.9235527E-02
  1.6032500E+03  1.9379605E-02
  1.6069399E+03  1.9379605E-02
  1.6106500E+03  1.9674251E-02
  1.6143600E+03  1.9659024E-02
  1.6180800E+03  1.9586133E-02
  1.6218101E+03  1.9584771E-02
  1.6255500E+03  1.9508937E-02
  1.6293000E+03  1.8836515E-02
  1.6330500E+03  1.8836515E-02
  1.6368199E+03  1.8637484E-02
  1.6405900E+03  1.8503992E-02
  1.6443700E+03  1.8312305E-02
  1.6481600E+03  1.8249204E-02
  1.6519600E+03  1.8249204E-02
  1.6557700E+03  1.8249204E-02
  1.6595900E+03  1.7981235E-02
  1.6634100E+03  1.7981235E-02
  1.6672500E+03  1.7986042E-02
  1.6710900E+03  1.7966399E-02
  1.6749399E+03  1.7954621E-02
  1.6788000E+03  1.7954621E-02
  1.6826700E+03  1.7487198E-02
  1.6865500E+03  1.7433880E-02
  1.6904399E+03  1.7434277E-02
  1.6943400E+03  1.7029187E-02
  1.6982400E+03  1.6885290E-02
  1.7021600E+03  1.6695388E-02
  1.7060800E+03  1.6962619E-02
  1.7100200E+03  1.6870873E-02
  1.7139600E+03  1.6870873E-02
  1.7179100E+03  1.6870873E-02
  1.7218700E+03  1.6637089E-02
  1.7258400E+03  1.6599072E-02
  1.7298199E+03  1.6599072E-02
  1.7338000E+03  1.6599072E-02
  1.7378000E+03  1.6537178E-02
  1.7418101E+03  1.6277030E-02
  1.7458199E+03  1.6207639E-02
  1.7498500E+03  1.6126908E-02
  1.7538800E+03  1.6126908E-02
  1.7579200E+03  1.5911916E-02
  1.7619800E+03  1.5911916E-02
  1.7660400E+03  1.5877493E-02
  1.7701100E+03  1.5877493E-02
  1.7741899E+03  1.5857514E-02
  1.7782800E+03  1.5769880E-02
  1.7823800E+03  1.5857514E-02
  1.7864900E+03  1.5691571E-02
  1.7906100E+03  1.5689487E-02
  1.7947300E+03  1.5499672E-02
  1.7988700E+03  1.5499672E-02
  1.8030200E+03  1.5635123E-02
  1.8071700E+03  1.5203557E-02
  1.8113400E+03  1.5203557E-02
  1.8155200E+03  1.4959690E-02
  1.8197000E+03  1.4925360E-02
  1.8239000E+03  1.4743742E-02
  1.8281000E+03  1.4570008E-02
  1.8323101E+03  1.4492619E-02
  1.8365400E+03  1.4248085E-02
  1.8407700E+03  1.4163758E-02
  1.8450200E+03  1.4032326E-02
  1.8492700E+03  1.4000515E-02
  1.8535300E+03  1.3917890E-02
  1.8578000E+03  1.3826808E-02
  1.8620900E+03  1.3826808E-02
  1.8663800E+03  1.3682407E-02
  1.8706801E+03  1.3682407E-02
  1.8749900E+03  1.3621779E-02
  1.8793199E+03  1.3462086E-02
  1.8836500E+03  1.3337696E-02
  1.8879900E+03  1.3288943E-02
  1.8923400E+03  1.3235539E-02
  1.8967100E+03  1.3235539E-02
  1.9010800E+03  1.3199984E-02
  1.9054600E+03  1.2910437E-02
  1.9098500E+03  1.2905271E-02
  1.9142600E+03  1.2806201E-02
  1.9186700E+03  1.2797733E-02
  1.9230900E+03  1.2742882E-02
  1.9275200E+03  1.2711762E-02
  1.9319700E+03  1.2711762E-02
  1.9364200E+03  1.2620813E-02
  1.9408900E+03  1.2580412E-02
  1.9453600E+03  1.2509298E-02
  1.9498400E+03  1.2421963E-02
  1.9543400E+03  1.2390301E-02
  1.9588400E+03  1.2248235E-02
  1.9633600E+03  1.2140632E-02
  1.9678900E+03  1.2140632E-02
  1.9724200E+03  1.2120859E-02
  1.9769700E+03  1.2047131E-02
  1.9815300E+03  1.1991030E-02
  1.9860900E+03  1.1975662E-02
  1.9906700E+03  1.1841226E-02
  1.9952600E+03  1.1833506E-02
  1.9998600E+03  1.1829401E-02
  2.0044700E+03  1.1808087E-02
  2.0090900E+03  1.1825298E-02
  2.0137200E+03  1.1825298E-02
  2.0183700E+03  1.1820634E-02
  2.0230200E+03  1.1802070E-02
  2.0276801E+03  1.1801017E-02
  2.0323600E+03  1.1790051E-02
  2.0370400E+03  1.1790051E-02
  2.0417400E+03  1.1719042E-02
  2.0464399E+03  1.1790051E-02
  2.0511599E+03  1.1719042E-02
  2.0558899E+03  1.1659734E-02
  2.0606299E+03  1.1621178E-02
  2.0653799E+03  1.1579529E-02
  2.0701399E+03  1.1526666E-02
  2.0749099E+03  1.1502648E-02
  2.0797000E+03  1.1502648E-02
  2.0844900E+03  1.1496441E-02
  2.0893000E+03  1.1456064E-02
  2.0941101E+03  1.1414195E-02
  2.0989399E+03  1.1431487E-02
  2.1037800E+03  1.1424498E-02
  2.1086299E+03  1.1423680E-02
  2.1134900E+03  1.1364191E-02
  2.1183601E+03  1.1300899E-02
  2.1232400E+03  1.1279131E-02
  2.1281399E+03  1.1268430E-02
  2.1330400E+03  1.1260042E-02
  2.1379600E+03  1.1231384E-02
  2.1428899E+03  1.1199282E-02
  2.1478301E+03  1.1155457E-02
  2.1527800E+03  1.1153807E-02
  2.1577400E+03  1.1118770E-02
  2.1627200E+03  1.1080117E-02
  2.1677000E+03  1.1034993E-02
  2.1727000E+03  1.0915668E-02
  2.1777100E+03  1.0812966E-02
  2.1827300E+03  1.0732686E-02
  2.1877600E+03  1.0682000E-02
  2.1928000E+03  1.0600216E-02
  2.1978601E+03  1.0563394E-02
  2.2029299E+03  1.0493650E-02
  2.2080000E+03  1.0454114E-02
  2.2130901E+03  1.0329441E-02
  2.2182000E+03  1.0236756E-02
  2.2233101E+03  1.0161343E-02
  2.2284399E+03  1.0095838E-02
  2.2335701E+03  1.0023659E-02
  2.2387200E+03  9.9748606E-03
  2.2438799E+03  9.8853055E-03
  2.2490500E+03  9.8089967E-03
  2.2542400E+03  9.7287735E-03
  2.2594399E+03  9.6235275E-03
  2.2646399E+03  9.5412638E-03
  2.2698601E+03  9.4935922E-03
  2.2751001E+03  9.4042942E-03
  2.2803401E+03  9.3109580E-03
  2.2856001E+03  9.2692142E-03
  2.2908701E+03  9.1941524E-03
  2.2961499E+03  9.0927836E-03
  2.3014399E+03  8.9983298E-03
  2.3067500E+03  8.9227371E-03
  2.3120601E+03  8.8507626E-03
  2.3173899E+03  8.7825852E-03
  2.3227400E+03  8.7312618E-03
  2.3280901E+03  8.6626103E-03
  2.3334600E+03  8.6036474E-03
  2.3388401E+03  8.5443454E-03
  2.3442300E+03  8.5052066E-03
  2.3496299E+03  8.4721996E-03
  2.3550500E+03  8.4031532E-03
  2.3604800E+03  8.2906922E-03
  2.3659199E+03  8.2537988E-03
  2.3713701E+03  8.2167219E-03
  2.3768401E+03  8.1290212E-03
  2.3823201E+03  8.0351243E-03
  2.3878101E+03  7.9905502E-03
  2.3933201E+03  7.9541672E-03
  2.3988301E+03  7.8567499E-03
  2.4043601E+03  7.8080418E-03
  2.4099099E+03  7.7245496E-03
  2.4154600E+03  7.6519670E-03
  2.4210300E+03  7.5912601E-03
  2.4266101E+03  7.5178868E-03
  2.4322000E+03  7.4418550E-03
  2.4378101E+03  7.3752319E-03
  2.4434299E+03  7.3335739E-03
  2.4490601E+03  7.3195607E-03
  2.4547100E+03  7.2941491E-03
  2.4603701E+03  7.2442149E-03
  2.4660400E+03  7.1943691E-03
  2.4717200E+03  7.1782768E-03
  2.4774199E+03  7.1256179E-03
  2.4831299E+03  7.0572258E-03
  2.4888601E+03  7.0333271E-03
  2.4945901E+03  7.0054396E-03
  2.5003501E+03  6.9896970E-03
  2.5061101E+03  6.9178604E-03
  2.5118899E+03  6.8636895E-03
  2.5176799E+03  6.8254266E-03
  2.5234800E+03  6.7336112E-03
  2.5293000E+03  6.6570858E-03
  2.5351299E+03  6.6217193E-03
  2.5409700E+03  6.5801041E-03
  2.5468301E+03  6.5389732E-03
  2.5527000E+03  6.5022814E-03
  2.5585901E+03  6.4776265E-03
  2.5644800E+03  6.4499769E-03
  2.5703899E+03  6.4304182E-03
  2.5763201E+03  6.4023901E-03
  2.5822600E+03  6.3951677E-03
  2.5882100E+03  6.3728392E-03
  2.5941799E+03  6.3482430E-03
  2.6001599E+03  6.3430802E-03
  2.6061499E+03  6.3285069E-03
  2.6121599E+03  6.2310589E-03
  2.6181799E+03  6.1859670E-03
  2.6242200E+03  6.1602113E-03
  2.6302700E+03  6.1461623E-03
  2.6363301E+03  6.1076735E-03
  2.6424099E+03  6.0940450E-03
  2.6485000E+03  6.0595409E-03
  2.6546101E+03  6.0405657E-03
  2.6607200E+03  6.0199215E-03
  2.6668601E+03  5.9863855E-03
  2.6730100E+03  5.9347763E-03
  2.6791699E+03  5.8995704E-03
  2.6853401E+03  5.8716345E-03
  2.6915300E+03  5.8405916E-03
  2.6977400E+03  5.7952986E-03
  2.7039600E+03  5.7856413E-03
  2.7101899E+03  5.7609673E-03
  2.7164399E+03  5.7453653E-03
  2.7227000E+03  5.7196510E-03
  2.7289800E+03  5.6901239E-03
  2.7352700E+03  5.6772716E-03
  2.7415701E+03  5.6627663E-03
  2.7478899E+03  5.6418893E-03
  2.7542300E+03  5.6369142E-03
  2.7605801E+03  5.6252163E-03
  2.7669399E+03  5.6118546E-03
  2.7733201E+03  5.5890814E-03
  2.7797100E+03  5.5799363E-03
  2.7861201E+03  5.5582384E-03
  2.7925400E+03  5.5319918E-03
  2.7989800E+03  5.5213124E-03
  2.8054299E+03  5.4907138E-03
  2.8118999E+03  5.4730754E-03
  2.8183799E+03  5.4510240E-03
  2.8248799E+03  5.4265824E-03
  2.8313899E+03  5.4110005E-03
  2.8379199E+03  5.3895810E-03
  2.8444600E+03  5.3644222E-03
  2.8510200E+03  5.3525493E-03
  2.8575901E+03  5.3421631E-03
  2.8641799E+03  5.3292601E-03
  2.8707800E+03  5.3192666E-03
  2.8773999E+03  5.2958434E-03
  2.8840300E+03  5.2890941E-03
  2.8906799E+03  5.2732467E-03
  2.8973401E+03  5.2552884E-03
  2.9040200E+03  5.2227941E-03
  2.9107200E+03  5.1919227E-03
  2.9174299E+03  5.1674144E-03
  2.9241499E+03  5.1619364E-03
  2.9308899E+03  5.1464024E-03
  2.9376499E+03  5.1159407E-03
  2.9444199E+03  5.0984002E-03
  2.9512100E+03  5.0886692E-03
  2.9580100E+03  5.0659305E-03
  2.9648301E+03  5.0509516E-03
  2.9716699E+03  5.0188857E-03
  2.9785200E+03  5.0009945E-03
  2.9853799E+03  4.9892580E-03
  2.9922600E+03  4.9794619E-03
  2.9991599E+03  4.9551758E-03
  3.0060801E+03  4.9403291E-03
  3.0130100E+03  4.9245371E-03
  3.0199500E+03  4.8999968E-03
  3.0269099E+03  4.8875608E-03
  3.0338899E+03  4.8724110E-03
  3.0408899E+03  4.8551857E-03
  3.0478899E+03  4.8406282E-03
  3.0549199E+03  4.8340424E-03
  3.0619600E+03  4.8188521E-03
  3.0690200E+03  4.8041209E-03
  3.0761001E+03  4.7888299E-03
  3.0831899E+03  4.7697504E-03
  3.0903000E+03  4.7486867E-03
  3.0974199E+03  4.7296267E-03
  3.1045601E+03  4.7118999E-03
  3.1117200E+03  4.6963589E-03
  3.1188899E+03  4.6691350E-03
  3.1260801E+03  4.6528787E-03
  3.1332800E+03  4.6299617E-03
  3.1405100E+03  4.6041794E-03
  3.1477500E+03  4.5975717E-03
  3.1550000E+03  4.5876508E-03
  3.1622800E+03  4.5794025E-03
  3.1695701E+03  4.5590014E-03
  3.1768701E+03  4.5411191E-03
  3.1842000E+03  4.5214947E-03
  3.1915400E+03  4.5126094E-03
  3.1988899E+03  4.5061260E-03
  3.2062700E+03  4.4891685E-03
  3.2136599E+03  4.4872882E-03
  3.2210701E+03  4.4784904E-03
  3.2284900E+03  4.4672661E-03
  3.2359399E+03  4.4652945E-03
  3.2433999E+03  4.4560749E-03
  3.2508701E+03  4.4498583E-03
  3.2583701E+03  4.4445335E-03
  3.2658799E+03  4.4316230E-03
  3.2734099E+03  4.4284905E-03
  3.2809500E+03  4.4073248E-03
  3.2885200E+03  4.4053583E-03
  3.2961001E+03  4.4053583E-03
  3.3036899E+03  4.3918188E-03
  3.3113101E+03  4.3758242E-03
  3.3189399E+03  4.3764417E-03
  3.3265901E+03  4.3709143E-03
  3.3342600E+03  4.3709143E-03
  3.3419500E+03  4.3726019E-03
  3.3496499E+03  4.3606902E-03
  3.3573799E+03  4.3606902E-03
  3.3651201E+03  4.3606902E-03
  3.3728701E+03  4.3490734E-03
  3.3806499E+03  4.3640523E-03
  3.3884399E+03  4.3590218E-03
  3.3962500E+03  4.3590218E-03
  3.4040801E+03  4.3640523E-03
  3.4119299E+03  4.3714810E-03
  3.4197900E+03  4.3640523E-03
  3.4276799E+03  4.4009346E-03
  3.4355801E+03  4.3896446E-03
  3.4435000E+03  4.4337474E-03
  3.4514399E+03  4.4350694E-03
  3.4593899E+03  4.4319150E-03
  3.4673701E+03  4.4305697E-03
  3.4753601E+03  4.4319150E-03
  3.4833701E+03  4.4305697E-03
  3.4913999E+03  4.4337474E-03
  3.4994500E+03  4.4319150E-03
  3.5075200E+03  4.4350694E-03
  3.5156001E+03  4.4527906E-03
  3.5237100E+03  4.4547054E-03
  3.5318301E+03  4.4547054E-03
  3.5399700E+03  4.4680214E-03
  3.5481299E+03  4.4565275E-03
  3.5563101E+03  4.4534458E-03
  3.5645100E+03  4.4565275E-03
  3.5727300E+03  4.4565275E-03
  3.5809600E+03  4.4703768E-03
  3.5892200E+03  4.4680214E-03
  3.5974900E+03  4.4780918E-03
  3.6057900E+03  4.4886163E-03
  3.6141001E+03  4.4954224E-03
  3.6224299E+03  4.5162453E-03
  3.6307800E+03  4.5287958E-03
  3.6391499E+03  4.5549790E-03
  3.6475400E+03  4.5644660E-03
  3.6559500E+03  4.5771049E-03
  3.6643701E+03  4.5834617E-03
  3.6728201E+03  4.5940648E-03
  3.6812900E+03  4.6092952E-03
  3.6897800E+03  4.6092952E-03
  3.6982800E+03  4.5968750E-03
  3.7068101E+03  4.6007456E-03
  3.7153501E+03  4.6226704E-03
  3.7239199E+03  4.6236929E-03
  3.7325000E+03  4.6166596E-03
  3.7411101E+03  4.6283533E-03
  3.7497300E+03  4.6391976E-03
  3.7583701E+03  4.6391976E-03
  3.7670400E+03  4.6488629E-03
  3.7757200E+03  4.6557738E-03
  3.7844199E+03  4.6684658E-03
  3.7931499E+03  4.6875267E-03
  3.8018899E+03  4.6908678E-03
  3.8106599E+03  4.6914937E-03
  3.8194399E+03  4.6910043E-03
  3.8282500E+03  4.6910043E-03
  3.8370701E+03  4.6932637E-03
  3.8459199E+03  4.7021946E-03
  3.8547800E+03  4.7211540E-03
  3.8636699E+03  4.7290917E-03
  3.8725701E+03  4.7474513E-03
  3.8815000E+03  4.7551352E-03
  3.8904500E+03  4.7819288E-03
  3.8994199E+03  4.7852192E-03
  3.9084099E+03  4.7852192E-03
  3.9174199E+03  4.7896742E-03
  3.9264500E+03  4.7960887E-03
  3.9355000E+03  4.7941753E-03
  3.9445701E+03  4.7960887E-03
  3.9536699E+03  4.7877496E-03
  3.9627800E+03  4.7926437E-03
  3.9719199E+03  4.7926437E-03
  3.9810701E+03  4.7989096E-03
  3.9902500E+03  4.8113447E-03
  3.9994500E+03  4.8320233E-03
  4.0086699E+03  4.8351516E-03
  4.0179099E+03  4.8504891E-03
  4.0271699E+03  4.8700869E-03
  4.0364500E+03  4.8835990E-03
  4.0457600E+03  4.8805387E-03
  4.0550901E+03  4.8764516E-03
  4.0644299E+03  4.8610987E-03
  4.0738000E+03  4.8677293E-03
  4.0831899E+03  4.8770271E-03
  4.0926101E+03  4.8677293E-03
  4.1020400E+03  4.8589134E-03
  4.1115000E+03  4.8594899E-03
  4.1209800E+03  4.8533552E-03
  4.1304702E+03  4.8343604E-03
  4.1400000E+03  4.8236055E-03
  4.1495400E+03  4.8353323E-03
  4.1591099E+03  4.8423531E-03
  4.1686899E+03  4.8340792E-03
  4.1782998E+03  4.8353323E-03
  4.1879399E+03  4.8353323E-03
  4.1975898E+03  4.8383647E-03
  4.2072598E+03  4.8480611E-03
  4.2169600E+03  4.8355870E-03
  4.2266899E+03  4.8383647E-03
  4.2364302E+03  4.8550605E-03
  4.2462002E+03  4.8584547E-03
  4.2559800E+03  4.8703142E-03
  4.2657900E+03  4.8795501E-03
  4.2756299E+03  4.8695523E-03
  4.2854800E+03  4.8584547E-03
  4.2953599E+03  4.8469994E-03
  4.3052598E+03  4.8337979E-03
  4.3151899E+03  4.8169028E-03
  4.3251401E+03  4.8169028E-03
  4.3351099E+03  4.8018056E-03
  4.3451001E+03  4.7864304E-03
  4.3551201E+03  4.7781002E-03
  4.3651602E+03  4.7589066E-03
  4.3752202E+03  4.7467086E-03
  4.3853101E+03  4.7355401E-03
  4.3954199E+03  4.7299694E-03
  4.4055498E+03  4.7030747E-03
  4.4157002E+03  4.6760379E-03
  4.4258799E+03  4.6573612E-03
  4.4360801E+03  4.6426039E-03
  4.4463101E+03  4.6262471E-03
  4.4565601E+03  4.6010134E-03
  4.4668301E+03  4.5869406E-03
  4.4771299E+03  4.5725391E-03
  4.4874502E+03  4.5526838E-03
  4.4977998E+03  4.5456961E-03
  4.5081699E+03  4.5287907E-03
  4.5185601E+03  4.5154472E-03
  4.5289702E+03  4.4993530E-03
  4.5394102E+03  4.4778609E-03
  4.5498799E+03  4.4709658E-03
  4.5603701E+03  4.4521601E-03
  4.5708799E+03  4.4251783E-03
  4.5814199E+03  4.4152560E-03
  4.5919800E+03  4.3968316E-03
  4.6025601E+03  4.3792967E-03
  4.6131802E+03  4.3681008E-03
  4.6238101E+03  4.3539586E-03
  4.6344702E+03  4.3345788E-03
  4.6451499E+03  4.3170932E-03
  4.6558599E+03  4.3022754E-03
  4.6665898E+03  4.2903107E-03
  4.6773501E+03  4.2692376E-03
  4.6881299E+03  4.2597656E-03
  4.6989399E+03  4.2542084E-03
  4.7097700E+03  4.2505665E-03
  4.7206299E+03  4.2227195E-03
  4.7315098E+03  4.2011277E-03
  4.7424199E+03  4.1843988E-03
  4.7533501E+03  4.1709635E-03
  4.7643101E+03  4.1532670E-03
  4.7752900E+03  4.1417503E-03
  4.7862998E+03  4.1331421E-03
  4.7973301E+03  4.1163806E-03
  4.8083901E+03  4.1039302E-03
  4.8194800E+03  4.0939054E-03
  4.8305898E+03  4.0808325E-03
  4.8417202E+03  4.0679621E-03
  4.8528799E+03  4.0573305E-03
  4.8640698E+03  4.0432778E-03
  4.8752798E+03  4.0117553E-03
  4.8865200E+03  3.9990284E-03
  4.8977900E+03  3.9666160E-03
  4.9090801E+03  3.9530597E-03
  4.9203901E+03  3.9313594E-03
  4.9317402E+03  3.9120284E-03
  4.9431099E+03  3.8973147E-03
  4.9545000E+03  3.8774612E-03
  4.9659199E+03  3.8700649E-03
  4.9773701E+03  3.8559812E-03
  4.9888398E+03  3.8488689E-03
  5.0003398E+03  3.8135743E-03
  5.0118701E+03  3.7860619E-03
  5.0234302E+03  3.7771121E-03
  5.0350000E+03  3.7595590E-03
  5.0466099E+03  3.7500646E-03
  5.0582500E+03  3.7251366E-03
  5.0699102E+03  3.7174246E-03
  5.0815898E+03  3.7123342E-03
  5.0933101E+03  3.7050983E-03
  5.1050498E+03  3.7001285E-03
  5.1168198E+03  3.6795782E-03
  5.1286099E+03  3.6702154E-03
  5.1404399E+03  3.6511961E-03
  5.1522900E+03  3.6469230E-03
  5.1641602E+03  3.6280046E-03
  5.1760698E+03  3.6001920E-03
  5.1880000E+03  3.5833332E-03
  5.1999600E+03  3.5668646E-03
  5.2119502E+03  3.5603109E-03
  5.2239600E+03  3.5322455E-03
  5.2360000E+03  3.5138833E-03
  5.2480698E+03  3.5086556E-03
  5.2601699E+03  3.4850836E-03
  5.2722998E+03  3.4574897E-03
  5.2844502E+03  3.4445822E-03
  5.2966299E+03  3.4054376E-03
  5.3088398E+03  3.3904454E-03
  5.3210801E+03  3.3731388E-03
  5.3333501E+03  3.3718243E-03
  5.3456401E+03  3.3565157E-03
  5.3579600E+03  3.3423351E-03
  5.3703198E+03  3.3130257E-03
  5.3827002E+03  3.3038717E-03
  5.3951001E+03  3.2929529E-03
  5.4075400E+03  3.2712915E-03
  5.4200098E+03  3.2599093E-03
  5.4325000E+03  3.2369564E-03
  5.4450200E+03  3.2070142E-03
  5.4575801E+03  3.1892133E-03
  5.4701602E+03  3.1894671E-03
  5.4827700E+03  3.1627603E-03
  5.4954102E+03  3.1385815E-03
  5.5080801E+03  3.1230201E-03
  5.5207700E+03  3.1153744E-03
  5.5335000E+03  3.0935239E-03
  5.5462598E+03  3.0914035E-03
  5.5590400E+03  3.0823068E-03
  5.5718501E+03  3.0636671E-03
  5.5847002E+03  3.0538170E-03
  5.5975698E+03  3.0460013E-03
  5.6104800E+03  3.0337588E-03
  5.6234102E+03  3.0067624E-03
  5.6363799E+03  2.9964733E-03
  5.6493701E+03  2.9906689E-03
  5.6623901E+03  2.9473591E-03
  5.6754502E+03  2.9367269E-03
  5.6885298E+03  2.9330244E-03
  5.7016401E+03  2.9237983E-03
  5.7147900E+03  2.9189724E-03
  5.7279600E+03  2.8990977E-03
  5.7411602E+03  2.8887379E-03
  5.7543999E+03  2.8820091E-03
  5.7676602E+03  2.8654174E-03
  5.7809600E+03  2.8820091E-03
  5.7942900E+03  2.8712563E-03
  5.8076401E+03  2.8482331E-03
  5.8210298E+03  2.8235232E-03
  5.8344502E+03  2.8156352E-03
  5.8478999E+03  2.8085429E-03
  5.8613799E+03  2.8187500E-03
  5.8748901E+03  2.8156352E-03
  5.8884399E+03  2.7993794E-03
  5.9020098E+03  2.7641945E-03
  5.9156099E+03  2.7641945E-03
  5.9292500E+03  2.7592112E-03
  5.9429199E+03  2.7592112E-03
  5.9566201E+03  2.7567674E-03
  5.9703501E+03  2.7526433E-03
  5.9841201E+03  2.7415906E-03
  5.9979102E+03  2.7415650E-03
  6.0117300E+03  2.6930752E-03
  6.0256001E+03  2.6778316E-03
  6.0394800E+03  2.6778316E-03
  6.0534102E+03  2.6087237E-03
  6.0673599E+03  2.6151233E-03
  6.0813501E+03  2.6386178E-03
  6.0953701E+03  2.6386178E-03
  6.1094199E+03  2.6386178E-03
  6.1235000E+03  2.6431468E-03
  6.1376201E+03  2.6151233E-03
  6.1517700E+03  2.6521338E-03
  6.1659502E+03  2.6521338E-03
  6.1801602E+03  2.6662899E-03
  6.1944102E+03  2.6457296E-03
  6.2086899E+03  2.6521338E-03
  6.2230000E+03  2.6457296E-03
  6.2373501E+03  2.5827617E-03
  6.2517300E+03  2.5373232E-03
  6.2661401E+03  2.5741751E-03
  6.2805801E+03  2.5343273E-03
  6.2950601E+03  2.5373232E-03
  6.3095698E+03  2.5002412E-03
  6.3241201E+03  2.4844324E-03
  6.3386899E+03  2.4844324E-03
  6.3533101E+03  2.4720710E-03
  6.3679502E+03  2.4720710E-03
  6.3826299E+03  2.5008505E-03
  6.3973501E+03  2.5090093E-03
  6.4120898E+03  2.4932795E-03
  6.4268799E+03  2.5008505E-03
  6.4416899E+03  2.5090093E-03
  6.4565400E+03  2.5008505E-03
  6.4714199E+03  2.5371755E-03
  6.4863398E+03  2.4384926E-03
  6.5012998E+03  2.4442396E-03
  6.5162798E+03  2.4442396E-03
  6.5312998E+03  2.4442396E-03
  6.5463599E+03  2.4579337E-03
  6.5614502E+03  2.4442396E-03
  6.5765801E+03  2.4442396E-03
  6.5917402E+03  2.4579337E-03
  6.6069302E+03  2.4531442E-03
  6.6221602E+03  2.3872950E-03
  6.6374302E+03  2.3799357E-03
  6.6527300E+03  2.4498792E-03
  6.6680698E+03  2.3795699E-03
  6.6834399E+03  2.3794810E-03
  6.6988501E+03  2.3633135E-03
  6.7142900E+03  2.3561497E-03
  6.7297598E+03  2.3633135E-03
  6.7452798E+03  2.3561497E-03
  6.7608301E+03  2.3561497E-03
  6.7764102E+03  2.3507711E-03
  6.7920400E+03  2.3467145E-03
  6.8076899E+03  2.3507711E-03
  6.8233799E+03  2.3128332E-03
  6.8391099E+03  2.3231611E-03
  6.8548799E+03  2.2801296E-03
  6.8706802E+03  2.2476253E-03
  6.8865200E+03  2.2401037E-03
  6.9023999E+03  2.2401037E-03
  6.9183101E+03  2.2447596E-03
  6.9342598E+03  2.2447596E-03
  6.9502402E+03  2.2384515E-03
  6.9662598E+03  2.2384515E-03
  6.9823198E+03  2.2329702E-03
  6.9984199E+03  2.1393599E-03
  7.0145498E+03  2.1393599E-03
  7.0307202E+03  2.1365350E-03
  7.0469302E+03  2.1101979E-03
  7.0631802E+03  2.0105923E-03
  7.0794600E+03  2.0105923E-03
  7.0957700E+03  2.0105923E-03
  7.1121401E+03  2.0105923E-03
  7.1285298E+03  1.9947309E-03
  7.1449600E+03  1.9947309E-03
  7.1614302E+03  2.0556105E-03
  7.1779399E+03  1.9947309E-03
  7.1944902E+03  1.9726343E-03
  7.2110698E+03  1.9268260E-03
  7.2277002E+03  1.9185423E-03
  7.2443599E+03  1.9140997E-03
  7.2610601E+03  1.9185423E-03
  7.2777998E+03  1.9140997E-03
  7.2945698E+03  1.9140997E-03
  7.3113901E+03  1.9132834E-03
  7.3282500E+03  1.8894711E-03
  7.3451401E+03  1.8894711E-03
  7.3620698E+03  1.7918479E-03
  7.3790400E+03  1.7420265E-03
  7.3960498E+03  1.7702699E-03
  7.4131001E+03  1.7420265E-03
  7.4301899E+03  1.7702699E-03
  7.4473198E+03  1.7539188E-03
  7.4644902E+03  1.7539188E-03
  7.4816899E+03  1.7702699E-03
  7.4989399E+03  1.7330783E-03
  7.5162300E+03  1.7238370E-03
  7.5335498E+03  1.6455731E-03
  7.5509199E+03  1.6562176E-03
  7.5683301E+03  1.6560067E-03
  7.5857700E+03  1.6562176E-03
  7.6032598E+03  1.6560067E-03
  7.6207900E+03  1.6111524E-03
  7.6383599E+03  1.6658516E-03
  7.6559600E+03  1.6688667E-03
  7.6736099E+03  1.6688667E-03
  7.6912998E+03  1.6365515E-03
  7.7090298E+03  1.6702341E-03
  7.7268101E+03  1.6702341E-03
  7.7446201E+03  1.6688667E-03
  7.7624702E+03  1.6511156E-03
  7.7803599E+03  1.6524940E-03
  7.7982998E+03  1.6524940E-03
  7.8162798E+03  1.6487027E-03
  7.8342900E+03  1.6197682E-03
  7.8523599E+03  1.5955763E-03
  7.8704600E+03  1.6003072E-03
  7.8886001E+03  1.6077932E-03
  7.9067900E+03  1.5654217E-03
  7.9250098E+03  1.5595023E-03
  7.9432798E+03  1.5822245E-03
  7.9615898E+03  1.5822245E-03
  7.9799502E+03  1.5042656E-03
  7.9983398E+03  1.4826866E-03
  8.0167798E+03  1.4826866E-03
  8.0352598E+03  1.5042656E-03
  8.0537798E+03  1.5086628E-03
  8.0723501E+03  1.5042656E-03
  8.0909600E+03  1.5086628E-03
  8.1096099E+03  1.5086199E-03
  8.1282998E+03  1.4767484E-03
  8.1470400E+03  1.4572063E-03
  8.1658198E+03  1.4698784E-03
  8.1846499E+03  1.4645180E-03
  8.2035098E+03  1.4356426E-03
  8.2224297E+03  1.4165806E-03
  8.2413799E+03  1.3561039E-03
  8.2603799E+03  1.4356426E-03
  8.2794199E+03  1.4356426E-03
  8.2985098E+03  1.5109746E-03
  8.3176299E+03  1.5109746E-03
  8.3368096E+03  1.5109746E-03
  8.3560303E+03  1.4916951E-03
  8.3752900E+03  1.4854664E-03
  8.3945996E+03  1.4365729E-03
  8.4139502E+03  1.4571472E-03
  8.4333496E+03  1.4571472E-03
  8.4527900E+03  1.4626058E-03
  8.4722695E+03  1.4571472E-03
  8.4917998E+03  1.4571472E-03
  8.5113799E+03  1.4164826E-03
  8.5310000E+03  1.4163528E-03
  8.5506699E+03  1.3413284E-03
  8.5703799E+03  1.3362145E-03
  8.5901396E+03  1.2955109E-03
  8.6099404E+03  1.2955109E-03
  8.6297803E+03  1.2955109E-03
  8.6496699E+03  1.2798776E-03
  8.6696201E+03  1.2685957E-03
  8.6895996E+03  1.3112214E-03
  8.7096299E+03  1.3112214E-03
  8.7297100E+03  1.3094323E-03
  8.7498398E+03  1.3094323E-03
  8.7700000E+03  1.3344779E-03
  8.7902305E+03  1.2549472E-03
  8.8104902E+03  1.2549472E-03
  8.8307998E+03  1.3231250E-03
  8.8511504E+03  1.3231250E-03
  8.8715596E+03  1.1724561E-03
  8.8920098E+03  1.1724561E-03
  8.9125098E+03  1.1566073E-03
  8.9330498E+03  1.2787735E-03
  8.9536504E+03  1.2367945E-03
  8.9742803E+03  1.2367945E-03
  8.9949805E+03  1.2356550E-03
  9.0157100E+03  1.2458292E-03
  9.0364902E+03  1.2458292E-03
  9.0573301E+03  1.2545607E-03
  9.0782002E+03  1.2458292E-03
  9.0991299E+03  1.2545607E-03
  9.1200996E+03  1.3320851E-03
  9.1411299E+03  1.3799459E-03
  9.1622002E+03  1.1952568E-03
  9.1833203E+03  1.2241136E-03
  9.2045000E+03  1.2341880E-03
  9.2257100E+03  1.2241136E-03
  9.2469805E+03  1.2241136E-03
  9.2682998E+03  1.1732654E-03
  9.2896602E+03  1.1732654E-03
  9.3110801E+03  1.1732654E-03
  9.3325400E+03  1.1732654E-03
  9.3540596E+03  1.1217209E-03
  9.3756201E+03  1.1121816E-03
  9.3972305E+03  1.1217209E-03
  9.4189004E+03  1.1121816E-03
  9.4406104E+03  1.1027750E-03
  9.4623701E+03  1.0941492E-03
  9.4841797E+03  1.0941492E-03
  9.5060498E+03  1.0941792E-03
  9.5279600E+03  1.0893246E-03
  9.5499199E+03  1.0733202E-03
  9.5719404E+03  1.0733202E-03
  9.5940000E+03  1.0733202E-03
  9.6161201E+03  1.0656249E-03
  9.6382900E+03  1.0847158E-03
  9.6605098E+03  1.0847158E-03
  9.6827695E+03  1.0852460E-03
  9.7050996E+03  1.0852460E-03
  9.7274697E+03  1.0602121E-03
  9.7498896E+03  1.0447518E-03
  9.7723701E+03  1.1046800E-03
  9.7949004E+03  1.1046800E-03
  9.8174805E+03  1.0447518E-03
  9.8401104E+03  1.0623054E-03
  9.8627900E+03  1.0623054E-03
  9.8855303E+03  1.0623054E-03
  9.9083203E+03  1.0546382E-03
  9.9311602E+03  1.0289041E-03
  9.9540498E+03  9.6755585E-04
  9.9770000E+03  9.6755585E-04
  1.0000000E+04  9.6755585E-04
  1.0000000E+04  9.6755585E-04
  1.0115800E+04  1.0261541E-03
  1.0232940E+04  9.0504024E-04
  1.0351420E+04  9.4378705E-04
  1.0471290E+04  1.0158799E-03
  1.0592540E+04  8.5777516E-04
  1.0715200E+04  8.9041673E-04
  1.0839270E+04  9.1885868E-04
  1.0964780E+04  8.2060427E-04
  1.1091750E+04  7.5836456E-04
  1.1220190E+04  7.7184796E-04
  1.1350100E+04  7.8924926E-04
  1.1481540E+04  7.5851491E-04
  1.1614490E+04  7.2550558E-04
  1.1748980E+04  7.3060155E-04
  1.1885020E+04  7.1691244E-04
  1.2022640E+04  6.6726760E-04
  1.2161860E+04  6.6976435E-04
  1.2302690E+04  6.1209960E-04
  1.2445140E+04  6.1932113E-04
  1.2589250E+04  5.9562171E-04
  1.2735030E+04  6.0658343E-04
  1.2882500E+04  5.9411756E-04
  1.3031660E+04  5.6486204E-04
  1.3182560E+04  5.7609199E-04
  1.3335210E+04  5.5605033E-04
  1.3489630E+04  5.2767480E-04
  1.3645840E+04  4.8655493E-04
  1.3803840E+04  4.9426540E-04
  1.3963680E+04  4.7270829E-04
  1.4125380E+04  4.9660745E-04
  1.4288950E+04  4.5562442E-04
  1.4454390E+04  4.7521081E-04
  1.4621770E+04  4.4315695E-04
  1.4791090E+04  4.8813879E-04
  1.4962360E+04  4.5402217E-04
  1.5135610E+04  4.5958633E-04
  1.5310870E+04  4.2416761E-04
  1.5488170E+04  4.1092685E-04
  1.5667520E+04  4.1221993E-04
  1.5848920E+04  3.3973690E-04
  1.6032450E+04  3.4374511E-04
  1.6218100E+04  3.7828417E-04
  1.6405900E+04  3.7008576E-04
  1.6595859E+04  3.4221506E-04
  1.6788039E+04  3.6515429E-04
  1.6982439E+04  3.5333025E-04
  1.7179090E+04  2.9814299E-04
  1.7378000E+04  3.2130553E-04
  1.7579230E+04  3.2955842E-04
  1.7782789E+04  2.9836828E-04
  1.7988711E+04  2.8332946E-04
  1.8197020E+04  2.7461772E-04
  1.8407711E+04  2.6620075E-04
  1.8620869E+04  2.6085734E-04
  1.8836490E+04  2.4971712E-04
  1.9054619E+04  2.5295321E-04
  1.9275240E+04  2.4065314E-04
  1.9498439E+04  2.2268493E-04
  1.9724230E+04  2.2000413E-04
  1.9952631E+04  2.1345478E-04
  2.0183660E+04  2.0975612E-04
  2.0417381E+04  1.9493586E-04
  2.0653801E+04  1.8409938E-04
  2.0892971E+04  1.8520217E-04
  2.1134881E+04  1.7515200E-04
  2.1379619E+04  1.6979063E-04
  2.1627189E+04  1.6194161E-04
  2.1877619E+04  1.5267747E-04
  2.2130939E+04  1.4351265E-04
  2.2387211E+04  1.4335460E-04
  2.2646439E+04  1.3472950E-04
  2.2908680E+04  1.2490773E-04
  2.3173930E+04  1.2662480E-04
  2.3442279E+04  1.1919864E-04
  2.3713740E+04  1.1490186E-04
  2.3988340E+04  1.1024039E-04
  2.4266109E+04  9.7161879E-05
  2.4547080E+04  9.1984592E-05
  2.4831330E+04  8.3530111E-05
  2.5118869E+04  7.9255820E-05
  2.5409740E+04  7.8335404E-05
  2.5703949E+04  7.8317775E-05
  2.6001590E+04  7.8353121E-05
  2.6302680E+04  7.8324483E-05
  2.6607260E+04  7.7571436E-05
  2.6915340E+04  7.2600960E-05
  2.7227010E+04  7.4232572E-05
  2.7542289E+04  7.1898365E-05
  2.7861221E+04  7.1226576E-05
  2.8183820E+04  6.7836780E-05
  2.8510180E+04  6.1577295E-05
  2.8840320E+04  6.0295697E-05
  2.9174279E+04  5.6476685E-05
  2.9512080E+04  5.1170613E-05
  2.9853820E+04  4.7321329E-05
  3.0199520E+04  4.6448193E-05
  3.0549221E+04  4.4940112E-05
  3.0902939E+04  4.3658471E-05
  3.1260789E+04  4.2494488E-05
  3.1622779E+04  4.1400068E-05
  3.1988961E+04  4.2991756E-05
  3.2359350E+04  5.2552452E-05
  3.2734061E+04  6.9097870E-05
  3.3113109E+04  7.3060917E-05
  3.3496551E+04  5.5496799E-05
  3.3884430E+04  3.9091814E-05
  3.4276770E+04  3.3204491E-05
  3.4673680E+04  3.1489591E-05
  3.5075199E+04  3.0376168E-05
  3.5481359E+04  2.9241111E-05
  3.5892180E+04  2.8113598E-05
  3.6307801E+04  2.7176296E-05
  3.6728230E+04  2.6111768E-05
  3.7153539E+04  2.5062092E-05
  3.7583719E+04  2.4079693E-05
  3.8018930E+04  2.3270695E-05
  3.8459180E+04  2.2531613E-05
  3.8904531E+04  2.1664309E-05
  3.9354988E+04  2.0899095E-05
  3.9810711E+04  2.0048883E-05
  4.0271711E+04  1.9441793E-05
  4.0738039E+04  1.8737195E-05
  4.1209730E+04  1.8133993E-05
  4.1686930E+04  1.7447686E-05
  4.2169648E+04  1.6882603E-05
  4.2657961E+04  1.6358579E-05
  4.3151879E+04  1.4831808E-05
  4.3651570E+04  1.4008185E-05
  4.4157039E+04  1.3235500E-05
  4.4668371E+04  1.2731299E-05
  4.5185621E+04  1.2402294E-05
  4.5708801E+04  1.2252303E-05
  4.6238102E+04  1.1966697E-05
  4.6773520E+04  1.1823700E-05
  4.7315148E+04  1.1683605E-05
  4.7862988E+04  1.1476102E-05
  4.8417230E+04  1.1347201E-05
  4.8977891E+04  1.1135801E-05
  4.9545039E+04  1.0962698E-05
  5.0118699E+04  1.0826800E-05
  5.0699059E+04  1.0652803E-05
  5.1286141E+04  1.0503088E-05
  5.1880020E+04  1.0386905E-05
  5.2480719E+04  1.0252998E-05
  5.3088430E+04  1.0096701E-05
  5.3703180E+04  1.0000505E-05
  5.4325051E+04  9.8627943E-06
  5.4954059E+04  9.7854982E-06
  5.5590410E+04  9.7084030E-06
  5.6234129E+04  9.6278027E-06
  5.6885309E+04  9.5673904E-06
  5.7543961E+04  9.3567933E-06
  5.8210301E+04  9.0688945E-06
  5.8884359E+04  8.7119033E-06
  5.9566230E+04  8.2931001E-06
  6.0255988E+04  8.6004975E-06
  6.0953672E+04  1.0316800E-05
  6.1659500E+04  1.7080274E-05
  6.2373500E+04  2.6760490E-05
  6.3095762E+04  1.9435391E-05
  6.3826320E+04  1.2413602E-05
  6.4565410E+04  9.3896952E-06
  6.5313059E+04  8.0160025E-06
  6.6069367E+04  8.4491985E-06
  6.6834359E+04  8.5743995E-06
  6.7608289E+04  8.5343036E-06
  6.8391172E+04  8.1662038E-06
  6.9183117E+04  9.2802020E-06
  6.9984156E+04  1.0997298E-05
  7.0794562E+04  9.9340014E-06
  7.1614344E+04  1.0662305E-05
  7.2443617E+04  1.1122897E-05
  7.3282406E+04  1.2716895E-05
  7.4131008E+04  1.5393502E-05
  7.4989422E+04  1.9964093E-05
  7.5857781E+04  2.4005487E-05
  7.6736102E+04  2.6004791E-05
  7.7624688E+04  2.4307206E-05
  7.8523562E+04  2.3101811E-05
  7.9432844E+04  1.9686910E-05
  8.0352648E+04  1.5289203E-05
  8.1283023E+04  1.2771297E-05
  8.2224258E+04  1.1034187E-05
  8.3176391E+04  1.0693303E-05
  8.4139547E+04  1.0618297E-05
  8.5113773E+04  1.1158701E-05
  8.6099367E+04  1.2308205E-05
  8.7096367E+04  1.1150397E-05
  8.8104922E+04  7.8493049E-06
  8.9125047E+04  5.7103016E-06
  9.0157102E+04  4.4956000E-06
  9.1201094E+04  3.6715010E-06
  9.2257172E+04  3.3229001E-06
  9.3325383E+04  3.2873986E-06
  9.4406070E+04  3.2245005E-06
  9.5499273E+04  2.9430987E-06
  9.6605117E+04  3.1557015E-06
  9.7723672E+04  3.0369997E-06
  9.8855281E+04  2.6214002E-06
  1.0000000E+05  2.3688001E-06
  1.0115797E+05  2.4949006E-06
  1.0232924E+05  2.5260003E-06
  1.0351419E+05  2.5436007E-06
  1.0471285E+05  2.8800005E-06
  1.0592540E+05  3.6056017E-06
  1.0715198E+05  3.5835005E-06
  1.0839266E+05  3.7259015E-06
  1.0964781E+05  4.6240029E-06
  1.1091750E+05  6.3636971E-06
  1.1220190E+05  1.1415103E-05
  1.1350104E+05  1.2661306E-05
  1.1481534E+05  8.7017033E-06
  1.1614488E+05  6.3198027E-06
  1.1748980E+05  5.4552002E-06
  1.1885017E+05  5.4952911E-06
  1.2022642E+05  5.9215017E-06
  1.2161861E+05  5.6329977E-06
  1.2302692E+05  6.0947982E-06
  1.2445140E+05  6.5147906E-06
  1.2589252E+05  7.2986036E-06
  1.2735031E+05  9.2766977E-06
  1.2882499E+05  8.1478975E-06
  1.3031661E+05  4.9447976E-06
  1.3182564E+05  4.4086992E-06
  1.3335214E+05  4.3401005E-06
  1.3489633E+05  4.2509000E-06
  1.3645823E+05  4.3488012E-06
  1.3803839E+05  3.9122988E-06
  1.3963683E+05  3.9179945E-06
  1.4125378E+05  3.8171015E-06
  1.4288947E+05  3.7818968E-06
  1.4454392E+05  3.7868995E-06
  1.4621770E+05  3.7923003E-06
  1.4791086E+05  3.7979005E-06
  1.4962362E+05  3.8037012E-06
  1.5135606E+05  3.8094981E-06
  1.5310872E+05  3.8152957E-06
  1.5488169E+05  3.8212988E-06
  1.5667517E+05  3.8276016E-06
  1.5848925E+05  3.8342982E-06
  1.6032452E+05  3.8403987E-06
  1.6218103E+05  3.8430012E-06
  1.6405903E+05  3.8456014E-06
  1.6595861E+05  3.8484991E-06
  1.6788036E+05  3.8516018E-06
  1.6982438E+05  3.8548001E-06
  1.7179089E+05  3.8582975E-06
  1.7377998E+05  3.8619000E-06
  1.7579231E+05  3.8657013E-06
  1.7782794E+05  3.8697017E-06
  1.7988714E+05  3.8739995E-06
  1.8196998E+05  3.8760973E-06
  1.8407714E+05  3.8771996E-06
  1.8620870E+05  3.8771996E-06
  1.8836495E+05  3.8761991E-06
  1.9054595E+05  3.8757012E-06
  1.9275242E+05  3.8786002E-06
  1.9498444E+05  3.8804019E-06
  1.9724231E+05  3.8811008E-06
  1.9952631E+05  3.8807984E-06
