  3.1623001E+02  0.0000000E+00
  3.1695999E+02  0.0000000E+00
  3.1769000E+02  0.0000000E+00
  3.1842001E+02  0.0000000E+00
  3.1914999E+02  0.0000000E+00
  3.1989001E+02  0.0000000E+00
  3.2063000E+02  0.0000000E+00
  3.2137000E+02  0.0000000E+00
  3.2210999E+02  0.0000000E+00
  3.2285001E+02  0.0000000E+00
  3.2359000E+02  0.0000000E+00
  3.2434000E+02  0.0000000E+00
  3.2509000E+02  0.0000000E+00
  3.2584000E+02  0.0000000E+00
  3.2659000E+02  0.0000000E+00
  3.2734000E+02  0.0000000E+00
  3.2810001E+02  0.0000000E+00
  3.2885001E+02  0.0000000E+00
  3.2960999E+02  0.0000000E+00
  3.3037000E+02  0.0000000E+00
  3.3113000E+02  0.0000000E+00
  3.3189001E+02  0.0000000E+00
  3.3266000E+02  0.0000000E+00
  3.3342999E+02  0.0000000E+00
  3.3419000E+02  0.0000000E+00
  3.3497000E+02  0.0000000E+00
  3.3573999E+02  0.0000000E+00
  3.3651001E+02  0.0000000E+00
  3.3729001E+02  0.0000000E+00
  3.3806000E+02  0.0000000E+00
  3.3884000E+02  0.0000000E+00
  3.3963000E+02  0.0000000E+00
  3.4041000E+02  0.0000000E+00
  3.4119000E+02  0.0000000E+00
  3.4198001E+02  0.0000000E+00
  3.4276999E+02  0.0000000E+00
  3.4356000E+02  0.0000000E+00
  3.4435001E+02  0.0000000E+00
  3.4514001E+02  0.0000000E+00
  3.4594000E+02  0.0000000E+00
  3.4673999E+02  0.0000000E+00
  3.4754001E+02  0.0000000E+00
  3.4834000E+02  0.0000000E+00
  3.4914001E+02  0.0000000E+00
  3.4995001E+02  0.0000000E+00
  3.5075000E+02  0.0000000E+00
  3.5156000E+02  0.0000000E+00
  3.5237000E+02  0.0000000E+00
  3.5317999E+02  0.0000000E+00
  3.5400000E+02  0.0000000E+00
  3.5481000E+02  0.0000000E+00
  3.5563000E+02  0.0000000E+00
  3.5645001E+02  0.0000000E+00
  3.5726999E+02  0.0000000E+00
  3.5810001E+02  0.0000000E+00
  3.5892001E+02  0.0000000E+00
  3.5975000E+02  0.0000000E+00
  3.6057999E+02  0.0000000E+00
  3.6141000E+02  0.0000000E+00
  3.6223999E+02  0.0000000E+00
  3.6307999E+02  0.0000000E+00
  3.6392001E+02  0.0000000E+00
  3.6475000E+02  0.0000000E+00
  3.6559000E+02  0.0000000E+00
  3.6644000E+02  0.0000000E+00
  3.6728000E+02  0.0000000E+00
  3.6813000E+02  0.0000000E+00
  3.6898001E+02  0.0000000E+00
  3.6982999E+02  0.0000000E+00
  3.7067999E+02  0.0000000E+00
  3.7154001E+02  0.0000000E+00
  3.7239001E+02  0.0000000E+00
  3.7325000E+02  0.0000000E+00
  3.7410999E+02  0.0000000E+00
  3.7497000E+02  0.0000000E+00
  3.7584000E+02  0.0000000E+00
  3.7670001E+02  0.0000000E+00
  3.7757001E+02  0.0000000E+00
  3.7844000E+02  0.0000000E+00
  3.7931000E+02  0.0000000E+00
  3.8019000E+02  0.0000000E+00
  3.8107001E+02  0.0000000E+00
  3.8194000E+02  0.0000000E+00
  3.8282001E+02  0.0000000E+00
  3.8370999E+02  0.0000000E+00
  3.8459000E+02  0.0000000E+00
  3.8548001E+02  0.0000000E+00
  3.8637000E+02  0.0000000E+00
  3.8726001E+02  0.0000000E+00
  3.8814999E+02  0.0000000E+00
  3.8904999E+02  0.0000000E+00
  3.8994000E+02  0.0000000E+00
  3.9084000E+02  0.0000000E+00
  3.9173999E+02  0.0000000E+00
  3.9264999E+02  0.0000000E+00
  3.9354999E+02  0.0000000E+00
  3.9445999E+02  0.0000000E+00
  3.9537000E+02  0.0000000E+00
  3.9628000E+02  0.0000000E+00
  3.9719000E+02  0.0000000E+00
  3.9810999E+02  0.0000000E+00
  3.9901999E+02  0.0000000E+00
  3.9994000E+02  0.0000000E+00
  4.0087000E+02  0.0000000E+00
  4.0179001E+02  0.0000000E+00
  4.0272000E+02  0.0000000E+00
  4.0364999E+02  0.0000000E+00
  4.0457999E+02  0.0000000E+00
  4.0551001E+02  0.0000000E+00
  4.0644000E+02  0.0000000E+00
  4.0738000E+02  0.0000000E+00
  4.0832001E+02  0.0000000E+00
  4.0926001E+02  0.0000000E+00
  4.1020001E+02  0.0000000E+00
  4.1114999E+02  0.0000000E+00
  4.1210001E+02  0.0000000E+00
  4.1304999E+02  0.0000000E+00
  4.1400000E+02  0.0000000E+00
  4.1495001E+02  0.0000000E+00
  4.1591000E+02  0.0000000E+00
  4.1687000E+02  0.0000000E+00
  4.1782999E+02  0.0000000E+00
  4.1879001E+02  0.0000000E+00
  4.1976001E+02  0.0000000E+00
  4.2073001E+02  0.0000000E+00
  4.2170001E+02  0.0000000E+00
  4.2267001E+02  0.0000000E+00
  4.2364001E+02  0.0000000E+00
  4.2462000E+02  0.0000000E+00
  4.2560001E+02  0.0000000E+00
  4.2657999E+02  0.0000000E+00
  4.2756000E+02  0.0000000E+00
  4.2854999E+02  0.0000000E+00
  4.2954001E+02  0.0000000E+00
  4.3053000E+02  0.0000000E+00
  4.3151999E+02  0.0000000E+00
  4.3251001E+02  0.0000000E+00
  4.3351001E+02  0.0000000E+00
  4.3451001E+02  0.0000000E+00
  4.3551001E+02  0.0000000E+00
  4.3651999E+02  0.0000000E+00
  4.3751999E+02  0.0000000E+00
  4.3853000E+02  0.0000000E+00
  4.3954001E+02  0.0000000E+00
  4.4054999E+02  0.0000000E+00
  4.4157001E+02  0.0000000E+00
  4.4259000E+02  0.0000000E+00
  4.4360999E+02  0.0000000E+00
  4.4463000E+02  0.0000000E+00
  4.4566000E+02  0.0000000E+00
  4.4667999E+02  0.0000000E+00
  4.4770999E+02  0.0000000E+00
  4.4875000E+02  0.0000000E+00
  4.4978000E+02  0.0000000E+00
  4.5082001E+02  0.0000000E+00
  4.5185999E+02  0.0000000E+00
  4.5289999E+02  0.0000000E+00
  4.5394000E+02  0.0000000E+00
  4.5498999E+02  0.0000000E+00
  4.5604001E+02  0.0000000E+00
  4.5709000E+02  0.0000000E+00
  4.5814001E+02  0.0000000E+00
  4.5920001E+02  0.0000000E+00
  4.6026001E+02  0.0000000E+00
  4.6132001E+02  0.0000000E+00
  4.6238000E+02  0.0000000E+00
  4.6345001E+02  0.0000000E+00
  4.6451999E+02  0.0000000E+00
  4.6559000E+02  0.0000000E+00
  4.6666000E+02  0.0000000E+00
  4.6773999E+02  0.0000000E+00
  4.6881000E+02  0.0000000E+00
  4.6989001E+02  0.0000000E+00
  4.7098001E+02  0.0000000E+00
  4.7206000E+02  0.0000000E+00
  4.7314999E+02  0.0000000E+00
  4.7423999E+02  0.0000000E+00
  4.7534000E+02  0.0000000E+00
  4.7642999E+02  0.0000000E+00
  4.7753000E+02  0.0000000E+00
  4.7863000E+02  0.0000000E+00
  4.7973001E+02  0.0000000E+00
  4.8084000E+02  0.0000000E+00
  4.8195001E+02  0.0000000E+00
  4.8306000E+02  0.0000000E+00
  4.8417001E+02  0.0000000E+00
  4.8529001E+02  0.0000000E+00
  4.8641000E+02  0.0000000E+00
  4.8753000E+02  0.0000000E+00
  4.8864999E+02  0.0000000E+00
  4.8978000E+02  0.0000000E+00
  4.9091000E+02  0.0000000E+00
  4.9204001E+02  0.0000000E+00
  4.9317001E+02  0.0000000E+00
  4.9431000E+02  0.0000000E+00
  4.9545001E+02  0.0000000E+00
  4.9659000E+02  0.0000000E+00
  4.9773999E+02  0.0000000E+00
  4.9888000E+02  0.0000000E+00
  5.0003000E+02  0.0000000E+00
  5.0119000E+02  0.0000000E+00
  5.0234000E+02  0.0000000E+00
  5.0350000E+02  0.0000000E+00
  5.0466000E+02  0.0000000E+00
  5.0582001E+02  0.0000000E+00
  5.0698999E+02  0.0000000E+00
  5.0816000E+02  0.0000000E+00
  5.0932999E+02  0.0000000E+00
  5.1050000E+02  0.0000000E+00
  5.1167999E+02  0.0000000E+00
  5.1285999E+02  0.0000000E+00
  5.1403998E+02  0.0000000E+00
  5.1522998E+02  0.0000000E+00
  5.1641998E+02  0.0000000E+00
  5.1760999E+02  0.0000000E+00
  5.1879999E+02  0.0000000E+00
  5.2000000E+02  0.0000000E+00
  5.2119000E+02  0.0000000E+00
  5.2240002E+02  0.0000000E+00
  5.2359998E+02  0.0000000E+00
  5.2481000E+02  0.0000000E+00
  5.2602002E+02  0.0000000E+00
  5.2722998E+02  0.0000000E+00
  5.2845001E+02  0.0000000E+00
  5.2965997E+02  0.0000000E+00
  5.3088000E+02  0.0000000E+00
  5.3210999E+02  0.0000000E+00
  5.3333002E+02  0.0000000E+00
  5.3456000E+02  0.0000000E+00
  5.3579999E+02  0.0000000E+00
  5.3703003E+02  0.0000000E+00
  5.3827002E+02  0.0000000E+00
  5.3951001E+02  0.0000000E+00
  5.4075000E+02  0.0000000E+00
  5.4200000E+02  0.0000000E+00
  5.4325000E+02  0.0000000E+00
  5.4450000E+02  0.0000000E+00
  5.4576001E+02  0.0000000E+00
  5.4702002E+02  0.0000000E+00
  5.4828003E+02  0.0000000E+00
  5.4953998E+02  0.0000000E+00
  5.5081000E+02  0.0000000E+00
  5.5208002E+02  0.0000000E+00
  5.5334998E+02  0.0000000E+00
  5.5463000E+02  0.0000000E+00
  5.5590002E+02  0.0000000E+00
  5.5719000E+02  0.0000000E+00
  5.5846997E+02  0.0000000E+00
  5.5976001E+02  0.0000000E+00
  5.6104999E+02  0.0000000E+00
  5.6234003E+02  0.0000000E+00
  5.6364001E+02  0.0000000E+00
  5.6494000E+02  0.0000000E+00
  5.6623999E+02  0.0000000E+00
  5.6753998E+02  0.0000000E+00
  5.6884998E+02  0.0000000E+00
  5.7015997E+02  0.0000000E+00
  5.7147998E+02  0.0000000E+00
  5.7279999E+02  0.0000000E+00
  5.7412000E+02  0.0000000E+00
  5.7544000E+02  0.0000000E+00
  5.7677002E+02  0.0000000E+00
  5.7809998E+02  0.0000000E+00
  5.7942999E+02  0.0000000E+00
  5.8076001E+02  0.0000000E+00
  5.8209998E+02  0.0000000E+00
  5.8345001E+02  0.0000000E+00
  5.8478998E+02  0.0000000E+00
  5.8614001E+02  0.0000000E+00
  5.8748999E+02  0.0000000E+00
  5.8884003E+02  0.0000000E+00
  5.9020001E+02  0.0000000E+00
  5.9156000E+02  0.0000000E+00
  5.9292999E+02  0.0000000E+00
  5.9428998E+02  0.0000000E+00
  5.9565997E+02  0.0000000E+00
  5.9703998E+02  0.0000000E+00
  5.9840997E+02  0.0000000E+00
  5.9978998E+02  0.0000000E+00
  6.0116998E+02  0.0000000E+00
  6.0256000E+02  0.0000000E+00
  6.0395001E+02  0.0000000E+00
  6.0534003E+02  0.0000000E+00
  6.0673999E+02  0.0000000E+00
  6.0813000E+02  0.0000000E+00
  6.0953998E+02  0.0000000E+00
  6.1094000E+02  0.0000000E+00
  6.1234998E+02  0.0000000E+00
  6.1376001E+02  0.0000000E+00
  6.1517999E+02  0.0000000E+00
  6.1659003E+02  0.0000000E+00
  6.1802002E+02  0.0000000E+00
  6.1944000E+02  0.0000000E+00
  6.2087000E+02  0.0000000E+00
  6.2229999E+02  0.0000000E+00
  6.2372998E+02  0.0000000E+00
  6.2516998E+02  0.0000000E+00
  6.2660999E+02  0.0000000E+00
  6.2806000E+02  0.0000000E+00
  6.2951001E+02  0.0000000E+00
  6.3096002E+02  0.0000000E+00
  6.3240997E+02  0.0000000E+00
  6.3387000E+02  0.0000000E+00
  6.3533002E+02  0.0000000E+00
  6.3679999E+02  0.0000000E+00
  6.3826001E+02  0.0000000E+00
  6.3972998E+02  0.0000000E+00
  6.4121002E+02  0.0000000E+00
  6.4269000E+02  0.0000000E+00
  6.4416998E+02  0.0000000E+00
  6.4565002E+02  0.0000000E+00
  6.4714001E+02  0.0000000E+00
  6.4863000E+02  0.0000000E+00
  6.5013000E+02  0.0000000E+00
  6.5163000E+02  0.0000000E+00
  6.5313000E+02  0.0000000E+00
  6.5464001E+02  0.0000000E+00
  6.5615002E+02  0.0000000E+00
  6.5765997E+02  0.0000000E+00
  6.5916998E+02  0.0000000E+00
  6.6069000E+02  0.0000000E+00
  6.6221997E+02  0.0000000E+00
  6.6373999E+02  0.0000000E+00
  6.6527002E+02  0.0000000E+00
  6.6681000E+02  0.0000000E+00
  6.6834003E+02  0.0000000E+00
  6.6988000E+02  0.0000000E+00
  6.7142999E+02  0.0000000E+00
  6.7297998E+02  0.0000000E+00
  6.7453003E+02  0.0000000E+00
  6.7608002E+02  0.0000000E+00
  6.7764001E+02  0.0000000E+00
  6.7920001E+02  0.0000000E+00
  6.8077002E+02  0.0000000E+00
  6.8234003E+02  0.0000000E+00
  6.8390997E+02  0.0000000E+00
  6.8548999E+02  0.0000000E+00
  6.8707001E+02  0.0000000E+00
  6.8865002E+02  0.0000000E+00
  6.9023999E+02  0.0000000E+00
  6.9183002E+02  0.0000000E+00
  6.9342999E+02  0.0000000E+00
  6.9502002E+02  0.0000000E+00
  6.9663000E+02  0.0000000E+00
  6.9822998E+02  0.0000000E+00
  6.9984003E+02  0.0000000E+00
  7.0146002E+02  0.0000000E+00
  7.0307001E+02  0.0000000E+00
  7.0469000E+02  0.0000000E+00
  7.0632001E+02  0.0000000E+00
  7.0795001E+02  0.0000000E+00
  7.0958002E+02  0.0000000E+00
  7.1121002E+02  0.0000000E+00
  7.1284998E+02  0.0000000E+00
  7.1450000E+02  0.0000000E+00
  7.1614001E+02  0.0000000E+00
  7.1778998E+02  0.0000000E+00
  7.1945001E+02  0.0000000E+00
  7.2110999E+02  0.0000000E+00
  7.2277002E+02  0.0000000E+00
  7.2444000E+02  0.0000000E+00
  7.2610999E+02  0.0000000E+00
  7.2778003E+02  0.0000000E+00
  7.2946002E+02  0.0000000E+00
  7.3114001E+02  0.0000000E+00
  7.3282001E+02  0.0000000E+00
  7.3451001E+02  0.0000000E+00
  7.3621002E+02  0.0000000E+00
  7.3790002E+02  0.0000000E+00
  7.3960999E+02  0.0000000E+00
  7.4131000E+02  0.0000000E+00
  7.4302002E+02  0.0000000E+00
  7.4472998E+02  0.0000000E+00
  7.4645001E+02  0.0000000E+00
  7.4816998E+02  0.0000000E+00
  7.4989001E+02  0.0000000E+00
  7.5162000E+02  0.0000000E+00
  7.5335999E+02  0.0000000E+00
  7.5509003E+02  0.0000000E+00
  7.5683002E+02  0.0000000E+00
  7.5858002E+02  0.0000000E+00
  7.6033002E+02  0.0000000E+00
  7.6208002E+02  0.0000000E+00
  7.6384003E+02  0.0000000E+00
  7.6559998E+02  0.0000000E+00
  7.6735999E+02  0.0000000E+00
  7.6913000E+02  0.0000000E+00
  7.7090002E+02  0.0000000E+00
  7.7267999E+02  0.0000000E+00
  7.7446002E+02  0.0000000E+00
  7.7625000E+02  0.0000000E+00
  7.7803998E+02  0.0000000E+00
  7.7983002E+02  0.0000000E+00
  7.8163000E+02  0.0000000E+00
  7.8342999E+02  0.0000000E+00
  7.8523999E+02  0.0000000E+00
  7.8704999E+02  0.0000000E+00
  7.8885999E+02  0.0000000E+00
  7.9067999E+02  0.0000000E+00
  7.9250000E+02  0.0000000E+00
  7.9433002E+02  0.0000000E+00
  7.9615997E+02  0.0000000E+00
  7.9798999E+02  0.0000000E+00
  7.9983002E+02  0.0000000E+00
  8.0167999E+02  0.0000000E+00
  8.0353003E+02  0.0000000E+00
  8.0538000E+02  0.0000000E+00
  8.0723999E+02  0.0000000E+00
  8.0909998E+02  0.0000000E+00
  8.1096002E+02  0.0000000E+00
  8.1283002E+02  0.0000000E+00
  8.1470001E+02  0.0000000E+00
  8.1658002E+02  0.0000000E+00
  8.1846002E+02  0.0000000E+00
  8.2034998E+02  0.0000000E+00
  8.2223999E+02  0.0000000E+00
  8.2414001E+02  0.0000000E+00
  8.2603998E+02  0.0000000E+00
  8.2794000E+02  0.0000000E+00
  8.2984998E+02  0.0000000E+00
  8.3176001E+02  0.0000000E+00
  8.3367999E+02  0.0000000E+00
  8.3559998E+02  0.0000000E+00
  8.3753003E+02  0.0000000E+00
  8.3946002E+02  0.0000000E+00
  8.4140002E+02  0.0000000E+00
  8.4333002E+02  0.0000000E+00
  8.4528003E+02  0.0000000E+00
  8.4722998E+02  0.0000000E+00
  8.4917999E+02  0.0000000E+00
  8.5114001E+02  0.0000000E+00
  8.5309998E+02  0.0000000E+00
  8.5507001E+02  0.0000000E+00
  8.5703998E+02  0.0000000E+00
  8.5901001E+02  0.0000000E+00
  8.6098999E+02  0.0000000E+00
  8.6297998E+02  0.0000000E+00
  8.6496997E+02  0.0000000E+00
  8.6696002E+02  0.0000000E+00
  8.6896002E+02  0.0000000E+00
  8.7096002E+02  0.0000000E+00
  8.7296997E+02  0.0000000E+00
  8.7497998E+02  0.0000000E+00
  8.7700000E+02  0.0000000E+00
  8.7902002E+02  0.0000000E+00
  8.8104999E+02  0.0000000E+00
  8.8308002E+02  0.0000000E+00
  8.8512000E+02  0.0000000E+00
  8.8715997E+02  0.0000000E+00
  8.8920001E+02  0.0000000E+00
  8.9125000E+02  0.0000000E+00
  8.9331000E+02  0.0000000E+00
  8.9535999E+02  0.0000000E+00
  8.9742999E+02  0.0000000E+00
  8.9950000E+02  0.0000000E+00
  9.0157001E+02  4.3897253E-02
  9.0365002E+02  4.3913268E-02
  9.0572998E+02  4.4350781E-02
  9.0782001E+02  4.5113899E-02
  9.0990997E+02  4.5164660E-02
  9.1201001E+02  4.5428559E-02
  9.1410999E+02  4.7462486E-02
  9.1621997E+02  4.7520600E-02
  9.1833002E+02  4.8042197E-02
  9.2045001E+02  4.8329331E-02
  9.2257001E+02  4.9304869E-02
  9.2470001E+02  4.9716566E-02
  9.2683002E+02  5.0106816E-02
  9.2896997E+02  5.0527085E-02
  9.3110999E+02  5.0527085E-02
  9.3325000E+02  5.0807238E-02
  9.3540997E+02  5.0807238E-02
  9.3756000E+02  5.0957799E-02
  9.3971997E+02  5.1744148E-02
  9.4189001E+02  5.1853102E-02
  9.4406000E+02  5.1853102E-02
  9.4623999E+02  5.2787978E-02
  9.4841998E+02  5.2434757E-02
  9.5059998E+02  5.2787978E-02
  9.5279999E+02  5.3167239E-02
  9.5498999E+02  5.5255923E-02
  9.5719000E+02  5.5701073E-02
  9.5940002E+02  5.7107732E-02
  9.6160999E+02  5.9201024E-02
  9.6383002E+02  6.0992632E-02
  9.6604999E+02  6.2979609E-02
  9.6828003E+02  6.3535586E-02
  9.7051001E+02  6.3682996E-02
  9.7275000E+02  6.4043127E-02
  9.7498999E+02  6.5731093E-02
  9.7723999E+02  6.6018231E-02
  9.7948999E+02  6.6786073E-02
  9.8175000E+02  6.6998862E-02
  9.8401001E+02  6.7096978E-02
  9.8628003E+02  6.8316385E-02
  9.8854999E+02  6.8316385E-02
  9.9083002E+02  6.9087327E-02
  9.9312000E+02  6.9087327E-02
  9.9540997E+02  7.0137247E-02
  9.9770001E+02  7.0732504E-02
  1.0000000E+03  6.9370277E-02
  1.0023100E+03  7.0137247E-02
  1.0046200E+03  7.0601963E-02
  1.0069300E+03  7.0601963E-02
  1.0092500E+03  7.1730971E-02
  1.0115800E+03  7.1994163E-02
  1.0139100E+03  7.3729061E-02
  1.0162500E+03  7.4652076E-02
  1.0185900E+03  7.5064406E-02
  1.0209400E+03  7.5064406E-02
  1.0232900E+03  7.4832775E-02
  1.0256500E+03  7.5064406E-02
  1.0280200E+03  7.5064406E-02
  1.0303900E+03  7.5252183E-02
  1.0327600E+03  7.5252183E-02
  1.0351400E+03  7.7074341E-02
  1.0375300E+03  7.7074341E-02
  1.0399200E+03  7.7074341E-02
  1.0423199E+03  7.6335877E-02
  1.0447200E+03  7.7074341E-02
  1.0471300E+03  7.8397654E-02
  1.0495400E+03  7.8397654E-02
  1.0519600E+03  7.8481264E-02
  1.0543900E+03  7.8397654E-02
  1.0568199E+03  7.8397654E-02
  1.0592500E+03  7.7571861E-02
  1.0617000E+03  7.7571861E-02
  1.0641400E+03  7.7571861E-02
  1.0666000E+03  7.5252183E-02
  1.0690500E+03  7.5537980E-02
  1.0715200E+03  7.6065637E-02
  1.0739900E+03  7.5252183E-02
  1.0764700E+03  7.2708890E-02
  1.0789500E+03  7.2509490E-02
  1.0814301E+03  7.2509490E-02
  1.0839301E+03  7.2414272E-02
  1.0864301E+03  7.1680047E-02
  1.0889301E+03  7.1123891E-02
  1.0914399E+03  7.0898950E-02
  1.0939600E+03  7.0898950E-02
  1.0964800E+03  7.0164219E-02
  1.0990100E+03  7.0164219E-02
  1.1015400E+03  7.0024461E-02
  1.1040800E+03  7.0164219E-02
  1.1066200E+03  7.0164219E-02
  1.1091801E+03  7.0024461E-02
  1.1117300E+03  6.8432167E-02
  1.1142900E+03  6.8432167E-02
  1.1168600E+03  6.7690246E-02
  1.1194399E+03  6.7278594E-02
  1.1220200E+03  6.6789269E-02
  1.1246000E+03  6.5485753E-02
  1.1272000E+03  6.5350525E-02
  1.1298000E+03  6.5122701E-02
  1.1324000E+03  6.3331954E-02
  1.1350100E+03  6.2649354E-02
  1.1376300E+03  6.2579319E-02
  1.1402500E+03  6.1276477E-02
  1.1428800E+03  6.0637154E-02
  1.1455100E+03  5.9918962E-02
  1.1481500E+03  5.9466165E-02
  1.1508000E+03  5.9088275E-02
  1.1534500E+03  5.8301210E-02
  1.1561100E+03  5.8301210E-02
  1.1587800E+03  5.8174442E-02
  1.1614500E+03  5.8036689E-02
  1.1641300E+03  5.7903759E-02
  1.1668101E+03  5.7360176E-02
  1.1695000E+03  5.6927484E-02
  1.1722000E+03  5.6927484E-02
  1.1749000E+03  5.5104066E-02
  1.1776100E+03  5.4926537E-02
  1.1803199E+03  5.4808069E-02
  1.1830400E+03  5.4808069E-02
  1.1857700E+03  5.4270994E-02
  1.1885000E+03  5.4270994E-02
  1.1912400E+03  5.3792987E-02
  1.1939900E+03  5.3359803E-02
  1.1967400E+03  5.3101607E-02
  1.1995000E+03  5.2770101E-02
  1.2022600E+03  5.2877165E-02
  1.2050400E+03  5.2877165E-02
  1.2078101E+03  5.2877165E-02
  1.2106000E+03  5.2605316E-02
  1.2133900E+03  5.2388780E-02
  1.2161899E+03  5.2077413E-02
  1.2189900E+03  5.2054964E-02
  1.2218000E+03  5.2054964E-02
  1.2246200E+03  5.2054964E-02
  1.2274399E+03  5.2031692E-02
  1.2302700E+03  5.1720873E-02
  1.2331000E+03  5.1477291E-02
  1.2359500E+03  5.1256899E-02
  1.2388000E+03  5.1018372E-02
  1.2416500E+03  5.0709236E-02
  1.2445100E+03  5.0514437E-02
  1.2473800E+03  5.0162442E-02
  1.2502600E+03  5.0099652E-02
  1.2531400E+03  5.0353698E-02
  1.2560300E+03  5.0162442E-02
  1.2589301E+03  5.0090935E-02
  1.2618300E+03  5.0048713E-02
  1.2647400E+03  4.9771812E-02
  1.2676500E+03  4.9783725E-02
  1.2705699E+03  4.9487829E-02
  1.2735000E+03  4.9487829E-02
  1.2764399E+03  4.9251195E-02
  1.2793800E+03  4.9083792E-02
  1.2823300E+03  4.8948925E-02
  1.2852900E+03  4.8843298E-02
  1.2882500E+03  4.8843298E-02
  1.2912200E+03  4.8843298E-02
  1.2942000E+03  4.8463874E-02
  1.2971801E+03  4.8277050E-02
  1.3001700E+03  4.8006449E-02
  1.3031700E+03  4.7632843E-02
  1.3061700E+03  4.7232319E-02
  1.3091801E+03  4.7201551E-02
  1.3122000E+03  4.6952594E-02
  1.3152200E+03  4.6778567E-02
  1.3182600E+03  4.6808805E-02
  1.3213000E+03  4.6637796E-02
  1.3243400E+03  4.6458356E-02
  1.3273900E+03  4.6165165E-02
  1.3304500E+03  4.5983579E-02
  1.3335200E+03  4.5847766E-02
  1.3366000E+03  4.5742717E-02
  1.3396801E+03  4.5643218E-02
  1.3427700E+03  4.5399901E-02
  1.3458600E+03  4.5333926E-02
  1.3489600E+03  4.5343857E-02
  1.3520699E+03  4.5343906E-02
  1.3551899E+03  4.5310400E-02
  1.3583101E+03  4.4678904E-02
  1.3614399E+03  4.4412155E-02
  1.3645800E+03  4.4559821E-02
  1.3677300E+03  4.4088747E-02
  1.3708800E+03  4.3874763E-02
  1.3740400E+03  4.3298401E-02
  1.3772100E+03  4.2977702E-02
  1.3803800E+03  4.2833786E-02
  1.3835699E+03  4.2495061E-02
  1.3867600E+03  4.2447113E-02
  1.3899500E+03  4.2162392E-02
  1.3931600E+03  4.1799422E-02
  1.3963700E+03  4.1790877E-02
  1.3995900E+03  4.1510411E-02
  1.4028101E+03  4.1497663E-02
  1.4060500E+03  4.1263893E-02
  1.4092900E+03  4.0948506E-02
  1.4125400E+03  4.0836729E-02
  1.4157900E+03  4.0665790E-02
  1.4190601E+03  4.0452749E-02
  1.4223300E+03  4.0195670E-02
  1.4256100E+03  3.9813649E-02
  1.4288900E+03  3.9650287E-02
  1.4321899E+03  3.9650287E-02
  1.4354900E+03  3.9285235E-02
  1.4388000E+03  3.9178215E-02
  1.4421200E+03  3.8978923E-02
  1.4454399E+03  3.8961690E-02
  1.4487700E+03  3.8625553E-02
  1.4521100E+03  3.8305942E-02
  1.4554600E+03  3.8169906E-02
  1.4588101E+03  3.8022619E-02
  1.4621801E+03  3.8022619E-02
  1.4655500E+03  3.7510972E-02
  1.4689301E+03  3.7285063E-02
  1.4723101E+03  3.7274882E-02
  1.4757100E+03  3.7277509E-02
  1.4791100E+03  3.7254240E-02
  1.4825200E+03  3.7254240E-02
  1.4859399E+03  3.7155375E-02
  1.4893600E+03  3.6675777E-02
  1.4927900E+03  3.6227014E-02
  1.4962400E+03  3.6106288E-02
  1.4996801E+03  3.5661224E-02
  1.5031400E+03  3.5747655E-02
  1.5066100E+03  3.5741594E-02
  1.5100800E+03  3.5741594E-02
  1.5135601E+03  3.5500888E-02
  1.5170500E+03  3.5267290E-02
  1.5205500E+03  3.5267290E-02
  1.5240500E+03  3.5155050E-02
  1.5275699E+03  3.4781408E-02
  1.5310900E+03  3.4573179E-02
  1.5346200E+03  3.4158722E-02
  1.5381500E+03  3.3882368E-02
  1.5417000E+03  3.3882368E-02
  1.5452500E+03  3.3794723E-02
  1.5488199E+03  3.3496320E-02
  1.5523900E+03  3.3455577E-02
  1.5559700E+03  3.3252150E-02
  1.5595500E+03  3.3455577E-02
  1.5631500E+03  3.3455577E-02
  1.5667500E+03  3.3455577E-02
  1.5703600E+03  3.2810971E-02
  1.5739800E+03  3.2800518E-02
  1.5776100E+03  3.2647353E-02
  1.5812500E+03  3.2558180E-02
  1.5848900E+03  3.2544099E-02
  1.5885500E+03  3.2366987E-02
  1.5922100E+03  3.2358788E-02
  1.5958800E+03  3.2263942E-02
  1.5995601E+03  3.2416500E-02
  1.6032500E+03  3.1747818E-02
  1.6069399E+03  3.1944972E-02
  1.6106500E+03  3.1670023E-02
  1.6143600E+03  3.1677533E-02
  1.6180800E+03  3.1677533E-02
  1.6218101E+03  3.1677533E-02
  1.6255500E+03  3.1944972E-02
  1.6293000E+03  3.1747818E-02
  1.6330500E+03  3.1747818E-02
  1.6368199E+03  3.1747818E-02
  1.6405900E+03  3.1677533E-02
  1.6443700E+03  3.0958913E-02
  1.6481600E+03  3.1233776E-02
  1.6519600E+03  3.0958913E-02
  1.6557700E+03  3.0827731E-02
  1.6595900E+03  2.9128855E-02
  1.6634100E+03  2.8390476E-02
  1.6672500E+03  2.7634632E-02
  1.6710900E+03  2.7480865E-02
  1.6749399E+03  2.7117496E-02
  1.6788000E+03  2.6836829E-02
  1.6826700E+03  2.6435604E-02
  1.6865500E+03  2.6433550E-02
  1.6904399E+03  2.6180845E-02
  1.6943400E+03  2.6180845E-02
  1.6982400E+03  2.5855707E-02
  1.7021600E+03  2.5771523E-02
  1.7060800E+03  2.5715275E-02
  1.7100200E+03  2.5771523E-02
  1.7139600E+03  2.5686633E-02
  1.7179100E+03  2.5671162E-02
  1.7218700E+03  2.5649412E-02
  1.7258400E+03  2.5649412E-02
  1.7298199E+03  2.5314588E-02
  1.7338000E+03  2.5090287E-02
  1.7378000E+03  2.4830703E-02
  1.7418101E+03  2.4316581E-02
  1.7458199E+03  2.4149803E-02
  1.7498500E+03  2.4031483E-02
  1.7538800E+03  2.3929115E-02
  1.7579200E+03  2.3772171E-02
  1.7619800E+03  2.3601843E-02
  1.7660400E+03  2.3364609E-02
  1.7701100E+03  2.3066258E-02
  1.7741899E+03  2.2953462E-02
  1.7782800E+03  2.2839192E-02
  1.7823800E+03  2.2329150E-02
  1.7864900E+03  2.1856004E-02
  1.7906100E+03  2.1531863E-02
  1.7947300E+03  2.1323184E-02
  1.7988700E+03  2.1323184E-02
  1.8030200E+03  2.1323184E-02
  1.8071700E+03  2.1323184E-02
  1.8113400E+03  2.1323184E-02
  1.8155200E+03  2.1323184E-02
  1.8197000E+03  2.1323184E-02
  1.8239000E+03  2.1187482E-02
  1.8281000E+03  2.1063982E-02
  1.8323101E+03  2.0933865E-02
  1.8365400E+03  2.0934129E-02
  1.8407700E+03  2.0933865E-02
  1.8450200E+03  2.0883653E-02
  1.8492700E+03  2.0748841E-02
  1.8535300E+03  2.0748841E-02
  1.8578000E+03  2.0611724E-02
  1.8620900E+03  2.0519294E-02
  1.8663800E+03  2.0295233E-02
  1.8706801E+03  2.0191375E-02
  1.8749900E+03  2.0070991E-02
  1.8793199E+03  1.9927569E-02
  1.8836500E+03  1.9712184E-02
  1.8879900E+03  1.9650504E-02
  1.8923400E+03  1.9585153E-02
  1.8967100E+03  1.9296359E-02
  1.9010800E+03  1.9028405E-02
  1.9054600E+03  1.8845137E-02
  1.9098500E+03  1.8805245E-02
  1.9142600E+03  1.8741496E-02
  1.9186700E+03  1.8741496E-02
  1.9230900E+03  1.8627655E-02
  1.9275200E+03  1.8567851E-02
  1.9319700E+03  1.8389083E-02
  1.9364200E+03  1.8348314E-02
  1.9408900E+03  1.8308805E-02
  1.9453600E+03  1.8276395E-02
  1.9498400E+03  1.8212333E-02
  1.9543400E+03  1.8203603E-02
  1.9588400E+03  1.8164804E-02
  1.9633600E+03  1.8063478E-02
  1.9678900E+03  1.8059298E-02
  1.9724200E+03  1.8059298E-02
  1.9769700E+03  1.8020982E-02
  1.9815300E+03  1.7992694E-02
  1.9860900E+03  1.7958628E-02
  1.9906700E+03  1.7928526E-02
  1.9952600E+03  1.7858559E-02
  1.9998600E+03  1.7837670E-02
  2.0044700E+03  1.7802604E-02
  2.0090900E+03  1.7766533E-02
  2.0137200E+03  1.7745385E-02
  2.0183700E+03  1.7746598E-02
  2.0230200E+03  1.7718781E-02
  2.0276801E+03  1.7755408E-02
  2.0323600E+03  1.7718781E-02
  2.0370400E+03  1.7724268E-02
  2.0417400E+03  1.7724268E-02
  2.0464399E+03  1.7718781E-02
  2.0511599E+03  1.7745385E-02
  2.0558899E+03  1.7724268E-02
  2.0606299E+03  1.7724268E-02
  2.0653799E+03  1.7625215E-02
  2.0701399E+03  1.7625215E-02
  2.0749099E+03  1.7625993E-02
  2.0797000E+03  1.7607898E-02
  2.0844900E+03  1.7582783E-02
  2.0893000E+03  1.7582783E-02
  2.0941101E+03  1.7560255E-02
  2.0989399E+03  1.7560255E-02
  2.1037800E+03  1.7492490E-02
  2.1086299E+03  1.7478935E-02
  2.1134900E+03  1.7405549E-02
  2.1183601E+03  1.7331472E-02
  2.1232400E+03  1.7233683E-02
  2.1281399E+03  1.7154591E-02
  2.1330400E+03  1.7085094E-02
  2.1379600E+03  1.6927233E-02
  2.1428899E+03  1.6860045E-02
  2.1478301E+03  1.6689295E-02
  2.1527800E+03  1.6561054E-02
  2.1577400E+03  1.6445268E-02
  2.1627200E+03  1.6396616E-02
  2.1677000E+03  1.6202262E-02
  2.1727000E+03  1.6114589E-02
  2.1777100E+03  1.6040431E-02
  2.1827300E+03  1.5883116E-02
  2.1877600E+03  1.5776705E-02
  2.1928000E+03  1.5670927E-02
  2.1978601E+03  1.5534530E-02
  2.2029299E+03  1.5354833E-02
  2.2080000E+03  1.5332018E-02
  2.2130901E+03  1.5227505E-02
  2.2182000E+03  1.5147747E-02
  2.2233101E+03  1.5114819E-02
  2.2284399E+03  1.5015619E-02
  2.2335701E+03  1.4822105E-02
  2.2387200E+03  1.4740982E-02
  2.2438799E+03  1.4593447E-02
  2.2490500E+03  1.4470328E-02
  2.2542400E+03  1.4332946E-02
  2.2594399E+03  1.4207750E-02
  2.2646399E+03  1.4041750E-02
  2.2698601E+03  1.3922907E-02
  2.2751001E+03  1.3838707E-02
  2.2803401E+03  1.3601592E-02
  2.2856001E+03  1.3535904E-02
  2.2908701E+03  1.3417169E-02
  2.2961499E+03  1.3280462E-02
  2.3014399E+03  1.3066821E-02
  2.3067500E+03  1.2962984E-02
  2.3120601E+03  1.2799595E-02
  2.3173899E+03  1.2663798E-02
  2.3227400E+03  1.2606306E-02
  2.3280901E+03  1.2512887E-02
  2.3334600E+03  1.2444693E-02
  2.3388401E+03  1.2341910E-02
  2.3442300E+03  1.2206697E-02
  2.3496299E+03  1.2103269E-02
  2.3550500E+03  1.2000022E-02
  2.3604800E+03  1.1881054E-02
  2.3659199E+03  1.1732625E-02
  2.3713701E+03  1.1605179E-02
  2.3768401E+03  1.1533299E-02
  2.3823201E+03  1.1480819E-02
  2.3878101E+03  1.1396385E-02
  2.3933201E+03  1.1366113E-02
  2.3988301E+03  1.1238569E-02
  2.4043601E+03  1.1156266E-02
  2.4099099E+03  1.1044520E-02
  2.4154600E+03  1.0933437E-02
  2.4210300E+03  1.0899380E-02
  2.4266101E+03  1.0849071E-02
  2.4322000E+03  1.0741528E-02
  2.4378101E+03  1.0535470E-02
  2.4434299E+03  1.0454533E-02
  2.4490601E+03  1.0293518E-02
  2.4547100E+03  1.0152382E-02
  2.4603701E+03  1.0070663E-02
  2.4660400E+03  9.9289790E-03
  2.4717200E+03  9.9024586E-03
  2.4774199E+03  9.8181227E-03
  2.4831299E+03  9.7426483E-03
  2.4888601E+03  9.6961204E-03
  2.4945901E+03  9.6219638E-03
  2.5003501E+03  9.5151002E-03
  2.5061101E+03  9.4408039E-03
  2.5118899E+03  9.4056679E-03
  2.5176799E+03  9.3694124E-03
  2.5234800E+03  9.3166847E-03
  2.5293000E+03  9.2544742E-03
  2.5351299E+03  9.2019085E-03
  2.5409700E+03  9.0833092E-03
  2.5468301E+03  9.0450579E-03
  2.5527000E+03  8.9773545E-03
  2.5585901E+03  8.9070713E-03
  2.5644800E+03  8.8361548E-03
  2.5703899E+03  8.7653985E-03
  2.5763201E+03  8.6847469E-03
  2.5822600E+03  8.6258845E-03
  2.5882100E+03  8.5696038E-03
  2.5941799E+03  8.4991995E-03
  2.6001599E+03  8.4494725E-03
  2.6061499E+03  8.3762053E-03
  2.6121599E+03  8.3348900E-03
  2.6181799E+03  8.3082244E-03
  2.6242200E+03  8.2533089E-03
  2.6302700E+03  8.1860740E-03
  2.6363301E+03  8.1301676E-03
  2.6424099E+03  8.0758398E-03
  2.6485000E+03  8.0409264E-03
  2.6546101E+03  7.9869889E-03
  2.6607200E+03  7.9632420E-03
  2.6668601E+03  7.9203583E-03
  2.6730100E+03  7.8596659E-03
  2.6791699E+03  7.8263665E-03
  2.6853401E+03  7.7515244E-03
  2.6915300E+03  7.6898127E-03
  2.6977400E+03  7.6025412E-03
  2.7039600E+03  7.5215567E-03
  2.7101899E+03  7.4856034E-03
  2.7164399E+03  7.4262898E-03
  2.7227000E+03  7.3786904E-03
  2.7289800E+03  7.3600118E-03
  2.7352700E+03  7.3358249E-03
  2.7415701E+03  7.3209754E-03
  2.7478899E+03  7.2940332E-03
  2.7542300E+03  7.2742547E-03
  2.7605801E+03  7.2654346E-03
  2.7669399E+03  7.2411452E-03
  2.7733201E+03  7.2161364E-03
  2.7797100E+03  7.1942783E-03
  2.7861201E+03  7.1819033E-03
  2.7925400E+03  7.1396991E-03
  2.7989800E+03  7.0868833E-03
  2.8054299E+03  7.0508127E-03
  2.8118999E+03  7.0278463E-03
  2.8183799E+03  7.0058857E-03
  2.8248799E+03  6.9781030E-03
  2.8313899E+03  6.9543426E-03
  2.8379199E+03  6.9041979E-03
  2.8444600E+03  6.8607586E-03
  2.8510200E+03  6.8475176E-03
  2.8575901E+03  6.8065492E-03
  2.8641799E+03  6.7988820E-03
  2.8707800E+03  6.7799664E-03
  2.8773999E+03  6.7606205E-03
  2.8840300E+03  6.7270119E-03
  2.8906799E+03  6.6645672E-03
  2.8973401E+03  6.6054137E-03
  2.9040200E+03  6.5579764E-03
  2.9107200E+03  6.5322458E-03
  2.9174299E+03  6.5101967E-03
  2.9241499E+03  6.4789103E-03
  2.9308899E+03  6.4374544E-03
  2.9376499E+03  6.4189062E-03
  2.9444199E+03  6.3464590E-03
  2.9512100E+03  6.3344818E-03
  2.9580100E+03  6.3082082E-03
  2.9648301E+03  6.2694442E-03
  2.9716699E+03  6.2597804E-03
  2.9785200E+03  6.2004095E-03
  2.9853799E+03  6.1718929E-03
  2.9922600E+03  6.1601535E-03
  2.9991599E+03  6.1342767E-03
  3.0060801E+03  6.0939449E-03
  3.0130100E+03  6.0740984E-03
  3.0199500E+03  6.0318178E-03
  3.0269099E+03  6.0175690E-03
  3.0338899E+03  6.0049859E-03
  3.0408899E+03  5.9917779E-03
  3.0478899E+03  5.9586242E-03
  3.0549199E+03  5.9380354E-03
  3.0619600E+03  5.9048585E-03
  3.0690200E+03  5.8514425E-03
  3.0761001E+03  5.8134105E-03
  3.0831899E+03  5.7865656E-03
  3.0903000E+03  5.7477783E-03
  3.0974199E+03  5.7161571E-03
  3.1045601E+03  5.6954520E-03
  3.1117200E+03  5.6872913E-03
  3.1188899E+03  5.6513809E-03
  3.1260801E+03  5.6327349E-03
  3.1332800E+03  5.5948836E-03
  3.1405100E+03  5.5616298E-03
  3.1477500E+03  5.5077891E-03
  3.1550000E+03  5.4855677E-03
  3.1622800E+03  5.4517305E-03
  3.1695701E+03  5.4096845E-03
  3.1768701E+03  5.3792321E-03
  3.1842000E+03  5.3539425E-03
  3.1915400E+03  5.3207856E-03
  3.1988899E+03  5.3092716E-03
  3.2062700E+03  5.2960091E-03
  3.2136599E+03  5.2710962E-03
  3.2210701E+03  5.2508875E-03
  3.2284900E+03  5.2181482E-03
  3.2359399E+03  5.1999465E-03
  3.2433999E+03  5.1718759E-03
  3.2508701E+03  5.1466650E-03
  3.2583701E+03  5.1264497E-03
  3.2658799E+03  5.1051164E-03
  3.2734099E+03  5.0768661E-03
  3.2809500E+03  5.0554457E-03
  3.2885200E+03  5.0431048E-03
  3.2961001E+03  5.0237896E-03
  3.3036899E+03  5.0016372E-03
  3.3113101E+03  4.9833069E-03
  3.3189399E+03  4.9611558E-03
  3.3265901E+03  4.9530081E-03
  3.3342600E+03  4.9395426E-03
  3.3419500E+03  4.9297791E-03
  3.3496499E+03  4.9209967E-03
  3.3573799E+03  4.9040793E-03
  3.3651201E+03  4.9094101E-03
  3.3728701E+03  4.9040793E-03
  3.3806499E+03  4.8939507E-03
  3.3884399E+03  4.8852968E-03
  3.3962500E+03  4.8678550E-03
  3.4040801E+03  4.8678550E-03
  3.4119299E+03  4.8605488E-03
  3.4197900E+03  4.8605488E-03
  3.4276799E+03  4.8522227E-03
  3.4355801E+03  4.8522227E-03
  3.4435000E+03  4.8505422E-03
  3.4514399E+03  4.8418427E-03
  3.4593899E+03  4.8342543E-03
  3.4673701E+03  4.8165168E-03
  3.4753601E+03  4.8233140E-03
  3.4833701E+03  4.8223613E-03
  3.4913999E+03  4.8200055E-03
  3.4994500E+03  4.8203389E-03
  3.5075200E+03  4.8139524E-03
  3.5156001E+03  4.8165168E-03
  3.5237100E+03  4.8200055E-03
  3.5318301E+03  4.8139524E-03
  3.5399700E+03  4.8078834E-03
  3.5481299E+03  4.8088492E-03
  3.5563101E+03  4.8078834E-03
  3.5645100E+03  4.8033008E-03
  3.5727300E+03  4.7979560E-03
  3.5809600E+03  4.7895242E-03
  3.5892200E+03  4.7885566E-03
  3.5974900E+03  4.7979560E-03
  3.6057900E+03  4.7969869E-03
  3.6141001E+03  4.7969869E-03
  3.6224299E+03  4.7979560E-03
  3.6307800E+03  4.7969869E-03
  3.6391499E+03  4.7932304E-03
  3.6475400E+03  4.7856132E-03
  3.6559500E+03  4.7808001E-03
  3.6643701E+03  4.7895242E-03
  3.6728201E+03  4.7863331E-03
  3.6812900E+03  4.7868877E-03
  3.6897800E+03  4.7837798E-03
  3.6982800E+03  4.7901473E-03
  3.7068101E+03  4.7850036E-03
  3.7153501E+03  4.7764899E-03
  3.7239199E+03  4.7726920E-03
  3.7325000E+03  4.7732368E-03
  3.7411101E+03  4.7764899E-03
  3.7497300E+03  4.7820890E-03
  3.7583701E+03  4.7726920E-03
  3.7670400E+03  4.7527552E-03
  3.7757200E+03  4.7472767E-03
  3.7844199E+03  4.7472767E-03
  3.7931499E+03  4.7605890E-03
  3.8018899E+03  4.7445437E-03
  3.8106599E+03  4.7525284E-03
  3.8194399E+03  4.7605890E-03
  3.8282500E+03  4.7379425E-03
  3.8370701E+03  4.7301408E-03
  3.8459199E+03  4.7301408E-03
  3.8547800E+03  4.7349110E-03
  3.8636699E+03  4.7350903E-03
  3.8725701E+03  4.7301408E-03
  3.8815000E+03  4.7227745E-03
  3.8904500E+03  4.7301408E-03
  3.8994199E+03  4.7301408E-03
  3.9084099E+03  4.7223386E-03
  3.9174199E+03  4.7223386E-03
  3.9264500E+03  4.7414917E-03
  3.9355000E+03  4.7560777E-03
  3.9445701E+03  4.7560777E-03
  3.9536699E+03  4.7459216E-03
  3.9627800E+03  4.7392510E-03
  3.9719199E+03  4.7475789E-03
  3.9810701E+03  4.7549945E-03
  3.9902500E+03  4.7459216E-03
  3.9994500E+03  4.7475789E-03
  4.0086699E+03  4.7451896E-03
  4.0179099E+03  4.7290269E-03
  4.0271699E+03  4.7151088E-03
  4.0364500E+03  4.6938560E-03
  4.0457600E+03  4.6761381E-03
  4.0550901E+03  4.6761381E-03
  4.0644299E+03  4.6615358E-03
  4.0738000E+03  4.6529938E-03
  4.0831899E+03  4.6416535E-03
  4.0926101E+03  4.6394346E-03
  4.1020400E+03  4.5886659E-03
  4.1115000E+03  4.5803529E-03
  4.1209800E+03  4.5554917E-03
  4.1304702E+03  4.5381486E-03
  4.1400000E+03  4.5108236E-03
  4.1495400E+03  4.4824970E-03
  4.1591099E+03  4.4501978E-03
  4.1686899E+03  4.4457708E-03
  4.1782998E+03  4.4386890E-03
  4.1879399E+03  4.4286582E-03
  4.1975898E+03  4.4173119E-03
  4.2072598E+03  4.3989057E-03
  4.2169600E+03  4.3981592E-03
  4.2266899E+03  4.3879701E-03
  4.2364302E+03  4.3875244E-03
  4.2462002E+03  4.3608192E-03
  4.2559800E+03  4.3413830E-03
  4.2657900E+03  4.3160580E-03
  4.2756299E+03  4.2946157E-03
  4.2854800E+03  4.2736605E-03
  4.2953599E+03  4.2586550E-03
  4.3052598E+03  4.2354143E-03
  4.3151899E+03  4.2184768E-03
  4.3251401E+03  4.1997787E-03
  4.3351099E+03  4.1785175E-03
  4.3451001E+03  4.1689537E-03
  4.3551201E+03  4.1503678E-03
  4.3651602E+03  4.1384753E-03
  4.3752202E+03  4.1148555E-03
  4.3853101E+03  4.1012140E-03
  4.3954199E+03  4.0880302E-03
  4.4055498E+03  4.0519880E-03
  4.4157002E+03  4.0407060E-03
  4.4258799E+03  3.9973119E-03
  4.4360801E+03  3.9678747E-03
  4.4463101E+03  3.9592865E-03
  4.4565601E+03  3.9519724E-03
  4.4668301E+03  3.9384533E-03
  4.4771299E+03  3.9193952E-03
  4.4874502E+03  3.9000779E-03
  4.4977998E+03  3.8884478E-03
  4.5081699E+03  3.8806258E-03
  4.5185601E+03  3.8722176E-03
  4.5289702E+03  3.8568366E-03
  4.5394102E+03  3.8503080E-03
  4.5498799E+03  3.8137753E-03
  4.5603701E+03  3.7926335E-03
  4.5708799E+03  3.7893639E-03
  4.5814199E+03  3.7708324E-03
  4.5919800E+03  3.7466136E-03
  4.6025601E+03  3.7293455E-03
  4.6131802E+03  3.7150946E-03
  4.6238101E+03  3.7006019E-03
  4.6344702E+03  3.6853419E-03
  4.6451499E+03  3.6707614E-03
  4.6558599E+03  3.6441172E-03
  4.6665898E+03  3.6358563E-03
  4.6773501E+03  3.6352696E-03
  4.6881299E+03  3.6304672E-03
  4.6989399E+03  3.6137581E-03
  4.7097700E+03  3.6078589E-03
  4.7206299E+03  3.6061697E-03
  4.7315098E+03  3.5882329E-03
  4.7424199E+03  3.5833195E-03
  4.7533501E+03  3.5695501E-03
  4.7643101E+03  3.5526222E-03
  4.7752900E+03  3.5476019E-03
  4.7862998E+03  3.5306732E-03
  4.7973301E+03  3.5204657E-03
  4.8083901E+03  3.5024935E-03
  4.8194800E+03  3.4759580E-03
  4.8305898E+03  3.4457757E-03
  4.8417202E+03  3.4268468E-03
  4.8528799E+03  3.3954801E-03
  4.8640698E+03  3.3880637E-03
  4.8752798E+03  3.3825294E-03
  4.8865200E+03  3.3549829E-03
  4.8977900E+03  3.3432271E-03
  4.9090801E+03  3.3211601E-03
  4.9203901E+03  3.3105367E-03
  4.9317402E+03  3.3046408E-03
  4.9431099E+03  3.2864821E-03
  4.9545000E+03  3.2849056E-03
  4.9659199E+03  3.2655499E-03
  4.9773701E+03  3.2518713E-03
  4.9888398E+03  3.2367182E-03
  5.0003398E+03  3.1967876E-03
  5.0118701E+03  3.1775655E-03
  5.0234302E+03  3.1603219E-03
  5.0350000E+03  3.1438670E-03
  5.0466099E+03  3.1264063E-03
  5.0582500E+03  3.1145911E-03
  5.0699102E+03  3.0818298E-03
  5.0815898E+03  3.0862740E-03
  5.0933101E+03  3.0520640E-03
  5.1050498E+03  3.0400574E-03
  5.1168198E+03  3.0275860E-03
  5.1286099E+03  3.0152041E-03
  5.1404399E+03  2.9834667E-03
  5.1522900E+03  2.9729374E-03
  5.1641602E+03  2.9770874E-03
  5.1760698E+03  2.9642903E-03
  5.1880000E+03  2.9579424E-03
  5.1999600E+03  2.9485698E-03
  5.2119502E+03  2.9348428E-03
  5.2239600E+03  2.9032708E-03
  5.2360000E+03  2.8891615E-03
  5.2480698E+03  2.8742275E-03
  5.2601699E+03  2.8641152E-03
  5.2722998E+03  2.8102535E-03
  5.2844502E+03  2.7951580E-03
  5.2966299E+03  2.7721531E-03
  5.3088398E+03  2.7573304E-03
  5.3210801E+03  2.7387429E-03
  5.3333501E+03  2.7257833E-03
  5.3456401E+03  2.7167883E-03
  5.3579600E+03  2.7049587E-03
  5.3703198E+03  2.6998611E-03
  5.3827002E+03  2.6570784E-03
  5.3951001E+03  2.6394348E-03
  5.4075400E+03  2.6214924E-03
  5.4200098E+03  2.5934675E-03
  5.4325000E+03  2.5523584E-03
  5.4450200E+03  2.5098359E-03
  5.4575801E+03  2.4920835E-03
  5.4701602E+03  2.4337207E-03
  5.4827700E+03  2.4269710E-03
  5.4954102E+03  2.4044067E-03
  5.5080801E+03  2.3772824E-03
  5.5207700E+03  2.3330753E-03
  5.5335000E+03  2.3261907E-03
  5.5462598E+03  2.3261907E-03
  5.5590400E+03  2.3278452E-03
  5.5718501E+03  2.3330753E-03
  5.5847002E+03  2.3090488E-03
  5.5975698E+03  2.3090488E-03
  5.6104800E+03  2.2979951E-03
  5.6234102E+03  2.2548924E-03
  5.6363799E+03  2.2480153E-03
  5.6493701E+03  2.2428760E-03
  5.6623901E+03  2.2254633E-03
  5.6754502E+03  2.2254633E-03
  5.6885298E+03  2.2165929E-03
  5.7016401E+03  2.1862411E-03
  5.7147900E+03  2.1862411E-03
  5.7279600E+03  2.1623981E-03
  5.7411602E+03  2.1623981E-03
  5.7543999E+03  2.1452992E-03
  5.7676602E+03  2.1352416E-03
  5.7809600E+03  2.1282493E-03
  5.7942900E+03  2.0816228E-03
  5.8076401E+03  2.1321247E-03
  5.8210298E+03  2.1359778E-03
  5.8344502E+03  2.1076347E-03
  5.8478999E+03  2.1321247E-03
  5.8613799E+03  2.1131088E-03
  5.8748901E+03  2.1090929E-03
  5.8884399E+03  2.1090929E-03
  5.9020098E+03  2.0886410E-03
  5.9156099E+03  2.0712849E-03
  5.9292500E+03  2.0712849E-03
  5.9429199E+03  2.0474936E-03
  5.9566201E+03  2.0337324E-03
  5.9703501E+03  2.0159304E-03
  5.9841201E+03  2.0138852E-03
  5.9979102E+03  2.0291056E-03
  6.0117300E+03  2.0401243E-03
  6.0256001E+03  2.0291056E-03
  6.0394800E+03  2.0061280E-03
  6.0534102E+03  1.9890415E-03
  6.0673599E+03  1.9548659E-03
  6.0813501E+03  1.9938541E-03
  6.0953701E+03  1.9938541E-03
  6.1094199E+03  1.9915490E-03
  6.1235000E+03  1.9915490E-03
  6.1376201E+03  1.9938541E-03
  6.1517700E+03  1.9969200E-03
  6.1659502E+03  1.9938541E-03
  6.1801602E+03  1.9790123E-03
  6.1944102E+03  1.9774179E-03
  6.2086899E+03  1.9504621E-03
  6.2230000E+03  1.9504621E-03
  6.2373501E+03  1.9356479E-03
  6.2517300E+03  1.9248384E-03
  6.2661401E+03  1.9248384E-03
  6.2805801E+03  1.8499467E-03
  6.2950601E+03  1.9050380E-03
  6.3095698E+03  1.9050380E-03
  6.3241201E+03  1.9050380E-03
  6.3386899E+03  1.9181379E-03
  6.3533101E+03  1.9301588E-03
  6.3679502E+03  1.9333774E-03
  6.3826299E+03  1.9426527E-03
  6.3973501E+03  1.9426527E-03
  6.4120898E+03  1.8835688E-03
  6.4268799E+03  1.8835688E-03
  6.4416899E+03  1.8113496E-03
  6.4565400E+03  1.8107600E-03
  6.4714199E+03  1.8246676E-03
  6.4863398E+03  1.7832897E-03
  6.5012998E+03  1.8246676E-03
  6.5162798E+03  1.8738153E-03
  6.5312998E+03  1.8738153E-03
  6.5463599E+03  1.9438560E-03
  6.5614502E+03  1.9537779E-03
  6.5765801E+03  2.1086449E-03
  6.5917402E+03  2.1589180E-03
  6.6069302E+03  2.1162804E-03
  6.6221602E+03  2.1162804E-03
  6.6374302E+03  2.0819430E-03
  6.6527300E+03  1.9537779E-03
  6.6680698E+03  1.9137760E-03
  6.6834399E+03  1.8567687E-03
  6.6988501E+03  1.8347171E-03
  6.7142900E+03  1.8332402E-03
  6.7297598E+03  1.8332402E-03
  6.7452798E+03  1.8332402E-03
  6.7608301E+03  1.8259662E-03
  6.7764102E+03  1.8259662E-03
  6.7920400E+03  1.8420805E-03
  6.8076899E+03  1.8420805E-03
  6.8233799E+03  1.8971896E-03
  6.8391099E+03  1.6439424E-03
  6.8548799E+03  1.6730451E-03
  6.8706802E+03  1.9076439E-03
  6.8865200E+03  1.6730451E-03
  6.9023999E+03  1.5707115E-03
  6.9183101E+03  1.5707115E-03
  6.9342598E+03  1.6730451E-03
  6.9502402E+03  1.5816739E-03
  6.9662598E+03  1.6649263E-03
  6.9823198E+03  1.6560830E-03
  6.9984199E+03  1.6560830E-03
  7.0145498E+03  1.6649263E-03
  7.0307202E+03  1.6560830E-03
  7.0469302E+03  1.6560830E-03
  7.0631802E+03  1.4945911E-03
  7.0794600E+03  1.4822602E-03
  7.0957700E+03  1.4822602E-03
  7.1121401E+03  1.4822602E-03
  7.1285298E+03  1.4250795E-03
  7.1449600E+03  1.3356989E-03
  7.1614302E+03  1.4250795E-03
  7.1779399E+03  1.3551723E-03
  7.1944902E+03  1.4346435E-03
  7.2110698E+03  1.4346435E-03
  7.2277002E+03  1.4346435E-03
  7.2443599E+03  1.4569768E-03
  7.2610601E+03  1.4346435E-03
  7.2777998E+03  1.4569768E-03
  7.2945698E+03  1.3360986E-03
  7.3113901E+03  1.2969163E-03
  7.3282500E+03  1.2969163E-03
  7.3451401E+03  1.2602231E-03
  7.3620698E+03  1.2347030E-03
  7.3790400E+03  1.2347030E-03
  7.3960498E+03  1.2266618E-03
  7.4131001E+03  1.2304570E-03
  7.4301899E+03  1.2304570E-03
  7.4473198E+03  1.2266618E-03
  7.4644902E+03  1.1923006E-03
  7.4816899E+03  1.1798012E-03
  7.4989399E+03  1.1198289E-03
  7.5162300E+03  1.0832894E-03
  7.5335498E+03  1.0708612E-03
  7.5509199E+03  1.1198289E-03
  7.5683301E+03  1.3302232E-03
  7.5857700E+03  1.2927486E-03
  7.6032598E+03  1.2545559E-03
  7.6207900E+03  1.2308400E-03
  7.6383599E+03  1.1809501E-03
  7.6559600E+03  1.1792410E-03
  7.6736099E+03  1.1429137E-03
  7.6912998E+03  1.1429137E-03
  7.7090298E+03  1.1429137E-03
  7.7268101E+03  1.1848926E-03
  7.7446201E+03  1.2207086E-03
  7.7624702E+03  1.2336345E-03
  7.7803599E+03  1.2336345E-03
  7.7982998E+03  1.2277775E-03
  7.8162798E+03  1.2277775E-03
  7.8342900E+03  1.2336718E-03
  7.8523599E+03  1.1713000E-03
  7.8704600E+03  1.1386444E-03
  7.8886001E+03  1.0507298E-03
  7.9067900E+03  1.0507298E-03
  7.9250098E+03  1.0488309E-03
  7.9432798E+03  1.0488309E-03
  7.9615898E+03  1.0488309E-03
  7.9799502E+03  1.0943385E-03
  7.9983398E+03  1.0723408E-03
  8.0167798E+03  1.0723408E-03
  8.0352598E+03  1.0723408E-03
  8.0537798E+03  9.5918495E-04
  8.0723501E+03  9.7753340E-04
  8.0909600E+03  9.7753340E-04
  8.1096099E+03  9.7753340E-04
  8.1282998E+03  9.2546723E-04
  8.1470400E+03  9.7753340E-04
  8.1658198E+03  9.8472077E-04
  8.1846499E+03  9.8472077E-04
  8.2035098E+03  9.8472077E-04
  8.2224297E+03  9.8472077E-04
  8.2413799E+03  9.5749513E-04
  8.2603799E+03  9.5749513E-04
  8.2794199E+03  9.1825105E-04
  8.2985098E+03  9.2412031E-04
  8.3176299E+03  9.2412031E-04
  8.3368096E+03  9.2412031E-04
  8.3560303E+03  9.2843396E-04
  8.3752900E+03  9.8618516E-04
  8.3945996E+03  9.8618516E-04
  8.4139502E+03  1.0252532E-03
  8.4333496E+03  9.8618516E-04
  8.4527900E+03  9.8105473E-04
  8.4722695E+03  1.0252532E-03
  8.4917998E+03  1.0252532E-03
  8.5113799E+03  9.9421735E-04
  8.5310000E+03  9.5968164E-04
  8.5506699E+03  9.9421735E-04
  8.5703799E+03  9.5968164E-04
  8.5901396E+03  9.5968164E-04
  8.6099404E+03  9.5968164E-04
  8.6297803E+03  9.0113754E-04
  8.6496699E+03  8.7739824E-04
  8.6696201E+03  8.3260954E-04
  8.6895996E+03  8.3260954E-04
  8.7096299E+03  8.3044032E-04
  8.7297100E+03  8.3008158E-04
  8.7498398E+03  8.3220785E-04
  8.7700000E+03  8.9221296E-04
  8.7902305E+03  9.1039465E-04
  8.8104902E+03  9.1097114E-04
  8.8307998E+03  9.1577973E-04
  8.8511504E+03  9.2417665E-04
  8.8715596E+03  8.2077371E-04
  8.8920098E+03  8.2077371E-04
  8.9125098E+03  8.4894488E-04
  8.9330498E+03  8.5107185E-04
  8.9536504E+03  7.7381486E-04
  8.9742803E+03  8.5107185E-04
  8.9949805E+03  8.4894488E-04
  9.0157100E+03  7.7381486E-04
  9.0364902E+03  7.6604320E-04
  9.0573301E+03  7.6604320E-04
  9.0782002E+03  7.6604320E-04
  9.0991299E+03  7.6469238E-04
  9.1200996E+03  7.6604320E-04
  9.1411299E+03  7.6844363E-04
  9.1622002E+03  7.6844363E-04
  9.1833203E+03  7.7569904E-04
  9.2045000E+03  7.8350288E-04
  9.2257100E+03  7.8756124E-04
  9.2469805E+03  7.8756124E-04
  9.2682998E+03  7.8756124E-04
  9.2896602E+03  7.7828352E-04
  9.3110801E+03  8.5814297E-04
  9.3325400E+03  7.2747580E-04
  9.3540596E+03  7.2747580E-04
  9.3756201E+03  7.2747580E-04
  9.3972305E+03  7.1341667E-04
  9.4189004E+03  7.2779774E-04
  9.4406104E+03  7.5138593E-04
  9.4623701E+03  7.2779774E-04
  9.4841797E+03  7.8192633E-04
  9.5060498E+03  7.7668892E-04
  9.5279600E+03  7.2522246E-04
  9.5499199E+03  7.2599208E-04
  9.5719404E+03  7.2522246E-04
  9.5940000E+03  6.9406274E-04
  9.6161201E+03  6.9271785E-04
  9.6382900E+03  6.9271785E-04
  9.6605098E+03  6.9271785E-04
  9.6827695E+03  7.1974704E-04
  9.7050996E+03  6.8459427E-04
  9.7274697E+03  6.8839802E-04
  9.7498896E+03  6.8839802E-04
  9.7723701E+03  6.5958872E-04
  9.7949004E+03  6.5056805E-04
  9.8174805E+03  6.4569880E-04
  9.8401104E+03  6.4569880E-04
  9.8627900E+03  6.5524125E-04
  9.8855303E+03  6.5628922E-04
  9.9083203E+03  6.5794180E-04
  9.9311602E+03  7.0955761E-04
  9.9540498E+03  6.9985667E-04
  9.9770000E+03  6.8813539E-04
  1.0000000E+04  7.0365903E-04
  1.0000000E+04  7.0365903E-04
  1.0115800E+04  6.3281908E-04
  1.0232940E+04  6.0013973E-04
  1.0351420E+04  6.0212601E-04
  1.0471290E+04  5.8477395E-04
  1.0592540E+04  5.2324944E-04
  1.0715200E+04  5.8416917E-04
  1.0839270E+04  5.0029665E-04
  1.0964780E+04  5.3487282E-04
  1.1091750E+04  5.2371697E-04
  1.1220190E+04  5.1635009E-04
  1.1350100E+04  4.5900943E-04
  1.1481540E+04  4.6370664E-04
  1.1614490E+04  4.4877885E-04
  1.1748980E+04  4.0650333E-04
  1.1885020E+04  3.9844052E-04
  1.2022640E+04  4.1050342E-04
  1.2161860E+04  4.1177098E-04
  1.2302690E+04  3.8553821E-04
  1.2445140E+04  4.1221338E-04
  1.2589250E+04  3.8119312E-04
  1.2735030E+04  3.7124628E-04
  1.2882500E+04  3.5480983E-04
  1.3031660E+04  3.4722846E-04
  1.3182560E+04  3.9020908E-04
  1.3335210E+04  3.5282533E-04
  1.3489630E+04  3.3670280E-04
  1.3645840E+04  3.4074235E-04
  1.3803840E+04  3.2832377E-04
  1.3963680E+04  2.6507830E-04
  1.4125380E+04  2.8733266E-04
  1.4288950E+04  2.7026964E-04
  1.4454390E+04  2.5536519E-04
  1.4621770E+04  2.2731379E-04
  1.4791090E+04  2.6668521E-04
  1.4962360E+04  2.5744140E-04
  1.5135610E+04  2.7179907E-04
  1.5310870E+04  2.2941406E-04
  1.5488170E+04  2.5811189E-04
  1.5667520E+04  2.6943826E-04
  1.5848920E+04  2.5862109E-04
  1.6032450E+04  2.5752085E-04
  1.6218100E+04  2.5386902E-04
  1.6405900E+04  2.4321394E-04
  1.6595859E+04  2.3904332E-04
  1.6788039E+04  2.2846188E-04
  1.6982439E+04  2.2350035E-04
  1.7179090E+04  2.1516897E-04
  1.7378000E+04  2.0334077E-04
  1.7579230E+04  1.9959928E-04
  1.7782789E+04  1.9233975E-04
  1.7988711E+04  1.8549440E-04
  1.8197020E+04  1.7671987E-04
  1.8407711E+04  1.7171838E-04
  1.8620869E+04  1.6519932E-04
  1.8836490E+04  1.5887874E-04
  1.9054619E+04  1.5404592E-04
  1.9275240E+04  1.4780217E-04
  1.9498439E+04  1.4041500E-04
  1.9724230E+04  1.3646318E-04
  1.9952631E+04  1.3162468E-04
  2.0183660E+04  1.2740039E-04
  2.0417381E+04  1.2249734E-04
  2.0653801E+04  1.1768133E-04
  2.0892971E+04  1.1337567E-04
  2.1134881E+04  1.0927818E-04
  2.1379619E+04  1.0544587E-04
  2.1627189E+04  9.9980571E-05
  2.1877619E+04  9.7336138E-05
  2.2130939E+04  9.3724215E-05
  2.2387211E+04  9.0059846E-05
  2.2646439E+04  8.6515938E-05
  2.2908680E+04  7.8304962E-05
  2.3173930E+04  7.5042874E-05
  2.3442279E+04  7.1100309E-05
  2.3713740E+04  6.7009314E-05
  2.3988340E+04  6.3750616E-05
  2.4266109E+04  6.0741018E-05
  2.4547080E+04  5.7331876E-05
  2.4831330E+04  5.3748012E-05
  2.5118869E+04  5.2013427E-05
  2.5409740E+04  5.1610554E-05
  2.5703949E+04  5.0540886E-05
  2.6001590E+04  4.9046663E-05
  2.6302680E+04  4.7098234E-05
  2.6607260E+04  4.5698012E-05
  2.6915340E+04  4.4455195E-05
  2.7227010E+04  4.3355903E-05
  2.7542289E+04  4.1580464E-05
  2.7861221E+04  4.0434486E-05
  2.8183820E+04  3.8945815E-05
  2.8510180E+04  3.7484406E-05
  2.8840320E+04  3.6028592E-05
  2.9174279E+04  3.4653320E-05
  2.9512080E+04  3.3196691E-05
  2.9853820E+04  3.1876414E-05
  3.0199520E+04  3.1181702E-05
  3.0549221E+04  3.0169393E-05
  3.0902939E+04  2.9308998E-05
  3.1260789E+04  2.8527493E-05
  3.1622779E+04  2.7792907E-05
  3.1988961E+04  2.8861414E-05
  3.2359350E+04  3.5279703E-05
  3.2734061E+04  4.6386984E-05
  3.3113109E+04  4.9047525E-05
  3.3496551E+04  3.7256315E-05
  3.3884430E+04  2.6243290E-05
  3.4276770E+04  2.2290913E-05
  3.4673680E+04  2.1139709E-05
  3.5075199E+04  2.0392195E-05
  3.5481359E+04  1.9630206E-05
  3.5892180E+04  1.8873303E-05
  3.6307801E+04  1.8244091E-05
  3.6728230E+04  1.7529504E-05
  3.7153539E+04  1.6824795E-05
  3.7583719E+04  1.6165302E-05
  3.8018930E+04  1.5622099E-05
  3.8459180E+04  1.5126004E-05
  3.8904531E+04  1.4543684E-05
  3.9354988E+04  1.4030104E-05
  3.9810711E+04  1.3459304E-05
  4.0271711E+04  1.3051694E-05
  4.0738039E+04  1.2578696E-05
  4.1209730E+04  1.2173805E-05
  4.1686930E+04  1.1713006E-05
  4.2169648E+04  1.1333691E-05
  4.2657961E+04  1.0981901E-05
  4.3151879E+04  9.9568888E-06
  4.3651570E+04  9.4039951E-06
  4.4157039E+04  8.8853039E-06
  4.4668371E+04  8.5468027E-06
  4.5185621E+04  8.3258992E-06
  4.5708801E+04  8.2252973E-06
  4.6238102E+04  8.0335012E-06
  4.6773520E+04  7.9375041E-06
  4.7315148E+04  7.8434978E-06
  4.7862988E+04  7.7041032E-06
  4.8417230E+04  7.6176025E-06
  4.8977891E+04  7.4757022E-06
  4.9545039E+04  7.3595029E-06
  5.0118699E+04  7.2683033E-06
  5.0699059E+04  7.1515024E-06
  5.1286141E+04  7.0510023E-06
  5.1880020E+04  6.9729981E-06
  5.2480719E+04  6.8831032E-06
  5.3088430E+04  6.7781020E-06
  5.3703180E+04  6.7135979E-06
  5.4325051E+04  6.6210978E-06
  5.4954059E+04  6.5692007E-06
  5.5590410E+04  6.5175022E-06
  5.6234129E+04  6.4634000E-06
  5.6885309E+04  6.4228011E-06
  5.7543961E+04  6.2814024E-06
  5.8210301E+04  6.0880966E-06
  5.8884359E+04  5.8485007E-06
  5.9566230E+04  5.5672931E-06
  6.0255988E+04  5.7736984E-06
  6.0953672E+04  6.9258972E-06
  6.1659500E+04  1.1466404E-05
  6.2373500E+04  1.7964891E-05
  6.3095762E+04  1.3047395E-05
  6.3826320E+04  8.3334990E-06
  6.4565410E+04  6.3034968E-06
  6.5313059E+04  5.3813028E-06
  6.6069367E+04  5.6722029E-06
  6.6834359E+04  5.7561970E-06
  6.7608289E+04  5.7291982E-06
  6.8391172E+04  5.4822017E-06
  6.9183117E+04  6.2299919E-06
  6.9984156E+04  7.3826977E-06
  7.0794562E+04  6.6689004E-06
  7.1614344E+04  7.1578970E-06
  7.2443617E+04  7.4669983E-06
  7.3282406E+04  8.5370966E-06
  7.4131008E+04  1.0333999E-05
  7.4989422E+04  1.3402398E-05
  7.5857781E+04  1.6115398E-05
  7.6736102E+04  1.7457593E-05
  7.7624688E+04  1.6318003E-05
  7.8523562E+04  1.5508793E-05
  7.9432844E+04  1.3216288E-05
  8.0352648E+04  1.0264003E-05
  8.1283023E+04  8.5735992E-06
  8.2224258E+04  7.4074946E-06
  8.3176391E+04  7.1785962E-06
  8.4139547E+04  7.1282980E-06
  8.5113773E+04  7.4910995E-06
  8.6099367E+04  8.2627976E-06
  8.7096367E+04  7.4855006E-06
  8.8104922E+04  5.2694008E-06
  8.9125047E+04  3.8334015E-06
  9.0157102E+04  3.0179995E-06
  9.1201094E+04  2.4647979E-06
  9.2257172E+04  2.2308002E-06
  9.3325383E+04  2.2068989E-06
  9.4406070E+04  2.1646999E-06
  9.5499273E+04  1.9757979E-06
  9.6605117E+04  2.1184994E-06
  9.7723672E+04  2.0388009E-06
  9.8855281E+04  1.7598003E-06
  1.0000000E+05  1.5902001E-06
  1.0115797E+05  1.6749005E-06
  1.0232924E+05  1.6957991E-06
  1.0351419E+05  1.7075998E-06
  1.0471285E+05  1.9333997E-06
  1.0592540E+05  2.4206001E-06
  1.0715198E+05  2.4056992E-06
  1.0839266E+05  2.5012996E-06
  1.0964781E+05  3.1041991E-06
  1.1091750E+05  4.2721003E-06
  1.1220190E+05  7.6632041E-06
  1.1350104E+05  8.4997973E-06
  1.1481534E+05  5.8416981E-06
  1.1614488E+05  4.2426004E-06
  1.1748980E+05  3.6622009E-06
  1.1885017E+05  3.6890988E-06
  1.2022642E+05  3.9752963E-06
  1.2161861E+05  3.7815978E-06
  1.2302692E+05  4.0916002E-06
  1.2445140E+05  4.3734995E-06
  1.2589252E+05  4.8996981E-06
  1.2735031E+05  6.2276940E-06
  1.2882499E+05  5.4699003E-06
  1.3031661E+05  3.3196000E-06
  1.3182564E+05  2.9596999E-06
  1.3335214E+05  2.9135995E-06
  1.3489633E+05  2.8536986E-06
  1.3645823E+05  2.9193986E-06
  1.3803839E+05  2.6263986E-06
  1.3963683E+05  2.6303003E-06
  1.4125378E+05  2.5624993E-06
  1.4288947E+05  2.5388990E-06
  1.4454392E+05  2.5421962E-06
  1.4621770E+05  2.5457994E-06
  1.4791086E+05  2.5495981E-06
  1.4962362E+05  2.5534978E-06
  1.5135606E+05  2.5574006E-06
  1.5310872E+05  2.5613010E-06
  1.5488169E+05  2.5653003E-06
  1.5667517E+05  2.5695992E-06
  1.5848925E+05  2.5741003E-06
  1.6032452E+05  2.5780996E-06
  1.6218103E+05  2.5798977E-06
  1.6405903E+05  2.5816998E-06
  1.6595861E+05  2.5835998E-06
  1.6788036E+05  2.5856998E-06
  1.6982438E+05  2.5877960E-06
  1.7179089E+05  2.5902007E-06
  1.7377998E+05  2.5925965E-06
  1.7579231E+05  2.5950997E-06
  1.7782794E+05  2.5977995E-06
  1.7988714E+05  2.6006990E-06
  1.8196998E+05  2.6021014E-06
  1.8407714E+05  2.6027958E-06
  1.8620870E+05  2.6027958E-06
  1.8836495E+05  2.6022014E-06
  1.9054595E+05  2.6017985E-06
  1.9275242E+05  2.6037990E-06
  1.9498444E+05  2.6050000E-06
  1.9724231E+05  2.6055006E-06
  1.9952631E+05  2.6051973E-06
