  3.1623001E+02  0.0000000E+00
  3.1695999E+02  0.0000000E+00
  3.1769000E+02  0.0000000E+00
  3.1842001E+02  0.0000000E+00
  3.1914999E+02  0.0000000E+00
  3.1989001E+02  0.0000000E+00
  3.2063000E+02  0.0000000E+00
  3.2137000E+02  0.0000000E+00
  3.2210999E+02  0.0000000E+00
  3.2285001E+02  0.0000000E+00
  3.2359000E+02  0.0000000E+00
  3.2434000E+02  0.0000000E+00
  3.2509000E+02  0.0000000E+00
  3.2584000E+02  0.0000000E+00
  3.2659000E+02  0.0000000E+00
  3.2734000E+02  0.0000000E+00
  3.2810001E+02  0.0000000E+00
  3.2885001E+02  0.0000000E+00
  3.2960999E+02  0.0000000E+00
  3.3037000E+02  0.0000000E+00
  3.3113000E+02  0.0000000E+00
  3.3189001E+02  0.0000000E+00
  3.3266000E+02  0.0000000E+00
  3.3342999E+02  0.0000000E+00
  3.3419000E+02  0.0000000E+00
  3.3497000E+02  0.0000000E+00
  3.3573999E+02  0.0000000E+00
  3.3651001E+02  0.0000000E+00
  3.3729001E+02  0.0000000E+00
  3.3806000E+02  0.0000000E+00
  3.3884000E+02  0.0000000E+00
  3.3963000E+02  0.0000000E+00
  3.4041000E+02  0.0000000E+00
  3.4119000E+02  0.0000000E+00
  3.4198001E+02  0.0000000E+00
  3.4276999E+02  0.0000000E+00
  3.4356000E+02  0.0000000E+00
  3.4435001E+02  0.0000000E+00
  3.4514001E+02  0.0000000E+00
  3.4594000E+02  0.0000000E+00
  3.4673999E+02  0.0000000E+00
  3.4754001E+02  0.0000000E+00
  3.4834000E+02  0.0000000E+00
  3.4914001E+02  0.0000000E+00
  3.4995001E+02  0.0000000E+00
  3.5075000E+02  0.0000000E+00
  3.5156000E+02  0.0000000E+00
  3.5237000E+02  0.0000000E+00
  3.5317999E+02  0.0000000E+00
  3.5400000E+02  0.0000000E+00
  3.5481000E+02  0.0000000E+00
  3.5563000E+02  0.0000000E+00
  3.5645001E+02  0.0000000E+00
  3.5726999E+02  0.0000000E+00
  3.5810001E+02  0.0000000E+00
  3.5892001E+02  0.0000000E+00
  3.5975000E+02  0.0000000E+00
  3.6057999E+02  0.0000000E+00
  3.6141000E+02  0.0000000E+00
  3.6223999E+02  0.0000000E+00
  3.6307999E+02  0.0000000E+00
  3.6392001E+02  0.0000000E+00
  3.6475000E+02  0.0000000E+00
  3.6559000E+02  0.0000000E+00
  3.6644000E+02  0.0000000E+00
  3.6728000E+02  0.0000000E+00
  3.6813000E+02  0.0000000E+00
  3.6898001E+02  0.0000000E+00
  3.6982999E+02  0.0000000E+00
  3.7067999E+02  0.0000000E+00
  3.7154001E+02  0.0000000E+00
  3.7239001E+02  0.0000000E+00
  3.7325000E+02  0.0000000E+00
  3.7410999E+02  0.0000000E+00
  3.7497000E+02  0.0000000E+00
  3.7584000E+02  0.0000000E+00
  3.7670001E+02  0.0000000E+00
  3.7757001E+02  0.0000000E+00
  3.7844000E+02  0.0000000E+00
  3.7931000E+02  0.0000000E+00
  3.8019000E+02  0.0000000E+00
  3.8107001E+02  0.0000000E+00
  3.8194000E+02  0.0000000E+00
  3.8282001E+02  0.0000000E+00
  3.8370999E+02  0.0000000E+00
  3.8459000E+02  0.0000000E+00
  3.8548001E+02  0.0000000E+00
  3.8637000E+02  0.0000000E+00
  3.8726001E+02  0.0000000E+00
  3.8814999E+02  0.0000000E+00
  3.8904999E+02  0.0000000E+00
  3.8994000E+02  0.0000000E+00
  3.9084000E+02  0.0000000E+00
  3.9173999E+02  0.0000000E+00
  3.9264999E+02  0.0000000E+00
  3.9354999E+02  0.0000000E+00
  3.9445999E+02  0.0000000E+00
  3.9537000E+02  0.0000000E+00
  3.9628000E+02  0.0000000E+00
  3.9719000E+02  0.0000000E+00
  3.9810999E+02  0.0000000E+00
  3.9901999E+02  0.0000000E+00
  3.9994000E+02  0.0000000E+00
  4.0087000E+02  0.0000000E+00
  4.0179001E+02  0.0000000E+00
  4.0272000E+02  0.0000000E+00
  4.0364999E+02  0.0000000E+00
  4.0457999E+02  0.0000000E+00
  4.0551001E+02  0.0000000E+00
  4.0644000E+02  0.0000000E+00
  4.0738000E+02  0.0000000E+00
  4.0832001E+02  0.0000000E+00
  4.0926001E+02  0.0000000E+00
  4.1020001E+02  0.0000000E+00
  4.1114999E+02  0.0000000E+00
  4.1210001E+02  0.0000000E+00
  4.1304999E+02  0.0000000E+00
  4.1400000E+02  0.0000000E+00
  4.1495001E+02  0.0000000E+00
  4.1591000E+02  0.0000000E+00
  4.1687000E+02  0.0000000E+00
  4.1782999E+02  0.0000000E+00
  4.1879001E+02  0.0000000E+00
  4.1976001E+02  0.0000000E+00
  4.2073001E+02  0.0000000E+00
  4.2170001E+02  0.0000000E+00
  4.2267001E+02  0.0000000E+00
  4.2364001E+02  0.0000000E+00
  4.2462000E+02  0.0000000E+00
  4.2560001E+02  0.0000000E+00
  4.2657999E+02  0.0000000E+00
  4.2756000E+02  0.0000000E+00
  4.2854999E+02  0.0000000E+00
  4.2954001E+02  0.0000000E+00
  4.3053000E+02  0.0000000E+00
  4.3151999E+02  0.0000000E+00
  4.3251001E+02  0.0000000E+00
  4.3351001E+02  0.0000000E+00
  4.3451001E+02  0.0000000E+00
  4.3551001E+02  0.0000000E+00
  4.3651999E+02  0.0000000E+00
  4.3751999E+02  0.0000000E+00
  4.3853000E+02  0.0000000E+00
  4.3954001E+02  0.0000000E+00
  4.4054999E+02  0.0000000E+00
  4.4157001E+02  0.0000000E+00
  4.4259000E+02  0.0000000E+00
  4.4360999E+02  0.0000000E+00
  4.4463000E+02  0.0000000E+00
  4.4566000E+02  0.0000000E+00
  4.4667999E+02  0.0000000E+00
  4.4770999E+02  0.0000000E+00
  4.4875000E+02  0.0000000E+00
  4.4978000E+02  0.0000000E+00
  4.5082001E+02  0.0000000E+00
  4.5185999E+02  0.0000000E+00
  4.5289999E+02  0.0000000E+00
  4.5394000E+02  0.0000000E+00
  4.5498999E+02  0.0000000E+00
  4.5604001E+02  0.0000000E+00
  4.5709000E+02  0.0000000E+00
  4.5814001E+02  0.0000000E+00
  4.5920001E+02  0.0000000E+00
  4.6026001E+02  0.0000000E+00
  4.6132001E+02  0.0000000E+00
  4.6238000E+02  0.0000000E+00
  4.6345001E+02  0.0000000E+00
  4.6451999E+02  0.0000000E+00
  4.6559000E+02  0.0000000E+00
  4.6666000E+02  0.0000000E+00
  4.6773999E+02  0.0000000E+00
  4.6881000E+02  0.0000000E+00
  4.6989001E+02  0.0000000E+00
  4.7098001E+02  0.0000000E+00
  4.7206000E+02  0.0000000E+00
  4.7314999E+02  0.0000000E+00
  4.7423999E+02  0.0000000E+00
  4.7534000E+02  0.0000000E+00
  4.7642999E+02  0.0000000E+00
  4.7753000E+02  0.0000000E+00
  4.7863000E+02  0.0000000E+00
  4.7973001E+02  0.0000000E+00
  4.8084000E+02  0.0000000E+00
  4.8195001E+02  0.0000000E+00
  4.8306000E+02  0.0000000E+00
  4.8417001E+02  0.0000000E+00
  4.8529001E+02  0.0000000E+00
  4.8641000E+02  0.0000000E+00
  4.8753000E+02  0.0000000E+00
  4.8864999E+02  0.0000000E+00
  4.8978000E+02  0.0000000E+00
  4.9091000E+02  0.0000000E+00
  4.9204001E+02  0.0000000E+00
  4.9317001E+02  0.0000000E+00
  4.9431000E+02  0.0000000E+00
  4.9545001E+02  0.0000000E+00
  4.9659000E+02  0.0000000E+00
  4.9773999E+02  0.0000000E+00
  4.9888000E+02  0.0000000E+00
  5.0003000E+02  0.0000000E+00
  5.0119000E+02  0.0000000E+00
  5.0234000E+02  0.0000000E+00
  5.0350000E+02  0.0000000E+00
  5.0466000E+02  0.0000000E+00
  5.0582001E+02  0.0000000E+00
  5.0698999E+02  0.0000000E+00
  5.0816000E+02  0.0000000E+00
  5.0932999E+02  0.0000000E+00
  5.1050000E+02  0.0000000E+00
  5.1167999E+02  0.0000000E+00
  5.1285999E+02  0.0000000E+00
  5.1403998E+02  0.0000000E+00
  5.1522998E+02  0.0000000E+00
  5.1641998E+02  0.0000000E+00
  5.1760999E+02  0.0000000E+00
  5.1879999E+02  0.0000000E+00
  5.2000000E+02  0.0000000E+00
  5.2119000E+02  0.0000000E+00
  5.2240002E+02  0.0000000E+00
  5.2359998E+02  0.0000000E+00
  5.2481000E+02  0.0000000E+00
  5.2602002E+02  0.0000000E+00
  5.2722998E+02  0.0000000E+00
  5.2845001E+02  0.0000000E+00
  5.2965997E+02  0.0000000E+00
  5.3088000E+02  0.0000000E+00
  5.3210999E+02  0.0000000E+00
  5.3333002E+02  0.0000000E+00
  5.3456000E+02  0.0000000E+00
  5.3579999E+02  0.0000000E+00
  5.3703003E+02  0.0000000E+00
  5.3827002E+02  0.0000000E+00
  5.3951001E+02  0.0000000E+00
  5.4075000E+02  0.0000000E+00
  5.4200000E+02  0.0000000E+00
  5.4325000E+02  0.0000000E+00
  5.4450000E+02  0.0000000E+00
  5.4576001E+02  0.0000000E+00
  5.4702002E+02  0.0000000E+00
  5.4828003E+02  0.0000000E+00
  5.4953998E+02  0.0000000E+00
  5.5081000E+02  0.0000000E+00
  5.5208002E+02  0.0000000E+00
  5.5334998E+02  0.0000000E+00
  5.5463000E+02  0.0000000E+00
  5.5590002E+02  0.0000000E+00
  5.5719000E+02  0.0000000E+00
  5.5846997E+02  0.0000000E+00
  5.5976001E+02  0.0000000E+00
  5.6104999E+02  0.0000000E+00
  5.6234003E+02  0.0000000E+00
  5.6364001E+02  0.0000000E+00
  5.6494000E+02  0.0000000E+00
  5.6623999E+02  0.0000000E+00
  5.6753998E+02  0.0000000E+00
  5.6884998E+02  0.0000000E+00
  5.7015997E+02  0.0000000E+00
  5.7147998E+02  0.0000000E+00
  5.7279999E+02  0.0000000E+00
  5.7412000E+02  0.0000000E+00
  5.7544000E+02  0.0000000E+00
  5.7677002E+02  0.0000000E+00
  5.7809998E+02  0.0000000E+00
  5.7942999E+02  0.0000000E+00
  5.8076001E+02  0.0000000E+00
  5.8209998E+02  0.0000000E+00
  5.8345001E+02  0.0000000E+00
  5.8478998E+02  0.0000000E+00
  5.8614001E+02  0.0000000E+00
  5.8748999E+02  0.0000000E+00
  5.8884003E+02  0.0000000E+00
  5.9020001E+02  0.0000000E+00
  5.9156000E+02  0.0000000E+00
  5.9292999E+02  0.0000000E+00
  5.9428998E+02  0.0000000E+00
  5.9565997E+02  0.0000000E+00
  5.9703998E+02  0.0000000E+00
  5.9840997E+02  0.0000000E+00
  5.9978998E+02  0.0000000E+00
  6.0116998E+02  0.0000000E+00
  6.0256000E+02  0.0000000E+00
  6.0395001E+02  0.0000000E+00
  6.0534003E+02  0.0000000E+00
  6.0673999E+02  0.0000000E+00
  6.0813000E+02  0.0000000E+00
  6.0953998E+02  0.0000000E+00
  6.1094000E+02  0.0000000E+00
  6.1234998E+02  0.0000000E+00
  6.1376001E+02  0.0000000E+00
  6.1517999E+02  0.0000000E+00
  6.1659003E+02  0.0000000E+00
  6.1802002E+02  0.0000000E+00
  6.1944000E+02  0.0000000E+00
  6.2087000E+02  0.0000000E+00
  6.2229999E+02  0.0000000E+00
  6.2372998E+02  0.0000000E+00
  6.2516998E+02  0.0000000E+00
  6.2660999E+02  0.0000000E+00
  6.2806000E+02  0.0000000E+00
  6.2951001E+02  0.0000000E+00
  6.3096002E+02  0.0000000E+00
  6.3240997E+02  0.0000000E+00
  6.3387000E+02  0.0000000E+00
  6.3533002E+02  0.0000000E+00
  6.3679999E+02  0.0000000E+00
  6.3826001E+02  0.0000000E+00
  6.3972998E+02  0.0000000E+00
  6.4121002E+02  0.0000000E+00
  6.4269000E+02  0.0000000E+00
  6.4416998E+02  0.0000000E+00
  6.4565002E+02  0.0000000E+00
  6.4714001E+02  0.0000000E+00
  6.4863000E+02  0.0000000E+00
  6.5013000E+02  0.0000000E+00
  6.5163000E+02  0.0000000E+00
  6.5313000E+02  0.0000000E+00
  6.5464001E+02  0.0000000E+00
  6.5615002E+02  0.0000000E+00
  6.5765997E+02  0.0000000E+00
  6.5916998E+02  0.0000000E+00
  6.6069000E+02  0.0000000E+00
  6.6221997E+02  0.0000000E+00
  6.6373999E+02  0.0000000E+00
  6.6527002E+02  0.0000000E+00
  6.6681000E+02  0.0000000E+00
  6.6834003E+02  0.0000000E+00
  6.6988000E+02  0.0000000E+00
  6.7142999E+02  0.0000000E+00
  6.7297998E+02  0.0000000E+00
  6.7453003E+02  0.0000000E+00
  6.7608002E+02  0.0000000E+00
  6.7764001E+02  0.0000000E+00
  6.7920001E+02  0.0000000E+00
  6.8077002E+02  0.0000000E+00
  6.8234003E+02  0.0000000E+00
  6.8390997E+02  0.0000000E+00
  6.8548999E+02  0.0000000E+00
  6.8707001E+02  0.0000000E+00
  6.8865002E+02  0.0000000E+00
  6.9023999E+02  0.0000000E+00
  6.9183002E+02  0.0000000E+00
  6.9342999E+02  0.0000000E+00
  6.9502002E+02  0.0000000E+00
  6.9663000E+02  0.0000000E+00
  6.9822998E+02  0.0000000E+00
  6.9984003E+02  0.0000000E+00
  7.0146002E+02  0.0000000E+00
  7.0307001E+02  0.0000000E+00
  7.0469000E+02  0.0000000E+00
  7.0632001E+02  0.0000000E+00
  7.0795001E+02  0.0000000E+00
  7.0958002E+02  0.0000000E+00
  7.1121002E+02  0.0000000E+00
  7.1284998E+02  0.0000000E+00
  7.1450000E+02  0.0000000E+00
  7.1614001E+02  0.0000000E+00
  7.1778998E+02  0.0000000E+00
  7.1945001E+02  0.0000000E+00
  7.2110999E+02  0.0000000E+00
  7.2277002E+02  0.0000000E+00
  7.2444000E+02  0.0000000E+00
  7.2610999E+02  0.0000000E+00
  7.2778003E+02  0.0000000E+00
  7.2946002E+02  0.0000000E+00
  7.3114001E+02  0.0000000E+00
  7.3282001E+02  0.0000000E+00
  7.3451001E+02  0.0000000E+00
  7.3621002E+02  0.0000000E+00
  7.3790002E+02  0.0000000E+00
  7.3960999E+02  0.0000000E+00
  7.4131000E+02  0.0000000E+00
  7.4302002E+02  0.0000000E+00
  7.4472998E+02  0.0000000E+00
  7.4645001E+02  0.0000000E+00
  7.4816998E+02  0.0000000E+00
  7.4989001E+02  0.0000000E+00
  7.5162000E+02  0.0000000E+00
  7.5335999E+02  0.0000000E+00
  7.5509003E+02  0.0000000E+00
  7.5683002E+02  0.0000000E+00
  7.5858002E+02  0.0000000E+00
  7.6033002E+02  0.0000000E+00
  7.6208002E+02  0.0000000E+00
  7.6384003E+02  0.0000000E+00
  7.6559998E+02  0.0000000E+00
  7.6735999E+02  0.0000000E+00
  7.6913000E+02  0.0000000E+00
  7.7090002E+02  0.0000000E+00
  7.7267999E+02  0.0000000E+00
  7.7446002E+02  0.0000000E+00
  7.7625000E+02  0.0000000E+00
  7.7803998E+02  0.0000000E+00
  7.7983002E+02  0.0000000E+00
  7.8163000E+02  0.0000000E+00
  7.8342999E+02  0.0000000E+00
  7.8523999E+02  0.0000000E+00
  7.8704999E+02  0.0000000E+00
  7.8885999E+02  0.0000000E+00
  7.9067999E+02  0.0000000E+00
  7.9250000E+02  0.0000000E+00
  7.9433002E+02  0.0000000E+00
  7.9615997E+02  0.0000000E+00
  7.9798999E+02  0.0000000E+00
  7.9983002E+02  0.0000000E+00
  8.0167999E+02  0.0000000E+00
  8.0353003E+02  0.0000000E+00
  8.0538000E+02  0.0000000E+00
  8.0723999E+02  0.0000000E+00
  8.0909998E+02  0.0000000E+00
  8.1096002E+02  0.0000000E+00
  8.1283002E+02  0.0000000E+00
  8.1470001E+02  0.0000000E+00
  8.1658002E+02  0.0000000E+00
  8.1846002E+02  0.0000000E+00
  8.2034998E+02  0.0000000E+00
  8.2223999E+02  0.0000000E+00
  8.2414001E+02  0.0000000E+00
  8.2603998E+02  0.0000000E+00
  8.2794000E+02  0.0000000E+00
  8.2984998E+02  0.0000000E+00
  8.3176001E+02  0.0000000E+00
  8.3367999E+02  0.0000000E+00
  8.3559998E+02  0.0000000E+00
  8.3753003E+02  0.0000000E+00
  8.3946002E+02  0.0000000E+00
  8.4140002E+02  0.0000000E+00
  8.4333002E+02  0.0000000E+00
  8.4528003E+02  0.0000000E+00
  8.4722998E+02  0.0000000E+00
  8.4917999E+02  0.0000000E+00
  8.5114001E+02  0.0000000E+00
  8.5309998E+02  0.0000000E+00
  8.5507001E+02  0.0000000E+00
  8.5703998E+02  0.0000000E+00
  8.5901001E+02  0.0000000E+00
  8.6098999E+02  0.0000000E+00
  8.6297998E+02  0.0000000E+00
  8.6496997E+02  0.0000000E+00
  8.6696002E+02  0.0000000E+00
  8.6896002E+02  0.0000000E+00
  8.7096002E+02  0.0000000E+00
  8.7296997E+02  0.0000000E+00
  8.7497998E+02  0.0000000E+00
  8.7700000E+02  0.0000000E+00
  8.7902002E+02  0.0000000E+00
  8.8104999E+02  0.0000000E+00
  8.8308002E+02  0.0000000E+00
  8.8512000E+02  0.0000000E+00
  8.8715997E+02  0.0000000E+00
  8.8920001E+02  0.0000000E+00
  8.9125000E+02  0.0000000E+00
  8.9331000E+02  0.0000000E+00
  8.9535999E+02  0.0000000E+00
  8.9742999E+02  0.0000000E+00
  8.9950000E+02  0.0000000E+00
  9.0157001E+02  5.5664894E-03
  9.0365002E+02  5.5342792E-03
  9.0572998E+02  5.5012768E-03
  9.0782001E+02  5.4667094E-03
  9.0990997E+02  5.4323170E-03
  9.1201001E+02  5.3980998E-03
  9.1410999E+02  5.3640688E-03
  9.1621997E+02  6.1157495E-03
  9.1833002E+02  7.4320524E-03
  9.2045001E+02  8.7389247E-03
  9.2257001E+02  1.0036703E-02
  9.2470001E+02  1.1325776E-02
  9.2683002E+02  1.2596389E-02
  9.2896997E+02  1.3856636E-02
  9.3110999E+02  9.1769241E-02
  9.3325000E+02  8.6284660E-02
  9.3540997E+02  9.1769241E-02
  9.3756000E+02  9.1769241E-02
  9.3971997E+02  8.6284660E-02
  9.4189001E+02  5.4293163E-02
  9.4406000E+02  5.4293163E-02
  9.4623999E+02  5.4293163E-02
  9.4841998E+02  5.4293163E-02
  9.5059998E+02  5.4293163E-02
  9.5279999E+02  5.4293163E-02
  9.5498999E+02  5.4293163E-02
  9.5719000E+02  4.4834420E-02
  9.5940002E+02  4.4834420E-02
  9.6160999E+02  4.7023971E-02
  9.6383002E+02  4.7023971E-02
  9.6604999E+02  4.4834420E-02
  9.6828003E+02  4.3637183E-02
  9.7051001E+02  3.7636589E-02
  9.7275000E+02  4.3637183E-02
  9.7498999E+02  2.9929403E-02
  9.7723999E+02  2.8960977E-02
  9.7948999E+02  2.9929403E-02
  9.8175000E+02  2.8960977E-02
  9.8401001E+02  2.8960977E-02
  9.8628003E+02  2.7839260E-02
  9.8854999E+02  2.8371157E-02
  9.9083002E+02  2.8371157E-02
  9.9312000E+02  2.8371157E-02
  9.9540997E+02  2.8960977E-02
  9.9770001E+02  2.8960977E-02
  1.0000000E+03  2.8960977E-02
  1.0023100E+03  3.0206757E-02
  1.0046200E+03  3.0206757E-02
  1.0069300E+03  3.0206757E-02
  1.0092500E+03  2.9929403E-02
  1.0115800E+03  3.0206757E-02
  1.0139100E+03  3.0206757E-02
  1.0162500E+03  3.0206757E-02
  1.0185900E+03  3.0206757E-02
  1.0209400E+03  2.9929403E-02
  1.0232900E+03  2.8960977E-02
  1.0256500E+03  2.9929403E-02
  1.0280200E+03  2.9929403E-02
  1.0303900E+03  2.8960977E-02
  1.0327600E+03  2.8960977E-02
  1.0351400E+03  2.8371157E-02
  1.0375300E+03  2.8371157E-02
  1.0399200E+03  2.8371157E-02
  1.0423199E+03  2.9148562E-02
  1.0447200E+03  2.8371157E-02
  1.0471300E+03  2.9148562E-02
  1.0495400E+03  2.7954496E-02
  1.0519600E+03  2.8371157E-02
  1.0543900E+03  2.8371157E-02
  1.0568199E+03  2.7954496E-02
  1.0592500E+03  2.7840758E-02
  1.0617000E+03  2.7840758E-02
  1.0641400E+03  2.7954496E-02
  1.0666000E+03  2.7954496E-02
  1.0690500E+03  2.9113626E-02
  1.0715200E+03  2.8371157E-02
  1.0739900E+03  2.9148562E-02
  1.0764700E+03  3.1247480E-02
  1.0789500E+03  3.1330042E-02
  1.0814301E+03  3.1330042E-02
  1.0839301E+03  3.1585336E-02
  1.0864301E+03  3.2982782E-02
  1.0889301E+03  3.2982782E-02
  1.0914399E+03  3.3674762E-02
  1.0939600E+03  3.3674762E-02
  1.0964800E+03  3.3677295E-02
  1.0990100E+03  3.6382075E-02
  1.1015400E+03  3.7278667E-02
  1.1040800E+03  3.8256388E-02
  1.1066200E+03  3.8256388E-02
  1.1091801E+03  4.0434085E-02
  1.1117300E+03  4.0067349E-02
  1.1142900E+03  3.8256388E-02
  1.1168600E+03  4.0067349E-02
  1.1194399E+03  4.0067349E-02
  1.1220200E+03  4.0416609E-02
  1.1246000E+03  4.0416609E-02
  1.1272000E+03  3.8711634E-02
  1.1298000E+03  3.8711634E-02
  1.1324000E+03  3.8571529E-02
  1.1350100E+03  3.8711634E-02
  1.1376300E+03  3.8711634E-02
  1.1402500E+03  3.8256388E-02
  1.1428800E+03  3.8571529E-02
  1.1455100E+03  3.8571529E-02
  1.1481500E+03  3.8850702E-02
  1.1508000E+03  3.9711162E-02
  1.1534500E+03  3.9951891E-02
  1.1561100E+03  4.0067349E-02
  1.1587800E+03  4.0067349E-02
  1.1614500E+03  4.0391888E-02
  1.1641300E+03  4.1922357E-02
  1.1668101E+03  4.0416609E-02
  1.1695000E+03  4.0416609E-02
  1.1722000E+03  4.0391888E-02
  1.1749000E+03  4.1922357E-02
  1.1776100E+03  4.1922357E-02
  1.1803199E+03  4.0391888E-02
  1.1830400E+03  3.9951891E-02
  1.1857700E+03  4.0067349E-02
  1.1885000E+03  3.9951891E-02
  1.1912400E+03  3.9951891E-02
  1.1939900E+03  3.9951891E-02
  1.1967400E+03  3.9951891E-02
  1.1995000E+03  3.9275087E-02
  1.2022600E+03  3.9275087E-02
  1.2050400E+03  3.9275087E-02
  1.2078101E+03  3.9275087E-02
  1.2106000E+03  3.9275087E-02
  1.2133900E+03  3.9679334E-02
  1.2161899E+03  3.9275087E-02
  1.2189900E+03  3.9218478E-02
  1.2218000E+03  3.9218478E-02
  1.2246200E+03  3.9410476E-02
  1.2274399E+03  3.9951891E-02
  1.2302700E+03  4.0459543E-02
  1.2331000E+03  4.0391888E-02
  1.2359500E+03  4.0391888E-02
  1.2388000E+03  4.0459543E-02
  1.2416500E+03  4.0459543E-02
  1.2445100E+03  4.0459543E-02
  1.2473800E+03  4.0459543E-02
  1.2502600E+03  4.1894704E-02
  1.2531400E+03  4.0391888E-02
  1.2560300E+03  3.9410476E-02
  1.2589301E+03  4.0459543E-02
  1.2618300E+03  4.0459543E-02
  1.2647400E+03  3.9410476E-02
  1.2676500E+03  4.0571354E-02
  1.2705699E+03  4.0571354E-02
  1.2735000E+03  4.0459543E-02
  1.2764399E+03  3.9410476E-02
  1.2793800E+03  4.1894704E-02
  1.2823300E+03  4.2234302E-02
  1.2852900E+03  4.2234302E-02
  1.2882500E+03  4.1992541E-02
  1.2912200E+03  4.2437747E-02
  1.2942000E+03  4.4654101E-02
  1.2971801E+03  4.2437747E-02
  1.3001700E+03  4.2437747E-02
  1.3031700E+03  4.4738568E-02
  1.3061700E+03  4.2437747E-02
  1.3091801E+03  4.1894704E-02
  1.3122000E+03  4.1992541E-02
  1.3152200E+03  4.1992541E-02
  1.3182600E+03  4.2437747E-02
  1.3213000E+03  4.1992541E-02
  1.3243400E+03  4.1992541E-02
  1.3273900E+03  4.1992541E-02
  1.3304500E+03  4.1992541E-02
  1.3335200E+03  4.2210739E-02
  1.3366000E+03  4.1224360E-02
  1.3396801E+03  4.1992541E-02
  1.3427700E+03  4.0571354E-02
  1.3458600E+03  4.1992541E-02
  1.3489600E+03  4.0571354E-02
  1.3520699E+03  3.8324609E-02
  1.3551899E+03  3.8099844E-02
  1.3583101E+03  3.8324609E-02
  1.3614399E+03  4.1224360E-02
  1.3645800E+03  3.8324609E-02
  1.3677300E+03  3.8094040E-02
  1.3708800E+03  3.7232578E-02
  1.3740400E+03  3.6498964E-02
  1.3772100E+03  3.6498964E-02
  1.3803800E+03  3.5066538E-02
  1.3835699E+03  3.2953970E-02
  1.3867600E+03  3.1251699E-02
  1.3899500E+03  3.0688627E-02
  1.3931600E+03  2.8183771E-02
  1.3963700E+03  2.7918639E-02
  1.3995900E+03  2.7918639E-02
  1.4028101E+03  2.8183771E-02
  1.4060500E+03  2.7918639E-02
  1.4092900E+03  2.7573003E-02
  1.4125400E+03  2.6880482E-02
  1.4157900E+03  2.4321789E-02
  1.4190601E+03  2.4286197E-02
  1.4223300E+03  2.3251873E-02
  1.4256100E+03  2.2976477E-02
  1.4288900E+03  2.2976477E-02
  1.4321899E+03  2.2563986E-02
  1.4354900E+03  2.2474149E-02
  1.4388000E+03  2.1753006E-02
  1.4421200E+03  2.1753006E-02
  1.4454399E+03  2.2067469E-02
  1.4487700E+03  2.2067469E-02
  1.4521100E+03  2.1190584E-02
  1.4554600E+03  2.0252937E-02
  1.4588101E+03  2.0143943E-02
  1.4621801E+03  2.0143943E-02
  1.4655500E+03  1.8514261E-02
  1.4689301E+03  1.9123415E-02
  1.4723101E+03  1.9123415E-02
  1.4757100E+03  1.8258058E-02
  1.4791100E+03  1.7939197E-02
  1.4825200E+03  1.7720284E-02
  1.4859399E+03  1.7720284E-02
  1.4893600E+03  1.7473193E-02
  1.4927900E+03  1.7400404E-02
  1.4962400E+03  1.7256934E-02
  1.4996801E+03  1.6217832E-02
  1.5031400E+03  1.6397620E-02
  1.5066100E+03  1.6217832E-02
  1.5100800E+03  1.6127519E-02
  1.5135601E+03  1.5782271E-02
  1.5170500E+03  1.5035341E-02
  1.5205500E+03  1.5035341E-02
  1.5240500E+03  1.4868812E-02
  1.5275699E+03  1.4868812E-02
  1.5310900E+03  1.4641265E-02
  1.5346200E+03  1.4641265E-02
  1.5381500E+03  1.4399862E-02
  1.5417000E+03  1.4548623E-02
  1.5452500E+03  1.4399862E-02
  1.5488199E+03  1.4399862E-02
  1.5523900E+03  1.4126359E-02
  1.5559700E+03  1.4083740E-02
  1.5595500E+03  1.4126359E-02
  1.5631500E+03  1.3717022E-02
  1.5667500E+03  1.3717022E-02
  1.5703600E+03  1.3603426E-02
  1.5739800E+03  1.3278850E-02
  1.5776100E+03  1.3156299E-02
  1.5812500E+03  1.3156299E-02
  1.5848900E+03  1.2883401E-02
  1.5885500E+03  1.2847698E-02
  1.5922100E+03  1.2883401E-02
  1.5958800E+03  1.2883401E-02
  1.5995601E+03  1.2457430E-02
  1.6032500E+03  1.2432927E-02
  1.6069399E+03  1.2432927E-02
  1.6106500E+03  1.2403057E-02
  1.6143600E+03  1.2268514E-02
  1.6180800E+03  1.2268514E-02
  1.6218101E+03  1.2232329E-02
  1.6255500E+03  1.2232329E-02
  1.6293000E+03  1.2232329E-02
  1.6330500E+03  1.2232329E-02
  1.6368199E+03  1.2232329E-02
  1.6405900E+03  1.2232329E-02
  1.6443700E+03  1.1834679E-02
  1.6481600E+03  1.1721677E-02
  1.6519600E+03  1.1721677E-02
  1.6557700E+03  1.1834679E-02
  1.6595900E+03  1.1834679E-02
  1.6634100E+03  1.1636378E-02
  1.6672500E+03  1.1721677E-02
  1.6710900E+03  1.1593335E-02
  1.6749399E+03  1.1593335E-02
  1.6788000E+03  1.1593335E-02
  1.6826700E+03  1.1636378E-02
  1.6865500E+03  1.1593335E-02
  1.6904399E+03  1.1593335E-02
  1.6943400E+03  1.1288946E-02
  1.6982400E+03  1.1288946E-02
  1.7021600E+03  1.1288946E-02
  1.7060800E+03  1.1623293E-02
  1.7100200E+03  1.1623293E-02
  1.7139600E+03  1.1275878E-02
  1.7179100E+03  1.1128189E-02
  1.7218700E+03  1.1128189E-02
  1.7258400E+03  1.1199896E-02
  1.7298199E+03  1.1128189E-02
  1.7338000E+03  1.1093288E-02
  1.7378000E+03  1.0952430E-02
  1.7418101E+03  1.0952430E-02
  1.7458199E+03  1.0912554E-02
  1.7498500E+03  1.0912554E-02
  1.7538800E+03  1.0877813E-02
  1.7579200E+03  1.0877813E-02
  1.7619800E+03  1.0767576E-02
  1.7660400E+03  1.0753163E-02
  1.7701100E+03  1.0652631E-02
  1.7741899E+03  1.0652631E-02
  1.7782800E+03  1.0556182E-02
  1.7823800E+03  1.0556182E-02
  1.7864900E+03  1.0424127E-02
  1.7906100E+03  1.0265758E-02
  1.7947300E+03  1.0242265E-02
  1.7988700E+03  1.0242265E-02
  1.8030200E+03  1.0232174E-02
  1.8071700E+03  1.0146434E-02
  1.8113400E+03  1.0179245E-02
  1.8155200E+03  1.0010714E-02
  1.8197000E+03  1.0094472E-02
  1.8239000E+03  1.0094472E-02
  1.8281000E+03  9.9743679E-03
  1.8323101E+03  9.9413823E-03
  1.8365400E+03  9.8618679E-03
  1.8407700E+03  9.8618679E-03
  1.8450200E+03  9.8068966E-03
  1.8492700E+03  9.7702807E-03
  1.8535300E+03  9.7702807E-03
  1.8578000E+03  9.7702807E-03
  1.8620900E+03  9.8068966E-03
  1.8663800E+03  9.7545134E-03
  1.8706801E+03  9.7702807E-03
  1.8749900E+03  9.7702807E-03
  1.8793199E+03  9.6578980E-03
  1.8836500E+03  9.6093956E-03
  1.8879900E+03  9.4242329E-03
  1.8923400E+03  9.4140051E-03
  1.8967100E+03  9.3734460E-03
  1.9010800E+03  9.3734460E-03
  1.9054600E+03  9.3510114E-03
  1.9098500E+03  9.2092417E-03
  1.9142600E+03  9.1292309E-03
  1.9186700E+03  9.1220569E-03
  1.9230900E+03  9.1153439E-03
  1.9275200E+03  9.0535432E-03
  1.9319700E+03  8.9802919E-03
  1.9364200E+03  8.9523382E-03
  1.9408900E+03  8.9312056E-03
  1.9453600E+03  8.8447500E-03
  1.9498400E+03  8.7775234E-03
  1.9543400E+03  8.6273812E-03
  1.9588400E+03  8.6167026E-03
  1.9633600E+03  8.5288938E-03
  1.9678900E+03  8.4934905E-03
  1.9724200E+03  8.4686046E-03
  1.9769700E+03  8.4156832E-03
  1.9815300E+03  8.3953515E-03
  1.9860900E+03  8.3588967E-03
  1.9906700E+03  8.3059575E-03
  1.9952600E+03  8.2044667E-03
  1.9998600E+03  8.2033584E-03
  2.0044700E+03  8.2033584E-03
  2.0090900E+03  8.1857638E-03
  2.0137200E+03  8.1857638E-03
  2.0183700E+03  8.1855804E-03
  2.0230200E+03  7.9767797E-03
  2.0276801E+03  7.8926524E-03
  2.0323600E+03  7.8683868E-03
  2.0370400E+03  7.8516966E-03
  2.0417400E+03  7.8228358E-03
  2.0464399E+03  7.7961860E-03
  2.0511599E+03  7.7283373E-03
  2.0558899E+03  7.6954504E-03
  2.0606299E+03  7.6114032E-03
  2.0653799E+03  7.4971309E-03
  2.0701399E+03  7.4927039E-03
  2.0749099E+03  7.4184011E-03
  2.0797000E+03  7.3592928E-03
  2.0844900E+03  7.3255305E-03
  2.0893000E+03  7.2894855E-03
  2.0941101E+03  7.1732346E-03
  2.0989399E+03  7.1276720E-03
  2.1037800E+03  7.1105384E-03
  2.1086299E+03  7.0827566E-03
  2.1134900E+03  7.0720254E-03
  2.1183601E+03  7.0720254E-03
  2.1232400E+03  6.9978517E-03
  2.1281399E+03  6.9634919E-03
  2.1330400E+03  6.9417208E-03
  2.1379600E+03  6.9417208E-03
  2.1428899E+03  6.9417208E-03
  2.1478301E+03  6.7822672E-03
  2.1527800E+03  6.7822672E-03
  2.1577400E+03  6.7822672E-03
  2.1627200E+03  6.7291874E-03
  2.1677000E+03  6.6572903E-03
  2.1727000E+03  6.6491892E-03
  2.1777100E+03  6.5456070E-03
  2.1827300E+03  6.4769438E-03
  2.1877600E+03  6.4441934E-03
  2.1928000E+03  6.3274712E-03
  2.1978601E+03  6.2911375E-03
  2.2029299E+03  6.2157018E-03
  2.2080000E+03  6.1928201E-03
  2.2130901E+03  6.1458554E-03
  2.2182000E+03  6.1203674E-03
  2.2233101E+03  6.0773008E-03
  2.2284399E+03  6.0379268E-03
  2.2335701E+03  6.0288943E-03
  2.2387200E+03  5.9901895E-03
  2.2438799E+03  5.8909678E-03
  2.2490500E+03  5.8671362E-03
  2.2542400E+03  5.7360115E-03
  2.2594399E+03  5.7171709E-03
  2.2646399E+03  5.6582107E-03
  2.2698601E+03  5.6562168E-03
  2.2751001E+03  5.6562168E-03
  2.2803401E+03  5.6432090E-03
  2.2856001E+03  5.5869063E-03
  2.2908701E+03  5.5613397E-03
  2.2961499E+03  5.5394648E-03
  2.3014399E+03  5.5392031E-03
  2.3067500E+03  5.4884716E-03
  2.3120601E+03  5.4194788E-03
  2.3173899E+03  5.4020369E-03
  2.3227400E+03  5.3845472E-03
  2.3280901E+03  5.3526084E-03
  2.3334600E+03  5.3088376E-03
  2.3388401E+03  5.2958406E-03
  2.3442300E+03  5.2845459E-03
  2.3496299E+03  5.2845459E-03
  2.3550500E+03  5.2537769E-03
  2.3604800E+03  5.2340343E-03
  2.3659199E+03  5.2257823E-03
  2.3713701E+03  5.2076830E-03
  2.3768401E+03  5.1515978E-03
  2.3823201E+03  5.1129698E-03
  2.3878101E+03  5.0687124E-03
  2.3933201E+03  5.0532534E-03
  2.3988301E+03  5.0532534E-03
  2.4043601E+03  5.0171474E-03
  2.4099099E+03  4.9979812E-03
  2.4154600E+03  4.9974900E-03
  2.4210300E+03  4.9922443E-03
  2.4266101E+03  4.9736863E-03
  2.4322000E+03  4.9425261E-03
  2.4378101E+03  4.9105259E-03
  2.4434299E+03  4.9092537E-03
  2.4490601E+03  4.8929220E-03
  2.4547100E+03  4.9092537E-03
  2.4603701E+03  4.9042865E-03
  2.4660400E+03  4.8635784E-03
  2.4717200E+03  4.8622731E-03
  2.4774199E+03  4.8613627E-03
  2.4831299E+03  4.8469221E-03
  2.4888601E+03  4.8156627E-03
  2.4945901E+03  4.8090261E-03
  2.5003501E+03  4.8022750E-03
  2.5061101E+03  4.8023514E-03
  2.5118899E+03  4.8003853E-03
  2.5176799E+03  4.7843419E-03
  2.5234800E+03  4.7696484E-03
  2.5293000E+03  4.7535067E-03
  2.5351299E+03  4.7427309E-03
  2.5409700E+03  4.7379998E-03
  2.5468301E+03  4.6853139E-03
  2.5527000E+03  4.6748547E-03
  2.5585901E+03  4.6707038E-03
  2.5644800E+03  4.6472703E-03
  2.5703899E+03  4.6433047E-03
  2.5763201E+03  4.6248152E-03
  2.5822600E+03  4.6161399E-03
  2.5882100E+03  4.5639724E-03
  2.5941799E+03  4.5639724E-03
  2.6001599E+03  4.5604161E-03
  2.6061499E+03  4.5484845E-03
  2.6121599E+03  4.5207920E-03
  2.6181799E+03  4.4984370E-03
  2.6242200E+03  4.4852123E-03
  2.6302700E+03  4.4770720E-03
  2.6363301E+03  4.4474429E-03
  2.6424099E+03  4.4420748E-03
  2.6485000E+03  4.4200360E-03
  2.6546101E+03  4.4071265E-03
  2.6607200E+03  4.3885889E-03
  2.6668601E+03  4.3466939E-03
  2.6730100E+03  4.3606758E-03
  2.6791699E+03  4.3290476E-03
  2.6853401E+03  4.2998530E-03
  2.6915300E+03  4.2780149E-03
  2.6977400E+03  4.2421720E-03
  2.7039600E+03  4.2060893E-03
  2.7101899E+03  4.2060893E-03
  2.7164399E+03  4.2330874E-03
  2.7227000E+03  4.2056437E-03
  2.7289800E+03  4.2056437E-03
  2.7352700E+03  4.2330874E-03
  2.7415701E+03  4.2330874E-03
  2.7478899E+03  4.2446065E-03
  2.7542300E+03  4.2056437E-03
  2.7605801E+03  4.1937102E-03
  2.7669399E+03  4.2056437E-03
  2.7733201E+03  4.1777305E-03
  2.7797100E+03  4.1777305E-03
  2.7861201E+03  4.1665579E-03
  2.7925400E+03  4.1573229E-03
  2.7989800E+03  4.1491855E-03
  2.8054299E+03  4.1151582E-03
  2.8118999E+03  4.1310638E-03
  2.8183799E+03  4.1087316E-03
  2.8248799E+03  4.1085239E-03
  2.8313899E+03  4.0913150E-03
  2.8379199E+03  4.0959017E-03
  2.8444600E+03  4.0913150E-03
  2.8510200E+03  4.0913057E-03
  2.8575901E+03  4.0959017E-03
  2.8641799E+03  4.0959017E-03
  2.8707800E+03  4.0959017E-03
  2.8773999E+03  4.1004843E-03
  2.8840300E+03  4.0959017E-03
  2.8906799E+03  4.0922943E-03
  2.8973401E+03  4.0922943E-03
  2.9040200E+03  4.0883152E-03
  2.9107200E+03  4.0778965E-03
  2.9174299E+03  4.0299925E-03
  2.9241499E+03  4.0212828E-03
  2.9308899E+03  4.0212828E-03
  2.9376499E+03  4.0178099E-03
  2.9444199E+03  4.0212828E-03
  2.9512100E+03  4.0212255E-03
  2.9580100E+03  4.0212828E-03
  2.9648301E+03  4.0284395E-03
  2.9716699E+03  4.0127705E-03
  2.9785200E+03  4.0127705E-03
  2.9853799E+03  4.0029753E-03
  2.9922600E+03  3.9749322E-03
  2.9991599E+03  3.9749322E-03
  3.0060801E+03  3.9821179E-03
  3.0130100E+03  3.9749322E-03
  3.0199500E+03  3.9616041E-03
  3.0269099E+03  3.9616041E-03
  3.0338899E+03  3.9488170E-03
  3.0408899E+03  3.9357431E-03
  3.0478899E+03  3.9373226E-03
  3.0549199E+03  3.9357431E-03
  3.0619600E+03  3.8913649E-03
  3.0690200E+03  3.8913649E-03
  3.0761001E+03  3.8698015E-03
  3.0831899E+03  3.8322695E-03
  3.0903000E+03  3.8034485E-03
  3.0974199E+03  3.8034485E-03
  3.1045601E+03  3.8284445E-03
  3.1117200E+03  3.8034485E-03
  3.1188899E+03  3.8165671E-03
  3.1260801E+03  3.7941078E-03
  3.1332800E+03  3.7934289E-03
  3.1405100E+03  3.7934289E-03
  3.1477500E+03  3.8020706E-03
  3.1550000E+03  3.8160705E-03
  3.1622800E+03  3.8215970E-03
  3.1695701E+03  3.8205795E-03
  3.1768701E+03  3.8215970E-03
  3.1842000E+03  3.8215970E-03
  3.1915400E+03  3.8205795E-03
  3.1988899E+03  3.8191830E-03
  3.2062700E+03  3.8187089E-03
  3.2136599E+03  3.8205795E-03
  3.2210701E+03  3.8191830E-03
  3.2284900E+03  3.8225683E-03
  3.2359399E+03  3.8289637E-03
  3.2433999E+03  3.8322737E-03
  3.2508701E+03  3.8335447E-03
  3.2583701E+03  3.8222745E-03
  3.2658799E+03  3.8222745E-03
  3.2734099E+03  3.8178349E-03
  3.2809500E+03  3.8164309E-03
  3.2885200E+03  3.8178349E-03
  3.2961001E+03  3.8185979E-03
  3.3036899E+03  3.8185979E-03
  3.3113101E+03  3.8222745E-03
  3.3189399E+03  3.8167851E-03
  3.3265901E+03  3.8185979E-03
  3.3342600E+03  3.8167851E-03
  3.3419500E+03  3.8185979E-03
  3.3496499E+03  3.8185979E-03
  3.3573799E+03  3.8167851E-03
  3.3651201E+03  3.8167851E-03
  3.3728701E+03  3.8333363E-03
  3.3806499E+03  3.8538671E-03
  3.3884399E+03  3.8745801E-03
  3.3962500E+03  3.8912517E-03
  3.4040801E+03  3.8912517E-03
  3.4119299E+03  3.8955456E-03
  3.4197900E+03  3.9246487E-03
  3.4276799E+03  3.9540296E-03
  3.4355801E+03  3.9619324E-03
  3.4435000E+03  3.9619324E-03
  3.4514399E+03  3.9619324E-03
  3.4593899E+03  3.9787591E-03
  3.4673701E+03  3.9932146E-03
  3.4753601E+03  3.9486913E-03
  3.4833701E+03  3.9947913E-03
  3.4913999E+03  4.0592309E-03
  3.4994500E+03  4.0545603E-03
  3.5075200E+03  4.0545603E-03
  3.5156001E+03  4.0650801E-03
  3.5237100E+03  4.0771579E-03
  3.5318301E+03  4.0771579E-03
  3.5399700E+03  4.0832460E-03
  3.5481299E+03  4.0771579E-03
  3.5563101E+03  4.0771579E-03
  3.5645100E+03  4.1308757E-03
  3.5727300E+03  4.1308757E-03
  3.5809600E+03  4.1050995E-03
  3.5892200E+03  4.1308757E-03
  3.5974900E+03  4.1928077E-03
  3.6057900E+03  4.2062784E-03
  3.6141001E+03  4.2079901E-03
  3.6224299E+03  4.2431620E-03
  3.6307800E+03  4.2531039E-03
  3.6391499E+03  4.2939275E-03
  3.6475400E+03  4.3509863E-03
  3.6559500E+03  4.3571293E-03
  3.6643701E+03  4.4248067E-03
  3.6728201E+03  4.4486541E-03
  3.6812900E+03  4.4575161E-03
  3.6897800E+03  4.4836216E-03
  3.6982800E+03  4.4952128E-03
  3.7068101E+03  4.5080436E-03
  3.7153501E+03  4.5333477E-03
  3.7239199E+03  4.5222989E-03
  3.7325000E+03  4.5596249E-03
  3.7411101E+03  4.5793820E-03
  3.7497300E+03  4.5829937E-03
  3.7583701E+03  4.6020793E-03
  3.7670400E+03  4.5977458E-03
  3.7757200E+03  4.6020793E-03
  3.7844199E+03  4.6097180E-03
  3.7931499E+03  4.6476633E-03
  3.8018899E+03  4.6780636E-03
  3.8106599E+03  4.7036167E-03
  3.8194399E+03  4.7215950E-03
  3.8282500E+03  4.7400580E-03
  3.8370701E+03  4.7815875E-03
  3.8459199E+03  4.7978559E-03
  3.8547800E+03  4.8249909E-03
  3.8636699E+03  4.8282151E-03
  3.8725701E+03  4.8330710E-03
  3.8815000E+03  4.8213261E-03
  3.8904500E+03  4.8405961E-03
  3.8994199E+03  4.8965388E-03
  3.9084099E+03  4.8965388E-03
  3.9174199E+03  4.8548421E-03
  3.9264500E+03  4.8548421E-03
  3.9355000E+03  4.9274741E-03
  3.9445701E+03  4.9353791E-03
  3.9536699E+03  4.9296087E-03
  3.9627800E+03  4.9296087E-03
  3.9719199E+03  4.9680322E-03
  3.9810701E+03  4.9814577E-03
  3.9902500E+03  4.9670939E-03
  3.9994500E+03  4.9712895E-03
  4.0086699E+03  4.9712895E-03
  4.0179099E+03  4.9746148E-03
  4.0271699E+03  4.9898168E-03
  4.0364500E+03  4.9732849E-03
  4.0457600E+03  4.9898168E-03
  4.0550901E+03  5.0706440E-03
  4.0644299E+03  5.0666369E-03
  4.0738000E+03  5.0780177E-03
  4.0831899E+03  5.0804517E-03
  4.0926101E+03  5.0866697E-03
  4.1020400E+03  5.0833197E-03
  4.1115000E+03  5.0829514E-03
  4.1209800E+03  5.0833197E-03
  4.1304702E+03  5.0885798E-03
  4.1400000E+03  5.0829514E-03
  4.1495400E+03  5.0792163E-03
  4.1591099E+03  5.0792163E-03
  4.1686899E+03  5.0829514E-03
  4.1782998E+03  5.0924756E-03
  4.1879399E+03  5.0937673E-03
  4.1975898E+03  5.1271645E-03
  4.2072598E+03  5.0937673E-03
  4.2169600E+03  5.1016202E-03
  4.2266899E+03  5.0759469E-03
  4.2364302E+03  5.0924756E-03
  4.2462002E+03  5.0937673E-03
  4.2559800E+03  5.1133404E-03
  4.2657900E+03  5.1303715E-03
  4.2756299E+03  5.1338142E-03
  4.2854800E+03  5.1303715E-03
  4.2953599E+03  5.1291692E-03
  4.3052598E+03  5.1210742E-03
  4.3151899E+03  5.1698661E-03
  4.3251401E+03  5.1754517E-03
  4.3351099E+03  5.1799198E-03
  4.3451001E+03  5.1955837E-03
  4.3551201E+03  5.2102795E-03
  4.3651602E+03  5.2150614E-03
  4.3752202E+03  5.2271541E-03
  4.3853101E+03  5.2715619E-03
  4.3954199E+03  5.2588843E-03
  4.4055498E+03  5.2741584E-03
  4.4157002E+03  5.2715619E-03
  4.4258799E+03  5.2741584E-03
  4.4360801E+03  5.2800514E-03
  4.4463101E+03  5.2588843E-03
  4.4565601E+03  5.2467440E-03
  4.4668301E+03  5.2276962E-03
  4.4771299E+03  5.2276962E-03
  4.4874502E+03  5.2205380E-03
  4.4977998E+03  5.2133035E-03
  4.5081699E+03  5.2065281E-03
  4.5185601E+03  5.2006547E-03
  4.5289702E+03  5.1892898E-03
  4.5394102E+03  5.1769149E-03
  4.5498799E+03  5.1736818E-03
  4.5603701E+03  5.1555731E-03
  4.5708799E+03  5.1360610E-03
  4.5814199E+03  5.1099057E-03
  4.5919800E+03  5.1099057E-03
  4.6025601E+03  5.1099057E-03
  4.6131802E+03  5.1357960E-03
  4.6238101E+03  5.1099057E-03
  4.6344702E+03  5.0994083E-03
  4.6451499E+03  5.0716070E-03
  4.6558599E+03  5.0662779E-03
  4.6665898E+03  5.0315592E-03
  4.6773501E+03  5.0315592E-03
  4.6881299E+03  5.0084512E-03
  4.6989399E+03  5.0052353E-03
  4.7097700E+03  5.0052353E-03
  4.7206299E+03  5.0084512E-03
  4.7315098E+03  5.0172354E-03
  4.7424199E+03  5.0052353E-03
  4.7533501E+03  4.9888962E-03
  4.7643101E+03  4.9846722E-03
  4.7752900E+03  4.9846722E-03
  4.7862998E+03  4.9993121E-03
  4.7973301E+03  4.9791611E-03
  4.8083901E+03  4.9678166E-03
  4.8194800E+03  4.9300659E-03
  4.8305898E+03  4.9204053E-03
  4.8417202E+03  4.9326783E-03
  4.8528799E+03  4.9266545E-03
  4.8640698E+03  4.9326783E-03
  4.8752798E+03  4.9186200E-03
  4.8865200E+03  4.8971730E-03
  4.8977900E+03  4.8966813E-03
  4.9090801E+03  4.8782160E-03
  4.9203901E+03  4.8971730E-03
  4.9317402E+03  4.8741042E-03
  4.9431099E+03  4.8588095E-03
  4.9545000E+03  4.8589935E-03
  4.9659199E+03  4.8407423E-03
  4.9773701E+03  4.8413351E-03
  4.9888398E+03  4.8374985E-03
  5.0003398E+03  4.8090369E-03
  5.0118701E+03  4.8035672E-03
  5.0234302E+03  4.7416585E-03
  5.0350000E+03  4.7398964E-03
  5.0466099E+03  4.7203042E-03
  5.0582500E+03  4.6977359E-03
  5.0699102E+03  4.6947785E-03
  5.0815898E+03  4.6947785E-03
  5.0933101E+03  4.6883449E-03
  5.1050498E+03  4.6678251E-03
  5.1168198E+03  4.6634097E-03
  5.1286099E+03  4.6337582E-03
  5.1404399E+03  4.6264911E-03
  5.1522900E+03  4.5704939E-03
  5.1641602E+03  4.5598377E-03
  5.1760698E+03  4.5468868E-03
  5.1880000E+03  4.5468868E-03
  5.1999600E+03  4.5415130E-03
  5.2119502E+03  4.5273439E-03
  5.2239600E+03  4.5385920E-03
  5.2360000E+03  4.4793165E-03
  5.2480698E+03  4.4793165E-03
  5.2601699E+03  4.4645937E-03
  5.2722998E+03  4.4589941E-03
  5.2844502E+03  4.4335602E-03
  5.2966299E+03  4.4409265E-03
  5.3088398E+03  4.4645937E-03
  5.3210801E+03  4.4692871E-03
  5.3333501E+03  4.4692871E-03
  5.3456401E+03  4.4409265E-03
  5.3579600E+03  4.4375290E-03
  5.3703198E+03  4.4409265E-03
  5.3827002E+03  4.4249715E-03
  5.3951001E+03  4.4199727E-03
  5.4075400E+03  4.4199727E-03
  5.4200098E+03  4.4199727E-03
  5.4325000E+03  4.4193128E-03
  5.4450200E+03  4.4193128E-03
  5.4575801E+03  4.4177580E-03
  5.4701602E+03  4.3970295E-03
  5.4827700E+03  4.3626321E-03
  5.4954102E+03  4.3234094E-03
  5.5080801E+03  4.3188310E-03
  5.5207700E+03  4.2962474E-03
  5.5335000E+03  4.2721569E-03
  5.5462598E+03  4.2721569E-03
  5.5590400E+03  4.2109666E-03
  5.5718501E+03  4.2204782E-03
  5.5847002E+03  4.2733462E-03
  5.5975698E+03  4.2733462E-03
  5.6104800E+03  4.2733462E-03
  5.6234102E+03  4.3428680E-03
  5.6363799E+03  4.3428680E-03
  5.6493701E+03  4.3428680E-03
  5.6623901E+03  4.3755840E-03
  5.6754502E+03  4.2477534E-03
  5.6885298E+03  4.2937389E-03
  5.7016401E+03  4.2250589E-03
  5.7147900E+03  4.2061815E-03
  5.7279600E+03  4.1458658E-03
  5.7411602E+03  4.1827359E-03
  5.7543999E+03  4.1280556E-03
  5.7676602E+03  4.1280556E-03
  5.7809600E+03  4.1814707E-03
  5.7942900E+03  4.1258647E-03
  5.8076401E+03  4.1310866E-03
  5.8210298E+03  4.1166293E-03
  5.8344502E+03  4.0542334E-03
  5.8478999E+03  4.0414291E-03
  5.8613799E+03  4.0468220E-03
  5.8748901E+03  4.0414291E-03
  5.8884399E+03  4.0172450E-03
  5.9020098E+03  3.9886530E-03
  5.9156099E+03  3.9763683E-03
  5.9292500E+03  3.9378698E-03
  5.9429199E+03  3.9378698E-03
  5.9566201E+03  3.9738915E-03
  5.9703501E+03  3.9378698E-03
  5.9841201E+03  3.9378698E-03
  5.9979102E+03  3.9019710E-03
  6.0117300E+03  3.8892271E-03
  6.0256001E+03  3.8892271E-03
  6.0394800E+03  3.9523044E-03
  6.0534102E+03  3.8875535E-03
  6.0673599E+03  3.8892271E-03
  6.0813501E+03  3.8878012E-03
  6.0953701E+03  3.9110039E-03
  6.1094199E+03  3.9025794E-03
  6.1235000E+03  3.8878012E-03
  6.1376201E+03  3.8878012E-03
  6.1517700E+03  3.9025794E-03
  6.1659502E+03  3.8946797E-03
  6.1801602E+03  3.8946797E-03
  6.1944102E+03  3.8789834E-03
  6.2086899E+03  3.8789834E-03
  6.2230000E+03  3.8038911E-03
  6.2373501E+03  3.8038911E-03
  6.2517300E+03  3.7201459E-03
  6.2661401E+03  3.7046997E-03
  6.2805801E+03  3.6969103E-03
  6.2950601E+03  3.7074869E-03
  6.3095698E+03  3.6969103E-03
  6.3241201E+03  3.6934211E-03
  6.3386899E+03  3.7074869E-03
  6.3533101E+03  3.6760087E-03
  6.3679502E+03  3.6844315E-03
  6.3826299E+03  3.6844315E-03
  6.3973501E+03  3.6529985E-03
  6.4120898E+03  3.6844315E-03
  6.4268799E+03  3.7216453E-03
  6.4416899E+03  3.6844315E-03
  6.4565400E+03  3.7216453E-03
  6.4714199E+03  3.7216453E-03
  6.4863398E+03  3.7216453E-03
  6.5012998E+03  3.6333802E-03
  6.5162798E+03  3.6333802E-03
  6.5312998E+03  3.6333802E-03
  6.5463599E+03  3.5401660E-03
  6.5614502E+03  3.5470799E-03
  6.5765801E+03  3.5668078E-03
  6.5917402E+03  3.6184033E-03
  6.6069302E+03  3.5952209E-03
  6.6221602E+03  3.5870983E-03
  6.6374302E+03  3.5870983E-03
  6.6527300E+03  3.5870983E-03
  6.6680698E+03  3.5952209E-03
  6.6834399E+03  3.5870983E-03
  6.6988501E+03  3.3992233E-03
  6.7142900E+03  3.3992233E-03
  6.7297598E+03  3.4758071E-03
  6.7452798E+03  3.4664965E-03
  6.7608301E+03  3.4802160E-03
  6.7764102E+03  3.4802160E-03
  6.7920400E+03  3.4802160E-03
  6.8076899E+03  3.5527411E-03
  6.8233799E+03  3.5527411E-03
  6.8391099E+03  3.5285496E-03
  6.8548799E+03  3.3986748E-03
  6.8706802E+03  3.3986748E-03
  6.8865200E+03  3.3986748E-03
  6.9023999E+03  3.3986748E-03
  6.9183101E+03  3.3986748E-03
  6.9342598E+03  3.3986748E-03
  6.9502402E+03  3.4110844E-03
  6.9662598E+03  3.4190787E-03
  6.9823198E+03  3.4110844E-03
  6.9984199E+03  3.6305150E-03
  7.0145498E+03  3.7264579E-03
  7.0307202E+03  3.7264579E-03
  7.0469302E+03  3.4823162E-03
  7.0631802E+03  3.2446065E-03
  7.0794600E+03  3.4570531E-03
  7.0957700E+03  3.0322885E-03
  7.1121401E+03  3.0322885E-03
  7.1285298E+03  2.9429162E-03
  7.1449600E+03  3.0664587E-03
  7.1614302E+03  3.1241055E-03
  7.1779399E+03  3.2608742E-03
  7.1944902E+03  3.2608742E-03
  7.2110698E+03  3.2281631E-03
  7.2277002E+03  3.2281631E-03
  7.2443599E+03  3.1635817E-03
  7.2610601E+03  3.1288324E-03
  7.2777998E+03  3.1136458E-03
  7.2945698E+03  3.1136458E-03
  7.3113901E+03  3.1136458E-03
  7.3282500E+03  2.9458064E-03
  7.3451401E+03  2.9214974E-03
  7.3620698E+03  2.9177179E-03
  7.3790400E+03  2.9177179E-03
  7.3960498E+03  2.9214974E-03
  7.4131001E+03  2.9214974E-03
  7.4301899E+03  2.9214974E-03
  7.4473198E+03  2.8793523E-03
  7.4644902E+03  3.0236130E-03
  7.4816899E+03  2.9305473E-03
  7.4989399E+03  2.9305473E-03
  7.5162300E+03  2.9305473E-03
  7.5335498E+03  2.9432701E-03
  7.5509199E+03  2.9305473E-03
  7.5683301E+03  2.8475467E-03
  7.5857700E+03  2.9136138E-03
  7.6032598E+03  2.9119956E-03
  7.6207900E+03  2.5920116E-03
  7.6383599E+03  2.5920116E-03
  7.6559600E+03  2.5920116E-03
  7.6736099E+03  2.7982118E-03
  7.6912998E+03  2.7982118E-03
  7.7090298E+03  2.7694060E-03
  7.7268101E+03  2.7694060E-03
  7.7446201E+03  2.7694060E-03
  7.7624702E+03  2.7926611E-03
  7.7803599E+03  2.7926611E-03
  7.7982998E+03  2.7694060E-03
  7.8162798E+03  2.7926611E-03
  7.8342900E+03  2.7926611E-03
  7.8523599E+03  2.7926611E-03
  7.8704600E+03  2.6727205E-03
  7.8886001E+03  2.6727205E-03
  7.9067900E+03  2.6727205E-03
  7.9250098E+03  2.6727205E-03
  7.9432798E+03  2.6308158E-03
  7.9615898E+03  2.5806939E-03
  7.9799502E+03  2.4629191E-03
  7.9983398E+03  2.4629191E-03
  8.0167798E+03  2.5482310E-03
  8.0352598E+03  2.4629191E-03
  8.0537798E+03  2.5482310E-03
  8.0723501E+03  2.7625789E-03
  8.0909600E+03  2.5482310E-03
  8.1096099E+03  2.5482310E-03
  8.1282998E+03  2.6221701E-03
  8.1470400E+03  2.6388669E-03
  8.1658198E+03  2.6295683E-03
  8.1846499E+03  2.5897813E-03
  8.2035098E+03  2.5896418E-03
  8.2224297E+03  2.5873398E-03
  8.2413799E+03  2.5815484E-03
  8.2603799E+03  2.2072138E-03
  8.2794199E+03  2.5953690E-03
  8.2985098E+03  2.5953690E-03
  8.3176299E+03  2.5953690E-03
  8.3368096E+03  2.5953690E-03
  8.3560303E+03  2.7435282E-03
  8.3752900E+03  2.6405246E-03
  8.3945996E+03  2.3457061E-03
  8.4139502E+03  2.4237675E-03
  8.4333496E+03  2.4237675E-03
  8.4527900E+03  2.4237675E-03
  8.4722695E+03  2.4237675E-03
  8.4917998E+03  2.4400353E-03
  8.5113799E+03  2.4400353E-03
  8.5310000E+03  2.4095257E-03
  8.5506699E+03  2.3127431E-03
  8.5703799E+03  2.3127431E-03
  8.5901396E+03  2.3360795E-03
  8.6099404E+03  2.3127431E-03
  8.6297803E+03  2.3360795E-03
  8.6496699E+03  2.4219493E-03
  8.6696201E+03  2.4606609E-03
  8.6895996E+03  2.4219493E-03
  8.7096299E+03  2.4219493E-03
  8.7297100E+03  2.4219493E-03
  8.7498398E+03  2.3865611E-03
  8.7700000E+03  2.4938311E-03
  8.7902305E+03  2.4938311E-03
  8.8104902E+03  2.4938311E-03
  8.8307998E+03  2.4061417E-03
  8.8511504E+03  2.3511196E-03
  8.8715596E+03  2.4158834E-03
  8.8920098E+03  2.3361025E-03
  8.9125098E+03  2.3613020E-03
  8.9330498E+03  2.3623912E-03
  8.9536504E+03  2.3725887E-03
  8.9742803E+03  2.3516165E-03
  8.9949805E+03  2.2982587E-03
  9.0157100E+03  2.2298049E-03
  9.0364902E+03  2.3502742E-03
  9.0573301E+03  2.3502742E-03
  9.0782002E+03  2.3398066E-03
  9.0991299E+03  2.3398066E-03
  9.1200996E+03  2.3398066E-03
  9.1411299E+03  2.3305265E-03
  9.1622002E+03  2.2001548E-03
  9.1833203E+03  2.2001548E-03
  9.2045000E+03  2.2293457E-03
  9.2257100E+03  2.2293457E-03
  9.2469805E+03  2.1232488E-03
  9.2682998E+03  2.1388375E-03
  9.2896602E+03  2.2240283E-03
  9.3110801E+03  2.2240283E-03
  9.3325400E+03  2.2240283E-03
  9.3540596E+03  2.3076967E-03
  9.3756201E+03  2.3180295E-03
  9.3972305E+03  2.1687513E-03
  9.4189004E+03  2.1540096E-03
  9.4406104E+03  1.9777110E-03
  9.4623701E+03  1.7976710E-03
  9.4841797E+03  1.7976710E-03
  9.5060498E+03  1.9777110E-03
  9.5279600E+03  2.0296893E-03
  9.5499199E+03  2.0296893E-03
  9.5719404E+03  2.0415392E-03
  9.5940000E+03  2.0415392E-03
  9.6161201E+03  2.0637913E-03
  9.6382900E+03  1.9779000E-03
  9.6605098E+03  1.8540552E-03
  9.6827695E+03  1.8540552E-03
  9.7050996E+03  1.8600222E-03
  9.7274697E+03  1.8600222E-03
  9.7498896E+03  1.8600222E-03
  9.7723701E+03  1.8600222E-03
  9.7949004E+03  1.8036654E-03
  9.8174805E+03  1.8036654E-03
  9.8401104E+03  1.9297063E-03
  9.8627900E+03  1.9297063E-03
  9.8855303E+03  1.9653845E-03
  9.9083203E+03  1.9297063E-03
  9.9311602E+03  1.9669300E-03
  9.9540498E+03  1.9498413E-03
  9.9770000E+03  1.9129777E-03
  1.0000000E+04  1.9498413E-03
  1.0000000E+04  1.9498413E-03
  1.0115800E+04  1.8593648E-03
  1.0232940E+04  1.7782589E-03
  1.0351420E+04  1.7629312E-03
  1.0471290E+04  1.7313019E-03
  1.0592540E+04  1.6427272E-03
  1.0715200E+04  1.6751129E-03
  1.0839270E+04  1.5901774E-03
  1.0964780E+04  1.5824825E-03
  1.1091750E+04  1.6947056E-03
  1.1220190E+04  1.6080729E-03
  1.1350100E+04  1.5487990E-03
  1.1481540E+04  1.4903281E-03
  1.1614490E+04  1.4743329E-03
  1.1748980E+04  1.3279737E-03
  1.1885020E+04  1.2639860E-03
  1.2022640E+04  1.3704727E-03
  1.2161860E+04  1.2488682E-03
  1.2302690E+04  1.2743808E-03
  1.2445140E+04  1.3273417E-03
  1.2589250E+04  1.1683118E-03
  1.2735030E+04  1.2488648E-03
  1.2882500E+04  1.0958384E-03
  1.3031660E+04  1.1476739E-03
  1.3182560E+04  1.0390561E-03
  1.3335210E+04  1.0606522E-03
  1.3489630E+04  1.1232171E-03
  1.3645840E+04  1.1056223E-03
  1.3803840E+04  9.9391013E-04
  1.3963680E+04  8.3127595E-04
  1.4125380E+04  9.6166885E-04
  1.4288950E+04  9.3727873E-04
  1.4454390E+04  1.0199744E-03
  1.4621770E+04  7.6468015E-04
  1.4791090E+04  9.3661569E-04
  1.4962360E+04  8.7938068E-04
  1.5135610E+04  9.1589038E-04
  1.5310870E+04  9.1423013E-04
  1.5488170E+04  8.1281195E-04
  1.5667520E+04  8.8899734E-04
  1.5848920E+04  8.5215177E-04
  1.6032450E+04  8.6549524E-04
  1.6218100E+04  8.2724518E-04
  1.6405900E+04  7.9062913E-04
  1.6595859E+04  7.2894298E-04
  1.6788039E+04  6.9133274E-04
  1.6982439E+04  6.3722656E-04
  1.7179090E+04  7.7081093E-04
  1.7378000E+04  7.3751673E-04
  1.7579230E+04  7.3146564E-04
  1.7782789E+04  5.8846973E-04
  1.7988711E+04  6.2567950E-04
  1.8197020E+04  6.1439798E-04
  1.8407711E+04  5.9227401E-04
  1.8620869E+04  5.8215961E-04
  1.8836490E+04  5.5412500E-04
  1.9054619E+04  5.7756860E-04
  1.9275240E+04  5.4786244E-04
  1.9498439E+04  5.0199602E-04
  1.9724230E+04  4.9820868E-04
  1.9952631E+04  4.8799545E-04
  2.0183660E+04  4.8493655E-04
  2.0417381E+04  2.3341834E-04
  2.0653801E+04  4.1321732E-04
  2.0892971E+04  4.2425818E-04
  2.1134881E+04  3.9689487E-04
  2.1379619E+04  3.8627250E-04
  2.1627189E+04  3.6907557E-04
  2.1877619E+04  3.4294478E-04
  2.2130939E+04  3.1745926E-04
  2.2387211E+04  3.2448577E-04
  2.2646439E+04  3.0226869E-04
  2.2908680E+04  2.8111361E-04
  2.3173930E+04  2.9578758E-04
  2.3442279E+04  2.7719460E-04
  2.3713740E+04  2.6887972E-04
  2.3988340E+04  2.5790156E-04
  2.4266109E+04  2.1664178E-04
  2.4547080E+04  2.0144248E-04
  2.4831330E+04  1.7932049E-04
  2.5118869E+04  1.7053552E-04
  2.5409740E+04  1.6963336E-04
  2.5703949E+04  1.7181654E-04
  2.6001590E+04  1.7394569E-04
  2.6302680E+04  1.7824705E-04
  2.6607260E+04  1.7959398E-04
  2.6915340E+04  1.6676697E-04
  2.7227010E+04  1.7433880E-04
  2.7542289E+04  1.7075989E-04
  2.7861221E+04  1.7062262E-04
  2.8183820E+04  1.6148211E-04
  2.8510180E+04  1.4302650E-04
  2.8840320E+04  1.4072962E-04
  2.9174279E+04  1.2946612E-04
  2.9512080E+04  1.1429689E-04
  2.9853820E+04  1.0479089E-04
  3.0199520E+04  1.0291181E-04
  3.0549221E+04  9.9626406E-05
  3.0902939E+04  9.6970041E-05
  3.1260789E+04  9.4544441E-05
  3.1622779E+04  9.1630580E-05
  3.1988961E+04  9.0622052E-05
  3.2359350E+04  9.3163420E-05
  3.2734061E+04  9.8939869E-05
  3.3113109E+04  9.8730758E-05
  3.3496551E+04  8.8333029E-05
  3.3884430E+04  7.8236211E-05
  3.4276770E+04  7.3355994E-05
  3.4673680E+04  7.0666814E-05
  3.5075199E+04  6.8191868E-05
  3.5481359E+04  6.5642475E-05
  3.5892180E+04  6.3085026E-05
  3.6307801E+04  6.0966988E-05
  3.6728230E+04  5.8558708E-05
  3.7153539E+04  5.6189572E-05
  3.7583719E+04  5.3946780E-05
  3.8018930E+04  5.2030107E-05
  3.8459180E+04  5.0321727E-05
  3.8904531E+04  4.8281385E-05
  3.9354988E+04  4.6477475E-05
  3.9810711E+04  4.4453682E-05
  4.0271711E+04  4.3043899E-05
  4.0738039E+04  4.1337888E-05
  4.1209730E+04  3.9888895E-05
  4.1686930E+04  3.8300106E-05
  4.2169648E+04  3.6941492E-05
  4.2657961E+04  3.5704696E-05
  4.3151879E+04  3.2215383E-05
  4.3651570E+04  3.0277872E-05
  4.4157039E+04  2.8415892E-05
  4.4668371E+04  2.7175760E-05
  4.5185621E+04  2.6290096E-05
  4.5708801E+04  2.5825193E-05
  4.6238102E+04  2.5037394E-05
  4.6773520E+04  2.4605906E-05
  4.7315148E+04  2.4120998E-05
  4.7862988E+04  2.3522594E-05
  4.8417230E+04  2.3076967E-05
  4.8977891E+04  2.2439106E-05
  4.9545039E+04  2.1921891E-05
  5.0118699E+04  2.1475889E-05
  5.0699059E+04  2.0980806E-05
  5.1286141E+04  2.0542197E-05
  5.1880020E+04  2.0135094E-05
  5.2480719E+04  1.9716999E-05
  5.3088430E+04  1.9247791E-05
  5.3703180E+04  1.8917597E-05
  5.4325051E+04  1.8570991E-05
  5.4954059E+04  1.8295605E-05
  5.5590410E+04  1.8144208E-05
  5.6234129E+04  1.8169008E-05
  5.6885309E+04  1.8426197E-05
  5.7543961E+04  1.8990080E-05
  5.8210301E+04  1.9946105E-05
  5.8884359E+04  2.1410602E-05
  5.9566230E+04  2.3579896E-05
  6.0255988E+04  2.6693904E-05
  6.0953672E+04  2.9307872E-05
  6.1659500E+04  4.4178090E-05
  6.2373500E+04  6.3548301E-05
  6.3095762E+04  4.6879690E-05
  6.3826320E+04  3.3300988E-05
  6.4565410E+04  2.3447405E-05
  6.5313059E+04  2.1035796E-05
  6.6069367E+04  2.3772365E-05
  6.6834359E+04  2.4508086E-05
  6.7608289E+04  2.5332689E-05
  6.8391172E+04  2.4970408E-05
  6.9183117E+04  2.7148890E-05
  6.9984156E+04  3.4099518E-05
  7.0794562E+04  2.8852797E-05
  7.1614344E+04  2.9902010E-05
  7.2443617E+04  3.2002205E-05
  7.3282406E+04  3.4557914E-05
  7.4131008E+04  3.8598570E-05
  7.4989422E+04  5.1030122E-05
  7.5857781E+04  5.8528687E-05
  7.6736102E+04  6.5711123E-05
  7.7624688E+04  6.3203581E-05
  7.8523562E+04  6.1674866E-05
  7.9432844E+04  5.5492474E-05
  8.0352648E+04  4.4752313E-05
  8.1283023E+04  3.5858619E-05
  8.2224258E+04  3.1712309E-05
  8.3176391E+04  3.1124000E-05
  8.4139547E+04  3.0725892E-05
  8.5113773E+04  3.2170989E-05
  8.6099367E+04  3.4541259E-05
  8.7096367E+04  3.0848496E-05
  8.8104922E+04  2.3212489E-05
  8.9125047E+04  1.6706303E-05
  9.0157102E+04  1.3706999E-05
  9.1201094E+04  1.1973598E-05
  9.2257172E+04  1.0163300E-05
  9.3325383E+04  9.4130955E-06
  9.4406070E+04  9.4127026E-06
  9.5499273E+04  9.4260859E-06
  9.6605117E+04  1.0906703E-05
  9.7723672E+04  1.0442502E-05
  9.8855281E+04  9.1477987E-06
  1.0000000E+05  9.4743027E-06
  1.0115797E+05  9.4628977E-06
  1.0232924E+05  9.5676005E-06
  1.0351419E+05  9.6026033E-06
  1.0471285E+05  1.0216287E-05
  1.0592540E+05  1.1758685E-05
  1.0715198E+05  1.2377386E-05
  1.0839266E+05  1.2725401E-05
  1.0964781E+05  1.4466793E-05
  1.1091750E+05  1.9722000E-05
  1.1220190E+05  3.5103010E-05
  1.1350104E+05  3.9553735E-05
  1.1481534E+05  2.7955508E-05
  1.1614488E+05  1.9488192E-05
  1.1748980E+05  1.5776994E-05
  1.1885017E+05  1.5283596E-05
  1.2022642E+05  1.6535294E-05
  1.2161861E+05  1.5125307E-05
  1.2302692E+05  1.6304410E-05
  1.2445140E+05  1.7103093E-05
  1.2589252E+05  1.8844790E-05
  1.2735031E+05  2.2844608E-05
  1.2882499E+05  1.9718969E-05
  1.3031661E+05  1.1833493E-05
  1.3182564E+05  1.0475505E-05
  1.3335214E+05  1.0138803E-05
  1.3489633E+05  9.4539046E-06
  1.3645823E+05  9.2208975E-06
  1.3803839E+05  8.3349996E-06
  1.3963683E+05  8.2258030E-06
  1.4125378E+05  8.4948897E-06
  1.4288947E+05  8.6893970E-06
  1.4454392E+05  7.7568966E-06
  1.4621770E+05  6.5707009E-06
  1.4791086E+05  5.9462982E-06
  1.4962362E+05  5.7421016E-06
  1.5135606E+05  5.6601025E-06
  1.5310872E+05  6.1103024E-06
  1.5488169E+05  7.7353961E-06
  1.5667517E+05  6.1421988E-06
  1.5848925E+05  6.1404999E-06
  1.6032452E+05  6.1969999E-06
  1.6218103E+05  7.1520994E-06
  1.6405903E+05  8.4543026E-06
  1.6595861E+05  8.5565025E-06
  1.6788036E+05  8.7386034E-06
  1.6982438E+05  1.0169596E-05
  1.7179089E+05  9.1601005E-06
  1.7377998E+05  8.0832961E-06
  1.7579231E+05  6.5957029E-06
  1.7782794E+05  6.0181010E-06
  1.7988714E+05  5.5054006E-06
  1.8196998E+05  5.3781014E-06
  1.8407714E+05  5.2745986E-06
  1.8620870E+05  5.1732982E-06
  1.8836495E+05  5.0739991E-06
  1.9054595E+05  4.9656028E-06
  1.9275242E+05  4.8265006E-06
  1.9498444E+05  4.6908008E-06
  1.9724231E+05  4.5584961E-06
  1.9952631E+05  4.4294998E-06
