  3.1623001E+02  0.0000000E+00
  3.1695999E+02  0.0000000E+00
  3.1769000E+02  0.0000000E+00
  3.1842001E+02  0.0000000E+00
  3.1914999E+02  0.0000000E+00
  3.1989001E+02  0.0000000E+00
  3.2063000E+02  0.0000000E+00
  3.2137000E+02  0.0000000E+00
  3.2210999E+02  0.0000000E+00
  3.2285001E+02  0.0000000E+00
  3.2359000E+02  0.0000000E+00
  3.2434000E+02  0.0000000E+00
  3.2509000E+02  0.0000000E+00
  3.2584000E+02  0.0000000E+00
  3.2659000E+02  0.0000000E+00
  3.2734000E+02  0.0000000E+00
  3.2810001E+02  0.0000000E+00
  3.2885001E+02  0.0000000E+00
  3.2960999E+02  0.0000000E+00
  3.3037000E+02  0.0000000E+00
  3.3113000E+02  0.0000000E+00
  3.3189001E+02  0.0000000E+00
  3.3266000E+02  0.0000000E+00
  3.3342999E+02  0.0000000E+00
  3.3419000E+02  0.0000000E+00
  3.3497000E+02  0.0000000E+00
  3.3573999E+02  0.0000000E+00
  3.3651001E+02  0.0000000E+00
  3.3729001E+02  0.0000000E+00
  3.3806000E+02  0.0000000E+00
  3.3884000E+02  0.0000000E+00
  3.3963000E+02  0.0000000E+00
  3.4041000E+02  0.0000000E+00
  3.4119000E+02  0.0000000E+00
  3.4198001E+02  0.0000000E+00
  3.4276999E+02  0.0000000E+00
  3.4356000E+02  0.0000000E+00
  3.4435001E+02  0.0000000E+00
  3.4514001E+02  0.0000000E+00
  3.4594000E+02  0.0000000E+00
  3.4673999E+02  0.0000000E+00
  3.4754001E+02  0.0000000E+00
  3.4834000E+02  0.0000000E+00
  3.4914001E+02  0.0000000E+00
  3.4995001E+02  0.0000000E+00
  3.5075000E+02  0.0000000E+00
  3.5156000E+02  0.0000000E+00
  3.5237000E+02  0.0000000E+00
  3.5317999E+02  0.0000000E+00
  3.5400000E+02  0.0000000E+00
  3.5481000E+02  0.0000000E+00
  3.5563000E+02  0.0000000E+00
  3.5645001E+02  0.0000000E+00
  3.5726999E+02  0.0000000E+00
  3.5810001E+02  0.0000000E+00
  3.5892001E+02  0.0000000E+00
  3.5975000E+02  0.0000000E+00
  3.6057999E+02  0.0000000E+00
  3.6141000E+02  0.0000000E+00
  3.6223999E+02  0.0000000E+00
  3.6307999E+02  0.0000000E+00
  3.6392001E+02  0.0000000E+00
  3.6475000E+02  0.0000000E+00
  3.6559000E+02  0.0000000E+00
  3.6644000E+02  0.0000000E+00
  3.6728000E+02  0.0000000E+00
  3.6813000E+02  0.0000000E+00
  3.6898001E+02  0.0000000E+00
  3.6982999E+02  0.0000000E+00
  3.7067999E+02  0.0000000E+00
  3.7154001E+02  0.0000000E+00
  3.7239001E+02  0.0000000E+00
  3.7325000E+02  0.0000000E+00
  3.7410999E+02  0.0000000E+00
  3.7497000E+02  0.0000000E+00
  3.7584000E+02  0.0000000E+00
  3.7670001E+02  0.0000000E+00
  3.7757001E+02  0.0000000E+00
  3.7844000E+02  0.0000000E+00
  3.7931000E+02  0.0000000E+00
  3.8019000E+02  0.0000000E+00
  3.8107001E+02  0.0000000E+00
  3.8194000E+02  0.0000000E+00
  3.8282001E+02  0.0000000E+00
  3.8370999E+02  0.0000000E+00
  3.8459000E+02  0.0000000E+00
  3.8548001E+02  0.0000000E+00
  3.8637000E+02  0.0000000E+00
  3.8726001E+02  0.0000000E+00
  3.8814999E+02  0.0000000E+00
  3.8904999E+02  0.0000000E+00
  3.8994000E+02  0.0000000E+00
  3.9084000E+02  0.0000000E+00
  3.9173999E+02  0.0000000E+00
  3.9264999E+02  0.0000000E+00
  3.9354999E+02  0.0000000E+00
  3.9445999E+02  0.0000000E+00
  3.9537000E+02  0.0000000E+00
  3.9628000E+02  0.0000000E+00
  3.9719000E+02  0.0000000E+00
  3.9810999E+02  0.0000000E+00
  3.9901999E+02  0.0000000E+00
  3.9994000E+02  0.0000000E+00
  4.0087000E+02  0.0000000E+00
  4.0179001E+02  0.0000000E+00
  4.0272000E+02  0.0000000E+00
  4.0364999E+02  0.0000000E+00
  4.0457999E+02  0.0000000E+00
  4.0551001E+02  0.0000000E+00
  4.0644000E+02  0.0000000E+00
  4.0738000E+02  0.0000000E+00
  4.0832001E+02  0.0000000E+00
  4.0926001E+02  0.0000000E+00
  4.1020001E+02  0.0000000E+00
  4.1114999E+02  0.0000000E+00
  4.1210001E+02  0.0000000E+00
  4.1304999E+02  0.0000000E+00
  4.1400000E+02  0.0000000E+00
  4.1495001E+02  0.0000000E+00
  4.1591000E+02  0.0000000E+00
  4.1687000E+02  0.0000000E+00
  4.1782999E+02  0.0000000E+00
  4.1879001E+02  0.0000000E+00
  4.1976001E+02  0.0000000E+00
  4.2073001E+02  0.0000000E+00
  4.2170001E+02  0.0000000E+00
  4.2267001E+02  0.0000000E+00
  4.2364001E+02  0.0000000E+00
  4.2462000E+02  0.0000000E+00
  4.2560001E+02  0.0000000E+00
  4.2657999E+02  0.0000000E+00
  4.2756000E+02  0.0000000E+00
  4.2854999E+02  0.0000000E+00
  4.2954001E+02  0.0000000E+00
  4.3053000E+02  0.0000000E+00
  4.3151999E+02  0.0000000E+00
  4.3251001E+02  0.0000000E+00
  4.3351001E+02  0.0000000E+00
  4.3451001E+02  0.0000000E+00
  4.3551001E+02  0.0000000E+00
  4.3651999E+02  0.0000000E+00
  4.3751999E+02  0.0000000E+00
  4.3853000E+02  0.0000000E+00
  4.3954001E+02  0.0000000E+00
  4.4054999E+02  0.0000000E+00
  4.4157001E+02  0.0000000E+00
  4.4259000E+02  0.0000000E+00
  4.4360999E+02  0.0000000E+00
  4.4463000E+02  0.0000000E+00
  4.4566000E+02  0.0000000E+00
  4.4667999E+02  0.0000000E+00
  4.4770999E+02  0.0000000E+00
  4.4875000E+02  0.0000000E+00
  4.4978000E+02  0.0000000E+00
  4.5082001E+02  0.0000000E+00
  4.5185999E+02  0.0000000E+00
  4.5289999E+02  0.0000000E+00
  4.5394000E+02  0.0000000E+00
  4.5498999E+02  0.0000000E+00
  4.5604001E+02  0.0000000E+00
  4.5709000E+02  0.0000000E+00
  4.5814001E+02  0.0000000E+00
  4.5920001E+02  0.0000000E+00
  4.6026001E+02  0.0000000E+00
  4.6132001E+02  0.0000000E+00
  4.6238000E+02  0.0000000E+00
  4.6345001E+02  0.0000000E+00
  4.6451999E+02  0.0000000E+00
  4.6559000E+02  0.0000000E+00
  4.6666000E+02  0.0000000E+00
  4.6773999E+02  0.0000000E+00
  4.6881000E+02  0.0000000E+00
  4.6989001E+02  0.0000000E+00
  4.7098001E+02  0.0000000E+00
  4.7206000E+02  0.0000000E+00
  4.7314999E+02  0.0000000E+00
  4.7423999E+02  0.0000000E+00
  4.7534000E+02  0.0000000E+00
  4.7642999E+02  0.0000000E+00
  4.7753000E+02  0.0000000E+00
  4.7863000E+02  0.0000000E+00
  4.7973001E+02  0.0000000E+00
  4.8084000E+02  0.0000000E+00
  4.8195001E+02  0.0000000E+00
  4.8306000E+02  0.0000000E+00
  4.8417001E+02  0.0000000E+00
  4.8529001E+02  0.0000000E+00
  4.8641000E+02  0.0000000E+00
  4.8753000E+02  0.0000000E+00
  4.8864999E+02  0.0000000E+00
  4.8978000E+02  0.0000000E+00
  4.9091000E+02  0.0000000E+00
  4.9204001E+02  0.0000000E+00
  4.9317001E+02  0.0000000E+00
  4.9431000E+02  0.0000000E+00
  4.9545001E+02  0.0000000E+00
  4.9659000E+02  0.0000000E+00
  4.9773999E+02  0.0000000E+00
  4.9888000E+02  0.0000000E+00
  5.0003000E+02  0.0000000E+00
  5.0119000E+02  0.0000000E+00
  5.0234000E+02  0.0000000E+00
  5.0350000E+02  0.0000000E+00
  5.0466000E+02  0.0000000E+00
  5.0582001E+02  0.0000000E+00
  5.0698999E+02  0.0000000E+00
  5.0816000E+02  0.0000000E+00
  5.0932999E+02  0.0000000E+00
  5.1050000E+02  0.0000000E+00
  5.1167999E+02  0.0000000E+00
  5.1285999E+02  0.0000000E+00
  5.1403998E+02  0.0000000E+00
  5.1522998E+02  0.0000000E+00
  5.1641998E+02  0.0000000E+00
  5.1760999E+02  0.0000000E+00
  5.1879999E+02  0.0000000E+00
  5.2000000E+02  0.0000000E+00
  5.2119000E+02  0.0000000E+00
  5.2240002E+02  0.0000000E+00
  5.2359998E+02  0.0000000E+00
  5.2481000E+02  0.0000000E+00
  5.2602002E+02  0.0000000E+00
  5.2722998E+02  0.0000000E+00
  5.2845001E+02  0.0000000E+00
  5.2965997E+02  0.0000000E+00
  5.3088000E+02  0.0000000E+00
  5.3210999E+02  0.0000000E+00
  5.3333002E+02  0.0000000E+00
  5.3456000E+02  0.0000000E+00
  5.3579999E+02  0.0000000E+00
  5.3703003E+02  0.0000000E+00
  5.3827002E+02  0.0000000E+00
  5.3951001E+02  0.0000000E+00
  5.4075000E+02  0.0000000E+00
  5.4200000E+02  0.0000000E+00
  5.4325000E+02  0.0000000E+00
  5.4450000E+02  0.0000000E+00
  5.4576001E+02  0.0000000E+00
  5.4702002E+02  0.0000000E+00
  5.4828003E+02  0.0000000E+00
  5.4953998E+02  0.0000000E+00
  5.5081000E+02  0.0000000E+00
  5.5208002E+02  0.0000000E+00
  5.5334998E+02  0.0000000E+00
  5.5463000E+02  0.0000000E+00
  5.5590002E+02  0.0000000E+00
  5.5719000E+02  0.0000000E+00
  5.5846997E+02  0.0000000E+00
  5.5976001E+02  0.0000000E+00
  5.6104999E+02  0.0000000E+00
  5.6234003E+02  0.0000000E+00
  5.6364001E+02  0.0000000E+00
  5.6494000E+02  0.0000000E+00
  5.6623999E+02  0.0000000E+00
  5.6753998E+02  0.0000000E+00
  5.6884998E+02  0.0000000E+00
  5.7015997E+02  0.0000000E+00
  5.7147998E+02  0.0000000E+00
  5.7279999E+02  0.0000000E+00
  5.7412000E+02  0.0000000E+00
  5.7544000E+02  0.0000000E+00
  5.7677002E+02  0.0000000E+00
  5.7809998E+02  0.0000000E+00
  5.7942999E+02  0.0000000E+00
  5.8076001E+02  0.0000000E+00
  5.8209998E+02  0.0000000E+00
  5.8345001E+02  0.0000000E+00
  5.8478998E+02  0.0000000E+00
  5.8614001E+02  0.0000000E+00
  5.8748999E+02  0.0000000E+00
  5.8884003E+02  0.0000000E+00
  5.9020001E+02  0.0000000E+00
  5.9156000E+02  0.0000000E+00
  5.9292999E+02  0.0000000E+00
  5.9428998E+02  0.0000000E+00
  5.9565997E+02  0.0000000E+00
  5.9703998E+02  0.0000000E+00
  5.9840997E+02  0.0000000E+00
  5.9978998E+02  0.0000000E+00
  6.0116998E+02  0.0000000E+00
  6.0256000E+02  0.0000000E+00
  6.0395001E+02  0.0000000E+00
  6.0534003E+02  0.0000000E+00
  6.0673999E+02  0.0000000E+00
  6.0813000E+02  0.0000000E+00
  6.0953998E+02  0.0000000E+00
  6.1094000E+02  0.0000000E+00
  6.1234998E+02  0.0000000E+00
  6.1376001E+02  0.0000000E+00
  6.1517999E+02  0.0000000E+00
  6.1659003E+02  0.0000000E+00
  6.1802002E+02  0.0000000E+00
  6.1944000E+02  0.0000000E+00
  6.2087000E+02  0.0000000E+00
  6.2229999E+02  0.0000000E+00
  6.2372998E+02  0.0000000E+00
  6.2516998E+02  0.0000000E+00
  6.2660999E+02  0.0000000E+00
  6.2806000E+02  0.0000000E+00
  6.2951001E+02  0.0000000E+00
  6.3096002E+02  0.0000000E+00
  6.3240997E+02  0.0000000E+00
  6.3387000E+02  0.0000000E+00
  6.3533002E+02  0.0000000E+00
  6.3679999E+02  0.0000000E+00
  6.3826001E+02  0.0000000E+00
  6.3972998E+02  0.0000000E+00
  6.4121002E+02  0.0000000E+00
  6.4269000E+02  0.0000000E+00
  6.4416998E+02  0.0000000E+00
  6.4565002E+02  0.0000000E+00
  6.4714001E+02  0.0000000E+00
  6.4863000E+02  0.0000000E+00
  6.5013000E+02  0.0000000E+00
  6.5163000E+02  0.0000000E+00
  6.5313000E+02  0.0000000E+00
  6.5464001E+02  0.0000000E+00
  6.5615002E+02  0.0000000E+00
  6.5765997E+02  0.0000000E+00
  6.5916998E+02  0.0000000E+00
  6.6069000E+02  0.0000000E+00
  6.6221997E+02  0.0000000E+00
  6.6373999E+02  0.0000000E+00
  6.6527002E+02  0.0000000E+00
  6.6681000E+02  0.0000000E+00
  6.6834003E+02  0.0000000E+00
  6.6988000E+02  0.0000000E+00
  6.7142999E+02  0.0000000E+00
  6.7297998E+02  0.0000000E+00
  6.7453003E+02  0.0000000E+00
  6.7608002E+02  0.0000000E+00
  6.7764001E+02  0.0000000E+00
  6.7920001E+02  0.0000000E+00
  6.8077002E+02  0.0000000E+00
  6.8234003E+02  0.0000000E+00
  6.8390997E+02  0.0000000E+00
  6.8548999E+02  0.0000000E+00
  6.8707001E+02  0.0000000E+00
  6.8865002E+02  0.0000000E+00
  6.9023999E+02  0.0000000E+00
  6.9183002E+02  0.0000000E+00
  6.9342999E+02  0.0000000E+00
  6.9502002E+02  0.0000000E+00
  6.9663000E+02  0.0000000E+00
  6.9822998E+02  0.0000000E+00
  6.9984003E+02  0.0000000E+00
  7.0146002E+02  0.0000000E+00
  7.0307001E+02  0.0000000E+00
  7.0469000E+02  0.0000000E+00
  7.0632001E+02  0.0000000E+00
  7.0795001E+02  0.0000000E+00
  7.0958002E+02  0.0000000E+00
  7.1121002E+02  0.0000000E+00
  7.1284998E+02  0.0000000E+00
  7.1450000E+02  0.0000000E+00
  7.1614001E+02  0.0000000E+00
  7.1778998E+02  0.0000000E+00
  7.1945001E+02  0.0000000E+00
  7.2110999E+02  0.0000000E+00
  7.2277002E+02  0.0000000E+00
  7.2444000E+02  0.0000000E+00
  7.2610999E+02  0.0000000E+00
  7.2778003E+02  0.0000000E+00
  7.2946002E+02  0.0000000E+00
  7.3114001E+02  0.0000000E+00
  7.3282001E+02  0.0000000E+00
  7.3451001E+02  0.0000000E+00
  7.3621002E+02  0.0000000E+00
  7.3790002E+02  0.0000000E+00
  7.3960999E+02  0.0000000E+00
  7.4131000E+02  0.0000000E+00
  7.4302002E+02  0.0000000E+00
  7.4472998E+02  0.0000000E+00
  7.4645001E+02  0.0000000E+00
  7.4816998E+02  0.0000000E+00
  7.4989001E+02  0.0000000E+00
  7.5162000E+02  0.0000000E+00
  7.5335999E+02  0.0000000E+00
  7.5509003E+02  0.0000000E+00
  7.5683002E+02  0.0000000E+00
  7.5858002E+02  0.0000000E+00
  7.6033002E+02  0.0000000E+00
  7.6208002E+02  0.0000000E+00
  7.6384003E+02  0.0000000E+00
  7.6559998E+02  0.0000000E+00
  7.6735999E+02  0.0000000E+00
  7.6913000E+02  0.0000000E+00
  7.7090002E+02  0.0000000E+00
  7.7267999E+02  0.0000000E+00
  7.7446002E+02  0.0000000E+00
  7.7625000E+02  0.0000000E+00
  7.7803998E+02  0.0000000E+00
  7.7983002E+02  0.0000000E+00
  7.8163000E+02  0.0000000E+00
  7.8342999E+02  0.0000000E+00
  7.8523999E+02  0.0000000E+00
  7.8704999E+02  0.0000000E+00
  7.8885999E+02  0.0000000E+00
  7.9067999E+02  0.0000000E+00
  7.9250000E+02  0.0000000E+00
  7.9433002E+02  0.0000000E+00
  7.9615997E+02  0.0000000E+00
  7.9798999E+02  0.0000000E+00
  7.9983002E+02  0.0000000E+00
  8.0167999E+02  0.0000000E+00
  8.0353003E+02  0.0000000E+00
  8.0538000E+02  0.0000000E+00
  8.0723999E+02  0.0000000E+00
  8.0909998E+02  0.0000000E+00
  8.1096002E+02  0.0000000E+00
  8.1283002E+02  0.0000000E+00
  8.1470001E+02  0.0000000E+00
  8.1658002E+02  0.0000000E+00
  8.1846002E+02  0.0000000E+00
  8.2034998E+02  0.0000000E+00
  8.2223999E+02  0.0000000E+00
  8.2414001E+02  0.0000000E+00
  8.2603998E+02  0.0000000E+00
  8.2794000E+02  0.0000000E+00
  8.2984998E+02  0.0000000E+00
  8.3176001E+02  0.0000000E+00
  8.3367999E+02  0.0000000E+00
  8.3559998E+02  0.0000000E+00
  8.3753003E+02  0.0000000E+00
  8.3946002E+02  0.0000000E+00
  8.4140002E+02  0.0000000E+00
  8.4333002E+02  0.0000000E+00
  8.4528003E+02  0.0000000E+00
  8.4722998E+02  0.0000000E+00
  8.4917999E+02  0.0000000E+00
  8.5114001E+02  0.0000000E+00
  8.5309998E+02  0.0000000E+00
  8.5507001E+02  0.0000000E+00
  8.5703998E+02  0.0000000E+00
  8.5901001E+02  0.0000000E+00
  8.6098999E+02  0.0000000E+00
  8.6297998E+02  0.0000000E+00
  8.6496997E+02  0.0000000E+00
  8.6696002E+02  0.0000000E+00
  8.6896002E+02  0.0000000E+00
  8.7096002E+02  0.0000000E+00
  8.7296997E+02  0.0000000E+00
  8.7497998E+02  0.0000000E+00
  8.7700000E+02  0.0000000E+00
  8.7902002E+02  0.0000000E+00
  8.8104999E+02  0.0000000E+00
  8.8308002E+02  0.0000000E+00
  8.8512000E+02  0.0000000E+00
  8.8715997E+02  0.0000000E+00
  8.8920001E+02  0.0000000E+00
  8.9125000E+02  0.0000000E+00
  8.9331000E+02  0.0000000E+00
  8.9535999E+02  0.0000000E+00
  8.9742999E+02  0.0000000E+00
  8.9950000E+02  0.0000000E+00
  9.0157001E+02  3.4684952E-02
  9.0365002E+02  3.4197263E-02
  9.0572998E+02  3.4197263E-02
  9.0782001E+02  3.4743849E-02
  9.0990997E+02  3.5075415E-02
  9.1201001E+02  3.5185400E-02
  9.1410999E+02  3.5075415E-02
  9.1621997E+02  3.5075415E-02
  9.1833002E+02  3.5538852E-02
  9.2045001E+02  3.5538852E-02
  9.2257001E+02  3.5703998E-02
  9.2470001E+02  3.6490761E-02
  9.2683002E+02  3.7174601E-02
  9.2896997E+02  3.7370298E-02
  9.3110999E+02  3.7174601E-02
  9.3325000E+02  3.7597232E-02
  9.3540997E+02  3.7657712E-02
  9.3756000E+02  3.7868861E-02
  9.3971997E+02  3.7866294E-02
  9.4189001E+02  3.8030684E-02
  9.4406000E+02  3.8697641E-02
  9.4623999E+02  3.9238483E-02
  9.4841998E+02  3.9459512E-02
  9.5059998E+02  4.0299308E-02
  9.5279999E+02  4.0578060E-02
  9.5498999E+02  4.1215498E-02
  9.5719000E+02  4.2132001E-02
  9.5940002E+02  4.2373739E-02
  9.6160999E+02  4.3055125E-02
  9.6383002E+02  4.3506529E-02
  9.6604999E+02  4.3558270E-02
  9.6828003E+02  4.4137157E-02
  9.7051001E+02  4.5691017E-02
  9.7275000E+02  4.5775812E-02
  9.7498999E+02  4.6103064E-02
  9.7723999E+02  4.6148136E-02
  9.7948999E+02  4.6732418E-02
  9.8175000E+02  4.6877425E-02
  9.8401001E+02  4.7169678E-02
  9.8628003E+02  4.7530841E-02
  9.8854999E+02  4.7416363E-02
  9.9083002E+02  4.7934446E-02
  9.9312000E+02  4.8078805E-02
  9.9540997E+02  4.9083333E-02
  9.9770001E+02  4.9465287E-02
  1.0000000E+03  4.9083333E-02
  1.0023100E+03  4.9739525E-02
  1.0046200E+03  5.0383382E-02
  1.0069300E+03  5.0591048E-02
  1.0092500E+03  5.2386004E-02
  1.0115800E+03  5.2664146E-02
  1.0139100E+03  5.2913722E-02
  1.0162500E+03  5.3193823E-02
  1.0185900E+03  5.2927885E-02
  1.0209400E+03  5.2927885E-02
  1.0232900E+03  5.3258382E-02
  1.0256500E+03  5.3314433E-02
  1.0280200E+03  5.3595800E-02
  1.0303900E+03  5.3595800E-02
  1.0327600E+03  5.4349631E-02
  1.0351400E+03  5.4563083E-02
  1.0375300E+03  5.4563083E-02
  1.0399200E+03  5.4563083E-02
  1.0423199E+03  5.4349631E-02
  1.0447200E+03  5.4349631E-02
  1.0471300E+03  5.4563083E-02
  1.0495400E+03  5.4349631E-02
  1.0519600E+03  5.4337889E-02
  1.0543900E+03  5.3258382E-02
  1.0568199E+03  5.3193823E-02
  1.0592500E+03  5.2978106E-02
  1.0617000E+03  5.2927885E-02
  1.0641400E+03  5.3193823E-02
  1.0666000E+03  5.2927885E-02
  1.0690500E+03  5.2749027E-02
  1.0715200E+03  5.2927885E-02
  1.0739900E+03  5.2927885E-02
  1.0764700E+03  5.2851565E-02
  1.0789500E+03  5.2749027E-02
  1.0814301E+03  5.2748650E-02
  1.0839301E+03  5.2927885E-02
  1.0864301E+03  5.2749027E-02
  1.0889301E+03  5.2851565E-02
  1.0914399E+03  5.2612696E-02
  1.0939600E+03  5.1494405E-02
  1.0964800E+03  4.9390368E-02
  1.0990100E+03  4.9320474E-02
  1.1015400E+03  4.8908956E-02
  1.1040800E+03  4.8908956E-02
  1.1066200E+03  4.8803642E-02
  1.1091801E+03  4.8404500E-02
  1.1117300E+03  4.7832087E-02
  1.1142900E+03  4.7335956E-02
  1.1168600E+03  4.6754587E-02
  1.1194399E+03  4.6583422E-02
  1.1220200E+03  4.6245232E-02
  1.1246000E+03  4.6031088E-02
  1.1272000E+03  4.6086237E-02
  1.1298000E+03  4.6031088E-02
  1.1324000E+03  4.5160782E-02
  1.1350100E+03  4.5110330E-02
  1.1376300E+03  4.4816986E-02
  1.1402500E+03  4.5093767E-02
  1.1428800E+03  4.5093767E-02
  1.1455100E+03  4.4816986E-02
  1.1481500E+03  4.3970153E-02
  1.1508000E+03  4.3878675E-02
  1.1534500E+03  4.3878675E-02
  1.1561100E+03  4.3970153E-02
  1.1587800E+03  4.3570742E-02
  1.1614500E+03  4.3570742E-02
  1.1641300E+03  4.3550070E-02
  1.1668101E+03  4.2903163E-02
  1.1695000E+03  4.2665377E-02
  1.1722000E+03  4.2570982E-02
  1.1749000E+03  4.2359829E-02
  1.1776100E+03  4.2171445E-02
  1.1803199E+03  4.1781597E-02
  1.1830400E+03  4.1697469E-02
  1.1857700E+03  4.1701268E-02
  1.1885000E+03  4.1701268E-02
  1.1912400E+03  4.1606095E-02
  1.1939900E+03  4.1338749E-02
  1.1967400E+03  4.1263994E-02
  1.1995000E+03  4.1138913E-02
  1.2022600E+03  4.0962275E-02
  1.2050400E+03  4.0723149E-02
  1.2078101E+03  4.0571533E-02
  1.2106000E+03  4.0567625E-02
  1.2133900E+03  4.0383253E-02
  1.2161899E+03  3.9936814E-02
  1.2189900E+03  3.9714191E-02
  1.2218000E+03  3.9455798E-02
  1.2246200E+03  3.9278980E-02
  1.2274399E+03  3.8972870E-02
  1.2302700E+03  3.8972870E-02
  1.2331000E+03  3.8726438E-02
  1.2359500E+03  3.8626306E-02
  1.2388000E+03  3.8396884E-02
  1.2416500E+03  3.8173288E-02
  1.2445100E+03  3.8077805E-02
  1.2473800E+03  3.7843611E-02
  1.2502600E+03  3.7683066E-02
  1.2531400E+03  3.7558034E-02
  1.2560300E+03  3.7295453E-02
  1.2589301E+03  3.6997691E-02
  1.2618300E+03  3.6913920E-02
  1.2647400E+03  3.6733206E-02
  1.2676500E+03  3.6552642E-02
  1.2705699E+03  3.6358185E-02
  1.2735000E+03  3.6274966E-02
  1.2764399E+03  3.6103345E-02
  1.2793800E+03  3.5979308E-02
  1.2823300E+03  3.5803992E-02
  1.2852900E+03  3.5792466E-02
  1.2882500E+03  3.5609238E-02
  1.2912200E+03  3.5609238E-02
  1.2942000E+03  3.5495237E-02
  1.2971801E+03  3.5436805E-02
  1.3001700E+03  3.5418358E-02
  1.3031700E+03  3.5281438E-02
  1.3061700E+03  3.5056897E-02
  1.3091801E+03  3.4845892E-02
  1.3122000E+03  3.4811310E-02
  1.3152200E+03  3.4654357E-02
  1.3182600E+03  3.4811310E-02
  1.3213000E+03  3.4678061E-02
  1.3243400E+03  3.4620360E-02
  1.3273900E+03  3.4504097E-02
  1.3304500E+03  3.4425329E-02
  1.3335200E+03  3.4294929E-02
  1.3366000E+03  3.4189086E-02
  1.3396801E+03  3.3978287E-02
  1.3427700E+03  3.3846032E-02
  1.3458600E+03  3.3741545E-02
  1.3489600E+03  3.3622477E-02
  1.3520699E+03  3.3450216E-02
  1.3551899E+03  3.3441558E-02
  1.3583101E+03  3.3037648E-02
  1.3614399E+03  3.2962076E-02
  1.3645800E+03  3.2862194E-02
  1.3677300E+03  3.2558806E-02
  1.3708800E+03  3.2468613E-02
  1.3740400E+03  3.2495532E-02
  1.3772100E+03  3.2322437E-02
  1.3803800E+03  3.2300998E-02
  1.3835699E+03  3.2086503E-02
  1.3867600E+03  3.1863548E-02
  1.3899500E+03  3.1609595E-02
  1.3931600E+03  3.1605292E-02
  1.3963700E+03  3.1561606E-02
  1.3995900E+03  3.1461772E-02
  1.4028101E+03  3.1313799E-02
  1.4060500E+03  3.1256609E-02
  1.4092900E+03  3.1212710E-02
  1.4125400E+03  3.1068681E-02
  1.4157900E+03  3.0915707E-02
  1.4190601E+03  3.0762693E-02
  1.4223300E+03  3.0729054E-02
  1.4256100E+03  3.0644543E-02
  1.4288900E+03  3.0640170E-02
  1.4321899E+03  3.0517532E-02
  1.4354900E+03  3.0431289E-02
  1.4388000E+03  3.0193543E-02
  1.4421200E+03  3.0193543E-02
  1.4454399E+03  3.0042900E-02
  1.4487700E+03  3.0009042E-02
  1.4521100E+03  2.9950581E-02
  1.4554600E+03  2.9846977E-02
  1.4588101E+03  2.9901436E-02
  1.4621801E+03  2.9901436E-02
  1.4655500E+03  2.9722806E-02
  1.4689301E+03  2.9564139E-02
  1.4723101E+03  2.9367736E-02
  1.4757100E+03  2.9216152E-02
  1.4791100E+03  2.8977167E-02
  1.4825200E+03  2.8964944E-02
  1.4859399E+03  2.8921058E-02
  1.4893600E+03  2.8823674E-02
  1.4927900E+03  2.8619980E-02
  1.4962400E+03  2.8320568E-02
  1.4996801E+03  2.8267654E-02
  1.5031400E+03  2.8029963E-02
  1.5066100E+03  2.7909299E-02
  1.5100800E+03  2.7764885E-02
  1.5135601E+03  2.7623886E-02
  1.5170500E+03  2.7692303E-02
  1.5205500E+03  2.7692303E-02
  1.5240500E+03  2.7601255E-02
  1.5275699E+03  2.7601255E-02
  1.5310900E+03  2.7553361E-02
  1.5346200E+03  2.7547024E-02
  1.5381500E+03  2.7357331E-02
  1.5417000E+03  2.7259022E-02
  1.5452500E+03  2.7145334E-02
  1.5488199E+03  2.7056640E-02
  1.5523900E+03  2.6900787E-02
  1.5559700E+03  2.6852878E-02
  1.5595500E+03  2.6848750E-02
  1.5631500E+03  2.6763318E-02
  1.5667500E+03  2.6621267E-02
  1.5703600E+03  2.6534481E-02
  1.5739800E+03  2.6284922E-02
  1.5776100E+03  2.6226072E-02
  1.5812500E+03  2.6107896E-02
  1.5848900E+03  2.6091756E-02
  1.5885500E+03  2.6006697E-02
  1.5922100E+03  2.5926312E-02
  1.5958800E+03  2.5839871E-02
  1.5995601E+03  2.5972832E-02
  1.6032500E+03  2.5926312E-02
  1.6069399E+03  2.5812974E-02
  1.6106500E+03  2.5812974E-02
  1.6143600E+03  2.5812974E-02
  1.6180800E+03  2.5812974E-02
  1.6218101E+03  2.5743984E-02
  1.6255500E+03  2.5743984E-02
  1.6293000E+03  2.5539435E-02
  1.6330500E+03  2.5245842E-02
  1.6368199E+03  2.4903370E-02
  1.6405900E+03  2.4903370E-02
  1.6443700E+03  2.4576079E-02
  1.6481600E+03  2.4375657E-02
  1.6519600E+03  2.3928786E-02
  1.6557700E+03  2.3682760E-02
  1.6595900E+03  2.3176204E-02
  1.6634100E+03  2.3137990E-02
  1.6672500E+03  2.2300227E-02
  1.6710900E+03  2.2300227E-02
  1.6749399E+03  2.2041654E-02
  1.6788000E+03  2.1915983E-02
  1.6826700E+03  2.1710606E-02
  1.6865500E+03  2.1509664E-02
  1.6904399E+03  2.1185128E-02
  1.6943400E+03  2.1185128E-02
  1.6982400E+03  2.0837810E-02
  1.7021600E+03  2.0768829E-02
  1.7060800E+03  2.0768829E-02
  1.7100200E+03  2.0002319E-02
  1.7139600E+03  2.0002319E-02
  1.7179100E+03  2.0002319E-02
  1.7218700E+03  1.9976279E-02
  1.7258400E+03  1.9784473E-02
  1.7298199E+03  1.9862562E-02
  1.7338000E+03  1.9862562E-02
  1.7378000E+03  1.9712053E-02
  1.7418101E+03  1.9687336E-02
  1.7458199E+03  1.9518433E-02
  1.7498500E+03  1.9518433E-02
  1.7538800E+03  1.8922614E-02
  1.7579200E+03  1.8922614E-02
  1.7619800E+03  1.8884791E-02
  1.7660400E+03  1.8884791E-02
  1.7701100E+03  1.8811140E-02
  1.7741899E+03  1.8614283E-02
  1.7782800E+03  1.8485321E-02
  1.7823800E+03  1.8583341E-02
  1.7864900E+03  1.8397996E-02
  1.7906100E+03  1.8350843E-02
  1.7947300E+03  1.8335160E-02
  1.7988700E+03  1.8174455E-02
  1.8030200E+03  1.7995257E-02
  1.8071700E+03  1.7881760E-02
  1.8113400E+03  1.7755728E-02
  1.8155200E+03  1.7609382E-02
  1.8197000E+03  1.7568642E-02
  1.8239000E+03  1.7432258E-02
  1.8281000E+03  1.7208859E-02
  1.8323101E+03  1.7208859E-02
  1.8365400E+03  1.7070416E-02
  1.8407700E+03  1.6989958E-02
  1.8450200E+03  1.6989958E-02
  1.8492700E+03  1.6787985E-02
  1.8535300E+03  1.6765937E-02
  1.8578000E+03  1.6692616E-02
  1.8620900E+03  1.6526369E-02
  1.8663800E+03  1.6507201E-02
  1.8706801E+03  1.6427886E-02
  1.8749900E+03  1.6427886E-02
  1.8793199E+03  1.6258150E-02
  1.8836500E+03  1.6188499E-02
  1.8879900E+03  1.6168559E-02
  1.8923400E+03  1.6071212E-02
  1.8967100E+03  1.5972879E-02
  1.9010800E+03  1.5945693E-02
  1.9054600E+03  1.5900591E-02
  1.9098500E+03  1.5848855E-02
  1.9142600E+03  1.5825855E-02
  1.9186700E+03  1.5779983E-02
  1.9230900E+03  1.5672937E-02
  1.9275200E+03  1.5562374E-02
  1.9319700E+03  1.5544827E-02
  1.9364200E+03  1.5430953E-02
  1.9408900E+03  1.5427065E-02
  1.9453600E+03  1.5339755E-02
  1.9498400E+03  1.5265601E-02
  1.9543400E+03  1.5127740E-02
  1.9588400E+03  1.5091321E-02
  1.9633600E+03  1.5037211E-02
  1.9678900E+03  1.5023072E-02
  1.9724200E+03  1.4970320E-02
  1.9769700E+03  1.4960281E-02
  1.9815300E+03  1.4909505E-02
  1.9860900E+03  1.4872567E-02
  1.9906700E+03  1.4847742E-02
  1.9952600E+03  1.4806555E-02
  1.9998600E+03  1.4780818E-02
  2.0044700E+03  1.4779788E-02
  2.0090900E+03  1.4739246E-02
  2.0137200E+03  1.4714152E-02
  2.0183700E+03  1.4705705E-02
  2.0230200E+03  1.4705705E-02
  2.0276801E+03  1.4666907E-02
  2.0323600E+03  1.4654272E-02
  2.0370400E+03  1.4649563E-02
  2.0417400E+03  1.4638689E-02
  2.0464399E+03  1.4626110E-02
  2.0511599E+03  1.4606539E-02
  2.0558899E+03  1.4606539E-02
  2.0606299E+03  1.4605938E-02
  2.0653799E+03  1.4560221E-02
  2.0701399E+03  1.4558283E-02
  2.0749099E+03  1.4544838E-02
  2.0797000E+03  1.4498567E-02
  2.0844900E+03  1.4490877E-02
  2.0893000E+03  1.4415776E-02
  2.0941101E+03  1.4405092E-02
  2.0989399E+03  1.4405092E-02
  2.1037800E+03  1.4375061E-02
  2.1086299E+03  1.4354238E-02
  2.1134900E+03  1.4307487E-02
  2.1183601E+03  1.4270391E-02
  2.1232400E+03  1.4247968E-02
  2.1281399E+03  1.4232958E-02
  2.1330400E+03  1.4229919E-02
  2.1379600E+03  1.4207832E-02
  2.1428899E+03  1.4148521E-02
  2.1478301E+03  1.4059090E-02
  2.1527800E+03  1.4048339E-02
  2.1577400E+03  1.4000546E-02
  2.1627200E+03  1.3923347E-02
  2.1677000E+03  1.3842335E-02
  2.1727000E+03  1.3711662E-02
  2.1777100E+03  1.3647666E-02
  2.1827300E+03  1.3566345E-02
  2.1877600E+03  1.3412274E-02
  2.1928000E+03  1.3327402E-02
  2.1978601E+03  1.3249549E-02
  2.2029299E+03  1.3155125E-02
  2.2080000E+03  1.3080802E-02
  2.2130901E+03  1.2954675E-02
  2.2182000E+03  1.2809773E-02
  2.2233101E+03  1.2704192E-02
  2.2284399E+03  1.2621239E-02
  2.2335701E+03  1.2551880E-02
  2.2387200E+03  1.2441018E-02
  2.2438799E+03  1.2363865E-02
  2.2490500E+03  1.2295204E-02
  2.2542400E+03  1.2154263E-02
  2.2594399E+03  1.2059468E-02
  2.2646399E+03  1.1888792E-02
  2.2698601E+03  1.1741388E-02
  2.2751001E+03  1.1643596E-02
  2.2803401E+03  1.1519954E-02
  2.2856001E+03  1.1414643E-02
  2.2908701E+03  1.1337278E-02
  2.2961499E+03  1.1239897E-02
  2.3014399E+03  1.1121020E-02
  2.3067500E+03  1.1001876E-02
  2.3120601E+03  1.0907496E-02
  2.3173899E+03  1.0813931E-02
  2.3227400E+03  1.0707701E-02
  2.3280901E+03  1.0642142E-02
  2.3334600E+03  1.0558834E-02
  2.3388401E+03  1.0473590E-02
  2.3442300E+03  1.0383160E-02
  2.3496299E+03  1.0267142E-02
  2.3550500E+03  1.0199030E-02
  2.3604800E+03  1.0078561E-02
  2.3659199E+03  9.9908309E-03
  2.3713701E+03  9.9100992E-03
  2.3768401E+03  9.8220482E-03
  2.3823201E+03  9.7359493E-03
  2.3878101E+03  9.6627558E-03
  2.3933201E+03  9.5498897E-03
  2.3988301E+03  9.4450386E-03
  2.4043601E+03  9.3975849E-03
  2.4099099E+03  9.3505289E-03
  2.4154600E+03  9.2944624E-03
  2.4210300E+03  9.2311688E-03
  2.4266101E+03  9.1382312E-03
  2.4322000E+03  9.0371314E-03
  2.4378101E+03  8.9117959E-03
  2.4434299E+03  8.8420752E-03
  2.4490601E+03  8.7932078E-03
  2.4547100E+03  8.7589771E-03
  2.4603701E+03  8.7126782E-03
  2.4660400E+03  8.6311707E-03
  2.4717200E+03  8.5875047E-03
  2.4774199E+03  8.5241096E-03
  2.4831299E+03  8.3915778E-03
  2.4888601E+03  8.3110845E-03
  2.4945901E+03  8.2738325E-03
  2.5003501E+03  8.2049668E-03
  2.5061101E+03  8.1645679E-03
  2.5118899E+03  8.0946777E-03
  2.5176799E+03  8.0235619E-03
  2.5234800E+03  7.9654977E-03
  2.5293000E+03  7.8713549E-03
  2.5351299E+03  7.8136846E-03
  2.5409700E+03  7.7691069E-03
  2.5468301E+03  7.7335406E-03
  2.5527000E+03  7.6953489E-03
  2.5585901E+03  7.6373457E-03
  2.5644800E+03  7.5840540E-03
  2.5703899E+03  7.5374460E-03
  2.5763201E+03  7.5012520E-03
  2.5822600E+03  7.4739540E-03
  2.5882100E+03  7.4149729E-03
  2.5941799E+03  7.3932349E-03
  2.6001599E+03  7.3633944E-03
  2.6061499E+03  7.3335096E-03
  2.6121599E+03  7.2862208E-03
  2.6181799E+03  7.2670104E-03
  2.6242200E+03  7.2127860E-03
  2.6302700E+03  7.1611512E-03
  2.6363301E+03  7.1129943E-03
  2.6424099E+03  7.0747710E-03
  2.6485000E+03  7.0103174E-03
  2.6546101E+03  6.9733886E-03
  2.6607200E+03  6.9311955E-03
  2.6668601E+03  6.9077122E-03
  2.6730100E+03  6.8561085E-03
  2.6791699E+03  6.8232240E-03
  2.6853401E+03  6.7970050E-03
  2.6915300E+03  6.7638280E-03
  2.6977400E+03  6.7139408E-03
  2.7039600E+03  6.6711963E-03
  2.7101899E+03  6.6353874E-03
  2.7164399E+03  6.6140136E-03
  2.7227000E+03  6.5867291E-03
  2.7289800E+03  6.5532867E-03
  2.7352700E+03  6.5226029E-03
  2.7415701E+03  6.4915670E-03
  2.7478899E+03  6.4655719E-03
  2.7542300E+03  6.4516058E-03
  2.7605801E+03  6.4304289E-03
  2.7669399E+03  6.4047631E-03
  2.7733201E+03  6.3781594E-03
  2.7797100E+03  6.3576037E-03
  2.7861201E+03  6.3472814E-03
  2.7925400E+03  6.3112150E-03
  2.7989800E+03  6.2777377E-03
  2.8054299E+03  6.2576295E-03
  2.8118999E+03  6.2381509E-03
  2.8183799E+03  6.2122634E-03
  2.8248799E+03  6.1966768E-03
  2.8313899E+03  6.1637461E-03
  2.8379199E+03  6.1300551E-03
  2.8444600E+03  6.1126510E-03
  2.8510200E+03  6.0813925E-03
  2.8575901E+03  6.0625053E-03
  2.8641799E+03  6.0421377E-03
  2.8707800E+03  6.0290499E-03
  2.8773999E+03  6.0061035E-03
  2.8840300E+03  5.9846900E-03
  2.8906799E+03  5.9671057E-03
  2.8973401E+03  5.9483061E-03
  2.9040200E+03  5.9068617E-03
  2.9107200E+03  5.8699134E-03
  2.9174299E+03  5.8318190E-03
  2.9241499E+03  5.8092028E-03
  2.9308899E+03  5.7928367E-03
  2.9376499E+03  5.7721362E-03
  2.9444199E+03  5.7424009E-03
  2.9512100E+03  5.7167346E-03
  2.9580100E+03  5.6999344E-03
  2.9648301E+03  5.6526656E-03
  2.9716699E+03  5.6263809E-03
  2.9785200E+03  5.6112166E-03
  2.9853799E+03  5.5842879E-03
  2.9922600E+03  5.5639413E-03
  2.9991599E+03  5.5515054E-03
  3.0060801E+03  5.5346498E-03
  3.0130100E+03  5.5105775E-03
  3.0199500E+03  5.4881489E-03
  3.0269099E+03  5.4610013E-03
  3.0338899E+03  5.4422929E-03
  3.0408899E+03  5.4247179E-03
  3.0478899E+03  5.3998781E-03
  3.0549199E+03  5.3833355E-03
  3.0619600E+03  5.3640008E-03
  3.0690200E+03  5.3381468E-03
  3.0761001E+03  5.2943202E-03
  3.0831899E+03  5.2774865E-03
  3.0903000E+03  5.2488730E-03
  3.0974199E+03  5.2372473E-03
  3.1045601E+03  5.2249879E-03
  3.1117200E+03  5.1888367E-03
  3.1188899E+03  5.1708538E-03
  3.1260801E+03  5.1350319E-03
  3.1332800E+03  5.1190392E-03
  3.1405100E+03  5.1090866E-03
  3.1477500E+03  5.0718659E-03
  3.1550000E+03  5.0588520E-03
  3.1622800E+03  5.0479574E-03
  3.1695701E+03  5.0170869E-03
  3.1768701E+03  4.9985931E-03
  3.1842000E+03  4.9704057E-03
  3.1915400E+03  4.9525597E-03
  3.1988899E+03  4.9323589E-03
  3.2062700E+03  4.9143392E-03
  3.2136599E+03  4.9082404E-03
  3.2210701E+03  4.8833122E-03
  3.2284900E+03  4.8654960E-03
  3.2359399E+03  4.8483196E-03
  3.2433999E+03  4.8220274E-03
  3.2508701E+03  4.8004640E-03
  3.2583701E+03  4.7895713E-03
  3.2658799E+03  4.7695567E-03
  3.2734099E+03  4.7518318E-03
  3.2809500E+03  4.7444627E-03
  3.2885200E+03  4.7268467E-03
  3.2961001E+03  4.7189048E-03
  3.3036899E+03  4.7141332E-03
  3.3113101E+03  4.7058486E-03
  3.3189399E+03  4.6877116E-03
  3.3265901E+03  4.6764100E-03
  3.3342600E+03  4.6725092E-03
  3.3419500E+03  4.6698679E-03
  3.3496499E+03  4.6585812E-03
  3.3573799E+03  4.6616867E-03
  3.3651201E+03  4.6537169E-03
  3.3728701E+03  4.6515688E-03
  3.3806499E+03  4.6496768E-03
  3.3884399E+03  4.6467553E-03
  3.3962500E+03  4.6496768E-03
  3.4040801E+03  4.6467553E-03
  3.4119299E+03  4.6467553E-03
  3.4197900E+03  4.6505295E-03
  3.4276799E+03  4.6536913E-03
  3.4355801E+03  4.6554673E-03
  3.4435000E+03  4.6540643E-03
  3.4514399E+03  4.6554673E-03
  3.4593899E+03  4.6540643E-03
  3.4673701E+03  4.6535940E-03
  3.4753601E+03  4.6448447E-03
  3.4833701E+03  4.6381690E-03
  3.4913999E+03  4.6389839E-03
  3.4994500E+03  4.6370206E-03
  3.5075200E+03  4.6370206E-03
  3.5156001E+03  4.6370206E-03
  3.5237100E+03  4.6389839E-03
  3.5318301E+03  4.6346947E-03
  3.5399700E+03  4.6451124E-03
  3.5481299E+03  4.6431674E-03
  3.5563101E+03  4.6431674E-03
  3.5645100E+03  4.6431674E-03
  3.5727300E+03  4.6389839E-03
  3.5809600E+03  4.6371529E-03
  3.5892200E+03  4.6371631E-03
  3.5974900E+03  4.6462039E-03
  3.6057900E+03  4.6547926E-03
  3.6141001E+03  4.6624187E-03
  3.6224299E+03  4.6616201E-03
  3.6307800E+03  4.6673715E-03
  3.6391499E+03  4.6673715E-03
  3.6475400E+03  4.6704169E-03
  3.6559500E+03  4.6726298E-03
  3.6643701E+03  4.6730558E-03
  3.6728201E+03  4.6807555E-03
  3.6812900E+03  4.6862350E-03
  3.6897800E+03  4.6862350E-03
  3.6982800E+03  4.6855402E-03
  3.7068101E+03  4.6813856E-03
  3.7153501E+03  4.6813856E-03
  3.7239199E+03  4.7051148E-03
  3.7325000E+03  4.7108964E-03
  3.7411101E+03  4.7116568E-03
  3.7497300E+03  4.7149588E-03
  3.7583701E+03  4.7262525E-03
  3.7670400E+03  4.7336635E-03
  3.7757200E+03  4.7336635E-03
  3.7844199E+03  4.7360575E-03
  3.7931499E+03  4.7336635E-03
  3.8018899E+03  4.7336635E-03
  3.8106599E+03  4.7339336E-03
  3.8194399E+03  4.7369753E-03
  3.8282500E+03  4.7289724E-03
  3.8370701E+03  4.7425930E-03
  3.8459199E+03  4.7435849E-03
  3.8547800E+03  4.7474927E-03
  3.8636699E+03  4.7531100E-03
  3.8725701E+03  4.7595180E-03
  3.8815000E+03  4.7490359E-03
  3.8904500E+03  4.7523743E-03
  3.8994199E+03  4.7523743E-03
  3.9084099E+03  4.7595180E-03
  3.9174199E+03  4.7512054E-03
  3.9264500E+03  4.7524525E-03
  3.9355000E+03  4.7464715E-03
  3.9445701E+03  4.7429367E-03
  3.9536699E+03  4.7309198E-03
  3.9627800E+03  4.7336193E-03
  3.9719199E+03  4.7371234E-03
  3.9810701E+03  4.7280169E-03
  3.9902500E+03  4.7350642E-03
  3.9994500E+03  4.7359611E-03
  4.0086699E+03  4.7432361E-03
  4.0179099E+03  4.7410182E-03
  4.0271699E+03  4.7650291E-03
  4.0364500E+03  4.7665439E-03
  4.0457600E+03  4.7735432E-03
  4.0550901E+03  4.7733076E-03
  4.0644299E+03  4.7530946E-03
  4.0738000E+03  4.7398182E-03
  4.0831899E+03  4.7446163E-03
  4.0926101E+03  4.7446163E-03
  4.1020400E+03  4.7283624E-03
  4.1115000E+03  4.7106976E-03
  4.1209800E+03  4.7043916E-03
  4.1304702E+03  4.6849512E-03
  4.1400000E+03  4.6685096E-03
  4.1495400E+03  4.6616662E-03
  4.1591099E+03  4.6504042E-03
  4.1686899E+03  4.6462910E-03
  4.1782998E+03  4.6424153E-03
  4.1879399E+03  4.6388716E-03
  4.1975898E+03  4.6380898E-03
  4.2072598E+03  4.6371939E-03
  4.2169600E+03  4.6363790E-03
  4.2266899E+03  4.6328986E-03
  4.2364302E+03  4.6272455E-03
  4.2462002E+03  4.6182540E-03
  4.2559800E+03  4.6103103E-03
  4.2657900E+03  4.6074232E-03
  4.2756299E+03  4.5923931E-03
  4.2854800E+03  4.5761531E-03
  4.2953599E+03  4.5483219E-03
  4.3052598E+03  4.5313500E-03
  4.3151899E+03  4.5138458E-03
  4.3251401E+03  4.5021181E-03
  4.3351099E+03  4.4856677E-03
  4.3451001E+03  4.4718669E-03
  4.3551201E+03  4.4611096E-03
  4.3651602E+03  4.4376901E-03
  4.3752202E+03  4.4251662E-03
  4.3853101E+03  4.4119000E-03
  4.3954199E+03  4.3978770E-03
  4.4055498E+03  4.3795975E-03
  4.4157002E+03  4.3680575E-03
  4.4258799E+03  4.3436498E-03
  4.4360801E+03  4.3280851E-03
  4.4463101E+03  4.3028756E-03
  4.4565601E+03  4.2719902E-03
  4.4668301E+03  4.2458577E-03
  4.4771299E+03  4.2320723E-03
  4.4874502E+03  4.2225318E-03
  4.4977998E+03  4.2057405E-03
  4.5081699E+03  4.1945619E-03
  4.5185601E+03  4.1751787E-03
  4.5289702E+03  4.1611199E-03
  4.5394102E+03  4.1437061E-03
  4.5498799E+03  4.1299234E-03
  4.5603701E+03  4.1161659E-03
  4.5708799E+03  4.0841675E-03
  4.5814199E+03  4.0695099E-03
  4.5919800E+03  4.0550055E-03
  4.6025601E+03  4.0427539E-03
  4.6131802E+03  4.0218746E-03
  4.6238101E+03  4.0099914E-03
  4.6344702E+03  3.9971517E-03
  4.6451499E+03  3.9822576E-03
  4.6558599E+03  3.9660498E-03
  4.6665898E+03  3.9524022E-03
  4.6773501E+03  3.9421045E-03
  4.6881299E+03  3.9258618E-03
  4.6989399E+03  3.9147590E-03
  4.7097700E+03  3.8978090E-03
  4.7206299E+03  3.8906813E-03
  4.7315098E+03  3.8666797E-03
  4.7424199E+03  3.8469508E-03
  4.7533501E+03  3.8347843E-03
  4.7643101E+03  3.8280159E-03
  4.7752900E+03  3.8111736E-03
  4.7862998E+03  3.8024527E-03
  4.7973301E+03  3.7947139E-03
  4.8083901E+03  3.7732718E-03
  4.8194800E+03  3.7636973E-03
  4.8305898E+03  3.7420278E-03
  4.8417202E+03  3.7282626E-03
  4.8528799E+03  3.7151824E-03
  4.8640698E+03  3.6910456E-03
  4.8752798E+03  3.6767714E-03
  4.8865200E+03  3.6503121E-03
  4.8977900E+03  3.6218455E-03
  4.9090801E+03  3.6039888E-03
  4.9203901E+03  3.5870944E-03
  4.9317402E+03  3.5752768E-03
  4.9431099E+03  3.5592087E-03
  4.9545000E+03  3.5527959E-03
  4.9659199E+03  3.5395441E-03
  4.9773701E+03  3.5335682E-03
  4.9888398E+03  3.5199826E-03
  5.0003398E+03  3.4996509E-03
  5.0118701E+03  3.4791157E-03
  5.0234302E+03  3.4572848E-03
  5.0350000E+03  3.4287099E-03
  5.0466099E+03  3.4164612E-03
  5.0582500E+03  3.3965837E-03
  5.0699102E+03  3.3864737E-03
  5.0815898E+03  3.3805096E-03
  5.0933101E+03  3.3614780E-03
  5.1050498E+03  3.3533827E-03
  5.1168198E+03  3.3380680E-03
  5.1286099E+03  3.3243799E-03
  5.1404399E+03  3.3089868E-03
  5.1522900E+03  3.2892635E-03
  5.1641602E+03  3.2797214E-03
  5.1760698E+03  3.2593601E-03
  5.1880000E+03  3.2388049E-03
  5.1999600E+03  3.2216588E-03
  5.2119502E+03  3.2053438E-03
  5.2239600E+03  3.1813218E-03
  5.2360000E+03  3.1712360E-03
  5.2480698E+03  3.1472328E-03
  5.2601699E+03  3.1311985E-03
  5.2722998E+03  3.1107960E-03
  5.2844502E+03  3.0849036E-03
  5.2966299E+03  3.0740434E-03
  5.3088398E+03  3.0513001E-03
  5.3210801E+03  3.0329693E-03
  5.3333501E+03  3.0196253E-03
  5.3456401E+03  3.0137163E-03
  5.3579600E+03  2.9941662E-03
  5.3703198E+03  2.9636426E-03
  5.3827002E+03  2.9498844E-03
  5.3951001E+03  2.9164786E-03
  5.4075400E+03  2.8886318E-03
  5.4200098E+03  2.8646246E-03
  5.4325000E+03  2.8437225E-03
  5.4450200E+03  2.8272474E-03
  5.4575801E+03  2.8017978E-03
  5.4701602E+03  2.7867877E-03
  5.4827700E+03  2.7661438E-03
  5.4954102E+03  2.7490205E-03
  5.5080801E+03  2.7467096E-03
  5.5207700E+03  2.7392451E-03
  5.5335000E+03  2.7229656E-03
  5.5462598E+03  2.7097503E-03
  5.5590400E+03  2.6959879E-03
  5.5718501E+03  2.6836416E-03
  5.5847002E+03  2.6535071E-03
  5.5975698E+03  2.6481692E-03
  5.6104800E+03  2.6436055E-03
  5.6234102E+03  2.6406667E-03
  5.6363799E+03  2.6254111E-03
  5.6493701E+03  2.6085561E-03
  5.6623901E+03  2.5950044E-03
  5.6754502E+03  2.5645173E-03
  5.6885298E+03  2.5440489E-03
  5.7016401E+03  2.5333953E-03
  5.7147900E+03  2.5282949E-03
  5.7279600E+03  2.5282949E-03
  5.7411602E+03  2.5117863E-03
  5.7543999E+03  2.4920027E-03
  5.7676602E+03  2.4916786E-03
  5.7809600E+03  2.4667757E-03
  5.7942900E+03  2.4690058E-03
  5.8076401E+03  2.4513053E-03
  5.8210298E+03  2.4372293E-03
  5.8344502E+03  2.4264315E-03
  5.8478999E+03  2.4321675E-03
  5.8613799E+03  2.4264315E-03
  5.8748901E+03  2.4264315E-03
  5.8884399E+03  2.4228790E-03
  5.9020098E+03  2.4211078E-03
  5.9156099E+03  2.4190976E-03
  5.9292500E+03  2.4211078E-03
  5.9429199E+03  2.4035724E-03
  5.9566201E+03  2.3922594E-03
  5.9703501E+03  2.3771948E-03
  5.9841201E+03  2.3771948E-03
  5.9979102E+03  2.3626909E-03
  6.0117300E+03  2.3276177E-03
  6.0256001E+03  2.3040143E-03
  6.0394800E+03  2.2932806E-03
  6.0534102E+03  2.2863804E-03
  6.0673599E+03  2.2789056E-03
  6.0813501E+03  2.2789056E-03
  6.0953701E+03  2.2745186E-03
  6.1094199E+03  2.2585818E-03
  6.1235000E+03  2.2354331E-03
  6.1376201E+03  2.2375791E-03
  6.1517700E+03  2.2382869E-03
  6.1659502E+03  2.2160297E-03
  6.1801602E+03  2.2121803E-03
  6.1944102E+03  2.2160297E-03
  6.2086899E+03  2.2276319E-03
  6.2230000E+03  2.2478399E-03
  6.2373501E+03  2.2318708E-03
  6.2517300E+03  2.2555944E-03
  6.2661401E+03  2.2478399E-03
  6.2805801E+03  2.2007190E-03
  6.2950601E+03  2.1836311E-03
  6.3095698E+03  2.1836311E-03
  6.3241201E+03  2.1569987E-03
  6.3386899E+03  2.1470112E-03
  6.3533101E+03  2.1732696E-03
  6.3679502E+03  2.2007190E-03
  6.3826299E+03  2.2335146E-03
  6.3973501E+03  2.3037766E-03
  6.4120898E+03  2.3053605E-03
  6.4268799E+03  2.3230452E-03
  6.4416899E+03  2.3037766E-03
  6.4565400E+03  2.1679658E-03
  6.4714199E+03  2.1649746E-03
  6.4863398E+03  2.1687634E-03
  6.5012998E+03  2.1679658E-03
  6.5162798E+03  2.1679658E-03
  6.5312998E+03  2.1679658E-03
  6.5463599E+03  2.1964679E-03
  6.5614502E+03  2.1964679E-03
  6.5765801E+03  2.1168150E-03
  6.5917402E+03  2.0835768E-03
  6.6069302E+03  2.1168150E-03
  6.6221602E+03  2.0886913E-03
  6.6374302E+03  2.0884965E-03
  6.6527300E+03  2.0813670E-03
  6.6680698E+03  2.0813670E-03
  6.6834399E+03  2.0784154E-03
  6.6988501E+03  2.0759078E-03
  6.7142900E+03  2.0384495E-03
  6.7297598E+03  2.0384495E-03
  6.7452798E+03  1.9963621E-03
  6.7608301E+03  2.0383308E-03
  6.7764102E+03  2.0383308E-03
  6.7920400E+03  1.9380042E-03
  6.8076899E+03  1.9225657E-03
  6.8233799E+03  1.9225657E-03
  6.8391099E+03  1.9124484E-03
  6.8548799E+03  1.8785914E-03
  6.8706802E+03  1.8480932E-03
  6.8865200E+03  1.9286346E-03
  6.9023999E+03  1.9286346E-03
  6.9183101E+03  1.9286346E-03
  6.9342598E+03  1.9473466E-03
  6.9502402E+03  1.9286346E-03
  6.9662598E+03  1.9168053E-03
  6.9823198E+03  1.8996617E-03
  6.9984199E+03  1.8649556E-03
  7.0145498E+03  1.8207100E-03
  7.0307202E+03  1.8207100E-03
  7.0469302E+03  1.7720327E-03
  7.0631802E+03  1.7939917E-03
  7.0794600E+03  1.7720327E-03
  7.0957700E+03  1.7720327E-03
  7.1121401E+03  1.7420553E-03
  7.1285298E+03  1.7420553E-03
  7.1449600E+03  1.7420553E-03
  7.1614302E+03  1.6172820E-03
  7.1779399E+03  1.6172820E-03
  7.1944902E+03  1.6770350E-03
  7.2110698E+03  1.6770350E-03
  7.2277002E+03  1.6791428E-03
  7.2443599E+03  1.6805695E-03
  7.2610601E+03  1.6805695E-03
  7.2777998E+03  1.6791428E-03
  7.2945698E+03  1.6329213E-03
  7.3113901E+03  1.6329213E-03
  7.3282500E+03  1.6074948E-03
  7.3451401E+03  1.5202785E-03
  7.3620698E+03  1.4955662E-03
  7.3790400E+03  1.5193899E-03
  7.3960498E+03  1.4955662E-03
  7.4131001E+03  1.4928977E-03
  7.4301899E+03  1.4928977E-03
  7.4473198E+03  1.4813181E-03
  7.4644902E+03  1.4813181E-03
  7.4816899E+03  1.4794505E-03
  7.4989399E+03  1.4813181E-03
  7.5162300E+03  1.4438658E-03
  7.5335498E+03  1.4438658E-03
  7.5509199E+03  1.4438658E-03
  7.5683301E+03  1.4074523E-03
  7.5857700E+03  1.4074523E-03
  7.6032598E+03  1.4160535E-03
  7.6207900E+03  1.4152630E-03
  7.6383599E+03  1.4160535E-03
  7.6559600E+03  1.4122021E-03
  7.6736099E+03  1.4152630E-03
  7.6912998E+03  1.4152630E-03
  7.7090298E+03  1.3433092E-03
  7.7268101E+03  1.4184475E-03
  7.7446201E+03  1.3940039E-03
  7.7624702E+03  1.3555479E-03
  7.7803599E+03  1.3554757E-03
  7.7982998E+03  1.3555479E-03
  7.8162798E+03  1.3642355E-03
  7.8342900E+03  1.3611967E-03
  7.8523599E+03  1.3470761E-03
  7.8704600E+03  1.3142135E-03
  7.8886001E+03  1.3401882E-03
  7.9067900E+03  1.3270277E-03
  7.9250098E+03  1.3270277E-03
  7.9432798E+03  1.3142135E-03
  7.9615898E+03  1.3142135E-03
  7.9799502E+03  1.4163979E-03
  7.9983398E+03  1.3366099E-03
  8.0167798E+03  1.3229398E-03
  8.0352598E+03  1.2981992E-03
  8.0537798E+03  1.2694289E-03
  8.0723501E+03  1.2299890E-03
  8.0909600E+03  1.2018696E-03
  8.1096099E+03  1.2018696E-03
  8.1282998E+03  1.1769418E-03
  8.1470400E+03  1.1708506E-03
  8.1658198E+03  1.1708506E-03
  8.1846499E+03  1.1708506E-03
  8.2035098E+03  1.1657689E-03
  8.2224297E+03  1.1646431E-03
  8.2413799E+03  1.1847722E-03
  8.2603799E+03  1.1657689E-03
  8.2794199E+03  1.1646431E-03
  8.2985098E+03  1.1646431E-03
  8.3176299E+03  1.1979206E-03
  8.3368096E+03  1.1936234E-03
  8.3560303E+03  1.1571433E-03
  8.3752900E+03  1.1744215E-03
  8.3945996E+03  1.1608738E-03
  8.4139502E+03  1.1608738E-03
  8.4333496E+03  1.1571433E-03
  8.4527900E+03  1.1156232E-03
  8.4722695E+03  1.0780166E-03
  8.4917998E+03  1.1156232E-03
  8.5113799E+03  1.0596530E-03
  8.5310000E+03  1.0780166E-03
  8.5506699E+03  1.1516020E-03
  8.5703799E+03  1.1516020E-03
  8.5901396E+03  1.1516020E-03
  8.6099404E+03  1.1752277E-03
  8.6297803E+03  1.1516020E-03
  8.6496699E+03  1.1160814E-03
  8.6696201E+03  1.1044969E-03
  8.6895996E+03  1.0950764E-03
  8.7096299E+03  1.0715633E-03
  8.7297100E+03  1.0950764E-03
  8.7498398E+03  1.0736414E-03
  8.7700000E+03  1.0884040E-03
  8.7902305E+03  1.0786583E-03
  8.8104902E+03  1.0786583E-03
  8.8307998E+03  1.0655710E-03
  8.8511504E+03  1.0449223E-03
  8.8715596E+03  9.8065578E-04
  8.8920098E+03  9.3772903E-04
  8.9125098E+03  9.8065578E-04
  8.9330498E+03  9.8065578E-04
  8.9536504E+03  9.9723309E-04
  8.9742803E+03  1.0141386E-03
  8.9949805E+03  1.0472728E-03
  9.0157100E+03  1.0596628E-03
  9.0364902E+03  1.0596628E-03
  9.0573301E+03  1.0472728E-03
  9.0782002E+03  9.8884373E-04
  9.0991299E+03  9.7765797E-04
  9.1200996E+03  9.7108551E-04
  9.1411299E+03  9.6661190E-04
  9.1622002E+03  9.6661190E-04
  9.1833203E+03  8.4433699E-04
  9.2045000E+03  9.7924203E-04
  9.2257100E+03  1.0090340E-03
  9.2469805E+03  1.0349060E-03
  9.2682998E+03  1.0090340E-03
  9.2896602E+03  1.0090340E-03
  9.3110801E+03  8.7830576E-04
  9.3325400E+03  8.7830576E-04
  9.3540596E+03  9.3311910E-04
  9.3756201E+03  9.3648868E-04
  9.3972305E+03  9.3648868E-04
  9.4189004E+03  9.5831859E-04
  9.4406104E+03  9.3311910E-04
  9.4623701E+03  9.3128806E-04
  9.4841797E+03  9.4414514E-04
  9.5060498E+03  9.4414514E-04
  9.5279600E+03  9.6449268E-04
  9.5499199E+03  9.2588243E-04
  9.5719404E+03  9.2320150E-04
  9.5940000E+03  8.8937127E-04
  9.6161201E+03  8.7524974E-04
  9.6382900E+03  8.7524974E-04
  9.6605098E+03  8.7727257E-04
  9.6827695E+03  8.7727257E-04
  9.7050996E+03  8.7537372E-04
  9.7274697E+03  9.0508646E-04
  9.7498896E+03  8.9158578E-04
  9.7723701E+03  8.4885635E-04
  9.7949004E+03  8.4487302E-04
  9.8174805E+03  8.4487302E-04
  9.8401104E+03  8.0709689E-04
  9.8627900E+03  8.3671603E-04
  9.8855303E+03  8.4258115E-04
  9.9083203E+03  8.6014654E-04
  9.9311602E+03  8.6173229E-04
  9.9540498E+03  8.7013928E-04
  9.9770000E+03  8.7013928E-04
  1.0000000E+04  8.7013928E-04
  1.0000000E+04  8.7013928E-04
  1.0115800E+04  8.3620771E-04
  1.0232940E+04  8.4740273E-04
  1.0351420E+04  7.6779589E-04
  1.0471290E+04  7.1448513E-04
  1.0592540E+04  7.1895245E-04
  1.0715200E+04  7.3056429E-04
  1.0839270E+04  6.6586974E-04
  1.0964780E+04  6.7604985E-04
  1.1091750E+04  5.9935381E-04
  1.1220190E+04  6.0530409E-04
  1.1350100E+04  5.9094175E-04
  1.1481540E+04  5.8544724E-04
  1.1614490E+04  5.8047142E-04
  1.1748980E+04  5.5114727E-04
  1.1885020E+04  5.6198274E-04
  1.2022640E+04  5.3824874E-04
  1.2161860E+04  5.0717767E-04
  1.2302690E+04  5.0880940E-04
  1.2445140E+04  4.8246462E-04
  1.2589250E+04  4.9568736E-04
  1.2735030E+04  5.0183485E-04
  1.2882500E+04  4.7952411E-04
  1.3031660E+04  4.4921637E-04
  1.3182560E+04  4.6238353E-04
  1.3335210E+04  4.4756022E-04
  1.3489630E+04  4.3502697E-04
  1.3645840E+04  4.2838784E-04
  1.3803840E+04  4.0542131E-04
  1.3963680E+04  3.8428474E-04
  1.4125380E+04  3.7979006E-04
  1.4288950E+04  3.7179471E-04
  1.4454390E+04  3.6300486E-04
  1.4621770E+04  3.3784521E-04
  1.4791090E+04  3.0211257E-04
  1.4962360E+04  3.2625769E-04
  1.5135610E+04  3.3029105E-04
  1.5310870E+04  3.1526125E-04
  1.5488170E+04  3.0342318E-04
  1.5667520E+04  3.1682083E-04
  1.5848920E+04  3.1450496E-04
  1.6032450E+04  3.1437585E-04
  1.6218100E+04  3.1198809E-04
  1.6405900E+04  3.0329928E-04
  1.6595859E+04  3.0614226E-04
  1.6788039E+04  3.1533377E-04
  1.6982439E+04  2.7555524E-04
  1.7179090E+04  2.4607216E-04
  1.7378000E+04  2.5240125E-04
  1.7579230E+04  2.4857980E-04
  1.7782789E+04  2.3840889E-04
  1.7988711E+04  2.2706336E-04
  1.8197020E+04  2.1751007E-04
  1.8407711E+04  2.1137747E-04
  1.8620869E+04  2.0443443E-04
  1.8836490E+04  1.9617914E-04
  1.9054619E+04  1.9311742E-04
  1.9275240E+04  1.8485478E-04
  1.9498439E+04  1.7417665E-04
  1.9724230E+04  1.7020472E-04
  1.9952631E+04  1.6466448E-04
  2.0183660E+04  1.6022412E-04
  2.0417381E+04  1.5222962E-04
  2.0653801E+04  1.4558814E-04
  2.0892971E+04  1.4224290E-04
  2.1134881E+04  1.3624349E-04
  2.1379619E+04  1.3167845E-04
  2.1627189E+04  1.2503238E-04
  2.1877619E+04  1.2062613E-04
  2.2130939E+04  1.1523844E-04
  2.2387211E+04  1.1220312E-04
  2.2646439E+04  1.0710728E-04
  2.2908680E+04  9.7749100E-05
  2.3173930E+04  9.5579722E-05
  2.3442279E+04  9.0217007E-05
  2.3713740E+04  8.5733729E-05
  2.3988340E+04  8.1844613E-05
  2.4266109E+04  7.5908181E-05
  2.4547080E+04  7.1605224E-05
  2.4831330E+04  6.6179724E-05
  2.5118869E+04  6.3584383E-05
  2.5409740E+04  6.3135609E-05
  2.5703949E+04  6.2346931E-05
  2.6001590E+04  6.1147592E-05
  2.6302680E+04  5.9533406E-05
  2.6607260E+04  5.8292298E-05
  2.6915340E+04  5.6051671E-05
  2.7227010E+04  5.5505454E-05
  2.7542289E+04  5.3437678E-05
  2.7861221E+04  5.2361524E-05
  2.8183820E+04  5.0229817E-05
  2.8510180E+04  4.7387777E-05
  2.8840320E+04  4.5790377E-05
  2.9174279E+04  4.3617700E-05
  2.9512080E+04  4.1042207E-05
  2.9853820E+04  3.9003196E-05
  3.0199520E+04  3.8182417E-05
  3.0549221E+04  3.6942667E-05
  3.0902939E+04  3.5889105E-05
  3.1260789E+04  3.4932185E-05
  3.1622779E+04  3.4032713E-05
  3.1988961E+04  3.5341116E-05
  3.2359350E+04  4.3200285E-05
  3.2734061E+04  5.6801426E-05
  3.3113109E+04  6.0059090E-05
  3.3496551E+04  4.5620709E-05
  3.3884430E+04  3.2135085E-05
  3.4276770E+04  2.7295493E-05
  3.4673680E+04  2.5885802E-05
  3.5075199E+04  2.4970492E-05
  3.5481359E+04  2.4037401E-05
  3.5892180E+04  2.3110590E-05
  3.6307801E+04  2.2340111E-05
  3.6728230E+04  2.1464974E-05
  3.7153539E+04  2.0602098E-05
  3.7583719E+04  1.9794501E-05
  3.8018930E+04  1.9129493E-05
  3.8459180E+04  1.8521894E-05
  3.8904531E+04  1.7808996E-05
  3.9354988E+04  1.7179882E-05
  3.9810711E+04  1.6481099E-05
  4.0271711E+04  1.5981992E-05
  4.0738039E+04  1.5402698E-05
  4.1209730E+04  1.4906906E-05
  4.1686930E+04  1.4342702E-05
  4.2169648E+04  1.3878196E-05
  4.2657961E+04  1.3447398E-05
  4.3151879E+04  1.2192304E-05
  4.3651570E+04  1.1515306E-05
  4.4157039E+04  1.0880103E-05
  4.4668371E+04  1.0465699E-05
  4.5185621E+04  1.0195198E-05
  4.5708801E+04  1.0071899E-05
  4.6238102E+04  9.8370983E-06
  4.6773520E+04  9.7196025E-06
  4.7315148E+04  9.6043959E-06
  4.7862988E+04  9.4337884E-06
  4.8417230E+04  9.3277959E-06
  4.8977891E+04  9.1540978E-06
  4.9545039E+04  9.0118010E-06
  5.0118699E+04  8.9000960E-06
  5.0699059E+04  8.7569961E-06
  5.1286141E+04  8.6340006E-06
  5.1880020E+04  8.5385027E-06
  5.2480719E+04  8.4283975E-06
  5.3088430E+04  8.2999049E-06
  5.3703180E+04  8.2208999E-06
  5.4325051E+04  8.1075968E-06
  5.4954059E+04  8.0441014E-06
  5.5590410E+04  7.9806996E-06
  5.6234129E+04  7.9145038E-06
  5.6885309E+04  7.8647981E-06
  5.7543961E+04  7.6917040E-06
  5.8210301E+04  7.4549971E-06
  5.8884359E+04  7.1614973E-06
  5.9566230E+04  6.8172035E-06
  6.0255988E+04  7.0699953E-06
  6.0953672E+04  8.4809008E-06
  6.1659500E+04  1.4040798E-05
  6.2373500E+04  2.1998203E-05
  6.3095762E+04  1.5976693E-05
  6.3826320E+04  1.0204504E-05
  6.4565410E+04  7.7186996E-06
  6.5313059E+04  6.5894924E-06
  6.6069367E+04  6.9455973E-06
  6.6834359E+04  7.0485025E-06
  6.7608289E+04  7.0154956E-06
  6.8391172E+04  6.7129936E-06
  6.9183117E+04  7.6287006E-06
  6.9984156E+04  9.0402027E-06
  7.0794562E+04  8.1660964E-06
  7.1614344E+04  8.7649032E-06
  7.2443617E+04  9.1435004E-06
  7.3282406E+04  1.0453801E-05
  7.4131008E+04  1.2654079E-05
  7.4989422E+04  1.6411308E-05
  7.5857781E+04  1.9733501E-05
  7.6736102E+04  2.1376989E-05
  7.7624688E+04  1.9981593E-05
  7.8523562E+04  1.8990704E-05
  7.9432844E+04  1.6183505E-05
  8.0352648E+04  1.2568396E-05
  8.1283023E+04  1.0498499E-05
  8.2224258E+04  9.0705971E-06
  8.3176391E+04  8.7902972E-06
  8.4139547E+04  8.7286880E-06
  8.5113773E+04  9.1729025E-06
  8.6099367E+04  1.0117897E-05
  8.7096367E+04  9.1660968E-06
  8.8104922E+04  6.4525020E-06
  8.9125047E+04  4.6940982E-06
  9.0157102E+04  3.6955973E-06
  9.1201094E+04  3.0182016E-06
  9.2257172E+04  2.7316000E-06
  9.3325383E+04  2.7024012E-06
  9.4406070E+04  2.6506987E-06
  9.5499273E+04  2.4193992E-06
  9.6605117E+04  2.5940999E-06
  9.7723672E+04  2.4965009E-06
  9.8855281E+04  2.1548992E-06
  1.0000000E+05  1.9471979E-06
  1.0115797E+05  2.0509001E-06
  1.0232924E+05  2.0764994E-06
  1.0351419E+05  2.0908988E-06
  1.0471285E+05  2.3675000E-06
  1.0592540E+05  2.9639989E-06
  1.0715198E+05  2.9458015E-06
  1.0839266E+05  3.0628012E-06
  1.0964781E+05  3.8011003E-06
  1.1091750E+05  5.2311989E-06
  1.1220190E+05  9.3836970E-06
  1.1350104E+05  1.0408105E-05
  1.1481534E+05  7.1531986E-06
  1.1614488E+05  5.1950988E-06
  1.1748980E+05  4.4843996E-06
  1.1885017E+05  4.5174011E-06
  1.2022642E+05  4.8677025E-06
  1.2161861E+05  4.6306022E-06
  1.2302692E+05  5.0101976E-06
  1.2445140E+05  5.3553977E-06
  1.2589252E+05  5.9997005E-06
  1.2735031E+05  7.6258034E-06
  1.2882499E+05  6.6979005E-06
  1.3031661E+05  4.0648010E-06
  1.3182564E+05  3.6241011E-06
  1.3335214E+05  3.5676949E-06
  1.3489633E+05  3.4944001E-06
  1.3645823E+05  3.5748981E-06
  1.3803839E+05  3.2160995E-06
  1.3963683E+05  3.2207993E-06
  1.4125378E+05  3.1378013E-06
  1.4288947E+05  3.1088991E-06
  1.4454392E+05  3.1130014E-06
  1.4621770E+05  3.1174000E-06
  1.4791086E+05  3.1220961E-06
  1.4962362E+05  3.1267994E-06
  1.5135606E+05  3.1315992E-06
  1.5310872E+05  3.1362995E-06
  1.5488169E+05  3.1412965E-06
  1.5667517E+05  3.1464986E-06
  1.5848925E+05  3.1519999E-06
  1.6032452E+05  3.1570012E-06
  1.6218103E+05  3.1590989E-06
  1.6405903E+05  3.1612988E-06
  1.6595861E+05  3.1636980E-06
  1.6788036E+05  3.1662000E-06
  1.6982438E+05  3.1688014E-06
  1.7179089E+05  3.1717009E-06
  1.7377998E+05  3.1745997E-06
  1.7579231E+05  3.1776997E-06
  1.7782794E+05  3.1809986E-06
  1.7988714E+05  3.1846016E-06
  1.8196998E+05  3.1863992E-06
  1.8407714E+05  3.1872005E-06
  1.8620870E+05  3.1872005E-06
  1.8836495E+05  3.1863992E-06
  1.9054595E+05  3.1858956E-06
  1.9275242E+05  3.1882996E-06
  1.9498444E+05  3.1898016E-06
  1.9724231E+05  3.1904005E-06
  1.9952631E+05  3.1902009E-06
