  3.1623001E+02  0.0000000E+00
  3.1695999E+02  0.0000000E+00
  3.1769000E+02  0.0000000E+00
  3.1842001E+02  0.0000000E+00
  3.1914999E+02  0.0000000E+00
  3.1989001E+02  0.0000000E+00
  3.2063000E+02  0.0000000E+00
  3.2137000E+02  0.0000000E+00
  3.2210999E+02  0.0000000E+00
  3.2285001E+02  0.0000000E+00
  3.2359000E+02  0.0000000E+00
  3.2434000E+02  0.0000000E+00
  3.2509000E+02  0.0000000E+00
  3.2584000E+02  0.0000000E+00
  3.2659000E+02  0.0000000E+00
  3.2734000E+02  0.0000000E+00
  3.2810001E+02  0.0000000E+00
  3.2885001E+02  0.0000000E+00
  3.2960999E+02  0.0000000E+00
  3.3037000E+02  0.0000000E+00
  3.3113000E+02  0.0000000E+00
  3.3189001E+02  0.0000000E+00
  3.3266000E+02  0.0000000E+00
  3.3342999E+02  0.0000000E+00
  3.3419000E+02  0.0000000E+00
  3.3497000E+02  0.0000000E+00
  3.3573999E+02  0.0000000E+00
  3.3651001E+02  0.0000000E+00
  3.3729001E+02  0.0000000E+00
  3.3806000E+02  0.0000000E+00
  3.3884000E+02  0.0000000E+00
  3.3963000E+02  0.0000000E+00
  3.4041000E+02  0.0000000E+00
  3.4119000E+02  0.0000000E+00
  3.4198001E+02  0.0000000E+00
  3.4276999E+02  0.0000000E+00
  3.4356000E+02  0.0000000E+00
  3.4435001E+02  0.0000000E+00
  3.4514001E+02  0.0000000E+00
  3.4594000E+02  0.0000000E+00
  3.4673999E+02  0.0000000E+00
  3.4754001E+02  0.0000000E+00
  3.4834000E+02  0.0000000E+00
  3.4914001E+02  0.0000000E+00
  3.4995001E+02  0.0000000E+00
  3.5075000E+02  0.0000000E+00
  3.5156000E+02  0.0000000E+00
  3.5237000E+02  0.0000000E+00
  3.5317999E+02  0.0000000E+00
  3.5400000E+02  0.0000000E+00
  3.5481000E+02  0.0000000E+00
  3.5563000E+02  0.0000000E+00
  3.5645001E+02  0.0000000E+00
  3.5726999E+02  0.0000000E+00
  3.5810001E+02  0.0000000E+00
  3.5892001E+02  0.0000000E+00
  3.5975000E+02  0.0000000E+00
  3.6057999E+02  0.0000000E+00
  3.6141000E+02  0.0000000E+00
  3.6223999E+02  0.0000000E+00
  3.6307999E+02  0.0000000E+00
  3.6392001E+02  0.0000000E+00
  3.6475000E+02  0.0000000E+00
  3.6559000E+02  0.0000000E+00
  3.6644000E+02  0.0000000E+00
  3.6728000E+02  0.0000000E+00
  3.6813000E+02  0.0000000E+00
  3.6898001E+02  0.0000000E+00
  3.6982999E+02  0.0000000E+00
  3.7067999E+02  0.0000000E+00
  3.7154001E+02  0.0000000E+00
  3.7239001E+02  0.0000000E+00
  3.7325000E+02  0.0000000E+00
  3.7410999E+02  0.0000000E+00
  3.7497000E+02  0.0000000E+00
  3.7584000E+02  0.0000000E+00
  3.7670001E+02  0.0000000E+00
  3.7757001E+02  0.0000000E+00
  3.7844000E+02  0.0000000E+00
  3.7931000E+02  0.0000000E+00
  3.8019000E+02  0.0000000E+00
  3.8107001E+02  0.0000000E+00
  3.8194000E+02  0.0000000E+00
  3.8282001E+02  0.0000000E+00
  3.8370999E+02  0.0000000E+00
  3.8459000E+02  0.0000000E+00
  3.8548001E+02  0.0000000E+00
  3.8637000E+02  0.0000000E+00
  3.8726001E+02  0.0000000E+00
  3.8814999E+02  0.0000000E+00
  3.8904999E+02  0.0000000E+00
  3.8994000E+02  0.0000000E+00
  3.9084000E+02  0.0000000E+00
  3.9173999E+02  0.0000000E+00
  3.9264999E+02  0.0000000E+00
  3.9354999E+02  0.0000000E+00
  3.9445999E+02  0.0000000E+00
  3.9537000E+02  0.0000000E+00
  3.9628000E+02  0.0000000E+00
  3.9719000E+02  0.0000000E+00
  3.9810999E+02  0.0000000E+00
  3.9901999E+02  0.0000000E+00
  3.9994000E+02  0.0000000E+00
  4.0087000E+02  0.0000000E+00
  4.0179001E+02  0.0000000E+00
  4.0272000E+02  0.0000000E+00
  4.0364999E+02  0.0000000E+00
  4.0457999E+02  0.0000000E+00
  4.0551001E+02  0.0000000E+00
  4.0644000E+02  0.0000000E+00
  4.0738000E+02  0.0000000E+00
  4.0832001E+02  0.0000000E+00
  4.0926001E+02  0.0000000E+00
  4.1020001E+02  0.0000000E+00
  4.1114999E+02  0.0000000E+00
  4.1210001E+02  0.0000000E+00
  4.1304999E+02  0.0000000E+00
  4.1400000E+02  0.0000000E+00
  4.1495001E+02  0.0000000E+00
  4.1591000E+02  0.0000000E+00
  4.1687000E+02  0.0000000E+00
  4.1782999E+02  0.0000000E+00
  4.1879001E+02  0.0000000E+00
  4.1976001E+02  0.0000000E+00
  4.2073001E+02  0.0000000E+00
  4.2170001E+02  0.0000000E+00
  4.2267001E+02  0.0000000E+00
  4.2364001E+02  0.0000000E+00
  4.2462000E+02  0.0000000E+00
  4.2560001E+02  0.0000000E+00
  4.2657999E+02  0.0000000E+00
  4.2756000E+02  0.0000000E+00
  4.2854999E+02  0.0000000E+00
  4.2954001E+02  0.0000000E+00
  4.3053000E+02  0.0000000E+00
  4.3151999E+02  0.0000000E+00
  4.3251001E+02  0.0000000E+00
  4.3351001E+02  0.0000000E+00
  4.3451001E+02  0.0000000E+00
  4.3551001E+02  0.0000000E+00
  4.3651999E+02  0.0000000E+00
  4.3751999E+02  0.0000000E+00
  4.3853000E+02  0.0000000E+00
  4.3954001E+02  0.0000000E+00
  4.4054999E+02  0.0000000E+00
  4.4157001E+02  0.0000000E+00
  4.4259000E+02  0.0000000E+00
  4.4360999E+02  0.0000000E+00
  4.4463000E+02  0.0000000E+00
  4.4566000E+02  0.0000000E+00
  4.4667999E+02  0.0000000E+00
  4.4770999E+02  0.0000000E+00
  4.4875000E+02  0.0000000E+00
  4.4978000E+02  0.0000000E+00
  4.5082001E+02  0.0000000E+00
  4.5185999E+02  0.0000000E+00
  4.5289999E+02  0.0000000E+00
  4.5394000E+02  0.0000000E+00
  4.5498999E+02  0.0000000E+00
  4.5604001E+02  0.0000000E+00
  4.5709000E+02  0.0000000E+00
  4.5814001E+02  0.0000000E+00
  4.5920001E+02  0.0000000E+00
  4.6026001E+02  0.0000000E+00
  4.6132001E+02  0.0000000E+00
  4.6238000E+02  0.0000000E+00
  4.6345001E+02  0.0000000E+00
  4.6451999E+02  0.0000000E+00
  4.6559000E+02  0.0000000E+00
  4.6666000E+02  0.0000000E+00
  4.6773999E+02  0.0000000E+00
  4.6881000E+02  0.0000000E+00
  4.6989001E+02  0.0000000E+00
  4.7098001E+02  0.0000000E+00
  4.7206000E+02  0.0000000E+00
  4.7314999E+02  0.0000000E+00
  4.7423999E+02  0.0000000E+00
  4.7534000E+02  0.0000000E+00
  4.7642999E+02  0.0000000E+00
  4.7753000E+02  0.0000000E+00
  4.7863000E+02  0.0000000E+00
  4.7973001E+02  0.0000000E+00
  4.8084000E+02  0.0000000E+00
  4.8195001E+02  0.0000000E+00
  4.8306000E+02  0.0000000E+00
  4.8417001E+02  0.0000000E+00
  4.8529001E+02  0.0000000E+00
  4.8641000E+02  0.0000000E+00
  4.8753000E+02  0.0000000E+00
  4.8864999E+02  0.0000000E+00
  4.8978000E+02  0.0000000E+00
  4.9091000E+02  0.0000000E+00
  4.9204001E+02  0.0000000E+00
  4.9317001E+02  0.0000000E+00
  4.9431000E+02  0.0000000E+00
  4.9545001E+02  0.0000000E+00
  4.9659000E+02  0.0000000E+00
  4.9773999E+02  0.0000000E+00
  4.9888000E+02  0.0000000E+00
  5.0003000E+02  0.0000000E+00
  5.0119000E+02  0.0000000E+00
  5.0234000E+02  0.0000000E+00
  5.0350000E+02  0.0000000E+00
  5.0466000E+02  0.0000000E+00
  5.0582001E+02  0.0000000E+00
  5.0698999E+02  0.0000000E+00
  5.0816000E+02  0.0000000E+00
  5.0932999E+02  0.0000000E+00
  5.1050000E+02  0.0000000E+00
  5.1167999E+02  0.0000000E+00
  5.1285999E+02  0.0000000E+00
  5.1403998E+02  0.0000000E+00
  5.1522998E+02  0.0000000E+00
  5.1641998E+02  0.0000000E+00
  5.1760999E+02  0.0000000E+00
  5.1879999E+02  0.0000000E+00
  5.2000000E+02  0.0000000E+00
  5.2119000E+02  0.0000000E+00
  5.2240002E+02  0.0000000E+00
  5.2359998E+02  0.0000000E+00
  5.2481000E+02  0.0000000E+00
  5.2602002E+02  0.0000000E+00
  5.2722998E+02  0.0000000E+00
  5.2845001E+02  0.0000000E+00
  5.2965997E+02  0.0000000E+00
  5.3088000E+02  0.0000000E+00
  5.3210999E+02  0.0000000E+00
  5.3333002E+02  0.0000000E+00
  5.3456000E+02  0.0000000E+00
  5.3579999E+02  0.0000000E+00
  5.3703003E+02  0.0000000E+00
  5.3827002E+02  0.0000000E+00
  5.3951001E+02  0.0000000E+00
  5.4075000E+02  0.0000000E+00
  5.4200000E+02  0.0000000E+00
  5.4325000E+02  0.0000000E+00
  5.4450000E+02  0.0000000E+00
  5.4576001E+02  0.0000000E+00
  5.4702002E+02  0.0000000E+00
  5.4828003E+02  0.0000000E+00
  5.4953998E+02  0.0000000E+00
  5.5081000E+02  0.0000000E+00
  5.5208002E+02  0.0000000E+00
  5.5334998E+02  0.0000000E+00
  5.5463000E+02  0.0000000E+00
  5.5590002E+02  0.0000000E+00
  5.5719000E+02  0.0000000E+00
  5.5846997E+02  0.0000000E+00
  5.5976001E+02  0.0000000E+00
  5.6104999E+02  0.0000000E+00
  5.6234003E+02  0.0000000E+00
  5.6364001E+02  0.0000000E+00
  5.6494000E+02  0.0000000E+00
  5.6623999E+02  0.0000000E+00
  5.6753998E+02  0.0000000E+00
  5.6884998E+02  0.0000000E+00
  5.7015997E+02  0.0000000E+00
  5.7147998E+02  0.0000000E+00
  5.7279999E+02  0.0000000E+00
  5.7412000E+02  0.0000000E+00
  5.7544000E+02  0.0000000E+00
  5.7677002E+02  0.0000000E+00
  5.7809998E+02  0.0000000E+00
  5.7942999E+02  0.0000000E+00
  5.8076001E+02  0.0000000E+00
  5.8209998E+02  0.0000000E+00
  5.8345001E+02  0.0000000E+00
  5.8478998E+02  0.0000000E+00
  5.8614001E+02  0.0000000E+00
  5.8748999E+02  0.0000000E+00
  5.8884003E+02  0.0000000E+00
  5.9020001E+02  0.0000000E+00
  5.9156000E+02  0.0000000E+00
  5.9292999E+02  0.0000000E+00
  5.9428998E+02  0.0000000E+00
  5.9565997E+02  0.0000000E+00
  5.9703998E+02  0.0000000E+00
  5.9840997E+02  0.0000000E+00
  5.9978998E+02  0.0000000E+00
  6.0116998E+02  0.0000000E+00
  6.0256000E+02  0.0000000E+00
  6.0395001E+02  0.0000000E+00
  6.0534003E+02  0.0000000E+00
  6.0673999E+02  0.0000000E+00
  6.0813000E+02  0.0000000E+00
  6.0953998E+02  0.0000000E+00
  6.1094000E+02  0.0000000E+00
  6.1234998E+02  0.0000000E+00
  6.1376001E+02  0.0000000E+00
  6.1517999E+02  0.0000000E+00
  6.1659003E+02  0.0000000E+00
  6.1802002E+02  0.0000000E+00
  6.1944000E+02  0.0000000E+00
  6.2087000E+02  0.0000000E+00
  6.2229999E+02  0.0000000E+00
  6.2372998E+02  0.0000000E+00
  6.2516998E+02  0.0000000E+00
  6.2660999E+02  0.0000000E+00
  6.2806000E+02  0.0000000E+00
  6.2951001E+02  0.0000000E+00
  6.3096002E+02  0.0000000E+00
  6.3240997E+02  0.0000000E+00
  6.3387000E+02  0.0000000E+00
  6.3533002E+02  0.0000000E+00
  6.3679999E+02  0.0000000E+00
  6.3826001E+02  0.0000000E+00
  6.3972998E+02  0.0000000E+00
  6.4121002E+02  0.0000000E+00
  6.4269000E+02  0.0000000E+00
  6.4416998E+02  0.0000000E+00
  6.4565002E+02  0.0000000E+00
  6.4714001E+02  0.0000000E+00
  6.4863000E+02  0.0000000E+00
  6.5013000E+02  0.0000000E+00
  6.5163000E+02  0.0000000E+00
  6.5313000E+02  0.0000000E+00
  6.5464001E+02  0.0000000E+00
  6.5615002E+02  0.0000000E+00
  6.5765997E+02  0.0000000E+00
  6.5916998E+02  0.0000000E+00
  6.6069000E+02  0.0000000E+00
  6.6221997E+02  0.0000000E+00
  6.6373999E+02  0.0000000E+00
  6.6527002E+02  0.0000000E+00
  6.6681000E+02  0.0000000E+00
  6.6834003E+02  0.0000000E+00
  6.6988000E+02  0.0000000E+00
  6.7142999E+02  0.0000000E+00
  6.7297998E+02  0.0000000E+00
  6.7453003E+02  0.0000000E+00
  6.7608002E+02  0.0000000E+00
  6.7764001E+02  0.0000000E+00
  6.7920001E+02  0.0000000E+00
  6.8077002E+02  0.0000000E+00
  6.8234003E+02  0.0000000E+00
  6.8390997E+02  0.0000000E+00
  6.8548999E+02  0.0000000E+00
  6.8707001E+02  0.0000000E+00
  6.8865002E+02  0.0000000E+00
  6.9023999E+02  0.0000000E+00
  6.9183002E+02  0.0000000E+00
  6.9342999E+02  0.0000000E+00
  6.9502002E+02  0.0000000E+00
  6.9663000E+02  0.0000000E+00
  6.9822998E+02  0.0000000E+00
  6.9984003E+02  0.0000000E+00
  7.0146002E+02  0.0000000E+00
  7.0307001E+02  0.0000000E+00
  7.0469000E+02  0.0000000E+00
  7.0632001E+02  0.0000000E+00
  7.0795001E+02  0.0000000E+00
  7.0958002E+02  0.0000000E+00
  7.1121002E+02  0.0000000E+00
  7.1284998E+02  0.0000000E+00
  7.1450000E+02  0.0000000E+00
  7.1614001E+02  0.0000000E+00
  7.1778998E+02  0.0000000E+00
  7.1945001E+02  0.0000000E+00
  7.2110999E+02  0.0000000E+00
  7.2277002E+02  0.0000000E+00
  7.2444000E+02  0.0000000E+00
  7.2610999E+02  0.0000000E+00
  7.2778003E+02  0.0000000E+00
  7.2946002E+02  0.0000000E+00
  7.3114001E+02  0.0000000E+00
  7.3282001E+02  0.0000000E+00
  7.3451001E+02  0.0000000E+00
  7.3621002E+02  0.0000000E+00
  7.3790002E+02  0.0000000E+00
  7.3960999E+02  0.0000000E+00
  7.4131000E+02  0.0000000E+00
  7.4302002E+02  0.0000000E+00
  7.4472998E+02  0.0000000E+00
  7.4645001E+02  0.0000000E+00
  7.4816998E+02  0.0000000E+00
  7.4989001E+02  0.0000000E+00
  7.5162000E+02  0.0000000E+00
  7.5335999E+02  0.0000000E+00
  7.5509003E+02  0.0000000E+00
  7.5683002E+02  0.0000000E+00
  7.5858002E+02  0.0000000E+00
  7.6033002E+02  0.0000000E+00
  7.6208002E+02  0.0000000E+00
  7.6384003E+02  0.0000000E+00
  7.6559998E+02  0.0000000E+00
  7.6735999E+02  0.0000000E+00
  7.6913000E+02  0.0000000E+00
  7.7090002E+02  0.0000000E+00
  7.7267999E+02  0.0000000E+00
  7.7446002E+02  0.0000000E+00
  7.7625000E+02  0.0000000E+00
  7.7803998E+02  0.0000000E+00
  7.7983002E+02  0.0000000E+00
  7.8163000E+02  0.0000000E+00
  7.8342999E+02  0.0000000E+00
  7.8523999E+02  0.0000000E+00
  7.8704999E+02  0.0000000E+00
  7.8885999E+02  0.0000000E+00
  7.9067999E+02  0.0000000E+00
  7.9250000E+02  0.0000000E+00
  7.9433002E+02  0.0000000E+00
  7.9615997E+02  0.0000000E+00
  7.9798999E+02  0.0000000E+00
  7.9983002E+02  0.0000000E+00
  8.0167999E+02  0.0000000E+00
  8.0353003E+02  0.0000000E+00
  8.0538000E+02  0.0000000E+00
  8.0723999E+02  0.0000000E+00
  8.0909998E+02  0.0000000E+00
  8.1096002E+02  0.0000000E+00
  8.1283002E+02  0.0000000E+00
  8.1470001E+02  0.0000000E+00
  8.1658002E+02  0.0000000E+00
  8.1846002E+02  0.0000000E+00
  8.2034998E+02  0.0000000E+00
  8.2223999E+02  0.0000000E+00
  8.2414001E+02  0.0000000E+00
  8.2603998E+02  0.0000000E+00
  8.2794000E+02  0.0000000E+00
  8.2984998E+02  0.0000000E+00
  8.3176001E+02  0.0000000E+00
  8.3367999E+02  0.0000000E+00
  8.3559998E+02  0.0000000E+00
  8.3753003E+02  0.0000000E+00
  8.3946002E+02  0.0000000E+00
  8.4140002E+02  0.0000000E+00
  8.4333002E+02  0.0000000E+00
  8.4528003E+02  0.0000000E+00
  8.4722998E+02  0.0000000E+00
  8.4917999E+02  0.0000000E+00
  8.5114001E+02  0.0000000E+00
  8.5309998E+02  0.0000000E+00
  8.5507001E+02  0.0000000E+00
  8.5703998E+02  0.0000000E+00
  8.5901001E+02  0.0000000E+00
  8.6098999E+02  0.0000000E+00
  8.6297998E+02  0.0000000E+00
  8.6496997E+02  0.0000000E+00
  8.6696002E+02  0.0000000E+00
  8.6896002E+02  0.0000000E+00
  8.7096002E+02  0.0000000E+00
  8.7296997E+02  0.0000000E+00
  8.7497998E+02  0.0000000E+00
  8.7700000E+02  0.0000000E+00
  8.7902002E+02  0.0000000E+00
  8.8104999E+02  0.0000000E+00
  8.8308002E+02  0.0000000E+00
  8.8512000E+02  0.0000000E+00
  8.8715997E+02  0.0000000E+00
  8.8920001E+02  0.0000000E+00
  8.9125000E+02  0.0000000E+00
  8.9331000E+02  0.0000000E+00
  8.9535999E+02  0.0000000E+00
  8.9742999E+02  0.0000000E+00
  8.9950000E+02  0.0000000E+00
  9.0157001E+02  6.9246821E-02
  9.0365002E+02  6.9246821E-02
  9.0572998E+02  6.9824174E-02
  9.0782001E+02  7.4126996E-02
  9.0990997E+02  6.9824174E-02
  9.1201001E+02  7.4126996E-02
  9.1410999E+02  6.9824174E-02
  9.1621997E+02  7.4126996E-02
  9.1833002E+02  7.4126996E-02
  9.2045001E+02  7.5074106E-02
  9.2257001E+02  9.4135426E-02
  9.2470001E+02  9.4135426E-02
  9.2683002E+02  9.4135426E-02
  9.2896997E+02  9.4135426E-02
  9.3110999E+02  9.4135426E-02
  9.3325000E+02  9.4135426E-02
  9.3540997E+02  9.5323116E-02
  9.3756000E+02  9.5323116E-02
  9.3971997E+02  9.5323116E-02
  9.4189001E+02  9.5323116E-02
  9.4406000E+02  9.5323116E-02
  9.4623999E+02  9.5323116E-02
  9.4841998E+02  1.0101928E-01
  9.5059998E+02  1.0101928E-01
  9.5279999E+02  1.0101928E-01
  9.5498999E+02  1.0101928E-01
  9.5719000E+02  1.0101928E-01
  9.5940002E+02  1.0053665E-01
  9.6160999E+02  9.5323116E-02
  9.6383002E+02  9.5323116E-02
  9.6604999E+02  9.5323116E-02
  9.6828003E+02  9.5323116E-02
  9.7051001E+02  8.8099919E-02
  9.7275000E+02  8.8099919E-02
  9.7498999E+02  8.8099919E-02
  9.7723999E+02  8.7685101E-02
  9.7948999E+02  8.7685101E-02
  9.8175000E+02  8.7685101E-02
  9.8401001E+02  8.7685101E-02
  9.8628003E+02  8.7456673E-02
  9.8854999E+02  8.7456673E-02
  9.9083002E+02  8.7456673E-02
  9.9312000E+02  7.7909082E-02
  9.9540997E+02  7.7909082E-02
  9.9770001E+02  8.7456673E-02
  1.0000000E+03  8.7685101E-02
  1.0023100E+03  8.7685101E-02
  1.0046200E+03  8.8099919E-02
  1.0069300E+03  8.7685101E-02
  1.0092500E+03  1.0053665E-01
  1.0115800E+03  8.8099919E-02
  1.0139100E+03  1.0053665E-01
  1.0162500E+03  8.8791184E-02
  1.0185900E+03  9.9745788E-02
  1.0209400E+03  8.8791184E-02
  1.0232900E+03  8.8791184E-02
  1.0256500E+03  9.6599549E-02
  1.0280200E+03  9.9745788E-02
  1.0303900E+03  9.9745788E-02
  1.0327600E+03  9.6599549E-02
  1.0351400E+03  9.4414100E-02
  1.0375300E+03  9.4414100E-02
  1.0399200E+03  9.4414100E-02
  1.0423199E+03  9.4414100E-02
  1.0447200E+03  9.3265362E-02
  1.0471300E+03  9.4414100E-02
  1.0495400E+03  9.6599549E-02
  1.0519600E+03  9.4414100E-02
  1.0543900E+03  9.6599549E-02
  1.0568199E+03  9.6599549E-02
  1.0592500E+03  9.6599549E-02
  1.0617000E+03  9.8155551E-02
  1.0641400E+03  9.6866213E-02
  1.0666000E+03  9.6866213E-02
  1.0690500E+03  9.8155551E-02
  1.0715200E+03  9.8155551E-02
  1.0739900E+03  9.8155551E-02
  1.0764700E+03  9.9745788E-02
  1.0789500E+03  9.8155551E-02
  1.0814301E+03  9.6866213E-02
  1.0839301E+03  9.8155551E-02
  1.0864301E+03  9.8155551E-02
  1.0889301E+03  9.9745788E-02
  1.0914399E+03  9.9745788E-02
  1.0939600E+03  9.9745788E-02
  1.0964800E+03  9.8155551E-02
  1.0990100E+03  9.6866213E-02
  1.1015400E+03  9.8155551E-02
  1.1040800E+03  9.6866213E-02
  1.1066200E+03  9.8155551E-02
  1.1091801E+03  9.6599549E-02
  1.1117300E+03  9.6599549E-02
  1.1142900E+03  9.6599549E-02
  1.1168600E+03  9.6599549E-02
  1.1194399E+03  9.5428750E-02
  1.1220200E+03  9.5428750E-02
  1.1246000E+03  9.5428750E-02
  1.1272000E+03  9.2677414E-02
  1.1298000E+03  9.0843037E-02
  1.1324000E+03  9.2677414E-02
  1.1350100E+03  9.2677414E-02
  1.1376300E+03  9.2677414E-02
  1.1402500E+03  9.2677414E-02
  1.1428800E+03  9.2677414E-02
  1.1455100E+03  9.2677414E-02
  1.1481500E+03  9.0843037E-02
  1.1508000E+03  9.0843037E-02
  1.1534500E+03  9.0843037E-02
  1.1561100E+03  9.0843037E-02
  1.1587800E+03  8.8686615E-02
  1.1614500E+03  8.5687265E-02
  1.1641300E+03  8.5687265E-02
  1.1668101E+03  8.5687265E-02
  1.1695000E+03  7.9765864E-02
  1.1722000E+03  8.0086127E-02
  1.1749000E+03  7.8081340E-02
  1.1776100E+03  7.8081340E-02
  1.1803199E+03  7.8081340E-02
  1.1830400E+03  7.9765864E-02
  1.1857700E+03  7.9765864E-02
  1.1885000E+03  7.8081340E-02
  1.1912400E+03  7.8081340E-02
  1.1939900E+03  7.6537840E-02
  1.1967400E+03  7.6537840E-02
  1.1995000E+03  7.6537840E-02
  1.2022600E+03  7.6537840E-02
  1.2050400E+03  7.6494493E-02
  1.2078101E+03  7.6537840E-02
  1.2106000E+03  7.6494493E-02
  1.2133900E+03  7.6537840E-02
  1.2161899E+03  7.8081340E-02
  1.2189900E+03  7.8081340E-02
  1.2218000E+03  7.6537840E-02
  1.2246200E+03  7.6494493E-02
  1.2274399E+03  6.9936328E-02
  1.2302700E+03  7.4711420E-02
  1.2331000E+03  7.4711420E-02
  1.2359500E+03  7.5631946E-02
  1.2388000E+03  7.5631946E-02
  1.2416500E+03  7.5631946E-02
  1.2445100E+03  7.5631946E-02
  1.2473800E+03  7.5631946E-02
  1.2502600E+03  7.4711420E-02
  1.2531400E+03  7.4711420E-02
  1.2560300E+03  7.4711420E-02
  1.2589301E+03  7.4676462E-02
  1.2618300E+03  7.2609849E-02
  1.2647400E+03  7.3030941E-02
  1.2676500E+03  7.2609849E-02
  1.2705699E+03  7.2609849E-02
  1.2735000E+03  7.2577924E-02
  1.2764399E+03  7.2577924E-02
  1.2793800E+03  7.2577924E-02
  1.2823300E+03  7.1441762E-02
  1.2852900E+03  7.1249470E-02
  1.2882500E+03  7.1249470E-02
  1.2912200E+03  7.0138112E-02
  1.2942000E+03  7.1441762E-02
  1.2971801E+03  7.1441762E-02
  1.3001700E+03  7.1441762E-02
  1.3031700E+03  7.0138112E-02
  1.3061700E+03  6.9931395E-02
  1.3091801E+03  6.9931395E-02
  1.3122000E+03  6.9931395E-02
  1.3152200E+03  6.9743767E-02
  1.3182600E+03  6.9743767E-02
  1.3213000E+03  6.9409266E-02
  1.3243400E+03  6.9743767E-02
  1.3273900E+03  6.9931395E-02
  1.3304500E+03  6.9743767E-02
  1.3335200E+03  6.9409266E-02
  1.3366000E+03  6.8104573E-02
  1.3396801E+03  6.8104573E-02
  1.3427700E+03  6.7912482E-02
  1.3458600E+03  6.7757674E-02
  1.3489600E+03  6.7757674E-02
  1.3520699E+03  6.5867454E-02
  1.3551899E+03  6.4862363E-02
  1.3583101E+03  6.5185666E-02
  1.3614399E+03  6.4862363E-02
  1.3645800E+03  6.4862363E-02
  1.3677300E+03  6.4688616E-02
  1.3708800E+03  6.4688616E-02
  1.3740400E+03  6.1545391E-02
  1.3772100E+03  6.1545391E-02
  1.3803800E+03  6.1545391E-02
  1.3835699E+03  6.1397195E-02
  1.3867600E+03  6.1545391E-02
  1.3899500E+03  6.1545391E-02
  1.3931600E+03  6.0312167E-02
  1.3963700E+03  5.7541069E-02
  1.3995900E+03  5.3317990E-02
  1.4028101E+03  5.3317990E-02
  1.4060500E+03  5.1727902E-02
  1.4092900E+03  5.1727902E-02
  1.4125400E+03  5.2020695E-02
  1.4157900E+03  5.1727902E-02
  1.4190601E+03  5.1727902E-02
  1.4223300E+03  5.0355621E-02
  1.4256100E+03  5.0355621E-02
  1.4288900E+03  5.0355621E-02
  1.4321899E+03  5.0355621E-02
  1.4354900E+03  5.0355621E-02
  1.4388000E+03  5.2020695E-02
  1.4421200E+03  5.0355621E-02
  1.4454399E+03  5.0355621E-02
  1.4487700E+03  5.0355621E-02
  1.4521100E+03  5.0355621E-02
  1.4554600E+03  4.7254104E-02
  1.4588101E+03  4.7254104E-02
  1.4621801E+03  5.0355621E-02
  1.4655500E+03  5.0355621E-02
  1.4689301E+03  4.7254104E-02
  1.4723101E+03  4.5883205E-02
  1.4757100E+03  4.7254104E-02
  1.4791100E+03  4.5883205E-02
  1.4825200E+03  4.5883205E-02
  1.4859399E+03  4.4220805E-02
  1.4893600E+03  4.5883205E-02
  1.4927900E+03  4.5883205E-02
  1.4962400E+03  4.4220805E-02
  1.4996801E+03  4.4220805E-02
  1.5031400E+03  4.4220805E-02
  1.5066100E+03  4.1867848E-02
  1.5100800E+03  4.1858781E-02
  1.5135601E+03  4.0983342E-02
  1.5170500E+03  4.0983342E-02
  1.5205500E+03  4.0983342E-02
  1.5240500E+03  4.0983342E-02
  1.5275699E+03  4.0983342E-02
  1.5310900E+03  4.0983342E-02
  1.5346200E+03  4.0983342E-02
  1.5381500E+03  4.1858781E-02
  1.5417000E+03  4.0983342E-02
  1.5452500E+03  4.0869709E-02
  1.5488199E+03  4.0689595E-02
  1.5523900E+03  4.0983342E-02
  1.5559700E+03  4.1858781E-02
  1.5595500E+03  4.1858781E-02
  1.5631500E+03  4.1867848E-02
  1.5667500E+03  4.2143602E-02
  1.5703600E+03  4.2143602E-02
  1.5739800E+03  4.2042919E-02
  1.5776100E+03  4.2143602E-02
  1.5812500E+03  4.2143602E-02
  1.5848900E+03  4.2143602E-02
  1.5885500E+03  4.2143602E-02
  1.5922100E+03  4.2143602E-02
  1.5958800E+03  4.2143602E-02
  1.5995601E+03  4.2042919E-02
  1.6032500E+03  4.2042919E-02
  1.6069399E+03  4.2042919E-02
  1.6106500E+03  4.2042919E-02
  1.6143600E+03  4.2042919E-02
  1.6180800E+03  4.2042919E-02
  1.6218101E+03  4.1690405E-02
  1.6255500E+03  4.1857325E-02
  1.6293000E+03  4.1857325E-02
  1.6330500E+03  4.1690405E-02
  1.6368199E+03  4.0869709E-02
  1.6405900E+03  4.0695358E-02
  1.6443700E+03  4.1690405E-02
  1.6481600E+03  4.0695358E-02
  1.6519600E+03  4.0634658E-02
  1.6557700E+03  4.0071297E-02
  1.6595900E+03  4.0071297E-02
  1.6634100E+03  3.9362226E-02
  1.6672500E+03  3.6516823E-02
  1.6710900E+03  3.6753830E-02
  1.6749399E+03  3.5843790E-02
  1.6788000E+03  3.5843790E-02
  1.6826700E+03  3.4423072E-02
  1.6865500E+03  3.3249136E-02
  1.6904399E+03  3.3249136E-02
  1.6943400E+03  3.3228710E-02
  1.6982400E+03  3.2738067E-02
  1.7021600E+03  3.2738067E-02
  1.7060800E+03  3.2738067E-02
  1.7100200E+03  3.1653769E-02
  1.7139600E+03  3.1744499E-02
  1.7179100E+03  3.1653769E-02
  1.7218700E+03  3.0444590E-02
  1.7258400E+03  3.0093789E-02
  1.7298199E+03  3.0093789E-02
  1.7338000E+03  2.9775959E-02
  1.7378000E+03  2.9885098E-02
  1.7418101E+03  2.9885098E-02
  1.7458199E+03  2.9775959E-02
  1.7498500E+03  2.9775959E-02
  1.7538800E+03  2.9719820E-02
  1.7579200E+03  2.9719820E-02
  1.7619800E+03  2.9775959E-02
  1.7660400E+03  2.9775959E-02
  1.7701100E+03  2.9775959E-02
  1.7741899E+03  2.9615829E-02
  1.7782800E+03  2.9615829E-02
  1.7823800E+03  2.9517854E-02
  1.7864900E+03  2.9615829E-02
  1.7906100E+03  2.9428281E-02
  1.7947300E+03  2.9324520E-02
  1.7988700E+03  2.9070497E-02
  1.8030200E+03  2.8965509E-02
  1.8071700E+03  2.8832814E-02
  1.8113400E+03  2.8832814E-02
  1.8155200E+03  2.8078115E-02
  1.8197000E+03  2.7886517E-02
  1.8239000E+03  2.7660472E-02
  1.8281000E+03  2.7469726E-02
  1.8323101E+03  2.7469726E-02
  1.8365400E+03  2.6661377E-02
  1.8407700E+03  2.6233703E-02
  1.8450200E+03  2.6233703E-02
  1.8492700E+03  2.6233703E-02
  1.8535300E+03  2.6233703E-02
  1.8578000E+03  2.5776319E-02
  1.8620900E+03  2.5776319E-02
  1.8663800E+03  2.5776319E-02
  1.8706801E+03  2.5776319E-02
  1.8749900E+03  2.5381416E-02
  1.8793199E+03  2.5381416E-02
  1.8836500E+03  2.5238857E-02
  1.8879900E+03  2.5197539E-02
  1.8923400E+03  2.5197539E-02
  1.8967100E+03  2.5078924E-02
  1.9010800E+03  2.3825947E-02
  1.9054600E+03  2.3808733E-02
  1.9098500E+03  2.3794726E-02
  1.9142600E+03  2.3555581E-02
  1.9186700E+03  2.3549736E-02
  1.9230900E+03  2.3431784E-02
  1.9275200E+03  2.3434479E-02
  1.9319700E+03  2.3431784E-02
  1.9364200E+03  2.3431784E-02
  1.9408900E+03  2.3424612E-02
  1.9453600E+03  2.3276381E-02
  1.9498400E+03  2.3021065E-02
  1.9543400E+03  2.3021065E-02
  1.9588400E+03  2.3021065E-02
  1.9633600E+03  2.2861358E-02
  1.9678900E+03  2.2637023E-02
  1.9724200E+03  2.2637023E-02
  1.9769700E+03  2.2699075E-02
  1.9815300E+03  2.2699075E-02
  1.9860900E+03  2.2699075E-02
  1.9906700E+03  2.2637023E-02
  1.9952600E+03  2.2630051E-02
  1.9998600E+03  2.2604443E-02
  2.0044700E+03  2.2604443E-02
  2.0090900E+03  2.2589557E-02
  2.0137200E+03  2.2577748E-02
  2.0183700E+03  2.2577748E-02
  2.0230200E+03  2.2555683E-02
  2.0276801E+03  2.2417109E-02
  2.0323600E+03  2.2417109E-02
  2.0370400E+03  2.2310654E-02
  2.0417400E+03  2.2282409E-02
  2.0464399E+03  2.2282409E-02
  2.0511599E+03  2.2401873E-02
  2.0558899E+03  2.2401873E-02
  2.0606299E+03  2.2401873E-02
  2.0653799E+03  2.2310654E-02
  2.0701399E+03  2.2310654E-02
  2.0749099E+03  2.2237975E-02
  2.0797000E+03  2.2108672E-02
  2.0844900E+03  2.1988381E-02
  2.0893000E+03  2.1781482E-02
  2.0941101E+03  2.1778535E-02
  2.0989399E+03  2.1777973E-02
  2.1037800E+03  2.1698000E-02
  2.1086299E+03  2.1698000E-02
  2.1134900E+03  2.1530095E-02
  2.1183601E+03  2.1576798E-02
  2.1232400E+03  2.1499734E-02
  2.1281399E+03  2.1252569E-02
  2.1330400E+03  2.1100154E-02
  2.1379600E+03  2.1070579E-02
  2.1428899E+03  2.1100154E-02
  2.1478301E+03  2.0910129E-02
  2.1527800E+03  2.0752303E-02
  2.1577400E+03  2.0554604E-02
  2.1627200E+03  2.0500900E-02
  2.1677000E+03  2.0368040E-02
  2.1727000E+03  1.9783225E-02
  2.1777100E+03  1.9657081E-02
  2.1827300E+03  1.9406578E-02
  2.1877600E+03  1.9311259E-02
  2.1928000E+03  1.9040976E-02
  2.1978601E+03  1.8800620E-02
  2.2029299E+03  1.8747248E-02
  2.2080000E+03  1.8663794E-02
  2.2130901E+03  1.8663794E-02
  2.2182000E+03  1.8490745E-02
  2.2233101E+03  1.8333040E-02
  2.2284399E+03  1.7886484E-02
  2.2335701E+03  1.7794395E-02
  2.2387200E+03  1.7697947E-02
  2.2438799E+03  1.7657794E-02
  2.2490500E+03  1.7451657E-02
  2.2542400E+03  1.7048230E-02
  2.2594399E+03  1.6608462E-02
  2.2646399E+03  1.6581330E-02
  2.2698601E+03  1.6568610E-02
  2.2751001E+03  1.6568610E-02
  2.2803401E+03  1.6372222E-02
  2.2856001E+03  1.6120885E-02
  2.2908701E+03  1.6036360E-02
  2.2961499E+03  1.5859043E-02
  2.3014399E+03  1.5790949E-02
  2.3067500E+03  1.5790949E-02
  2.3120601E+03  1.5552006E-02
  2.3173899E+03  1.5158033E-02
  2.3227400E+03  1.4985195E-02
  2.3280901E+03  1.4853192E-02
  2.3334600E+03  1.4853192E-02
  2.3388401E+03  1.4852952E-02
  2.3442300E+03  1.4661188E-02
  2.3496299E+03  1.4793165E-02
  2.3550500E+03  1.4520258E-02
  2.3604800E+03  1.4481517E-02
  2.3659199E+03  1.4317202E-02
  2.3713701E+03  1.4176499E-02
  2.3768401E+03  1.4169695E-02
  2.3823201E+03  1.4169695E-02
  2.3878101E+03  1.4169695E-02
  2.3933201E+03  1.4025860E-02
  2.3988301E+03  1.3946449E-02
  2.4043601E+03  1.3883065E-02
  2.4099099E+03  1.3811968E-02
  2.4154600E+03  1.3811968E-02
  2.4210300E+03  1.3312032E-02
  2.4266101E+03  1.3189444E-02
  2.4322000E+03  1.3183067E-02
  2.4378101E+03  1.3170430E-02
  2.4434299E+03  1.2907896E-02
  2.4490601E+03  1.2801067E-02
  2.4547100E+03  1.2662380E-02
  2.4603701E+03  1.2657421E-02
  2.4660400E+03  1.2537207E-02
  2.4717200E+03  1.2526083E-02
  2.4774199E+03  1.2526083E-02
  2.4831299E+03  1.2453348E-02
  2.4888601E+03  1.2363628E-02
  2.4945901E+03  1.2311452E-02
  2.5003501E+03  1.2302817E-02
  2.5061101E+03  1.2167527E-02
  2.5118899E+03  1.2086028E-02
  2.5176799E+03  1.1851678E-02
  2.5234800E+03  1.1717852E-02
  2.5293000E+03  1.1717852E-02
  2.5351299E+03  1.1661476E-02
  2.5409700E+03  1.1596508E-02
  2.5468301E+03  1.1336506E-02
  2.5527000E+03  1.1299475E-02
  2.5585901E+03  1.1126018E-02
  2.5644800E+03  1.0917315E-02
  2.5703899E+03  1.0852311E-02
  2.5763201E+03  1.0805575E-02
  2.5822600E+03  1.0617600E-02
  2.5882100E+03  1.0444706E-02
  2.5941799E+03  1.0417517E-02
  2.6001599E+03  1.0383818E-02
  2.6061499E+03  1.0371977E-02
  2.6121599E+03  1.0253503E-02
  2.6181799E+03  1.0146025E-02
  2.6242200E+03  1.0057879E-02
  2.6302700E+03  9.9519808E-03
  2.6363301E+03  9.8901261E-03
  2.6424099E+03  9.8596374E-03
  2.6485000E+03  9.7801434E-03
  2.6546101E+03  9.7668003E-03
  2.6607200E+03  9.7523183E-03
  2.6668601E+03  9.6262433E-03
  2.6730100E+03  9.5714564E-03
  2.6791699E+03  9.4765704E-03
  2.6853401E+03  9.4220350E-03
  2.6915300E+03  9.3522482E-03
  2.6977400E+03  9.3395449E-03
  2.7039600E+03  9.2381090E-03
  2.7101899E+03  9.2175212E-03
  2.7164399E+03  9.0724546E-03
  2.7227000E+03  9.0628369E-03
  2.7289800E+03  9.0534193E-03
  2.7352700E+03  9.0366602E-03
  2.7415701E+03  9.0157548E-03
  2.7478899E+03  9.0018427E-03
  2.7542300E+03  8.9652929E-03
  2.7605801E+03  8.9771962E-03
  2.7669399E+03  8.8871485E-03
  2.7733201E+03  8.8421237E-03
  2.7797100E+03  8.8120839E-03
  2.7861201E+03  8.7159462E-03
  2.7925400E+03  8.6654117E-03
  2.7989800E+03  8.4937792E-03
  2.8054299E+03  8.3215395E-03
  2.8118999E+03  8.2614189E-03
  2.8183799E+03  8.2125189E-03
  2.8248799E+03  8.1397919E-03
  2.8313899E+03  8.1197973E-03
  2.8379199E+03  8.1048468E-03
  2.8444600E+03  8.1048468E-03
  2.8510200E+03  8.1048468E-03
  2.8575901E+03  8.0784298E-03
  2.8641799E+03  8.0544017E-03
  2.8707800E+03  8.0495439E-03
  2.8773999E+03  7.9718539E-03
  2.8840300E+03  7.9680169E-03
  2.8906799E+03  7.9119625E-03
  2.8973401E+03  7.8926133E-03
  2.9040200E+03  7.8926133E-03
  2.9107200E+03  7.8618973E-03
  2.9174299E+03  7.8618973E-03
  2.9241499E+03  7.8357467E-03
  2.9308899E+03  7.7851727E-03
  2.9376499E+03  7.7475682E-03
  2.9444199E+03  7.6927934E-03
  2.9512100E+03  7.6927934E-03
  2.9580100E+03  7.5916313E-03
  2.9648301E+03  7.5789802E-03
  2.9716699E+03  7.5789802E-03
  2.9785200E+03  7.5789802E-03
  2.9853799E+03  7.5738146E-03
  2.9922600E+03  7.4250340E-03
  2.9991599E+03  7.2035659E-03
  3.0060801E+03  7.0492337E-03
  3.0130100E+03  6.9965380E-03
  3.0199500E+03  6.9839167E-03
  3.0269099E+03  6.9829505E-03
  3.0338899E+03  6.9146026E-03
  3.0408899E+03  6.9146026E-03
  3.0478899E+03  6.9146026E-03
  3.0549199E+03  6.8429029E-03
  3.0619600E+03  6.8133571E-03
  3.0690200E+03  6.6421842E-03
  3.0761001E+03  6.6980110E-03
  3.0831899E+03  6.7474986E-03
  3.0903000E+03  6.6421842E-03
  3.0974199E+03  6.5810075E-03
  3.1045601E+03  6.5543517E-03
  3.1117200E+03  6.5810075E-03
  3.1188899E+03  6.5543517E-03
  3.1260801E+03  6.5810075E-03
  3.1332800E+03  6.4734565E-03
  3.1405100E+03  6.4475271E-03
  3.1477500E+03  6.4326287E-03
  3.1550000E+03  6.3176765E-03
  3.1622800E+03  6.3176765E-03
  3.1695701E+03  6.3176765E-03
  3.1768701E+03  6.1988817E-03
  3.1842000E+03  6.1443606E-03
  3.1915400E+03  6.1411303E-03
  3.1988899E+03  6.1411303E-03
  3.2062700E+03  6.0330760E-03
  3.2136599E+03  5.9614806E-03
  3.2210701E+03  5.9222979E-03
  3.2284900E+03  5.8985469E-03
  3.2359399E+03  5.8853887E-03
  3.2433999E+03  5.7747224E-03
  3.2508701E+03  5.6981854E-03
  3.2583701E+03  5.6063980E-03
  3.2658799E+03  5.6063980E-03
  3.2734099E+03  5.6981854E-03
  3.2809500E+03  5.5990070E-03
  3.2885200E+03  5.5975164E-03
  3.2961001E+03  5.5580707E-03
  3.3036899E+03  5.5329818E-03
  3.3113101E+03  5.5251387E-03
  3.3189399E+03  5.5076466E-03
  3.3265901E+03  5.4908884E-03
  3.3342600E+03  5.4811276E-03
  3.3419500E+03  5.4727448E-03
  3.3496499E+03  5.4462203E-03
  3.3573799E+03  5.4239910E-03
  3.3651201E+03  5.4232767E-03
  3.3728701E+03  5.4119630E-03
  3.3806499E+03  5.4119630E-03
  3.3884399E+03  5.4035434E-03
  3.3962500E+03  5.3974479E-03
  3.4040801E+03  5.3898324E-03
  3.4119299E+03  5.3958185E-03
  3.4197900E+03  5.3241546E-03
  3.4276799E+03  5.3191385E-03
  3.4355801E+03  5.3191385E-03
  3.4435000E+03  5.3068795E-03
  3.4514399E+03  5.3191385E-03
  3.4593899E+03  5.2629393E-03
  3.4673701E+03  5.2510896E-03
  3.4753601E+03  5.2358476E-03
  3.4833701E+03  5.2287611E-03
  3.4913999E+03  5.2257995E-03
  3.4994500E+03  5.2376501E-03
  3.5075200E+03  5.2178591E-03
  3.5156001E+03  5.2178591E-03
  3.5237100E+03  5.2358476E-03
  3.5318301E+03  5.2358476E-03
  3.5399700E+03  5.2358476E-03
  3.5481299E+03  5.2216700E-03
  3.5563101E+03  5.2125910E-03
  3.5645100E+03  5.1999553E-03
  3.5727300E+03  5.1881075E-03
  3.5809600E+03  5.1836804E-03
  3.5892200E+03  5.1801503E-03
  3.5974900E+03  5.1594093E-03
  3.6057900E+03  5.1758662E-03
  3.6141001E+03  5.1555671E-03
  3.6224299E+03  5.1460154E-03
  3.6307800E+03  5.1256223E-03
  3.6391499E+03  5.1256223E-03
  3.6475400E+03  5.1256223E-03
  3.6559500E+03  5.0550513E-03
  3.6643701E+03  5.0439574E-03
  3.6728201E+03  5.0062849E-03
  3.6812900E+03  4.9906909E-03
  3.6897800E+03  4.9456423E-03
  3.6982800E+03  4.8583029E-03
  3.7068101E+03  4.8379395E-03
  3.7153501E+03  4.7942121E-03
  3.7239199E+03  4.7326605E-03
  3.7325000E+03  4.7326605E-03
  3.7411101E+03  4.7245636E-03
  3.7497300E+03  4.6632532E-03
  3.7583701E+03  4.6632532E-03
  3.7670400E+03  4.6632532E-03
  3.7757200E+03  4.6632532E-03
  3.7844199E+03  4.6632532E-03
  3.7931499E+03  4.7245636E-03
  3.8018899E+03  4.6632532E-03
  3.8106599E+03  4.6316069E-03
  3.8194399E+03  4.6632532E-03
  3.8282500E+03  4.6411538E-03
  3.8370701E+03  4.7324705E-03
  3.8459199E+03  4.6411538E-03
  3.8547800E+03  4.6411538E-03
  3.8636699E+03  4.6411538E-03
  3.8725701E+03  4.6411538E-03
  3.8815000E+03  4.6411538E-03
  3.8904500E+03  4.6075322E-03
  3.8994199E+03  4.5967265E-03
  3.9084099E+03  4.5892578E-03
  3.9174199E+03  4.4644638E-03
  3.9264500E+03  4.4644638E-03
  3.9355000E+03  4.4644638E-03
  3.9445701E+03  4.5809108E-03
  3.9536699E+03  4.5809108E-03
  3.9627800E+03  4.5809108E-03
  3.9719199E+03  4.4694049E-03
  3.9810701E+03  4.4694049E-03
  3.9902500E+03  4.3482305E-03
  3.9994500E+03  4.3772249E-03
  4.0086699E+03  4.4694049E-03
  4.0179099E+03  4.4563953E-03
  4.0271699E+03  4.4694049E-03
  4.0364500E+03  4.4775340E-03
  4.0457600E+03  4.4563953E-03
  4.0550901E+03  4.3803477E-03
  4.0644299E+03  4.3139402E-03
  4.0738000E+03  4.2843791E-03
  4.0831899E+03  4.2338567E-03
  4.0926101E+03  4.1647423E-03
  4.1020400E+03  4.1072792E-03
  4.1115000E+03  4.0387609E-03
  4.1209800E+03  4.0076631E-03
  4.1304702E+03  4.0076631E-03
  4.1400000E+03  3.9832001E-03
  4.1495400E+03  3.9617997E-03
  4.1591099E+03  3.9108149E-03
  4.1686899E+03  3.9079478E-03
  4.1782998E+03  3.9079478E-03
  4.1879399E+03  3.9108149E-03
  4.1975898E+03  3.9002835E-03
  4.2072598E+03  3.8966965E-03
  4.2169600E+03  3.8947652E-03
  4.2266899E+03  3.8868792E-03
  4.2364302E+03  3.8868792E-03
  4.2462002E+03  3.7891287E-03
  4.2559800E+03  3.7256908E-03
  4.2657900E+03  3.7601306E-03
  4.2756299E+03  3.6974766E-03
  4.2854800E+03  3.6226828E-03
  4.2953599E+03  3.5992139E-03
  4.3052598E+03  3.5979119E-03
  4.3151899E+03  3.5576634E-03
  4.3251401E+03  3.5393168E-03
  4.3351099E+03  3.5364190E-03
  4.3451001E+03  3.5289272E-03
  4.3551201E+03  3.5266613E-03
  4.3651602E+03  3.4990301E-03
  4.3752202E+03  3.4990301E-03
  4.3853101E+03  3.4707980E-03
  4.3954199E+03  3.4436104E-03
  4.4055498E+03  3.4066828E-03
  4.4157002E+03  3.3856893E-03
  4.4258799E+03  3.3201922E-03
  4.4360801E+03  3.3044613E-03
  4.4463101E+03  3.3044613E-03
  4.4565601E+03  3.3065807E-03
  4.4668301E+03  3.3044613E-03
  4.4771299E+03  3.3000577E-03
  4.4874502E+03  3.3096373E-03
  4.4977998E+03  3.3096373E-03
  4.5081699E+03  3.3000577E-03
  4.5185601E+03  3.3000577E-03
  4.5289702E+03  3.3000577E-03
  4.5394102E+03  3.3096373E-03
  4.5498799E+03  3.2687783E-03
  4.5603701E+03  3.2652810E-03
  4.5708799E+03  3.2614989E-03
  4.5814199E+03  3.2157358E-03
  4.5919800E+03  3.2028109E-03
  4.6025601E+03  3.1526054E-03
  4.6131802E+03  3.1252704E-03
  4.6238101E+03  3.1252704E-03
  4.6344702E+03  3.0873534E-03
  4.6451499E+03  3.0540032E-03
  4.6558599E+03  3.0540032E-03
  4.6665898E+03  3.0282876E-03
  4.6773501E+03  3.0282876E-03
  4.6881299E+03  3.0006578E-03
  4.6989399E+03  3.0006578E-03
  4.7097700E+03  3.0282876E-03
  4.7206299E+03  3.0006578E-03
  4.7315098E+03  3.0282876E-03
  4.7424199E+03  3.0755273E-03
  4.7533501E+03  3.0755273E-03
  4.7643101E+03  3.1333703E-03
  4.7752900E+03  3.1424435E-03
  4.7862998E+03  3.1550813E-03
  4.7973301E+03  3.1550813E-03
  4.8083901E+03  3.2238755E-03
  4.8194800E+03  3.1550813E-03
  4.8305898E+03  3.2383979E-03
  4.8417202E+03  3.2238755E-03
  4.8528799E+03  3.1550813E-03
  4.8640698E+03  3.1302429E-03
  4.8752798E+03  3.1302429E-03
  4.8865200E+03  3.0766823E-03
  4.8977900E+03  3.0766823E-03
  4.9090801E+03  3.1158961E-03
  4.9203901E+03  3.1204666E-03
  4.9317402E+03  3.0249462E-03
  4.9431099E+03  3.0030869E-03
  4.9545000E+03  3.0030869E-03
  4.9659199E+03  3.0125866E-03
  4.9773701E+03  2.9484986E-03
  4.9888398E+03  3.0125866E-03
  5.0003398E+03  3.0125866E-03
  5.0118701E+03  3.0366031E-03
  5.0234302E+03  2.9764518E-03
  5.0350000E+03  2.9764518E-03
  5.0466099E+03  2.9764518E-03
  5.0582500E+03  2.9764518E-03
  5.0699102E+03  2.9691861E-03
  5.0815898E+03  2.9691861E-03
  5.0933101E+03  2.9037998E-03
  5.1050498E+03  2.9037998E-03
  5.1168198E+03  2.9691861E-03
  5.1286099E+03  2.9831196E-03
  5.1404399E+03  2.9753963E-03
  5.1522900E+03  2.9831196E-03
  5.1641602E+03  2.9037998E-03
  5.1760698E+03  2.8685620E-03
  5.1880000E+03  2.8403744E-03
  5.1999600E+03  2.8261796E-03
  5.2119502E+03  2.7605535E-03
  5.2239600E+03  2.7257684E-03
  5.2360000E+03  2.5661171E-03
  5.2480698E+03  2.5445209E-03
  5.2601699E+03  2.5180047E-03
  5.2722998E+03  2.5180047E-03
  5.2844502E+03  2.4668258E-03
  5.2966299E+03  2.4460477E-03
  5.3088398E+03  2.4385797E-03
  5.3210801E+03  2.4364050E-03
  5.3333501E+03  2.4235665E-03
  5.3456401E+03  2.4052239E-03
  5.3579600E+03  2.4052239E-03
  5.3703198E+03  2.3940580E-03
  5.3827002E+03  2.3860896E-03
  5.3951001E+03  2.3957079E-03
  5.4075400E+03  2.4235665E-03
  5.4200098E+03  2.3957079E-03
  5.4325000E+03  2.4447537E-03
  5.4450200E+03  2.3671698E-03
  5.4575801E+03  2.3671698E-03
  5.4701602E+03  2.3671698E-03
  5.4827700E+03  2.3671698E-03
  5.4954102E+03  2.2008531E-03
  5.5080801E+03  2.1523584E-03
  5.5207700E+03  2.1373103E-03
  5.5335000E+03  2.0279472E-03
  5.5462598E+03  2.0279472E-03
  5.5590400E+03  2.0279472E-03
  5.5718501E+03  1.9459039E-03
  5.5847002E+03  1.9235052E-03
  5.5975698E+03  1.9235052E-03
  5.6104800E+03  1.8471215E-03
  5.6234102E+03  1.8560665E-03
  5.6363799E+03  1.8471215E-03
  5.6493701E+03  1.8560665E-03
  5.6623901E+03  1.8115673E-03
  5.6754502E+03  1.8115673E-03
  5.6885298E+03  1.8115673E-03
  5.7016401E+03  1.8959892E-03
  5.7147900E+03  1.8560665E-03
  5.7279600E+03  1.8178057E-03
  5.7411602E+03  1.7962750E-03
  5.7543999E+03  1.7962750E-03
  5.7676602E+03  1.8178057E-03
  5.7809600E+03  1.7962750E-03
  5.7942900E+03  1.7962750E-03
  5.8076401E+03  1.6871911E-03
  5.8210298E+03  1.5413110E-03
  5.8344502E+03  1.5661119E-03
  5.8478999E+03  1.5661119E-03
  5.8613799E+03  1.5661119E-03
  5.8748901E+03  1.6140908E-03
  5.8884399E+03  1.7298588E-03
  5.9020098E+03  1.7298588E-03
  5.9156099E+03  1.7298588E-03
  5.9292500E+03  1.7298588E-03
  5.9429199E+03  1.6616309E-03
  5.9566201E+03  1.6616309E-03
  5.9703501E+03  1.7298588E-03
  5.9841201E+03  1.6616309E-03
  5.9979102E+03  1.5618302E-03
  6.0117300E+03  1.5948958E-03
  6.0256001E+03  1.6042584E-03
  6.0394800E+03  1.5958785E-03
  6.0534102E+03  1.6042584E-03
  6.0673599E+03  1.6042584E-03
  6.0813501E+03  1.5958785E-03
  6.0953701E+03  1.5948958E-03
  6.1094199E+03  1.5941265E-03
  6.1235000E+03  1.5802991E-03
  6.1376201E+03  1.5530357E-03
  6.1517700E+03  1.5428696E-03
  6.1659502E+03  1.5141016E-03
  6.1801602E+03  1.5141016E-03
  6.1944102E+03  1.5141016E-03
  6.2086899E+03  1.5141016E-03
  6.2230000E+03  1.5013253E-03
  6.2373501E+03  1.4967646E-03
  6.2517300E+03  1.4967646E-03
  6.2661401E+03  1.5262216E-03
  6.2805801E+03  1.5013253E-03
  6.2950601E+03  1.4601836E-03
  6.3095698E+03  1.5262216E-03
  6.3241201E+03  1.5262216E-03
  6.3386899E+03  1.5520018E-03
  6.3533101E+03  1.5520018E-03
  6.3679502E+03  1.5520018E-03
  6.3826299E+03  1.5520018E-03
  6.3973501E+03  1.5520018E-03
  6.4120898E+03  1.6374590E-03
  6.4268799E+03  1.6374590E-03
  6.4416899E+03  1.2142655E-03
  6.4565400E+03  1.2142655E-03
  6.4714199E+03  1.2142655E-03
  6.4863398E+03  1.1370048E-03
  6.5012998E+03  1.4866869E-03
  6.5162798E+03  1.3216477E-03
  6.5312998E+03  1.3216477E-03
  6.5463599E+03  1.4866869E-03
  6.5614502E+03  1.4866869E-03
  6.5765801E+03  1.7058412E-03
  6.5917402E+03  1.4866869E-03
  6.6069302E+03  1.7058412E-03
  6.6221602E+03  1.7795216E-03
  6.6374302E+03  1.7058412E-03
  6.6527300E+03  1.7058412E-03
  6.6680698E+03  1.7058412E-03
  6.6834399E+03  1.6079635E-03
  6.6988501E+03  1.4160931E-03
  6.7142900E+03  1.3671070E-03
  6.7297598E+03  1.3654029E-03
  6.7452798E+03  1.3654029E-03
  6.7608301E+03  1.1781106E-03
  6.7764102E+03  1.1781106E-03
  6.7920400E+03  1.1781106E-03
  6.8076899E+03  1.1597807E-03
  6.8233799E+03  1.1781106E-03
  6.8391099E+03  1.1781106E-03
  6.8548799E+03  1.1597807E-03
  6.8706802E+03  1.4602686E-03
  6.8865200E+03  1.8021303E-03
  6.9023999E+03  1.8021303E-03
  6.9183101E+03  1.4602686E-03
  6.9342598E+03  1.4602686E-03
  6.9502402E+03  1.4602686E-03
  6.9662598E+03  1.5087292E-03
  6.9823198E+03  1.2460487E-03
  6.9984199E+03  1.2460487E-03
  7.0145498E+03  1.3121021E-03
  7.0307202E+03  1.3121021E-03
  7.0469302E+03  1.3121021E-03
  7.0631802E+03  1.2017204E-03
  7.0794600E+03  1.3121021E-03
  7.0957700E+03  1.3419073E-03
  7.1121401E+03  1.1325027E-03
  7.1285298E+03  1.1236999E-03
  7.1449600E+03  1.1782827E-03
  7.1614302E+03  1.1157745E-03
  7.1779399E+03  1.1070629E-03
  7.1944902E+03  1.1782827E-03
  7.2110698E+03  1.1782827E-03
  7.2277002E+03  1.1782827E-03
  7.2443599E+03  1.5644362E-03
  7.2610601E+03  1.5644362E-03
  7.2777998E+03  1.5644362E-03
  7.2945698E+03  1.0630860E-03
  7.3113901E+03  1.0631665E-03
  7.3282500E+03  9.7929838E-04
  7.3451401E+03  9.7929838E-04
  7.3620698E+03  9.3777949E-04
  7.3790400E+03  9.3777949E-04
  7.3960498E+03  9.3777949E-04
  7.4131001E+03  9.7962434E-04
  7.4301899E+03  9.7962434E-04
  7.4473198E+03  8.6835219E-04
  7.4644902E+03  8.6835219E-04
  7.4816899E+03  8.6835219E-04
  7.4989399E+03  8.6049986E-04
  7.5162300E+03  8.6049986E-04
  7.5335498E+03  8.3206536E-04
  7.5509199E+03  9.9942042E-04
  7.5683301E+03  9.9175889E-04
  7.5857700E+03  9.8490238E-04
  7.6032598E+03  9.8048942E-04
  7.6207900E+03  9.7642106E-04
  7.6383599E+03  7.5185718E-04
  7.6559600E+03  8.0469588E-04
  7.6736099E+03  8.0469588E-04
  7.6912998E+03  8.0553745E-04
  7.7090298E+03  8.0553745E-04
  7.7268101E+03  8.0469588E-04
  7.7446201E+03  9.3658688E-04
  7.7624702E+03  9.3244930E-04
  7.7803599E+03  9.3071151E-04
  7.7982998E+03  9.2836417E-04
  7.8162798E+03  9.2302111E-04
  7.8342900E+03  9.1539172E-04
  7.8523599E+03  9.0851891E-04
  7.8704600E+03  9.7897381E-04
  7.8886001E+03  9.4607472E-04
  7.9067900E+03  9.4607472E-04
  7.9250098E+03  9.4607472E-04
  7.9432798E+03  9.4607472E-04
  7.9615898E+03  9.4607472E-04
  7.9799502E+03  8.2616188E-04
  7.9983398E+03  8.6708128E-04
  8.0167798E+03  8.6940540E-04
  8.0352598E+03  8.5146155E-04
  8.0537798E+03  8.5146155E-04
  8.0723501E+03  8.5146155E-04
  8.0909600E+03  8.5146155E-04
  8.1096099E+03  8.5146155E-04
  8.1282998E+03  8.5146155E-04
  8.1470400E+03  8.3679415E-04
  8.1658198E+03  8.3293917E-04
  8.1846499E+03  8.2451577E-04
  8.2035098E+03  8.1836572E-04
  8.2224297E+03  8.1509131E-04
  8.2413799E+03  8.1270171E-04
  8.2603799E+03  8.0976286E-04
  8.2794199E+03  8.0446224E-04
  8.2985098E+03  7.9532369E-04
  8.3176299E+03  7.8526232E-04
  8.3368096E+03  7.8109658E-04
  8.3560303E+03  7.7996450E-04
  8.3752900E+03  7.7188312E-04
  8.3945996E+03  7.6867064E-04
  8.4139502E+03  7.7364536E-04
  8.4333496E+03  7.7339826E-04
  8.4527900E+03  7.7237102E-04
  8.4722695E+03  9.1330206E-04
  8.4917998E+03  7.7458372E-04
  8.5113799E+03  7.3301769E-04
  8.5310000E+03  7.9247641E-04
  8.5506699E+03  8.9341478E-04
  8.5703799E+03  8.9341478E-04
  8.5901396E+03  7.4644655E-04
  8.6099404E+03  7.4644655E-04
  8.6297803E+03  7.4644655E-04
  8.6496699E+03  7.4644655E-04
  8.6696201E+03  7.4644655E-04
  8.6895996E+03  5.9576984E-04
  8.7096299E+03  6.6989340E-04
  8.7297100E+03  6.5327802E-04
  8.7498398E+03  6.3698593E-04
  8.7700000E+03  6.3698593E-04
  8.7902305E+03  6.3698593E-04
  8.8104902E+03  5.7204359E-04
  8.8307998E+03  5.7204359E-04
  8.8511504E+03  6.0945138E-04
  8.8715596E+03  6.0945138E-04
  8.8920098E+03  6.1083573E-04
  8.9125098E+03  6.1083573E-04
  8.9330498E+03  6.1083573E-04
  8.9536504E+03  6.1083573E-04
  8.9742803E+03  9.3603076E-04
  8.9949805E+03  6.9145876E-04
  9.0157100E+03  6.8385614E-04
  9.0364902E+03  8.0354197E-04
  9.0573301E+03  6.8385614E-04
  9.0782002E+03  6.8385614E-04
  9.0991299E+03  6.8385614E-04
  9.1200996E+03  6.6733756E-04
  9.1411299E+03  6.6733756E-04
  9.1622002E+03  7.4026815E-04
  9.1833203E+03  9.1864384E-04
  9.2045000E+03  5.9535989E-04
  9.2257100E+03  7.2085345E-04
  9.2469805E+03  5.6571176E-04
  9.2682998E+03  5.6571176E-04
  9.2896602E+03  6.5890182E-04
  9.3110801E+03  6.5751211E-04
  9.3325400E+03  6.5383053E-04
  9.3540596E+03  5.9241970E-04
  9.3756201E+03  5.9241970E-04
  9.3972305E+03  7.2650518E-04
  9.4189004E+03  7.2650518E-04
  9.4406104E+03  5.9241970E-04
  9.4623701E+03  6.3141499E-04
  9.4841797E+03  6.2898011E-04
  9.5060498E+03  5.2257138E-04
  9.5279600E+03  6.0993404E-04
  9.5499199E+03  5.6425022E-04
  9.5719404E+03  6.0519943E-04
  9.5940000E+03  6.1046192E-04
  9.6161201E+03  6.0565874E-04
  9.6382900E+03  6.0169084E-04
  9.6605098E+03  5.9737958E-04
  9.6827695E+03  3.4614172E-04
  9.7050996E+03  5.9344573E-04
  9.7274697E+03  4.5640275E-04
  9.7498896E+03  4.0654081E-04
  9.7723701E+03  4.5640275E-04
  9.7949004E+03  4.5640275E-04
  9.8174805E+03  4.9375632E-04
  9.8401104E+03  5.0632306E-04
  9.8627900E+03  5.0938484E-04
  9.8855303E+03  5.2259630E-04
  9.9083203E+03  5.2286522E-04
  9.9311602E+03  5.0938484E-04
  9.9540498E+03  5.4574705E-04
  9.9770000E+03  5.4574705E-04
  1.0000000E+04  4.3765185E-04
  1.0000000E+04  4.3765185E-04
  1.0115800E+04  4.6317873E-04
  1.0232940E+04  5.2303058E-04
  1.0351420E+04  5.0690991E-04
  1.0471290E+04  4.9132336E-04
  1.0592540E+04  4.3328470E-04
  1.0715200E+04  4.6700603E-04
  1.0839270E+04  4.5649847E-04
  1.0964780E+04  3.5058253E-04
  1.1091750E+04  3.9893953E-04
  1.1220190E+04  4.2909465E-04
  1.1350100E+04  4.1271630E-04
  1.1481540E+04  5.0251221E-04
  1.1614490E+04  3.6426910E-04
  1.1748980E+04  3.3322786E-04
  1.1885020E+04  3.0922165E-04
  1.2022640E+04  2.6689845E-04
  1.2161860E+04  2.9477119E-04
  1.2302690E+04  2.5936114E-04
  1.2445140E+04  2.2626549E-04
  1.2589250E+04  2.5297210E-04
  1.2735030E+04  1.9167863E-04
  1.2882500E+04  3.0518812E-04
  1.3031660E+04  2.9852428E-04
  1.3182560E+04  2.9020468E-04
  1.3335210E+04  2.8342591E-04
  1.3489630E+04  2.7705144E-04
  1.3645840E+04  2.6845318E-04
  1.3803840E+04  2.6309458E-04
  1.3963680E+04  2.5741017E-04
  1.4125380E+04  2.4979320E-04
  1.4288950E+04  2.4341805E-04
  1.4454390E+04  2.3778684E-04
  1.4621770E+04  1.4380965E-04
  1.4791090E+04  2.0026222E-04
  1.4962360E+04  1.7045082E-04
  1.5135610E+04  2.1758495E-04
  1.5310870E+04  1.9009251E-04
  1.5488170E+04  2.1078787E-04
  1.5667520E+04  2.0360113E-04
  1.5848920E+04  1.9471200E-04
  1.6032450E+04  1.9313511E-04
  1.6218100E+04  1.8790153E-04
  1.6405900E+04  1.8114630E-04
  1.6595859E+04  1.7731509E-04
  1.6788039E+04  1.6926276E-04
  1.6982439E+04  1.6512217E-04
  1.7179090E+04  1.5871049E-04
  1.7378000E+04  1.4986671E-04
  1.7579230E+04  1.4668990E-04
  1.7782789E+04  1.4116874E-04
  1.7988711E+04  1.3603676E-04
  1.8197020E+04  1.2955251E-04
  1.8407711E+04  1.2537951E-04
  1.8620869E+04  1.2032560E-04
  1.8836490E+04  1.1565978E-04
  1.9054619E+04  1.1199721E-04
  1.9275240E+04  1.0738441E-04
  1.9498439E+04  1.0205412E-04
  1.9724230E+04  9.8964534E-05
  1.9952631E+04  9.5331437E-05
  2.0183660E+04  9.2199458E-05
  2.0417381E+04  8.8555214E-05
  2.0653801E+04  8.4940970E-05
  2.0892971E+04  8.1654238E-05
  2.1134881E+04  7.8619836E-05
  2.1379619E+04  7.5806987E-05
  2.1627189E+04  7.1842340E-05
  2.1877619E+04  6.9775168E-05
  2.2130939E+04  6.7126617E-05
  2.2387211E+04  6.4365391E-05
  2.2646439E+04  6.1770828E-05
  2.2908680E+04  5.5835029E-05
  2.3173930E+04  5.3439027E-05
  2.3442279E+04  5.0927803E-05
  2.3713740E+04  4.7815611E-05
  2.3988340E+04  4.5338082E-05
  2.4266109E+04  4.3293112E-05
  2.4547080E+04  4.0760813E-05
  2.4831330E+04  3.8916191E-05
  2.5118869E+04  3.8090591E-05
  2.5409740E+04  3.7575595E-05
  2.5703949E+04  3.6413796E-05
  2.6001590E+04  3.5096651E-05
  2.6302680E+04  3.3620501E-05
  2.6607260E+04  3.2479304E-05
  2.6915340E+04  3.1618369E-05
  2.7227010E+04  3.0822190E-05
  2.7542289E+04  2.9546511E-05
  2.7861221E+04  2.8618095E-05
  2.8183820E+04  2.7545193E-05
  2.8510180E+04  2.6589885E-05
  2.8840320E+04  2.5543895E-05
  2.9174279E+04  2.4585113E-05
  2.9512080E+04  2.3594788E-05
  2.9853820E+04  2.2685192E-05
  3.0199520E+04  2.2190208E-05
  3.0549221E+04  2.1470891E-05
  3.0902939E+04  2.0869997E-05
  3.1260789E+04  2.0324111E-05
  3.1622779E+04  2.0005893E-05
  3.1988961E+04  2.2561393E-05
  3.2359350E+04  3.4342011E-05
  3.2734061E+04  5.4138200E-05
  3.3113109E+04  5.9516216E-05
  3.3496551E+04  4.0203315E-05
  3.3884430E+04  2.2297007E-05
  3.4276770E+04  1.6345293E-05
  3.4673680E+04  1.5145398E-05
  3.5075199E+04  1.4618993E-05
  3.5481359E+04  1.4087896E-05
  3.5892180E+04  1.3556105E-05
  3.6307801E+04  1.3121999E-05
  3.6728230E+04  1.2618104E-05
  3.7153539E+04  1.2128883E-05
  3.7583719E+04  1.1667402E-05
  3.8018930E+04  1.1291498E-05
  3.8459180E+04  1.0948096E-05
  3.8904531E+04  1.0547696E-05
  3.9354988E+04  1.0192087E-05
  3.9810711E+04  9.7966031E-06
  4.0271711E+04  9.5174973E-06
  4.0738039E+04  9.1945012E-06
  4.1209730E+04  8.9154028E-06
  4.1686930E+04  8.5996007E-06
  4.2169648E+04  8.3394025E-06
  4.2657961E+04  8.1019016E-06
  4.3151879E+04  7.3838000E-06
  4.3651570E+04  7.0031974E-06
  4.4157039E+04  6.6410903E-06
  4.4668371E+04  6.4103033E-06
  4.5185621E+04  6.2624031E-06
  4.5708801E+04  6.1987012E-06
  4.6238102E+04  6.0703019E-06
  4.6773520E+04  6.0133984E-06
  4.7315148E+04  5.9560994E-06
  4.7862988E+04  5.8659029E-06
  4.8417230E+04  5.8148980E-06
  4.8977891E+04  5.7232000E-06
  4.9545039E+04  5.6486979E-06
  5.0118699E+04  5.5836013E-06
  5.0699059E+04  5.5017026E-06
  5.1286141E+04  5.4305010E-06
  5.1880020E+04  5.3751023E-06
  5.2480719E+04  5.3122017E-06
  5.3088430E+04  5.2345026E-06
  5.3703180E+04  5.1887996E-06
  5.4325051E+04  5.1411926E-06
  5.4954059E+04  5.1029001E-06
  5.5590410E+04  5.0734980E-06
  5.6234129E+04  5.0528015E-06
  5.6885309E+04  5.0408930E-06
  5.7543961E+04  5.0377007E-06
  5.8210301E+04  5.0431963E-06
  5.8884359E+04  5.0571025E-06
  5.9566230E+04  5.0799972E-06
  6.0255988E+04  5.5205937E-06
  6.0953672E+04  6.6159018E-06
  6.1659500E+04  1.0973585E-05
  6.2373500E+04  1.7159107E-05
  6.3095762E+04  1.2462999E-05
  6.3826320E+04  7.9614974E-06
  6.4565410E+04  6.0226025E-06
  6.5313059E+04  5.1403008E-06
  6.6069367E+04  5.4185002E-06
  6.6834359E+04  5.4978018E-06
  6.7608289E+04  5.4730003E-06
  6.8391172E+04  5.2363994E-06
  6.9183117E+04  5.9510007E-06
  6.9984156E+04  7.0565011E-06
  7.0794562E+04  6.3714015E-06
  7.1614344E+04  6.8366994E-06
  7.2443617E+04  7.1321970E-06
  7.3282406E+04  8.1545022E-06
  7.4131008E+04  9.8708970E-06
  7.4989422E+04  1.2801299E-05
  7.5857781E+04  1.5393704E-05
  7.6736102E+04  1.6674197E-05
  7.7624688E+04  1.5585694E-05
  7.8523562E+04  1.4812799E-05
  7.9432844E+04  1.2623994E-05
  8.0352648E+04  9.8039955E-06
  8.1283023E+04  8.1890003E-06
  8.2224258E+04  7.0750893E-06
  8.3176391E+04  6.8564927E-06
  8.4139547E+04  6.8083991E-06
  8.5113773E+04  7.1552017E-06
  8.6099367E+04  7.8922021E-06
  8.7096367E+04  7.1497989E-06
  8.8104922E+04  5.0343001E-06
  8.9125047E+04  3.6616982E-06
  9.0157102E+04  2.8828983E-06
  9.1201094E+04  2.3544997E-06
  9.2257172E+04  2.1306996E-06
  9.3325383E+04  2.1080002E-06
  9.4406070E+04  2.0682987E-06
  9.5499273E+04  1.8874008E-06
  9.6605117E+04  2.0235002E-06
  9.7723672E+04  1.9478009E-06
  9.8855281E+04  1.6809986E-06
  1.0000000E+05  1.5188995E-06
  1.0115797E+05  1.5999005E-06
  1.0232924E+05  1.6196997E-06
  1.0351419E+05  1.6309996E-06
  1.0471285E+05  1.8471002E-06
  1.0592540E+05  2.3119981E-06
  1.0715198E+05  2.2976999E-06
  1.0839266E+05  2.3890007E-06
  1.0964781E+05  2.9650960E-06
  1.1091750E+05  4.0821947E-06
  1.1220190E+05  7.3206902E-06
  1.1350104E+05  8.1185981E-06
  1.1481534E+05  5.5798014E-06
  1.1614488E+05  4.0523996E-06
  1.1748980E+05  3.4979009E-06
  1.1885017E+05  3.5237003E-06
  1.2022642E+05  3.7968998E-06
  1.2161861E+05  3.6119018E-06
  1.2302692E+05  3.9080956E-06
  1.2445140E+05  4.1773019E-06
  1.2589252E+05  4.6799000E-06
  1.2735031E+05  5.9490999E-06
  1.2882499E+05  5.2252003E-06
  1.3031661E+05  3.1710986E-06
  1.3182564E+05  2.8269012E-06
  1.3335214E+05  2.7828999E-06
  1.3489633E+05  2.7255992E-06
  1.3645823E+05  2.7883991E-06
  1.3803839E+05  2.5085990E-06
  1.3963683E+05  2.5121988E-06
  1.4125378E+05  2.5461013E-06
  1.4288947E+05  2.5451006E-06
  1.4454392E+05  2.5387988E-06
  1.4621770E+05  2.5325012E-06
  1.4791086E+05  2.5263996E-06
  1.4962362E+05  2.5202962E-06
  1.5135606E+05  2.5135976E-06
  1.5310872E+05  2.5066963E-06
  1.5488169E+05  2.4998992E-06
  1.5667517E+05  2.4932001E-06
  1.5848925E+05  2.4866963E-06
  1.6032452E+05  2.4794986E-06
  1.6218103E+05  2.4692999E-06
  1.6405903E+05  2.4591970E-06
  1.6595861E+05  2.4492001E-06
  1.6788036E+05  2.4392973E-06
  1.6982438E+05  2.4295011E-06
  1.7179089E+05  2.4190008E-06
  1.7377998E+05  2.4085007E-06
  1.7579231E+05  2.3981988E-06
  1.7782794E+05  2.3878993E-06
  1.7988714E+05  2.3777013E-06
  1.8196998E+05  2.3651980E-06
  1.8407714E+05  2.3523007E-06
  1.8620870E+05  2.3391992E-06
  1.8836495E+05  2.3259993E-06
  1.9054595E+05  2.3128994E-06
  1.9275242E+05  2.3002999E-06
  1.9498444E+05  2.2875004E-06
  1.9724231E+05  2.2744998E-06
  1.9952631E+05  2.2613995E-06
